[1.175s] Invoking command in '/home/za1van/ros2_ws/src/my_service_client': AMENT_PREFIX_PATH=/home/za1van/ros2_ws/install/my_service_interfaces:${AMENT_PREFIX_PATH} CMAKE_PREFIX_PATH=/home/za1van/ros2_ws/install/my_service_interfaces:${CMAKE_PREFIX_PATH} DEBUGINFOD_URLS=https://debuginfod.ubuntu.com LD_LIBRARY_PATH=/home/za1van/ros2_ws/install/my_service_interfaces/lib:${LD_LIBRARY_PATH} PYTHONPATH=/home/za1van/ros2_ws/build/my_service_client/prefix_override:/usr/lib/python3/dist-packages/colcon_core/task/python/colcon_distutils_commands:/home/za1van/ros2_ws/install/my_service_client/lib/python3.12/site-packages:/home/za1van/ros2_ws/install/my_service_interfaces/lib/python3.12/site-packages:${PYTHONPATH} /usr/bin/python3 -W ignore:setup.py install is deprecated -W ignore:easy_install command is deprecated setup.py egg_info --egg-base ../../build/my_service_client build --build-base /home/za1van/ros2_ws/build/my_service_client/build install --record /home/za1van/ros2_ws/build/my_service_client/install.log --single-version-externally-managed install_data
[1.550s] running egg_info
[1.551s] creating ../../build/my_service_client/my_service_client.egg-info
[1.582s] writing ../../build/my_service_client/my_service_client.egg-info/PKG-INFO
[1.582s] writing dependency_links to ../../build/my_service_client/my_service_client.egg-info/dependency_links.txt
[1.582s] writing entry points to ../../build/my_service_client/my_service_client.egg-info/entry_points.txt
[1.582s] writing requirements to ../../build/my_service_client/my_service_client.egg-info/requires.txt
[1.583s] writing top-level names to ../../build/my_service_client/my_service_client.egg-info/top_level.txt
[1.583s] writing manifest file '../../build/my_service_client/my_service_client.egg-info/SOURCES.txt'
[1.646s] reading manifest file '../../build/my_service_client/my_service_client.egg-info/SOURCES.txt'
[1.647s] writing manifest file '../../build/my_service_client/my_service_client.egg-info/SOURCES.txt'
[1.647s] running build
[1.647s] running build_py
[1.648s] creating /home/za1van/ros2_ws/build/my_service_client/build
[1.648s] creating /home/za1van/ros2_ws/build/my_service_client/build/lib
[1.648s] creating /home/za1van/ros2_ws/build/my_service_client/build/lib/my_service_client
[1.648s] copying my_service_client/__init__.py -> /home/za1van/ros2_ws/build/my_service_client/build/lib/my_service_client
[1.648s] copying my_service_client/client_node.py -> /home/za1van/ros2_ws/build/my_service_client/build/lib/my_service_client
[1.649s] running install
[1.657s] running install_lib
[1.688s] creating /home/za1van/ros2_ws/install/my_service_client/lib/python3.12/site-packages/my_service_client
[1.688s] copying /home/za1van/ros2_ws/build/my_service_client/build/lib/my_service_client/__init__.py -> /home/za1van/ros2_ws/install/my_service_client/lib/python3.12/site-packages/my_service_client
[1.689s] copying /home/za1van/ros2_ws/build/my_service_client/build/lib/my_service_client/client_node.py -> /home/za1van/ros2_ws/install/my_service_client/lib/python3.12/site-packages/my_service_client
[1.689s] byte-compiling /home/za1van/ros2_ws/install/my_service_client/lib/python3.12/site-packages/my_service_client/__init__.py to __init__.cpython-312.pyc
[1.689s] byte-compiling /home/za1van/ros2_ws/install/my_service_client/lib/python3.12/site-packages/my_service_client/client_node.py to client_node.cpython-312.pyc
[1.691s] running install_data
[1.691s] creating /home/za1van/ros2_ws/install/my_service_client/share/ament_index
[1.691s] creating /home/za1van/ros2_ws/install/my_service_client/share/ament_index/resource_index
[1.691s] creating /home/za1van/ros2_ws/install/my_service_client/share/ament_index/resource_index/packages
[1.691s] copying resource/my_service_client -> /home/za1van/ros2_ws/install/my_service_client/share/ament_index/resource_index/packages
[1.692s] copying package.xml -> /home/za1van/ros2_ws/install/my_service_client/share/my_service_client
[1.692s] running install_egg_info
[1.726s] Copying ../../build/my_service_client/my_service_client.egg-info to /home/za1van/ros2_ws/install/my_service_client/lib/python3.12/site-packages/my_service_client-0.0.0-py3.12.egg-info
[1.727s] running install_scripts
[1.923s] Installing velocity_client script to /home/za1van/ros2_ws/install/my_service_client/lib/my_service_client
[1.924s] writing list of installed files to '/home/za1van/ros2_ws/build/my_service_client/install.log'
[1.962s] Invoked command in '/home/za1van/ros2_ws/src/my_service_client' returned '0': AMENT_PREFIX_PATH=/home/za1van/ros2_ws/install/my_service_interfaces:${AMENT_PREFIX_PATH} CMAKE_PREFIX_PATH=/home/za1van/ros2_ws/install/my_service_interfaces:${CMAKE_PREFIX_PATH} DEBUGINFOD_URLS=https://debuginfod.ubuntu.com LD_LIBRARY_PATH=/home/za1van/ros2_ws/install/my_service_interfaces/lib:${LD_LIBRARY_PATH} PYTHONPATH=/home/za1van/ros2_ws/build/my_service_client/prefix_override:/usr/lib/python3/dist-packages/colcon_core/task/python/colcon_distutils_commands:/home/za1van/ros2_ws/install/my_service_client/lib/python3.12/site-packages:/home/za1van/ros2_ws/install/my_service_interfaces/lib/python3.12/site-packages:${PYTHONPATH} /usr/bin/python3 -W ignore:setup.py install is deprecated -W ignore:easy_install command is deprecated setup.py egg_info --egg-base ../../build/my_service_client build --build-base /home/za1van/ros2_ws/build/my_service_client/build install --record /home/za1van/ros2_ws/build/my_service_client/install.log --single-version-externally-managed install_data
