[4.158s] Invoking command in '/home/za1van/ros2_ws/src/my_turtle_controller': DEBUGINFOD_URLS=https://debuginfod.ubuntu.com PYTHONPATH=/home/za1van/ros2_ws/src/build/my_turtle_controller/prefix_override:/usr/lib/python3/dist-packages/colcon_core/task/python/colcon_distutils_commands:/home/za1van/ros2_ws/src/install/my_turtle_controller/lib/python3.12/site-packages:${PYTHONPATH} /usr/bin/python3 -W ignore:setup.py install is deprecated -W ignore:easy_install command is deprecated setup.py egg_info --egg-base ../build/my_turtle_controller build --build-base /home/za1van/ros2_ws/src/build/my_turtle_controller/build install --record /home/za1van/ros2_ws/src/build/my_turtle_controller/install.log --single-version-externally-managed install_data
[5.299s] running egg_info
[5.353s] writing ../build/my_turtle_controller/my_turtle_controller.egg-info/PKG-INFO
[5.354s] writing dependency_links to ../build/my_turtle_controller/my_turtle_controller.egg-info/dependency_links.txt
[5.354s] writing entry points to ../build/my_turtle_controller/my_turtle_controller.egg-info/entry_points.txt
[5.356s] writing requirements to ../build/my_turtle_controller/my_turtle_controller.egg-info/requires.txt
[5.357s] writing top-level names to ../build/my_turtle_controller/my_turtle_controller.egg-info/top_level.txt
[5.464s] reading manifest file '../build/my_turtle_controller/my_turtle_controller.egg-info/SOURCES.txt'
[5.465s] writing manifest file '../build/my_turtle_controller/my_turtle_controller.egg-info/SOURCES.txt'
[5.467s] running build
[5.467s] running build_py
[5.467s] running install
[5.483s] running install_lib
[5.540s] running install_data
[5.540s] running install_egg_info
[5.597s] removing '/home/za1van/ros2_ws/src/install/my_turtle_controller/lib/python3.12/site-packages/my_turtle_controller-0.0.0-py3.12.egg-info' (and everything under it)
[5.599s] Copying ../build/my_turtle_controller/my_turtle_controller.egg-info to /home/za1van/ros2_ws/src/install/my_turtle_controller/lib/python3.12/site-packages/my_turtle_controller-0.0.0-py3.12.egg-info
[5.599s] running install_scripts
[6.018s] Installing turtle_figure8 script to /home/za1van/ros2_ws/src/install/my_turtle_controller/lib/my_turtle_controller
[6.021s] Installing turtle_follower_spawner script to /home/za1van/ros2_ws/src/install/my_turtle_controller/lib/my_turtle_controller
[6.022s] Installing turtle_mover script to /home/za1van/ros2_ws/src/install/my_turtle_controller/lib/my_turtle_controller
[6.025s] Installing turtle_pose_follower script to /home/za1van/ros2_ws/src/install/my_turtle_controller/lib/my_turtle_controller
[6.025s] writing list of installed files to '/home/za1van/ros2_ws/src/build/my_turtle_controller/install.log'
[6.121s] Invoked command in '/home/za1van/ros2_ws/src/my_turtle_controller' returned '0': DEBUGINFOD_URLS=https://debuginfod.ubuntu.com PYTHONPATH=/home/za1van/ros2_ws/src/build/my_turtle_controller/prefix_override:/usr/lib/python3/dist-packages/colcon_core/task/python/colcon_distutils_commands:/home/za1van/ros2_ws/src/install/my_turtle_controller/lib/python3.12/site-packages:${PYTHONPATH} /usr/bin/python3 -W ignore:setup.py install is deprecated -W ignore:easy_install command is deprecated setup.py egg_info --egg-base ../build/my_turtle_controller build --build-base /home/za1van/ros2_ws/src/build/my_turtle_controller/build install --record /home/za1van/ros2_ws/src/build/my_turtle_controller/install.log --single-version-externally-managed install_data
