running egg_info
writing ../build/my_calculate_action/my_calculate_action.egg-info/PKG-INFO
writing dependency_links to ../build/my_calculate_action/my_calculate_action.egg-info/dependency_links.txt
writing entry points to ../build/my_calculate_action/my_calculate_action.egg-info/entry_points.txt
writing requirements to ../build/my_calculate_action/my_calculate_action.egg-info/requires.txt
writing top-level names to ../build/my_calculate_action/my_calculate_action.egg-info/top_level.txt
reading manifest file '../build/my_calculate_action/my_calculate_action.egg-info/SOURCES.txt'
writing manifest file '../build/my_calculate_action/my_calculate_action.egg-info/SOURCES.txt'
running build
running build_py
running install
running install_lib
running install_data
running install_egg_info
removing '/home/za1van/ros2_ws/src/install/my_calculate_action/lib/python3.12/site-packages/my_calculate_action-0.0.0-py3.12.egg-info' (and everything under it)
Copying ../build/my_calculate_action/my_calculate_action.egg-info to /home/za1van/ros2_ws/src/install/my_calculate_action/lib/python3.12/site-packages/my_calculate_action-0.0.0-py3.12.egg-info
running install_scripts
Installing calculate_action_client script to /home/za1van/ros2_ws/src/install/my_calculate_action/lib/my_calculate_action
Installing calculate_action_server script to /home/za1van/ros2_ws/src/install/my_calculate_action/lib/my_calculate_action
Installing number_publisher script to /home/za1van/ros2_ws/src/install/my_calculate_action/lib/my_calculate_action
writing list of installed files to '/home/za1van/ros2_ws/src/build/my_calculate_action/install.log'
