[0.030s] Invoking command in '/home/za1van/ros2_ws/build/my_action_interface': CMAKE_PREFIX_PATH=${CMAKE_PREFIX_PATH}:/opt/ros/jazzy DEBUGINFOD_URLS=https://debuginfod.ubuntu.com /usr/bin/cmake --build /home/za1van/ros2_ws/build/my_action_interface -- -j4 -l4
[0.672s] [  2%] Built target my_action_interface__rosidl_generator_type_description
[0.672s] [  2%] Built target ament_cmake_python_copy_my_action_interface
[0.673s] [  4%] Built target my_action_interface__cpp
[0.673s] [ 22%] Built target my_action_interface__rosidl_generator_c
[0.673s] [ 31%] Built target my_action_interface__rosidl_typesupport_c
[0.673s] [ 40%] Built target my_action_interface__rosidl_typesupport_fastrtps_c
[0.673s] [ 50%] Built target my_action_interface__rosidl_typesupport_introspection_c
[0.673s] [ 59%] Built target my_action_interface__rosidl_typesupport_introspection_cpp
[0.674s] [ 68%] Built target my_action_interface__rosidl_typesupport_cpp
[0.674s] [ 77%] Built target my_action_interface__rosidl_typesupport_fastrtps_cpp
[0.674s] [ 77%] Built target my_action_interface
[0.674s] [ 79%] Built target my_action_interface__py
[0.675s] [ 86%] Built target my_action_interface__rosidl_generator_py
[0.675s] [ 90%] Built target my_action_interface_s__rosidl_typesupport_fastrtps_c
[0.675s] [ 95%] Built target my_action_interface_s__rosidl_typesupport_introspection_c
[0.675s] [100%] Built target my_action_interface_s__rosidl_typesupport_c
[0.802s] running egg_info
[0.862s] writing my_action_interface.egg-info/PKG-INFO
[0.863s] writing dependency_links to my_action_interface.egg-info/dependency_links.txt
[0.863s] writing top-level names to my_action_interface.egg-info/top_level.txt
[1.006s] reading manifest file 'my_action_interface.egg-info/SOURCES.txt'
[1.008s] writing manifest file 'my_action_interface.egg-info/SOURCES.txt'
[1.054s] [100%] Built target ament_cmake_python_build_my_action_interface_egg
[1.155s] Invoked command in '/home/za1van/ros2_ws/build/my_action_interface' returned '0': CMAKE_PREFIX_PATH=${CMAKE_PREFIX_PATH}:/opt/ros/jazzy DEBUGINFOD_URLS=https://debuginfod.ubuntu.com /usr/bin/cmake --build /home/za1van/ros2_ws/build/my_action_interface -- -j4 -l4
[1.160s] Invoking command in '/home/za1van/ros2_ws/build/my_action_interface': CMAKE_PREFIX_PATH=${CMAKE_PREFIX_PATH}:/opt/ros/jazzy DEBUGINFOD_URLS=https://debuginfod.ubuntu.com /usr/bin/cmake --install /home/za1van/ros2_ws/build/my_action_interface
[1.181s] -- Install configuration: ""
[1.181s] -- Up-to-date: /home/za1van/ros2_ws/install/my_action_interface/share/ament_index/resource_index/rosidl_interfaces/my_action_interface
[1.181s] -- Up-to-date: /home/za1van/ros2_ws/install/my_action_interface/share/my_action_interface/action/SummCalculate.json
[1.182s] -- Up-to-date: /home/za1van/ros2_ws/install/my_action_interface/share/my_action_interface/action/MoveTo.json
[1.182s] -- Up-to-date: /home/za1van/ros2_ws/install/my_action_interface/include/my_action_interface/my_action_interface
[1.182s] -- Up-to-date: /home/za1van/ros2_ws/install/my_action_interface/include/my_action_interface/my_action_interface/action
[1.182s] -- Up-to-date: /home/za1van/ros2_ws/install/my_action_interface/include/my_action_interface/my_action_interface/action/move_to.h
[1.182s] -- Up-to-date: /home/za1van/ros2_ws/install/my_action_interface/include/my_action_interface/my_action_interface/action/summ_calculate.h
[1.182s] -- Up-to-date: /home/za1van/ros2_ws/install/my_action_interface/include/my_action_interface/my_action_interface/action/detail
[1.182s] -- Up-to-date: /home/za1van/ros2_ws/install/my_action_interface/include/my_action_interface/my_action_interface/action/detail/move_to__functions.h
[1.183s] -- Up-to-date: /home/za1van/ros2_ws/install/my_action_interface/include/my_action_interface/my_action_interface/action/detail/summ_calculate__type_support.h
[1.183s] -- Up-to-date: /home/za1van/ros2_ws/install/my_action_interface/include/my_action_interface/my_action_interface/action/detail/summ_calculate__struct.h
[1.183s] -- Installing: /home/za1van/ros2_ws/install/my_action_interface/include/my_action_interface/my_action_interface/action/detail/summ_calculate__type_support.c
[1.183s] -- Up-to-date: /home/za1van/ros2_ws/install/my_action_interface/include/my_action_interface/my_action_interface/action/detail/move_to__struct.h
[1.184s] -- Up-to-date: /home/za1van/ros2_ws/install/my_action_interface/include/my_action_interface/my_action_interface/action/detail/summ_calculate__functions.c
[1.184s] -- Installing: /home/za1van/ros2_ws/install/my_action_interface/include/my_action_interface/my_action_interface/action/detail/move_to__type_support.c
[1.184s] -- Up-to-date: /home/za1van/ros2_ws/install/my_action_interface/include/my_action_interface/my_action_interface/action/detail/move_to__functions.c
[1.184s] -- Up-to-date: /home/za1van/ros2_ws/install/my_action_interface/include/my_action_interface/my_action_interface/action/detail/summ_calculate__functions.h
[1.184s] -- Up-to-date: /home/za1van/ros2_ws/install/my_action_interface/include/my_action_interface/my_action_interface/action/detail/summ_calculate__description.c
[1.184s] -- Up-to-date: /home/za1van/ros2_ws/install/my_action_interface/include/my_action_interface/my_action_interface/action/detail/move_to__type_support.h
[1.185s] -- Up-to-date: /home/za1van/ros2_ws/install/my_action_interface/include/my_action_interface/my_action_interface/action/detail/move_to__description.c
[1.185s] -- Up-to-date: /home/za1van/ros2_ws/install/my_action_interface/include/my_action_interface/my_action_interface/msg
[1.185s] -- Up-to-date: /home/za1van/ros2_ws/install/my_action_interface/include/my_action_interface/my_action_interface/msg/rosidl_generator_c__visibility_control.h
[1.185s] -- Up-to-date: /home/za1van/ros2_ws/install/my_action_interface/share/my_action_interface/environment/library_path.sh
[1.185s] -- Up-to-date: /home/za1van/ros2_ws/install/my_action_interface/share/my_action_interface/environment/library_path.dsv
[1.186s] -- Up-to-date: /home/za1van/ros2_ws/install/my_action_interface/lib/libmy_action_interface__rosidl_generator_c.so
[1.186s] -- Up-to-date: /home/za1van/ros2_ws/install/my_action_interface/include/my_action_interface/my_action_interface
[1.186s] -- Up-to-date: /home/za1van/ros2_ws/install/my_action_interface/include/my_action_interface/my_action_interface/action
[1.186s] -- Up-to-date: /home/za1van/ros2_ws/install/my_action_interface/include/my_action_interface/my_action_interface/action/detail
[1.186s] -- Up-to-date: /home/za1van/ros2_ws/install/my_action_interface/include/my_action_interface/my_action_interface/action/detail/move_to__rosidl_typesupport_fastrtps_c.h
[1.187s] -- Up-to-date: /home/za1van/ros2_ws/install/my_action_interface/include/my_action_interface/my_action_interface/action/detail/summ_calculate__rosidl_typesupport_fastrtps_c.h
[1.187s] -- Up-to-date: /home/za1van/ros2_ws/install/my_action_interface/include/my_action_interface/my_action_interface/msg
[1.187s] -- Up-to-date: /home/za1van/ros2_ws/install/my_action_interface/include/my_action_interface/my_action_interface/msg/rosidl_typesupport_fastrtps_c__visibility_control.h
[1.188s] -- Up-to-date: /home/za1van/ros2_ws/install/my_action_interface/lib/libmy_action_interface__rosidl_typesupport_fastrtps_c.so
[1.188s] -- Up-to-date: /home/za1van/ros2_ws/install/my_action_interface/include/my_action_interface/my_action_interface
[1.188s] -- Up-to-date: /home/za1van/ros2_ws/install/my_action_interface/include/my_action_interface/my_action_interface/action
[1.188s] -- Up-to-date: /home/za1van/ros2_ws/install/my_action_interface/include/my_action_interface/my_action_interface/action/detail
[1.189s] -- Up-to-date: /home/za1van/ros2_ws/install/my_action_interface/include/my_action_interface/my_action_interface/action/detail/summ_calculate__rosidl_typesupport_introspection_c.h
[1.189s] -- Installing: /home/za1van/ros2_ws/install/my_action_interface/include/my_action_interface/my_action_interface/action/detail/summ_calculate__type_support.c
[1.191s] -- Up-to-date: /home/za1van/ros2_ws/install/my_action_interface/include/my_action_interface/my_action_interface/action/detail/move_to__rosidl_typesupport_introspection_c.h
[1.192s] -- Installing: /home/za1van/ros2_ws/install/my_action_interface/include/my_action_interface/my_action_interface/action/detail/move_to__type_support.c
[1.192s] -- Up-to-date: /home/za1van/ros2_ws/install/my_action_interface/include/my_action_interface/my_action_interface/msg
[1.192s] -- Up-to-date: /home/za1van/ros2_ws/install/my_action_interface/include/my_action_interface/my_action_interface/msg/rosidl_typesupport_introspection_c__visibility_control.h
[1.192s] -- Up-to-date: /home/za1van/ros2_ws/install/my_action_interface/lib/libmy_action_interface__rosidl_typesupport_introspection_c.so
[1.195s] -- Up-to-date: /home/za1van/ros2_ws/install/my_action_interface/lib/libmy_action_interface__rosidl_typesupport_c.so
[1.196s] -- Up-to-date: /home/za1van/ros2_ws/install/my_action_interface/include/my_action_interface/my_action_interface
[1.196s] -- Up-to-date: /home/za1van/ros2_ws/install/my_action_interface/include/my_action_interface/my_action_interface/action
[1.196s] -- Up-to-date: /home/za1van/ros2_ws/install/my_action_interface/include/my_action_interface/my_action_interface/action/move_to.hpp
[1.197s] -- Up-to-date: /home/za1van/ros2_ws/install/my_action_interface/include/my_action_interface/my_action_interface/action/summ_calculate.hpp
[1.197s] -- Up-to-date: /home/za1van/ros2_ws/install/my_action_interface/include/my_action_interface/my_action_interface/action/detail
[1.197s] -- Up-to-date: /home/za1van/ros2_ws/install/my_action_interface/include/my_action_interface/my_action_interface/action/detail/move_to__traits.hpp
[1.197s] -- Up-to-date: /home/za1van/ros2_ws/install/my_action_interface/include/my_action_interface/my_action_interface/action/detail/summ_calculate__struct.hpp
[1.197s] -- Up-to-date: /home/za1van/ros2_ws/install/my_action_interface/include/my_action_interface/my_action_interface/action/detail/summ_calculate__traits.hpp
[1.198s] -- Up-to-date: /home/za1van/ros2_ws/install/my_action_interface/include/my_action_interface/my_action_interface/action/detail/summ_calculate__builder.hpp
[1.200s] -- Up-to-date: /home/za1van/ros2_ws/install/my_action_interface/include/my_action_interface/my_action_interface/action/detail/summ_calculate__type_support.hpp
[1.200s] -- Up-to-date: /home/za1van/ros2_ws/install/my_action_interface/include/my_action_interface/my_action_interface/action/detail/move_to__builder.hpp
[1.201s] -- Up-to-date: /home/za1van/ros2_ws/install/my_action_interface/include/my_action_interface/my_action_interface/action/detail/move_to__struct.hpp
[1.201s] -- Up-to-date: /home/za1van/ros2_ws/install/my_action_interface/include/my_action_interface/my_action_interface/action/detail/move_to__type_support.hpp
[1.201s] -- Up-to-date: /home/za1van/ros2_ws/install/my_action_interface/include/my_action_interface/my_action_interface/msg
[1.201s] -- Up-to-date: /home/za1van/ros2_ws/install/my_action_interface/include/my_action_interface/my_action_interface/msg/rosidl_generator_cpp__visibility_control.hpp
[1.202s] -- Up-to-date: /home/za1van/ros2_ws/install/my_action_interface/include/my_action_interface/my_action_interface
[1.202s] -- Up-to-date: /home/za1van/ros2_ws/install/my_action_interface/include/my_action_interface/my_action_interface/action
[1.202s] -- Up-to-date: /home/za1van/ros2_ws/install/my_action_interface/include/my_action_interface/my_action_interface/action/detail
[1.202s] -- Up-to-date: /home/za1van/ros2_ws/install/my_action_interface/include/my_action_interface/my_action_interface/action/detail/summ_calculate__rosidl_typesupport_fastrtps_cpp.hpp
[1.202s] -- Up-to-date: /home/za1van/ros2_ws/install/my_action_interface/include/my_action_interface/my_action_interface/action/detail/dds_fastrtps
[1.203s] -- Up-to-date: /home/za1van/ros2_ws/install/my_action_interface/include/my_action_interface/my_action_interface/action/detail/move_to__rosidl_typesupport_fastrtps_cpp.hpp
[1.203s] -- Up-to-date: /home/za1van/ros2_ws/install/my_action_interface/include/my_action_interface/my_action_interface/msg
[1.203s] -- Up-to-date: /home/za1van/ros2_ws/install/my_action_interface/include/my_action_interface/my_action_interface/msg/rosidl_typesupport_fastrtps_cpp__visibility_control.h
[1.203s] -- Up-to-date: /home/za1van/ros2_ws/install/my_action_interface/lib/libmy_action_interface__rosidl_typesupport_fastrtps_cpp.so
[1.203s] -- Up-to-date: /home/za1van/ros2_ws/install/my_action_interface/include/my_action_interface/my_action_interface
[1.204s] -- Up-to-date: /home/za1van/ros2_ws/install/my_action_interface/include/my_action_interface/my_action_interface/action
[1.204s] -- Up-to-date: /home/za1van/ros2_ws/install/my_action_interface/include/my_action_interface/my_action_interface/action/detail
[1.204s] -- Up-to-date: /home/za1van/ros2_ws/install/my_action_interface/include/my_action_interface/my_action_interface/action/detail/move_to__rosidl_typesupport_introspection_cpp.hpp
[1.207s] -- Up-to-date: /home/za1van/ros2_ws/install/my_action_interface/include/my_action_interface/my_action_interface/action/detail/move_to__type_support.cpp
[1.208s] -- Up-to-date: /home/za1van/ros2_ws/install/my_action_interface/include/my_action_interface/my_action_interface/action/detail/summ_calculate__type_support.cpp
[1.208s] -- Up-to-date: /home/za1van/ros2_ws/install/my_action_interface/include/my_action_interface/my_action_interface/action/detail/summ_calculate__rosidl_typesupport_introspection_cpp.hpp
[1.208s] -- Up-to-date: /home/za1van/ros2_ws/install/my_action_interface/lib/libmy_action_interface__rosidl_typesupport_introspection_cpp.so
[1.208s] -- Up-to-date: /home/za1van/ros2_ws/install/my_action_interface/lib/libmy_action_interface__rosidl_typesupport_cpp.so
[1.209s] -- Up-to-date: /home/za1van/ros2_ws/install/my_action_interface/share/my_action_interface/environment/pythonpath.sh
[1.222s] -- Up-to-date: /home/za1van/ros2_ws/install/my_action_interface/share/my_action_interface/environment/pythonpath.dsv
[1.223s] -- Up-to-date: /home/za1van/ros2_ws/install/my_action_interface/lib/python3.12/site-packages/my_action_interface-0.0.0-py3.12.egg-info
[1.223s] -- Installing: /home/za1van/ros2_ws/install/my_action_interface/lib/python3.12/site-packages/my_action_interface-0.0.0-py3.12.egg-info/dependency_links.txt
[1.223s] -- Installing: /home/za1van/ros2_ws/install/my_action_interface/lib/python3.12/site-packages/my_action_interface-0.0.0-py3.12.egg-info/PKG-INFO
[1.225s] -- Installing: /home/za1van/ros2_ws/install/my_action_interface/lib/python3.12/site-packages/my_action_interface-0.0.0-py3.12.egg-info/top_level.txt
[1.225s] -- Installing: /home/za1van/ros2_ws/install/my_action_interface/lib/python3.12/site-packages/my_action_interface-0.0.0-py3.12.egg-info/SOURCES.txt
[1.225s] -- Up-to-date: /home/za1van/ros2_ws/install/my_action_interface/lib/python3.12/site-packages/my_action_interface
[1.225s] -- Up-to-date: /home/za1van/ros2_ws/install/my_action_interface/lib/python3.12/site-packages/my_action_interface/my_action_interface_s__rosidl_typesupport_c.so
[1.225s] -- Up-to-date: /home/za1van/ros2_ws/install/my_action_interface/lib/python3.12/site-packages/my_action_interface/_my_action_interface_s.ep.rosidl_typesupport_c.c
[1.226s] -- Up-to-date: /home/za1van/ros2_ws/install/my_action_interface/lib/python3.12/site-packages/my_action_interface/my_action_interface_s__rosidl_typesupport_fastrtps_c.so
[1.226s] -- Up-to-date: /home/za1van/ros2_ws/install/my_action_interface/lib/python3.12/site-packages/my_action_interface/_my_action_interface_s.ep.rosidl_typesupport_introspection_c.c
[1.226s] -- Up-to-date: /home/za1van/ros2_ws/install/my_action_interface/lib/python3.12/site-packages/my_action_interface/__init__.py
[1.226s] -- Up-to-date: /home/za1van/ros2_ws/install/my_action_interface/lib/python3.12/site-packages/my_action_interface/my_action_interface_s__rosidl_typesupport_introspection_c.so
[1.227s] -- Up-to-date: /home/za1van/ros2_ws/install/my_action_interface/lib/python3.12/site-packages/my_action_interface/action
[1.227s] -- Up-to-date: /home/za1van/ros2_ws/install/my_action_interface/lib/python3.12/site-packages/my_action_interface/action/_move_to.py
[1.227s] -- Up-to-date: /home/za1van/ros2_ws/install/my_action_interface/lib/python3.12/site-packages/my_action_interface/action/_summ_calculate.py
[1.227s] -- Up-to-date: /home/za1van/ros2_ws/install/my_action_interface/lib/python3.12/site-packages/my_action_interface/action/_summ_calculate_s.c
[1.227s] -- Up-to-date: /home/za1van/ros2_ws/install/my_action_interface/lib/python3.12/site-packages/my_action_interface/action/_move_to_s.c
[1.228s] -- Up-to-date: /home/za1van/ros2_ws/install/my_action_interface/lib/python3.12/site-packages/my_action_interface/action/__init__.py
[1.228s] -- Up-to-date: /home/za1van/ros2_ws/install/my_action_interface/lib/python3.12/site-packages/my_action_interface/_my_action_interface_s.ep.rosidl_typesupport_fastrtps_c.c
[1.340s] Listing '/home/za1van/ros2_ws/install/my_action_interface/lib/python3.12/site-packages/my_action_interface'...
[1.341s] Listing '/home/za1van/ros2_ws/install/my_action_interface/lib/python3.12/site-packages/my_action_interface/action'...
[1.352s] -- Up-to-date: /home/za1van/ros2_ws/install/my_action_interface/lib/python3.12/site-packages/my_action_interface/my_action_interface_s__rosidl_typesupport_fastrtps_c.so
[1.352s] -- Up-to-date: /home/za1van/ros2_ws/install/my_action_interface/lib/python3.12/site-packages/my_action_interface/my_action_interface_s__rosidl_typesupport_introspection_c.so
[1.353s] -- Up-to-date: /home/za1van/ros2_ws/install/my_action_interface/lib/python3.12/site-packages/my_action_interface/my_action_interface_s__rosidl_typesupport_c.so
[1.355s] -- Up-to-date: /home/za1van/ros2_ws/install/my_action_interface/lib/libmy_action_interface__rosidl_generator_py.so
[1.357s] -- Up-to-date: /home/za1van/ros2_ws/install/my_action_interface/share/my_action_interface/action/SummCalculate.idl
[1.358s] -- Up-to-date: /home/za1van/ros2_ws/install/my_action_interface/share/my_action_interface/action/MoveTo.idl
[1.358s] -- Up-to-date: /home/za1van/ros2_ws/install/my_action_interface/share/my_action_interface/action/SummCalculate.action
[1.358s] -- Up-to-date: /home/za1van/ros2_ws/install/my_action_interface/share/my_action_interface/action/MoveTo.action
[1.359s] -- Up-to-date: /home/za1van/ros2_ws/install/my_action_interface/share/ament_index/resource_index/package_run_dependencies/my_action_interface
[1.359s] -- Up-to-date: /home/za1van/ros2_ws/install/my_action_interface/share/ament_index/resource_index/parent_prefix_path/my_action_interface
[1.359s] -- Up-to-date: /home/za1van/ros2_ws/install/my_action_interface/share/my_action_interface/environment/ament_prefix_path.sh
[1.359s] -- Up-to-date: /home/za1van/ros2_ws/install/my_action_interface/share/my_action_interface/environment/ament_prefix_path.dsv
[1.359s] -- Up-to-date: /home/za1van/ros2_ws/install/my_action_interface/share/my_action_interface/environment/path.sh
[1.360s] -- Up-to-date: /home/za1van/ros2_ws/install/my_action_interface/share/my_action_interface/environment/path.dsv
[1.360s] -- Up-to-date: /home/za1van/ros2_ws/install/my_action_interface/share/my_action_interface/local_setup.bash
[1.360s] -- Up-to-date: /home/za1van/ros2_ws/install/my_action_interface/share/my_action_interface/local_setup.sh
[1.360s] -- Up-to-date: /home/za1van/ros2_ws/install/my_action_interface/share/my_action_interface/local_setup.zsh
[1.363s] -- Up-to-date: /home/za1van/ros2_ws/install/my_action_interface/share/my_action_interface/local_setup.dsv
[1.364s] -- Installing: /home/za1van/ros2_ws/install/my_action_interface/share/my_action_interface/package.dsv
[1.364s] -- Up-to-date: /home/za1van/ros2_ws/install/my_action_interface/share/ament_index/resource_index/packages/my_action_interface
[1.364s] -- Up-to-date: /home/za1van/ros2_ws/install/my_action_interface/share/my_action_interface/cmake/export_my_action_interface__rosidl_generator_cExport.cmake
[1.364s] -- Up-to-date: /home/za1van/ros2_ws/install/my_action_interface/share/my_action_interface/cmake/export_my_action_interface__rosidl_generator_cExport-noconfig.cmake
[1.364s] -- Up-to-date: /home/za1van/ros2_ws/install/my_action_interface/share/my_action_interface/cmake/export_my_action_interface__rosidl_typesupport_fastrtps_cExport.cmake
[1.364s] -- Up-to-date: /home/za1van/ros2_ws/install/my_action_interface/share/my_action_interface/cmake/export_my_action_interface__rosidl_typesupport_fastrtps_cExport-noconfig.cmake
[1.365s] -- Up-to-date: /home/za1van/ros2_ws/install/my_action_interface/share/my_action_interface/cmake/my_action_interface__rosidl_typesupport_introspection_cExport.cmake
[1.365s] -- Up-to-date: /home/za1van/ros2_ws/install/my_action_interface/share/my_action_interface/cmake/my_action_interface__rosidl_typesupport_introspection_cExport-noconfig.cmake
[1.365s] -- Up-to-date: /home/za1van/ros2_ws/install/my_action_interface/share/my_action_interface/cmake/my_action_interface__rosidl_typesupport_cExport.cmake
[1.367s] -- Up-to-date: /home/za1van/ros2_ws/install/my_action_interface/share/my_action_interface/cmake/my_action_interface__rosidl_typesupport_cExport-noconfig.cmake
[1.367s] -- Up-to-date: /home/za1van/ros2_ws/install/my_action_interface/share/my_action_interface/cmake/export_my_action_interface__rosidl_generator_cppExport.cmake
[1.367s] -- Up-to-date: /home/za1van/ros2_ws/install/my_action_interface/share/my_action_interface/cmake/export_my_action_interface__rosidl_typesupport_fastrtps_cppExport.cmake
[1.367s] -- Up-to-date: /home/za1van/ros2_ws/install/my_action_interface/share/my_action_interface/cmake/export_my_action_interface__rosidl_typesupport_fastrtps_cppExport-noconfig.cmake
[1.367s] -- Up-to-date: /home/za1van/ros2_ws/install/my_action_interface/share/my_action_interface/cmake/my_action_interface__rosidl_typesupport_introspection_cppExport.cmake
[1.367s] -- Up-to-date: /home/za1van/ros2_ws/install/my_action_interface/share/my_action_interface/cmake/my_action_interface__rosidl_typesupport_introspection_cppExport-noconfig.cmake
[1.368s] -- Up-to-date: /home/za1van/ros2_ws/install/my_action_interface/share/my_action_interface/cmake/my_action_interface__rosidl_typesupport_cppExport.cmake
[1.368s] -- Up-to-date: /home/za1van/ros2_ws/install/my_action_interface/share/my_action_interface/cmake/my_action_interface__rosidl_typesupport_cppExport-noconfig.cmake
[1.368s] -- Up-to-date: /home/za1van/ros2_ws/install/my_action_interface/share/my_action_interface/cmake/export_my_action_interface__rosidl_generator_pyExport.cmake
[1.368s] -- Up-to-date: /home/za1van/ros2_ws/install/my_action_interface/share/my_action_interface/cmake/export_my_action_interface__rosidl_generator_pyExport-noconfig.cmake
[1.368s] -- Up-to-date: /home/za1van/ros2_ws/install/my_action_interface/share/my_action_interface/cmake/rosidl_cmake-extras.cmake
[1.369s] -- Up-to-date: /home/za1van/ros2_ws/install/my_action_interface/share/my_action_interface/cmake/ament_cmake_export_dependencies-extras.cmake
[1.369s] -- Up-to-date: /home/za1van/ros2_ws/install/my_action_interface/share/my_action_interface/cmake/ament_cmake_export_include_directories-extras.cmake
[1.369s] -- Up-to-date: /home/za1van/ros2_ws/install/my_action_interface/share/my_action_interface/cmake/ament_cmake_export_libraries-extras.cmake
[1.369s] -- Up-to-date: /home/za1van/ros2_ws/install/my_action_interface/share/my_action_interface/cmake/ament_cmake_export_targets-extras.cmake
[1.372s] -- Up-to-date: /home/za1van/ros2_ws/install/my_action_interface/share/my_action_interface/cmake/rosidl_cmake_export_typesupport_targets-extras.cmake
[1.373s] -- Up-to-date: /home/za1van/ros2_ws/install/my_action_interface/share/my_action_interface/cmake/rosidl_cmake_export_typesupport_libraries-extras.cmake
[1.373s] -- Up-to-date: /home/za1van/ros2_ws/install/my_action_interface/share/my_action_interface/cmake/my_action_interfaceConfig.cmake
[1.373s] -- Up-to-date: /home/za1van/ros2_ws/install/my_action_interface/share/my_action_interface/cmake/my_action_interfaceConfig-version.cmake
[1.373s] -- Up-to-date: /home/za1van/ros2_ws/install/my_action_interface/share/my_action_interface/package.xml
[1.405s] Invoked command in '/home/za1van/ros2_ws/build/my_action_interface' returned '0': CMAKE_PREFIX_PATH=${CMAKE_PREFIX_PATH}:/opt/ros/jazzy DEBUGINFOD_URLS=https://debuginfod.ubuntu.com /usr/bin/cmake --install /home/za1van/ros2_ws/build/my_action_interface
