[0.017s] Invoking command in '/home/za1van/ros2_ws/build/my_action_interface': CMAKE_PREFIX_PATH=${CMAKE_PREFIX_PATH}:/opt/ros/jazzy DEBUGINFOD_URLS=https://debuginfod.ubuntu.com /usr/bin/cmake /home/za1van/ros2_ws/src/my_action_interface -DCMAKE_INSTALL_PREFIX=/home/za1van/ros2_ws/install/my_action_interface
[0.031s] [0mCMake Deprecation Warning at CMakeLists.txt:1 (cmake_minimum_required):
[0.032s]   Compatibility with CMake < 3.10 will be removed from a future version of
[0.032s]   CMake.
[0.032s] 
[0.032s]   Update the VERSION argument <min> value.  Or, use the <min>...<max> syntax
[0.032s]   to tell CMake that the project requires at least <min> but has been updated
[0.032s]   to work with policies introduced by <max> or earlier.
[0.033s] 
[0.033s] [0m
[0.206s] -- The C compiler identification is GNU 13.3.0
[0.530s] -- The CXX compiler identification is GNU 13.3.0
[0.570s] -- Detecting C compiler ABI info
[0.702s] -- Detecting C compiler ABI info - done
[0.734s] -- Check for working C compiler: /usr/bin/cc - skipped
[0.735s] -- Detecting C compile features
[0.736s] -- Detecting C compile features - done
[0.766s] -- Detecting CXX compiler ABI info
[0.916s] -- Detecting CXX compiler ABI info - done
[0.954s] -- Check for working CXX compiler: /usr/bin/c++ - skipped
[0.955s] -- Detecting CXX compile features
[0.956s] -- Detecting CXX compile features - done
[0.984s] -- Found ament_cmake: 2.5.4 (/opt/ros/jazzy/share/ament_cmake/cmake)
[21.981s] -- Found Python3: /usr/bin/python3 (found version "3.12.3") found components: Interpreter
[21.982s] -- Found rosidl_default_generators: 1.6.0 (/opt/ros/jazzy/share/rosidl_default_generators/cmake)
[21.984s] -- Using all available rosidl_typesupport_c: rosidl_typesupport_fastrtps_c;rosidl_typesupport_introspection_c
[21.985s] -- Using all available rosidl_typesupport_cpp: rosidl_typesupport_fastrtps_cpp;rosidl_typesupport_introspection_cpp
[21.986s] -- Found rosidl_adapter: 4.6.6 (/opt/ros/jazzy/share/rosidl_adapter/cmake)
[21.986s] [31mCMake Error at /opt/ros/jazzy/share/rosidl_cmake/cmake/rosidl_generate_interfaces.cmake:223 (message):
[21.987s]   Packages installing interfaces must include
[21.988s]   '<member_of_group>rosidl_interface_packages</member_of_group>' in their
[21.988s]   package.xml
[21.989s] Call Stack (most recent call first):
[21.990s]   CMakeLists.txt:15 (rosidl_generate_interfaces)
[21.990s] 
[21.991s] [0m
[21.991s] -- Configuring incomplete, errors occurred!
[21.992s] Invoked command in '/home/za1van/ros2_ws/build/my_action_interface' returned '1': CMAKE_PREFIX_PATH=${CMAKE_PREFIX_PATH}:/opt/ros/jazzy DEBUGINFOD_URLS=https://debuginfod.ubuntu.com /usr/bin/cmake /home/za1van/ros2_ws/src/my_action_interface -DCMAKE_INSTALL_PREFIX=/home/za1van/ros2_ws/install/my_action_interface
