Traceback (most recent call last):
  File "/home/za1van/ros2_ws/src/my_service_client/setup.py", line 1, in <module>
    from setuptools import find_packages, setup
  File "/usr/lib/python3/dist-packages/setuptools/__init__.py", line 15, in <module>
    import setuptools.version
  File "/usr/lib/python3/dist-packages/setuptools/version.py", line 1, in <module>
    from ._importlib import metadata
  File "/usr/lib/python3/dist-packages/setuptools/_importlib.py", line 45, in <module>
    import importlib.metadata as metadata  # noqa: F401
    ^^^^^^^^^^^^^^^^^^^^^^^^^^^^^^^^^^^^^
  File "/usr/lib/python3.12/importlib/metadata/__init__.py", line 19, in <module>
    from . import _adapters, _meta
  File "/usr/lib/python3.12/importlib/metadata/_adapters.py", line 5, in <module>
    import email.message
  File "/usr/lib/python3.12/email/message.py", line 15, in <module>
    from email import utils
  File "/usr/lib/python3.12/email/utils.py", line 40, in <module>
    from email.charset import Charset
  File "/usr/lib/python3.12/email/charset.py", line 14, in <module>
    import email.base64mime
  File "/usr/lib/python3.12/email/base64mime.py", line 37, in <module>
    from base64 import b64encode
  File "<frozen importlib._bootstrap>", line 1360, in _find_and_load
  File "<frozen importlib._bootstrap>", line 1331, in _find_and_load_unlocked
  File "<frozen importlib._bootstrap>", line 935, in _load_unlocked
  File "<frozen importlib._bootstrap_external>", line 991, in exec_module
  File "<frozen importlib._bootstrap_external>", line 1087, in get_code
  File "<frozen importlib._bootstrap_external>", line 1186, in get_data
KeyboardInterrupt
