[2.824s] Invoking command in '/home/za1van/ros2_ws/src/my_service_client': AMENT_PREFIX_PATH=/home/za1van/ros2_ws/install/my_service_interfaces:${AMENT_PREFIX_PATH} CMAKE_PREFIX_PATH=/home/za1van/ros2_ws/install/my_service_interfaces:${CMAKE_PREFIX_PATH} DEBUGINFOD_URLS=https://debuginfod.ubuntu.com LD_LIBRARY_PATH=/home/za1van/ros2_ws/install/my_service_interfaces/lib:${LD_LIBRARY_PATH} PYTHONPATH=/home/za1van/ros2_ws/build/my_service_client/prefix_override:/usr/lib/python3/dist-packages/colcon_core/task/python/colcon_distutils_commands:/home/za1van/ros2_ws/install/my_service_client/lib/python3.12/site-packages:/home/za1van/ros2_ws/install/my_service_interfaces/lib/python3.12/site-packages:${PYTHONPATH} /usr/bin/python3 -W ignore:setup.py install is deprecated -W ignore:easy_install command is deprecated setup.py egg_info --egg-base ../../build/my_service_client build --build-base /home/za1van/ros2_ws/build/my_service_client/build install --record /home/za1van/ros2_ws/build/my_service_client/install.log --single-version-externally-managed install_data
[3.058s] Traceback (most recent call last):
[3.058s]   File "/home/za1van/ros2_ws/src/my_service_client/setup.py", line 1, in <module>
[3.058s]     from setuptools import find_packages, setup
[3.058s]   File "/usr/lib/python3/dist-packages/setuptools/__init__.py", line 15, in <module>
[3.063s]     import setuptools.version
[3.063s]   File "/usr/lib/python3/dist-packages/setuptools/version.py", line 1, in <module>
[3.064s]     from ._importlib import metadata
[3.064s]   File "/usr/lib/python3/dist-packages/setuptools/_importlib.py", line 45, in <module>
[3.065s]     import importlib.metadata as metadata  # noqa: F401
[3.065s]     ^^^^^^^^^^^^^^^^^^^^^^^^^^^^^^^^^^^^^
[3.065s]   File "/usr/lib/python3.12/importlib/metadata/__init__.py", line 19, in <module>
[3.067s]     from . import _adapters, _meta
[3.067s]   File "/usr/lib/python3.12/importlib/metadata/_adapters.py", line 5, in <module>
[3.068s]     import email.message
[3.070s]   File "/usr/lib/python3.12/email/message.py", line 15, in <module>
[3.072s]     from email import utils
[3.072s]   File "/usr/lib/python3.12/email/utils.py", line 40, in <module>
[3.072s]     from email.charset import Charset
[3.072s]   File "/usr/lib/python3.12/email/charset.py", line 14, in <module>
[3.076s]     import email.base64mime
[3.076s]   File "/usr/lib/python3.12/email/base64mime.py", line 37, in <module>
[3.078s]     from base64 import b64encode
[3.078s]   File "<frozen importlib._bootstrap>", line 1360, in _find_and_load
[3.078s]   File "<frozen importlib._bootstrap>", line 1331, in _find_and_load_unlocked
[3.079s]   File "<frozen importlib._bootstrap>", line 935, in _load_unlocked
[3.079s]   File "<frozen importlib._bootstrap_external>", line 991, in exec_module
[3.079s]   File "<frozen importlib._bootstrap_external>", line 1087, in get_code
[3.079s]   File "<frozen importlib._bootstrap_external>", line 1186, in get_data
[3.079s] KeyboardInterrupt
