[4.089s] Invoking command in '/home/za1van/ros2_ws/src/3t': DEBUGINFOD_URLS=https://debuginfod.ubuntu.com PYTHONPATH=/home/za1van/ros2_ws/build/3t/prefix_override:/usr/lib/python3/dist-packages/colcon_core/task/python/colcon_distutils_commands:/home/za1van/ros2_ws/install/3t/lib/python3.12/site-packages:${PYTHONPATH} /usr/bin/python3 -W ignore:setup.py install is deprecated -W ignore:easy_install command is deprecated setup.py egg_info --egg-base ../../build/3t build --build-base /home/za1van/ros2_ws/build/3t/build install --record /home/za1van/ros2_ws/build/3t/install.log --single-version-externally-managed install_data
[5.206s] running egg_info
[5.276s] writing ../../build/3t/3t.egg-info/PKG-INFO
[5.277s] writing dependency_links to ../../build/3t/3t.egg-info/dependency_links.txt
[5.277s] writing entry points to ../../build/3t/3t.egg-info/entry_points.txt
[5.280s] writing requirements to ../../build/3t/3t.egg-info/requires.txt
[5.280s] writing top-level names to ../../build/3t/3t.egg-info/top_level.txt
[5.409s] reading manifest file '../../build/3t/3t.egg-info/SOURCES.txt'
[5.412s] writing manifest file '../../build/3t/3t.egg-info/SOURCES.txt'
[5.418s] running build
[5.418s] running build_py
[5.418s] running install
[5.427s] running install_lib
[5.483s] running install_data
[5.485s] running install_egg_info
[5.543s] removing '/home/za1van/ros2_ws/install/3t/lib/python3.12/site-packages/3t-0.0.0-py3.12.egg-info' (and everything under it)
[5.543s] Copying ../../build/3t/3t.egg-info to /home/za1van/ros2_ws/install/3t/lib/python3.12/site-packages/3t-0.0.0-py3.12.egg-info
[5.546s] running install_scripts
[5.957s] Installing sled script to /home/za1van/ros2_ws/install/3t/lib/3t
[5.957s] writing list of installed files to '/home/za1van/ros2_ws/build/3t/install.log'
[6.105s] Invoked command in '/home/za1van/ros2_ws/src/3t' returned '0': DEBUGINFOD_URLS=https://debuginfod.ubuntu.com PYTHONPATH=/home/za1van/ros2_ws/build/3t/prefix_override:/usr/lib/python3/dist-packages/colcon_core/task/python/colcon_distutils_commands:/home/za1van/ros2_ws/install/3t/lib/python3.12/site-packages:${PYTHONPATH} /usr/bin/python3 -W ignore:setup.py install is deprecated -W ignore:easy_install command is deprecated setup.py egg_info --egg-base ../../build/3t build --build-base /home/za1van/ros2_ws/build/3t/build install --record /home/za1van/ros2_ws/build/3t/install.log --single-version-externally-managed install_data
