running egg_info
writing ../../build/twist_converter/twist_converter.egg-info/PKG-INFO
writing dependency_links to ../../build/twist_converter/twist_converter.egg-info/dependency_links.txt
writing entry points to ../../build/twist_converter/twist_converter.egg-info/entry_points.txt
writing requirements to ../../build/twist_converter/twist_converter.egg-info/requires.txt
writing top-level names to ../../build/twist_converter/twist_converter.egg-info/top_level.txt
reading manifest file '../../build/twist_converter/twist_converter.egg-info/SOURCES.txt'
writing manifest file '../../build/twist_converter/twist_converter.egg-info/SOURCES.txt'
running build
running build_py
copying twist_converter/twist_to_twist_stamped.py -> /home/za1van/ros2_ws/build/twist_converter/build/lib/twist_converter
running install
running install_lib
copying /home/za1van/ros2_ws/build/twist_converter/build/lib/twist_converter/twist_to_twist_stamped.py -> /home/za1van/ros2_ws/install/twist_converter/lib/python3.12/site-packages/twist_converter
byte-compiling /home/za1van/ros2_ws/install/twist_converter/lib/python3.12/site-packages/twist_converter/twist_to_twist_stamped.py to twist_to_twist_stamped.cpython-312.pyc
running install_data
running install_egg_info
removing '/home/za1van/ros2_ws/install/twist_converter/lib/python3.12/site-packages/twist_converter-0.0.0-py3.12.egg-info' (and everything under it)
Copying ../../build/twist_converter/twist_converter.egg-info to /home/za1van/ros2_ws/install/twist_converter/lib/python3.12/site-packages/twist_converter-0.0.0-py3.12.egg-info
running install_scripts
Installing twist_to_twist_stamped script to /home/za1van/ros2_ws/install/twist_converter/lib/twist_converter
writing list of installed files to '/home/za1van/ros2_ws/build/twist_converter/install.log'
