[5.362s] Invoking command in '/home/za1van/ros2_ws/src/my_service_server': DEBUGINFOD_URLS=https://debuginfod.ubuntu.com PYTHONPATH=/home/za1van/ros2_ws/src/build/my_service_server/prefix_override:/usr/lib/python3/dist-packages/colcon_core/task/python/colcon_distutils_commands:/home/za1van/ros2_ws/src/install/my_service_server/lib/python3.12/site-packages:${PYTHONPATH} /usr/bin/python3 -W ignore:setup.py install is deprecated -W ignore:easy_install command is deprecated setup.py egg_info --egg-base ../build/my_service_server build --build-base /home/za1van/ros2_ws/src/build/my_service_server/build install --record /home/za1van/ros2_ws/src/build/my_service_server/install.log --single-version-externally-managed install_data
[7.366s] running egg_info
[7.369s] creating ../build/my_service_server/my_service_server.egg-info
[7.463s] writing ../build/my_service_server/my_service_server.egg-info/PKG-INFO
[7.468s] writing dependency_links to ../build/my_service_server/my_service_server.egg-info/dependency_links.txt
[7.469s] writing entry points to ../build/my_service_server/my_service_server.egg-info/entry_points.txt
[7.469s] writing requirements to ../build/my_service_server/my_service_server.egg-info/requires.txt
[7.469s] writing top-level names to ../build/my_service_server/my_service_server.egg-info/top_level.txt
[7.470s] writing manifest file '../build/my_service_server/my_service_server.egg-info/SOURCES.txt'
[7.644s] reading manifest file '../build/my_service_server/my_service_server.egg-info/SOURCES.txt'
[7.650s] writing manifest file '../build/my_service_server/my_service_server.egg-info/SOURCES.txt'
[7.650s] running build
[7.651s] running build_py
[7.651s] creating /home/za1van/ros2_ws/src/build/my_service_server/build
[7.651s] creating /home/za1van/ros2_ws/src/build/my_service_server/build/lib
[7.651s] creating /home/za1van/ros2_ws/src/build/my_service_server/build/lib/my_service_server
[7.655s] copying my_service_server/server_node.py -> /home/za1van/ros2_ws/src/build/my_service_server/build/lib/my_service_server
[7.656s] copying my_service_server/__init__.py -> /home/za1van/ros2_ws/src/build/my_service_server/build/lib/my_service_server
[7.657s] running install
[7.671s] running install_lib
[7.760s] creating /home/za1van/ros2_ws/src/install/my_service_server/lib/python3.12/site-packages/my_service_server
[7.761s] copying /home/za1van/ros2_ws/src/build/my_service_server/build/lib/my_service_server/server_node.py -> /home/za1van/ros2_ws/src/install/my_service_server/lib/python3.12/site-packages/my_service_server
[7.761s] copying /home/za1van/ros2_ws/src/build/my_service_server/build/lib/my_service_server/__init__.py -> /home/za1van/ros2_ws/src/install/my_service_server/lib/python3.12/site-packages/my_service_server
[7.761s] byte-compiling /home/za1van/ros2_ws/src/install/my_service_server/lib/python3.12/site-packages/my_service_server/server_node.py to server_node.cpython-312.pyc
[7.761s] byte-compiling /home/za1van/ros2_ws/src/install/my_service_server/lib/python3.12/site-packages/my_service_server/__init__.py to __init__.cpython-312.pyc
[7.766s] running install_data
[7.766s] creating /home/za1van/ros2_ws/src/install/my_service_server/share/ament_index
[7.769s] creating /home/za1van/ros2_ws/src/install/my_service_server/share/ament_index/resource_index
[7.773s] creating /home/za1van/ros2_ws/src/install/my_service_server/share/ament_index/resource_index/packages
[7.774s] copying resource/my_service_server -> /home/za1van/ros2_ws/src/install/my_service_server/share/ament_index/resource_index/packages
[7.776s] copying package.xml -> /home/za1van/ros2_ws/src/install/my_service_server/share/my_service_server
[7.776s] running install_egg_info
[7.881s] Copying ../build/my_service_server/my_service_server.egg-info to /home/za1van/ros2_ws/src/install/my_service_server/lib/python3.12/site-packages/my_service_server-0.0.0-py3.12.egg-info
[7.884s] running install_scripts
[8.214s] Installing velocity_server script to /home/za1van/ros2_ws/src/install/my_service_server/lib/my_service_server
[8.215s] writing list of installed files to '/home/za1van/ros2_ws/src/build/my_service_server/install.log'
[8.278s] Invoked command in '/home/za1van/ros2_ws/src/my_service_server' returned '0': DEBUGINFOD_URLS=https://debuginfod.ubuntu.com PYTHONPATH=/home/za1van/ros2_ws/src/build/my_service_server/prefix_override:/usr/lib/python3/dist-packages/colcon_core/task/python/colcon_distutils_commands:/home/za1van/ros2_ws/src/install/my_service_server/lib/python3.12/site-packages:${PYTHONPATH} /usr/bin/python3 -W ignore:setup.py install is deprecated -W ignore:easy_install command is deprecated setup.py egg_info --egg-base ../build/my_service_server build --build-base /home/za1van/ros2_ws/src/build/my_service_server/build install --record /home/za1van/ros2_ws/src/build/my_service_server/install.log --single-version-externally-managed install_data
