[0mCMake Deprecation Warning at CMakeLists.txt:1 (cmake_minimum_required):
  Compatibility with CMake < 3.10 will be removed from a future version of
  CMake.

  Update the VERSION argument <min> value.  Or, use the <min>...<max> syntax
  to tell CMake that the project requires at least <min> but has been updated
  to work with policies introduced by <max> or earlier.

[0m
-- The C compiler identification is GNU 13.3.0
-- The CXX compiler identification is GNU 13.3.0
-- Detecting C compiler ABI info
-- Detecting C compiler ABI info - done
-- Check for working C compiler: /usr/bin/cc - skipped
-- Detecting C compile features
-- Detecting C compile features - done
-- Detecting CXX compiler ABI info
-- Detecting CXX compiler ABI info - done
-- Check for working CXX compiler: /usr/bin/c++ - skipped
-- Detecting CXX compile features
-- Detecting CXX compile features - done
-- Found ament_cmake: 2.5.4 (/opt/ros/jazzy/share/ament_cmake/cmake)
-- Found Python3: /usr/bin/python3 (found version "3.12.3") found components: Interpreter
-- Found rosidl_default_generators: 1.6.0 (/opt/ros/jazzy/share/rosidl_default_generators/cmake)
-- Using all available rosidl_typesupport_c: rosidl_typesupport_fastrtps_c;rosidl_typesupport_introspection_c
-- Using all available rosidl_typesupport_cpp: rosidl_typesupport_fastrtps_cpp;rosidl_typesupport_introspection_cpp
-- Found rosidl_adapter: 4.6.6 (/opt/ros/jazzy/share/rosidl_adapter/cmake)
-- Found ament_cmake_ros: 0.12.0 (/opt/ros/jazzy/share/ament_cmake_ros/cmake)
-- Using all available rosidl_typesupport_c: rosidl_typesupport_fastrtps_c;rosidl_typesupport_introspection_c
-- Using all available rosidl_typesupport_cpp: rosidl_typesupport_fastrtps_cpp;rosidl_typesupport_introspection_cpp
-- Found python_cmake_module: 0.11.1 (/opt/ros/jazzy/share/python_cmake_module/cmake)
-- Found PythonExtra: /usr/bin/python3
-- Found Python3: /usr/bin/python3 (found version "3.12.3") found components: Interpreter Development NumPy Development.Module Development.Embed
-- Found ament_lint_auto: 0.17.3 (/opt/ros/jazzy/share/ament_lint_auto/cmake)
-- Added test 'lint_cmake' to check CMake code style
-- Added test 'xmllint' to check XML markup files
-- Configuring done (8.6s)
-- Generating done (0.1s)
-- Build files have been written to: /home/za1van/ros2_ws/build/turtle_dekart_control_interface
[  2%] [1m[34mGenerating type hashes for ROS interfaces[0m
[  2%] Built target ament_cmake_python_copy_turtle_dekart_control_interface
[  2%] Built target turtle_dekart_control_interface__rosidl_generator_type_description
[  5%] [1m[34mGenerating C code for ROS interfaces[0m
[  8%] [1m[34mGenerating C++ code for ROS interfaces[0m
running egg_info
creating turtle_dekart_control_interface.egg-info
writing turtle_dekart_control_interface.egg-info/PKG-INFO
writing dependency_links to turtle_dekart_control_interface.egg-info/dependency_links.txt
writing top-level names to turtle_dekart_control_interface.egg-info/top_level.txt
writing manifest file 'turtle_dekart_control_interface.egg-info/SOURCES.txt'
[ 11%] [32mBuilding C object CMakeFiles/turtle_dekart_control_interface__rosidl_generator_c.dir/rosidl_generator_c/turtle_dekart_control_interface/msg/detail/numbers__functions.c.o[0m
[ 14%] [32mBuilding C object CMakeFiles/turtle_dekart_control_interface__rosidl_generator_c.dir/rosidl_generator_c/turtle_dekart_control_interface/msg/detail/numbers__description.c.o[0m
reading manifest file 'turtle_dekart_control_interface.egg-info/SOURCES.txt'
writing manifest file 'turtle_dekart_control_interface.egg-info/SOURCES.txt'
[ 17%] [32mBuilding C object CMakeFiles/turtle_dekart_control_interface__rosidl_generator_c.dir/rosidl_generator_c/turtle_dekart_control_interface/msg/detail/numbers__type_support.c.o[0m
[ 17%] Built target turtle_dekart_control_interface__cpp
[ 17%] Built target ament_cmake_python_build_turtle_dekart_control_interface_egg
[ 20%] [1m[32mLinking C shared library libturtle_dekart_control_interface__rosidl_generator_c.so[0m
[ 20%] Built target turtle_dekart_control_interface__rosidl_generator_c
[ 23%] [1m[34mGenerating C introspection for ROS interfaces[0m
[ 26%] [1m[34mGenerating C++ type support for eProsima Fast-RTPS[0m
[ 29%] [1m[34mGenerating C type support dispatch for ROS interfaces[0m
[ 32%] [1m[34mGenerating C++ type support dispatch for ROS interfaces[0m
[ 35%] [32mBuilding CXX object CMakeFiles/turtle_dekart_control_interface__rosidl_typesupport_c.dir/rosidl_typesupport_c/turtle_dekart_control_interface/msg/numbers__type_support.cpp.o[0m
[ 38%] [1m[32mLinking CXX shared library libturtle_dekart_control_interface__rosidl_typesupport_c.so[0m
[ 41%] [32mBuilding C object CMakeFiles/turtle_dekart_control_interface__rosidl_typesupport_introspection_c.dir/rosidl_typesupport_introspection_c/turtle_dekart_control_interface/msg/detail/numbers__type_support.c.o[0m
[ 44%] [32mBuilding CXX object CMakeFiles/turtle_dekart_control_interface__rosidl_typesupport_cpp.dir/rosidl_typesupport_cpp/turtle_dekart_control_interface/msg/numbers__type_support.cpp.o[0m
[ 47%] [32mBuilding CXX object CMakeFiles/turtle_dekart_control_interface__rosidl_typesupport_fastrtps_cpp.dir/rosidl_typesupport_fastrtps_cpp/turtle_dekart_control_interface/msg/detail/dds_fastrtps/numbers__type_support.cpp.o[0m
[ 47%] Built target turtle_dekart_control_interface__rosidl_typesupport_c
[ 50%] [1m[34mGenerating C type support for eProsima Fast-RTPS[0m
[ 52%] [1m[32mLinking C shared library libturtle_dekart_control_interface__rosidl_typesupport_introspection_c.so[0m
[ 52%] Built target turtle_dekart_control_interface__rosidl_typesupport_introspection_c
[ 55%] [1m[34mGenerating C++ introspection for ROS interfaces[0m
[ 58%] [1m[32mLinking CXX shared library libturtle_dekart_control_interface__rosidl_typesupport_cpp.so[0m
[ 58%] Built target turtle_dekart_control_interface__rosidl_typesupport_cpp
[ 61%] [32mBuilding CXX object CMakeFiles/turtle_dekart_control_interface__rosidl_typesupport_fastrtps_c.dir/rosidl_typesupport_fastrtps_c/turtle_dekart_control_interface/msg/detail/numbers__type_support_c.cpp.o[0m
[ 64%] [32mBuilding CXX object CMakeFiles/turtle_dekart_control_interface__rosidl_typesupport_introspection_cpp.dir/rosidl_typesupport_introspection_cpp/turtle_dekart_control_interface/msg/detail/numbers__type_support.cpp.o[0m
[ 67%] [1m[32mLinking CXX shared library libturtle_dekart_control_interface__rosidl_typesupport_introspection_cpp.so[0m
[ 70%] [1m[32mLinking CXX shared library libturtle_dekart_control_interface__rosidl_typesupport_fastrtps_cpp.so[0m
[ 70%] Built target turtle_dekart_control_interface__rosidl_typesupport_introspection_cpp
[ 70%] Built target turtle_dekart_control_interface__rosidl_typesupport_fastrtps_cpp
[ 73%] [1m[32mLinking CXX shared library libturtle_dekart_control_interface__rosidl_typesupport_fastrtps_c.so[0m
[ 73%] Built target turtle_dekart_control_interface__rosidl_typesupport_fastrtps_c
[ 73%] Built target turtle_dekart_control_interface
[ 76%] [1m[34mGenerating Python code for ROS interfaces[0m
[ 76%] Built target turtle_dekart_control_interface__py
[ 79%] [32mBuilding C object CMakeFiles/turtle_dekart_control_interface__rosidl_generator_py.dir/rosidl_generator_py/turtle_dekart_control_interface/msg/_numbers_s.c.o[0m
[ 82%] [1m[32mLinking C shared library libturtle_dekart_control_interface__rosidl_generator_py.so[0m
[ 82%] Built target turtle_dekart_control_interface__rosidl_generator_py
[ 85%] [32mBuilding C object CMakeFiles/turtle_dekart_control_interface_s__rosidl_typesupport_fastrtps_c.dir/rosidl_generator_py/turtle_dekart_control_interface/_turtle_dekart_control_interface_s.ep.rosidl_typesupport_fastrtps_c.c.o[0m
[ 88%] [32mBuilding C object CMakeFiles/turtle_dekart_control_interface_s__rosidl_typesupport_c.dir/rosidl_generator_py/turtle_dekart_control_interface/_turtle_dekart_control_interface_s.ep.rosidl_typesupport_c.c.o[0m
[ 91%] [32mBuilding C object CMakeFiles/turtle_dekart_control_interface_s__rosidl_typesupport_introspection_c.dir/rosidl_generator_py/turtle_dekart_control_interface/_turtle_dekart_control_interface_s.ep.rosidl_typesupport_introspection_c.c.o[0m
[ 94%] [1m[32mLinking C shared module rosidl_generator_py/turtle_dekart_control_interface/turtle_dekart_control_interface_s__rosidl_typesupport_c.so[0m
[ 97%] [1m[32mLinking C shared module rosidl_generator_py/turtle_dekart_control_interface/turtle_dekart_control_interface_s__rosidl_typesupport_introspection_c.so[0m
[100%] [1m[32mLinking C shared module rosidl_generator_py/turtle_dekart_control_interface/turtle_dekart_control_interface_s__rosidl_typesupport_fastrtps_c.so[0m
[100%] Built target turtle_dekart_control_interface_s__rosidl_typesupport_c
[100%] Built target turtle_dekart_control_interface_s__rosidl_typesupport_introspection_c
[100%] Built target turtle_dekart_control_interface_s__rosidl_typesupport_fastrtps_c
-- Install configuration: ""
-- Installing: /home/za1van/ros2_ws/install/turtle_dekart_control_interface/share/ament_index/resource_index/rosidl_interfaces/turtle_dekart_control_interface
-- Installing: /home/za1van/ros2_ws/install/turtle_dekart_control_interface/share/turtle_dekart_control_interface/msg/Numbers.json
-- Installing: /home/za1van/ros2_ws/install/turtle_dekart_control_interface/include/turtle_dekart_control_interface/turtle_dekart_control_interface
-- Installing: /home/za1van/ros2_ws/install/turtle_dekart_control_interface/include/turtle_dekart_control_interface/turtle_dekart_control_interface/msg
-- Installing: /home/za1van/ros2_ws/install/turtle_dekart_control_interface/include/turtle_dekart_control_interface/turtle_dekart_control_interface/msg/rosidl_generator_c__visibility_control.h
-- Installing: /home/za1van/ros2_ws/install/turtle_dekart_control_interface/include/turtle_dekart_control_interface/turtle_dekart_control_interface/msg/detail
-- Installing: /home/za1van/ros2_ws/install/turtle_dekart_control_interface/include/turtle_dekart_control_interface/turtle_dekart_control_interface/msg/detail/numbers__functions.c
-- Installing: /home/za1van/ros2_ws/install/turtle_dekart_control_interface/include/turtle_dekart_control_interface/turtle_dekart_control_interface/msg/detail/numbers__struct.h
-- Installing: /home/za1van/ros2_ws/install/turtle_dekart_control_interface/include/turtle_dekart_control_interface/turtle_dekart_control_interface/msg/detail/numbers__type_support.c
-- Installing: /home/za1van/ros2_ws/install/turtle_dekart_control_interface/include/turtle_dekart_control_interface/turtle_dekart_control_interface/msg/detail/numbers__description.c
-- Installing: /home/za1van/ros2_ws/install/turtle_dekart_control_interface/include/turtle_dekart_control_interface/turtle_dekart_control_interface/msg/detail/numbers__type_support.h
-- Installing: /home/za1van/ros2_ws/install/turtle_dekart_control_interface/include/turtle_dekart_control_interface/turtle_dekart_control_interface/msg/detail/numbers__functions.h
-- Installing: /home/za1van/ros2_ws/install/turtle_dekart_control_interface/include/turtle_dekart_control_interface/turtle_dekart_control_interface/msg/numbers.h
-- Installing: /home/za1van/ros2_ws/install/turtle_dekart_control_interface/share/turtle_dekart_control_interface/environment/library_path.sh
-- Installing: /home/za1van/ros2_ws/install/turtle_dekart_control_interface/share/turtle_dekart_control_interface/environment/library_path.dsv
-- Installing: /home/za1van/ros2_ws/install/turtle_dekart_control_interface/lib/libturtle_dekart_control_interface__rosidl_generator_c.so
-- Set non-toolchain portion of runtime path of "/home/za1van/ros2_ws/install/turtle_dekart_control_interface/lib/libturtle_dekart_control_interface__rosidl_generator_c.so" to ""
-- Up-to-date: /home/za1van/ros2_ws/install/turtle_dekart_control_interface/include/turtle_dekart_control_interface/turtle_dekart_control_interface
-- Up-to-date: /home/za1van/ros2_ws/install/turtle_dekart_control_interface/include/turtle_dekart_control_interface/turtle_dekart_control_interface/msg
-- Installing: /home/za1van/ros2_ws/install/turtle_dekart_control_interface/include/turtle_dekart_control_interface/turtle_dekart_control_interface/msg/rosidl_typesupport_fastrtps_c__visibility_control.h
-- Up-to-date: /home/za1van/ros2_ws/install/turtle_dekart_control_interface/include/turtle_dekart_control_interface/turtle_dekart_control_interface/msg/detail
-- Installing: /home/za1van/ros2_ws/install/turtle_dekart_control_interface/include/turtle_dekart_control_interface/turtle_dekart_control_interface/msg/detail/numbers__rosidl_typesupport_fastrtps_c.h
-- Installing: /home/za1van/ros2_ws/install/turtle_dekart_control_interface/lib/libturtle_dekart_control_interface__rosidl_typesupport_fastrtps_c.so
-- Set non-toolchain portion of runtime path of "/home/za1van/ros2_ws/install/turtle_dekart_control_interface/lib/libturtle_dekart_control_interface__rosidl_typesupport_fastrtps_c.so" to ""
-- Up-to-date: /home/za1van/ros2_ws/install/turtle_dekart_control_interface/include/turtle_dekart_control_interface/turtle_dekart_control_interface
-- Up-to-date: /home/za1van/ros2_ws/install/turtle_dekart_control_interface/include/turtle_dekart_control_interface/turtle_dekart_control_interface/msg
-- Up-to-date: /home/za1van/ros2_ws/install/turtle_dekart_control_interface/include/turtle_dekart_control_interface/turtle_dekart_control_interface/msg/detail
-- Installing: /home/za1van/ros2_ws/install/turtle_dekart_control_interface/include/turtle_dekart_control_interface/turtle_dekart_control_interface/msg/detail/numbers__rosidl_typesupport_introspection_c.h
-- Installing: /home/za1van/ros2_ws/install/turtle_dekart_control_interface/include/turtle_dekart_control_interface/turtle_dekart_control_interface/msg/detail/numbers__type_support.c
-- Installing: /home/za1van/ros2_ws/install/turtle_dekart_control_interface/include/turtle_dekart_control_interface/turtle_dekart_control_interface/msg/rosidl_typesupport_introspection_c__visibility_control.h
-- Installing: /home/za1van/ros2_ws/install/turtle_dekart_control_interface/lib/libturtle_dekart_control_interface__rosidl_typesupport_introspection_c.so
-- Set non-toolchain portion of runtime path of "/home/za1van/ros2_ws/install/turtle_dekart_control_interface/lib/libturtle_dekart_control_interface__rosidl_typesupport_introspection_c.so" to ""
-- Installing: /home/za1van/ros2_ws/install/turtle_dekart_control_interface/lib/libturtle_dekart_control_interface__rosidl_typesupport_c.so
-- Set non-toolchain portion of runtime path of "/home/za1van/ros2_ws/install/turtle_dekart_control_interface/lib/libturtle_dekart_control_interface__rosidl_typesupport_c.so" to ""
-- Up-to-date: /home/za1van/ros2_ws/install/turtle_dekart_control_interface/include/turtle_dekart_control_interface/turtle_dekart_control_interface
-- Up-to-date: /home/za1van/ros2_ws/install/turtle_dekart_control_interface/include/turtle_dekart_control_interface/turtle_dekart_control_interface/msg
-- Installing: /home/za1van/ros2_ws/install/turtle_dekart_control_interface/include/turtle_dekart_control_interface/turtle_dekart_control_interface/msg/rosidl_generator_cpp__visibility_control.hpp
-- Installing: /home/za1van/ros2_ws/install/turtle_dekart_control_interface/include/turtle_dekart_control_interface/turtle_dekart_control_interface/msg/numbers.hpp
-- Up-to-date: /home/za1van/ros2_ws/install/turtle_dekart_control_interface/include/turtle_dekart_control_interface/turtle_dekart_control_interface/msg/detail
-- Installing: /home/za1van/ros2_ws/install/turtle_dekart_control_interface/include/turtle_dekart_control_interface/turtle_dekart_control_interface/msg/detail/numbers__struct.hpp
-- Installing: /home/za1van/ros2_ws/install/turtle_dekart_control_interface/include/turtle_dekart_control_interface/turtle_dekart_control_interface/msg/detail/numbers__builder.hpp
-- Installing: /home/za1van/ros2_ws/install/turtle_dekart_control_interface/include/turtle_dekart_control_interface/turtle_dekart_control_interface/msg/detail/numbers__type_support.hpp
-- Installing: /home/za1van/ros2_ws/install/turtle_dekart_control_interface/include/turtle_dekart_control_interface/turtle_dekart_control_interface/msg/detail/numbers__traits.hpp
-- Up-to-date: /home/za1van/ros2_ws/install/turtle_dekart_control_interface/include/turtle_dekart_control_interface/turtle_dekart_control_interface
-- Up-to-date: /home/za1van/ros2_ws/install/turtle_dekart_control_interface/include/turtle_dekart_control_interface/turtle_dekart_control_interface/msg
-- Installing: /home/za1van/ros2_ws/install/turtle_dekart_control_interface/include/turtle_dekart_control_interface/turtle_dekart_control_interface/msg/rosidl_typesupport_fastrtps_cpp__visibility_control.h
-- Up-to-date: /home/za1van/ros2_ws/install/turtle_dekart_control_interface/include/turtle_dekart_control_interface/turtle_dekart_control_interface/msg/detail
-- Installing: /home/za1van/ros2_ws/install/turtle_dekart_control_interface/include/turtle_dekart_control_interface/turtle_dekart_control_interface/msg/detail/dds_fastrtps
-- Installing: /home/za1van/ros2_ws/install/turtle_dekart_control_interface/include/turtle_dekart_control_interface/turtle_dekart_control_interface/msg/detail/numbers__rosidl_typesupport_fastrtps_cpp.hpp
-- Installing: /home/za1van/ros2_ws/install/turtle_dekart_control_interface/lib/libturtle_dekart_control_interface__rosidl_typesupport_fastrtps_cpp.so
-- Set non-toolchain portion of runtime path of "/home/za1van/ros2_ws/install/turtle_dekart_control_interface/lib/libturtle_dekart_control_interface__rosidl_typesupport_fastrtps_cpp.so" to ""
-- Up-to-date: /home/za1van/ros2_ws/install/turtle_dekart_control_interface/include/turtle_dekart_control_interface/turtle_dekart_control_interface
-- Up-to-date: /home/za1van/ros2_ws/install/turtle_dekart_control_interface/include/turtle_dekart_control_interface/turtle_dekart_control_interface/msg
-- Up-to-date: /home/za1van/ros2_ws/install/turtle_dekart_control_interface/include/turtle_dekart_control_interface/turtle_dekart_control_interface/msg/detail
-- Installing: /home/za1van/ros2_ws/install/turtle_dekart_control_interface/include/turtle_dekart_control_interface/turtle_dekart_control_interface/msg/detail/numbers__rosidl_typesupport_introspection_cpp.hpp
-- Installing: /home/za1van/ros2_ws/install/turtle_dekart_control_interface/include/turtle_dekart_control_interface/turtle_dekart_control_interface/msg/detail/numbers__type_support.cpp
-- Installing: /home/za1van/ros2_ws/install/turtle_dekart_control_interface/lib/libturtle_dekart_control_interface__rosidl_typesupport_introspection_cpp.so
-- Set non-toolchain portion of runtime path of "/home/za1van/ros2_ws/install/turtle_dekart_control_interface/lib/libturtle_dekart_control_interface__rosidl_typesupport_introspection_cpp.so" to ""
-- Installing: /home/za1van/ros2_ws/install/turtle_dekart_control_interface/lib/libturtle_dekart_control_interface__rosidl_typesupport_cpp.so
-- Set non-toolchain portion of runtime path of "/home/za1van/ros2_ws/install/turtle_dekart_control_interface/lib/libturtle_dekart_control_interface__rosidl_typesupport_cpp.so" to ""
-- Installing: /home/za1van/ros2_ws/install/turtle_dekart_control_interface/share/turtle_dekart_control_interface/environment/pythonpath.sh
-- Installing: /home/za1van/ros2_ws/install/turtle_dekart_control_interface/share/turtle_dekart_control_interface/environment/pythonpath.dsv
-- Installing: /home/za1van/ros2_ws/install/turtle_dekart_control_interface/lib/python3.12/site-packages/turtle_dekart_control_interface-0.0.0-py3.12.egg-info
-- Installing: /home/za1van/ros2_ws/install/turtle_dekart_control_interface/lib/python3.12/site-packages/turtle_dekart_control_interface-0.0.0-py3.12.egg-info/dependency_links.txt
-- Installing: /home/za1van/ros2_ws/install/turtle_dekart_control_interface/lib/python3.12/site-packages/turtle_dekart_control_interface-0.0.0-py3.12.egg-info/PKG-INFO
-- Installing: /home/za1van/ros2_ws/install/turtle_dekart_control_interface/lib/python3.12/site-packages/turtle_dekart_control_interface-0.0.0-py3.12.egg-info/top_level.txt
-- Installing: /home/za1van/ros2_ws/install/turtle_dekart_control_interface/lib/python3.12/site-packages/turtle_dekart_control_interface-0.0.0-py3.12.egg-info/SOURCES.txt
-- Installing: /home/za1van/ros2_ws/install/turtle_dekart_control_interface/lib/python3.12/site-packages/turtle_dekart_control_interface
-- Installing: /home/za1van/ros2_ws/install/turtle_dekart_control_interface/lib/python3.12/site-packages/turtle_dekart_control_interface/_turtle_dekart_control_interface_s.ep.rosidl_typesupport_introspection_c.c
-- Installing: /home/za1van/ros2_ws/install/turtle_dekart_control_interface/lib/python3.12/site-packages/turtle_dekart_control_interface/turtle_dekart_control_interface_s__rosidl_typesupport_c.so
-- Installing: /home/za1van/ros2_ws/install/turtle_dekart_control_interface/lib/python3.12/site-packages/turtle_dekart_control_interface/turtle_dekart_control_interface_s__rosidl_typesupport_introspection_c.so
-- Installing: /home/za1van/ros2_ws/install/turtle_dekart_control_interface/lib/python3.12/site-packages/turtle_dekart_control_interface/__init__.py
-- Installing: /home/za1van/ros2_ws/install/turtle_dekart_control_interface/lib/python3.12/site-packages/turtle_dekart_control_interface/_turtle_dekart_control_interface_s.ep.rosidl_typesupport_fastrtps_c.c
-- Installing: /home/za1van/ros2_ws/install/turtle_dekart_control_interface/lib/python3.12/site-packages/turtle_dekart_control_interface/turtle_dekart_control_interface_s__rosidl_typesupport_fastrtps_c.so
-- Installing: /home/za1van/ros2_ws/install/turtle_dekart_control_interface/lib/python3.12/site-packages/turtle_dekart_control_interface/msg
-- Installing: /home/za1van/ros2_ws/install/turtle_dekart_control_interface/lib/python3.12/site-packages/turtle_dekart_control_interface/msg/_numbers_s.c
-- Installing: /home/za1van/ros2_ws/install/turtle_dekart_control_interface/lib/python3.12/site-packages/turtle_dekart_control_interface/msg/__init__.py
-- Installing: /home/za1van/ros2_ws/install/turtle_dekart_control_interface/lib/python3.12/site-packages/turtle_dekart_control_interface/msg/_numbers.py
-- Installing: /home/za1van/ros2_ws/install/turtle_dekart_control_interface/lib/python3.12/site-packages/turtle_dekart_control_interface/_turtle_dekart_control_interface_s.ep.rosidl_typesupport_c.c
Listing '/home/za1van/ros2_ws/install/turtle_dekart_control_interface/lib/python3.12/site-packages/turtle_dekart_control_interface'...
Compiling '/home/za1van/ros2_ws/install/turtle_dekart_control_interface/lib/python3.12/site-packages/turtle_dekart_control_interface/__init__.py'...
Listing '/home/za1van/ros2_ws/install/turtle_dekart_control_interface/lib/python3.12/site-packages/turtle_dekart_control_interface/msg'...
Compiling '/home/za1van/ros2_ws/install/turtle_dekart_control_interface/lib/python3.12/site-packages/turtle_dekart_control_interface/msg/__init__.py'...
Compiling '/home/za1van/ros2_ws/install/turtle_dekart_control_interface/lib/python3.12/site-packages/turtle_dekart_control_interface/msg/_numbers.py'...
-- Installing: /home/za1van/ros2_ws/install/turtle_dekart_control_interface/lib/python3.12/site-packages/turtle_dekart_control_interface/turtle_dekart_control_interface_s__rosidl_typesupport_fastrtps_c.so
-- Set non-toolchain portion of runtime path of "/home/za1van/ros2_ws/install/turtle_dekart_control_interface/lib/python3.12/site-packages/turtle_dekart_control_interface/turtle_dekart_control_interface_s__rosidl_typesupport_fastrtps_c.so" to ""
-- Installing: /home/za1van/ros2_ws/install/turtle_dekart_control_interface/lib/python3.12/site-packages/turtle_dekart_control_interface/turtle_dekart_control_interface_s__rosidl_typesupport_introspection_c.so
-- Set non-toolchain portion of runtime path of "/home/za1van/ros2_ws/install/turtle_dekart_control_interface/lib/python3.12/site-packages/turtle_dekart_control_interface/turtle_dekart_control_interface_s__rosidl_typesupport_introspection_c.so" to ""
-- Installing: /home/za1van/ros2_ws/install/turtle_dekart_control_interface/lib/python3.12/site-packages/turtle_dekart_control_interface/turtle_dekart_control_interface_s__rosidl_typesupport_c.so
-- Set non-toolchain portion of runtime path of "/home/za1van/ros2_ws/install/turtle_dekart_control_interface/lib/python3.12/site-packages/turtle_dekart_control_interface/turtle_dekart_control_interface_s__rosidl_typesupport_c.so" to ""
-- Installing: /home/za1van/ros2_ws/install/turtle_dekart_control_interface/lib/libturtle_dekart_control_interface__rosidl_generator_py.so
-- Set non-toolchain portion of runtime path of "/home/za1van/ros2_ws/install/turtle_dekart_control_interface/lib/libturtle_dekart_control_interface__rosidl_generator_py.so" to ""
-- Installing: /home/za1van/ros2_ws/install/turtle_dekart_control_interface/share/turtle_dekart_control_interface/msg/Numbers.idl
-- Installing: /home/za1van/ros2_ws/install/turtle_dekart_control_interface/share/turtle_dekart_control_interface/msg/Numbers.msg
-- Installing: /home/za1van/ros2_ws/install/turtle_dekart_control_interface/share/ament_index/resource_index/package_run_dependencies/turtle_dekart_control_interface
-- Installing: /home/za1van/ros2_ws/install/turtle_dekart_control_interface/share/ament_index/resource_index/parent_prefix_path/turtle_dekart_control_interface
-- Installing: /home/za1van/ros2_ws/install/turtle_dekart_control_interface/share/turtle_dekart_control_interface/environment/ament_prefix_path.sh
-- Installing: /home/za1van/ros2_ws/install/turtle_dekart_control_interface/share/turtle_dekart_control_interface/environment/ament_prefix_path.dsv
-- Installing: /home/za1van/ros2_ws/install/turtle_dekart_control_interface/share/turtle_dekart_control_interface/environment/path.sh
-- Installing: /home/za1van/ros2_ws/install/turtle_dekart_control_interface/share/turtle_dekart_control_interface/environment/path.dsv
-- Installing: /home/za1van/ros2_ws/install/turtle_dekart_control_interface/share/turtle_dekart_control_interface/local_setup.bash
-- Installing: /home/za1van/ros2_ws/install/turtle_dekart_control_interface/share/turtle_dekart_control_interface/local_setup.sh
-- Installing: /home/za1van/ros2_ws/install/turtle_dekart_control_interface/share/turtle_dekart_control_interface/local_setup.zsh
-- Installing: /home/za1van/ros2_ws/install/turtle_dekart_control_interface/share/turtle_dekart_control_interface/local_setup.dsv
-- Installing: /home/za1van/ros2_ws/install/turtle_dekart_control_interface/share/turtle_dekart_control_interface/package.dsv
-- Installing: /home/za1van/ros2_ws/install/turtle_dekart_control_interface/share/ament_index/resource_index/packages/turtle_dekart_control_interface
-- Installing: /home/za1van/ros2_ws/install/turtle_dekart_control_interface/share/turtle_dekart_control_interface/cmake/export_turtle_dekart_control_interface__rosidl_generator_cExport.cmake
-- Installing: /home/za1van/ros2_ws/install/turtle_dekart_control_interface/share/turtle_dekart_control_interface/cmake/export_turtle_dekart_control_interface__rosidl_generator_cExport-noconfig.cmake
-- Installing: /home/za1van/ros2_ws/install/turtle_dekart_control_interface/share/turtle_dekart_control_interface/cmake/export_turtle_dekart_control_interface__rosidl_typesupport_fastrtps_cExport.cmake
-- Installing: /home/za1van/ros2_ws/install/turtle_dekart_control_interface/share/turtle_dekart_control_interface/cmake/export_turtle_dekart_control_interface__rosidl_typesupport_fastrtps_cExport-noconfig.cmake
-- Installing: /home/za1van/ros2_ws/install/turtle_dekart_control_interface/share/turtle_dekart_control_interface/cmake/turtle_dekart_control_interface__rosidl_typesupport_introspection_cExport.cmake
-- Installing: /home/za1van/ros2_ws/install/turtle_dekart_control_interface/share/turtle_dekart_control_interface/cmake/turtle_dekart_control_interface__rosidl_typesupport_introspection_cExport-noconfig.cmake
-- Installing: /home/za1van/ros2_ws/install/turtle_dekart_control_interface/share/turtle_dekart_control_interface/cmake/turtle_dekart_control_interface__rosidl_typesupport_cExport.cmake
-- Installing: /home/za1van/ros2_ws/install/turtle_dekart_control_interface/share/turtle_dekart_control_interface/cmake/turtle_dekart_control_interface__rosidl_typesupport_cExport-noconfig.cmake
-- Installing: /home/za1van/ros2_ws/install/turtle_dekart_control_interface/share/turtle_dekart_control_interface/cmake/export_turtle_dekart_control_interface__rosidl_generator_cppExport.cmake
-- Installing: /home/za1van/ros2_ws/install/turtle_dekart_control_interface/share/turtle_dekart_control_interface/cmake/export_turtle_dekart_control_interface__rosidl_typesupport_fastrtps_cppExport.cmake
-- Installing: /home/za1van/ros2_ws/install/turtle_dekart_control_interface/share/turtle_dekart_control_interface/cmake/export_turtle_dekart_control_interface__rosidl_typesupport_fastrtps_cppExport-noconfig.cmake
-- Installing: /home/za1van/ros2_ws/install/turtle_dekart_control_interface/share/turtle_dekart_control_interface/cmake/turtle_dekart_control_interface__rosidl_typesupport_introspection_cppExport.cmake
-- Installing: /home/za1van/ros2_ws/install/turtle_dekart_control_interface/share/turtle_dekart_control_interface/cmake/turtle_dekart_control_interface__rosidl_typesupport_introspection_cppExport-noconfig.cmake
-- Installing: /home/za1van/ros2_ws/install/turtle_dekart_control_interface/share/turtle_dekart_control_interface/cmake/turtle_dekart_control_interface__rosidl_typesupport_cppExport.cmake
-- Installing: /home/za1van/ros2_ws/install/turtle_dekart_control_interface/share/turtle_dekart_control_interface/cmake/turtle_dekart_control_interface__rosidl_typesupport_cppExport-noconfig.cmake
-- Installing: /home/za1van/ros2_ws/install/turtle_dekart_control_interface/share/turtle_dekart_control_interface/cmake/export_turtle_dekart_control_interface__rosidl_generator_pyExport.cmake
-- Installing: /home/za1van/ros2_ws/install/turtle_dekart_control_interface/share/turtle_dekart_control_interface/cmake/export_turtle_dekart_control_interface__rosidl_generator_pyExport-noconfig.cmake
-- Installing: /home/za1van/ros2_ws/install/turtle_dekart_control_interface/share/turtle_dekart_control_interface/cmake/rosidl_cmake-extras.cmake
-- Installing: /home/za1van/ros2_ws/install/turtle_dekart_control_interface/share/turtle_dekart_control_interface/cmake/ament_cmake_export_include_directories-extras.cmake
-- Installing: /home/za1van/ros2_ws/install/turtle_dekart_control_interface/share/turtle_dekart_control_interface/cmake/ament_cmake_export_libraries-extras.cmake
-- Installing: /home/za1van/ros2_ws/install/turtle_dekart_control_interface/share/turtle_dekart_control_interface/cmake/ament_cmake_export_targets-extras.cmake
-- Installing: /home/za1van/ros2_ws/install/turtle_dekart_control_interface/share/turtle_dekart_control_interface/cmake/rosidl_cmake_export_typesupport_targets-extras.cmake
-- Installing: /home/za1van/ros2_ws/install/turtle_dekart_control_interface/share/turtle_dekart_control_interface/cmake/ament_cmake_export_dependencies-extras.cmake
-- Installing: /home/za1van/ros2_ws/install/turtle_dekart_control_interface/share/turtle_dekart_control_interface/cmake/rosidl_cmake_export_typesupport_libraries-extras.cmake
-- Installing: /home/za1van/ros2_ws/install/turtle_dekart_control_interface/share/turtle_dekart_control_interface/cmake/turtle_dekart_control_interfaceConfig.cmake
-- Installing: /home/za1van/ros2_ws/install/turtle_dekart_control_interface/share/turtle_dekart_control_interface/cmake/turtle_dekart_control_interfaceConfig-version.cmake
-- Installing: /home/za1van/ros2_ws/install/turtle_dekart_control_interface/share/turtle_dekart_control_interface/package.xml
