[4.071s] Invoking command in '/home/za1van/ros2_ws/src/3t': DEBUGINFOD_URLS=https://debuginfod.ubuntu.com PYTHONPATH=/home/za1van/ros2_ws/build/3t/prefix_override:/usr/lib/python3/dist-packages/colcon_core/task/python/colcon_distutils_commands:/home/za1van/ros2_ws/install/3t/lib/python3.12/site-packages:${PYTHONPATH} /usr/bin/python3 -W ignore:setup.py install is deprecated -W ignore:easy_install command is deprecated setup.py egg_info --egg-base ../../build/3t build --build-base /home/za1van/ros2_ws/build/3t/build install --record /home/za1van/ros2_ws/build/3t/install.log --single-version-externally-managed install_data
[5.538s] running egg_info
[5.777s] writing ../../build/3t/3t.egg-info/PKG-INFO
[5.778s] writing dependency_links to ../../build/3t/3t.egg-info/dependency_links.txt
[5.782s] writing entry points to ../../build/3t/3t.egg-info/entry_points.txt
[5.786s] writing requirements to ../../build/3t/3t.egg-info/requires.txt
[5.786s] writing top-level names to ../../build/3t/3t.egg-info/top_level.txt
[6.007s] reading manifest file '../../build/3t/3t.egg-info/SOURCES.txt'
[6.008s] writing manifest file '../../build/3t/3t.egg-info/SOURCES.txt'
[6.008s] running build
[6.009s] running build_py
[6.012s] running install
[6.031s] running install_lib
[6.169s] running install_data
[6.170s] running install_egg_info
[6.281s] removing '/home/za1van/ros2_ws/install/3t/lib/python3.12/site-packages/3t-0.0.0-py3.12.egg-info' (and everything under it)
[6.286s] Copying ../../build/3t/3t.egg-info to /home/za1van/ros2_ws/install/3t/lib/python3.12/site-packages/3t-0.0.0-py3.12.egg-info
[6.289s] running install_scripts
[6.943s] Installing sled script to /home/za1van/ros2_ws/install/3t/lib/3t
[6.943s] writing list of installed files to '/home/za1van/ros2_ws/build/3t/install.log'
[7.315s] Invoked command in '/home/za1van/ros2_ws/src/3t' returned '0': DEBUGINFOD_URLS=https://debuginfod.ubuntu.com PYTHONPATH=/home/za1van/ros2_ws/build/3t/prefix_override:/usr/lib/python3/dist-packages/colcon_core/task/python/colcon_distutils_commands:/home/za1van/ros2_ws/install/3t/lib/python3.12/site-packages:${PYTHONPATH} /usr/bin/python3 -W ignore:setup.py install is deprecated -W ignore:easy_install command is deprecated setup.py egg_info --egg-base ../../build/3t build --build-base /home/za1van/ros2_ws/build/3t/build install --record /home/za1van/ros2_ws/build/3t/install.log --single-version-externally-managed install_data
