[2.943s] Invoking command in '/home/za1van/ros2_ws/src/3t': DEBUGINFOD_URLS=https://debuginfod.ubuntu.com PYTHONPATH=/home/za1van/ros2_ws/src/build/3t/prefix_override:/usr/lib/python3/dist-packages/colcon_core/task/python/colcon_distutils_commands:/home/za1van/ros2_ws/src/install/3t/lib/python3.12/site-packages:${PYTHONPATH} /usr/bin/python3 -W ignore:setup.py install is deprecated -W ignore:easy_install command is deprecated setup.py egg_info --egg-base ../build/3t build --build-base /home/za1van/ros2_ws/src/build/3t/build install --record /home/za1van/ros2_ws/src/build/3t/install.log --single-version-externally-managed install_data
[3.811s] running egg_info
[3.881s] writing ../build/3t/3t.egg-info/PKG-INFO
[3.883s] writing dependency_links to ../build/3t/3t.egg-info/dependency_links.txt
[3.885s] writing entry points to ../build/3t/3t.egg-info/entry_points.txt
[3.885s] writing requirements to ../build/3t/3t.egg-info/requires.txt
[3.886s] writing top-level names to ../build/3t/3t.egg-info/top_level.txt
[4.044s] reading manifest file '../build/3t/3t.egg-info/SOURCES.txt'
[4.054s] writing manifest file '../build/3t/3t.egg-info/SOURCES.txt'
[4.054s] running build
[4.055s] running build_py
[4.055s] copying 3t/sled.py -> /home/za1van/ros2_ws/src/build/3t/build/lib/3t
[4.055s] running install
[4.102s] running install_lib
[4.255s] copying /home/za1van/ros2_ws/src/build/3t/build/lib/3t/sled.py -> /home/za1van/ros2_ws/src/install/3t/lib/python3.12/site-packages/3t
[4.257s] byte-compiling /home/za1van/ros2_ws/src/install/3t/lib/python3.12/site-packages/3t/sled.py to sled.cpython-312.pyc
[4.265s] running install_data
[4.265s] running install_egg_info
[4.397s] removing '/home/za1van/ros2_ws/src/install/3t/lib/python3.12/site-packages/3t-0.0.0-py3.12.egg-info' (and everything under it)
[4.398s] Copying ../build/3t/3t.egg-info to /home/za1van/ros2_ws/src/install/3t/lib/python3.12/site-packages/3t-0.0.0-py3.12.egg-info
[4.403s] running install_scripts
[4.901s] Installing sled script to /home/za1van/ros2_ws/src/install/3t/lib/3t
[4.902s] writing list of installed files to '/home/za1van/ros2_ws/src/build/3t/install.log'
[4.962s] Invoked command in '/home/za1van/ros2_ws/src/3t' returned '0': DEBUGINFOD_URLS=https://debuginfod.ubuntu.com PYTHONPATH=/home/za1van/ros2_ws/src/build/3t/prefix_override:/usr/lib/python3/dist-packages/colcon_core/task/python/colcon_distutils_commands:/home/za1van/ros2_ws/src/install/3t/lib/python3.12/site-packages:${PYTHONPATH} /usr/bin/python3 -W ignore:setup.py install is deprecated -W ignore:easy_install command is deprecated setup.py egg_info --egg-base ../build/3t build --build-base /home/za1van/ros2_ws/src/build/3t/build install --record /home/za1van/ros2_ws/src/build/3t/install.log --single-version-externally-managed install_data
