[0.074s] Invoking command in '/home/za1van/ros2_ws/build/my_action_interface': CMAKE_PREFIX_PATH=${CMAKE_PREFIX_PATH}:/opt/ros/jazzy DEBUGINFOD_URLS=https://debuginfod.ubuntu.com /usr/bin/cmake /home/za1van/ros2_ws/src/my_action_interface -DCMAKE_INSTALL_PREFIX=/home/za1van/ros2_ws/install/my_action_interface
[0.097s] [0mCMake Deprecation Warning at CMakeLists.txt:1 (cmake_minimum_required):
[0.098s]   Compatibility with CMake < 3.10 will be removed from a future version of
[0.099s]   CMake.
[0.099s] 
[0.100s]   Update the VERSION argument <min> value.  Or, use the <min>...<max> syntax
[0.101s]   to tell CMake that the project requires at least <min> but has been updated
[0.102s]   to work with policies introduced by <max> or earlier.
[0.104s] 
[0.105s] [0m
[0.323s] -- The C compiler identification is GNU 13.3.0
[0.674s] -- The CXX compiler identification is GNU 13.3.0
[0.724s] -- Detecting C compiler ABI info
[1.108s] -- Detecting C compiler ABI info - done
[1.171s] -- Check for working C compiler: /usr/bin/cc - skipped
[1.171s] -- Detecting C compile features
[1.173s] -- Detecting C compile features - done
[1.218s] -- Detecting CXX compiler ABI info
[1.573s] -- Detecting CXX compiler ABI info - done
[1.649s] -- Check for working CXX compiler: /usr/bin/c++ - skipped
[1.652s] -- Detecting CXX compile features
[1.653s] -- Detecting CXX compile features - done
[1.698s] -- Found ament_cmake: 2.5.4 (/opt/ros/jazzy/share/ament_cmake/cmake)
[4.677s] -- Found Python3: /usr/bin/python3 (found version "3.12.3") found components: Interpreter
[5.520s] -- Found rosidl_default_generators: 1.6.0 (/opt/ros/jazzy/share/rosidl_default_generators/cmake)
[5.549s] -- Using all available rosidl_typesupport_c: rosidl_typesupport_fastrtps_c;rosidl_typesupport_introspection_c
[6.017s] -- Using all available rosidl_typesupport_cpp: rosidl_typesupport_fastrtps_cpp;rosidl_typesupport_introspection_cpp
[6.371s] -- Found rosidl_adapter: 4.6.6 (/opt/ros/jazzy/share/rosidl_adapter/cmake)
[8.133s] -- Found ament_cmake_ros: 0.12.0 (/opt/ros/jazzy/share/ament_cmake_ros/cmake)
[9.272s] -- Using all available rosidl_typesupport_c: rosidl_typesupport_fastrtps_c;rosidl_typesupport_introspection_c
[10.741s] -- Using all available rosidl_typesupport_cpp: rosidl_typesupport_fastrtps_cpp;rosidl_typesupport_introspection_cpp
[10.752s] -- Found python_cmake_module: 0.11.1 (/opt/ros/jazzy/share/python_cmake_module/cmake)
[11.046s] -- Found PythonExtra: /usr/bin/python3
[11.999s] -- Found Python3: /usr/bin/python3 (found version "3.12.3") found components: Interpreter Development NumPy Development.Module Development.Embed
[12.117s] -- Found ament_lint_auto: 0.17.3 (/opt/ros/jazzy/share/ament_lint_auto/cmake)
[12.318s] -- Added test 'lint_cmake' to check CMake code style
[12.369s] -- Added test 'xmllint' to check XML markup files
[12.440s] -- Configuring done (12.4s)
[12.841s] -- Generating done (0.4s)
[12.890s] -- Build files have been written to: /home/za1van/ros2_ws/build/my_action_interface
