[0.137s] Invoking command in '/home/za1van/ros2_ws/build/my_custom_interface': CMAKE_PREFIX_PATH=${CMAKE_PREFIX_PATH}:/opt/ros/jazzy DEBUGINFOD_URLS=https://debuginfod.ubuntu.com /usr/bin/cmake --build /home/za1van/ros2_ws/build/my_custom_interface -- -j4 -l4
[0.242s] [  2%] Built target my_custom_interface__rosidl_generator_type_description
[0.285s] [ 17%] Built target my_custom_interface__rosidl_generator_c
[0.316s] [ 17%] Built target ament_cmake_python_copy_my_custom_interface
[0.318s] [ 20%] Built target my_custom_interface__cpp
[0.352s] [ 29%] Built target my_custom_interface__rosidl_typesupport_introspection_c
[0.366s] [ 38%] Built target my_custom_interface__rosidl_typesupport_fastrtps_c
[0.370s] [ 47%] Built target my_custom_interface__rosidl_typesupport_c
[0.422s] [ 55%] Built target my_custom_interface__rosidl_typesupport_cpp
[0.445s] [ 64%] Built target my_custom_interface__rosidl_typesupport_introspection_cpp
[0.456s] [ 73%] Built target my_custom_interface__rosidl_typesupport_fastrtps_cpp
[0.527s] [ 73%] Built target my_custom_interface
[0.571s] [ 76%] Built target my_custom_interface__py
[0.620s] [ 82%] Built target my_custom_interface__rosidl_generator_py
[0.705s] [ 88%] Built target my_custom_interface_s__rosidl_typesupport_fastrtps_c
[0.707s] [ 94%] Built target my_custom_interface_s__rosidl_typesupport_c
[0.729s] [100%] Built target my_custom_interface_s__rosidl_typesupport_introspection_c
[2.188s] running egg_info
[2.357s] writing my_custom_interface.egg-info/PKG-INFO
[2.357s] writing dependency_links to my_custom_interface.egg-info/dependency_links.txt
[2.358s] writing top-level names to my_custom_interface.egg-info/top_level.txt
[2.705s] reading manifest file 'my_custom_interface.egg-info/SOURCES.txt'
[2.707s] writing manifest file 'my_custom_interface.egg-info/SOURCES.txt'
[2.801s] [100%] Built target ament_cmake_python_build_my_custom_interface_egg
[2.845s] Invoked command in '/home/za1van/ros2_ws/build/my_custom_interface' returned '0': CMAKE_PREFIX_PATH=${CMAKE_PREFIX_PATH}:/opt/ros/jazzy DEBUGINFOD_URLS=https://debuginfod.ubuntu.com /usr/bin/cmake --build /home/za1van/ros2_ws/build/my_custom_interface -- -j4 -l4
[2.846s] Invoking command in '/home/za1van/ros2_ws/build/my_custom_interface': CMAKE_PREFIX_PATH=${CMAKE_PREFIX_PATH}:/opt/ros/jazzy DEBUGINFOD_URLS=https://debuginfod.ubuntu.com /usr/bin/cmake --install /home/za1van/ros2_ws/build/my_custom_interface
[2.867s] -- Install configuration: ""
[2.867s] -- Up-to-date: /home/za1van/ros2_ws/install/my_custom_interface/share/ament_index/resource_index/rosidl_interfaces/my_custom_interface
[2.873s] -- Up-to-date: /home/za1van/ros2_ws/install/my_custom_interface/share/my_custom_interface/msg/Numbers.json
[2.873s] -- Up-to-date: /home/za1van/ros2_ws/install/my_custom_interface/include/my_custom_interface/my_custom_interface
[2.873s] -- Up-to-date: /home/za1van/ros2_ws/install/my_custom_interface/include/my_custom_interface/my_custom_interface/msg
[2.875s] -- Up-to-date: /home/za1van/ros2_ws/install/my_custom_interface/include/my_custom_interface/my_custom_interface/msg/rosidl_generator_c__visibility_control.h
[2.876s] -- Up-to-date: /home/za1van/ros2_ws/install/my_custom_interface/include/my_custom_interface/my_custom_interface/msg/detail
[2.876s] -- Up-to-date: /home/za1van/ros2_ws/install/my_custom_interface/include/my_custom_interface/my_custom_interface/msg/detail/numbers__functions.c
[2.876s] -- Up-to-date: /home/za1van/ros2_ws/install/my_custom_interface/include/my_custom_interface/my_custom_interface/msg/detail/numbers__struct.h
[2.879s] -- Installing: /home/za1van/ros2_ws/install/my_custom_interface/include/my_custom_interface/my_custom_interface/msg/detail/numbers__type_support.c
[2.879s] -- Up-to-date: /home/za1van/ros2_ws/install/my_custom_interface/include/my_custom_interface/my_custom_interface/msg/detail/numbers__description.c
[2.881s] -- Up-to-date: /home/za1van/ros2_ws/install/my_custom_interface/include/my_custom_interface/my_custom_interface/msg/detail/numbers__type_support.h
[2.885s] -- Up-to-date: /home/za1van/ros2_ws/install/my_custom_interface/include/my_custom_interface/my_custom_interface/msg/detail/numbers__functions.h
[2.885s] -- Up-to-date: /home/za1van/ros2_ws/install/my_custom_interface/include/my_custom_interface/my_custom_interface/msg/numbers.h
[2.885s] -- Up-to-date: /home/za1van/ros2_ws/install/my_custom_interface/share/my_custom_interface/environment/library_path.sh
[2.888s] -- Up-to-date: /home/za1van/ros2_ws/install/my_custom_interface/share/my_custom_interface/environment/library_path.dsv
[2.888s] -- Up-to-date: /home/za1van/ros2_ws/install/my_custom_interface/lib/libmy_custom_interface__rosidl_generator_c.so
[2.889s] -- Up-to-date: /home/za1van/ros2_ws/install/my_custom_interface/include/my_custom_interface/my_custom_interface
[2.890s] -- Up-to-date: /home/za1van/ros2_ws/install/my_custom_interface/include/my_custom_interface/my_custom_interface/msg
[2.890s] -- Up-to-date: /home/za1van/ros2_ws/install/my_custom_interface/include/my_custom_interface/my_custom_interface/msg/rosidl_typesupport_fastrtps_c__visibility_control.h
[2.890s] -- Up-to-date: /home/za1van/ros2_ws/install/my_custom_interface/include/my_custom_interface/my_custom_interface/msg/detail
[2.895s] -- Up-to-date: /home/za1van/ros2_ws/install/my_custom_interface/include/my_custom_interface/my_custom_interface/msg/detail/numbers__rosidl_typesupport_fastrtps_c.h
[2.895s] -- Up-to-date: /home/za1van/ros2_ws/install/my_custom_interface/lib/libmy_custom_interface__rosidl_typesupport_fastrtps_c.so
[2.896s] -- Up-to-date: /home/za1van/ros2_ws/install/my_custom_interface/include/my_custom_interface/my_custom_interface
[2.898s] -- Up-to-date: /home/za1van/ros2_ws/install/my_custom_interface/include/my_custom_interface/my_custom_interface/msg
[2.899s] -- Up-to-date: /home/za1van/ros2_ws/install/my_custom_interface/include/my_custom_interface/my_custom_interface/msg/detail
[2.902s] -- Up-to-date: /home/za1van/ros2_ws/install/my_custom_interface/include/my_custom_interface/my_custom_interface/msg/detail/numbers__rosidl_typesupport_introspection_c.h
[2.910s] -- Installing: /home/za1van/ros2_ws/install/my_custom_interface/include/my_custom_interface/my_custom_interface/msg/detail/numbers__type_support.c
[2.911s] -- Up-to-date: /home/za1van/ros2_ws/install/my_custom_interface/include/my_custom_interface/my_custom_interface/msg/rosidl_typesupport_introspection_c__visibility_control.h
[2.911s] -- Up-to-date: /home/za1van/ros2_ws/install/my_custom_interface/lib/libmy_custom_interface__rosidl_typesupport_introspection_c.so
[2.911s] -- Up-to-date: /home/za1van/ros2_ws/install/my_custom_interface/lib/libmy_custom_interface__rosidl_typesupport_c.so
[2.911s] -- Up-to-date: /home/za1van/ros2_ws/install/my_custom_interface/include/my_custom_interface/my_custom_interface
[2.911s] -- Up-to-date: /home/za1van/ros2_ws/install/my_custom_interface/include/my_custom_interface/my_custom_interface/msg
[2.912s] -- Up-to-date: /home/za1van/ros2_ws/install/my_custom_interface/include/my_custom_interface/my_custom_interface/msg/rosidl_generator_cpp__visibility_control.hpp
[2.913s] -- Up-to-date: /home/za1van/ros2_ws/install/my_custom_interface/include/my_custom_interface/my_custom_interface/msg/numbers.hpp
[2.913s] -- Up-to-date: /home/za1van/ros2_ws/install/my_custom_interface/include/my_custom_interface/my_custom_interface/msg/detail
[2.913s] -- Up-to-date: /home/za1van/ros2_ws/install/my_custom_interface/include/my_custom_interface/my_custom_interface/msg/detail/numbers__struct.hpp
[2.914s] -- Up-to-date: /home/za1van/ros2_ws/install/my_custom_interface/include/my_custom_interface/my_custom_interface/msg/detail/numbers__builder.hpp
[2.914s] -- Up-to-date: /home/za1van/ros2_ws/install/my_custom_interface/include/my_custom_interface/my_custom_interface/msg/detail/numbers__type_support.hpp
[2.922s] -- Up-to-date: /home/za1van/ros2_ws/install/my_custom_interface/include/my_custom_interface/my_custom_interface/msg/detail/numbers__traits.hpp
[2.924s] -- Up-to-date: /home/za1van/ros2_ws/install/my_custom_interface/include/my_custom_interface/my_custom_interface
[2.924s] -- Up-to-date: /home/za1van/ros2_ws/install/my_custom_interface/include/my_custom_interface/my_custom_interface/msg
[2.924s] -- Up-to-date: /home/za1van/ros2_ws/install/my_custom_interface/include/my_custom_interface/my_custom_interface/msg/rosidl_typesupport_fastrtps_cpp__visibility_control.h
[2.924s] -- Up-to-date: /home/za1van/ros2_ws/install/my_custom_interface/include/my_custom_interface/my_custom_interface/msg/detail
[2.925s] -- Up-to-date: /home/za1van/ros2_ws/install/my_custom_interface/include/my_custom_interface/my_custom_interface/msg/detail/dds_fastrtps
[2.925s] -- Up-to-date: /home/za1van/ros2_ws/install/my_custom_interface/include/my_custom_interface/my_custom_interface/msg/detail/numbers__rosidl_typesupport_fastrtps_cpp.hpp
[2.927s] -- Up-to-date: /home/za1van/ros2_ws/install/my_custom_interface/lib/libmy_custom_interface__rosidl_typesupport_fastrtps_cpp.so
[2.928s] -- Up-to-date: /home/za1van/ros2_ws/install/my_custom_interface/include/my_custom_interface/my_custom_interface
[2.928s] -- Up-to-date: /home/za1van/ros2_ws/install/my_custom_interface/include/my_custom_interface/my_custom_interface/msg
[2.930s] -- Up-to-date: /home/za1van/ros2_ws/install/my_custom_interface/include/my_custom_interface/my_custom_interface/msg/detail
[2.930s] -- Up-to-date: /home/za1van/ros2_ws/install/my_custom_interface/include/my_custom_interface/my_custom_interface/msg/detail/numbers__rosidl_typesupport_introspection_cpp.hpp
[2.930s] -- Up-to-date: /home/za1van/ros2_ws/install/my_custom_interface/include/my_custom_interface/my_custom_interface/msg/detail/numbers__type_support.cpp
[2.934s] -- Up-to-date: /home/za1van/ros2_ws/install/my_custom_interface/lib/libmy_custom_interface__rosidl_typesupport_introspection_cpp.so
[2.935s] -- Up-to-date: /home/za1van/ros2_ws/install/my_custom_interface/lib/libmy_custom_interface__rosidl_typesupport_cpp.so
[2.935s] -- Up-to-date: /home/za1van/ros2_ws/install/my_custom_interface/share/my_custom_interface/environment/pythonpath.sh
[2.935s] -- Up-to-date: /home/za1van/ros2_ws/install/my_custom_interface/share/my_custom_interface/environment/pythonpath.dsv
[2.935s] -- Up-to-date: /home/za1van/ros2_ws/install/my_custom_interface/lib/python3.12/site-packages/my_custom_interface-0.0.0-py3.12.egg-info
[2.939s] -- Installing: /home/za1van/ros2_ws/install/my_custom_interface/lib/python3.12/site-packages/my_custom_interface-0.0.0-py3.12.egg-info/dependency_links.txt
[2.940s] -- Installing: /home/za1van/ros2_ws/install/my_custom_interface/lib/python3.12/site-packages/my_custom_interface-0.0.0-py3.12.egg-info/PKG-INFO
[2.940s] -- Installing: /home/za1van/ros2_ws/install/my_custom_interface/lib/python3.12/site-packages/my_custom_interface-0.0.0-py3.12.egg-info/top_level.txt
[2.940s] -- Installing: /home/za1van/ros2_ws/install/my_custom_interface/lib/python3.12/site-packages/my_custom_interface-0.0.0-py3.12.egg-info/SOURCES.txt
[2.945s] -- Up-to-date: /home/za1van/ros2_ws/install/my_custom_interface/lib/python3.12/site-packages/my_custom_interface
[2.946s] -- Up-to-date: /home/za1van/ros2_ws/install/my_custom_interface/lib/python3.12/site-packages/my_custom_interface/my_custom_interface_s__rosidl_typesupport_c.so
[2.947s] -- Up-to-date: /home/za1van/ros2_ws/install/my_custom_interface/lib/python3.12/site-packages/my_custom_interface/_my_custom_interface_s.ep.rosidl_typesupport_fastrtps_c.c
[2.947s] -- Up-to-date: /home/za1van/ros2_ws/install/my_custom_interface/lib/python3.12/site-packages/my_custom_interface/my_custom_interface_s__rosidl_typesupport_introspection_c.so
[2.947s] -- Up-to-date: /home/za1van/ros2_ws/install/my_custom_interface/lib/python3.12/site-packages/my_custom_interface/my_custom_interface_s__rosidl_typesupport_fastrtps_c.so
[2.948s] -- Up-to-date: /home/za1van/ros2_ws/install/my_custom_interface/lib/python3.12/site-packages/my_custom_interface/__init__.py
[2.951s] -- Up-to-date: /home/za1van/ros2_ws/install/my_custom_interface/lib/python3.12/site-packages/my_custom_interface/_my_custom_interface_s.ep.rosidl_typesupport_c.c
[2.951s] -- Up-to-date: /home/za1van/ros2_ws/install/my_custom_interface/lib/python3.12/site-packages/my_custom_interface/_my_custom_interface_s.ep.rosidl_typesupport_introspection_c.c
[2.955s] -- Up-to-date: /home/za1van/ros2_ws/install/my_custom_interface/lib/python3.12/site-packages/my_custom_interface/msg
[2.956s] -- Up-to-date: /home/za1van/ros2_ws/install/my_custom_interface/lib/python3.12/site-packages/my_custom_interface/msg/_numbers_s.c
[2.956s] -- Up-to-date: /home/za1van/ros2_ws/install/my_custom_interface/lib/python3.12/site-packages/my_custom_interface/msg/__init__.py
[2.956s] -- Up-to-date: /home/za1van/ros2_ws/install/my_custom_interface/lib/python3.12/site-packages/my_custom_interface/msg/_numbers.py
[3.190s] Listing '/home/za1van/ros2_ws/install/my_custom_interface/lib/python3.12/site-packages/my_custom_interface'...
[3.190s] Listing '/home/za1van/ros2_ws/install/my_custom_interface/lib/python3.12/site-packages/my_custom_interface/msg'...
[3.241s] -- Up-to-date: /home/za1van/ros2_ws/install/my_custom_interface/lib/python3.12/site-packages/my_custom_interface/my_custom_interface_s__rosidl_typesupport_fastrtps_c.so
[3.243s] -- Up-to-date: /home/za1van/ros2_ws/install/my_custom_interface/lib/python3.12/site-packages/my_custom_interface/my_custom_interface_s__rosidl_typesupport_introspection_c.so
[3.250s] -- Up-to-date: /home/za1van/ros2_ws/install/my_custom_interface/lib/python3.12/site-packages/my_custom_interface/my_custom_interface_s__rosidl_typesupport_c.so
[3.253s] -- Up-to-date: /home/za1van/ros2_ws/install/my_custom_interface/lib/libmy_custom_interface__rosidl_generator_py.so
[3.254s] -- Up-to-date: /home/za1van/ros2_ws/install/my_custom_interface/share/my_custom_interface/msg/Numbers.idl
[3.255s] -- Up-to-date: /home/za1van/ros2_ws/install/my_custom_interface/share/my_custom_interface/msg/Numbers.msg
[3.256s] -- Up-to-date: /home/za1van/ros2_ws/install/my_custom_interface/share/ament_index/resource_index/package_run_dependencies/my_custom_interface
[3.256s] -- Up-to-date: /home/za1van/ros2_ws/install/my_custom_interface/share/ament_index/resource_index/parent_prefix_path/my_custom_interface
[3.256s] -- Up-to-date: /home/za1van/ros2_ws/install/my_custom_interface/share/my_custom_interface/environment/ament_prefix_path.sh
[3.256s] -- Up-to-date: /home/za1van/ros2_ws/install/my_custom_interface/share/my_custom_interface/environment/ament_prefix_path.dsv
[3.256s] -- Up-to-date: /home/za1van/ros2_ws/install/my_custom_interface/share/my_custom_interface/environment/path.sh
[3.258s] -- Up-to-date: /home/za1van/ros2_ws/install/my_custom_interface/share/my_custom_interface/environment/path.dsv
[3.258s] -- Up-to-date: /home/za1van/ros2_ws/install/my_custom_interface/share/my_custom_interface/local_setup.bash
[3.261s] -- Up-to-date: /home/za1van/ros2_ws/install/my_custom_interface/share/my_custom_interface/local_setup.sh
[3.263s] -- Up-to-date: /home/za1van/ros2_ws/install/my_custom_interface/share/my_custom_interface/local_setup.zsh
[3.263s] -- Up-to-date: /home/za1van/ros2_ws/install/my_custom_interface/share/my_custom_interface/local_setup.dsv
[3.263s] -- Installing: /home/za1van/ros2_ws/install/my_custom_interface/share/my_custom_interface/package.dsv
[3.263s] -- Up-to-date: /home/za1van/ros2_ws/install/my_custom_interface/share/ament_index/resource_index/packages/my_custom_interface
[3.267s] -- Up-to-date: /home/za1van/ros2_ws/install/my_custom_interface/share/my_custom_interface/cmake/export_my_custom_interface__rosidl_generator_cExport.cmake
[3.268s] -- Up-to-date: /home/za1van/ros2_ws/install/my_custom_interface/share/my_custom_interface/cmake/export_my_custom_interface__rosidl_generator_cExport-noconfig.cmake
[3.269s] -- Up-to-date: /home/za1van/ros2_ws/install/my_custom_interface/share/my_custom_interface/cmake/export_my_custom_interface__rosidl_typesupport_fastrtps_cExport.cmake
[3.269s] -- Up-to-date: /home/za1van/ros2_ws/install/my_custom_interface/share/my_custom_interface/cmake/export_my_custom_interface__rosidl_typesupport_fastrtps_cExport-noconfig.cmake
[3.269s] -- Up-to-date: /home/za1van/ros2_ws/install/my_custom_interface/share/my_custom_interface/cmake/my_custom_interface__rosidl_typesupport_introspection_cExport.cmake
[3.269s] -- Up-to-date: /home/za1van/ros2_ws/install/my_custom_interface/share/my_custom_interface/cmake/my_custom_interface__rosidl_typesupport_introspection_cExport-noconfig.cmake
[3.273s] -- Up-to-date: /home/za1van/ros2_ws/install/my_custom_interface/share/my_custom_interface/cmake/my_custom_interface__rosidl_typesupport_cExport.cmake
[3.273s] -- Up-to-date: /home/za1van/ros2_ws/install/my_custom_interface/share/my_custom_interface/cmake/my_custom_interface__rosidl_typesupport_cExport-noconfig.cmake
[3.274s] -- Up-to-date: /home/za1van/ros2_ws/install/my_custom_interface/share/my_custom_interface/cmake/export_my_custom_interface__rosidl_generator_cppExport.cmake
[3.276s] -- Up-to-date: /home/za1van/ros2_ws/install/my_custom_interface/share/my_custom_interface/cmake/export_my_custom_interface__rosidl_typesupport_fastrtps_cppExport.cmake
[3.276s] -- Up-to-date: /home/za1van/ros2_ws/install/my_custom_interface/share/my_custom_interface/cmake/export_my_custom_interface__rosidl_typesupport_fastrtps_cppExport-noconfig.cmake
[3.282s] -- Up-to-date: /home/za1van/ros2_ws/install/my_custom_interface/share/my_custom_interface/cmake/my_custom_interface__rosidl_typesupport_introspection_cppExport.cmake
[3.283s] -- Up-to-date: /home/za1van/ros2_ws/install/my_custom_interface/share/my_custom_interface/cmake/my_custom_interface__rosidl_typesupport_introspection_cppExport-noconfig.cmake
[3.287s] -- Up-to-date: /home/za1van/ros2_ws/install/my_custom_interface/share/my_custom_interface/cmake/my_custom_interface__rosidl_typesupport_cppExport.cmake
[3.288s] -- Up-to-date: /home/za1van/ros2_ws/install/my_custom_interface/share/my_custom_interface/cmake/my_custom_interface__rosidl_typesupport_cppExport-noconfig.cmake
[3.292s] -- Up-to-date: /home/za1van/ros2_ws/install/my_custom_interface/share/my_custom_interface/cmake/export_my_custom_interface__rosidl_generator_pyExport.cmake
[3.294s] -- Up-to-date: /home/za1van/ros2_ws/install/my_custom_interface/share/my_custom_interface/cmake/export_my_custom_interface__rosidl_generator_pyExport-noconfig.cmake
[3.294s] -- Up-to-date: /home/za1van/ros2_ws/install/my_custom_interface/share/my_custom_interface/cmake/rosidl_cmake-extras.cmake
[3.294s] -- Up-to-date: /home/za1van/ros2_ws/install/my_custom_interface/share/my_custom_interface/cmake/ament_cmake_export_include_directories-extras.cmake
[3.295s] -- Up-to-date: /home/za1van/ros2_ws/install/my_custom_interface/share/my_custom_interface/cmake/ament_cmake_export_libraries-extras.cmake
[3.295s] -- Up-to-date: /home/za1van/ros2_ws/install/my_custom_interface/share/my_custom_interface/cmake/ament_cmake_export_targets-extras.cmake
[3.298s] -- Up-to-date: /home/za1van/ros2_ws/install/my_custom_interface/share/my_custom_interface/cmake/rosidl_cmake_export_typesupport_targets-extras.cmake
[3.298s] -- Up-to-date: /home/za1van/ros2_ws/install/my_custom_interface/share/my_custom_interface/cmake/ament_cmake_export_dependencies-extras.cmake
[3.298s] -- Up-to-date: /home/za1van/ros2_ws/install/my_custom_interface/share/my_custom_interface/cmake/rosidl_cmake_export_typesupport_libraries-extras.cmake
[3.304s] -- Up-to-date: /home/za1van/ros2_ws/install/my_custom_interface/share/my_custom_interface/cmake/my_custom_interfaceConfig.cmake
[3.304s] -- Up-to-date: /home/za1van/ros2_ws/install/my_custom_interface/share/my_custom_interface/cmake/my_custom_interfaceConfig-version.cmake
[3.304s] -- Up-to-date: /home/za1van/ros2_ws/install/my_custom_interface/share/my_custom_interface/package.xml
[3.307s] Invoked command in '/home/za1van/ros2_ws/build/my_custom_interface' returned '0': CMAKE_PREFIX_PATH=${CMAKE_PREFIX_PATH}:/opt/ros/jazzy DEBUGINFOD_URLS=https://debuginfod.ubuntu.com /usr/bin/cmake --install /home/za1van/ros2_ws/build/my_custom_interface
