[2.247s] Invoking command in '/home/za1van/ros2_ws/src/my_service_client': CMAKE_PREFIX_PATH=/home/za1van/ros2_ws/install/my_service_interfaces:/home/za1van/ros2_ws/install/my_custom_interface:/home/za1van/ros2_ws/install/my_action_interface:/opt/ros/jazzy/opt/gz_math_vendor:/opt/ros/jazzy/opt/gz_utils_vendor:/opt/ros/jazzy/opt/gz_cmake_vendor DEBUGINFOD_URLS=https://debuginfod.ubuntu.com LD_LIBRARY_PATH=/home/za1van/ros2_ws/install/my_service_interfaces/lib:/home/za1van/ros2_ws/install/my_custom_interface/lib:/home/za1van/ros2_ws/install/my_action_interface/lib:/opt/ros/jazzy/opt/rviz_ogre_vendor/lib:/opt/ros/jazzy/lib/x86_64-linux-gnu:/opt/ros/jazzy/opt/gz_math_vendor/lib:/opt/ros/jazzy/opt/gz_utils_vendor/lib:/opt/ros/jazzy/opt/gz_cmake_vendor/lib:/opt/ros/jazzy/lib PYTHONPATH=/home/za1van/ros2_ws/build/my_service_client/prefix_override:/usr/lib/python3/dist-packages/colcon_core/task/python/colcon_distutils_commands:/home/za1van/ros2_ws/install/my_service_client/lib/python3.12/site-packages:/home/za1van/ros2_ws/install/my_service_interfaces/lib/python3.12/site-packages:/home/za1van/ros2_ws/install/my_custom_interface/lib/python3.12/site-packages:/home/za1van/ros2_ws/install/my_turtle_controller/lib/python3.12/site-packages:/home/za1van/ros2_ws/install/my_service_server/lib/python3.12/site-packages:/home/za1van/ros2_ws/install/my_service_client/lib/python3.12/site-packages:/home/za1van/ros2_ws/install/my_project_start/lib/python3.12/site-packages:/home/za1van/ros2_ws/install/my_calculate_action/lib/python3.12/site-packages:/home/za1van/ros2_ws/install/my_action_interface/lib/python3.12/site-packages:/home/za1van/ros2_ws/install/3t/lib/python3.12/site-packages:/opt/ros/jazzy/lib/python3.12/site-packages /usr/bin/python3 -W ignore:setup.py install is deprecated -W ignore:easy_install command is deprecated setup.py egg_info --egg-base ../../build/my_service_client build --build-base /home/za1van/ros2_ws/build/my_service_client/build install --record /home/za1van/ros2_ws/build/my_service_client/install.log --single-version-externally-managed install_data
[2.931s] running egg_info
[2.984s] writing ../../build/my_service_client/my_service_client.egg-info/PKG-INFO
[2.985s] writing dependency_links to ../../build/my_service_client/my_service_client.egg-info/dependency_links.txt
[2.985s] writing entry points to ../../build/my_service_client/my_service_client.egg-info/entry_points.txt
[2.988s] writing requirements to ../../build/my_service_client/my_service_client.egg-info/requires.txt
[2.988s] writing top-level names to ../../build/my_service_client/my_service_client.egg-info/top_level.txt
[3.098s] reading manifest file '../../build/my_service_client/my_service_client.egg-info/SOURCES.txt'
[3.098s] writing manifest file '../../build/my_service_client/my_service_client.egg-info/SOURCES.txt'
[3.098s] running build
[3.098s] running build_py
[3.103s] running install
[3.114s] running install_lib
[3.169s] running install_data
[3.169s] running install_egg_info
[3.227s] removing '/home/za1van/ros2_ws/install/my_service_client/lib/python3.12/site-packages/my_service_client-0.0.0-py3.12.egg-info' (and everything under it)
[3.229s] Copying ../../build/my_service_client/my_service_client.egg-info to /home/za1van/ros2_ws/install/my_service_client/lib/python3.12/site-packages/my_service_client-0.0.0-py3.12.egg-info
[3.229s] running install_scripts
[3.576s] Installing velocity_client script to /home/za1van/ros2_ws/install/my_service_client/lib/my_service_client
[3.576s] writing list of installed files to '/home/za1van/ros2_ws/build/my_service_client/install.log'
[3.638s] Invoked command in '/home/za1van/ros2_ws/src/my_service_client' returned '0': CMAKE_PREFIX_PATH=/home/za1van/ros2_ws/install/my_service_interfaces:/home/za1van/ros2_ws/install/my_custom_interface:/home/za1van/ros2_ws/install/my_action_interface:/opt/ros/jazzy/opt/gz_math_vendor:/opt/ros/jazzy/opt/gz_utils_vendor:/opt/ros/jazzy/opt/gz_cmake_vendor DEBUGINFOD_URLS=https://debuginfod.ubuntu.com LD_LIBRARY_PATH=/home/za1van/ros2_ws/install/my_service_interfaces/lib:/home/za1van/ros2_ws/install/my_custom_interface/lib:/home/za1van/ros2_ws/install/my_action_interface/lib:/opt/ros/jazzy/opt/rviz_ogre_vendor/lib:/opt/ros/jazzy/lib/x86_64-linux-gnu:/opt/ros/jazzy/opt/gz_math_vendor/lib:/opt/ros/jazzy/opt/gz_utils_vendor/lib:/opt/ros/jazzy/opt/gz_cmake_vendor/lib:/opt/ros/jazzy/lib PYTHONPATH=/home/za1van/ros2_ws/build/my_service_client/prefix_override:/usr/lib/python3/dist-packages/colcon_core/task/python/colcon_distutils_commands:/home/za1van/ros2_ws/install/my_service_client/lib/python3.12/site-packages:/home/za1van/ros2_ws/install/my_service_interfaces/lib/python3.12/site-packages:/home/za1van/ros2_ws/install/my_custom_interface/lib/python3.12/site-packages:/home/za1van/ros2_ws/install/my_turtle_controller/lib/python3.12/site-packages:/home/za1van/ros2_ws/install/my_service_server/lib/python3.12/site-packages:/home/za1van/ros2_ws/install/my_service_client/lib/python3.12/site-packages:/home/za1van/ros2_ws/install/my_project_start/lib/python3.12/site-packages:/home/za1van/ros2_ws/install/my_calculate_action/lib/python3.12/site-packages:/home/za1van/ros2_ws/install/my_action_interface/lib/python3.12/site-packages:/home/za1van/ros2_ws/install/3t/lib/python3.12/site-packages:/opt/ros/jazzy/lib/python3.12/site-packages /usr/bin/python3 -W ignore:setup.py install is deprecated -W ignore:easy_install command is deprecated setup.py egg_info --egg-base ../../build/my_service_client build --build-base /home/za1van/ros2_ws/build/my_service_client/build install --record /home/za1van/ros2_ws/build/my_service_client/install.log --single-version-externally-managed install_data
