[0.163s] DEBUG:colcon:Command line arguments: ['/usr/bin/colcon', 'build']
[0.163s] DEBUG:colcon:Parsed command line arguments: Namespace(log_base=None, log_level=None, verb_name='build', build_base='build', install_base='install', merge_install=False, symlink_install=False, test_result_base=None, continue_on_error=False, executor='parallel', parallel_workers=4, event_handlers=None, ignore_user_meta=False, metas=['./colcon.meta'], base_paths=['.'], packages_ignore=None, packages_ignore_regex=None, paths=None, packages_up_to=None, packages_up_to_regex=None, packages_above=None, packages_above_and_dependencies=None, packages_above_depth=None, packages_select_by_dep=None, packages_skip_by_dep=None, packages_skip_up_to=None, packages_select_build_failed=False, packages_skip_build_finished=False, packages_select_test_failures=False, packages_skip_test_passed=False, packages_select=None, packages_skip=None, packages_select_regex=None, packages_skip_regex=None, packages_start=None, packages_end=None, allow_overriding=[], cmake_args=None, cmake_target=None, cmake_target_skip_unavailable=False, cmake_clean_cache=False, cmake_clean_first=False, cmake_force_configure=False, ament_cmake_args=None, catkin_cmake_args=None, catkin_skip_building_tests=False, verb_parser=<colcon_defaults.argument_parser.defaults.DefaultArgumentsDecorator object at 0x788545bac140>, verb_extension=<colcon_core.verb.build.BuildVerb object at 0x788545b2b800>, main=<bound method BuildVerb.main of <colcon_core.verb.build.BuildVerb object at 0x788545b2b800>>)
[0.223s] Level 1:colcon.colcon_core.package_discovery:discover_packages(colcon_meta) check parameters
[0.224s] Level 1:colcon.colcon_core.package_discovery:discover_packages(recursive) check parameters
[0.224s] Level 1:colcon.colcon_core.package_discovery:discover_packages(ignore) check parameters
[0.224s] Level 1:colcon.colcon_core.package_discovery:discover_packages(path) check parameters
[0.224s] Level 1:colcon.colcon_core.package_discovery:discover_packages(colcon_meta) discover
[0.224s] Level 1:colcon.colcon_core.package_discovery:discover_packages(recursive) discover
[0.224s] INFO:colcon.colcon_core.package_discovery:Crawling recursively for packages in '/home/za1van/Документы/собираем из исходников/zmrobo_init'
[0.224s] Level 1:colcon.colcon_core.package_identification:_identify(.) by extensions ['ignore', 'ignore_ament_install']
[0.224s] Level 1:colcon.colcon_core.package_identification:_identify(.) by extension 'ignore'
[0.224s] Level 1:colcon.colcon_core.package_identification:_identify(.) by extension 'ignore_ament_install'
[0.224s] Level 1:colcon.colcon_core.package_identification:_identify(.) by extensions ['colcon_pkg']
[0.224s] Level 1:colcon.colcon_core.package_identification:_identify(.) by extension 'colcon_pkg'
[0.224s] Level 1:colcon.colcon_core.package_identification:_identify(.) by extensions ['colcon_meta']
[0.224s] Level 1:colcon.colcon_core.package_identification:_identify(.) by extension 'colcon_meta'
[0.224s] Level 1:colcon.colcon_core.package_identification:_identify(.) by extensions ['ros']
[0.224s] Level 1:colcon.colcon_core.package_identification:_identify(.) by extension 'ros'
[0.266s] DEBUG:colcon.colcon_core.package_identification:Package '.' with type 'ros.ament_cmake' and name 'zmrobo_init'
[0.266s] Level 1:colcon.colcon_core.package_discovery:discover_packages(recursive) using defaults
[0.266s] Level 1:colcon.colcon_core.package_discovery:discover_packages(ignore) discover
[0.266s] Level 1:colcon.colcon_core.package_discovery:discover_packages(ignore) using defaults
[0.266s] Level 1:colcon.colcon_core.package_discovery:discover_packages(path) discover
[0.266s] Level 1:colcon.colcon_core.package_discovery:discover_packages(path) using defaults
[0.290s] Level 1:colcon.colcon_core.package_discovery:discover_packages(prefix_path) check parameters
[0.290s] Level 1:colcon.colcon_core.package_discovery:discover_packages(prefix_path) discover
[0.294s] DEBUG:colcon.colcon_installed_package_information.package_discovery:Found 348 installed packages in /opt/ros/jazzy
[0.295s] Level 1:colcon.colcon_core.package_discovery:discover_packages(prefix_path) using defaults
[0.366s] Level 5:colcon.colcon_core.verb:set package 'zmrobo_init' build argument 'cmake_args' from command line to 'None'
[0.366s] Level 5:colcon.colcon_core.verb:set package 'zmrobo_init' build argument 'cmake_target' from command line to 'None'
[0.366s] Level 5:colcon.colcon_core.verb:set package 'zmrobo_init' build argument 'cmake_target_skip_unavailable' from command line to 'False'
[0.366s] Level 5:colcon.colcon_core.verb:set package 'zmrobo_init' build argument 'cmake_clean_cache' from command line to 'False'
[0.367s] Level 5:colcon.colcon_core.verb:set package 'zmrobo_init' build argument 'cmake_clean_first' from command line to 'False'
[0.367s] Level 5:colcon.colcon_core.verb:set package 'zmrobo_init' build argument 'cmake_force_configure' from command line to 'False'
[0.367s] Level 5:colcon.colcon_core.verb:set package 'zmrobo_init' build argument 'ament_cmake_args' from command line to 'None'
[0.367s] Level 5:colcon.colcon_core.verb:set package 'zmrobo_init' build argument 'catkin_cmake_args' from command line to 'None'
[0.367s] Level 5:colcon.colcon_core.verb:set package 'zmrobo_init' build argument 'catkin_skip_building_tests' from command line to 'False'
[0.367s] DEBUG:colcon.colcon_core.verb:Building package 'zmrobo_init' with the following arguments: {'ament_cmake_args': None, 'build_base': '/home/za1van/Документы/собираем из исходников/zmrobo_init/build/zmrobo_init', 'catkin_cmake_args': None, 'catkin_skip_building_tests': False, 'cmake_args': None, 'cmake_clean_cache': False, 'cmake_clean_first': False, 'cmake_force_configure': False, 'cmake_target': None, 'cmake_target_skip_unavailable': False, 'install_base': '/home/za1van/Документы/собираем из исходников/zmrobo_init/install/zmrobo_init', 'merge_install': False, 'path': '/home/za1van/Документы/собираем из исходников/zmrobo_init', 'symlink_install': False, 'test_result_base': None}
[0.367s] INFO:colcon.colcon_core.executor:Executing jobs using 'parallel' executor
[0.368s] DEBUG:colcon.colcon_parallel_executor.executor.parallel:run_until_complete
[0.368s] INFO:colcon.colcon_ros.task.ament_cmake.build:Building ROS package in '/home/za1van/Документы/собираем из исходников/zmrobo_init' with build type 'ament_cmake'
[0.369s] INFO:colcon.colcon_cmake.task.cmake.build:Building CMake package in '/home/za1van/Документы/собираем из исходников/zmrobo_init'
[0.371s] INFO:colcon.colcon_core.plugin_system:Skipping extension 'colcon_core.shell.bat': Not used on non-Windows systems
[0.372s] INFO:colcon.colcon_core.shell:Skip shell extension 'powershell' for command environment: Not usable outside of PowerShell
[0.372s] DEBUG:colcon.colcon_core.shell:Skip shell extension 'dsv' for command environment
[0.389s] DEBUG:colcon.colcon_core.event_handler.log_command:Invoking command in '/home/za1van/Документы/собираем из исходников/zmrobo_init/build/zmrobo_init': CMAKE_PREFIX_PATH=${CMAKE_PREFIX_PATH}:/opt/ros/jazzy DEBUGINFOD_URLS=https://debuginfod.ubuntu.com /usr/bin/cmake --build /home/za1van/Документы/собираем из исходников/zmrobo_init/build/zmrobo_init -- -j4 -l4
[1.579s] DEBUG:colcon.colcon_core.event_handler.log_command:Invoked command in '/home/za1van/Документы/собираем из исходников/zmrobo_init/build/zmrobo_init' returned '2': CMAKE_PREFIX_PATH=${CMAKE_PREFIX_PATH}:/opt/ros/jazzy DEBUGINFOD_URLS=https://debuginfod.ubuntu.com /usr/bin/cmake --build /home/za1van/Документы/собираем из исходников/zmrobo_init/build/zmrobo_init -- -j4 -l4
[1.580s] Level 1:colcon.colcon_core.environment:create_environment_scripts_only(zmrobo_init)
[1.584s] Level 1:colcon.colcon_core.environment:checking '/home/za1van/Документы/собираем из исходников/zmrobo_init/install/zmrobo_init' for CMake module files
[1.585s] Level 1:colcon.colcon_core.environment:checking '/home/za1van/Документы/собираем из исходников/zmrobo_init/install/zmrobo_init' for CMake config files
[1.586s] Level 1:colcon.colcon_core.environment:checking '/home/za1van/Документы/собираем из исходников/zmrobo_init/install/zmrobo_init/bin'
[1.586s] Level 1:colcon.colcon_core.environment:checking '/home/za1van/Документы/собираем из исходников/zmrobo_init/install/zmrobo_init/lib/pkgconfig/zmrobo_init.pc'
[1.586s] Level 1:colcon.colcon_core.environment:checking '/home/za1van/Документы/собираем из исходников/zmrobo_init/install/zmrobo_init/lib/python3.12/site-packages'
[1.587s] Level 1:colcon.colcon_core.environment:checking '/home/za1van/Документы/собираем из исходников/zmrobo_init/install/zmrobo_init/bin'
[1.587s] INFO:colcon.colcon_core.shell:Creating package script '/home/za1van/Документы/собираем из исходников/zmrobo_init/install/zmrobo_init/share/zmrobo_init/package.ps1'
[1.588s] INFO:colcon.colcon_core.shell:Creating package descriptor '/home/za1van/Документы/собираем из исходников/zmrobo_init/install/zmrobo_init/share/zmrobo_init/package.dsv'
[1.589s] INFO:colcon.colcon_core.shell:Creating package script '/home/za1van/Документы/собираем из исходников/zmrobo_init/install/zmrobo_init/share/zmrobo_init/package.sh'
[1.590s] INFO:colcon.colcon_core.shell:Creating package script '/home/za1van/Документы/собираем из исходников/zmrobo_init/install/zmrobo_init/share/zmrobo_init/package.bash'
[1.591s] INFO:colcon.colcon_core.shell:Creating package script '/home/za1van/Документы/собираем из исходников/zmrobo_init/install/zmrobo_init/share/zmrobo_init/package.zsh'
[1.592s] Level 1:colcon.colcon_core.environment:create_file_with_runtime_dependencies(/home/za1van/Документы/собираем из исходников/zmrobo_init/install/zmrobo_init/share/colcon-core/packages/zmrobo_init)
[1.603s] DEBUG:colcon.colcon_parallel_executor.executor.parallel:closing loop
[1.603s] DEBUG:colcon.colcon_parallel_executor.executor.parallel:loop closed
[1.603s] DEBUG:colcon.colcon_parallel_executor.executor.parallel:run_until_complete finished with '2'
[1.603s] DEBUG:colcon.colcon_core.event_reactor:joining thread
[1.610s] INFO:colcon.colcon_core.plugin_system:Skipping extension 'colcon_notification.desktop_notification.terminal_notifier': Not used on non-Darwin systems
[1.611s] INFO:colcon.colcon_core.plugin_system:Skipping extension 'colcon_notification.desktop_notification.win32': Not used on non-Windows systems
[1.611s] INFO:colcon.colcon_notification.desktop_notification:Sending desktop notification using 'notify2'
[1.618s] DEBUG:colcon.colcon_core.event_reactor:joined thread
[1.618s] INFO:colcon.colcon_core.shell:Creating prefix script '/home/za1van/Документы/собираем из исходников/zmrobo_init/install/local_setup.ps1'
[1.620s] INFO:colcon.colcon_core.shell:Creating prefix util module '/home/za1van/Документы/собираем из исходников/zmrobo_init/install/_local_setup_util_ps1.py'
[1.623s] INFO:colcon.colcon_core.shell:Creating prefix chain script '/home/za1van/Документы/собираем из исходников/zmrobo_init/install/setup.ps1'
[1.624s] INFO:colcon.colcon_core.shell:Creating prefix script '/home/za1van/Документы/собираем из исходников/zmrobo_init/install/local_setup.sh'
[1.626s] INFO:colcon.colcon_core.shell:Creating prefix util module '/home/za1van/Документы/собираем из исходников/zmrobo_init/install/_local_setup_util_sh.py'
[1.627s] INFO:colcon.colcon_core.shell:Creating prefix chain script '/home/za1van/Документы/собираем из исходников/zmrobo_init/install/setup.sh'
[1.628s] INFO:colcon.colcon_core.shell:Creating prefix script '/home/za1van/Документы/собираем из исходников/zmrobo_init/install/local_setup.bash'
[1.629s] INFO:colcon.colcon_core.shell:Creating prefix chain script '/home/za1van/Документы/собираем из исходников/zmrobo_init/install/setup.bash'
[1.631s] INFO:colcon.colcon_core.shell:Creating prefix script '/home/za1van/Документы/собираем из исходников/zmrobo_init/install/local_setup.zsh'
[1.632s] INFO:colcon.colcon_core.shell:Creating prefix chain script '/home/za1van/Документы/собираем из исходников/zmrobo_init/install/setup.zsh'
