[0.069s] Invoking command in '/home/za1van/ros2_ws/build/my_service_interfaces': CMAKE_PREFIX_PATH=${CMAKE_PREFIX_PATH}:/opt/ros/jazzy DEBUGINFOD_URLS=https://debuginfod.ubuntu.com /usr/bin/cmake /home/za1van/ros2_ws/src/my_service_interfaces -DCMAKE_INSTALL_PREFIX=/home/za1van/ros2_ws/install/my_service_interfaces
[0.093s] [0mCMake Deprecation Warning at CMakeLists.txt:1 (cmake_minimum_required):
[0.094s]   Compatibility with CMake < 3.10 will be removed from a future version of
[0.095s]   CMake.
[0.095s] 
[0.096s]   Update the VERSION argument <min> value.  Or, use the <min>...<max> syntax
[0.096s]   to tell CMake that the project requires at least <min> but has been updated
[0.097s]   to work with policies introduced by <max> or earlier.
[0.097s] 
[0.098s] [0m
[0.341s] -- The C compiler identification is GNU 13.3.0
[0.667s] -- The CXX compiler identification is GNU 13.3.0
[0.727s] -- Detecting C compiler ABI info
[1.083s] -- Detecting C compiler ABI info - done
[1.153s] -- Check for working C compiler: /usr/bin/cc - skipped
[1.154s] -- Detecting C compile features
[1.157s] -- Detecting C compile features - done
[1.207s] -- Detecting CXX compiler ABI info
[1.581s] -- Detecting CXX compiler ABI info - done
[1.654s] -- Check for working CXX compiler: /usr/bin/c++ - skipped
[1.656s] -- Detecting CXX compile features
[1.658s] -- Detecting CXX compile features - done
[1.717s] -- Found ament_cmake: 2.5.4 (/opt/ros/jazzy/share/ament_cmake/cmake)
[4.382s] -- Found Python3: /usr/bin/python3 (found version "3.12.3") found components: Interpreter
[5.240s] -- Found rosidl_default_generators: 1.6.0 (/opt/ros/jazzy/share/rosidl_default_generators/cmake)
[5.284s] -- Using all available rosidl_typesupport_c: rosidl_typesupport_fastrtps_c;rosidl_typesupport_introspection_c
[5.791s] -- Using all available rosidl_typesupport_cpp: rosidl_typesupport_fastrtps_cpp;rosidl_typesupport_introspection_cpp
[6.194s] -- Found rosidl_adapter: 4.6.6 (/opt/ros/jazzy/share/rosidl_adapter/cmake)
[7.809s] -- Found ament_cmake_ros: 0.12.0 (/opt/ros/jazzy/share/ament_cmake_ros/cmake)
[8.913s] -- Using all available rosidl_typesupport_c: rosidl_typesupport_fastrtps_c;rosidl_typesupport_introspection_c
[10.402s] -- Using all available rosidl_typesupport_cpp: rosidl_typesupport_fastrtps_cpp;rosidl_typesupport_introspection_cpp
[10.413s] -- Found python_cmake_module: 0.11.1 (/opt/ros/jazzy/share/python_cmake_module/cmake)
[10.701s] -- Found PythonExtra: /usr/bin/python3
[11.638s] -- Found Python3: /usr/bin/python3 (found version "3.12.3") found components: Interpreter Development NumPy Development.Module Development.Embed
[11.743s] -- Found ament_lint_auto: 0.17.3 (/opt/ros/jazzy/share/ament_lint_auto/cmake)
[11.941s] -- Added test 'lint_cmake' to check CMake code style
[11.971s] -- Added test 'xmllint' to check XML markup files
[12.025s] -- Configuring done (11.9s)
[12.466s] -- Generating done (0.4s)
[12.526s] -- Build files have been written to: /home/za1van/ros2_ws/build/my_service_interfaces
