/home/za1van/ros2_ws/install/my_tf2_demo/lib/python3.12/site-packages/my_tf2_demo/turtle_tf2_listener.py
/home/za1van/ros2_ws/install/my_tf2_demo/lib/python3.12/site-packages/my_tf2_demo/__init__.py
/home/za1van/ros2_ws/install/my_tf2_demo/lib/python3.12/site-packages/my_tf2_demo/turtle_tf2_broadcaster.py
/home/za1van/ros2_ws/install/my_tf2_demo/lib/python3.12/site-packages/my_tf2_demo/spawn_second_turtle.py
/home/za1van/ros2_ws/install/my_tf2_demo/lib/python3.12/site-packages/my_tf2_demo/__pycache__/turtle_tf2_listener.cpython-312.pyc
/home/za1van/ros2_ws/install/my_tf2_demo/lib/python3.12/site-packages/my_tf2_demo/__pycache__/__init__.cpython-312.pyc
/home/za1van/ros2_ws/install/my_tf2_demo/lib/python3.12/site-packages/my_tf2_demo/__pycache__/turtle_tf2_broadcaster.cpython-312.pyc
/home/za1van/ros2_ws/install/my_tf2_demo/lib/python3.12/site-packages/my_tf2_demo/__pycache__/spawn_second_turtle.cpython-312.pyc
/home/za1van/ros2_ws/install/my_tf2_demo/share/ament_index/resource_index/packages/my_tf2_demo
/home/za1van/ros2_ws/install/my_tf2_demo/share/my_tf2_demo/package.xml
/home/za1van/ros2_ws/install/my_tf2_demo/share/my_tf2_demo/launch/tf2_turtlesim.launch.py
/home/za1van/ros2_ws/install/my_tf2_demo/lib/python3.12/site-packages/my_tf2_demo-0.0.0-py3.12.egg-info/dependency_links.txt
/home/za1van/ros2_ws/install/my_tf2_demo/lib/python3.12/site-packages/my_tf2_demo-0.0.0-py3.12.egg-info/PKG-INFO
/home/za1van/ros2_ws/install/my_tf2_demo/lib/python3.12/site-packages/my_tf2_demo-0.0.0-py3.12.egg-info/top_level.txt
/home/za1van/ros2_ws/install/my_tf2_demo/lib/python3.12/site-packages/my_tf2_demo-0.0.0-py3.12.egg-info/zip-safe
/home/za1van/ros2_ws/install/my_tf2_demo/lib/python3.12/site-packages/my_tf2_demo-0.0.0-py3.12.egg-info/entry_points.txt
/home/za1van/ros2_ws/install/my_tf2_demo/lib/python3.12/site-packages/my_tf2_demo-0.0.0-py3.12.egg-info/requires.txt
/home/za1van/ros2_ws/install/my_tf2_demo/lib/python3.12/site-packages/my_tf2_demo-0.0.0-py3.12.egg-info/SOURCES.txt
/home/za1van/ros2_ws/install/my_tf2_demo/lib/my_tf2_demo/spawn_second_turtle
/home/za1van/ros2_ws/install/my_tf2_demo/lib/my_tf2_demo/turtle_tf2_broadcaster
/home/za1van/ros2_ws/install/my_tf2_demo/lib/my_tf2_demo/turtle_tf2_listener
