[0.062s] Invoking command in '/home/za1van/ros2_ws/build/my_custom_interface': CMAKE_PREFIX_PATH=${CMAKE_PREFIX_PATH}:/opt/ros/jazzy DEBUGINFOD_URLS=https://debuginfod.ubuntu.com /usr/bin/cmake --build /home/za1van/ros2_ws/build/my_custom_interface -- -j4 -l4
[0.123s] [  2%] Built target my_custom_interface__rosidl_generator_type_description
[0.138s] [  2%] Built target ament_cmake_python_copy_my_custom_interface
[0.164s] [  5%] Built target my_custom_interface__cpp
[0.168s] [ 20%] Built target my_custom_interface__rosidl_generator_c
[0.242s] [ 29%] Built target my_custom_interface__rosidl_typesupport_introspection_cpp
[0.242s] [ 38%] Built target my_custom_interface__rosidl_typesupport_fastrtps_cpp
[0.251s] [ 47%] Built target my_custom_interface__rosidl_typesupport_cpp
[0.289s] [ 55%] Built target my_custom_interface__rosidl_typesupport_introspection_c
[0.297s] [ 73%] Built target my_custom_interface__rosidl_typesupport_fastrtps_c
[0.297s] [ 73%] Built target my_custom_interface__rosidl_typesupport_c
[0.332s] [ 73%] Built target my_custom_interface
[0.369s] [ 76%] Built target my_custom_interface__py
[0.418s] [ 82%] Built target my_custom_interface__rosidl_generator_py
[0.465s] [ 88%] Built target my_custom_interface_s__rosidl_typesupport_c
[0.472s] [ 97%] Built target my_custom_interface_s__rosidl_typesupport_introspection_c
[0.474s] [100%] Built target my_custom_interface_s__rosidl_typesupport_fastrtps_c
[0.798s] running egg_info
[0.854s] writing my_custom_interface.egg-info/PKG-INFO
[0.854s] writing dependency_links to my_custom_interface.egg-info/dependency_links.txt
[0.857s] writing top-level names to my_custom_interface.egg-info/top_level.txt
[1.035s] reading manifest file 'my_custom_interface.egg-info/SOURCES.txt'
[1.036s] writing manifest file 'my_custom_interface.egg-info/SOURCES.txt'
[1.091s] [100%] Built target ament_cmake_python_build_my_custom_interface_egg
[1.116s] Invoked command in '/home/za1van/ros2_ws/build/my_custom_interface' returned '0': CMAKE_PREFIX_PATH=${CMAKE_PREFIX_PATH}:/opt/ros/jazzy DEBUGINFOD_URLS=https://debuginfod.ubuntu.com /usr/bin/cmake --build /home/za1van/ros2_ws/build/my_custom_interface -- -j4 -l4
[1.118s] Invoking command in '/home/za1van/ros2_ws/build/my_custom_interface': CMAKE_PREFIX_PATH=${CMAKE_PREFIX_PATH}:/opt/ros/jazzy DEBUGINFOD_URLS=https://debuginfod.ubuntu.com /usr/bin/cmake --install /home/za1van/ros2_ws/build/my_custom_interface
[1.133s] -- Install configuration: ""
[1.135s] -- Up-to-date: /home/za1van/ros2_ws/install/my_custom_interface/share/ament_index/resource_index/rosidl_interfaces/my_custom_interface
[1.136s] -- Up-to-date: /home/za1van/ros2_ws/install/my_custom_interface/share/my_custom_interface/msg/Numbers.json
[1.137s] -- Up-to-date: /home/za1van/ros2_ws/install/my_custom_interface/include/my_custom_interface/my_custom_interface
[1.138s] -- Up-to-date: /home/za1van/ros2_ws/install/my_custom_interface/include/my_custom_interface/my_custom_interface/msg
[1.138s] -- Up-to-date: /home/za1van/ros2_ws/install/my_custom_interface/include/my_custom_interface/my_custom_interface/msg/rosidl_generator_c__visibility_control.h
[1.139s] -- Up-to-date: /home/za1van/ros2_ws/install/my_custom_interface/include/my_custom_interface/my_custom_interface/msg/detail
[1.139s] -- Up-to-date: /home/za1van/ros2_ws/install/my_custom_interface/include/my_custom_interface/my_custom_interface/msg/detail/numbers__functions.c
[1.139s] -- Up-to-date: /home/za1van/ros2_ws/install/my_custom_interface/include/my_custom_interface/my_custom_interface/msg/detail/numbers__struct.h
[1.143s] -- Installing: /home/za1van/ros2_ws/install/my_custom_interface/include/my_custom_interface/my_custom_interface/msg/detail/numbers__type_support.c
[1.144s] -- Up-to-date: /home/za1van/ros2_ws/install/my_custom_interface/include/my_custom_interface/my_custom_interface/msg/detail/numbers__description.c
[1.144s] -- Up-to-date: /home/za1van/ros2_ws/install/my_custom_interface/include/my_custom_interface/my_custom_interface/msg/detail/numbers__type_support.h
[1.147s] -- Up-to-date: /home/za1van/ros2_ws/install/my_custom_interface/include/my_custom_interface/my_custom_interface/msg/detail/numbers__functions.h
[1.148s] -- Up-to-date: /home/za1van/ros2_ws/install/my_custom_interface/include/my_custom_interface/my_custom_interface/msg/numbers.h
[1.148s] -- Up-to-date: /home/za1van/ros2_ws/install/my_custom_interface/share/my_custom_interface/environment/library_path.sh
[1.148s] -- Up-to-date: /home/za1van/ros2_ws/install/my_custom_interface/share/my_custom_interface/environment/library_path.dsv
[1.148s] -- Up-to-date: /home/za1van/ros2_ws/install/my_custom_interface/lib/libmy_custom_interface__rosidl_generator_c.so
[1.150s] -- Up-to-date: /home/za1van/ros2_ws/install/my_custom_interface/include/my_custom_interface/my_custom_interface
[1.150s] -- Up-to-date: /home/za1van/ros2_ws/install/my_custom_interface/include/my_custom_interface/my_custom_interface/msg
[1.152s] -- Up-to-date: /home/za1van/ros2_ws/install/my_custom_interface/include/my_custom_interface/my_custom_interface/msg/rosidl_typesupport_fastrtps_c__visibility_control.h
[1.155s] -- Up-to-date: /home/za1van/ros2_ws/install/my_custom_interface/include/my_custom_interface/my_custom_interface/msg/detail
[1.157s] -- Up-to-date: /home/za1van/ros2_ws/install/my_custom_interface/include/my_custom_interface/my_custom_interface/msg/detail/numbers__rosidl_typesupport_fastrtps_c.h
[1.157s] -- Up-to-date: /home/za1van/ros2_ws/install/my_custom_interface/lib/libmy_custom_interface__rosidl_typesupport_fastrtps_c.so
[1.157s] -- Up-to-date: /home/za1van/ros2_ws/install/my_custom_interface/include/my_custom_interface/my_custom_interface
[1.159s] -- Up-to-date: /home/za1van/ros2_ws/install/my_custom_interface/include/my_custom_interface/my_custom_interface/msg
[1.159s] -- Up-to-date: /home/za1van/ros2_ws/install/my_custom_interface/include/my_custom_interface/my_custom_interface/msg/detail
[1.159s] -- Up-to-date: /home/za1van/ros2_ws/install/my_custom_interface/include/my_custom_interface/my_custom_interface/msg/detail/numbers__rosidl_typesupport_introspection_c.h
[1.159s] -- Installing: /home/za1van/ros2_ws/install/my_custom_interface/include/my_custom_interface/my_custom_interface/msg/detail/numbers__type_support.c
[1.164s] -- Up-to-date: /home/za1van/ros2_ws/install/my_custom_interface/include/my_custom_interface/my_custom_interface/msg/rosidl_typesupport_introspection_c__visibility_control.h
[1.164s] -- Up-to-date: /home/za1van/ros2_ws/install/my_custom_interface/lib/libmy_custom_interface__rosidl_typesupport_introspection_c.so
[1.164s] -- Up-to-date: /home/za1van/ros2_ws/install/my_custom_interface/lib/libmy_custom_interface__rosidl_typesupport_c.so
[1.164s] -- Up-to-date: /home/za1van/ros2_ws/install/my_custom_interface/include/my_custom_interface/my_custom_interface
[1.165s] -- Up-to-date: /home/za1van/ros2_ws/install/my_custom_interface/include/my_custom_interface/my_custom_interface/msg
[1.165s] -- Up-to-date: /home/za1van/ros2_ws/install/my_custom_interface/include/my_custom_interface/my_custom_interface/msg/rosidl_generator_cpp__visibility_control.hpp
[1.165s] -- Up-to-date: /home/za1van/ros2_ws/install/my_custom_interface/include/my_custom_interface/my_custom_interface/msg/numbers.hpp
[1.167s] -- Up-to-date: /home/za1van/ros2_ws/install/my_custom_interface/include/my_custom_interface/my_custom_interface/msg/detail
[1.168s] -- Up-to-date: /home/za1van/ros2_ws/install/my_custom_interface/include/my_custom_interface/my_custom_interface/msg/detail/numbers__struct.hpp
[1.171s] -- Up-to-date: /home/za1van/ros2_ws/install/my_custom_interface/include/my_custom_interface/my_custom_interface/msg/detail/numbers__builder.hpp
[1.172s] -- Up-to-date: /home/za1van/ros2_ws/install/my_custom_interface/include/my_custom_interface/my_custom_interface/msg/detail/numbers__type_support.hpp
[1.172s] -- Up-to-date: /home/za1van/ros2_ws/install/my_custom_interface/include/my_custom_interface/my_custom_interface/msg/detail/numbers__traits.hpp
[1.172s] -- Up-to-date: /home/za1van/ros2_ws/install/my_custom_interface/include/my_custom_interface/my_custom_interface
[1.172s] -- Up-to-date: /home/za1van/ros2_ws/install/my_custom_interface/include/my_custom_interface/my_custom_interface/msg
[1.174s] -- Up-to-date: /home/za1van/ros2_ws/install/my_custom_interface/include/my_custom_interface/my_custom_interface/msg/rosidl_typesupport_fastrtps_cpp__visibility_control.h
[1.175s] -- Up-to-date: /home/za1van/ros2_ws/install/my_custom_interface/include/my_custom_interface/my_custom_interface/msg/detail
[1.175s] -- Up-to-date: /home/za1van/ros2_ws/install/my_custom_interface/include/my_custom_interface/my_custom_interface/msg/detail/dds_fastrtps
[1.175s] -- Up-to-date: /home/za1van/ros2_ws/install/my_custom_interface/include/my_custom_interface/my_custom_interface/msg/detail/numbers__rosidl_typesupport_fastrtps_cpp.hpp
[1.179s] -- Up-to-date: /home/za1van/ros2_ws/install/my_custom_interface/lib/libmy_custom_interface__rosidl_typesupport_fastrtps_cpp.so
[1.179s] -- Up-to-date: /home/za1van/ros2_ws/install/my_custom_interface/include/my_custom_interface/my_custom_interface
[1.179s] -- Up-to-date: /home/za1van/ros2_ws/install/my_custom_interface/include/my_custom_interface/my_custom_interface/msg
[1.180s] -- Up-to-date: /home/za1van/ros2_ws/install/my_custom_interface/include/my_custom_interface/my_custom_interface/msg/detail
[1.180s] -- Up-to-date: /home/za1van/ros2_ws/install/my_custom_interface/include/my_custom_interface/my_custom_interface/msg/detail/numbers__rosidl_typesupport_introspection_cpp.hpp
[1.181s] -- Up-to-date: /home/za1van/ros2_ws/install/my_custom_interface/include/my_custom_interface/my_custom_interface/msg/detail/numbers__type_support.cpp
[1.182s] -- Up-to-date: /home/za1van/ros2_ws/install/my_custom_interface/lib/libmy_custom_interface__rosidl_typesupport_introspection_cpp.so
[1.182s] -- Up-to-date: /home/za1van/ros2_ws/install/my_custom_interface/lib/libmy_custom_interface__rosidl_typesupport_cpp.so
[1.182s] -- Up-to-date: /home/za1van/ros2_ws/install/my_custom_interface/share/my_custom_interface/environment/pythonpath.sh
[1.182s] -- Up-to-date: /home/za1van/ros2_ws/install/my_custom_interface/share/my_custom_interface/environment/pythonpath.dsv
[1.185s] -- Up-to-date: /home/za1van/ros2_ws/install/my_custom_interface/lib/python3.12/site-packages/my_custom_interface-0.0.0-py3.12.egg-info
[1.186s] -- Installing: /home/za1van/ros2_ws/install/my_custom_interface/lib/python3.12/site-packages/my_custom_interface-0.0.0-py3.12.egg-info/dependency_links.txt
[1.186s] -- Installing: /home/za1van/ros2_ws/install/my_custom_interface/lib/python3.12/site-packages/my_custom_interface-0.0.0-py3.12.egg-info/PKG-INFO
[1.187s] -- Installing: /home/za1van/ros2_ws/install/my_custom_interface/lib/python3.12/site-packages/my_custom_interface-0.0.0-py3.12.egg-info/top_level.txt
[1.188s] -- Installing: /home/za1van/ros2_ws/install/my_custom_interface/lib/python3.12/site-packages/my_custom_interface-0.0.0-py3.12.egg-info/SOURCES.txt
[1.189s] -- Up-to-date: /home/za1van/ros2_ws/install/my_custom_interface/lib/python3.12/site-packages/my_custom_interface
[1.189s] -- Up-to-date: /home/za1van/ros2_ws/install/my_custom_interface/lib/python3.12/site-packages/my_custom_interface/my_custom_interface_s__rosidl_typesupport_c.so
[1.191s] -- Up-to-date: /home/za1van/ros2_ws/install/my_custom_interface/lib/python3.12/site-packages/my_custom_interface/_my_custom_interface_s.ep.rosidl_typesupport_fastrtps_c.c
[1.191s] -- Up-to-date: /home/za1van/ros2_ws/install/my_custom_interface/lib/python3.12/site-packages/my_custom_interface/my_custom_interface_s__rosidl_typesupport_introspection_c.so
[1.191s] -- Up-to-date: /home/za1van/ros2_ws/install/my_custom_interface/lib/python3.12/site-packages/my_custom_interface/my_custom_interface_s__rosidl_typesupport_fastrtps_c.so
[1.191s] -- Up-to-date: /home/za1van/ros2_ws/install/my_custom_interface/lib/python3.12/site-packages/my_custom_interface/__init__.py
[1.192s] -- Up-to-date: /home/za1van/ros2_ws/install/my_custom_interface/lib/python3.12/site-packages/my_custom_interface/_my_custom_interface_s.ep.rosidl_typesupport_c.c
[1.193s] -- Up-to-date: /home/za1van/ros2_ws/install/my_custom_interface/lib/python3.12/site-packages/my_custom_interface/_my_custom_interface_s.ep.rosidl_typesupport_introspection_c.c
[1.193s] -- Up-to-date: /home/za1van/ros2_ws/install/my_custom_interface/lib/python3.12/site-packages/my_custom_interface/msg
[1.193s] -- Up-to-date: /home/za1van/ros2_ws/install/my_custom_interface/lib/python3.12/site-packages/my_custom_interface/msg/_numbers_s.c
[1.193s] -- Up-to-date: /home/za1van/ros2_ws/install/my_custom_interface/lib/python3.12/site-packages/my_custom_interface/msg/__init__.py
[1.195s] -- Up-to-date: /home/za1van/ros2_ws/install/my_custom_interface/lib/python3.12/site-packages/my_custom_interface/msg/_numbers.py
[1.305s] Listing '/home/za1van/ros2_ws/install/my_custom_interface/lib/python3.12/site-packages/my_custom_interface'...
[1.305s] Listing '/home/za1van/ros2_ws/install/my_custom_interface/lib/python3.12/site-packages/my_custom_interface/msg'...
[1.318s] -- Up-to-date: /home/za1van/ros2_ws/install/my_custom_interface/lib/python3.12/site-packages/my_custom_interface/my_custom_interface_s__rosidl_typesupport_fastrtps_c.so
[1.319s] -- Up-to-date: /home/za1van/ros2_ws/install/my_custom_interface/lib/python3.12/site-packages/my_custom_interface/my_custom_interface_s__rosidl_typesupport_introspection_c.so
[1.320s] -- Up-to-date: /home/za1van/ros2_ws/install/my_custom_interface/lib/python3.12/site-packages/my_custom_interface/my_custom_interface_s__rosidl_typesupport_c.so
[1.323s] -- Up-to-date: /home/za1van/ros2_ws/install/my_custom_interface/lib/libmy_custom_interface__rosidl_generator_py.so
[1.324s] -- Up-to-date: /home/za1van/ros2_ws/install/my_custom_interface/share/my_custom_interface/msg/Numbers.idl
[1.324s] -- Up-to-date: /home/za1van/ros2_ws/install/my_custom_interface/share/my_custom_interface/msg/Numbers.msg
[1.324s] -- Up-to-date: /home/za1van/ros2_ws/install/my_custom_interface/share/ament_index/resource_index/package_run_dependencies/my_custom_interface
[1.325s] -- Up-to-date: /home/za1van/ros2_ws/install/my_custom_interface/share/ament_index/resource_index/parent_prefix_path/my_custom_interface
[1.325s] -- Up-to-date: /home/za1van/ros2_ws/install/my_custom_interface/share/my_custom_interface/environment/ament_prefix_path.sh
[1.325s] -- Up-to-date: /home/za1van/ros2_ws/install/my_custom_interface/share/my_custom_interface/environment/ament_prefix_path.dsv
[1.325s] -- Up-to-date: /home/za1van/ros2_ws/install/my_custom_interface/share/my_custom_interface/environment/path.sh
[1.325s] -- Up-to-date: /home/za1van/ros2_ws/install/my_custom_interface/share/my_custom_interface/environment/path.dsv
[1.327s] -- Up-to-date: /home/za1van/ros2_ws/install/my_custom_interface/share/my_custom_interface/local_setup.bash
[1.327s] -- Up-to-date: /home/za1van/ros2_ws/install/my_custom_interface/share/my_custom_interface/local_setup.sh
[1.327s] -- Up-to-date: /home/za1van/ros2_ws/install/my_custom_interface/share/my_custom_interface/local_setup.zsh
[1.327s] -- Up-to-date: /home/za1van/ros2_ws/install/my_custom_interface/share/my_custom_interface/local_setup.dsv
[1.328s] -- Installing: /home/za1van/ros2_ws/install/my_custom_interface/share/my_custom_interface/package.dsv
[1.329s] -- Up-to-date: /home/za1van/ros2_ws/install/my_custom_interface/share/ament_index/resource_index/packages/my_custom_interface
[1.330s] -- Up-to-date: /home/za1van/ros2_ws/install/my_custom_interface/share/my_custom_interface/cmake/export_my_custom_interface__rosidl_generator_cExport.cmake
[1.333s] -- Up-to-date: /home/za1van/ros2_ws/install/my_custom_interface/share/my_custom_interface/cmake/export_my_custom_interface__rosidl_generator_cExport-noconfig.cmake
[1.333s] -- Up-to-date: /home/za1van/ros2_ws/install/my_custom_interface/share/my_custom_interface/cmake/export_my_custom_interface__rosidl_typesupport_fastrtps_cExport.cmake
[1.333s] -- Up-to-date: /home/za1van/ros2_ws/install/my_custom_interface/share/my_custom_interface/cmake/export_my_custom_interface__rosidl_typesupport_fastrtps_cExport-noconfig.cmake
[1.333s] -- Up-to-date: /home/za1van/ros2_ws/install/my_custom_interface/share/my_custom_interface/cmake/my_custom_interface__rosidl_typesupport_introspection_cExport.cmake
[1.333s] -- Up-to-date: /home/za1van/ros2_ws/install/my_custom_interface/share/my_custom_interface/cmake/my_custom_interface__rosidl_typesupport_introspection_cExport-noconfig.cmake
[1.335s] -- Up-to-date: /home/za1van/ros2_ws/install/my_custom_interface/share/my_custom_interface/cmake/my_custom_interface__rosidl_typesupport_cExport.cmake
[1.335s] -- Up-to-date: /home/za1van/ros2_ws/install/my_custom_interface/share/my_custom_interface/cmake/my_custom_interface__rosidl_typesupport_cExport-noconfig.cmake
[1.335s] -- Up-to-date: /home/za1van/ros2_ws/install/my_custom_interface/share/my_custom_interface/cmake/export_my_custom_interface__rosidl_generator_cppExport.cmake
[1.335s] -- Up-to-date: /home/za1van/ros2_ws/install/my_custom_interface/share/my_custom_interface/cmake/export_my_custom_interface__rosidl_typesupport_fastrtps_cppExport.cmake
[1.336s] -- Up-to-date: /home/za1van/ros2_ws/install/my_custom_interface/share/my_custom_interface/cmake/export_my_custom_interface__rosidl_typesupport_fastrtps_cppExport-noconfig.cmake
[1.337s] -- Up-to-date: /home/za1van/ros2_ws/install/my_custom_interface/share/my_custom_interface/cmake/my_custom_interface__rosidl_typesupport_introspection_cppExport.cmake
[1.337s] -- Up-to-date: /home/za1van/ros2_ws/install/my_custom_interface/share/my_custom_interface/cmake/my_custom_interface__rosidl_typesupport_introspection_cppExport-noconfig.cmake
[1.337s] -- Up-to-date: /home/za1van/ros2_ws/install/my_custom_interface/share/my_custom_interface/cmake/my_custom_interface__rosidl_typesupport_cppExport.cmake
[1.337s] -- Up-to-date: /home/za1van/ros2_ws/install/my_custom_interface/share/my_custom_interface/cmake/my_custom_interface__rosidl_typesupport_cppExport-noconfig.cmake
[1.337s] -- Up-to-date: /home/za1van/ros2_ws/install/my_custom_interface/share/my_custom_interface/cmake/export_my_custom_interface__rosidl_generator_pyExport.cmake
[1.340s] -- Up-to-date: /home/za1van/ros2_ws/install/my_custom_interface/share/my_custom_interface/cmake/export_my_custom_interface__rosidl_generator_pyExport-noconfig.cmake
[1.340s] -- Up-to-date: /home/za1van/ros2_ws/install/my_custom_interface/share/my_custom_interface/cmake/rosidl_cmake-extras.cmake
[1.340s] -- Up-to-date: /home/za1van/ros2_ws/install/my_custom_interface/share/my_custom_interface/cmake/ament_cmake_export_include_directories-extras.cmake
[1.340s] -- Up-to-date: /home/za1van/ros2_ws/install/my_custom_interface/share/my_custom_interface/cmake/ament_cmake_export_libraries-extras.cmake
[1.340s] -- Up-to-date: /home/za1van/ros2_ws/install/my_custom_interface/share/my_custom_interface/cmake/ament_cmake_export_targets-extras.cmake
[1.340s] -- Up-to-date: /home/za1van/ros2_ws/install/my_custom_interface/share/my_custom_interface/cmake/rosidl_cmake_export_typesupport_targets-extras.cmake
[1.345s] -- Up-to-date: /home/za1van/ros2_ws/install/my_custom_interface/share/my_custom_interface/cmake/ament_cmake_export_dependencies-extras.cmake
[1.345s] -- Up-to-date: /home/za1van/ros2_ws/install/my_custom_interface/share/my_custom_interface/cmake/rosidl_cmake_export_typesupport_libraries-extras.cmake
[1.345s] -- Up-to-date: /home/za1van/ros2_ws/install/my_custom_interface/share/my_custom_interface/cmake/my_custom_interfaceConfig.cmake
[1.345s] -- Up-to-date: /home/za1van/ros2_ws/install/my_custom_interface/share/my_custom_interface/cmake/my_custom_interfaceConfig-version.cmake
[1.346s] -- Up-to-date: /home/za1van/ros2_ws/install/my_custom_interface/share/my_custom_interface/package.xml
[1.346s] Invoked command in '/home/za1van/ros2_ws/build/my_custom_interface' returned '0': CMAKE_PREFIX_PATH=${CMAKE_PREFIX_PATH}:/opt/ros/jazzy DEBUGINFOD_URLS=https://debuginfod.ubuntu.com /usr/bin/cmake --install /home/za1van/ros2_ws/build/my_custom_interface
