running egg_info
writing ../../build/my_tf2_demo/my_tf2_demo.egg-info/PKG-INFO
writing dependency_links to ../../build/my_tf2_demo/my_tf2_demo.egg-info/dependency_links.txt
writing entry points to ../../build/my_tf2_demo/my_tf2_demo.egg-info/entry_points.txt
writing requirements to ../../build/my_tf2_demo/my_tf2_demo.egg-info/requires.txt
writing top-level names to ../../build/my_tf2_demo/my_tf2_demo.egg-info/top_level.txt
reading manifest file '../../build/my_tf2_demo/my_tf2_demo.egg-info/SOURCES.txt'
writing manifest file '../../build/my_tf2_demo/my_tf2_demo.egg-info/SOURCES.txt'
running build
running build_py
running install
running install_lib
running install_data
running install_egg_info
removing '/home/za1van/ros2_ws/install/my_tf2_demo/lib/python3.12/site-packages/my_tf2_demo-0.0.0-py3.12.egg-info' (and everything under it)
Copying ../../build/my_tf2_demo/my_tf2_demo.egg-info to /home/za1van/ros2_ws/install/my_tf2_demo/lib/python3.12/site-packages/my_tf2_demo-0.0.0-py3.12.egg-info
running install_scripts
Installing spawn_second_turtle script to /home/za1van/ros2_ws/install/my_tf2_demo/lib/my_tf2_demo
Installing turtle_tf2_broadcaster script to /home/za1van/ros2_ws/install/my_tf2_demo/lib/my_tf2_demo
Installing turtle_tf2_listener script to /home/za1van/ros2_ws/install/my_tf2_demo/lib/my_tf2_demo
writing list of installed files to '/home/za1van/ros2_ws/build/my_tf2_demo/install.log'
