[0.170s] DEBUG:colcon:Command line arguments: ['/usr/bin/colcon', 'build']
[0.170s] DEBUG:colcon:Parsed command line arguments: Namespace(log_base=None, log_level=None, verb_name='build', build_base='build', install_base='install', merge_install=False, symlink_install=False, test_result_base=None, continue_on_error=False, executor='parallel', parallel_workers=4, event_handlers=None, ignore_user_meta=False, metas=['./colcon.meta'], base_paths=['.'], packages_ignore=None, packages_ignore_regex=None, paths=None, packages_up_to=None, packages_up_to_regex=None, packages_above=None, packages_above_and_dependencies=None, packages_above_depth=None, packages_select_by_dep=None, packages_skip_by_dep=None, packages_skip_up_to=None, packages_select_build_failed=False, packages_skip_build_finished=False, packages_select_test_failures=False, packages_skip_test_passed=False, packages_select=None, packages_skip=None, packages_select_regex=None, packages_skip_regex=None, packages_start=None, packages_end=None, allow_overriding=[], cmake_args=None, cmake_target=None, cmake_target_skip_unavailable=False, cmake_clean_cache=False, cmake_clean_first=False, cmake_force_configure=False, ament_cmake_args=None, catkin_cmake_args=None, catkin_skip_building_tests=False, verb_parser=<colcon_defaults.argument_parser.defaults.DefaultArgumentsDecorator object at 0x7fcc39e39850>, verb_extension=<colcon_core.verb.build.BuildVerb object at 0x7fcc39dff080>, main=<bound method BuildVerb.main of <colcon_core.verb.build.BuildVerb object at 0x7fcc39dff080>>)
[0.220s] Level 1:colcon.colcon_core.package_discovery:discover_packages(colcon_meta) check parameters
[0.220s] Level 1:colcon.colcon_core.package_discovery:discover_packages(recursive) check parameters
[0.220s] Level 1:colcon.colcon_core.package_discovery:discover_packages(ignore) check parameters
[0.220s] Level 1:colcon.colcon_core.package_discovery:discover_packages(path) check parameters
[0.220s] Level 1:colcon.colcon_core.package_discovery:discover_packages(colcon_meta) discover
[0.220s] Level 1:colcon.colcon_core.package_discovery:discover_packages(recursive) discover
[0.220s] INFO:colcon.colcon_core.package_discovery:Crawling recursively for packages in '/home/za1van/ros2_ws/src'
[0.220s] Level 1:colcon.colcon_core.package_identification:_identify(.) by extensions ['ignore', 'ignore_ament_install']
[0.220s] Level 1:colcon.colcon_core.package_identification:_identify(.) by extension 'ignore'
[0.220s] Level 1:colcon.colcon_core.package_identification:_identify(.) by extension 'ignore_ament_install'
[0.221s] Level 1:colcon.colcon_core.package_identification:_identify(.) by extensions ['colcon_pkg']
[0.221s] Level 1:colcon.colcon_core.package_identification:_identify(.) by extension 'colcon_pkg'
[0.221s] Level 1:colcon.colcon_core.package_identification:_identify(.) by extensions ['colcon_meta']
[0.221s] Level 1:colcon.colcon_core.package_identification:_identify(.) by extension 'colcon_meta'
[0.221s] Level 1:colcon.colcon_core.package_identification:_identify(.) by extensions ['ros']
[0.221s] Level 1:colcon.colcon_core.package_identification:_identify(.) by extension 'ros'
[0.253s] Level 1:colcon.colcon_core.package_identification:_identify(.) by extensions ['cmake', 'python']
[0.253s] Level 1:colcon.colcon_core.package_identification:_identify(.) by extension 'cmake'
[0.253s] Level 1:colcon.colcon_core.package_identification:_identify(.) by extension 'python'
[0.254s] Level 1:colcon.colcon_core.package_identification:_identify(.) by extensions ['python_setup_py']
[0.254s] Level 1:colcon.colcon_core.package_identification:_identify(.) by extension 'python_setup_py'
[0.254s] Level 1:colcon.colcon_core.package_identification:_identify(3t) by extensions ['ignore', 'ignore_ament_install']
[0.254s] Level 1:colcon.colcon_core.package_identification:_identify(3t) by extension 'ignore'
[0.254s] Level 1:colcon.colcon_core.package_identification:_identify(3t) by extension 'ignore_ament_install'
[0.254s] Level 1:colcon.colcon_core.package_identification:_identify(3t) by extensions ['colcon_pkg']
[0.254s] Level 1:colcon.colcon_core.package_identification:_identify(3t) by extension 'colcon_pkg'
[0.254s] Level 1:colcon.colcon_core.package_identification:_identify(3t) by extensions ['colcon_meta']
[0.254s] Level 1:colcon.colcon_core.package_identification:_identify(3t) by extension 'colcon_meta'
[0.255s] Level 1:colcon.colcon_core.package_identification:_identify(3t) by extensions ['ros']
[0.255s] Level 1:colcon.colcon_core.package_identification:_identify(3t) by extension 'ros'
[0.258s] DEBUG:colcon.colcon_core.package_identification:Package '3t' with type 'ros.ament_python' and name '3t'
[0.259s] Level 1:colcon.colcon_core.package_identification:_identify(build) by extensions ['ignore', 'ignore_ament_install']
[0.259s] Level 1:colcon.colcon_core.package_identification:_identify(build) by extension 'ignore'
[0.259s] Level 1:colcon.colcon_core.package_identification:_identify(build) ignored
[0.259s] Level 1:colcon.colcon_core.package_identification:_identify(install) by extensions ['ignore', 'ignore_ament_install']
[0.259s] Level 1:colcon.colcon_core.package_identification:_identify(install) by extension 'ignore'
[0.259s] Level 1:colcon.colcon_core.package_identification:_identify(install) ignored
[0.259s] Level 1:colcon.colcon_core.package_identification:_identify(log) by extensions ['ignore', 'ignore_ament_install']
[0.260s] Level 1:colcon.colcon_core.package_identification:_identify(log) by extension 'ignore'
[0.260s] Level 1:colcon.colcon_core.package_identification:_identify(log) ignored
[0.260s] Level 1:colcon.colcon_core.package_identification:_identify(my_service_client) by extensions ['ignore', 'ignore_ament_install']
[0.260s] Level 1:colcon.colcon_core.package_identification:_identify(my_service_client) by extension 'ignore'
[0.260s] Level 1:colcon.colcon_core.package_identification:_identify(my_service_client) by extension 'ignore_ament_install'
[0.260s] Level 1:colcon.colcon_core.package_identification:_identify(my_service_client) by extensions ['colcon_pkg']
[0.260s] Level 1:colcon.colcon_core.package_identification:_identify(my_service_client) by extension 'colcon_pkg'
[0.260s] Level 1:colcon.colcon_core.package_identification:_identify(my_service_client) by extensions ['colcon_meta']
[0.260s] Level 1:colcon.colcon_core.package_identification:_identify(my_service_client) by extension 'colcon_meta'
[0.261s] Level 1:colcon.colcon_core.package_identification:_identify(my_service_client) by extensions ['ros']
[0.261s] Level 1:colcon.colcon_core.package_identification:_identify(my_service_client) by extension 'ros'
[0.261s] DEBUG:colcon.colcon_core.package_identification:Package 'my_service_client' with type 'ros.ament_python' and name 'my_service_client'
[0.262s] Level 1:colcon.colcon_core.package_identification:_identify(my_service_interfaces) by extensions ['ignore', 'ignore_ament_install']
[0.262s] Level 1:colcon.colcon_core.package_identification:_identify(my_service_interfaces) by extension 'ignore'
[0.262s] Level 1:colcon.colcon_core.package_identification:_identify(my_service_interfaces) by extension 'ignore_ament_install'
[0.262s] Level 1:colcon.colcon_core.package_identification:_identify(my_service_interfaces) by extensions ['colcon_pkg']
[0.262s] Level 1:colcon.colcon_core.package_identification:_identify(my_service_interfaces) by extension 'colcon_pkg'
[0.262s] Level 1:colcon.colcon_core.package_identification:_identify(my_service_interfaces) by extensions ['colcon_meta']
[0.262s] Level 1:colcon.colcon_core.package_identification:_identify(my_service_interfaces) by extension 'colcon_meta'
[0.262s] Level 1:colcon.colcon_core.package_identification:_identify(my_service_interfaces) by extensions ['ros']
[0.262s] Level 1:colcon.colcon_core.package_identification:_identify(my_service_interfaces) by extension 'ros'
[0.263s] DEBUG:colcon.colcon_core.package_identification:Package 'my_service_interfaces' with type 'ros.ament_cmake' and name 'my_service_interfaces'
[0.263s] Level 1:colcon.colcon_core.package_identification:_identify(my_service_server) by extensions ['ignore', 'ignore_ament_install']
[0.264s] Level 1:colcon.colcon_core.package_identification:_identify(my_service_server) by extension 'ignore'
[0.264s] Level 1:colcon.colcon_core.package_identification:_identify(my_service_server) by extension 'ignore_ament_install'
[0.264s] Level 1:colcon.colcon_core.package_identification:_identify(my_service_server) by extensions ['colcon_pkg']
[0.264s] Level 1:colcon.colcon_core.package_identification:_identify(my_service_server) by extension 'colcon_pkg'
[0.264s] Level 1:colcon.colcon_core.package_identification:_identify(my_service_server) by extensions ['colcon_meta']
[0.264s] Level 1:colcon.colcon_core.package_identification:_identify(my_service_server) by extension 'colcon_meta'
[0.264s] Level 1:colcon.colcon_core.package_identification:_identify(my_service_server) by extensions ['ros']
[0.264s] Level 1:colcon.colcon_core.package_identification:_identify(my_service_server) by extension 'ros'
[0.265s] DEBUG:colcon.colcon_core.package_identification:Package 'my_service_server' with type 'ros.ament_python' and name 'my_service_server'
[0.266s] Level 1:colcon.colcon_core.package_identification:_identify(my_turtle_controller) by extensions ['ignore', 'ignore_ament_install']
[0.266s] Level 1:colcon.colcon_core.package_identification:_identify(my_turtle_controller) by extension 'ignore'
[0.266s] Level 1:colcon.colcon_core.package_identification:_identify(my_turtle_controller) by extension 'ignore_ament_install'
[0.266s] Level 1:colcon.colcon_core.package_identification:_identify(my_turtle_controller) by extensions ['colcon_pkg']
[0.267s] Level 1:colcon.colcon_core.package_identification:_identify(my_turtle_controller) by extension 'colcon_pkg'
[0.267s] Level 1:colcon.colcon_core.package_identification:_identify(my_turtle_controller) by extensions ['colcon_meta']
[0.267s] Level 1:colcon.colcon_core.package_identification:_identify(my_turtle_controller) by extension 'colcon_meta'
[0.267s] Level 1:colcon.colcon_core.package_identification:_identify(my_turtle_controller) by extensions ['ros']
[0.267s] Level 1:colcon.colcon_core.package_identification:_identify(my_turtle_controller) by extension 'ros'
[0.268s] DEBUG:colcon.colcon_core.package_identification:Package 'my_turtle_controller' with type 'ros.ament_python' and name 'my_turtle_controller'
[0.268s] Level 1:colcon.colcon_core.package_discovery:discover_packages(recursive) using defaults
[0.268s] Level 1:colcon.colcon_core.package_discovery:discover_packages(ignore) discover
[0.268s] Level 1:colcon.colcon_core.package_discovery:discover_packages(ignore) using defaults
[0.268s] Level 1:colcon.colcon_core.package_discovery:discover_packages(path) discover
[0.268s] Level 1:colcon.colcon_core.package_discovery:discover_packages(path) using defaults
[0.301s] Level 1:colcon.colcon_core.package_discovery:discover_packages(prefix_path) check parameters
[0.301s] Level 1:colcon.colcon_core.package_discovery:discover_packages(prefix_path) discover
[0.306s] DEBUG:colcon.colcon_installed_package_information.package_discovery:Found 290 installed packages in /opt/ros/jazzy
[0.307s] Level 1:colcon.colcon_core.package_discovery:discover_packages(prefix_path) using defaults
[0.369s] Level 5:colcon.colcon_core.verb:set package '3t' build argument 'cmake_args' from command line to 'None'
[0.369s] Level 5:colcon.colcon_core.verb:set package '3t' build argument 'cmake_target' from command line to 'None'
[0.370s] Level 5:colcon.colcon_core.verb:set package '3t' build argument 'cmake_target_skip_unavailable' from command line to 'False'
[0.370s] Level 5:colcon.colcon_core.verb:set package '3t' build argument 'cmake_clean_cache' from command line to 'False'
[0.370s] Level 5:colcon.colcon_core.verb:set package '3t' build argument 'cmake_clean_first' from command line to 'False'
[0.370s] Level 5:colcon.colcon_core.verb:set package '3t' build argument 'cmake_force_configure' from command line to 'False'
[0.370s] Level 5:colcon.colcon_core.verb:set package '3t' build argument 'ament_cmake_args' from command line to 'None'
[0.370s] Level 5:colcon.colcon_core.verb:set package '3t' build argument 'catkin_cmake_args' from command line to 'None'
[0.370s] Level 5:colcon.colcon_core.verb:set package '3t' build argument 'catkin_skip_building_tests' from command line to 'False'
[0.370s] DEBUG:colcon.colcon_core.verb:Building package '3t' with the following arguments: {'ament_cmake_args': None, 'build_base': '/home/za1van/ros2_ws/src/build/3t', 'catkin_cmake_args': None, 'catkin_skip_building_tests': False, 'cmake_args': None, 'cmake_clean_cache': False, 'cmake_clean_first': False, 'cmake_force_configure': False, 'cmake_target': None, 'cmake_target_skip_unavailable': False, 'install_base': '/home/za1van/ros2_ws/src/install/3t', 'merge_install': False, 'path': '/home/za1van/ros2_ws/src/3t', 'symlink_install': False, 'test_result_base': None}
[0.370s] Level 5:colcon.colcon_core.verb:set package 'my_service_interfaces' build argument 'cmake_args' from command line to 'None'
[0.370s] Level 5:colcon.colcon_core.verb:set package 'my_service_interfaces' build argument 'cmake_target' from command line to 'None'
[0.370s] Level 5:colcon.colcon_core.verb:set package 'my_service_interfaces' build argument 'cmake_target_skip_unavailable' from command line to 'False'
[0.370s] Level 5:colcon.colcon_core.verb:set package 'my_service_interfaces' build argument 'cmake_clean_cache' from command line to 'False'
[0.371s] Level 5:colcon.colcon_core.verb:set package 'my_service_interfaces' build argument 'cmake_clean_first' from command line to 'False'
[0.371s] Level 5:colcon.colcon_core.verb:set package 'my_service_interfaces' build argument 'cmake_force_configure' from command line to 'False'
[0.371s] Level 5:colcon.colcon_core.verb:set package 'my_service_interfaces' build argument 'ament_cmake_args' from command line to 'None'
[0.371s] Level 5:colcon.colcon_core.verb:set package 'my_service_interfaces' build argument 'catkin_cmake_args' from command line to 'None'
[0.371s] Level 5:colcon.colcon_core.verb:set package 'my_service_interfaces' build argument 'catkin_skip_building_tests' from command line to 'False'
[0.371s] DEBUG:colcon.colcon_core.verb:Building package 'my_service_interfaces' with the following arguments: {'ament_cmake_args': None, 'build_base': '/home/za1van/ros2_ws/src/build/my_service_interfaces', 'catkin_cmake_args': None, 'catkin_skip_building_tests': False, 'cmake_args': None, 'cmake_clean_cache': False, 'cmake_clean_first': False, 'cmake_force_configure': False, 'cmake_target': None, 'cmake_target_skip_unavailable': False, 'install_base': '/home/za1van/ros2_ws/src/install/my_service_interfaces', 'merge_install': False, 'path': '/home/za1van/ros2_ws/src/my_service_interfaces', 'symlink_install': False, 'test_result_base': None}
[0.371s] Level 5:colcon.colcon_core.verb:set package 'my_service_server' build argument 'cmake_args' from command line to 'None'
[0.371s] Level 5:colcon.colcon_core.verb:set package 'my_service_server' build argument 'cmake_target' from command line to 'None'
[0.371s] Level 5:colcon.colcon_core.verb:set package 'my_service_server' build argument 'cmake_target_skip_unavailable' from command line to 'False'
[0.371s] Level 5:colcon.colcon_core.verb:set package 'my_service_server' build argument 'cmake_clean_cache' from command line to 'False'
[0.371s] Level 5:colcon.colcon_core.verb:set package 'my_service_server' build argument 'cmake_clean_first' from command line to 'False'
[0.371s] Level 5:colcon.colcon_core.verb:set package 'my_service_server' build argument 'cmake_force_configure' from command line to 'False'
[0.371s] Level 5:colcon.colcon_core.verb:set package 'my_service_server' build argument 'ament_cmake_args' from command line to 'None'
[0.371s] Level 5:colcon.colcon_core.verb:set package 'my_service_server' build argument 'catkin_cmake_args' from command line to 'None'
[0.372s] Level 5:colcon.colcon_core.verb:set package 'my_service_server' build argument 'catkin_skip_building_tests' from command line to 'False'
[0.372s] DEBUG:colcon.colcon_core.verb:Building package 'my_service_server' with the following arguments: {'ament_cmake_args': None, 'build_base': '/home/za1van/ros2_ws/src/build/my_service_server', 'catkin_cmake_args': None, 'catkin_skip_building_tests': False, 'cmake_args': None, 'cmake_clean_cache': False, 'cmake_clean_first': False, 'cmake_force_configure': False, 'cmake_target': None, 'cmake_target_skip_unavailable': False, 'install_base': '/home/za1van/ros2_ws/src/install/my_service_server', 'merge_install': False, 'path': '/home/za1van/ros2_ws/src/my_service_server', 'symlink_install': False, 'test_result_base': None}
[0.372s] Level 5:colcon.colcon_core.verb:set package 'my_turtle_controller' build argument 'cmake_args' from command line to 'None'
[0.372s] Level 5:colcon.colcon_core.verb:set package 'my_turtle_controller' build argument 'cmake_target' from command line to 'None'
[0.372s] Level 5:colcon.colcon_core.verb:set package 'my_turtle_controller' build argument 'cmake_target_skip_unavailable' from command line to 'False'
[0.372s] Level 5:colcon.colcon_core.verb:set package 'my_turtle_controller' build argument 'cmake_clean_cache' from command line to 'False'
[0.372s] Level 5:colcon.colcon_core.verb:set package 'my_turtle_controller' build argument 'cmake_clean_first' from command line to 'False'
[0.372s] Level 5:colcon.colcon_core.verb:set package 'my_turtle_controller' build argument 'cmake_force_configure' from command line to 'False'
[0.372s] Level 5:colcon.colcon_core.verb:set package 'my_turtle_controller' build argument 'ament_cmake_args' from command line to 'None'
[0.372s] Level 5:colcon.colcon_core.verb:set package 'my_turtle_controller' build argument 'catkin_cmake_args' from command line to 'None'
[0.372s] Level 5:colcon.colcon_core.verb:set package 'my_turtle_controller' build argument 'catkin_skip_building_tests' from command line to 'False'
[0.372s] DEBUG:colcon.colcon_core.verb:Building package 'my_turtle_controller' with the following arguments: {'ament_cmake_args': None, 'build_base': '/home/za1van/ros2_ws/src/build/my_turtle_controller', 'catkin_cmake_args': None, 'catkin_skip_building_tests': False, 'cmake_args': None, 'cmake_clean_cache': False, 'cmake_clean_first': False, 'cmake_force_configure': False, 'cmake_target': None, 'cmake_target_skip_unavailable': False, 'install_base': '/home/za1van/ros2_ws/src/install/my_turtle_controller', 'merge_install': False, 'path': '/home/za1van/ros2_ws/src/my_turtle_controller', 'symlink_install': False, 'test_result_base': None}
[0.373s] Level 5:colcon.colcon_core.verb:set package 'my_service_client' build argument 'cmake_args' from command line to 'None'
[0.373s] Level 5:colcon.colcon_core.verb:set package 'my_service_client' build argument 'cmake_target' from command line to 'None'
[0.373s] Level 5:colcon.colcon_core.verb:set package 'my_service_client' build argument 'cmake_target_skip_unavailable' from command line to 'False'
[0.373s] Level 5:colcon.colcon_core.verb:set package 'my_service_client' build argument 'cmake_clean_cache' from command line to 'False'
[0.373s] Level 5:colcon.colcon_core.verb:set package 'my_service_client' build argument 'cmake_clean_first' from command line to 'False'
[0.373s] Level 5:colcon.colcon_core.verb:set package 'my_service_client' build argument 'cmake_force_configure' from command line to 'False'
[0.373s] Level 5:colcon.colcon_core.verb:set package 'my_service_client' build argument 'ament_cmake_args' from command line to 'None'
[0.373s] Level 5:colcon.colcon_core.verb:set package 'my_service_client' build argument 'catkin_cmake_args' from command line to 'None'
[0.373s] Level 5:colcon.colcon_core.verb:set package 'my_service_client' build argument 'catkin_skip_building_tests' from command line to 'False'
[0.373s] DEBUG:colcon.colcon_core.verb:Building package 'my_service_client' with the following arguments: {'ament_cmake_args': None, 'build_base': '/home/za1van/ros2_ws/src/build/my_service_client', 'catkin_cmake_args': None, 'catkin_skip_building_tests': False, 'cmake_args': None, 'cmake_clean_cache': False, 'cmake_clean_first': False, 'cmake_force_configure': False, 'cmake_target': None, 'cmake_target_skip_unavailable': False, 'install_base': '/home/za1van/ros2_ws/src/install/my_service_client', 'merge_install': False, 'path': '/home/za1van/ros2_ws/src/my_service_client', 'symlink_install': False, 'test_result_base': None}
[0.373s] INFO:colcon.colcon_core.executor:Executing jobs using 'parallel' executor
[0.375s] DEBUG:colcon.colcon_parallel_executor.executor.parallel:run_until_complete
[0.375s] INFO:colcon.colcon_ros.task.ament_cmake.build:Building ROS package in '/home/za1van/ros2_ws/src/my_service_interfaces' with build type 'ament_cmake'
[0.375s] INFO:colcon.colcon_cmake.task.cmake.build:Building CMake package in '/home/za1van/ros2_ws/src/my_service_interfaces'
[0.379s] INFO:colcon.colcon_core.plugin_system:Skipping extension 'colcon_core.shell.bat': Not used on non-Windows systems
[0.379s] INFO:colcon.colcon_core.shell:Skip shell extension 'powershell' for command environment: Not usable outside of PowerShell
[0.379s] DEBUG:colcon.colcon_core.shell:Skip shell extension 'dsv' for command environment
[0.385s] INFO:colcon.colcon_ros.task.ament_python.build:Building ROS package in '/home/za1van/ros2_ws/src/3t' with build type 'ament_python'
[0.385s] Level 1:colcon.colcon_core.shell:create_environment_hook('3t', 'ament_prefix_path')
[0.385s] INFO:colcon.colcon_core.shell:Creating environment hook '/home/za1van/ros2_ws/src/install/3t/share/3t/hook/ament_prefix_path.ps1'
[0.387s] INFO:colcon.colcon_core.shell:Creating environment descriptor '/home/za1van/ros2_ws/src/install/3t/share/3t/hook/ament_prefix_path.dsv'
[0.388s] INFO:colcon.colcon_core.shell:Creating environment hook '/home/za1van/ros2_ws/src/install/3t/share/3t/hook/ament_prefix_path.sh'
[0.389s] INFO:colcon.colcon_core.shell:Skip shell extension 'powershell' for command environment: Not usable outside of PowerShell
[0.389s] DEBUG:colcon.colcon_core.shell:Skip shell extension 'dsv' for command environment
[0.395s] INFO:colcon.colcon_ros.task.ament_python.build:Building ROS package in '/home/za1van/ros2_ws/src/my_service_server' with build type 'ament_python'
[0.396s] Level 1:colcon.colcon_core.shell:create_environment_hook('my_service_server', 'ament_prefix_path')
[0.396s] INFO:colcon.colcon_core.shell:Creating environment hook '/home/za1van/ros2_ws/src/install/my_service_server/share/my_service_server/hook/ament_prefix_path.ps1'
[0.398s] INFO:colcon.colcon_core.shell:Creating environment descriptor '/home/za1van/ros2_ws/src/install/my_service_server/share/my_service_server/hook/ament_prefix_path.dsv'
[0.399s] INFO:colcon.colcon_core.shell:Creating environment hook '/home/za1van/ros2_ws/src/install/my_service_server/share/my_service_server/hook/ament_prefix_path.sh'
[0.401s] INFO:colcon.colcon_core.shell:Skip shell extension 'powershell' for command environment: Not usable outside of PowerShell
[0.401s] DEBUG:colcon.colcon_core.shell:Skip shell extension 'dsv' for command environment
[0.408s] INFO:colcon.colcon_ros.task.ament_python.build:Building ROS package in '/home/za1van/ros2_ws/src/my_turtle_controller' with build type 'ament_python'
[0.408s] Level 1:colcon.colcon_core.shell:create_environment_hook('my_turtle_controller', 'ament_prefix_path')
[0.409s] INFO:colcon.colcon_core.shell:Creating environment hook '/home/za1van/ros2_ws/src/install/my_turtle_controller/share/my_turtle_controller/hook/ament_prefix_path.ps1'
[0.410s] INFO:colcon.colcon_core.shell:Creating environment descriptor '/home/za1van/ros2_ws/src/install/my_turtle_controller/share/my_turtle_controller/hook/ament_prefix_path.dsv'
[0.411s] INFO:colcon.colcon_core.shell:Creating environment hook '/home/za1van/ros2_ws/src/install/my_turtle_controller/share/my_turtle_controller/hook/ament_prefix_path.sh'
[0.412s] INFO:colcon.colcon_core.shell:Skip shell extension 'powershell' for command environment: Not usable outside of PowerShell
[0.412s] DEBUG:colcon.colcon_core.shell:Skip shell extension 'dsv' for command environment
[0.426s] DEBUG:colcon.colcon_core.event_handler.log_command:Invoking command in '/home/za1van/ros2_ws/src/build/my_service_interfaces': CMAKE_PREFIX_PATH=${CMAKE_PREFIX_PATH}:/opt/ros/jazzy DEBUGINFOD_URLS=https://debuginfod.ubuntu.com /usr/bin/cmake --build /home/za1van/ros2_ws/src/build/my_service_interfaces -- -j4 -l4
[0.919s] INFO:colcon.colcon_core.task.python.build:Building Python package in '/home/za1van/ros2_ws/src/3t'
[0.920s] INFO:colcon.colcon_core.shell:Skip shell extension 'powershell' for command environment: Not usable outside of PowerShell
[0.920s] DEBUG:colcon.colcon_core.shell:Skip shell extension 'dsv' for command environment
[1.317s] INFO:colcon.colcon_core.task.python.build:Building Python package in '/home/za1van/ros2_ws/src/my_service_server'
[1.318s] INFO:colcon.colcon_core.shell:Skip shell extension 'powershell' for command environment: Not usable outside of PowerShell
[1.318s] DEBUG:colcon.colcon_core.shell:Skip shell extension 'dsv' for command environment
[1.728s] INFO:colcon.colcon_core.task.python.build:Building Python package in '/home/za1van/ros2_ws/src/my_turtle_controller'
[1.728s] INFO:colcon.colcon_core.shell:Skip shell extension 'powershell' for command environment: Not usable outside of PowerShell
[1.729s] DEBUG:colcon.colcon_core.shell:Skip shell extension 'dsv' for command environment
[1.741s] DEBUG:colcon.colcon_core.event_handler.log_command:Invoked command in '/home/za1van/ros2_ws/src/build/my_service_interfaces' returned '0': CMAKE_PREFIX_PATH=${CMAKE_PREFIX_PATH}:/opt/ros/jazzy DEBUGINFOD_URLS=https://debuginfod.ubuntu.com /usr/bin/cmake --build /home/za1van/ros2_ws/src/build/my_service_interfaces -- -j4 -l4
[1.751s] DEBUG:colcon.colcon_core.event_handler.log_command:Invoking command in '/home/za1van/ros2_ws/src/build/my_service_interfaces': CMAKE_PREFIX_PATH=${CMAKE_PREFIX_PATH}:/opt/ros/jazzy DEBUGINFOD_URLS=https://debuginfod.ubuntu.com /usr/bin/cmake --install /home/za1van/ros2_ws/src/build/my_service_interfaces
[1.964s] Level 1:colcon.colcon_core.environment:create_environment_scripts_only(my_service_interfaces)
[1.974s] DEBUG:colcon.colcon_core.event_handler.log_command:Invoked command in '/home/za1van/ros2_ws/src/build/my_service_interfaces' returned '0': CMAKE_PREFIX_PATH=${CMAKE_PREFIX_PATH}:/opt/ros/jazzy DEBUGINFOD_URLS=https://debuginfod.ubuntu.com /usr/bin/cmake --install /home/za1van/ros2_ws/src/build/my_service_interfaces
[1.975s] Level 1:colcon.colcon_core.environment:checking '/home/za1van/ros2_ws/src/install/my_service_interfaces' for CMake module files
[1.980s] Level 1:colcon.colcon_core.environment:checking '/home/za1van/ros2_ws/src/install/my_service_interfaces' for CMake config files
[1.981s] Level 1:colcon.colcon_core.shell:create_environment_hook('my_service_interfaces', 'cmake_prefix_path')
[1.982s] INFO:colcon.colcon_core.shell:Creating environment hook '/home/za1van/ros2_ws/src/install/my_service_interfaces/share/my_service_interfaces/hook/cmake_prefix_path.ps1'
[1.985s] INFO:colcon.colcon_core.shell:Creating environment descriptor '/home/za1van/ros2_ws/src/install/my_service_interfaces/share/my_service_interfaces/hook/cmake_prefix_path.dsv'
[1.986s] INFO:colcon.colcon_core.shell:Creating environment hook '/home/za1van/ros2_ws/src/install/my_service_interfaces/share/my_service_interfaces/hook/cmake_prefix_path.sh'
[1.987s] Level 1:colcon.colcon_core.environment:checking '/home/za1van/ros2_ws/src/install/my_service_interfaces/lib'
[1.991s] Level 1:colcon.colcon_core.shell:create_environment_hook('my_service_interfaces', 'ld_library_path_lib')
[1.992s] INFO:colcon.colcon_core.shell:Creating environment hook '/home/za1van/ros2_ws/src/install/my_service_interfaces/share/my_service_interfaces/hook/ld_library_path_lib.ps1'
[1.992s] INFO:colcon.colcon_core.shell:Creating environment descriptor '/home/za1van/ros2_ws/src/install/my_service_interfaces/share/my_service_interfaces/hook/ld_library_path_lib.dsv'
[1.993s] INFO:colcon.colcon_core.shell:Creating environment hook '/home/za1van/ros2_ws/src/install/my_service_interfaces/share/my_service_interfaces/hook/ld_library_path_lib.sh'
[1.999s] Level 1:colcon.colcon_core.environment:checking '/home/za1van/ros2_ws/src/install/my_service_interfaces/bin'
[1.999s] Level 1:colcon.colcon_core.environment:checking '/home/za1van/ros2_ws/src/install/my_service_interfaces/lib/pkgconfig/my_service_interfaces.pc'
[2.000s] Level 1:colcon.colcon_core.environment:checking '/home/za1van/ros2_ws/src/install/my_service_interfaces/lib/python3.12/site-packages'
[2.000s] Level 1:colcon.colcon_core.shell:create_environment_hook('my_service_interfaces', 'pythonpath')
[2.001s] INFO:colcon.colcon_core.shell:Creating environment hook '/home/za1van/ros2_ws/src/install/my_service_interfaces/share/my_service_interfaces/hook/pythonpath.ps1'
[2.001s] INFO:colcon.colcon_core.shell:Creating environment descriptor '/home/za1van/ros2_ws/src/install/my_service_interfaces/share/my_service_interfaces/hook/pythonpath.dsv'
[2.002s] INFO:colcon.colcon_core.shell:Creating environment hook '/home/za1van/ros2_ws/src/install/my_service_interfaces/share/my_service_interfaces/hook/pythonpath.sh'
[2.010s] Level 1:colcon.colcon_core.environment:checking '/home/za1van/ros2_ws/src/install/my_service_interfaces/bin'
[2.011s] INFO:colcon.colcon_core.shell:Creating package script '/home/za1van/ros2_ws/src/install/my_service_interfaces/share/my_service_interfaces/package.ps1'
[2.022s] INFO:colcon.colcon_core.shell:Creating package descriptor '/home/za1van/ros2_ws/src/install/my_service_interfaces/share/my_service_interfaces/package.dsv'
[2.023s] INFO:colcon.colcon_core.shell:Creating package script '/home/za1van/ros2_ws/src/install/my_service_interfaces/share/my_service_interfaces/package.sh'
[2.026s] INFO:colcon.colcon_core.shell:Creating package script '/home/za1van/ros2_ws/src/install/my_service_interfaces/share/my_service_interfaces/package.bash'
[2.027s] INFO:colcon.colcon_core.shell:Creating package script '/home/za1van/ros2_ws/src/install/my_service_interfaces/share/my_service_interfaces/package.zsh'
[2.029s] Level 1:colcon.colcon_core.environment:create_file_with_runtime_dependencies(/home/za1van/ros2_ws/src/install/my_service_interfaces/share/colcon-core/packages/my_service_interfaces)
[2.033s] Level 1:colcon.colcon_core.environment:create_environment_scripts_only(my_service_interfaces)
[2.034s] Level 1:colcon.colcon_core.environment:checking '/home/za1van/ros2_ws/src/install/my_service_interfaces' for CMake module files
[2.036s] Level 1:colcon.colcon_core.environment:checking '/home/za1van/ros2_ws/src/install/my_service_interfaces' for CMake config files
[2.037s] Level 1:colcon.colcon_core.shell:create_environment_hook('my_service_interfaces', 'cmake_prefix_path')
[2.038s] INFO:colcon.colcon_core.shell:Creating environment hook '/home/za1van/ros2_ws/src/install/my_service_interfaces/share/my_service_interfaces/hook/cmake_prefix_path.ps1'
[2.038s] INFO:colcon.colcon_core.shell:Creating environment descriptor '/home/za1van/ros2_ws/src/install/my_service_interfaces/share/my_service_interfaces/hook/cmake_prefix_path.dsv'
[2.039s] INFO:colcon.colcon_core.shell:Creating environment hook '/home/za1van/ros2_ws/src/install/my_service_interfaces/share/my_service_interfaces/hook/cmake_prefix_path.sh'
[2.041s] Level 1:colcon.colcon_core.environment:checking '/home/za1van/ros2_ws/src/install/my_service_interfaces/lib'
[2.041s] Level 1:colcon.colcon_core.shell:create_environment_hook('my_service_interfaces', 'ld_library_path_lib')
[2.042s] INFO:colcon.colcon_core.shell:Creating environment hook '/home/za1van/ros2_ws/src/install/my_service_interfaces/share/my_service_interfaces/hook/ld_library_path_lib.ps1'
[2.043s] INFO:colcon.colcon_core.shell:Creating environment descriptor '/home/za1van/ros2_ws/src/install/my_service_interfaces/share/my_service_interfaces/hook/ld_library_path_lib.dsv'
[2.044s] INFO:colcon.colcon_core.shell:Creating environment hook '/home/za1van/ros2_ws/src/install/my_service_interfaces/share/my_service_interfaces/hook/ld_library_path_lib.sh'
[2.045s] Level 1:colcon.colcon_core.environment:checking '/home/za1van/ros2_ws/src/install/my_service_interfaces/bin'
[2.046s] Level 1:colcon.colcon_core.environment:checking '/home/za1van/ros2_ws/src/install/my_service_interfaces/lib/pkgconfig/my_service_interfaces.pc'
[2.046s] Level 1:colcon.colcon_core.environment:checking '/home/za1van/ros2_ws/src/install/my_service_interfaces/lib/python3.12/site-packages'
[2.047s] Level 1:colcon.colcon_core.shell:create_environment_hook('my_service_interfaces', 'pythonpath')
[2.048s] INFO:colcon.colcon_core.shell:Creating environment hook '/home/za1van/ros2_ws/src/install/my_service_interfaces/share/my_service_interfaces/hook/pythonpath.ps1'
[2.049s] INFO:colcon.colcon_core.shell:Creating environment descriptor '/home/za1van/ros2_ws/src/install/my_service_interfaces/share/my_service_interfaces/hook/pythonpath.dsv'
[2.050s] INFO:colcon.colcon_core.shell:Creating environment hook '/home/za1van/ros2_ws/src/install/my_service_interfaces/share/my_service_interfaces/hook/pythonpath.sh'
[2.051s] Level 1:colcon.colcon_core.environment:checking '/home/za1van/ros2_ws/src/install/my_service_interfaces/bin'
[2.052s] INFO:colcon.colcon_core.shell:Creating package script '/home/za1van/ros2_ws/src/install/my_service_interfaces/share/my_service_interfaces/package.ps1'
[2.053s] INFO:colcon.colcon_core.shell:Creating package descriptor '/home/za1van/ros2_ws/src/install/my_service_interfaces/share/my_service_interfaces/package.dsv'
[2.055s] INFO:colcon.colcon_core.shell:Creating package script '/home/za1van/ros2_ws/src/install/my_service_interfaces/share/my_service_interfaces/package.sh'
[2.056s] INFO:colcon.colcon_core.shell:Creating package script '/home/za1van/ros2_ws/src/install/my_service_interfaces/share/my_service_interfaces/package.bash'
[2.057s] INFO:colcon.colcon_core.shell:Creating package script '/home/za1van/ros2_ws/src/install/my_service_interfaces/share/my_service_interfaces/package.zsh'
[2.058s] Level 1:colcon.colcon_core.environment:create_file_with_runtime_dependencies(/home/za1van/ros2_ws/src/install/my_service_interfaces/share/colcon-core/packages/my_service_interfaces)
[2.060s] INFO:colcon.colcon_ros.task.ament_python.build:Building ROS package in '/home/za1van/ros2_ws/src/my_service_client' with build type 'ament_python'
[2.061s] Level 1:colcon.colcon_core.shell:create_environment_hook('my_service_client', 'ament_prefix_path')
[2.062s] INFO:colcon.colcon_core.shell:Creating environment hook '/home/za1van/ros2_ws/src/install/my_service_client/share/my_service_client/hook/ament_prefix_path.ps1'
[2.063s] INFO:colcon.colcon_core.shell:Creating environment descriptor '/home/za1van/ros2_ws/src/install/my_service_client/share/my_service_client/hook/ament_prefix_path.dsv'
[2.067s] INFO:colcon.colcon_core.shell:Creating environment hook '/home/za1van/ros2_ws/src/install/my_service_client/share/my_service_client/hook/ament_prefix_path.sh'
[2.069s] INFO:colcon.colcon_core.shell:Skip shell extension 'powershell' for command environment: Not usable outside of PowerShell
[2.069s] DEBUG:colcon.colcon_core.shell:Skip shell extension 'dsv' for command environment
[2.726s] INFO:colcon.colcon_core.task.python.build:Building Python package in '/home/za1van/ros2_ws/src/my_service_client'
[2.727s] INFO:colcon.colcon_core.shell:Skip shell extension 'powershell' for command environment: Not usable outside of PowerShell
[2.727s] DEBUG:colcon.colcon_core.shell:Skip shell extension 'dsv' for command environment
[3.329s] DEBUG:colcon.colcon_core.event_handler.log_command:Invoking command in '/home/za1van/ros2_ws/src/3t': DEBUGINFOD_URLS=https://debuginfod.ubuntu.com PYTHONPATH=/home/za1van/ros2_ws/src/build/3t/prefix_override:/usr/lib/python3/dist-packages/colcon_core/task/python/colcon_distutils_commands:/home/za1van/ros2_ws/src/install/3t/lib/python3.12/site-packages:${PYTHONPATH} /usr/bin/python3 -W ignore:setup.py install is deprecated -W ignore:easy_install command is deprecated setup.py egg_info --egg-base ../build/3t build --build-base /home/za1van/ros2_ws/src/build/3t/build install --record /home/za1van/ros2_ws/src/build/3t/install.log --single-version-externally-managed install_data
[3.514s] DEBUG:colcon.colcon_core.event_handler.log_command:Invoking command in '/home/za1van/ros2_ws/src/my_service_server': DEBUGINFOD_URLS=https://debuginfod.ubuntu.com PYTHONPATH=/home/za1van/ros2_ws/src/build/my_service_server/prefix_override:/usr/lib/python3/dist-packages/colcon_core/task/python/colcon_distutils_commands:/home/za1van/ros2_ws/src/install/my_service_server/lib/python3.12/site-packages:${PYTHONPATH} /usr/bin/python3 -W ignore:setup.py install is deprecated -W ignore:easy_install command is deprecated setup.py egg_info --egg-base ../build/my_service_server build --build-base /home/za1van/ros2_ws/src/build/my_service_server/build install --record /home/za1van/ros2_ws/src/build/my_service_server/install.log --single-version-externally-managed install_data
[3.660s] DEBUG:colcon.colcon_core.event_handler.log_command:Invoking command in '/home/za1van/ros2_ws/src/my_turtle_controller': DEBUGINFOD_URLS=https://debuginfod.ubuntu.com PYTHONPATH=/home/za1van/ros2_ws/src/build/my_turtle_controller/prefix_override:/usr/lib/python3/dist-packages/colcon_core/task/python/colcon_distutils_commands:/home/za1van/ros2_ws/src/install/my_turtle_controller/lib/python3.12/site-packages:${PYTHONPATH} /usr/bin/python3 -W ignore:setup.py install is deprecated -W ignore:easy_install command is deprecated setup.py egg_info --egg-base ../build/my_turtle_controller build --build-base /home/za1van/ros2_ws/src/build/my_turtle_controller/build install --record /home/za1van/ros2_ws/src/build/my_turtle_controller/install.log --single-version-externally-managed install_data
[4.920s] Level 1:colcon.colcon_core.environment:checking '/home/za1van/ros2_ws/src/install/my_service_server' for CMake module files
[4.921s] Level 1:colcon.colcon_core.environment:checking '/home/za1van/ros2_ws/src/install/my_service_server' for CMake config files
[4.925s] Level 1:colcon.colcon_core.environment:checking '/home/za1van/ros2_ws/src/install/my_service_server/lib'
[4.926s] Level 1:colcon.colcon_core.environment:checking '/home/za1van/ros2_ws/src/install/my_service_server/bin'
[4.927s] Level 1:colcon.colcon_core.environment:checking '/home/za1van/ros2_ws/src/install/my_service_server/lib/pkgconfig/my_service_server.pc'
[4.926s] DEBUG:colcon.colcon_core.event_handler.log_command:Invoked command in '/home/za1van/ros2_ws/src/my_service_server' returned '0': DEBUGINFOD_URLS=https://debuginfod.ubuntu.com PYTHONPATH=/home/za1van/ros2_ws/src/build/my_service_server/prefix_override:/usr/lib/python3/dist-packages/colcon_core/task/python/colcon_distutils_commands:/home/za1van/ros2_ws/src/install/my_service_server/lib/python3.12/site-packages:${PYTHONPATH} /usr/bin/python3 -W ignore:setup.py install is deprecated -W ignore:easy_install command is deprecated setup.py egg_info --egg-base ../build/my_service_server build --build-base /home/za1van/ros2_ws/src/build/my_service_server/build install --record /home/za1van/ros2_ws/src/build/my_service_server/install.log --single-version-externally-managed install_data
[4.929s] Level 1:colcon.colcon_core.environment:checking '/home/za1van/ros2_ws/src/install/my_service_server/lib/python3.12/site-packages'
[4.929s] Level 1:colcon.colcon_core.shell:create_environment_hook('my_service_server', 'pythonpath')
[4.930s] INFO:colcon.colcon_core.shell:Creating environment hook '/home/za1van/ros2_ws/src/install/my_service_server/share/my_service_server/hook/pythonpath.ps1'
[4.930s] INFO:colcon.colcon_core.shell:Creating environment descriptor '/home/za1van/ros2_ws/src/install/my_service_server/share/my_service_server/hook/pythonpath.dsv'
[4.934s] INFO:colcon.colcon_core.shell:Creating environment hook '/home/za1van/ros2_ws/src/install/my_service_server/share/my_service_server/hook/pythonpath.sh'
[4.943s] Level 1:colcon.colcon_core.environment:checking '/home/za1van/ros2_ws/src/install/my_service_server/bin'
[4.945s] Level 1:colcon.colcon_core.environment:create_environment_scripts_only(my_service_server)
[4.946s] INFO:colcon.colcon_core.shell:Creating package script '/home/za1van/ros2_ws/src/install/my_service_server/share/my_service_server/package.ps1'
[4.951s] INFO:colcon.colcon_core.shell:Creating package descriptor '/home/za1van/ros2_ws/src/install/my_service_server/share/my_service_server/package.dsv'
[4.953s] INFO:colcon.colcon_core.shell:Creating package script '/home/za1van/ros2_ws/src/install/my_service_server/share/my_service_server/package.sh'
[4.956s] INFO:colcon.colcon_core.shell:Creating package script '/home/za1van/ros2_ws/src/install/my_service_server/share/my_service_server/package.bash'
[4.958s] INFO:colcon.colcon_core.shell:Creating package script '/home/za1van/ros2_ws/src/install/my_service_server/share/my_service_server/package.zsh'
[4.961s] Level 1:colcon.colcon_core.environment:create_file_with_runtime_dependencies(/home/za1van/ros2_ws/src/install/my_service_server/share/colcon-core/packages/my_service_server)
[5.010s] DEBUG:colcon.colcon_core.event_handler.log_command:Invoking command in '/home/za1van/ros2_ws/src/my_service_client': AMENT_PREFIX_PATH=/home/za1van/ros2_ws/src/install/my_service_interfaces:${AMENT_PREFIX_PATH} CMAKE_PREFIX_PATH=/home/za1van/ros2_ws/src/install/my_service_interfaces:${CMAKE_PREFIX_PATH} DEBUGINFOD_URLS=https://debuginfod.ubuntu.com LD_LIBRARY_PATH=/home/za1van/ros2_ws/src/install/my_service_interfaces/lib:${LD_LIBRARY_PATH} PYTHONPATH=/home/za1van/ros2_ws/src/build/my_service_client/prefix_override:/usr/lib/python3/dist-packages/colcon_core/task/python/colcon_distutils_commands:/home/za1van/ros2_ws/src/install/my_service_client/lib/python3.12/site-packages:/home/za1van/ros2_ws/src/install/my_service_interfaces/lib/python3.12/site-packages:${PYTHONPATH} /usr/bin/python3 -W ignore:setup.py install is deprecated -W ignore:easy_install command is deprecated setup.py egg_info --egg-base ../build/my_service_client build --build-base /home/za1van/ros2_ws/src/build/my_service_client/build install --record /home/za1van/ros2_ws/src/build/my_service_client/install.log --single-version-externally-managed install_data
[5.288s] Level 1:colcon.colcon_core.environment:checking '/home/za1van/ros2_ws/src/install/my_turtle_controller' for CMake module files
[5.290s] DEBUG:colcon.colcon_core.event_handler.log_command:Invoked command in '/home/za1van/ros2_ws/src/my_turtle_controller' returned '0': DEBUGINFOD_URLS=https://debuginfod.ubuntu.com PYTHONPATH=/home/za1van/ros2_ws/src/build/my_turtle_controller/prefix_override:/usr/lib/python3/dist-packages/colcon_core/task/python/colcon_distutils_commands:/home/za1van/ros2_ws/src/install/my_turtle_controller/lib/python3.12/site-packages:${PYTHONPATH} /usr/bin/python3 -W ignore:setup.py install is deprecated -W ignore:easy_install command is deprecated setup.py egg_info --egg-base ../build/my_turtle_controller build --build-base /home/za1van/ros2_ws/src/build/my_turtle_controller/build install --record /home/za1van/ros2_ws/src/build/my_turtle_controller/install.log --single-version-externally-managed install_data
[5.291s] Level 1:colcon.colcon_core.environment:checking '/home/za1van/ros2_ws/src/install/my_turtle_controller' for CMake config files
[5.292s] Level 1:colcon.colcon_core.environment:checking '/home/za1van/ros2_ws/src/install/my_turtle_controller/lib'
[5.292s] Level 1:colcon.colcon_core.environment:checking '/home/za1van/ros2_ws/src/install/my_turtle_controller/bin'
[5.292s] Level 1:colcon.colcon_core.environment:checking '/home/za1van/ros2_ws/src/install/my_turtle_controller/lib/pkgconfig/my_turtle_controller.pc'
[5.293s] Level 1:colcon.colcon_core.environment:checking '/home/za1van/ros2_ws/src/install/my_turtle_controller/lib/python3.12/site-packages'
[5.293s] Level 1:colcon.colcon_core.shell:create_environment_hook('my_turtle_controller', 'pythonpath')
[5.293s] INFO:colcon.colcon_core.shell:Creating environment hook '/home/za1van/ros2_ws/src/install/my_turtle_controller/share/my_turtle_controller/hook/pythonpath.ps1'
[5.294s] INFO:colcon.colcon_core.shell:Creating environment descriptor '/home/za1van/ros2_ws/src/install/my_turtle_controller/share/my_turtle_controller/hook/pythonpath.dsv'
[5.296s] INFO:colcon.colcon_core.shell:Creating environment hook '/home/za1van/ros2_ws/src/install/my_turtle_controller/share/my_turtle_controller/hook/pythonpath.sh'
[5.297s] Level 1:colcon.colcon_core.environment:checking '/home/za1van/ros2_ws/src/install/my_turtle_controller/bin'
[5.297s] Level 1:colcon.colcon_core.environment:create_environment_scripts_only(my_turtle_controller)
[5.298s] INFO:colcon.colcon_core.shell:Creating package script '/home/za1van/ros2_ws/src/install/my_turtle_controller/share/my_turtle_controller/package.ps1'
[5.299s] INFO:colcon.colcon_core.shell:Creating package descriptor '/home/za1van/ros2_ws/src/install/my_turtle_controller/share/my_turtle_controller/package.dsv'
[5.300s] INFO:colcon.colcon_core.shell:Creating package script '/home/za1van/ros2_ws/src/install/my_turtle_controller/share/my_turtle_controller/package.sh'
[5.300s] INFO:colcon.colcon_core.shell:Creating package script '/home/za1van/ros2_ws/src/install/my_turtle_controller/share/my_turtle_controller/package.bash'
[5.301s] INFO:colcon.colcon_core.shell:Creating package script '/home/za1van/ros2_ws/src/install/my_turtle_controller/share/my_turtle_controller/package.zsh'
[5.302s] Level 1:colcon.colcon_core.environment:create_file_with_runtime_dependencies(/home/za1van/ros2_ws/src/install/my_turtle_controller/share/colcon-core/packages/my_turtle_controller)
[5.346s] Level 1:colcon.colcon_core.environment:checking '/home/za1van/ros2_ws/src/install/3t' for CMake module files
[5.347s] DEBUG:colcon.colcon_core.event_handler.log_command:Invoked command in '/home/za1van/ros2_ws/src/3t' returned '0': DEBUGINFOD_URLS=https://debuginfod.ubuntu.com PYTHONPATH=/home/za1van/ros2_ws/src/build/3t/prefix_override:/usr/lib/python3/dist-packages/colcon_core/task/python/colcon_distutils_commands:/home/za1van/ros2_ws/src/install/3t/lib/python3.12/site-packages:${PYTHONPATH} /usr/bin/python3 -W ignore:setup.py install is deprecated -W ignore:easy_install command is deprecated setup.py egg_info --egg-base ../build/3t build --build-base /home/za1van/ros2_ws/src/build/3t/build install --record /home/za1van/ros2_ws/src/build/3t/install.log --single-version-externally-managed install_data
[5.348s] Level 1:colcon.colcon_core.environment:checking '/home/za1van/ros2_ws/src/install/3t' for CMake config files
[5.349s] Level 1:colcon.colcon_core.environment:checking '/home/za1van/ros2_ws/src/install/3t/lib'
[5.349s] Level 1:colcon.colcon_core.environment:checking '/home/za1van/ros2_ws/src/install/3t/bin'
[5.349s] Level 1:colcon.colcon_core.environment:checking '/home/za1van/ros2_ws/src/install/3t/lib/pkgconfig/3t.pc'
[5.349s] Level 1:colcon.colcon_core.environment:checking '/home/za1van/ros2_ws/src/install/3t/lib/python3.12/site-packages'
[5.350s] Level 1:colcon.colcon_core.shell:create_environment_hook('3t', 'pythonpath')
[5.350s] INFO:colcon.colcon_core.shell:Creating environment hook '/home/za1van/ros2_ws/src/install/3t/share/3t/hook/pythonpath.ps1'
[5.351s] INFO:colcon.colcon_core.shell:Creating environment descriptor '/home/za1van/ros2_ws/src/install/3t/share/3t/hook/pythonpath.dsv'
[5.352s] INFO:colcon.colcon_core.shell:Creating environment hook '/home/za1van/ros2_ws/src/install/3t/share/3t/hook/pythonpath.sh'
[5.353s] Level 1:colcon.colcon_core.environment:checking '/home/za1van/ros2_ws/src/install/3t/bin'
[5.353s] Level 1:colcon.colcon_core.environment:create_environment_scripts_only(3t)
[5.354s] INFO:colcon.colcon_core.shell:Creating package script '/home/za1van/ros2_ws/src/install/3t/share/3t/package.ps1'
[5.355s] INFO:colcon.colcon_core.shell:Creating package descriptor '/home/za1van/ros2_ws/src/install/3t/share/3t/package.dsv'
[5.356s] INFO:colcon.colcon_core.shell:Creating package script '/home/za1van/ros2_ws/src/install/3t/share/3t/package.sh'
[5.357s] INFO:colcon.colcon_core.shell:Creating package script '/home/za1van/ros2_ws/src/install/3t/share/3t/package.bash'
[5.357s] INFO:colcon.colcon_core.shell:Creating package script '/home/za1van/ros2_ws/src/install/3t/share/3t/package.zsh'
[5.358s] Level 1:colcon.colcon_core.environment:create_file_with_runtime_dependencies(/home/za1van/ros2_ws/src/install/3t/share/colcon-core/packages/3t)
[6.080s] Level 1:colcon.colcon_core.environment:checking '/home/za1van/ros2_ws/src/install/my_service_client' for CMake module files
[6.082s] DEBUG:colcon.colcon_core.event_handler.log_command:Invoked command in '/home/za1van/ros2_ws/src/my_service_client' returned '0': AMENT_PREFIX_PATH=/home/za1van/ros2_ws/src/install/my_service_interfaces:${AMENT_PREFIX_PATH} CMAKE_PREFIX_PATH=/home/za1van/ros2_ws/src/install/my_service_interfaces:${CMAKE_PREFIX_PATH} DEBUGINFOD_URLS=https://debuginfod.ubuntu.com LD_LIBRARY_PATH=/home/za1van/ros2_ws/src/install/my_service_interfaces/lib:${LD_LIBRARY_PATH} PYTHONPATH=/home/za1van/ros2_ws/src/build/my_service_client/prefix_override:/usr/lib/python3/dist-packages/colcon_core/task/python/colcon_distutils_commands:/home/za1van/ros2_ws/src/install/my_service_client/lib/python3.12/site-packages:/home/za1van/ros2_ws/src/install/my_service_interfaces/lib/python3.12/site-packages:${PYTHONPATH} /usr/bin/python3 -W ignore:setup.py install is deprecated -W ignore:easy_install command is deprecated setup.py egg_info --egg-base ../build/my_service_client build --build-base /home/za1van/ros2_ws/src/build/my_service_client/build install --record /home/za1van/ros2_ws/src/build/my_service_client/install.log --single-version-externally-managed install_data
[6.082s] Level 1:colcon.colcon_core.environment:checking '/home/za1van/ros2_ws/src/install/my_service_client' for CMake config files
[6.083s] Level 1:colcon.colcon_core.environment:checking '/home/za1van/ros2_ws/src/install/my_service_client/lib'
[6.083s] Level 1:colcon.colcon_core.environment:checking '/home/za1van/ros2_ws/src/install/my_service_client/bin'
[6.083s] Level 1:colcon.colcon_core.environment:checking '/home/za1van/ros2_ws/src/install/my_service_client/lib/pkgconfig/my_service_client.pc'
[6.084s] Level 1:colcon.colcon_core.environment:checking '/home/za1van/ros2_ws/src/install/my_service_client/lib/python3.12/site-packages'
[6.084s] Level 1:colcon.colcon_core.shell:create_environment_hook('my_service_client', 'pythonpath')
[6.084s] INFO:colcon.colcon_core.shell:Creating environment hook '/home/za1van/ros2_ws/src/install/my_service_client/share/my_service_client/hook/pythonpath.ps1'
[6.085s] INFO:colcon.colcon_core.shell:Creating environment descriptor '/home/za1van/ros2_ws/src/install/my_service_client/share/my_service_client/hook/pythonpath.dsv'
[6.085s] INFO:colcon.colcon_core.shell:Creating environment hook '/home/za1van/ros2_ws/src/install/my_service_client/share/my_service_client/hook/pythonpath.sh'
[6.086s] Level 1:colcon.colcon_core.environment:checking '/home/za1van/ros2_ws/src/install/my_service_client/bin'
[6.086s] Level 1:colcon.colcon_core.environment:create_environment_scripts_only(my_service_client)
[6.086s] INFO:colcon.colcon_core.shell:Creating package script '/home/za1van/ros2_ws/src/install/my_service_client/share/my_service_client/package.ps1'
[6.087s] INFO:colcon.colcon_core.shell:Creating package descriptor '/home/za1van/ros2_ws/src/install/my_service_client/share/my_service_client/package.dsv'
[6.088s] INFO:colcon.colcon_core.shell:Creating package script '/home/za1van/ros2_ws/src/install/my_service_client/share/my_service_client/package.sh'
[6.088s] INFO:colcon.colcon_core.shell:Creating package script '/home/za1van/ros2_ws/src/install/my_service_client/share/my_service_client/package.bash'
[6.089s] INFO:colcon.colcon_core.shell:Creating package script '/home/za1van/ros2_ws/src/install/my_service_client/share/my_service_client/package.zsh'
[6.089s] Level 1:colcon.colcon_core.environment:create_file_with_runtime_dependencies(/home/za1van/ros2_ws/src/install/my_service_client/share/colcon-core/packages/my_service_client)
[6.090s] DEBUG:colcon.colcon_parallel_executor.executor.parallel:closing loop
[6.090s] DEBUG:colcon.colcon_parallel_executor.executor.parallel:loop closed
[6.090s] DEBUG:colcon.colcon_parallel_executor.executor.parallel:run_until_complete finished with '0'
[6.091s] DEBUG:colcon.colcon_core.event_reactor:joining thread
[6.099s] INFO:colcon.colcon_core.plugin_system:Skipping extension 'colcon_notification.desktop_notification.terminal_notifier': Not used on non-Darwin systems
[6.099s] INFO:colcon.colcon_core.plugin_system:Skipping extension 'colcon_notification.desktop_notification.win32': Not used on non-Windows systems
[6.099s] INFO:colcon.colcon_notification.desktop_notification:Sending desktop notification using 'notify2'
[6.107s] DEBUG:colcon.colcon_core.event_reactor:joined thread
[6.107s] INFO:colcon.colcon_core.shell:Creating prefix script '/home/za1van/ros2_ws/src/install/local_setup.ps1'
[6.108s] INFO:colcon.colcon_core.shell:Creating prefix util module '/home/za1van/ros2_ws/src/install/_local_setup_util_ps1.py'
[6.111s] INFO:colcon.colcon_core.shell:Creating prefix chain script '/home/za1van/ros2_ws/src/install/setup.ps1'
[6.112s] INFO:colcon.colcon_core.shell:Creating prefix script '/home/za1van/ros2_ws/src/install/local_setup.sh'
[6.113s] INFO:colcon.colcon_core.shell:Creating prefix util module '/home/za1van/ros2_ws/src/install/_local_setup_util_sh.py'
[6.114s] INFO:colcon.colcon_core.shell:Creating prefix chain script '/home/za1van/ros2_ws/src/install/setup.sh'
[6.115s] INFO:colcon.colcon_core.shell:Creating prefix script '/home/za1van/ros2_ws/src/install/local_setup.bash'
[6.116s] INFO:colcon.colcon_core.shell:Creating prefix chain script '/home/za1van/ros2_ws/src/install/setup.bash'
[6.117s] INFO:colcon.colcon_core.shell:Creating prefix script '/home/za1van/ros2_ws/src/install/local_setup.zsh'
[6.118s] INFO:colcon.colcon_core.shell:Creating prefix chain script '/home/za1van/ros2_ws/src/install/setup.zsh'
