[0.069s] Invoking command in '/home/za1van/ros2_ws/build/my_custom_interface': CMAKE_PREFIX_PATH=${CMAKE_PREFIX_PATH}:/home/za1van/ros2_ws/install/my_turtle_controller:/home/za1van/ros2_ws/install/my_tf2_demo:/home/za1van/ros2_ws/install/my_service_server:/home/za1van/ros2_ws/install/my_service_client:/home/za1van/ros2_ws/install/my_project_start:/home/za1van/ros2_ws/install/my_calculate_action:/home/za1van/ros2_ws/install/3t:/opt/ros/jazzy DEBUGINFOD_URLS=https://debuginfod.ubuntu.com /usr/bin/cmake --build /home/za1van/ros2_ws/build/my_custom_interface -- -j4 -l4
[0.137s] [  2%] Built target my_custom_interface__rosidl_generator_type_description
[0.164s] [  2%] Built target ament_cmake_python_copy_my_custom_interface
[0.186s] [  5%] Built target my_custom_interface__cpp
[0.189s] [ 20%] Built target my_custom_interface__rosidl_generator_c
[0.244s] [ 29%] Built target my_custom_interface__rosidl_typesupport_introspection_cpp
[0.259s] [ 38%] Built target my_custom_interface__rosidl_typesupport_fastrtps_cpp
[0.263s] [ 47%] Built target my_custom_interface__rosidl_typesupport_cpp
[0.300s] [ 55%] Built target my_custom_interface__rosidl_typesupport_fastrtps_c
[0.312s] [ 64%] Built target my_custom_interface__rosidl_typesupport_c
[0.313s] [ 73%] Built target my_custom_interface__rosidl_typesupport_introspection_c
[0.358s] [ 73%] Built target my_custom_interface
[0.409s] [ 76%] Built target my_custom_interface__py
[0.462s] [ 82%] Built target my_custom_interface__rosidl_generator_py
[0.516s] [ 88%] Built target my_custom_interface_s__rosidl_typesupport_fastrtps_c
[0.523s] [ 94%] Built target my_custom_interface_s__rosidl_typesupport_introspection_c
[0.533s] [100%] Built target my_custom_interface_s__rosidl_typesupport_c
[0.981s] running egg_info
[1.055s] writing my_custom_interface.egg-info/PKG-INFO
[1.058s] writing dependency_links to my_custom_interface.egg-info/dependency_links.txt
[1.058s] writing top-level names to my_custom_interface.egg-info/top_level.txt
[1.273s] reading manifest file 'my_custom_interface.egg-info/SOURCES.txt'
[1.276s] writing manifest file 'my_custom_interface.egg-info/SOURCES.txt'
[1.339s] [100%] Built target ament_cmake_python_build_my_custom_interface_egg
[1.359s] Invoked command in '/home/za1van/ros2_ws/build/my_custom_interface' returned '0': CMAKE_PREFIX_PATH=${CMAKE_PREFIX_PATH}:/home/za1van/ros2_ws/install/my_turtle_controller:/home/za1van/ros2_ws/install/my_tf2_demo:/home/za1van/ros2_ws/install/my_service_server:/home/za1van/ros2_ws/install/my_service_client:/home/za1van/ros2_ws/install/my_project_start:/home/za1van/ros2_ws/install/my_calculate_action:/home/za1van/ros2_ws/install/3t:/opt/ros/jazzy DEBUGINFOD_URLS=https://debuginfod.ubuntu.com /usr/bin/cmake --build /home/za1van/ros2_ws/build/my_custom_interface -- -j4 -l4
[1.363s] Invoking command in '/home/za1van/ros2_ws/build/my_custom_interface': CMAKE_PREFIX_PATH=${CMAKE_PREFIX_PATH}:/home/za1van/ros2_ws/install/my_turtle_controller:/home/za1van/ros2_ws/install/my_tf2_demo:/home/za1van/ros2_ws/install/my_service_server:/home/za1van/ros2_ws/install/my_service_client:/home/za1van/ros2_ws/install/my_project_start:/home/za1van/ros2_ws/install/my_calculate_action:/home/za1van/ros2_ws/install/3t:/opt/ros/jazzy DEBUGINFOD_URLS=https://debuginfod.ubuntu.com /usr/bin/cmake --install /home/za1van/ros2_ws/build/my_custom_interface
[1.373s] -- Install configuration: ""
[1.374s] -- Up-to-date: /home/za1van/ros2_ws/install/my_custom_interface/share/ament_index/resource_index/rosidl_interfaces/my_custom_interface
[1.374s] -- Up-to-date: /home/za1van/ros2_ws/install/my_custom_interface/share/my_custom_interface/msg/Numbers.json
[1.374s] -- Up-to-date: /home/za1van/ros2_ws/install/my_custom_interface/include/my_custom_interface/my_custom_interface
[1.374s] -- Up-to-date: /home/za1van/ros2_ws/install/my_custom_interface/include/my_custom_interface/my_custom_interface/msg
[1.378s] -- Up-to-date: /home/za1van/ros2_ws/install/my_custom_interface/include/my_custom_interface/my_custom_interface/msg/rosidl_generator_c__visibility_control.h
[1.378s] -- Up-to-date: /home/za1van/ros2_ws/install/my_custom_interface/include/my_custom_interface/my_custom_interface/msg/detail
[1.379s] -- Up-to-date: /home/za1van/ros2_ws/install/my_custom_interface/include/my_custom_interface/my_custom_interface/msg/detail/numbers__functions.c
[1.379s] -- Up-to-date: /home/za1van/ros2_ws/install/my_custom_interface/include/my_custom_interface/my_custom_interface/msg/detail/numbers__struct.h
[1.380s] -- Installing: /home/za1van/ros2_ws/install/my_custom_interface/include/my_custom_interface/my_custom_interface/msg/detail/numbers__type_support.c
[1.380s] -- Up-to-date: /home/za1van/ros2_ws/install/my_custom_interface/include/my_custom_interface/my_custom_interface/msg/detail/numbers__description.c
[1.381s] -- Up-to-date: /home/za1van/ros2_ws/install/my_custom_interface/include/my_custom_interface/my_custom_interface/msg/detail/numbers__type_support.h
[1.383s] -- Up-to-date: /home/za1van/ros2_ws/install/my_custom_interface/include/my_custom_interface/my_custom_interface/msg/detail/numbers__functions.h
[1.383s] -- Up-to-date: /home/za1van/ros2_ws/install/my_custom_interface/include/my_custom_interface/my_custom_interface/msg/numbers.h
[1.383s] -- Up-to-date: /home/za1van/ros2_ws/install/my_custom_interface/share/my_custom_interface/environment/library_path.sh
[1.383s] -- Up-to-date: /home/za1van/ros2_ws/install/my_custom_interface/share/my_custom_interface/environment/library_path.dsv
[1.383s] -- Up-to-date: /home/za1van/ros2_ws/install/my_custom_interface/lib/libmy_custom_interface__rosidl_generator_c.so
[1.387s] -- Up-to-date: /home/za1van/ros2_ws/install/my_custom_interface/include/my_custom_interface/my_custom_interface
[1.388s] -- Up-to-date: /home/za1van/ros2_ws/install/my_custom_interface/include/my_custom_interface/my_custom_interface/msg
[1.388s] -- Up-to-date: /home/za1van/ros2_ws/install/my_custom_interface/include/my_custom_interface/my_custom_interface/msg/rosidl_typesupport_fastrtps_c__visibility_control.h
[1.389s] -- Up-to-date: /home/za1van/ros2_ws/install/my_custom_interface/include/my_custom_interface/my_custom_interface/msg/detail
[1.389s] -- Up-to-date: /home/za1van/ros2_ws/install/my_custom_interface/include/my_custom_interface/my_custom_interface/msg/detail/numbers__rosidl_typesupport_fastrtps_c.h
[1.389s] -- Up-to-date: /home/za1van/ros2_ws/install/my_custom_interface/lib/libmy_custom_interface__rosidl_typesupport_fastrtps_c.so
[1.392s] -- Up-to-date: /home/za1van/ros2_ws/install/my_custom_interface/include/my_custom_interface/my_custom_interface
[1.392s] -- Up-to-date: /home/za1van/ros2_ws/install/my_custom_interface/include/my_custom_interface/my_custom_interface/msg
[1.392s] -- Up-to-date: /home/za1van/ros2_ws/install/my_custom_interface/include/my_custom_interface/my_custom_interface/msg/detail
[1.396s] -- Up-to-date: /home/za1van/ros2_ws/install/my_custom_interface/include/my_custom_interface/my_custom_interface/msg/detail/numbers__rosidl_typesupport_introspection_c.h
[1.396s] -- Installing: /home/za1van/ros2_ws/install/my_custom_interface/include/my_custom_interface/my_custom_interface/msg/detail/numbers__type_support.c
[1.396s] -- Up-to-date: /home/za1van/ros2_ws/install/my_custom_interface/include/my_custom_interface/my_custom_interface/msg/rosidl_typesupport_introspection_c__visibility_control.h
[1.396s] -- Up-to-date: /home/za1van/ros2_ws/install/my_custom_interface/lib/libmy_custom_interface__rosidl_typesupport_introspection_c.so
[1.397s] -- Up-to-date: /home/za1van/ros2_ws/install/my_custom_interface/lib/libmy_custom_interface__rosidl_typesupport_c.so
[1.397s] -- Up-to-date: /home/za1van/ros2_ws/install/my_custom_interface/include/my_custom_interface/my_custom_interface
[1.397s] -- Up-to-date: /home/za1van/ros2_ws/install/my_custom_interface/include/my_custom_interface/my_custom_interface/msg
[1.397s] -- Up-to-date: /home/za1van/ros2_ws/install/my_custom_interface/include/my_custom_interface/my_custom_interface/msg/rosidl_generator_cpp__visibility_control.hpp
[1.397s] -- Up-to-date: /home/za1van/ros2_ws/install/my_custom_interface/include/my_custom_interface/my_custom_interface/msg/numbers.hpp
[1.397s] -- Up-to-date: /home/za1van/ros2_ws/install/my_custom_interface/include/my_custom_interface/my_custom_interface/msg/detail
[1.398s] -- Up-to-date: /home/za1van/ros2_ws/install/my_custom_interface/include/my_custom_interface/my_custom_interface/msg/detail/numbers__struct.hpp
[1.398s] -- Up-to-date: /home/za1van/ros2_ws/install/my_custom_interface/include/my_custom_interface/my_custom_interface/msg/detail/numbers__builder.hpp
[1.401s] -- Up-to-date: /home/za1van/ros2_ws/install/my_custom_interface/include/my_custom_interface/my_custom_interface/msg/detail/numbers__type_support.hpp
[1.401s] -- Up-to-date: /home/za1van/ros2_ws/install/my_custom_interface/include/my_custom_interface/my_custom_interface/msg/detail/numbers__traits.hpp
[1.403s] -- Up-to-date: /home/za1van/ros2_ws/install/my_custom_interface/include/my_custom_interface/my_custom_interface
[1.403s] -- Up-to-date: /home/za1van/ros2_ws/install/my_custom_interface/include/my_custom_interface/my_custom_interface/msg
[1.403s] -- Up-to-date: /home/za1van/ros2_ws/install/my_custom_interface/include/my_custom_interface/my_custom_interface/msg/rosidl_typesupport_fastrtps_cpp__visibility_control.h
[1.403s] -- Up-to-date: /home/za1van/ros2_ws/install/my_custom_interface/include/my_custom_interface/my_custom_interface/msg/detail
[1.405s] -- Up-to-date: /home/za1van/ros2_ws/install/my_custom_interface/include/my_custom_interface/my_custom_interface/msg/detail/dds_fastrtps
[1.405s] -- Up-to-date: /home/za1van/ros2_ws/install/my_custom_interface/include/my_custom_interface/my_custom_interface/msg/detail/numbers__rosidl_typesupport_fastrtps_cpp.hpp
[1.405s] -- Up-to-date: /home/za1van/ros2_ws/install/my_custom_interface/lib/libmy_custom_interface__rosidl_typesupport_fastrtps_cpp.so
[1.405s] -- Up-to-date: /home/za1van/ros2_ws/install/my_custom_interface/include/my_custom_interface/my_custom_interface
[1.405s] -- Up-to-date: /home/za1van/ros2_ws/install/my_custom_interface/include/my_custom_interface/my_custom_interface/msg
[1.405s] -- Up-to-date: /home/za1van/ros2_ws/install/my_custom_interface/include/my_custom_interface/my_custom_interface/msg/detail
[1.410s] -- Up-to-date: /home/za1van/ros2_ws/install/my_custom_interface/include/my_custom_interface/my_custom_interface/msg/detail/numbers__rosidl_typesupport_introspection_cpp.hpp
[1.410s] -- Up-to-date: /home/za1van/ros2_ws/install/my_custom_interface/include/my_custom_interface/my_custom_interface/msg/detail/numbers__type_support.cpp
[1.410s] -- Up-to-date: /home/za1van/ros2_ws/install/my_custom_interface/lib/libmy_custom_interface__rosidl_typesupport_introspection_cpp.so
[1.410s] -- Up-to-date: /home/za1van/ros2_ws/install/my_custom_interface/lib/libmy_custom_interface__rosidl_typesupport_cpp.so
[1.410s] -- Up-to-date: /home/za1van/ros2_ws/install/my_custom_interface/share/my_custom_interface/environment/pythonpath.sh
[1.411s] -- Up-to-date: /home/za1van/ros2_ws/install/my_custom_interface/share/my_custom_interface/environment/pythonpath.dsv
[1.411s] -- Up-to-date: /home/za1van/ros2_ws/install/my_custom_interface/lib/python3.12/site-packages/my_custom_interface-0.0.0-py3.12.egg-info
[1.411s] -- Installing: /home/za1van/ros2_ws/install/my_custom_interface/lib/python3.12/site-packages/my_custom_interface-0.0.0-py3.12.egg-info/dependency_links.txt
[1.411s] -- Installing: /home/za1van/ros2_ws/install/my_custom_interface/lib/python3.12/site-packages/my_custom_interface-0.0.0-py3.12.egg-info/PKG-INFO
[1.411s] -- Installing: /home/za1van/ros2_ws/install/my_custom_interface/lib/python3.12/site-packages/my_custom_interface-0.0.0-py3.12.egg-info/top_level.txt
[1.412s] -- Installing: /home/za1van/ros2_ws/install/my_custom_interface/lib/python3.12/site-packages/my_custom_interface-0.0.0-py3.12.egg-info/SOURCES.txt
[1.412s] -- Up-to-date: /home/za1van/ros2_ws/install/my_custom_interface/lib/python3.12/site-packages/my_custom_interface
[1.412s] -- Up-to-date: /home/za1van/ros2_ws/install/my_custom_interface/lib/python3.12/site-packages/my_custom_interface/my_custom_interface_s__rosidl_typesupport_c.so
[1.412s] -- Up-to-date: /home/za1van/ros2_ws/install/my_custom_interface/lib/python3.12/site-packages/my_custom_interface/_my_custom_interface_s.ep.rosidl_typesupport_fastrtps_c.c
[1.412s] -- Up-to-date: /home/za1van/ros2_ws/install/my_custom_interface/lib/python3.12/site-packages/my_custom_interface/my_custom_interface_s__rosidl_typesupport_introspection_c.so
[1.417s] -- Up-to-date: /home/za1van/ros2_ws/install/my_custom_interface/lib/python3.12/site-packages/my_custom_interface/my_custom_interface_s__rosidl_typesupport_fastrtps_c.so
[1.417s] -- Up-to-date: /home/za1van/ros2_ws/install/my_custom_interface/lib/python3.12/site-packages/my_custom_interface/__init__.py
[1.417s] -- Up-to-date: /home/za1van/ros2_ws/install/my_custom_interface/lib/python3.12/site-packages/my_custom_interface/_my_custom_interface_s.ep.rosidl_typesupport_c.c
[1.417s] -- Up-to-date: /home/za1van/ros2_ws/install/my_custom_interface/lib/python3.12/site-packages/my_custom_interface/_my_custom_interface_s.ep.rosidl_typesupport_introspection_c.c
[1.418s] -- Up-to-date: /home/za1van/ros2_ws/install/my_custom_interface/lib/python3.12/site-packages/my_custom_interface/msg
[1.418s] -- Up-to-date: /home/za1van/ros2_ws/install/my_custom_interface/lib/python3.12/site-packages/my_custom_interface/msg/_numbers_s.c
[1.418s] -- Up-to-date: /home/za1van/ros2_ws/install/my_custom_interface/lib/python3.12/site-packages/my_custom_interface/msg/__init__.py
[1.418s] -- Up-to-date: /home/za1van/ros2_ws/install/my_custom_interface/lib/python3.12/site-packages/my_custom_interface/msg/_numbers.py
[1.574s] Listing '/home/za1van/ros2_ws/install/my_custom_interface/lib/python3.12/site-packages/my_custom_interface'...
[1.574s] Listing '/home/za1van/ros2_ws/install/my_custom_interface/lib/python3.12/site-packages/my_custom_interface/msg'...
[1.592s] -- Up-to-date: /home/za1van/ros2_ws/install/my_custom_interface/lib/python3.12/site-packages/my_custom_interface/my_custom_interface_s__rosidl_typesupport_fastrtps_c.so
[1.593s] -- Up-to-date: /home/za1van/ros2_ws/install/my_custom_interface/lib/python3.12/site-packages/my_custom_interface/my_custom_interface_s__rosidl_typesupport_introspection_c.so
[1.593s] -- Up-to-date: /home/za1van/ros2_ws/install/my_custom_interface/lib/python3.12/site-packages/my_custom_interface/my_custom_interface_s__rosidl_typesupport_c.so
[1.593s] -- Up-to-date: /home/za1van/ros2_ws/install/my_custom_interface/lib/libmy_custom_interface__rosidl_generator_py.so
[1.594s] -- Up-to-date: /home/za1van/ros2_ws/install/my_custom_interface/share/my_custom_interface/msg/Numbers.idl
[1.597s] -- Up-to-date: /home/za1van/ros2_ws/install/my_custom_interface/share/my_custom_interface/msg/Numbers.msg
[1.598s] -- Up-to-date: /home/za1van/ros2_ws/install/my_custom_interface/share/ament_index/resource_index/package_run_dependencies/my_custom_interface
[1.600s] -- Up-to-date: /home/za1van/ros2_ws/install/my_custom_interface/share/ament_index/resource_index/parent_prefix_path/my_custom_interface
[1.600s] -- Up-to-date: /home/za1van/ros2_ws/install/my_custom_interface/share/my_custom_interface/environment/ament_prefix_path.sh
[1.600s] -- Up-to-date: /home/za1van/ros2_ws/install/my_custom_interface/share/my_custom_interface/environment/ament_prefix_path.dsv
[1.600s] -- Up-to-date: /home/za1van/ros2_ws/install/my_custom_interface/share/my_custom_interface/environment/path.sh
[1.600s] -- Up-to-date: /home/za1van/ros2_ws/install/my_custom_interface/share/my_custom_interface/environment/path.dsv
[1.601s] -- Up-to-date: /home/za1van/ros2_ws/install/my_custom_interface/share/my_custom_interface/local_setup.bash
[1.601s] -- Up-to-date: /home/za1van/ros2_ws/install/my_custom_interface/share/my_custom_interface/local_setup.sh
[1.601s] -- Up-to-date: /home/za1van/ros2_ws/install/my_custom_interface/share/my_custom_interface/local_setup.zsh
[1.601s] -- Up-to-date: /home/za1van/ros2_ws/install/my_custom_interface/share/my_custom_interface/local_setup.dsv
[1.601s] -- Installing: /home/za1van/ros2_ws/install/my_custom_interface/share/my_custom_interface/package.dsv
[1.601s] -- Up-to-date: /home/za1van/ros2_ws/install/my_custom_interface/share/ament_index/resource_index/packages/my_custom_interface
[1.604s] -- Up-to-date: /home/za1van/ros2_ws/install/my_custom_interface/share/my_custom_interface/cmake/export_my_custom_interface__rosidl_generator_cExport.cmake
[1.604s] -- Up-to-date: /home/za1van/ros2_ws/install/my_custom_interface/share/my_custom_interface/cmake/export_my_custom_interface__rosidl_generator_cExport-noconfig.cmake
[1.604s] -- Up-to-date: /home/za1van/ros2_ws/install/my_custom_interface/share/my_custom_interface/cmake/export_my_custom_interface__rosidl_typesupport_fastrtps_cExport.cmake
[1.604s] -- Up-to-date: /home/za1van/ros2_ws/install/my_custom_interface/share/my_custom_interface/cmake/export_my_custom_interface__rosidl_typesupport_fastrtps_cExport-noconfig.cmake
[1.605s] -- Up-to-date: /home/za1van/ros2_ws/install/my_custom_interface/share/my_custom_interface/cmake/my_custom_interface__rosidl_typesupport_introspection_cExport.cmake
[1.605s] -- Up-to-date: /home/za1van/ros2_ws/install/my_custom_interface/share/my_custom_interface/cmake/my_custom_interface__rosidl_typesupport_introspection_cExport-noconfig.cmake
[1.605s] -- Up-to-date: /home/za1van/ros2_ws/install/my_custom_interface/share/my_custom_interface/cmake/my_custom_interface__rosidl_typesupport_cExport.cmake
[1.605s] -- Up-to-date: /home/za1van/ros2_ws/install/my_custom_interface/share/my_custom_interface/cmake/my_custom_interface__rosidl_typesupport_cExport-noconfig.cmake
[1.605s] -- Up-to-date: /home/za1van/ros2_ws/install/my_custom_interface/share/my_custom_interface/cmake/export_my_custom_interface__rosidl_generator_cppExport.cmake
[1.605s] -- Up-to-date: /home/za1van/ros2_ws/install/my_custom_interface/share/my_custom_interface/cmake/export_my_custom_interface__rosidl_typesupport_fastrtps_cppExport.cmake
[1.606s] -- Up-to-date: /home/za1van/ros2_ws/install/my_custom_interface/share/my_custom_interface/cmake/export_my_custom_interface__rosidl_typesupport_fastrtps_cppExport-noconfig.cmake
[1.606s] -- Up-to-date: /home/za1van/ros2_ws/install/my_custom_interface/share/my_custom_interface/cmake/my_custom_interface__rosidl_typesupport_introspection_cppExport.cmake
[1.606s] -- Up-to-date: /home/za1van/ros2_ws/install/my_custom_interface/share/my_custom_interface/cmake/my_custom_interface__rosidl_typesupport_introspection_cppExport-noconfig.cmake
[1.606s] -- Up-to-date: /home/za1van/ros2_ws/install/my_custom_interface/share/my_custom_interface/cmake/my_custom_interface__rosidl_typesupport_cppExport.cmake
[1.606s] -- Up-to-date: /home/za1van/ros2_ws/install/my_custom_interface/share/my_custom_interface/cmake/my_custom_interface__rosidl_typesupport_cppExport-noconfig.cmake
[1.606s] -- Up-to-date: /home/za1van/ros2_ws/install/my_custom_interface/share/my_custom_interface/cmake/export_my_custom_interface__rosidl_generator_pyExport.cmake
[1.615s] -- Up-to-date: /home/za1van/ros2_ws/install/my_custom_interface/share/my_custom_interface/cmake/export_my_custom_interface__rosidl_generator_pyExport-noconfig.cmake
[1.621s] -- Up-to-date: /home/za1van/ros2_ws/install/my_custom_interface/share/my_custom_interface/cmake/rosidl_cmake-extras.cmake
[1.621s] -- Up-to-date: /home/za1van/ros2_ws/install/my_custom_interface/share/my_custom_interface/cmake/ament_cmake_export_include_directories-extras.cmake
[1.621s] -- Up-to-date: /home/za1van/ros2_ws/install/my_custom_interface/share/my_custom_interface/cmake/ament_cmake_export_libraries-extras.cmake
[1.621s] -- Up-to-date: /home/za1van/ros2_ws/install/my_custom_interface/share/my_custom_interface/cmake/ament_cmake_export_targets-extras.cmake
[1.621s] -- Up-to-date: /home/za1van/ros2_ws/install/my_custom_interface/share/my_custom_interface/cmake/rosidl_cmake_export_typesupport_targets-extras.cmake
[1.622s] -- Up-to-date: /home/za1van/ros2_ws/install/my_custom_interface/share/my_custom_interface/cmake/ament_cmake_export_dependencies-extras.cmake
[1.622s] -- Up-to-date: /home/za1van/ros2_ws/install/my_custom_interface/share/my_custom_interface/cmake/rosidl_cmake_export_typesupport_libraries-extras.cmake
[1.622s] -- Up-to-date: /home/za1van/ros2_ws/install/my_custom_interface/share/my_custom_interface/cmake/my_custom_interfaceConfig.cmake
[1.622s] -- Up-to-date: /home/za1van/ros2_ws/install/my_custom_interface/share/my_custom_interface/cmake/my_custom_interfaceConfig-version.cmake
[1.622s] -- Up-to-date: /home/za1van/ros2_ws/install/my_custom_interface/share/my_custom_interface/package.xml
[1.622s] Invoked command in '/home/za1van/ros2_ws/build/my_custom_interface' returned '0': CMAKE_PREFIX_PATH=${CMAKE_PREFIX_PATH}:/home/za1van/ros2_ws/install/my_turtle_controller:/home/za1van/ros2_ws/install/my_tf2_demo:/home/za1van/ros2_ws/install/my_service_server:/home/za1van/ros2_ws/install/my_service_client:/home/za1van/ros2_ws/install/my_project_start:/home/za1van/ros2_ws/install/my_calculate_action:/home/za1van/ros2_ws/install/3t:/opt/ros/jazzy DEBUGINFOD_URLS=https://debuginfod.ubuntu.com /usr/bin/cmake --install /home/za1van/ros2_ws/build/my_custom_interface
