[0.111s] Invoking command in '/home/za1van/ros2_ws/build/my_two_wheel_robot': CMAKE_PREFIX_PATH=${CMAKE_PREFIX_PATH}:/home/za1van/ros2_ws/install/twist_converter:/home/za1van/ros2_ws/install/my_turtle_controller:/home/za1van/ros2_ws/install/my_tf2_demo:/home/za1van/ros2_ws/install/my_service_server:/home/za1van/ros2_ws/install/my_service_client:/home/za1van/ros2_ws/install/my_project_start:/home/za1van/ros2_ws/install/my_calculate_action:/home/za1van/ros2_ws/install/3t:/opt/ros/jazzy DEBUGINFOD_URLS=https://debuginfod.ubuntu.com /usr/bin/cmake --build /home/za1van/ros2_ws/build/my_two_wheel_robot -- -j4 -l4
[0.196s] Invoked command in '/home/za1van/ros2_ws/build/my_two_wheel_robot' returned '0': CMAKE_PREFIX_PATH=${CMAKE_PREFIX_PATH}:/home/za1van/ros2_ws/install/twist_converter:/home/za1van/ros2_ws/install/my_turtle_controller:/home/za1van/ros2_ws/install/my_tf2_demo:/home/za1van/ros2_ws/install/my_service_server:/home/za1van/ros2_ws/install/my_service_client:/home/za1van/ros2_ws/install/my_project_start:/home/za1van/ros2_ws/install/my_calculate_action:/home/za1van/ros2_ws/install/3t:/opt/ros/jazzy DEBUGINFOD_URLS=https://debuginfod.ubuntu.com /usr/bin/cmake --build /home/za1van/ros2_ws/build/my_two_wheel_robot -- -j4 -l4
[0.197s] Invoking command in '/home/za1van/ros2_ws/build/my_two_wheel_robot': CMAKE_PREFIX_PATH=${CMAKE_PREFIX_PATH}:/home/za1van/ros2_ws/install/twist_converter:/home/za1van/ros2_ws/install/my_turtle_controller:/home/za1van/ros2_ws/install/my_tf2_demo:/home/za1van/ros2_ws/install/my_service_server:/home/za1van/ros2_ws/install/my_service_client:/home/za1van/ros2_ws/install/my_project_start:/home/za1van/ros2_ws/install/my_calculate_action:/home/za1van/ros2_ws/install/3t:/opt/ros/jazzy DEBUGINFOD_URLS=https://debuginfod.ubuntu.com /usr/bin/cmake --install /home/za1van/ros2_ws/build/my_two_wheel_robot
[0.216s] -- Install configuration: ""
[0.218s] -- Up-to-date: /home/za1van/ros2_ws/install/my_two_wheel_robot/share/my_two_wheel_robot/launch
[0.222s] -- Up-to-date: /home/za1van/ros2_ws/install/my_two_wheel_robot/share/my_two_wheel_robot/launch/two_wheel_robot.launch.py
[0.222s] -- Up-to-date: /home/za1van/ros2_ws/install/my_two_wheel_robot/share/my_two_wheel_robot/urdf
[0.222s] -- Up-to-date: /home/za1van/ros2_ws/install/my_two_wheel_robot/share/my_two_wheel_robot/urdf/my_two_wheel_robot.urdf.xacro
[0.225s] -- Up-to-date: /home/za1van/ros2_ws/install/my_two_wheel_robot/share/my_two_wheel_robot/config
[0.227s] -- Up-to-date: /home/za1van/ros2_ws/install/my_two_wheel_robot/share/my_two_wheel_robot/config/diff_drive_controllers.yaml
[0.227s] -- Up-to-date: /home/za1van/ros2_ws/install/my_two_wheel_robot/share/my_two_wheel_robot/rviz
[0.227s] -- Up-to-date: /home/za1van/ros2_ws/install/my_two_wheel_robot/share/my_two_wheel_robot/rviz/urdf.rviz
[0.227s] -- Up-to-date: /home/za1van/ros2_ws/install/my_two_wheel_robot/share/ament_index/resource_index/package_run_dependencies/my_two_wheel_robot
[0.233s] -- Up-to-date: /home/za1van/ros2_ws/install/my_two_wheel_robot/share/ament_index/resource_index/parent_prefix_path/my_two_wheel_robot
[0.233s] -- Up-to-date: /home/za1van/ros2_ws/install/my_two_wheel_robot/share/my_two_wheel_robot/environment/ament_prefix_path.sh
[0.233s] -- Up-to-date: /home/za1van/ros2_ws/install/my_two_wheel_robot/share/my_two_wheel_robot/environment/ament_prefix_path.dsv
[0.234s] -- Up-to-date: /home/za1van/ros2_ws/install/my_two_wheel_robot/share/my_two_wheel_robot/environment/path.sh
[0.234s] -- Up-to-date: /home/za1van/ros2_ws/install/my_two_wheel_robot/share/my_two_wheel_robot/environment/path.dsv
[0.234s] -- Up-to-date: /home/za1van/ros2_ws/install/my_two_wheel_robot/share/my_two_wheel_robot/local_setup.bash
[0.238s] -- Up-to-date: /home/za1van/ros2_ws/install/my_two_wheel_robot/share/my_two_wheel_robot/local_setup.sh
[0.238s] -- Up-to-date: /home/za1van/ros2_ws/install/my_two_wheel_robot/share/my_two_wheel_robot/local_setup.zsh
[0.238s] -- Up-to-date: /home/za1van/ros2_ws/install/my_two_wheel_robot/share/my_two_wheel_robot/local_setup.dsv
[0.238s] -- Installing: /home/za1van/ros2_ws/install/my_two_wheel_robot/share/my_two_wheel_robot/package.dsv
[0.238s] -- Up-to-date: /home/za1van/ros2_ws/install/my_two_wheel_robot/share/ament_index/resource_index/packages/my_two_wheel_robot
[0.240s] -- Up-to-date: /home/za1van/ros2_ws/install/my_two_wheel_robot/share/my_two_wheel_robot/cmake/my_two_wheel_robotConfig.cmake
[0.241s] -- Up-to-date: /home/za1van/ros2_ws/install/my_two_wheel_robot/share/my_two_wheel_robot/cmake/my_two_wheel_robotConfig-version.cmake
[0.241s] -- Up-to-date: /home/za1van/ros2_ws/install/my_two_wheel_robot/share/my_two_wheel_robot/package.xml
[0.248s] Invoked command in '/home/za1van/ros2_ws/build/my_two_wheel_robot' returned '0': CMAKE_PREFIX_PATH=${CMAKE_PREFIX_PATH}:/home/za1van/ros2_ws/install/twist_converter:/home/za1van/ros2_ws/install/my_turtle_controller:/home/za1van/ros2_ws/install/my_tf2_demo:/home/za1van/ros2_ws/install/my_service_server:/home/za1van/ros2_ws/install/my_service_client:/home/za1van/ros2_ws/install/my_project_start:/home/za1van/ros2_ws/install/my_calculate_action:/home/za1van/ros2_ws/install/3t:/opt/ros/jazzy DEBUGINFOD_URLS=https://debuginfod.ubuntu.com /usr/bin/cmake --install /home/za1van/ros2_ws/build/my_two_wheel_robot
