/home/za1van/ros2_ws/install/my_turtle_controller/lib/python3.12/site-packages/my_turtle_controller/turtle_mover.py
/home/za1van/ros2_ws/install/my_turtle_controller/lib/python3.12/site-packages/my_turtle_controller/turtle_figure8.py
/home/za1van/ros2_ws/install/my_turtle_controller/lib/python3.12/site-packages/my_turtle_controller/turtle_pose_follower.py
/home/za1van/ros2_ws/install/my_turtle_controller/lib/python3.12/site-packages/my_turtle_controller/__init__.py
/home/za1van/ros2_ws/install/my_turtle_controller/lib/python3.12/site-packages/my_turtle_controller/follower_spawner.py
/home/za1van/ros2_ws/install/my_turtle_controller/lib/python3.12/site-packages/my_turtle_controller/__pycache__/turtle_mover.cpython-312.pyc
/home/za1van/ros2_ws/install/my_turtle_controller/lib/python3.12/site-packages/my_turtle_controller/__pycache__/turtle_figure8.cpython-312.pyc
/home/za1van/ros2_ws/install/my_turtle_controller/lib/python3.12/site-packages/my_turtle_controller/__pycache__/turtle_pose_follower.cpython-312.pyc
/home/za1van/ros2_ws/install/my_turtle_controller/lib/python3.12/site-packages/my_turtle_controller/__pycache__/__init__.cpython-312.pyc
/home/za1van/ros2_ws/install/my_turtle_controller/lib/python3.12/site-packages/my_turtle_controller/__pycache__/follower_spawner.cpython-312.pyc
/home/za1van/ros2_ws/install/my_turtle_controller/share/ament_index/resource_index/packages/my_turtle_controller
/home/za1van/ros2_ws/install/my_turtle_controller/share/my_turtle_controller/package.xml
/home/za1van/ros2_ws/install/my_turtle_controller/lib/python3.12/site-packages/my_turtle_controller-0.0.0-py3.12.egg-info/dependency_links.txt
/home/za1van/ros2_ws/install/my_turtle_controller/lib/python3.12/site-packages/my_turtle_controller-0.0.0-py3.12.egg-info/PKG-INFO
/home/za1van/ros2_ws/install/my_turtle_controller/lib/python3.12/site-packages/my_turtle_controller-0.0.0-py3.12.egg-info/top_level.txt
/home/za1van/ros2_ws/install/my_turtle_controller/lib/python3.12/site-packages/my_turtle_controller-0.0.0-py3.12.egg-info/zip-safe
/home/za1van/ros2_ws/install/my_turtle_controller/lib/python3.12/site-packages/my_turtle_controller-0.0.0-py3.12.egg-info/entry_points.txt
/home/za1van/ros2_ws/install/my_turtle_controller/lib/python3.12/site-packages/my_turtle_controller-0.0.0-py3.12.egg-info/requires.txt
/home/za1van/ros2_ws/install/my_turtle_controller/lib/python3.12/site-packages/my_turtle_controller-0.0.0-py3.12.egg-info/SOURCES.txt
/home/za1van/ros2_ws/install/my_turtle_controller/lib/my_turtle_controller/turtle_figure8
/home/za1van/ros2_ws/install/my_turtle_controller/lib/my_turtle_controller/turtle_follower_spawner
/home/za1van/ros2_ws/install/my_turtle_controller/lib/my_turtle_controller/turtle_mover
/home/za1van/ros2_ws/install/my_turtle_controller/lib/my_turtle_controller/turtle_pose_follower
