[0.051s] Invoking command in '/home/za1van/ros2_ws/build/my_action_interface': CMAKE_PREFIX_PATH=${CMAKE_PREFIX_PATH}:/home/za1van/ros2_ws/install/my_turtle_controller:/home/za1van/ros2_ws/install/my_tf2_demo:/home/za1van/ros2_ws/install/my_service_server:/home/za1van/ros2_ws/install/my_service_client:/home/za1van/ros2_ws/install/my_project_start:/home/za1van/ros2_ws/install/my_calculate_action:/home/za1van/ros2_ws/install/3t:/opt/ros/jazzy DEBUGINFOD_URLS=https://debuginfod.ubuntu.com /usr/bin/cmake --build /home/za1van/ros2_ws/build/my_action_interface -- -j4 -l4
[0.858s] [  2%] Built target my_action_interface__rosidl_generator_type_description
[0.858s] [  2%] Built target ament_cmake_python_copy_my_action_interface
[0.859s] [  4%] Built target my_action_interface__cpp
[0.859s] [ 22%] Built target my_action_interface__rosidl_generator_c
[0.859s] [ 31%] Built target my_action_interface__rosidl_typesupport_introspection_c
[0.859s] [ 40%] Built target my_action_interface__rosidl_typesupport_c
[0.859s] [ 50%] Built target my_action_interface__rosidl_typesupport_fastrtps_c
[0.860s] [ 59%] Built target my_action_interface__rosidl_typesupport_fastrtps_cpp
[0.860s] [ 68%] Built target my_action_interface__rosidl_typesupport_cpp
[0.860s] [ 77%] Built target my_action_interface__rosidl_typesupport_introspection_cpp
[0.860s] [ 77%] Built target my_action_interface
[0.860s] [ 79%] Built target my_action_interface__py
[0.860s] [ 86%] Built target my_action_interface__rosidl_generator_py
[0.861s] [ 90%] Built target my_action_interface_s__rosidl_typesupport_c
[0.861s] [ 95%] Built target my_action_interface_s__rosidl_typesupport_fastrtps_c
[0.861s] [100%] Built target my_action_interface_s__rosidl_typesupport_introspection_c
[0.861s] running egg_info
[0.861s] writing my_action_interface.egg-info/PKG-INFO
[0.861s] writing dependency_links to my_action_interface.egg-info/dependency_links.txt
[0.862s] writing top-level names to my_action_interface.egg-info/top_level.txt
[1.014s] reading manifest file 'my_action_interface.egg-info/SOURCES.txt'
[1.016s] writing manifest file 'my_action_interface.egg-info/SOURCES.txt'
[1.068s] [100%] Built target ament_cmake_python_build_my_action_interface_egg
[1.328s] Invoked command in '/home/za1van/ros2_ws/build/my_action_interface' returned '0': CMAKE_PREFIX_PATH=${CMAKE_PREFIX_PATH}:/home/za1van/ros2_ws/install/my_turtle_controller:/home/za1van/ros2_ws/install/my_tf2_demo:/home/za1van/ros2_ws/install/my_service_server:/home/za1van/ros2_ws/install/my_service_client:/home/za1van/ros2_ws/install/my_project_start:/home/za1van/ros2_ws/install/my_calculate_action:/home/za1van/ros2_ws/install/3t:/opt/ros/jazzy DEBUGINFOD_URLS=https://debuginfod.ubuntu.com /usr/bin/cmake --build /home/za1van/ros2_ws/build/my_action_interface -- -j4 -l4
[1.337s] Invoking command in '/home/za1van/ros2_ws/build/my_action_interface': CMAKE_PREFIX_PATH=${CMAKE_PREFIX_PATH}:/home/za1van/ros2_ws/install/my_turtle_controller:/home/za1van/ros2_ws/install/my_tf2_demo:/home/za1van/ros2_ws/install/my_service_server:/home/za1van/ros2_ws/install/my_service_client:/home/za1van/ros2_ws/install/my_project_start:/home/za1van/ros2_ws/install/my_calculate_action:/home/za1van/ros2_ws/install/3t:/opt/ros/jazzy DEBUGINFOD_URLS=https://debuginfod.ubuntu.com /usr/bin/cmake --install /home/za1van/ros2_ws/build/my_action_interface
[1.347s] -- Install configuration: ""
[1.349s] -- Up-to-date: /home/za1van/ros2_ws/install/my_action_interface/share/ament_index/resource_index/rosidl_interfaces/my_action_interface
[1.350s] -- Up-to-date: /home/za1van/ros2_ws/install/my_action_interface/share/my_action_interface/action/SummCalculate.json
[1.355s] -- Up-to-date: /home/za1van/ros2_ws/install/my_action_interface/share/my_action_interface/action/MoveTo.json
[1.356s] -- Up-to-date: /home/za1van/ros2_ws/install/my_action_interface/include/my_action_interface/my_action_interface
[1.360s] -- Up-to-date: /home/za1van/ros2_ws/install/my_action_interface/include/my_action_interface/my_action_interface/action
[1.360s] -- Up-to-date: /home/za1van/ros2_ws/install/my_action_interface/include/my_action_interface/my_action_interface/action/move_to.h
[1.361s] -- Up-to-date: /home/za1van/ros2_ws/install/my_action_interface/include/my_action_interface/my_action_interface/action/summ_calculate.h
[1.361s] -- Up-to-date: /home/za1van/ros2_ws/install/my_action_interface/include/my_action_interface/my_action_interface/action/detail
[1.361s] -- Up-to-date: /home/za1van/ros2_ws/install/my_action_interface/include/my_action_interface/my_action_interface/action/detail/move_to__functions.h
[1.361s] -- Up-to-date: /home/za1van/ros2_ws/install/my_action_interface/include/my_action_interface/my_action_interface/action/detail/summ_calculate__type_support.h
[1.364s] -- Up-to-date: /home/za1van/ros2_ws/install/my_action_interface/include/my_action_interface/my_action_interface/action/detail/summ_calculate__struct.h
[1.364s] -- Installing: /home/za1van/ros2_ws/install/my_action_interface/include/my_action_interface/my_action_interface/action/detail/summ_calculate__type_support.c
[1.364s] -- Up-to-date: /home/za1van/ros2_ws/install/my_action_interface/include/my_action_interface/my_action_interface/action/detail/move_to__struct.h
[1.364s] -- Up-to-date: /home/za1van/ros2_ws/install/my_action_interface/include/my_action_interface/my_action_interface/action/detail/summ_calculate__functions.c
[1.366s] -- Installing: /home/za1van/ros2_ws/install/my_action_interface/include/my_action_interface/my_action_interface/action/detail/move_to__type_support.c
[1.366s] -- Up-to-date: /home/za1van/ros2_ws/install/my_action_interface/include/my_action_interface/my_action_interface/action/detail/move_to__functions.c
[1.367s] -- Up-to-date: /home/za1van/ros2_ws/install/my_action_interface/include/my_action_interface/my_action_interface/action/detail/summ_calculate__functions.h
[1.367s] -- Up-to-date: /home/za1van/ros2_ws/install/my_action_interface/include/my_action_interface/my_action_interface/action/detail/summ_calculate__description.c
[1.367s] -- Up-to-date: /home/za1van/ros2_ws/install/my_action_interface/include/my_action_interface/my_action_interface/action/detail/move_to__type_support.h
[1.368s] -- Up-to-date: /home/za1van/ros2_ws/install/my_action_interface/include/my_action_interface/my_action_interface/action/detail/move_to__description.c
[1.369s] -- Up-to-date: /home/za1van/ros2_ws/install/my_action_interface/include/my_action_interface/my_action_interface/msg
[1.369s] -- Up-to-date: /home/za1van/ros2_ws/install/my_action_interface/include/my_action_interface/my_action_interface/msg/rosidl_generator_c__visibility_control.h
[1.369s] -- Up-to-date: /home/za1van/ros2_ws/install/my_action_interface/share/my_action_interface/environment/library_path.sh
[1.370s] -- Up-to-date: /home/za1van/ros2_ws/install/my_action_interface/share/my_action_interface/environment/library_path.dsv
[1.370s] -- Up-to-date: /home/za1van/ros2_ws/install/my_action_interface/lib/libmy_action_interface__rosidl_generator_c.so
[1.370s] -- Up-to-date: /home/za1van/ros2_ws/install/my_action_interface/include/my_action_interface/my_action_interface
[1.370s] -- Up-to-date: /home/za1van/ros2_ws/install/my_action_interface/include/my_action_interface/my_action_interface/action
[1.371s] -- Up-to-date: /home/za1van/ros2_ws/install/my_action_interface/include/my_action_interface/my_action_interface/action/detail
[1.372s] -- Up-to-date: /home/za1van/ros2_ws/install/my_action_interface/include/my_action_interface/my_action_interface/action/detail/move_to__rosidl_typesupport_fastrtps_c.h
[1.373s] -- Up-to-date: /home/za1van/ros2_ws/install/my_action_interface/include/my_action_interface/my_action_interface/action/detail/summ_calculate__rosidl_typesupport_fastrtps_c.h
[1.373s] -- Up-to-date: /home/za1van/ros2_ws/install/my_action_interface/include/my_action_interface/my_action_interface/msg
[1.373s] -- Up-to-date: /home/za1van/ros2_ws/install/my_action_interface/include/my_action_interface/my_action_interface/msg/rosidl_typesupport_fastrtps_c__visibility_control.h
[1.374s] -- Up-to-date: /home/za1van/ros2_ws/install/my_action_interface/lib/libmy_action_interface__rosidl_typesupport_fastrtps_c.so
[1.374s] -- Up-to-date: /home/za1van/ros2_ws/install/my_action_interface/include/my_action_interface/my_action_interface
[1.376s] -- Up-to-date: /home/za1van/ros2_ws/install/my_action_interface/include/my_action_interface/my_action_interface/action
[1.377s] -- Up-to-date: /home/za1van/ros2_ws/install/my_action_interface/include/my_action_interface/my_action_interface/action/detail
[1.393s] -- Up-to-date: /home/za1van/ros2_ws/install/my_action_interface/include/my_action_interface/my_action_interface/action/detail/summ_calculate__rosidl_typesupport_introspection_c.h
[1.393s] -- Installing: /home/za1van/ros2_ws/install/my_action_interface/include/my_action_interface/my_action_interface/action/detail/summ_calculate__type_support.c
[1.394s] -- Up-to-date: /home/za1van/ros2_ws/install/my_action_interface/include/my_action_interface/my_action_interface/action/detail/move_to__rosidl_typesupport_introspection_c.h
[1.395s] -- Installing: /home/za1van/ros2_ws/install/my_action_interface/include/my_action_interface/my_action_interface/action/detail/move_to__type_support.c
[1.395s] -- Up-to-date: /home/za1van/ros2_ws/install/my_action_interface/include/my_action_interface/my_action_interface/msg
[1.396s] -- Up-to-date: /home/za1van/ros2_ws/install/my_action_interface/include/my_action_interface/my_action_interface/msg/rosidl_typesupport_introspection_c__visibility_control.h
[1.397s] -- Up-to-date: /home/za1van/ros2_ws/install/my_action_interface/lib/libmy_action_interface__rosidl_typesupport_introspection_c.so
[1.398s] -- Up-to-date: /home/za1van/ros2_ws/install/my_action_interface/lib/libmy_action_interface__rosidl_typesupport_c.so
[1.398s] -- Up-to-date: /home/za1van/ros2_ws/install/my_action_interface/include/my_action_interface/my_action_interface
[1.399s] -- Up-to-date: /home/za1van/ros2_ws/install/my_action_interface/include/my_action_interface/my_action_interface/action
[1.399s] -- Up-to-date: /home/za1van/ros2_ws/install/my_action_interface/include/my_action_interface/my_action_interface/action/move_to.hpp
[1.400s] -- Up-to-date: /home/za1van/ros2_ws/install/my_action_interface/include/my_action_interface/my_action_interface/action/summ_calculate.hpp
[1.400s] -- Up-to-date: /home/za1van/ros2_ws/install/my_action_interface/include/my_action_interface/my_action_interface/action/detail
[1.402s] -- Up-to-date: /home/za1van/ros2_ws/install/my_action_interface/include/my_action_interface/my_action_interface/action/detail/move_to__traits.hpp
[1.402s] -- Up-to-date: /home/za1van/ros2_ws/install/my_action_interface/include/my_action_interface/my_action_interface/action/detail/summ_calculate__struct.hpp
[1.402s] -- Up-to-date: /home/za1van/ros2_ws/install/my_action_interface/include/my_action_interface/my_action_interface/action/detail/summ_calculate__traits.hpp
[1.402s] -- Up-to-date: /home/za1van/ros2_ws/install/my_action_interface/include/my_action_interface/my_action_interface/action/detail/summ_calculate__builder.hpp
[1.404s] -- Up-to-date: /home/za1van/ros2_ws/install/my_action_interface/include/my_action_interface/my_action_interface/action/detail/summ_calculate__type_support.hpp
[1.404s] -- Up-to-date: /home/za1van/ros2_ws/install/my_action_interface/include/my_action_interface/my_action_interface/action/detail/move_to__builder.hpp
[1.404s] -- Up-to-date: /home/za1van/ros2_ws/install/my_action_interface/include/my_action_interface/my_action_interface/action/detail/move_to__struct.hpp
[1.404s] -- Up-to-date: /home/za1van/ros2_ws/install/my_action_interface/include/my_action_interface/my_action_interface/action/detail/move_to__type_support.hpp
[1.405s] -- Up-to-date: /home/za1van/ros2_ws/install/my_action_interface/include/my_action_interface/my_action_interface/msg
[1.406s] -- Up-to-date: /home/za1van/ros2_ws/install/my_action_interface/include/my_action_interface/my_action_interface/msg/rosidl_generator_cpp__visibility_control.hpp
[1.407s] -- Up-to-date: /home/za1van/ros2_ws/install/my_action_interface/include/my_action_interface/my_action_interface
[1.407s] -- Up-to-date: /home/za1van/ros2_ws/install/my_action_interface/include/my_action_interface/my_action_interface/action
[1.408s] -- Up-to-date: /home/za1van/ros2_ws/install/my_action_interface/include/my_action_interface/my_action_interface/action/detail
[1.409s] -- Up-to-date: /home/za1van/ros2_ws/install/my_action_interface/include/my_action_interface/my_action_interface/action/detail/summ_calculate__rosidl_typesupport_fastrtps_cpp.hpp
[1.409s] -- Up-to-date: /home/za1van/ros2_ws/install/my_action_interface/include/my_action_interface/my_action_interface/action/detail/dds_fastrtps
[1.409s] -- Up-to-date: /home/za1van/ros2_ws/install/my_action_interface/include/my_action_interface/my_action_interface/action/detail/move_to__rosidl_typesupport_fastrtps_cpp.hpp
[1.410s] -- Up-to-date: /home/za1van/ros2_ws/install/my_action_interface/include/my_action_interface/my_action_interface/msg
[1.410s] -- Up-to-date: /home/za1van/ros2_ws/install/my_action_interface/include/my_action_interface/my_action_interface/msg/rosidl_typesupport_fastrtps_cpp__visibility_control.h
[1.420s] -- Up-to-date: /home/za1van/ros2_ws/install/my_action_interface/lib/libmy_action_interface__rosidl_typesupport_fastrtps_cpp.so
[1.420s] -- Up-to-date: /home/za1van/ros2_ws/install/my_action_interface/include/my_action_interface/my_action_interface
[1.422s] -- Up-to-date: /home/za1van/ros2_ws/install/my_action_interface/include/my_action_interface/my_action_interface/action
[1.422s] -- Up-to-date: /home/za1van/ros2_ws/install/my_action_interface/include/my_action_interface/my_action_interface/action/detail
[1.422s] -- Up-to-date: /home/za1van/ros2_ws/install/my_action_interface/include/my_action_interface/my_action_interface/action/detail/move_to__rosidl_typesupport_introspection_cpp.hpp
[1.422s] -- Up-to-date: /home/za1van/ros2_ws/install/my_action_interface/include/my_action_interface/my_action_interface/action/detail/move_to__type_support.cpp
[1.424s] -- Up-to-date: /home/za1van/ros2_ws/install/my_action_interface/include/my_action_interface/my_action_interface/action/detail/summ_calculate__type_support.cpp
[1.424s] -- Up-to-date: /home/za1van/ros2_ws/install/my_action_interface/include/my_action_interface/my_action_interface/action/detail/summ_calculate__rosidl_typesupport_introspection_cpp.hpp
[1.425s] -- Up-to-date: /home/za1van/ros2_ws/install/my_action_interface/lib/libmy_action_interface__rosidl_typesupport_introspection_cpp.so
[1.426s] -- Up-to-date: /home/za1van/ros2_ws/install/my_action_interface/lib/libmy_action_interface__rosidl_typesupport_cpp.so
[1.426s] -- Up-to-date: /home/za1van/ros2_ws/install/my_action_interface/share/my_action_interface/environment/pythonpath.sh
[1.426s] -- Up-to-date: /home/za1van/ros2_ws/install/my_action_interface/share/my_action_interface/environment/pythonpath.dsv
[1.428s] -- Up-to-date: /home/za1van/ros2_ws/install/my_action_interface/lib/python3.12/site-packages/my_action_interface-0.0.0-py3.12.egg-info
[1.429s] -- Installing: /home/za1van/ros2_ws/install/my_action_interface/lib/python3.12/site-packages/my_action_interface-0.0.0-py3.12.egg-info/dependency_links.txt
[1.437s] -- Installing: /home/za1van/ros2_ws/install/my_action_interface/lib/python3.12/site-packages/my_action_interface-0.0.0-py3.12.egg-info/PKG-INFO
[1.437s] -- Installing: /home/za1van/ros2_ws/install/my_action_interface/lib/python3.12/site-packages/my_action_interface-0.0.0-py3.12.egg-info/top_level.txt
[1.438s] -- Installing: /home/za1van/ros2_ws/install/my_action_interface/lib/python3.12/site-packages/my_action_interface-0.0.0-py3.12.egg-info/SOURCES.txt
[1.438s] -- Up-to-date: /home/za1van/ros2_ws/install/my_action_interface/lib/python3.12/site-packages/my_action_interface
[1.439s] -- Up-to-date: /home/za1van/ros2_ws/install/my_action_interface/lib/python3.12/site-packages/my_action_interface/my_action_interface_s__rosidl_typesupport_c.so
[1.439s] -- Up-to-date: /home/za1van/ros2_ws/install/my_action_interface/lib/python3.12/site-packages/my_action_interface/_my_action_interface_s.ep.rosidl_typesupport_c.c
[1.440s] -- Up-to-date: /home/za1van/ros2_ws/install/my_action_interface/lib/python3.12/site-packages/my_action_interface/my_action_interface_s__rosidl_typesupport_fastrtps_c.so
[1.440s] -- Up-to-date: /home/za1van/ros2_ws/install/my_action_interface/lib/python3.12/site-packages/my_action_interface/_my_action_interface_s.ep.rosidl_typesupport_introspection_c.c
[1.440s] -- Up-to-date: /home/za1van/ros2_ws/install/my_action_interface/lib/python3.12/site-packages/my_action_interface/__init__.py
[1.441s] -- Up-to-date: /home/za1van/ros2_ws/install/my_action_interface/lib/python3.12/site-packages/my_action_interface/my_action_interface_s__rosidl_typesupport_introspection_c.so
[1.442s] -- Up-to-date: /home/za1van/ros2_ws/install/my_action_interface/lib/python3.12/site-packages/my_action_interface/action
[1.442s] -- Up-to-date: /home/za1van/ros2_ws/install/my_action_interface/lib/python3.12/site-packages/my_action_interface/action/_move_to.py
[1.443s] -- Up-to-date: /home/za1van/ros2_ws/install/my_action_interface/lib/python3.12/site-packages/my_action_interface/action/_summ_calculate.py
[1.444s] -- Up-to-date: /home/za1van/ros2_ws/install/my_action_interface/lib/python3.12/site-packages/my_action_interface/action/_summ_calculate_s.c
[1.444s] -- Up-to-date: /home/za1van/ros2_ws/install/my_action_interface/lib/python3.12/site-packages/my_action_interface/action/_move_to_s.c
[1.445s] -- Up-to-date: /home/za1van/ros2_ws/install/my_action_interface/lib/python3.12/site-packages/my_action_interface/action/__init__.py
[1.446s] -- Up-to-date: /home/za1van/ros2_ws/install/my_action_interface/lib/python3.12/site-packages/my_action_interface/_my_action_interface_s.ep.rosidl_typesupport_fastrtps_c.c
[1.460s] Listing '/home/za1van/ros2_ws/install/my_action_interface/lib/python3.12/site-packages/my_action_interface'...
[1.460s] Listing '/home/za1van/ros2_ws/install/my_action_interface/lib/python3.12/site-packages/my_action_interface/action'...
[1.486s] -- Up-to-date: /home/za1van/ros2_ws/install/my_action_interface/lib/python3.12/site-packages/my_action_interface/my_action_interface_s__rosidl_typesupport_fastrtps_c.so
[1.486s] -- Up-to-date: /home/za1van/ros2_ws/install/my_action_interface/lib/python3.12/site-packages/my_action_interface/my_action_interface_s__rosidl_typesupport_introspection_c.so
[1.486s] -- Up-to-date: /home/za1van/ros2_ws/install/my_action_interface/lib/python3.12/site-packages/my_action_interface/my_action_interface_s__rosidl_typesupport_c.so
[1.487s] -- Up-to-date: /home/za1van/ros2_ws/install/my_action_interface/lib/libmy_action_interface__rosidl_generator_py.so
[1.487s] -- Up-to-date: /home/za1van/ros2_ws/install/my_action_interface/share/my_action_interface/action/SummCalculate.idl
[1.487s] -- Up-to-date: /home/za1van/ros2_ws/install/my_action_interface/share/my_action_interface/action/MoveTo.idl
[1.487s] -- Up-to-date: /home/za1van/ros2_ws/install/my_action_interface/share/my_action_interface/action/SummCalculate.action
[1.487s] -- Up-to-date: /home/za1van/ros2_ws/install/my_action_interface/share/my_action_interface/action/MoveTo.action
[1.487s] -- Up-to-date: /home/za1van/ros2_ws/install/my_action_interface/share/ament_index/resource_index/package_run_dependencies/my_action_interface
[1.487s] -- Up-to-date: /home/za1van/ros2_ws/install/my_action_interface/share/ament_index/resource_index/parent_prefix_path/my_action_interface
[1.488s] -- Up-to-date: /home/za1van/ros2_ws/install/my_action_interface/share/my_action_interface/environment/ament_prefix_path.sh
[1.489s] -- Up-to-date: /home/za1van/ros2_ws/install/my_action_interface/share/my_action_interface/environment/ament_prefix_path.dsv
[1.490s] -- Up-to-date: /home/za1van/ros2_ws/install/my_action_interface/share/my_action_interface/environment/path.sh
[1.490s] -- Up-to-date: /home/za1van/ros2_ws/install/my_action_interface/share/my_action_interface/environment/path.dsv
[1.490s] -- Up-to-date: /home/za1van/ros2_ws/install/my_action_interface/share/my_action_interface/local_setup.bash
[1.490s] -- Up-to-date: /home/za1van/ros2_ws/install/my_action_interface/share/my_action_interface/local_setup.sh
[1.490s] -- Up-to-date: /home/za1van/ros2_ws/install/my_action_interface/share/my_action_interface/local_setup.zsh
[1.490s] -- Up-to-date: /home/za1van/ros2_ws/install/my_action_interface/share/my_action_interface/local_setup.dsv
[1.491s] -- Installing: /home/za1van/ros2_ws/install/my_action_interface/share/my_action_interface/package.dsv
[1.491s] -- Up-to-date: /home/za1van/ros2_ws/install/my_action_interface/share/ament_index/resource_index/packages/my_action_interface
[1.491s] -- Up-to-date: /home/za1van/ros2_ws/install/my_action_interface/share/my_action_interface/cmake/export_my_action_interface__rosidl_generator_cExport.cmake
[1.491s] -- Up-to-date: /home/za1van/ros2_ws/install/my_action_interface/share/my_action_interface/cmake/export_my_action_interface__rosidl_generator_cExport-noconfig.cmake
[1.491s] -- Up-to-date: /home/za1van/ros2_ws/install/my_action_interface/share/my_action_interface/cmake/export_my_action_interface__rosidl_typesupport_fastrtps_cExport.cmake
[1.491s] -- Up-to-date: /home/za1van/ros2_ws/install/my_action_interface/share/my_action_interface/cmake/export_my_action_interface__rosidl_typesupport_fastrtps_cExport-noconfig.cmake
[1.492s] -- Up-to-date: /home/za1van/ros2_ws/install/my_action_interface/share/my_action_interface/cmake/my_action_interface__rosidl_typesupport_introspection_cExport.cmake
[1.495s] -- Up-to-date: /home/za1van/ros2_ws/install/my_action_interface/share/my_action_interface/cmake/my_action_interface__rosidl_typesupport_introspection_cExport-noconfig.cmake
[1.495s] -- Up-to-date: /home/za1van/ros2_ws/install/my_action_interface/share/my_action_interface/cmake/my_action_interface__rosidl_typesupport_cExport.cmake
[1.496s] -- Up-to-date: /home/za1van/ros2_ws/install/my_action_interface/share/my_action_interface/cmake/my_action_interface__rosidl_typesupport_cExport-noconfig.cmake
[1.496s] -- Up-to-date: /home/za1van/ros2_ws/install/my_action_interface/share/my_action_interface/cmake/export_my_action_interface__rosidl_generator_cppExport.cmake
[1.496s] -- Up-to-date: /home/za1van/ros2_ws/install/my_action_interface/share/my_action_interface/cmake/export_my_action_interface__rosidl_typesupport_fastrtps_cppExport.cmake
[1.496s] -- Up-to-date: /home/za1van/ros2_ws/install/my_action_interface/share/my_action_interface/cmake/export_my_action_interface__rosidl_typesupport_fastrtps_cppExport-noconfig.cmake
[1.496s] -- Up-to-date: /home/za1van/ros2_ws/install/my_action_interface/share/my_action_interface/cmake/my_action_interface__rosidl_typesupport_introspection_cppExport.cmake
[1.496s] -- Up-to-date: /home/za1van/ros2_ws/install/my_action_interface/share/my_action_interface/cmake/my_action_interface__rosidl_typesupport_introspection_cppExport-noconfig.cmake
[1.496s] -- Up-to-date: /home/za1van/ros2_ws/install/my_action_interface/share/my_action_interface/cmake/my_action_interface__rosidl_typesupport_cppExport.cmake
[1.497s] -- Up-to-date: /home/za1van/ros2_ws/install/my_action_interface/share/my_action_interface/cmake/my_action_interface__rosidl_typesupport_cppExport-noconfig.cmake
[1.497s] -- Up-to-date: /home/za1van/ros2_ws/install/my_action_interface/share/my_action_interface/cmake/export_my_action_interface__rosidl_generator_pyExport.cmake
[1.497s] -- Up-to-date: /home/za1van/ros2_ws/install/my_action_interface/share/my_action_interface/cmake/export_my_action_interface__rosidl_generator_pyExport-noconfig.cmake
[1.497s] -- Up-to-date: /home/za1van/ros2_ws/install/my_action_interface/share/my_action_interface/cmake/rosidl_cmake-extras.cmake
[1.497s] -- Up-to-date: /home/za1van/ros2_ws/install/my_action_interface/share/my_action_interface/cmake/ament_cmake_export_dependencies-extras.cmake
[1.497s] -- Up-to-date: /home/za1van/ros2_ws/install/my_action_interface/share/my_action_interface/cmake/ament_cmake_export_include_directories-extras.cmake
[1.498s] -- Up-to-date: /home/za1van/ros2_ws/install/my_action_interface/share/my_action_interface/cmake/ament_cmake_export_libraries-extras.cmake
[1.501s] -- Up-to-date: /home/za1van/ros2_ws/install/my_action_interface/share/my_action_interface/cmake/ament_cmake_export_targets-extras.cmake
[1.501s] -- Up-to-date: /home/za1van/ros2_ws/install/my_action_interface/share/my_action_interface/cmake/rosidl_cmake_export_typesupport_targets-extras.cmake
[1.502s] -- Up-to-date: /home/za1van/ros2_ws/install/my_action_interface/share/my_action_interface/cmake/rosidl_cmake_export_typesupport_libraries-extras.cmake
[1.502s] -- Up-to-date: /home/za1van/ros2_ws/install/my_action_interface/share/my_action_interface/cmake/my_action_interfaceConfig.cmake
[1.502s] -- Up-to-date: /home/za1van/ros2_ws/install/my_action_interface/share/my_action_interface/cmake/my_action_interfaceConfig-version.cmake
[1.502s] -- Up-to-date: /home/za1van/ros2_ws/install/my_action_interface/share/my_action_interface/package.xml
[1.543s] Invoked command in '/home/za1van/ros2_ws/build/my_action_interface' returned '0': CMAKE_PREFIX_PATH=${CMAKE_PREFIX_PATH}:/home/za1van/ros2_ws/install/my_turtle_controller:/home/za1van/ros2_ws/install/my_tf2_demo:/home/za1van/ros2_ws/install/my_service_server:/home/za1van/ros2_ws/install/my_service_client:/home/za1van/ros2_ws/install/my_project_start:/home/za1van/ros2_ws/install/my_calculate_action:/home/za1van/ros2_ws/install/3t:/opt/ros/jazzy DEBUGINFOD_URLS=https://debuginfod.ubuntu.com /usr/bin/cmake --install /home/za1van/ros2_ws/build/my_action_interface
