[4.473s] Invoking command in '/home/za1van/ros2_ws/src/my_calculate_action': DEBUGINFOD_URLS=https://debuginfod.ubuntu.com PYTHONPATH=/home/za1van/ros2_ws/build/my_calculate_action/prefix_override:/usr/lib/python3/dist-packages/colcon_core/task/python/colcon_distutils_commands:/home/za1van/ros2_ws/install/my_calculate_action/lib/python3.12/site-packages:${PYTHONPATH} /usr/bin/python3 -W ignore:setup.py install is deprecated -W ignore:easy_install command is deprecated setup.py egg_info --egg-base ../../build/my_calculate_action build --build-base /home/za1van/ros2_ws/build/my_calculate_action/build install --record /home/za1van/ros2_ws/build/my_calculate_action/install.log --single-version-externally-managed install_data
[5.283s] running egg_info
[5.334s] writing ../../build/my_calculate_action/my_calculate_action.egg-info/PKG-INFO
[5.338s] writing dependency_links to ../../build/my_calculate_action/my_calculate_action.egg-info/dependency_links.txt
[5.338s] writing entry points to ../../build/my_calculate_action/my_calculate_action.egg-info/entry_points.txt
[5.338s] writing requirements to ../../build/my_calculate_action/my_calculate_action.egg-info/requires.txt
[5.341s] writing top-level names to ../../build/my_calculate_action/my_calculate_action.egg-info/top_level.txt
[5.448s] reading manifest file '../../build/my_calculate_action/my_calculate_action.egg-info/SOURCES.txt'
[5.450s] writing manifest file '../../build/my_calculate_action/my_calculate_action.egg-info/SOURCES.txt'
[5.451s] running build
[5.451s] running build_py
[5.453s] running install
[5.474s] running install_lib
[5.529s] running install_data
[5.530s] running install_egg_info
[5.591s] removing '/home/za1van/ros2_ws/install/my_calculate_action/lib/python3.12/site-packages/my_calculate_action-0.0.0-py3.12.egg-info' (and everything under it)
[5.594s] Copying ../../build/my_calculate_action/my_calculate_action.egg-info to /home/za1van/ros2_ws/install/my_calculate_action/lib/python3.12/site-packages/my_calculate_action-0.0.0-py3.12.egg-info
[5.598s] running install_scripts
[6.075s] Installing calculate_action_client script to /home/za1van/ros2_ws/install/my_calculate_action/lib/my_calculate_action
[6.076s] Installing calculate_action_server script to /home/za1van/ros2_ws/install/my_calculate_action/lib/my_calculate_action
[6.077s] Installing number_publisher script to /home/za1van/ros2_ws/install/my_calculate_action/lib/my_calculate_action
[6.082s] writing list of installed files to '/home/za1van/ros2_ws/build/my_calculate_action/install.log'
