[2.747s] Invoking command in '/home/za1van/ros2_ws/src/my_service_server': DEBUGINFOD_URLS=https://debuginfod.ubuntu.com PYTHONPATH=/home/za1van/ros2_ws/build/my_service_server/prefix_override:/usr/lib/python3/dist-packages/colcon_core/task/python/colcon_distutils_commands:/home/za1van/ros2_ws/install/my_service_server/lib/python3.12/site-packages:${PYTHONPATH} /usr/bin/python3 -W ignore:setup.py install is deprecated -W ignore:easy_install command is deprecated setup.py egg_info --egg-base ../../build/my_service_server build --build-base /home/za1van/ros2_ws/build/my_service_server/build install --record /home/za1van/ros2_ws/build/my_service_server/install.log --single-version-externally-managed install_data
[3.447s] running egg_info
[3.503s] writing ../../build/my_service_server/my_service_server.egg-info/PKG-INFO
[3.505s] writing dependency_links to ../../build/my_service_server/my_service_server.egg-info/dependency_links.txt
[3.507s] writing entry points to ../../build/my_service_server/my_service_server.egg-info/entry_points.txt
[3.512s] writing requirements to ../../build/my_service_server/my_service_server.egg-info/requires.txt
[3.512s] writing top-level names to ../../build/my_service_server/my_service_server.egg-info/top_level.txt
[3.630s] reading manifest file '../../build/my_service_server/my_service_server.egg-info/SOURCES.txt'
[3.632s] writing manifest file '../../build/my_service_server/my_service_server.egg-info/SOURCES.txt'
[3.633s] running build
[3.637s] running build_py
[3.637s] running install
[3.652s] running install_lib
[3.706s] running install_data
[3.708s] running install_egg_info
[3.764s] removing '/home/za1van/ros2_ws/install/my_service_server/lib/python3.12/site-packages/my_service_server-0.0.0-py3.12.egg-info' (and everything under it)
[3.765s] Copying ../../build/my_service_server/my_service_server.egg-info to /home/za1van/ros2_ws/install/my_service_server/lib/python3.12/site-packages/my_service_server-0.0.0-py3.12.egg-info
[3.768s] running install_scripts
[4.240s] Installing velocity_server script to /home/za1van/ros2_ws/install/my_service_server/lib/my_service_server
[4.245s] writing list of installed files to '/home/za1van/ros2_ws/build/my_service_server/install.log'
[4.313s] Invoked command in '/home/za1van/ros2_ws/src/my_service_server' returned '0': DEBUGINFOD_URLS=https://debuginfod.ubuntu.com PYTHONPATH=/home/za1van/ros2_ws/build/my_service_server/prefix_override:/usr/lib/python3/dist-packages/colcon_core/task/python/colcon_distutils_commands:/home/za1van/ros2_ws/install/my_service_server/lib/python3.12/site-packages:${PYTHONPATH} /usr/bin/python3 -W ignore:setup.py install is deprecated -W ignore:easy_install command is deprecated setup.py egg_info --egg-base ../../build/my_service_server build --build-base /home/za1van/ros2_ws/build/my_service_server/build install --record /home/za1van/ros2_ws/build/my_service_server/install.log --single-version-externally-managed install_data
