[0.086s] Invoking command in '/home/za1van/ros2_ws/build/my_custom_interface': CMAKE_PREFIX_PATH=${CMAKE_PREFIX_PATH}:/opt/ros/jazzy DEBUGINFOD_URLS=https://debuginfod.ubuntu.com /usr/bin/cmake --build /home/za1van/ros2_ws/build/my_custom_interface -- -j4 -l4
[0.184s] [  2%] Built target my_custom_interface__rosidl_generator_type_description
[0.254s] [ 17%] Built target my_custom_interface__rosidl_generator_c
[0.263s] [ 17%] Built target ament_cmake_python_copy_my_custom_interface
[0.276s] [ 20%] Built target my_custom_interface__cpp
[0.332s] [ 29%] Built target my_custom_interface__rosidl_typesupport_introspection_c
[0.370s] [ 38%] Built target my_custom_interface__rosidl_typesupport_fastrtps_c
[0.389s] [ 47%] Built target my_custom_interface__rosidl_typesupport_c
[0.422s] [ 55%] Built target my_custom_interface__rosidl_typesupport_fastrtps_cpp
[0.464s] [ 64%] Built target my_custom_interface__rosidl_typesupport_introspection_cpp
[0.483s] [ 73%] Built target my_custom_interface__rosidl_typesupport_cpp
[0.540s] [ 73%] Built target my_custom_interface
[0.593s] [ 76%] Built target my_custom_interface__py
[0.649s] [ 82%] Built target my_custom_interface__rosidl_generator_py
[0.714s] [ 88%] Built target my_custom_interface_s__rosidl_typesupport_fastrtps_c
[0.730s] [ 94%] Built target my_custom_interface_s__rosidl_typesupport_introspection_c
[0.739s] [100%] Built target my_custom_interface_s__rosidl_typesupport_c
[0.918s] running egg_info
[0.988s] writing my_custom_interface.egg-info/PKG-INFO
[0.989s] writing dependency_links to my_custom_interface.egg-info/dependency_links.txt
[0.989s] writing top-level names to my_custom_interface.egg-info/top_level.txt
[1.167s] reading manifest file 'my_custom_interface.egg-info/SOURCES.txt'
[1.170s] writing manifest file 'my_custom_interface.egg-info/SOURCES.txt'
[1.247s] [100%] Built target ament_cmake_python_build_my_custom_interface_egg
[1.268s] Invoked command in '/home/za1van/ros2_ws/build/my_custom_interface' returned '0': CMAKE_PREFIX_PATH=${CMAKE_PREFIX_PATH}:/opt/ros/jazzy DEBUGINFOD_URLS=https://debuginfod.ubuntu.com /usr/bin/cmake --build /home/za1van/ros2_ws/build/my_custom_interface -- -j4 -l4
[1.269s] Invoking command in '/home/za1van/ros2_ws/build/my_custom_interface': CMAKE_PREFIX_PATH=${CMAKE_PREFIX_PATH}:/opt/ros/jazzy DEBUGINFOD_URLS=https://debuginfod.ubuntu.com /usr/bin/cmake --install /home/za1van/ros2_ws/build/my_custom_interface
[1.295s] -- Install configuration: ""
[1.298s] -- Up-to-date: /home/za1van/ros2_ws/install/my_custom_interface/share/ament_index/resource_index/rosidl_interfaces/my_custom_interface
[1.298s] -- Up-to-date: /home/za1van/ros2_ws/install/my_custom_interface/share/my_custom_interface/msg/Numbers.json
[1.298s] -- Up-to-date: /home/za1van/ros2_ws/install/my_custom_interface/include/my_custom_interface/my_custom_interface
[1.299s] -- Up-to-date: /home/za1van/ros2_ws/install/my_custom_interface/include/my_custom_interface/my_custom_interface/msg
[1.299s] -- Up-to-date: /home/za1van/ros2_ws/install/my_custom_interface/include/my_custom_interface/my_custom_interface/msg/rosidl_generator_c__visibility_control.h
[1.299s] -- Up-to-date: /home/za1van/ros2_ws/install/my_custom_interface/include/my_custom_interface/my_custom_interface/msg/detail
[1.299s] -- Up-to-date: /home/za1van/ros2_ws/install/my_custom_interface/include/my_custom_interface/my_custom_interface/msg/detail/numbers__functions.c
[1.300s] -- Up-to-date: /home/za1van/ros2_ws/install/my_custom_interface/include/my_custom_interface/my_custom_interface/msg/detail/numbers__struct.h
[1.301s] -- Installing: /home/za1van/ros2_ws/install/my_custom_interface/include/my_custom_interface/my_custom_interface/msg/detail/numbers__type_support.c
[1.301s] -- Up-to-date: /home/za1van/ros2_ws/install/my_custom_interface/include/my_custom_interface/my_custom_interface/msg/detail/numbers__description.c
[1.301s] -- Up-to-date: /home/za1van/ros2_ws/install/my_custom_interface/include/my_custom_interface/my_custom_interface/msg/detail/numbers__type_support.h
[1.310s] -- Up-to-date: /home/za1van/ros2_ws/install/my_custom_interface/include/my_custom_interface/my_custom_interface/msg/detail/numbers__functions.h
[1.310s] -- Up-to-date: /home/za1van/ros2_ws/install/my_custom_interface/include/my_custom_interface/my_custom_interface/msg/numbers.h
[1.311s] -- Up-to-date: /home/za1van/ros2_ws/install/my_custom_interface/share/my_custom_interface/environment/library_path.sh
[1.311s] -- Up-to-date: /home/za1van/ros2_ws/install/my_custom_interface/share/my_custom_interface/environment/library_path.dsv
[1.311s] -- Up-to-date: /home/za1van/ros2_ws/install/my_custom_interface/lib/libmy_custom_interface__rosidl_generator_c.so
[1.311s] -- Up-to-date: /home/za1van/ros2_ws/install/my_custom_interface/include/my_custom_interface/my_custom_interface
[1.311s] -- Up-to-date: /home/za1van/ros2_ws/install/my_custom_interface/include/my_custom_interface/my_custom_interface/msg
[1.311s] -- Up-to-date: /home/za1van/ros2_ws/install/my_custom_interface/include/my_custom_interface/my_custom_interface/msg/rosidl_typesupport_fastrtps_c__visibility_control.h
[1.312s] -- Up-to-date: /home/za1van/ros2_ws/install/my_custom_interface/include/my_custom_interface/my_custom_interface/msg/detail
[1.312s] -- Up-to-date: /home/za1van/ros2_ws/install/my_custom_interface/include/my_custom_interface/my_custom_interface/msg/detail/numbers__rosidl_typesupport_fastrtps_c.h
[1.312s] -- Up-to-date: /home/za1van/ros2_ws/install/my_custom_interface/lib/libmy_custom_interface__rosidl_typesupport_fastrtps_c.so
[1.312s] -- Up-to-date: /home/za1van/ros2_ws/install/my_custom_interface/include/my_custom_interface/my_custom_interface
[1.312s] -- Up-to-date: /home/za1van/ros2_ws/install/my_custom_interface/include/my_custom_interface/my_custom_interface/msg
[1.313s] -- Up-to-date: /home/za1van/ros2_ws/install/my_custom_interface/include/my_custom_interface/my_custom_interface/msg/detail
[1.313s] -- Up-to-date: /home/za1van/ros2_ws/install/my_custom_interface/include/my_custom_interface/my_custom_interface/msg/detail/numbers__rosidl_typesupport_introspection_c.h
[1.313s] -- Installing: /home/za1van/ros2_ws/install/my_custom_interface/include/my_custom_interface/my_custom_interface/msg/detail/numbers__type_support.c
[1.313s] -- Up-to-date: /home/za1van/ros2_ws/install/my_custom_interface/include/my_custom_interface/my_custom_interface/msg/rosidl_typesupport_introspection_c__visibility_control.h
[1.317s] -- Up-to-date: /home/za1van/ros2_ws/install/my_custom_interface/lib/libmy_custom_interface__rosidl_typesupport_introspection_c.so
[1.317s] -- Up-to-date: /home/za1van/ros2_ws/install/my_custom_interface/lib/libmy_custom_interface__rosidl_typesupport_c.so
[1.317s] -- Up-to-date: /home/za1van/ros2_ws/install/my_custom_interface/include/my_custom_interface/my_custom_interface
[1.317s] -- Up-to-date: /home/za1van/ros2_ws/install/my_custom_interface/include/my_custom_interface/my_custom_interface/msg
[1.317s] -- Up-to-date: /home/za1van/ros2_ws/install/my_custom_interface/include/my_custom_interface/my_custom_interface/msg/rosidl_generator_cpp__visibility_control.hpp
[1.317s] -- Up-to-date: /home/za1van/ros2_ws/install/my_custom_interface/include/my_custom_interface/my_custom_interface/msg/numbers.hpp
[1.318s] -- Up-to-date: /home/za1van/ros2_ws/install/my_custom_interface/include/my_custom_interface/my_custom_interface/msg/detail
[1.318s] -- Up-to-date: /home/za1van/ros2_ws/install/my_custom_interface/include/my_custom_interface/my_custom_interface/msg/detail/numbers__struct.hpp
[1.318s] -- Up-to-date: /home/za1van/ros2_ws/install/my_custom_interface/include/my_custom_interface/my_custom_interface/msg/detail/numbers__builder.hpp
[1.318s] -- Up-to-date: /home/za1van/ros2_ws/install/my_custom_interface/include/my_custom_interface/my_custom_interface/msg/detail/numbers__type_support.hpp
[1.318s] -- Up-to-date: /home/za1van/ros2_ws/install/my_custom_interface/include/my_custom_interface/my_custom_interface/msg/detail/numbers__traits.hpp
[1.318s] -- Up-to-date: /home/za1van/ros2_ws/install/my_custom_interface/include/my_custom_interface/my_custom_interface
[1.318s] -- Up-to-date: /home/za1van/ros2_ws/install/my_custom_interface/include/my_custom_interface/my_custom_interface/msg
[1.319s] -- Up-to-date: /home/za1van/ros2_ws/install/my_custom_interface/include/my_custom_interface/my_custom_interface/msg/rosidl_typesupport_fastrtps_cpp__visibility_control.h
[1.320s] -- Up-to-date: /home/za1van/ros2_ws/install/my_custom_interface/include/my_custom_interface/my_custom_interface/msg/detail
[1.321s] -- Up-to-date: /home/za1van/ros2_ws/install/my_custom_interface/include/my_custom_interface/my_custom_interface/msg/detail/dds_fastrtps
[1.321s] -- Up-to-date: /home/za1van/ros2_ws/install/my_custom_interface/include/my_custom_interface/my_custom_interface/msg/detail/numbers__rosidl_typesupport_fastrtps_cpp.hpp
[1.324s] -- Up-to-date: /home/za1van/ros2_ws/install/my_custom_interface/lib/libmy_custom_interface__rosidl_typesupport_fastrtps_cpp.so
[1.325s] -- Up-to-date: /home/za1van/ros2_ws/install/my_custom_interface/include/my_custom_interface/my_custom_interface
[1.325s] -- Up-to-date: /home/za1van/ros2_ws/install/my_custom_interface/include/my_custom_interface/my_custom_interface/msg
[1.325s] -- Up-to-date: /home/za1van/ros2_ws/install/my_custom_interface/include/my_custom_interface/my_custom_interface/msg/detail
[1.325s] -- Up-to-date: /home/za1van/ros2_ws/install/my_custom_interface/include/my_custom_interface/my_custom_interface/msg/detail/numbers__rosidl_typesupport_introspection_cpp.hpp
[1.325s] -- Up-to-date: /home/za1van/ros2_ws/install/my_custom_interface/include/my_custom_interface/my_custom_interface/msg/detail/numbers__type_support.cpp
[1.325s] -- Up-to-date: /home/za1van/ros2_ws/install/my_custom_interface/lib/libmy_custom_interface__rosidl_typesupport_introspection_cpp.so
[1.327s] -- Up-to-date: /home/za1van/ros2_ws/install/my_custom_interface/lib/libmy_custom_interface__rosidl_typesupport_cpp.so
[1.328s] -- Up-to-date: /home/za1van/ros2_ws/install/my_custom_interface/share/my_custom_interface/environment/pythonpath.sh
[1.328s] -- Up-to-date: /home/za1van/ros2_ws/install/my_custom_interface/share/my_custom_interface/environment/pythonpath.dsv
[1.330s] -- Up-to-date: /home/za1van/ros2_ws/install/my_custom_interface/lib/python3.12/site-packages/my_custom_interface-0.0.0-py3.12.egg-info
[1.330s] -- Installing: /home/za1van/ros2_ws/install/my_custom_interface/lib/python3.12/site-packages/my_custom_interface-0.0.0-py3.12.egg-info/dependency_links.txt
[1.330s] -- Installing: /home/za1van/ros2_ws/install/my_custom_interface/lib/python3.12/site-packages/my_custom_interface-0.0.0-py3.12.egg-info/PKG-INFO
[1.331s] -- Installing: /home/za1van/ros2_ws/install/my_custom_interface/lib/python3.12/site-packages/my_custom_interface-0.0.0-py3.12.egg-info/top_level.txt
[1.331s] -- Installing: /home/za1van/ros2_ws/install/my_custom_interface/lib/python3.12/site-packages/my_custom_interface-0.0.0-py3.12.egg-info/SOURCES.txt
[1.332s] -- Up-to-date: /home/za1van/ros2_ws/install/my_custom_interface/lib/python3.12/site-packages/my_custom_interface
[1.332s] -- Up-to-date: /home/za1van/ros2_ws/install/my_custom_interface/lib/python3.12/site-packages/my_custom_interface/my_custom_interface_s__rosidl_typesupport_c.so
[1.332s] -- Up-to-date: /home/za1van/ros2_ws/install/my_custom_interface/lib/python3.12/site-packages/my_custom_interface/_my_custom_interface_s.ep.rosidl_typesupport_fastrtps_c.c
[1.332s] -- Up-to-date: /home/za1van/ros2_ws/install/my_custom_interface/lib/python3.12/site-packages/my_custom_interface/my_custom_interface_s__rosidl_typesupport_introspection_c.so
[1.332s] -- Up-to-date: /home/za1van/ros2_ws/install/my_custom_interface/lib/python3.12/site-packages/my_custom_interface/my_custom_interface_s__rosidl_typesupport_fastrtps_c.so
[1.333s] -- Up-to-date: /home/za1van/ros2_ws/install/my_custom_interface/lib/python3.12/site-packages/my_custom_interface/__init__.py
[1.339s] -- Up-to-date: /home/za1van/ros2_ws/install/my_custom_interface/lib/python3.12/site-packages/my_custom_interface/_my_custom_interface_s.ep.rosidl_typesupport_c.c
[1.340s] -- Up-to-date: /home/za1van/ros2_ws/install/my_custom_interface/lib/python3.12/site-packages/my_custom_interface/_my_custom_interface_s.ep.rosidl_typesupport_introspection_c.c
[1.340s] -- Up-to-date: /home/za1van/ros2_ws/install/my_custom_interface/lib/python3.12/site-packages/my_custom_interface/msg
[1.340s] -- Up-to-date: /home/za1van/ros2_ws/install/my_custom_interface/lib/python3.12/site-packages/my_custom_interface/msg/_numbers_s.c
[1.340s] -- Up-to-date: /home/za1van/ros2_ws/install/my_custom_interface/lib/python3.12/site-packages/my_custom_interface/msg/__init__.py
[1.341s] -- Up-to-date: /home/za1van/ros2_ws/install/my_custom_interface/lib/python3.12/site-packages/my_custom_interface/msg/_numbers.py
[1.480s] Listing '/home/za1van/ros2_ws/install/my_custom_interface/lib/python3.12/site-packages/my_custom_interface'...
[1.481s] Listing '/home/za1van/ros2_ws/install/my_custom_interface/lib/python3.12/site-packages/my_custom_interface/msg'...
[1.515s] -- Up-to-date: /home/za1van/ros2_ws/install/my_custom_interface/lib/python3.12/site-packages/my_custom_interface/my_custom_interface_s__rosidl_typesupport_fastrtps_c.so
[1.518s] -- Up-to-date: /home/za1van/ros2_ws/install/my_custom_interface/lib/python3.12/site-packages/my_custom_interface/my_custom_interface_s__rosidl_typesupport_introspection_c.so
[1.519s] -- Up-to-date: /home/za1van/ros2_ws/install/my_custom_interface/lib/python3.12/site-packages/my_custom_interface/my_custom_interface_s__rosidl_typesupport_c.so
[1.526s] -- Up-to-date: /home/za1van/ros2_ws/install/my_custom_interface/lib/libmy_custom_interface__rosidl_generator_py.so
[1.527s] -- Up-to-date: /home/za1van/ros2_ws/install/my_custom_interface/share/my_custom_interface/msg/Numbers.idl
[1.528s] -- Up-to-date: /home/za1van/ros2_ws/install/my_custom_interface/share/my_custom_interface/msg/Numbers.msg
[1.529s] -- Up-to-date: /home/za1van/ros2_ws/install/my_custom_interface/share/ament_index/resource_index/package_run_dependencies/my_custom_interface
[1.529s] -- Up-to-date: /home/za1van/ros2_ws/install/my_custom_interface/share/ament_index/resource_index/parent_prefix_path/my_custom_interface
[1.529s] -- Up-to-date: /home/za1van/ros2_ws/install/my_custom_interface/share/my_custom_interface/environment/ament_prefix_path.sh
[1.532s] -- Up-to-date: /home/za1van/ros2_ws/install/my_custom_interface/share/my_custom_interface/environment/ament_prefix_path.dsv
[1.533s] -- Up-to-date: /home/za1van/ros2_ws/install/my_custom_interface/share/my_custom_interface/environment/path.sh
[1.533s] -- Up-to-date: /home/za1van/ros2_ws/install/my_custom_interface/share/my_custom_interface/environment/path.dsv
[1.533s] -- Up-to-date: /home/za1van/ros2_ws/install/my_custom_interface/share/my_custom_interface/local_setup.bash
[1.533s] -- Up-to-date: /home/za1van/ros2_ws/install/my_custom_interface/share/my_custom_interface/local_setup.sh
[1.533s] -- Up-to-date: /home/za1van/ros2_ws/install/my_custom_interface/share/my_custom_interface/local_setup.zsh
[1.534s] -- Up-to-date: /home/za1van/ros2_ws/install/my_custom_interface/share/my_custom_interface/local_setup.dsv
[1.534s] -- Installing: /home/za1van/ros2_ws/install/my_custom_interface/share/my_custom_interface/package.dsv
[1.534s] -- Up-to-date: /home/za1van/ros2_ws/install/my_custom_interface/share/ament_index/resource_index/packages/my_custom_interface
[1.534s] -- Up-to-date: /home/za1van/ros2_ws/install/my_custom_interface/share/my_custom_interface/cmake/export_my_custom_interface__rosidl_generator_cExport.cmake
[1.534s] -- Up-to-date: /home/za1van/ros2_ws/install/my_custom_interface/share/my_custom_interface/cmake/export_my_custom_interface__rosidl_generator_cExport-noconfig.cmake
[1.534s] -- Up-to-date: /home/za1van/ros2_ws/install/my_custom_interface/share/my_custom_interface/cmake/export_my_custom_interface__rosidl_typesupport_fastrtps_cExport.cmake
[1.535s] -- Up-to-date: /home/za1van/ros2_ws/install/my_custom_interface/share/my_custom_interface/cmake/export_my_custom_interface__rosidl_typesupport_fastrtps_cExport-noconfig.cmake
[1.535s] -- Up-to-date: /home/za1van/ros2_ws/install/my_custom_interface/share/my_custom_interface/cmake/my_custom_interface__rosidl_typesupport_introspection_cExport.cmake
[1.535s] -- Up-to-date: /home/za1van/ros2_ws/install/my_custom_interface/share/my_custom_interface/cmake/my_custom_interface__rosidl_typesupport_introspection_cExport-noconfig.cmake
[1.535s] -- Up-to-date: /home/za1van/ros2_ws/install/my_custom_interface/share/my_custom_interface/cmake/my_custom_interface__rosidl_typesupport_cExport.cmake
[1.535s] -- Up-to-date: /home/za1van/ros2_ws/install/my_custom_interface/share/my_custom_interface/cmake/my_custom_interface__rosidl_typesupport_cExport-noconfig.cmake
[1.542s] -- Up-to-date: /home/za1van/ros2_ws/install/my_custom_interface/share/my_custom_interface/cmake/export_my_custom_interface__rosidl_generator_cppExport.cmake
[1.542s] -- Up-to-date: /home/za1van/ros2_ws/install/my_custom_interface/share/my_custom_interface/cmake/export_my_custom_interface__rosidl_typesupport_fastrtps_cppExport.cmake
[1.542s] -- Up-to-date: /home/za1van/ros2_ws/install/my_custom_interface/share/my_custom_interface/cmake/export_my_custom_interface__rosidl_typesupport_fastrtps_cppExport-noconfig.cmake
[1.542s] -- Up-to-date: /home/za1van/ros2_ws/install/my_custom_interface/share/my_custom_interface/cmake/my_custom_interface__rosidl_typesupport_introspection_cppExport.cmake
[1.542s] -- Up-to-date: /home/za1van/ros2_ws/install/my_custom_interface/share/my_custom_interface/cmake/my_custom_interface__rosidl_typesupport_introspection_cppExport-noconfig.cmake
[1.543s] -- Up-to-date: /home/za1van/ros2_ws/install/my_custom_interface/share/my_custom_interface/cmake/my_custom_interface__rosidl_typesupport_cppExport.cmake
[1.543s] -- Up-to-date: /home/za1van/ros2_ws/install/my_custom_interface/share/my_custom_interface/cmake/my_custom_interface__rosidl_typesupport_cppExport-noconfig.cmake
[1.543s] -- Up-to-date: /home/za1van/ros2_ws/install/my_custom_interface/share/my_custom_interface/cmake/export_my_custom_interface__rosidl_generator_pyExport.cmake
[1.543s] -- Up-to-date: /home/za1van/ros2_ws/install/my_custom_interface/share/my_custom_interface/cmake/export_my_custom_interface__rosidl_generator_pyExport-noconfig.cmake
[1.545s] -- Up-to-date: /home/za1van/ros2_ws/install/my_custom_interface/share/my_custom_interface/cmake/rosidl_cmake-extras.cmake
[1.545s] -- Up-to-date: /home/za1van/ros2_ws/install/my_custom_interface/share/my_custom_interface/cmake/ament_cmake_export_include_directories-extras.cmake
[1.546s] -- Up-to-date: /home/za1van/ros2_ws/install/my_custom_interface/share/my_custom_interface/cmake/ament_cmake_export_libraries-extras.cmake
[1.546s] -- Up-to-date: /home/za1van/ros2_ws/install/my_custom_interface/share/my_custom_interface/cmake/ament_cmake_export_targets-extras.cmake
[1.546s] -- Up-to-date: /home/za1van/ros2_ws/install/my_custom_interface/share/my_custom_interface/cmake/rosidl_cmake_export_typesupport_targets-extras.cmake
[1.546s] -- Up-to-date: /home/za1van/ros2_ws/install/my_custom_interface/share/my_custom_interface/cmake/ament_cmake_export_dependencies-extras.cmake
[1.546s] -- Up-to-date: /home/za1van/ros2_ws/install/my_custom_interface/share/my_custom_interface/cmake/rosidl_cmake_export_typesupport_libraries-extras.cmake
[1.546s] -- Up-to-date: /home/za1van/ros2_ws/install/my_custom_interface/share/my_custom_interface/cmake/my_custom_interfaceConfig.cmake
[1.546s] -- Up-to-date: /home/za1van/ros2_ws/install/my_custom_interface/share/my_custom_interface/cmake/my_custom_interfaceConfig-version.cmake
[1.547s] -- Up-to-date: /home/za1van/ros2_ws/install/my_custom_interface/share/my_custom_interface/package.xml
[1.566s] Invoked command in '/home/za1van/ros2_ws/build/my_custom_interface' returned '0': CMAKE_PREFIX_PATH=${CMAKE_PREFIX_PATH}:/opt/ros/jazzy DEBUGINFOD_URLS=https://debuginfod.ubuntu.com /usr/bin/cmake --install /home/za1van/ros2_ws/build/my_custom_interface
