[2.968s] Invoking command in '/home/za1van/ros2_ws/src/my_service_server': DEBUGINFOD_URLS=https://debuginfod.ubuntu.com PYTHONPATH=/home/za1van/ros2_ws/build/my_service_server/prefix_override:/usr/lib/python3/dist-packages/colcon_core/task/python/colcon_distutils_commands:/home/za1van/ros2_ws/install/my_service_server/lib/python3.12/site-packages:${PYTHONPATH} /usr/bin/python3 -W ignore:setup.py install is deprecated -W ignore:easy_install command is deprecated setup.py egg_info --egg-base ../../build/my_service_server build --build-base /home/za1van/ros2_ws/build/my_service_server/build install --record /home/za1van/ros2_ws/build/my_service_server/install.log --single-version-externally-managed install_data
[3.628s] running egg_info
[3.628s] creating ../../build/my_service_server/my_service_server.egg-info
[3.683s] writing ../../build/my_service_server/my_service_server.egg-info/PKG-INFO
[3.684s] writing dependency_links to ../../build/my_service_server/my_service_server.egg-info/dependency_links.txt
[3.684s] writing entry points to ../../build/my_service_server/my_service_server.egg-info/entry_points.txt
[3.685s] writing requirements to ../../build/my_service_server/my_service_server.egg-info/requires.txt
[3.685s] writing top-level names to ../../build/my_service_server/my_service_server.egg-info/top_level.txt
[3.686s] writing manifest file '../../build/my_service_server/my_service_server.egg-info/SOURCES.txt'
[3.799s] reading manifest file '../../build/my_service_server/my_service_server.egg-info/SOURCES.txt'
[3.800s] writing manifest file '../../build/my_service_server/my_service_server.egg-info/SOURCES.txt'
[3.801s] running build
[3.801s] running build_py
[3.803s] creating /home/za1van/ros2_ws/build/my_service_server/build
[3.803s] creating /home/za1van/ros2_ws/build/my_service_server/build/lib
[3.803s] creating /home/za1van/ros2_ws/build/my_service_server/build/lib/my_service_server
[3.803s] copying my_service_server/server_node.py -> /home/za1van/ros2_ws/build/my_service_server/build/lib/my_service_server
[3.803s] copying my_service_server/__init__.py -> /home/za1van/ros2_ws/build/my_service_server/build/lib/my_service_server
[3.804s] running install
[3.819s] running install_lib
[3.876s] creating /home/za1van/ros2_ws/install/my_service_server/lib/python3.12/site-packages/my_service_server
[3.876s] copying /home/za1van/ros2_ws/build/my_service_server/build/lib/my_service_server/server_node.py -> /home/za1van/ros2_ws/install/my_service_server/lib/python3.12/site-packages/my_service_server
[3.876s] copying /home/za1van/ros2_ws/build/my_service_server/build/lib/my_service_server/__init__.py -> /home/za1van/ros2_ws/install/my_service_server/lib/python3.12/site-packages/my_service_server
[3.877s] byte-compiling /home/za1van/ros2_ws/install/my_service_server/lib/python3.12/site-packages/my_service_server/server_node.py to server_node.cpython-312.pyc
[3.880s] byte-compiling /home/za1van/ros2_ws/install/my_service_server/lib/python3.12/site-packages/my_service_server/__init__.py to __init__.cpython-312.pyc
[3.881s] running install_data
[3.881s] creating /home/za1van/ros2_ws/install/my_service_server/share/ament_index
[3.881s] creating /home/za1van/ros2_ws/install/my_service_server/share/ament_index/resource_index
[3.881s] creating /home/za1van/ros2_ws/install/my_service_server/share/ament_index/resource_index/packages
[3.881s] copying resource/my_service_server -> /home/za1van/ros2_ws/install/my_service_server/share/ament_index/resource_index/packages
[3.882s] copying package.xml -> /home/za1van/ros2_ws/install/my_service_server/share/my_service_server
[3.882s] running install_egg_info
[3.937s] Copying ../../build/my_service_server/my_service_server.egg-info to /home/za1van/ros2_ws/install/my_service_server/lib/python3.12/site-packages/my_service_server-0.0.0-py3.12.egg-info
[3.940s] running install_scripts
[4.286s] Installing velocity_server script to /home/za1van/ros2_ws/install/my_service_server/lib/my_service_server
[4.286s] writing list of installed files to '/home/za1van/ros2_ws/build/my_service_server/install.log'
[4.348s] Invoked command in '/home/za1van/ros2_ws/src/my_service_server' returned '0': DEBUGINFOD_URLS=https://debuginfod.ubuntu.com PYTHONPATH=/home/za1van/ros2_ws/build/my_service_server/prefix_override:/usr/lib/python3/dist-packages/colcon_core/task/python/colcon_distutils_commands:/home/za1van/ros2_ws/install/my_service_server/lib/python3.12/site-packages:${PYTHONPATH} /usr/bin/python3 -W ignore:setup.py install is deprecated -W ignore:easy_install command is deprecated setup.py egg_info --egg-base ../../build/my_service_server build --build-base /home/za1van/ros2_ws/build/my_service_server/build install --record /home/za1van/ros2_ws/build/my_service_server/install.log --single-version-externally-managed install_data
