[4.562s] Invoking command in '/home/za1van/ros2_ws/src/my_service_server': DEBUGINFOD_URLS=https://debuginfod.ubuntu.com PYTHONPATH=/home/za1van/ros2_ws/build/my_service_server/prefix_override:/usr/lib/python3/dist-packages/colcon_core/task/python/colcon_distutils_commands:/home/za1van/ros2_ws/install/my_service_server/lib/python3.12/site-packages:${PYTHONPATH} /usr/bin/python3 -W ignore:setup.py install is deprecated -W ignore:easy_install command is deprecated setup.py egg_info --egg-base ../../build/my_service_server build --build-base /home/za1van/ros2_ws/build/my_service_server/build install --record /home/za1van/ros2_ws/build/my_service_server/install.log --single-version-externally-managed install_data
[6.535s] running egg_info
[6.608s] writing ../../build/my_service_server/my_service_server.egg-info/PKG-INFO
[6.615s] writing dependency_links to ../../build/my_service_server/my_service_server.egg-info/dependency_links.txt
[6.615s] writing entry points to ../../build/my_service_server/my_service_server.egg-info/entry_points.txt
[6.615s] writing requirements to ../../build/my_service_server/my_service_server.egg-info/requires.txt
[6.615s] writing top-level names to ../../build/my_service_server/my_service_server.egg-info/top_level.txt
[6.757s] reading manifest file '../../build/my_service_server/my_service_server.egg-info/SOURCES.txt'
[6.767s] writing manifest file '../../build/my_service_server/my_service_server.egg-info/SOURCES.txt'
[6.767s] running build
[6.767s] running build_py
[6.767s] copying my_service_server/server_node.py -> /home/za1van/ros2_ws/build/my_service_server/build/lib/my_service_server
[6.768s] running install
[6.779s] running install_lib
[6.849s] copying /home/za1van/ros2_ws/build/my_service_server/build/lib/my_service_server/server_node.py -> /home/za1van/ros2_ws/install/my_service_server/lib/python3.12/site-packages/my_service_server
[6.849s] running install_data
[6.850s] running install_egg_info
[6.924s] removing '/home/za1van/ros2_ws/install/my_service_server/lib/python3.12/site-packages/my_service_server-0.0.0-py3.12.egg-info' (and everything under it)
[6.934s] Copying ../../build/my_service_server/my_service_server.egg-info to /home/za1van/ros2_ws/install/my_service_server/lib/python3.12/site-packages/my_service_server-0.0.0-py3.12.egg-info
[6.934s] running install_scripts
[7.699s] Installing velocity_server script to /home/za1van/ros2_ws/install/my_service_server/lib/my_service_server
[7.699s] writing list of installed files to '/home/za1van/ros2_ws/build/my_service_server/install.log'
[7.890s] Invoked command in '/home/za1van/ros2_ws/src/my_service_server' returned '0': DEBUGINFOD_URLS=https://debuginfod.ubuntu.com PYTHONPATH=/home/za1van/ros2_ws/build/my_service_server/prefix_override:/usr/lib/python3/dist-packages/colcon_core/task/python/colcon_distutils_commands:/home/za1van/ros2_ws/install/my_service_server/lib/python3.12/site-packages:${PYTHONPATH} /usr/bin/python3 -W ignore:setup.py install is deprecated -W ignore:easy_install command is deprecated setup.py egg_info --egg-base ../../build/my_service_server build --build-base /home/za1van/ros2_ws/build/my_service_server/build install --record /home/za1van/ros2_ws/build/my_service_server/install.log --single-version-externally-managed install_data
