[4.217s] Invoking command in '/home/za1van/ros2_ws/src/3t': DEBUGINFOD_URLS=https://debuginfod.ubuntu.com PYTHONPATH=/home/za1van/ros2_ws/build/3t/prefix_override:/usr/lib/python3/dist-packages/colcon_core/task/python/colcon_distutils_commands:/home/za1van/ros2_ws/install/3t/lib/python3.12/site-packages:${PYTHONPATH} /usr/bin/python3 -W ignore:setup.py install is deprecated -W ignore:easy_install command is deprecated setup.py egg_info --egg-base ../../build/3t build --build-base /home/za1van/ros2_ws/build/3t/build install --record /home/za1van/ros2_ws/build/3t/install.log --single-version-externally-managed install_data
[5.643s] running egg_info
[5.700s] writing ../../build/3t/3t.egg-info/PKG-INFO
[5.703s] writing dependency_links to ../../build/3t/3t.egg-info/dependency_links.txt
[5.703s] writing entry points to ../../build/3t/3t.egg-info/entry_points.txt
[5.703s] writing requirements to ../../build/3t/3t.egg-info/requires.txt
[5.703s] writing top-level names to ../../build/3t/3t.egg-info/top_level.txt
[5.815s] reading manifest file '../../build/3t/3t.egg-info/SOURCES.txt'
[5.815s] writing manifest file '../../build/3t/3t.egg-info/SOURCES.txt'
[5.815s] running build
[5.815s] running build_py
[5.815s] running install
[5.831s] running install_lib
[5.902s] running install_data
[5.902s] running install_egg_info
[6.021s] removing '/home/za1van/ros2_ws/install/3t/lib/python3.12/site-packages/3t-0.0.0-py3.12.egg-info' (and everything under it)
[6.021s] Copying ../../build/3t/3t.egg-info to /home/za1van/ros2_ws/install/3t/lib/python3.12/site-packages/3t-0.0.0-py3.12.egg-info
[6.023s] running install_scripts
[6.717s] Installing sled script to /home/za1van/ros2_ws/install/3t/lib/3t
[6.718s] writing list of installed files to '/home/za1van/ros2_ws/build/3t/install.log'
[7.257s] Invoked command in '/home/za1van/ros2_ws/src/3t' returned '0': DEBUGINFOD_URLS=https://debuginfod.ubuntu.com PYTHONPATH=/home/za1van/ros2_ws/build/3t/prefix_override:/usr/lib/python3/dist-packages/colcon_core/task/python/colcon_distutils_commands:/home/za1van/ros2_ws/install/3t/lib/python3.12/site-packages:${PYTHONPATH} /usr/bin/python3 -W ignore:setup.py install is deprecated -W ignore:easy_install command is deprecated setup.py egg_info --egg-base ../../build/3t build --build-base /home/za1van/ros2_ws/build/3t/build install --record /home/za1van/ros2_ws/build/3t/install.log --single-version-externally-managed install_data
