[0.050s] Invoking command in '/home/za1van/ros2_ws/src/build/my_service_interfaces': CMAKE_PREFIX_PATH=${CMAKE_PREFIX_PATH}:/opt/ros/jazzy DEBUGINFOD_URLS=https://debuginfod.ubuntu.com /usr/bin/cmake --build /home/za1van/ros2_ws/src/build/my_service_interfaces -- -j4 -l4
[1.449s] [  2%] Built target my_service_interfaces__rosidl_generator_type_description
[1.449s] [  2%] Built target ament_cmake_python_copy_my_service_interfaces
[1.449s] [ 17%] Built target my_service_interfaces__rosidl_generator_c
[1.450s] [ 20%] Built target my_service_interfaces__cpp
[1.450s] [ 29%] Built target my_service_interfaces__rosidl_typesupport_introspection_c
[1.451s] [ 38%] Built target my_service_interfaces__rosidl_typesupport_c
[1.451s] [ 47%] Built target my_service_interfaces__rosidl_typesupport_fastrtps_cpp
[1.451s] [ 55%] Built target my_service_interfaces__rosidl_typesupport_introspection_cpp
[1.452s] [ 64%] Built target my_service_interfaces__rosidl_typesupport_cpp
[1.452s] [ 73%] Built target my_service_interfaces__rosidl_typesupport_fastrtps_c
[1.452s] [ 73%] Built target my_service_interfaces
[1.452s] [ 76%] Built target my_service_interfaces__py
[1.452s] [ 82%] Built target my_service_interfaces__rosidl_generator_py
[1.452s] [ 88%] Built target my_service_interfaces_s__rosidl_typesupport_fastrtps_c
[1.452s] [ 94%] Built target my_service_interfaces_s__rosidl_typesupport_c
[1.453s] running egg_info
[1.453s] writing my_service_interfaces.egg-info/PKG-INFO
[1.453s] writing dependency_links to my_service_interfaces.egg-info/dependency_links.txt
[1.453s] writing top-level names to my_service_interfaces.egg-info/top_level.txt
[1.453s] reading manifest file 'my_service_interfaces.egg-info/SOURCES.txt'
[1.453s] writing manifest file 'my_service_interfaces.egg-info/SOURCES.txt'
[1.454s] [ 94%] Built target ament_cmake_python_build_my_service_interfaces_egg
[1.454s] [100%] Built target my_service_interfaces_s__rosidl_typesupport_introspection_c
[1.853s] Invoked command in '/home/za1van/ros2_ws/src/build/my_service_interfaces' returned '0': CMAKE_PREFIX_PATH=${CMAKE_PREFIX_PATH}:/opt/ros/jazzy DEBUGINFOD_URLS=https://debuginfod.ubuntu.com /usr/bin/cmake --build /home/za1van/ros2_ws/src/build/my_service_interfaces -- -j4 -l4
[1.862s] Invoking command in '/home/za1van/ros2_ws/src/build/my_service_interfaces': CMAKE_PREFIX_PATH=${CMAKE_PREFIX_PATH}:/opt/ros/jazzy DEBUGINFOD_URLS=https://debuginfod.ubuntu.com /usr/bin/cmake --install /home/za1van/ros2_ws/src/build/my_service_interfaces
[1.878s] -- Install configuration: ""
[1.879s] -- Up-to-date: /home/za1van/ros2_ws/src/install/my_service_interfaces/share/ament_index/resource_index/rosidl_interfaces/my_service_interfaces
[1.879s] -- Up-to-date: /home/za1van/ros2_ws/src/install/my_service_interfaces/share/my_service_interfaces/srv/SetVelocity.json
[1.879s] -- Up-to-date: /home/za1van/ros2_ws/src/install/my_service_interfaces/include/my_service_interfaces/my_service_interfaces
[1.882s] -- Up-to-date: /home/za1van/ros2_ws/src/install/my_service_interfaces/include/my_service_interfaces/my_service_interfaces/srv
[1.882s] -- Up-to-date: /home/za1van/ros2_ws/src/install/my_service_interfaces/include/my_service_interfaces/my_service_interfaces/srv/detail
[1.886s] -- Up-to-date: /home/za1van/ros2_ws/src/install/my_service_interfaces/include/my_service_interfaces/my_service_interfaces/srv/detail/set_velocity__type_support.c
[1.886s] -- Up-to-date: /home/za1van/ros2_ws/src/install/my_service_interfaces/include/my_service_interfaces/my_service_interfaces/srv/detail/set_velocity__struct.h
[1.886s] -- Up-to-date: /home/za1van/ros2_ws/src/install/my_service_interfaces/include/my_service_interfaces/my_service_interfaces/srv/detail/set_velocity__functions.h
[1.886s] -- Up-to-date: /home/za1van/ros2_ws/src/install/my_service_interfaces/include/my_service_interfaces/my_service_interfaces/srv/detail/set_velocity__type_support.h
[1.886s] -- Up-to-date: /home/za1van/ros2_ws/src/install/my_service_interfaces/include/my_service_interfaces/my_service_interfaces/srv/detail/set_velocity__functions.c
[1.890s] -- Up-to-date: /home/za1van/ros2_ws/src/install/my_service_interfaces/include/my_service_interfaces/my_service_interfaces/srv/detail/set_velocity__description.c
[1.890s] -- Up-to-date: /home/za1van/ros2_ws/src/install/my_service_interfaces/include/my_service_interfaces/my_service_interfaces/srv/set_velocity.h
[1.890s] -- Up-to-date: /home/za1van/ros2_ws/src/install/my_service_interfaces/include/my_service_interfaces/my_service_interfaces/msg
[1.890s] -- Up-to-date: /home/za1van/ros2_ws/src/install/my_service_interfaces/include/my_service_interfaces/my_service_interfaces/msg/rosidl_generator_c__visibility_control.h
[1.890s] -- Up-to-date: /home/za1van/ros2_ws/src/install/my_service_interfaces/share/my_service_interfaces/environment/library_path.sh
[1.891s] -- Up-to-date: /home/za1van/ros2_ws/src/install/my_service_interfaces/share/my_service_interfaces/environment/library_path.dsv
[1.891s] -- Up-to-date: /home/za1van/ros2_ws/src/install/my_service_interfaces/lib/libmy_service_interfaces__rosidl_generator_c.so
[1.891s] -- Up-to-date: /home/za1van/ros2_ws/src/install/my_service_interfaces/include/my_service_interfaces/my_service_interfaces
[1.893s] -- Up-to-date: /home/za1van/ros2_ws/src/install/my_service_interfaces/include/my_service_interfaces/my_service_interfaces/srv
[1.895s] -- Up-to-date: /home/za1van/ros2_ws/src/install/my_service_interfaces/include/my_service_interfaces/my_service_interfaces/srv/detail
[1.895s] -- Up-to-date: /home/za1van/ros2_ws/src/install/my_service_interfaces/include/my_service_interfaces/my_service_interfaces/srv/detail/set_velocity__rosidl_typesupport_fastrtps_c.h
[1.898s] -- Up-to-date: /home/za1van/ros2_ws/src/install/my_service_interfaces/include/my_service_interfaces/my_service_interfaces/msg
[1.898s] -- Up-to-date: /home/za1van/ros2_ws/src/install/my_service_interfaces/include/my_service_interfaces/my_service_interfaces/msg/rosidl_typesupport_fastrtps_c__visibility_control.h
[1.898s] -- Up-to-date: /home/za1van/ros2_ws/src/install/my_service_interfaces/lib/libmy_service_interfaces__rosidl_typesupport_fastrtps_c.so
[1.898s] -- Up-to-date: /home/za1van/ros2_ws/src/install/my_service_interfaces/include/my_service_interfaces/my_service_interfaces
[1.899s] -- Up-to-date: /home/za1van/ros2_ws/src/install/my_service_interfaces/include/my_service_interfaces/my_service_interfaces/srv
[1.899s] -- Up-to-date: /home/za1van/ros2_ws/src/install/my_service_interfaces/include/my_service_interfaces/my_service_interfaces/srv/detail
[1.899s] -- Up-to-date: /home/za1van/ros2_ws/src/install/my_service_interfaces/include/my_service_interfaces/my_service_interfaces/srv/detail/set_velocity__type_support.c
[1.899s] -- Up-to-date: /home/za1van/ros2_ws/src/install/my_service_interfaces/include/my_service_interfaces/my_service_interfaces/srv/detail/set_velocity__rosidl_typesupport_introspection_c.h
[1.899s] -- Up-to-date: /home/za1van/ros2_ws/src/install/my_service_interfaces/include/my_service_interfaces/my_service_interfaces/msg
[1.899s] -- Up-to-date: /home/za1van/ros2_ws/src/install/my_service_interfaces/include/my_service_interfaces/my_service_interfaces/msg/rosidl_typesupport_introspection_c__visibility_control.h
[1.900s] -- Up-to-date: /home/za1van/ros2_ws/src/install/my_service_interfaces/lib/libmy_service_interfaces__rosidl_typesupport_introspection_c.so
[1.900s] -- Up-to-date: /home/za1van/ros2_ws/src/install/my_service_interfaces/lib/libmy_service_interfaces__rosidl_typesupport_c.so
[1.900s] -- Up-to-date: /home/za1van/ros2_ws/src/install/my_service_interfaces/include/my_service_interfaces/my_service_interfaces
[1.900s] -- Up-to-date: /home/za1van/ros2_ws/src/install/my_service_interfaces/include/my_service_interfaces/my_service_interfaces/srv
[1.900s] -- Up-to-date: /home/za1van/ros2_ws/src/install/my_service_interfaces/include/my_service_interfaces/my_service_interfaces/srv/set_velocity.hpp
[1.900s] -- Up-to-date: /home/za1van/ros2_ws/src/install/my_service_interfaces/include/my_service_interfaces/my_service_interfaces/srv/detail
[1.900s] -- Up-to-date: /home/za1van/ros2_ws/src/install/my_service_interfaces/include/my_service_interfaces/my_service_interfaces/srv/detail/set_velocity__traits.hpp
[1.904s] -- Up-to-date: /home/za1van/ros2_ws/src/install/my_service_interfaces/include/my_service_interfaces/my_service_interfaces/srv/detail/set_velocity__builder.hpp
[1.904s] -- Up-to-date: /home/za1van/ros2_ws/src/install/my_service_interfaces/include/my_service_interfaces/my_service_interfaces/srv/detail/set_velocity__type_support.hpp
[1.904s] -- Up-to-date: /home/za1van/ros2_ws/src/install/my_service_interfaces/include/my_service_interfaces/my_service_interfaces/srv/detail/set_velocity__struct.hpp
[1.905s] -- Up-to-date: /home/za1van/ros2_ws/src/install/my_service_interfaces/include/my_service_interfaces/my_service_interfaces/msg
[1.905s] -- Up-to-date: /home/za1van/ros2_ws/src/install/my_service_interfaces/include/my_service_interfaces/my_service_interfaces/msg/rosidl_generator_cpp__visibility_control.hpp
[1.905s] -- Up-to-date: /home/za1van/ros2_ws/src/install/my_service_interfaces/include/my_service_interfaces/my_service_interfaces
[1.905s] -- Up-to-date: /home/za1van/ros2_ws/src/install/my_service_interfaces/include/my_service_interfaces/my_service_interfaces/srv
[1.905s] -- Up-to-date: /home/za1van/ros2_ws/src/install/my_service_interfaces/include/my_service_interfaces/my_service_interfaces/srv/detail
[1.905s] -- Up-to-date: /home/za1van/ros2_ws/src/install/my_service_interfaces/include/my_service_interfaces/my_service_interfaces/srv/detail/dds_fastrtps
[1.906s] -- Up-to-date: /home/za1van/ros2_ws/src/install/my_service_interfaces/include/my_service_interfaces/my_service_interfaces/srv/detail/set_velocity__rosidl_typesupport_fastrtps_cpp.hpp
[1.906s] -- Up-to-date: /home/za1van/ros2_ws/src/install/my_service_interfaces/include/my_service_interfaces/my_service_interfaces/msg
[1.906s] -- Up-to-date: /home/za1van/ros2_ws/src/install/my_service_interfaces/include/my_service_interfaces/my_service_interfaces/msg/rosidl_typesupport_fastrtps_cpp__visibility_control.h
[1.906s] -- Up-to-date: /home/za1van/ros2_ws/src/install/my_service_interfaces/lib/libmy_service_interfaces__rosidl_typesupport_fastrtps_cpp.so
[1.906s] -- Up-to-date: /home/za1van/ros2_ws/src/install/my_service_interfaces/include/my_service_interfaces/my_service_interfaces
[1.906s] -- Up-to-date: /home/za1van/ros2_ws/src/install/my_service_interfaces/include/my_service_interfaces/my_service_interfaces/srv
[1.912s] -- Up-to-date: /home/za1van/ros2_ws/src/install/my_service_interfaces/include/my_service_interfaces/my_service_interfaces/srv/detail
[1.912s] -- Up-to-date: /home/za1van/ros2_ws/src/install/my_service_interfaces/include/my_service_interfaces/my_service_interfaces/srv/detail/set_velocity__type_support.cpp
[1.912s] -- Up-to-date: /home/za1van/ros2_ws/src/install/my_service_interfaces/include/my_service_interfaces/my_service_interfaces/srv/detail/set_velocity__rosidl_typesupport_introspection_cpp.hpp
[1.912s] -- Up-to-date: /home/za1van/ros2_ws/src/install/my_service_interfaces/lib/libmy_service_interfaces__rosidl_typesupport_introspection_cpp.so
[1.912s] -- Up-to-date: /home/za1van/ros2_ws/src/install/my_service_interfaces/lib/libmy_service_interfaces__rosidl_typesupport_cpp.so
[1.913s] -- Up-to-date: /home/za1van/ros2_ws/src/install/my_service_interfaces/share/my_service_interfaces/environment/pythonpath.sh
[1.913s] -- Up-to-date: /home/za1van/ros2_ws/src/install/my_service_interfaces/share/my_service_interfaces/environment/pythonpath.dsv
[1.913s] -- Up-to-date: /home/za1van/ros2_ws/src/install/my_service_interfaces/lib/python3.12/site-packages/my_service_interfaces-0.0.0-py3.12.egg-info
[1.913s] -- Installing: /home/za1van/ros2_ws/src/install/my_service_interfaces/lib/python3.12/site-packages/my_service_interfaces-0.0.0-py3.12.egg-info/dependency_links.txt
[1.913s] -- Installing: /home/za1van/ros2_ws/src/install/my_service_interfaces/lib/python3.12/site-packages/my_service_interfaces-0.0.0-py3.12.egg-info/PKG-INFO
[1.913s] -- Installing: /home/za1van/ros2_ws/src/install/my_service_interfaces/lib/python3.12/site-packages/my_service_interfaces-0.0.0-py3.12.egg-info/top_level.txt
[1.914s] -- Installing: /home/za1van/ros2_ws/src/install/my_service_interfaces/lib/python3.12/site-packages/my_service_interfaces-0.0.0-py3.12.egg-info/SOURCES.txt
[1.914s] -- Up-to-date: /home/za1van/ros2_ws/src/install/my_service_interfaces/lib/python3.12/site-packages/my_service_interfaces
[1.914s] -- Up-to-date: /home/za1van/ros2_ws/src/install/my_service_interfaces/lib/python3.12/site-packages/my_service_interfaces/my_service_interfaces_s__rosidl_typesupport_c.so
[1.914s] -- Up-to-date: /home/za1van/ros2_ws/src/install/my_service_interfaces/lib/python3.12/site-packages/my_service_interfaces/srv
[1.914s] -- Up-to-date: /home/za1van/ros2_ws/src/install/my_service_interfaces/lib/python3.12/site-packages/my_service_interfaces/srv/_set_velocity_s.c
[1.914s] -- Up-to-date: /home/za1van/ros2_ws/src/install/my_service_interfaces/lib/python3.12/site-packages/my_service_interfaces/srv/_set_velocity.py
[1.915s] -- Up-to-date: /home/za1van/ros2_ws/src/install/my_service_interfaces/lib/python3.12/site-packages/my_service_interfaces/srv/__init__.py
[1.915s] -- Up-to-date: /home/za1van/ros2_ws/src/install/my_service_interfaces/lib/python3.12/site-packages/my_service_interfaces/my_service_interfaces_s__rosidl_typesupport_fastrtps_c.so
[1.915s] -- Up-to-date: /home/za1van/ros2_ws/src/install/my_service_interfaces/lib/python3.12/site-packages/my_service_interfaces/_my_service_interfaces_s.ep.rosidl_typesupport_introspection_c.c
[1.915s] -- Up-to-date: /home/za1van/ros2_ws/src/install/my_service_interfaces/lib/python3.12/site-packages/my_service_interfaces/__init__.py
[1.915s] -- Up-to-date: /home/za1van/ros2_ws/src/install/my_service_interfaces/lib/python3.12/site-packages/my_service_interfaces/my_service_interfaces_s__rosidl_typesupport_introspection_c.so
[1.916s] -- Up-to-date: /home/za1van/ros2_ws/src/install/my_service_interfaces/lib/python3.12/site-packages/my_service_interfaces/_my_service_interfaces_s.ep.rosidl_typesupport_c.c
[1.916s] -- Up-to-date: /home/za1van/ros2_ws/src/install/my_service_interfaces/lib/python3.12/site-packages/my_service_interfaces/_my_service_interfaces_s.ep.rosidl_typesupport_fastrtps_c.c
[2.089s] Listing '/home/za1van/ros2_ws/src/install/my_service_interfaces/lib/python3.12/site-packages/my_service_interfaces'...
[2.089s] Listing '/home/za1van/ros2_ws/src/install/my_service_interfaces/lib/python3.12/site-packages/my_service_interfaces/srv'...
[2.107s] -- Up-to-date: /home/za1van/ros2_ws/src/install/my_service_interfaces/lib/python3.12/site-packages/my_service_interfaces/my_service_interfaces_s__rosidl_typesupport_fastrtps_c.so
[2.110s] -- Up-to-date: /home/za1van/ros2_ws/src/install/my_service_interfaces/lib/python3.12/site-packages/my_service_interfaces/my_service_interfaces_s__rosidl_typesupport_introspection_c.so
[2.112s] -- Up-to-date: /home/za1van/ros2_ws/src/install/my_service_interfaces/lib/python3.12/site-packages/my_service_interfaces/my_service_interfaces_s__rosidl_typesupport_c.so
[2.114s] -- Up-to-date: /home/za1van/ros2_ws/src/install/my_service_interfaces/lib/libmy_service_interfaces__rosidl_generator_py.so
[2.115s] -- Up-to-date: /home/za1van/ros2_ws/src/install/my_service_interfaces/share/my_service_interfaces/srv/SetVelocity.idl
[2.115s] -- Up-to-date: /home/za1van/ros2_ws/src/install/my_service_interfaces/share/my_service_interfaces/srv/SetVelocity.srv
[2.119s] -- Up-to-date: /home/za1van/ros2_ws/src/install/my_service_interfaces/share/ament_index/resource_index/package_run_dependencies/my_service_interfaces
[2.119s] -- Up-to-date: /home/za1van/ros2_ws/src/install/my_service_interfaces/share/ament_index/resource_index/parent_prefix_path/my_service_interfaces
[2.119s] -- Up-to-date: /home/za1van/ros2_ws/src/install/my_service_interfaces/share/my_service_interfaces/environment/ament_prefix_path.sh
[2.119s] -- Up-to-date: /home/za1van/ros2_ws/src/install/my_service_interfaces/share/my_service_interfaces/environment/ament_prefix_path.dsv
[2.120s] -- Up-to-date: /home/za1van/ros2_ws/src/install/my_service_interfaces/share/my_service_interfaces/environment/path.sh
[2.120s] -- Up-to-date: /home/za1van/ros2_ws/src/install/my_service_interfaces/share/my_service_interfaces/environment/path.dsv
[2.120s] -- Up-to-date: /home/za1van/ros2_ws/src/install/my_service_interfaces/share/my_service_interfaces/local_setup.bash
[2.120s] -- Up-to-date: /home/za1van/ros2_ws/src/install/my_service_interfaces/share/my_service_interfaces/local_setup.sh
[2.121s] -- Up-to-date: /home/za1van/ros2_ws/src/install/my_service_interfaces/share/my_service_interfaces/local_setup.zsh
[2.121s] -- Up-to-date: /home/za1van/ros2_ws/src/install/my_service_interfaces/share/my_service_interfaces/local_setup.dsv
[2.121s] -- Installing: /home/za1van/ros2_ws/src/install/my_service_interfaces/share/my_service_interfaces/package.dsv
[2.121s] -- Up-to-date: /home/za1van/ros2_ws/src/install/my_service_interfaces/share/ament_index/resource_index/packages/my_service_interfaces
[2.124s] -- Up-to-date: /home/za1van/ros2_ws/src/install/my_service_interfaces/share/my_service_interfaces/cmake/export_my_service_interfaces__rosidl_generator_cExport.cmake
[2.124s] -- Up-to-date: /home/za1van/ros2_ws/src/install/my_service_interfaces/share/my_service_interfaces/cmake/export_my_service_interfaces__rosidl_generator_cExport-noconfig.cmake
[2.124s] -- Up-to-date: /home/za1van/ros2_ws/src/install/my_service_interfaces/share/my_service_interfaces/cmake/export_my_service_interfaces__rosidl_typesupport_fastrtps_cExport.cmake
[2.125s] -- Up-to-date: /home/za1van/ros2_ws/src/install/my_service_interfaces/share/my_service_interfaces/cmake/export_my_service_interfaces__rosidl_typesupport_fastrtps_cExport-noconfig.cmake
[2.125s] -- Up-to-date: /home/za1van/ros2_ws/src/install/my_service_interfaces/share/my_service_interfaces/cmake/my_service_interfaces__rosidl_typesupport_introspection_cExport.cmake
[2.126s] -- Up-to-date: /home/za1van/ros2_ws/src/install/my_service_interfaces/share/my_service_interfaces/cmake/my_service_interfaces__rosidl_typesupport_introspection_cExport-noconfig.cmake
[2.127s] -- Up-to-date: /home/za1van/ros2_ws/src/install/my_service_interfaces/share/my_service_interfaces/cmake/my_service_interfaces__rosidl_typesupport_cExport.cmake
[2.129s] -- Up-to-date: /home/za1van/ros2_ws/src/install/my_service_interfaces/share/my_service_interfaces/cmake/my_service_interfaces__rosidl_typesupport_cExport-noconfig.cmake
[2.130s] -- Up-to-date: /home/za1van/ros2_ws/src/install/my_service_interfaces/share/my_service_interfaces/cmake/export_my_service_interfaces__rosidl_generator_cppExport.cmake
[2.130s] -- Up-to-date: /home/za1van/ros2_ws/src/install/my_service_interfaces/share/my_service_interfaces/cmake/export_my_service_interfaces__rosidl_typesupport_fastrtps_cppExport.cmake
[2.130s] -- Up-to-date: /home/za1van/ros2_ws/src/install/my_service_interfaces/share/my_service_interfaces/cmake/export_my_service_interfaces__rosidl_typesupport_fastrtps_cppExport-noconfig.cmake
[2.130s] -- Up-to-date: /home/za1van/ros2_ws/src/install/my_service_interfaces/share/my_service_interfaces/cmake/my_service_interfaces__rosidl_typesupport_introspection_cppExport.cmake
[2.130s] -- Up-to-date: /home/za1van/ros2_ws/src/install/my_service_interfaces/share/my_service_interfaces/cmake/my_service_interfaces__rosidl_typesupport_introspection_cppExport-noconfig.cmake
[2.133s] -- Up-to-date: /home/za1van/ros2_ws/src/install/my_service_interfaces/share/my_service_interfaces/cmake/my_service_interfaces__rosidl_typesupport_cppExport.cmake
[2.133s] -- Up-to-date: /home/za1van/ros2_ws/src/install/my_service_interfaces/share/my_service_interfaces/cmake/my_service_interfaces__rosidl_typesupport_cppExport-noconfig.cmake
[2.133s] -- Up-to-date: /home/za1van/ros2_ws/src/install/my_service_interfaces/share/my_service_interfaces/cmake/export_my_service_interfaces__rosidl_generator_pyExport.cmake
[2.134s] -- Up-to-date: /home/za1van/ros2_ws/src/install/my_service_interfaces/share/my_service_interfaces/cmake/export_my_service_interfaces__rosidl_generator_pyExport-noconfig.cmake
[2.135s] -- Up-to-date: /home/za1van/ros2_ws/src/install/my_service_interfaces/share/my_service_interfaces/cmake/rosidl_cmake-extras.cmake
[2.135s] -- Up-to-date: /home/za1van/ros2_ws/src/install/my_service_interfaces/share/my_service_interfaces/cmake/ament_cmake_export_dependencies-extras.cmake
[2.135s] -- Up-to-date: /home/za1van/ros2_ws/src/install/my_service_interfaces/share/my_service_interfaces/cmake/ament_cmake_export_include_directories-extras.cmake
[2.135s] -- Up-to-date: /home/za1van/ros2_ws/src/install/my_service_interfaces/share/my_service_interfaces/cmake/ament_cmake_export_libraries-extras.cmake
[2.135s] -- Up-to-date: /home/za1van/ros2_ws/src/install/my_service_interfaces/share/my_service_interfaces/cmake/ament_cmake_export_targets-extras.cmake
[2.139s] -- Up-to-date: /home/za1van/ros2_ws/src/install/my_service_interfaces/share/my_service_interfaces/cmake/rosidl_cmake_export_typesupport_targets-extras.cmake
[2.139s] -- Up-to-date: /home/za1van/ros2_ws/src/install/my_service_interfaces/share/my_service_interfaces/cmake/rosidl_cmake_export_typesupport_libraries-extras.cmake
[2.140s] -- Up-to-date: /home/za1van/ros2_ws/src/install/my_service_interfaces/share/my_service_interfaces/cmake/my_service_interfacesConfig.cmake
[2.140s] -- Up-to-date: /home/za1van/ros2_ws/src/install/my_service_interfaces/share/my_service_interfaces/cmake/my_service_interfacesConfig-version.cmake
[2.140s] -- Up-to-date: /home/za1van/ros2_ws/src/install/my_service_interfaces/share/my_service_interfaces/package.xml
[2.141s] Invoked command in '/home/za1van/ros2_ws/src/build/my_service_interfaces' returned '0': CMAKE_PREFIX_PATH=${CMAKE_PREFIX_PATH}:/opt/ros/jazzy DEBUGINFOD_URLS=https://debuginfod.ubuntu.com /usr/bin/cmake --install /home/za1van/ros2_ws/src/build/my_service_interfaces
