[0.062s] Invoking command in '/home/za1van/ros2_ws/src/build/my_service_interfaces': CMAKE_PREFIX_PATH=${CMAKE_PREFIX_PATH}:/opt/ros/jazzy DEBUGINFOD_URLS=https://debuginfod.ubuntu.com /usr/bin/cmake --build /home/za1van/ros2_ws/src/build/my_service_interfaces -- -j4 -l4
[1.271s] [  2%] Built target my_service_interfaces__rosidl_generator_type_description
[1.271s] [  2%] Built target ament_cmake_python_copy_my_service_interfaces
[1.272s] [ 17%] Built target my_service_interfaces__rosidl_generator_c
[1.273s] [ 20%] Built target my_service_interfaces__cpp
[1.273s] [ 29%] Built target my_service_interfaces__rosidl_typesupport_c
[1.273s] [ 38%] Built target my_service_interfaces__rosidl_typesupport_introspection_c
[1.273s] [ 47%] Built target my_service_interfaces__rosidl_typesupport_fastrtps_c
[1.273s] [ 55%] Built target my_service_interfaces__rosidl_typesupport_introspection_cpp
[1.274s] [ 64%] Built target my_service_interfaces__rosidl_typesupport_cpp
[1.274s] [ 73%] Built target my_service_interfaces__rosidl_typesupport_fastrtps_cpp
[1.274s] [ 73%] Built target my_service_interfaces
[1.274s] [ 76%] Built target my_service_interfaces__py
[1.275s] [ 82%] Built target my_service_interfaces__rosidl_generator_py
[1.275s] [ 88%] Built target my_service_interfaces_s__rosidl_typesupport_introspection_c
[1.275s] [ 94%] Built target my_service_interfaces_s__rosidl_typesupport_c
[1.276s] [100%] Built target my_service_interfaces_s__rosidl_typesupport_fastrtps_c
[1.276s] running egg_info
[1.276s] writing my_service_interfaces.egg-info/PKG-INFO
[1.276s] writing dependency_links to my_service_interfaces.egg-info/dependency_links.txt
[1.276s] writing top-level names to my_service_interfaces.egg-info/top_level.txt
[1.277s] reading manifest file 'my_service_interfaces.egg-info/SOURCES.txt'
[1.277s] writing manifest file 'my_service_interfaces.egg-info/SOURCES.txt'
[1.277s] [100%] Built target ament_cmake_python_build_my_service_interfaces_egg
[1.277s] Invoked command in '/home/za1van/ros2_ws/src/build/my_service_interfaces' returned '0': CMAKE_PREFIX_PATH=${CMAKE_PREFIX_PATH}:/opt/ros/jazzy DEBUGINFOD_URLS=https://debuginfod.ubuntu.com /usr/bin/cmake --build /home/za1van/ros2_ws/src/build/my_service_interfaces -- -j4 -l4
[1.286s] Invoking command in '/home/za1van/ros2_ws/src/build/my_service_interfaces': CMAKE_PREFIX_PATH=${CMAKE_PREFIX_PATH}:/opt/ros/jazzy DEBUGINFOD_URLS=https://debuginfod.ubuntu.com /usr/bin/cmake --install /home/za1van/ros2_ws/src/build/my_service_interfaces
[1.657s] -- Install configuration: ""
[1.658s] -- Up-to-date: /home/za1van/ros2_ws/src/install/my_service_interfaces/share/ament_index/resource_index/rosidl_interfaces/my_service_interfaces
[1.658s] -- Up-to-date: /home/za1van/ros2_ws/src/install/my_service_interfaces/share/my_service_interfaces/srv/SetVelocity.json
[1.659s] -- Up-to-date: /home/za1van/ros2_ws/src/install/my_service_interfaces/include/my_service_interfaces/my_service_interfaces
[1.659s] -- Up-to-date: /home/za1van/ros2_ws/src/install/my_service_interfaces/include/my_service_interfaces/my_service_interfaces/srv
[1.659s] -- Up-to-date: /home/za1van/ros2_ws/src/install/my_service_interfaces/include/my_service_interfaces/my_service_interfaces/srv/detail
[1.659s] -- Up-to-date: /home/za1van/ros2_ws/src/install/my_service_interfaces/include/my_service_interfaces/my_service_interfaces/srv/detail/set_velocity__type_support.c
[1.659s] -- Up-to-date: /home/za1van/ros2_ws/src/install/my_service_interfaces/include/my_service_interfaces/my_service_interfaces/srv/detail/set_velocity__struct.h
[1.659s] -- Up-to-date: /home/za1van/ros2_ws/src/install/my_service_interfaces/include/my_service_interfaces/my_service_interfaces/srv/detail/set_velocity__functions.h
[1.660s] -- Up-to-date: /home/za1van/ros2_ws/src/install/my_service_interfaces/include/my_service_interfaces/my_service_interfaces/srv/detail/set_velocity__type_support.h
[1.660s] -- Up-to-date: /home/za1van/ros2_ws/src/install/my_service_interfaces/include/my_service_interfaces/my_service_interfaces/srv/detail/set_velocity__functions.c
[1.660s] -- Up-to-date: /home/za1van/ros2_ws/src/install/my_service_interfaces/include/my_service_interfaces/my_service_interfaces/srv/detail/set_velocity__description.c
[1.660s] -- Up-to-date: /home/za1van/ros2_ws/src/install/my_service_interfaces/include/my_service_interfaces/my_service_interfaces/srv/set_velocity.h
[1.660s] -- Up-to-date: /home/za1van/ros2_ws/src/install/my_service_interfaces/include/my_service_interfaces/my_service_interfaces/msg
[1.660s] -- Up-to-date: /home/za1van/ros2_ws/src/install/my_service_interfaces/include/my_service_interfaces/my_service_interfaces/msg/rosidl_generator_c__visibility_control.h
[1.661s] -- Up-to-date: /home/za1van/ros2_ws/src/install/my_service_interfaces/share/my_service_interfaces/environment/library_path.sh
[1.662s] -- Up-to-date: /home/za1van/ros2_ws/src/install/my_service_interfaces/share/my_service_interfaces/environment/library_path.dsv
[1.662s] -- Up-to-date: /home/za1van/ros2_ws/src/install/my_service_interfaces/lib/libmy_service_interfaces__rosidl_generator_c.so
[1.662s] -- Up-to-date: /home/za1van/ros2_ws/src/install/my_service_interfaces/include/my_service_interfaces/my_service_interfaces
[1.663s] -- Up-to-date: /home/za1van/ros2_ws/src/install/my_service_interfaces/include/my_service_interfaces/my_service_interfaces/srv
[1.663s] -- Up-to-date: /home/za1van/ros2_ws/src/install/my_service_interfaces/include/my_service_interfaces/my_service_interfaces/srv/detail
[1.664s] -- Up-to-date: /home/za1van/ros2_ws/src/install/my_service_interfaces/include/my_service_interfaces/my_service_interfaces/srv/detail/set_velocity__rosidl_typesupport_fastrtps_c.h
[1.664s] -- Up-to-date: /home/za1van/ros2_ws/src/install/my_service_interfaces/include/my_service_interfaces/my_service_interfaces/msg
[1.665s] -- Up-to-date: /home/za1van/ros2_ws/src/install/my_service_interfaces/include/my_service_interfaces/my_service_interfaces/msg/rosidl_typesupport_fastrtps_c__visibility_control.h
[1.665s] -- Up-to-date: /home/za1van/ros2_ws/src/install/my_service_interfaces/lib/libmy_service_interfaces__rosidl_typesupport_fastrtps_c.so
[1.665s] -- Up-to-date: /home/za1van/ros2_ws/src/install/my_service_interfaces/include/my_service_interfaces/my_service_interfaces
[1.666s] -- Up-to-date: /home/za1van/ros2_ws/src/install/my_service_interfaces/include/my_service_interfaces/my_service_interfaces/srv
[1.666s] -- Up-to-date: /home/za1van/ros2_ws/src/install/my_service_interfaces/include/my_service_interfaces/my_service_interfaces/srv/detail
[1.666s] -- Up-to-date: /home/za1van/ros2_ws/src/install/my_service_interfaces/include/my_service_interfaces/my_service_interfaces/srv/detail/set_velocity__type_support.c
[1.666s] -- Up-to-date: /home/za1van/ros2_ws/src/install/my_service_interfaces/include/my_service_interfaces/my_service_interfaces/srv/detail/set_velocity__rosidl_typesupport_introspection_c.h
[1.666s] -- Up-to-date: /home/za1van/ros2_ws/src/install/my_service_interfaces/include/my_service_interfaces/my_service_interfaces/msg
[1.666s] -- Up-to-date: /home/za1van/ros2_ws/src/install/my_service_interfaces/include/my_service_interfaces/my_service_interfaces/msg/rosidl_typesupport_introspection_c__visibility_control.h
[1.666s] -- Up-to-date: /home/za1van/ros2_ws/src/install/my_service_interfaces/lib/libmy_service_interfaces__rosidl_typesupport_introspection_c.so
[1.667s] -- Up-to-date: /home/za1van/ros2_ws/src/install/my_service_interfaces/lib/libmy_service_interfaces__rosidl_typesupport_c.so
[1.667s] -- Up-to-date: /home/za1van/ros2_ws/src/install/my_service_interfaces/include/my_service_interfaces/my_service_interfaces
[1.667s] -- Up-to-date: /home/za1van/ros2_ws/src/install/my_service_interfaces/include/my_service_interfaces/my_service_interfaces/srv
[1.667s] -- Up-to-date: /home/za1van/ros2_ws/src/install/my_service_interfaces/include/my_service_interfaces/my_service_interfaces/srv/set_velocity.hpp
[1.667s] -- Up-to-date: /home/za1van/ros2_ws/src/install/my_service_interfaces/include/my_service_interfaces/my_service_interfaces/srv/detail
[1.667s] -- Up-to-date: /home/za1van/ros2_ws/src/install/my_service_interfaces/include/my_service_interfaces/my_service_interfaces/srv/detail/set_velocity__traits.hpp
[1.668s] -- Up-to-date: /home/za1van/ros2_ws/src/install/my_service_interfaces/include/my_service_interfaces/my_service_interfaces/srv/detail/set_velocity__builder.hpp
[1.668s] -- Up-to-date: /home/za1van/ros2_ws/src/install/my_service_interfaces/include/my_service_interfaces/my_service_interfaces/srv/detail/set_velocity__type_support.hpp
[1.669s] -- Up-to-date: /home/za1van/ros2_ws/src/install/my_service_interfaces/include/my_service_interfaces/my_service_interfaces/srv/detail/set_velocity__struct.hpp
[1.669s] -- Up-to-date: /home/za1van/ros2_ws/src/install/my_service_interfaces/include/my_service_interfaces/my_service_interfaces/msg
[1.669s] -- Up-to-date: /home/za1van/ros2_ws/src/install/my_service_interfaces/include/my_service_interfaces/my_service_interfaces/msg/rosidl_generator_cpp__visibility_control.hpp
[1.670s] -- Up-to-date: /home/za1van/ros2_ws/src/install/my_service_interfaces/include/my_service_interfaces/my_service_interfaces
[1.670s] -- Up-to-date: /home/za1van/ros2_ws/src/install/my_service_interfaces/include/my_service_interfaces/my_service_interfaces/srv
[1.670s] -- Up-to-date: /home/za1van/ros2_ws/src/install/my_service_interfaces/include/my_service_interfaces/my_service_interfaces/srv/detail
[1.671s] -- Up-to-date: /home/za1van/ros2_ws/src/install/my_service_interfaces/include/my_service_interfaces/my_service_interfaces/srv/detail/dds_fastrtps
[1.671s] -- Up-to-date: /home/za1van/ros2_ws/src/install/my_service_interfaces/include/my_service_interfaces/my_service_interfaces/srv/detail/set_velocity__rosidl_typesupport_fastrtps_cpp.hpp
[1.672s] -- Up-to-date: /home/za1van/ros2_ws/src/install/my_service_interfaces/include/my_service_interfaces/my_service_interfaces/msg
[1.672s] -- Up-to-date: /home/za1van/ros2_ws/src/install/my_service_interfaces/include/my_service_interfaces/my_service_interfaces/msg/rosidl_typesupport_fastrtps_cpp__visibility_control.h
[1.672s] -- Up-to-date: /home/za1van/ros2_ws/src/install/my_service_interfaces/lib/libmy_service_interfaces__rosidl_typesupport_fastrtps_cpp.so
[1.673s] -- Up-to-date: /home/za1van/ros2_ws/src/install/my_service_interfaces/include/my_service_interfaces/my_service_interfaces
[1.673s] -- Up-to-date: /home/za1van/ros2_ws/src/install/my_service_interfaces/include/my_service_interfaces/my_service_interfaces/srv
[1.674s] -- Up-to-date: /home/za1van/ros2_ws/src/install/my_service_interfaces/include/my_service_interfaces/my_service_interfaces/srv/detail
[1.675s] -- Up-to-date: /home/za1van/ros2_ws/src/install/my_service_interfaces/include/my_service_interfaces/my_service_interfaces/srv/detail/set_velocity__type_support.cpp
[1.675s] -- Up-to-date: /home/za1van/ros2_ws/src/install/my_service_interfaces/include/my_service_interfaces/my_service_interfaces/srv/detail/set_velocity__rosidl_typesupport_introspection_cpp.hpp
[1.675s] -- Up-to-date: /home/za1van/ros2_ws/src/install/my_service_interfaces/lib/libmy_service_interfaces__rosidl_typesupport_introspection_cpp.so
[1.675s] -- Up-to-date: /home/za1van/ros2_ws/src/install/my_service_interfaces/lib/libmy_service_interfaces__rosidl_typesupport_cpp.so
[1.675s] -- Up-to-date: /home/za1van/ros2_ws/src/install/my_service_interfaces/share/my_service_interfaces/environment/pythonpath.sh
[1.675s] -- Up-to-date: /home/za1van/ros2_ws/src/install/my_service_interfaces/share/my_service_interfaces/environment/pythonpath.dsv
[1.675s] -- Up-to-date: /home/za1van/ros2_ws/src/install/my_service_interfaces/lib/python3.12/site-packages/my_service_interfaces-0.0.0-py3.12.egg-info
[1.676s] -- Installing: /home/za1van/ros2_ws/src/install/my_service_interfaces/lib/python3.12/site-packages/my_service_interfaces-0.0.0-py3.12.egg-info/dependency_links.txt
[1.676s] -- Installing: /home/za1van/ros2_ws/src/install/my_service_interfaces/lib/python3.12/site-packages/my_service_interfaces-0.0.0-py3.12.egg-info/PKG-INFO
[1.676s] -- Installing: /home/za1van/ros2_ws/src/install/my_service_interfaces/lib/python3.12/site-packages/my_service_interfaces-0.0.0-py3.12.egg-info/top_level.txt
[1.676s] -- Installing: /home/za1van/ros2_ws/src/install/my_service_interfaces/lib/python3.12/site-packages/my_service_interfaces-0.0.0-py3.12.egg-info/SOURCES.txt
[1.678s] -- Up-to-date: /home/za1van/ros2_ws/src/install/my_service_interfaces/lib/python3.12/site-packages/my_service_interfaces
[1.678s] -- Up-to-date: /home/za1van/ros2_ws/src/install/my_service_interfaces/lib/python3.12/site-packages/my_service_interfaces/my_service_interfaces_s__rosidl_typesupport_c.so
[1.678s] -- Up-to-date: /home/za1van/ros2_ws/src/install/my_service_interfaces/lib/python3.12/site-packages/my_service_interfaces/srv
[1.682s] -- Up-to-date: /home/za1van/ros2_ws/src/install/my_service_interfaces/lib/python3.12/site-packages/my_service_interfaces/srv/_set_velocity_s.c
[1.682s] -- Up-to-date: /home/za1van/ros2_ws/src/install/my_service_interfaces/lib/python3.12/site-packages/my_service_interfaces/srv/_set_velocity.py
[1.682s] -- Up-to-date: /home/za1van/ros2_ws/src/install/my_service_interfaces/lib/python3.12/site-packages/my_service_interfaces/srv/__init__.py
[1.682s] -- Up-to-date: /home/za1van/ros2_ws/src/install/my_service_interfaces/lib/python3.12/site-packages/my_service_interfaces/my_service_interfaces_s__rosidl_typesupport_fastrtps_c.so
[1.682s] -- Up-to-date: /home/za1van/ros2_ws/src/install/my_service_interfaces/lib/python3.12/site-packages/my_service_interfaces/_my_service_interfaces_s.ep.rosidl_typesupport_introspection_c.c
[1.683s] -- Up-to-date: /home/za1van/ros2_ws/src/install/my_service_interfaces/lib/python3.12/site-packages/my_service_interfaces/__init__.py
[1.683s] -- Up-to-date: /home/za1van/ros2_ws/src/install/my_service_interfaces/lib/python3.12/site-packages/my_service_interfaces/my_service_interfaces_s__rosidl_typesupport_introspection_c.so
[1.683s] -- Up-to-date: /home/za1van/ros2_ws/src/install/my_service_interfaces/lib/python3.12/site-packages/my_service_interfaces/_my_service_interfaces_s.ep.rosidl_typesupport_c.c
[1.683s] -- Up-to-date: /home/za1van/ros2_ws/src/install/my_service_interfaces/lib/python3.12/site-packages/my_service_interfaces/_my_service_interfaces_s.ep.rosidl_typesupport_fastrtps_c.c
[1.683s] Listing '/home/za1van/ros2_ws/src/install/my_service_interfaces/lib/python3.12/site-packages/my_service_interfaces'...
[1.684s] Listing '/home/za1van/ros2_ws/src/install/my_service_interfaces/lib/python3.12/site-packages/my_service_interfaces/srv'...
[1.684s] -- Up-to-date: /home/za1van/ros2_ws/src/install/my_service_interfaces/lib/python3.12/site-packages/my_service_interfaces/my_service_interfaces_s__rosidl_typesupport_fastrtps_c.so
[1.684s] -- Up-to-date: /home/za1van/ros2_ws/src/install/my_service_interfaces/lib/python3.12/site-packages/my_service_interfaces/my_service_interfaces_s__rosidl_typesupport_introspection_c.so
[1.684s] -- Up-to-date: /home/za1van/ros2_ws/src/install/my_service_interfaces/lib/python3.12/site-packages/my_service_interfaces/my_service_interfaces_s__rosidl_typesupport_c.so
[1.686s] -- Up-to-date: /home/za1van/ros2_ws/src/install/my_service_interfaces/lib/libmy_service_interfaces__rosidl_generator_py.so
[1.687s] -- Up-to-date: /home/za1van/ros2_ws/src/install/my_service_interfaces/share/my_service_interfaces/srv/SetVelocity.idl
[1.687s] -- Up-to-date: /home/za1van/ros2_ws/src/install/my_service_interfaces/share/my_service_interfaces/srv/SetVelocity.srv
[1.687s] -- Up-to-date: /home/za1van/ros2_ws/src/install/my_service_interfaces/share/ament_index/resource_index/package_run_dependencies/my_service_interfaces
[1.687s] -- Up-to-date: /home/za1van/ros2_ws/src/install/my_service_interfaces/share/ament_index/resource_index/parent_prefix_path/my_service_interfaces
[1.687s] -- Up-to-date: /home/za1van/ros2_ws/src/install/my_service_interfaces/share/my_service_interfaces/environment/ament_prefix_path.sh
[1.687s] -- Up-to-date: /home/za1van/ros2_ws/src/install/my_service_interfaces/share/my_service_interfaces/environment/ament_prefix_path.dsv
[1.688s] -- Up-to-date: /home/za1van/ros2_ws/src/install/my_service_interfaces/share/my_service_interfaces/environment/path.sh
[1.688s] -- Up-to-date: /home/za1van/ros2_ws/src/install/my_service_interfaces/share/my_service_interfaces/environment/path.dsv
[1.688s] -- Up-to-date: /home/za1van/ros2_ws/src/install/my_service_interfaces/share/my_service_interfaces/local_setup.bash
[1.688s] -- Up-to-date: /home/za1van/ros2_ws/src/install/my_service_interfaces/share/my_service_interfaces/local_setup.sh
[1.688s] -- Up-to-date: /home/za1van/ros2_ws/src/install/my_service_interfaces/share/my_service_interfaces/local_setup.zsh
[1.688s] -- Up-to-date: /home/za1van/ros2_ws/src/install/my_service_interfaces/share/my_service_interfaces/local_setup.dsv
[1.688s] -- Installing: /home/za1van/ros2_ws/src/install/my_service_interfaces/share/my_service_interfaces/package.dsv
[1.689s] -- Up-to-date: /home/za1van/ros2_ws/src/install/my_service_interfaces/share/ament_index/resource_index/packages/my_service_interfaces
[1.689s] -- Up-to-date: /home/za1van/ros2_ws/src/install/my_service_interfaces/share/my_service_interfaces/cmake/export_my_service_interfaces__rosidl_generator_cExport.cmake
[1.689s] -- Up-to-date: /home/za1van/ros2_ws/src/install/my_service_interfaces/share/my_service_interfaces/cmake/export_my_service_interfaces__rosidl_generator_cExport-noconfig.cmake
[1.689s] -- Up-to-date: /home/za1van/ros2_ws/src/install/my_service_interfaces/share/my_service_interfaces/cmake/export_my_service_interfaces__rosidl_typesupport_fastrtps_cExport.cmake
[1.689s] -- Up-to-date: /home/za1van/ros2_ws/src/install/my_service_interfaces/share/my_service_interfaces/cmake/export_my_service_interfaces__rosidl_typesupport_fastrtps_cExport-noconfig.cmake
[1.689s] -- Up-to-date: /home/za1van/ros2_ws/src/install/my_service_interfaces/share/my_service_interfaces/cmake/my_service_interfaces__rosidl_typesupport_introspection_cExport.cmake
[1.690s] -- Up-to-date: /home/za1van/ros2_ws/src/install/my_service_interfaces/share/my_service_interfaces/cmake/my_service_interfaces__rosidl_typesupport_introspection_cExport-noconfig.cmake
[1.690s] -- Up-to-date: /home/za1van/ros2_ws/src/install/my_service_interfaces/share/my_service_interfaces/cmake/my_service_interfaces__rosidl_typesupport_cExport.cmake
[1.690s] -- Up-to-date: /home/za1van/ros2_ws/src/install/my_service_interfaces/share/my_service_interfaces/cmake/my_service_interfaces__rosidl_typesupport_cExport-noconfig.cmake
[1.690s] -- Up-to-date: /home/za1van/ros2_ws/src/install/my_service_interfaces/share/my_service_interfaces/cmake/export_my_service_interfaces__rosidl_generator_cppExport.cmake
[1.690s] -- Up-to-date: /home/za1van/ros2_ws/src/install/my_service_interfaces/share/my_service_interfaces/cmake/export_my_service_interfaces__rosidl_typesupport_fastrtps_cppExport.cmake
[1.690s] -- Up-to-date: /home/za1van/ros2_ws/src/install/my_service_interfaces/share/my_service_interfaces/cmake/export_my_service_interfaces__rosidl_typesupport_fastrtps_cppExport-noconfig.cmake
[1.690s] -- Up-to-date: /home/za1van/ros2_ws/src/install/my_service_interfaces/share/my_service_interfaces/cmake/my_service_interfaces__rosidl_typesupport_introspection_cppExport.cmake
[1.691s] -- Up-to-date: /home/za1van/ros2_ws/src/install/my_service_interfaces/share/my_service_interfaces/cmake/my_service_interfaces__rosidl_typesupport_introspection_cppExport-noconfig.cmake
[1.691s] -- Up-to-date: /home/za1van/ros2_ws/src/install/my_service_interfaces/share/my_service_interfaces/cmake/my_service_interfaces__rosidl_typesupport_cppExport.cmake
[1.691s] -- Up-to-date: /home/za1van/ros2_ws/src/install/my_service_interfaces/share/my_service_interfaces/cmake/my_service_interfaces__rosidl_typesupport_cppExport-noconfig.cmake
[1.691s] -- Up-to-date: /home/za1van/ros2_ws/src/install/my_service_interfaces/share/my_service_interfaces/cmake/export_my_service_interfaces__rosidl_generator_pyExport.cmake
[1.691s] -- Up-to-date: /home/za1van/ros2_ws/src/install/my_service_interfaces/share/my_service_interfaces/cmake/export_my_service_interfaces__rosidl_generator_pyExport-noconfig.cmake
[1.691s] -- Up-to-date: /home/za1van/ros2_ws/src/install/my_service_interfaces/share/my_service_interfaces/cmake/rosidl_cmake-extras.cmake
[1.692s] -- Up-to-date: /home/za1van/ros2_ws/src/install/my_service_interfaces/share/my_service_interfaces/cmake/ament_cmake_export_dependencies-extras.cmake
[1.692s] -- Up-to-date: /home/za1van/ros2_ws/src/install/my_service_interfaces/share/my_service_interfaces/cmake/ament_cmake_export_include_directories-extras.cmake
[1.692s] -- Up-to-date: /home/za1van/ros2_ws/src/install/my_service_interfaces/share/my_service_interfaces/cmake/ament_cmake_export_libraries-extras.cmake
[1.692s] -- Up-to-date: /home/za1van/ros2_ws/src/install/my_service_interfaces/share/my_service_interfaces/cmake/ament_cmake_export_targets-extras.cmake
[1.692s] -- Up-to-date: /home/za1van/ros2_ws/src/install/my_service_interfaces/share/my_service_interfaces/cmake/rosidl_cmake_export_typesupport_targets-extras.cmake
[1.705s] -- Up-to-date: /home/za1van/ros2_ws/src/install/my_service_interfaces/share/my_service_interfaces/cmake/rosidl_cmake_export_typesupport_libraries-extras.cmake
[1.705s] -- Up-to-date: /home/za1van/ros2_ws/src/install/my_service_interfaces/share/my_service_interfaces/cmake/my_service_interfacesConfig.cmake
[1.705s] -- Up-to-date: /home/za1van/ros2_ws/src/install/my_service_interfaces/share/my_service_interfaces/cmake/my_service_interfacesConfig-version.cmake
[1.705s] -- Up-to-date: /home/za1van/ros2_ws/src/install/my_service_interfaces/share/my_service_interfaces/package.xml
[1.705s] Invoked command in '/home/za1van/ros2_ws/src/build/my_service_interfaces' returned '0': CMAKE_PREFIX_PATH=${CMAKE_PREFIX_PATH}:/opt/ros/jazzy DEBUGINFOD_URLS=https://debuginfod.ubuntu.com /usr/bin/cmake --install /home/za1van/ros2_ws/src/build/my_service_interfaces
