[0.034s] Invoking command in '/home/za1van/Документы/собираем из исходников/zmrobo_init/build/zmrobo_init': CMAKE_PREFIX_PATH=${CMAKE_PREFIX_PATH}:/opt/ros/jazzy DEBUGINFOD_URLS=https://debuginfod.ubuntu.com /usr/bin/cmake --build /home/za1van/Документы/собираем из исходников/zmrobo_init/build/zmrobo_init -- -j4 -l4
[0.106s] -- Found ament_cmake: 2.5.4 (/opt/ros/jazzy/share/ament_cmake/cmake)
[0.554s] -- Found rclcpp: 28.1.12 (/opt/ros/jazzy/share/rclcpp/cmake)
[0.664s] -- Found rosidl_generator_c: 4.6.6 (/opt/ros/jazzy/share/rosidl_generator_c/cmake)
[0.688s] -- Found rosidl_generator_cpp: 4.6.6 (/opt/ros/jazzy/share/rosidl_generator_cpp/cmake)
[0.736s] -- Using all available rosidl_typesupport_c: rosidl_typesupport_fastrtps_c;rosidl_typesupport_introspection_c
[0.778s] -- Using all available rosidl_typesupport_cpp: rosidl_typesupport_fastrtps_cpp;rosidl_typesupport_introspection_cpp
[0.985s] -- Found rmw_implementation_cmake: 7.3.2 (/opt/ros/jazzy/share/rmw_implementation_cmake/cmake)
[0.988s] -- Found rmw_fastrtps_cpp: 8.4.3 (/opt/ros/jazzy/share/rmw_fastrtps_cpp/cmake)
[1.175s] -- Using RMW implementation 'rmw_fastrtps_cpp' as default
[1.408s] -- Found geometry_msgs: 5.3.6 (/opt/ros/jazzy/share/geometry_msgs/cmake)
[1.531s] -- Found nav_msgs: 5.3.6 (/opt/ros/jazzy/share/nav_msgs/cmake)
[1.592s] -- Found sensor_msgs: 5.3.6 (/opt/ros/jazzy/share/sensor_msgs/cmake)
[1.657s] -- Found ackermann_msgs: 2.0.2 (/opt/ros/jazzy/share/ackermann_msgs/cmake)
[1.701s] -- Found tf2: 0.36.14 (/opt/ros/jazzy/share/tf2/cmake)
[1.714s] -- Found tf2_ros: 0.36.14 (/opt/ros/jazzy/share/tf2_ros/cmake)
[2.020s] [31mCMake Error at /opt/ros/jazzy/share/ament_cmake_target_dependencies/cmake/ament_target_dependencies.cmake:77 (message):
[2.021s]   ament_target_dependencies() the passed package name 'serial' was not found
[2.021s]   before
[2.021s] Call Stack (most recent call first):
[2.022s]   CMakeLists.txt:26 (ament_target_dependencies)
[2.022s] 
[2.023s] [0m
[2.025s] -- Configuring incomplete, errors occurred!
[2.043s] gmake: *** [Makefile:294: cmake_check_build_system] Error 1
[2.046s] Invoked command in '/home/za1van/Документы/собираем из исходников/zmrobo_init/build/zmrobo_init' returned '2': CMAKE_PREFIX_PATH=${CMAKE_PREFIX_PATH}:/opt/ros/jazzy DEBUGINFOD_URLS=https://debuginfod.ubuntu.com /usr/bin/cmake --build /home/za1van/Документы/собираем из исходников/zmrobo_init/build/zmrobo_init -- -j4 -l4
