[0.053s] Invoking command in '/home/za1van/Документы/собираем из исходников/zmrobo_init/build/zmrobo_init': CMAKE_PREFIX_PATH=${CMAKE_PREFIX_PATH}:/opt/ros/jazzy DEBUGINFOD_URLS=https://debuginfod.ubuntu.com /usr/bin/cmake --build /home/za1van/Документы/собираем из исходников/zmrobo_init/build/zmrobo_init -- -j4 -l4
[0.130s] -- Found ament_cmake: 2.5.4 (/opt/ros/jazzy/share/ament_cmake/cmake)
[0.635s] -- Found rclcpp: 28.1.12 (/opt/ros/jazzy/share/rclcpp/cmake)
[0.752s] -- Found rosidl_generator_c: 4.6.6 (/opt/ros/jazzy/share/rosidl_generator_c/cmake)
[0.778s] -- Found rosidl_generator_cpp: 4.6.6 (/opt/ros/jazzy/share/rosidl_generator_cpp/cmake)
[0.826s] -- Using all available rosidl_typesupport_c: rosidl_typesupport_fastrtps_c;rosidl_typesupport_introspection_c
[0.878s] -- Using all available rosidl_typesupport_cpp: rosidl_typesupport_fastrtps_cpp;rosidl_typesupport_introspection_cpp
[1.125s] -- Found rmw_implementation_cmake: 7.3.2 (/opt/ros/jazzy/share/rmw_implementation_cmake/cmake)
[1.131s] -- Found rmw_fastrtps_cpp: 8.4.3 (/opt/ros/jazzy/share/rmw_fastrtps_cpp/cmake)
[1.324s] -- Using RMW implementation 'rmw_fastrtps_cpp' as default
[1.576s] -- Found geometry_msgs: 5.3.6 (/opt/ros/jazzy/share/geometry_msgs/cmake)
[1.692s] -- Found nav_msgs: 5.3.6 (/opt/ros/jazzy/share/nav_msgs/cmake)
[1.770s] -- Found sensor_msgs: 5.3.6 (/opt/ros/jazzy/share/sensor_msgs/cmake)
[1.843s] -- Found ackermann_msgs: 2.0.2 (/opt/ros/jazzy/share/ackermann_msgs/cmake)
[1.897s] -- Found tf2: 0.36.14 (/opt/ros/jazzy/share/tf2/cmake)
[1.911s] -- Found tf2_ros: 0.36.14 (/opt/ros/jazzy/share/tf2_ros/cmake)
[2.336s] [31mCMake Error at CMakeLists.txt:14 (find_package):
[2.337s]   By not providing "Findserial.cmake" in CMAKE_MODULE_PATH this project has
[2.337s]   asked CMake to find a package configuration file provided by "serial", but
[2.338s]   CMake did not find one.
[2.338s] 
[2.339s]   Could not find a package configuration file provided by "serial" with any
[2.339s]   of the following names:
[2.340s] 
[2.340s]     serialConfig.cmake
[2.340s]     serial-config.cmake
[2.341s] 
[2.341s]   Add the installation prefix of "serial" to CMAKE_PREFIX_PATH or set
[2.342s]   "serial_DIR" to a directory containing one of the above files.  If "serial"
[2.342s]   provides a separate development package or SDK, be sure it has been
[2.343s]   installed.
[2.343s] 
[2.343s] [0m
[2.344s] -- Configuring incomplete, errors occurred!
[2.360s] gmake: *** [Makefile:294: cmake_check_build_system] Error 1
[2.363s] Invoked command in '/home/za1van/Документы/собираем из исходников/zmrobo_init/build/zmrobo_init' returned '2': CMAKE_PREFIX_PATH=${CMAKE_PREFIX_PATH}:/opt/ros/jazzy DEBUGINFOD_URLS=https://debuginfod.ubuntu.com /usr/bin/cmake --build /home/za1van/Документы/собираем из исходников/zmrobo_init/build/zmrobo_init -- -j4 -l4
