[1.561s] Invoking command in '/home/za1van/ros2_ws/src/my_calculate_action': DEBUGINFOD_URLS=https://debuginfod.ubuntu.com PYTHONPATH=/home/za1van/ros2_ws/build/my_calculate_action/prefix_override:/usr/lib/python3/dist-packages/colcon_core/task/python/colcon_distutils_commands:/home/za1van/ros2_ws/install/my_calculate_action/lib/python3.12/site-packages:${PYTHONPATH} /usr/bin/python3 -W ignore:setup.py install is deprecated -W ignore:easy_install command is deprecated setup.py egg_info --egg-base ../../build/my_calculate_action build --build-base /home/za1van/ros2_ws/build/my_calculate_action/build install --record /home/za1van/ros2_ws/build/my_calculate_action/install.log --single-version-externally-managed install_data
[1.969s] running egg_info
[1.970s] creating ../../build/my_calculate_action/my_calculate_action.egg-info
[2.002s] writing ../../build/my_calculate_action/my_calculate_action.egg-info/PKG-INFO
[2.002s] writing dependency_links to ../../build/my_calculate_action/my_calculate_action.egg-info/dependency_links.txt
[2.002s] writing entry points to ../../build/my_calculate_action/my_calculate_action.egg-info/entry_points.txt
[2.003s] writing requirements to ../../build/my_calculate_action/my_calculate_action.egg-info/requires.txt
[2.003s] writing top-level names to ../../build/my_calculate_action/my_calculate_action.egg-info/top_level.txt
[2.003s] writing manifest file '../../build/my_calculate_action/my_calculate_action.egg-info/SOURCES.txt'
[2.073s] reading manifest file '../../build/my_calculate_action/my_calculate_action.egg-info/SOURCES.txt'
[2.074s] writing manifest file '../../build/my_calculate_action/my_calculate_action.egg-info/SOURCES.txt'
[2.074s] running build
[2.074s] running build_py
[2.075s] creating /home/za1van/ros2_ws/build/my_calculate_action/build
[2.075s] creating /home/za1van/ros2_ws/build/my_calculate_action/build/lib
[2.075s] creating /home/za1van/ros2_ws/build/my_calculate_action/build/lib/my_calculate_action
[2.075s] copying my_calculate_action/calculate_action_client.py -> /home/za1van/ros2_ws/build/my_calculate_action/build/lib/my_calculate_action
[2.075s] copying my_calculate_action/calculate_action_server.py -> /home/za1van/ros2_ws/build/my_calculate_action/build/lib/my_calculate_action
[2.075s] copying my_calculate_action/__init__.py -> /home/za1van/ros2_ws/build/my_calculate_action/build/lib/my_calculate_action
[2.076s] running install
[2.088s] running install_lib
[2.120s] creating /home/za1van/ros2_ws/install/my_calculate_action/lib/python3.12/site-packages/my_calculate_action
[2.120s] copying /home/za1van/ros2_ws/build/my_calculate_action/build/lib/my_calculate_action/calculate_action_client.py -> /home/za1van/ros2_ws/install/my_calculate_action/lib/python3.12/site-packages/my_calculate_action
[2.121s] copying /home/za1van/ros2_ws/build/my_calculate_action/build/lib/my_calculate_action/calculate_action_server.py -> /home/za1van/ros2_ws/install/my_calculate_action/lib/python3.12/site-packages/my_calculate_action
[2.121s] copying /home/za1van/ros2_ws/build/my_calculate_action/build/lib/my_calculate_action/__init__.py -> /home/za1van/ros2_ws/install/my_calculate_action/lib/python3.12/site-packages/my_calculate_action
[2.121s] byte-compiling /home/za1van/ros2_ws/install/my_calculate_action/lib/python3.12/site-packages/my_calculate_action/calculate_action_client.py to calculate_action_client.cpython-312.pyc
[2.123s] byte-compiling /home/za1van/ros2_ws/install/my_calculate_action/lib/python3.12/site-packages/my_calculate_action/calculate_action_server.py to calculate_action_server.cpython-312.pyc
[2.124s] byte-compiling /home/za1van/ros2_ws/install/my_calculate_action/lib/python3.12/site-packages/my_calculate_action/__init__.py to __init__.cpython-312.pyc
[2.124s] running install_data
[2.125s] creating /home/za1van/ros2_ws/install/my_calculate_action/share/ament_index
[2.125s] creating /home/za1van/ros2_ws/install/my_calculate_action/share/ament_index/resource_index
[2.125s] creating /home/za1van/ros2_ws/install/my_calculate_action/share/ament_index/resource_index/packages
[2.125s] copying resource/my_calculate_action -> /home/za1van/ros2_ws/install/my_calculate_action/share/ament_index/resource_index/packages
[2.125s] copying package.xml -> /home/za1van/ros2_ws/install/my_calculate_action/share/my_calculate_action
[2.126s] running install_egg_info
[2.161s] Copying ../../build/my_calculate_action/my_calculate_action.egg-info to /home/za1van/ros2_ws/install/my_calculate_action/lib/python3.12/site-packages/my_calculate_action-0.0.0-py3.12.egg-info
[2.162s] running install_scripts
[2.372s] Installing calculate_action_client script to /home/za1van/ros2_ws/install/my_calculate_action/lib/my_calculate_action
[2.372s] Installing calculate_action_server script to /home/za1van/ros2_ws/install/my_calculate_action/lib/my_calculate_action
[2.372s] writing list of installed files to '/home/za1van/ros2_ws/build/my_calculate_action/install.log'
[2.413s] Invoked command in '/home/za1van/ros2_ws/src/my_calculate_action' returned '0': DEBUGINFOD_URLS=https://debuginfod.ubuntu.com PYTHONPATH=/home/za1van/ros2_ws/build/my_calculate_action/prefix_override:/usr/lib/python3/dist-packages/colcon_core/task/python/colcon_distutils_commands:/home/za1van/ros2_ws/install/my_calculate_action/lib/python3.12/site-packages:${PYTHONPATH} /usr/bin/python3 -W ignore:setup.py install is deprecated -W ignore:easy_install command is deprecated setup.py egg_info --egg-base ../../build/my_calculate_action build --build-base /home/za1van/ros2_ws/build/my_calculate_action/build install --record /home/za1van/ros2_ws/build/my_calculate_action/install.log --single-version-externally-managed install_data
