[0.050s] Invoking command in '/home/za1van/ros2_ws/build/my_service_interfaces': CMAKE_PREFIX_PATH=${CMAKE_PREFIX_PATH}:/opt/ros/jazzy DEBUGINFOD_URLS=https://debuginfod.ubuntu.com /usr/bin/cmake /home/za1van/ros2_ws/src/my_service_interfaces -DCMAKE_BUILD_TYPE=Release -DCMAKE_INSTALL_PREFIX=/home/za1van/ros2_ws/install/my_service_interfaces
[1.023s] CMake Deprecation Warning at CMakeLists.txt:1 (cmake_minimum_required):
[1.023s]   Compatibility with CMake < 3.10 will be removed from a future version of
[1.024s]   CMake.
[1.024s] 
[1.024s]   Update the VERSION argument <min> value.  Or, use the <min>...<max> syntax
[1.025s]   to tell CMake that the project requires at least <min> but has been updated
[1.025s]   to work with policies introduced by <max> or earlier.
[1.025s] 
[1.027s] 
[1.027s] -- Found ament_cmake: 2.5.4 (/opt/ros/jazzy/share/ament_cmake/cmake)
[1.027s] -- Found Python3: /usr/bin/python3 (found version "3.12.3") found components: Interpreter
[1.028s] -- Found rosidl_default_generators: 1.6.0 (/opt/ros/jazzy/share/rosidl_default_generators/cmake)
[1.028s] -- Using all available rosidl_typesupport_c: rosidl_typesupport_fastrtps_c;rosidl_typesupport_introspection_c
[1.029s] -- Using all available rosidl_typesupport_cpp: rosidl_typesupport_fastrtps_cpp;rosidl_typesupport_introspection_cpp
[1.029s] -- Found rosidl_adapter: 4.6.6 (/opt/ros/jazzy/share/rosidl_adapter/cmake)
[1.029s] -- Found ament_cmake_ros: 0.12.0 (/opt/ros/jazzy/share/ament_cmake_ros/cmake)
[1.523s] -- Using all available rosidl_typesupport_c: rosidl_typesupport_fastrtps_c;rosidl_typesupport_introspection_c
[1.524s] -- Using all available rosidl_typesupport_cpp: rosidl_typesupport_fastrtps_cpp;rosidl_typesupport_introspection_cpp
[1.524s] -- Found python_cmake_module: 0.11.1 (/opt/ros/jazzy/share/python_cmake_module/cmake)
[2.414s] -- Found Python3: /usr/bin/python3 (found version "3.12.3") found components: Interpreter Development NumPy Development.Module Development.Embed
[2.441s] -- Found ament_lint_auto: 0.17.3 (/opt/ros/jazzy/share/ament_lint_auto/cmake)
[2.464s] -- Added test 'lint_cmake' to check CMake code style
[2.467s] -- Added test 'xmllint' to check XML markup files
[2.472s] -- Configuring done (2.4s)
[2.579s] -- Generating done (0.1s)
[2.605s] -- Build files have been written to: /home/za1van/ros2_ws/build/my_service_interfaces
[2.628s] Invoked command in '/home/za1van/ros2_ws/build/my_service_interfaces' returned '0': CMAKE_PREFIX_PATH=${CMAKE_PREFIX_PATH}:/opt/ros/jazzy DEBUGINFOD_URLS=https://debuginfod.ubuntu.com /usr/bin/cmake /home/za1van/ros2_ws/src/my_service_interfaces -DCMAKE_BUILD_TYPE=Release -DCMAKE_INSTALL_PREFIX=/home/za1van/ros2_ws/install/my_service_interfaces
[2.630s] Invoking command in '/home/za1van/ros2_ws/build/my_service_interfaces': CMAKE_PREFIX_PATH=${CMAKE_PREFIX_PATH}:/opt/ros/jazzy DEBUGINFOD_URLS=https://debuginfod.ubuntu.com /usr/bin/cmake --build /home/za1van/ros2_ws/build/my_service_interfaces -- -j4 -l4
[2.745s] [  2%] Built target my_service_interfaces__rosidl_generator_type_description
[2.795s] [  2%] Built target ament_cmake_python_copy_my_service_interfaces
[2.835s] [  5%] Built target my_service_interfaces__cpp
[2.861s] [  8%] Building C object CMakeFiles/my_service_interfaces__rosidl_generator_c.dir/rosidl_generator_c/my_service_interfaces/srv/detail/set_velocity__description.c.o
[2.867s] [ 11%] Building C object CMakeFiles/my_service_interfaces__rosidl_generator_c.dir/rosidl_generator_c/my_service_interfaces/srv/detail/set_velocity__functions.c.o
[2.879s] [ 14%] Building C object CMakeFiles/my_service_interfaces__rosidl_generator_c.dir/rosidl_generator_c/my_service_interfaces/srv/detail/set_velocity__type_support.c.o
[3.944s] running egg_info
[4.008s] writing my_service_interfaces.egg-info/PKG-INFO
[4.016s] writing dependency_links to my_service_interfaces.egg-info/dependency_links.txt
[4.017s] writing top-level names to my_service_interfaces.egg-info/top_level.txt
[4.206s] reading manifest file 'my_service_interfaces.egg-info/SOURCES.txt'
[4.207s] writing manifest file 'my_service_interfaces.egg-info/SOURCES.txt'
[4.292s] [ 14%] Built target ament_cmake_python_build_my_service_interfaces_egg
[4.377s] [ 17%] Linking C shared library libmy_service_interfaces__rosidl_generator_c.so
[4.467s] [ 20%] Built target my_service_interfaces__rosidl_generator_c
[4.610s] [ 23%] Building CXX object CMakeFiles/my_service_interfaces__rosidl_typesupport_cpp.dir/rosidl_typesupport_cpp/my_service_interfaces/srv/set_velocity__type_support.cpp.o
[4.612s] [ 26%] Building CXX object CMakeFiles/my_service_interfaces__rosidl_typesupport_introspection_cpp.dir/rosidl_typesupport_introspection_cpp/my_service_interfaces/srv/detail/set_velocity__type_support.cpp.o
[4.648s] [ 29%] Building CXX object CMakeFiles/my_service_interfaces__rosidl_typesupport_fastrtps_cpp.dir/rosidl_typesupport_fastrtps_cpp/my_service_interfaces/srv/detail/dds_fastrtps/set_velocity__type_support.cpp.o
[4.656s] [ 32%] Building CXX object CMakeFiles/my_service_interfaces__rosidl_typesupport_fastrtps_c.dir/rosidl_typesupport_fastrtps_c/my_service_interfaces/srv/detail/set_velocity__type_support_c.cpp.o
[8.042s] [ 35%] Linking CXX shared library libmy_service_interfaces__rosidl_typesupport_introspection_cpp.so
[8.156s] [ 38%] Linking CXX shared library libmy_service_interfaces__rosidl_typesupport_cpp.so
[8.432s] [ 41%] Built target my_service_interfaces__rosidl_typesupport_cpp
[8.446s] [ 44%] Linking CXX shared library libmy_service_interfaces__rosidl_typesupport_fastrtps_c.so
[8.504s] [ 47%] Building C object CMakeFiles/my_service_interfaces__rosidl_typesupport_introspection_c.dir/rosidl_typesupport_introspection_c/my_service_interfaces/srv/detail/set_velocity__type_support.c.o
[8.512s] [ 50%] Built target my_service_interfaces__rosidl_typesupport_introspection_cpp
[8.608s] [ 52%] Building CXX object CMakeFiles/my_service_interfaces__rosidl_typesupport_c.dir/rosidl_typesupport_c/my_service_interfaces/srv/set_velocity__type_support.cpp.o
[8.737s] [ 55%] Linking C shared library libmy_service_interfaces__rosidl_typesupport_introspection_c.so
[8.765s] [ 58%] Built target my_service_interfaces__rosidl_typesupport_fastrtps_c
[8.831s] [ 61%] Linking CXX shared library libmy_service_interfaces__rosidl_typesupport_c.so
[8.850s] [ 64%] Built target my_service_interfaces__rosidl_typesupport_introspection_c
[8.863s] [ 67%] Linking CXX shared library libmy_service_interfaces__rosidl_typesupport_fastrtps_cpp.so
[8.935s] [ 70%] Built target my_service_interfaces__rosidl_typesupport_c
[9.021s] [ 73%] Built target my_service_interfaces__rosidl_typesupport_fastrtps_cpp
[9.056s] [ 73%] Built target my_service_interfaces
[9.102s] [ 76%] Built target my_service_interfaces__py
[9.147s] [ 79%] Building C object CMakeFiles/my_service_interfaces__rosidl_generator_py.dir/rosidl_generator_py/my_service_interfaces/srv/_set_velocity_s.c.o
[9.564s] [ 82%] Linking C shared library libmy_service_interfaces__rosidl_generator_py.so
[9.628s] [ 82%] Built target my_service_interfaces__rosidl_generator_py
[9.677s] [ 85%] Building C object CMakeFiles/my_service_interfaces_s__rosidl_typesupport_introspection_c.dir/rosidl_generator_py/my_service_interfaces/_my_service_interfaces_s.ep.rosidl_typesupport_introspection_c.c.o
[9.677s] [ 88%] Building C object CMakeFiles/my_service_interfaces_s__rosidl_typesupport_fastrtps_c.dir/rosidl_generator_py/my_service_interfaces/_my_service_interfaces_s.ep.rosidl_typesupport_fastrtps_c.c.o
[9.679s] [ 91%] Building C object CMakeFiles/my_service_interfaces_s__rosidl_typesupport_c.dir/rosidl_generator_py/my_service_interfaces/_my_service_interfaces_s.ep.rosidl_typesupport_c.c.o
[9.999s] [ 94%] Linking C shared module rosidl_generator_py/my_service_interfaces/my_service_interfaces_s__rosidl_typesupport_c.so
[10.062s] [ 97%] Linking C shared module rosidl_generator_py/my_service_interfaces/my_service_interfaces_s__rosidl_typesupport_fastrtps_c.so
[10.070s] [ 97%] Built target my_service_interfaces_s__rosidl_typesupport_c
[10.075s] [100%] Linking C shared module rosidl_generator_py/my_service_interfaces/my_service_interfaces_s__rosidl_typesupport_introspection_c.so
[10.124s] [100%] Built target my_service_interfaces_s__rosidl_typesupport_fastrtps_c
[10.126s] [100%] Built target my_service_interfaces_s__rosidl_typesupport_introspection_c
[10.138s] Invoked command in '/home/za1van/ros2_ws/build/my_service_interfaces' returned '0': CMAKE_PREFIX_PATH=${CMAKE_PREFIX_PATH}:/opt/ros/jazzy DEBUGINFOD_URLS=https://debuginfod.ubuntu.com /usr/bin/cmake --build /home/za1van/ros2_ws/build/my_service_interfaces -- -j4 -l4
[10.146s] Invoking command in '/home/za1van/ros2_ws/build/my_service_interfaces': CMAKE_PREFIX_PATH=${CMAKE_PREFIX_PATH}:/opt/ros/jazzy DEBUGINFOD_URLS=https://debuginfod.ubuntu.com /usr/bin/cmake --install /home/za1van/ros2_ws/build/my_service_interfaces
[10.156s] -- Install configuration: "Release"
[10.156s] -- Up-to-date: /home/za1van/ros2_ws/install/my_service_interfaces/share/ament_index/resource_index/rosidl_interfaces/my_service_interfaces
[10.157s] -- Up-to-date: /home/za1van/ros2_ws/install/my_service_interfaces/share/my_service_interfaces/srv/SetVelocity.json
[10.157s] -- Up-to-date: /home/za1van/ros2_ws/install/my_service_interfaces/include/my_service_interfaces/my_service_interfaces
[10.157s] -- Up-to-date: /home/za1van/ros2_ws/install/my_service_interfaces/include/my_service_interfaces/my_service_interfaces/srv
[10.157s] -- Up-to-date: /home/za1van/ros2_ws/install/my_service_interfaces/include/my_service_interfaces/my_service_interfaces/srv/detail
[10.157s] -- Up-to-date: /home/za1van/ros2_ws/install/my_service_interfaces/include/my_service_interfaces/my_service_interfaces/srv/detail/set_velocity__type_support.c
[10.157s] -- Up-to-date: /home/za1van/ros2_ws/install/my_service_interfaces/include/my_service_interfaces/my_service_interfaces/srv/detail/set_velocity__struct.h
[10.158s] -- Up-to-date: /home/za1van/ros2_ws/install/my_service_interfaces/include/my_service_interfaces/my_service_interfaces/srv/detail/set_velocity__functions.h
[10.158s] -- Up-to-date: /home/za1van/ros2_ws/install/my_service_interfaces/include/my_service_interfaces/my_service_interfaces/srv/detail/set_velocity__type_support.h
[10.158s] -- Up-to-date: /home/za1van/ros2_ws/install/my_service_interfaces/include/my_service_interfaces/my_service_interfaces/srv/detail/set_velocity__functions.c
[10.158s] -- Up-to-date: /home/za1van/ros2_ws/install/my_service_interfaces/include/my_service_interfaces/my_service_interfaces/srv/detail/set_velocity__description.c
[10.158s] -- Up-to-date: /home/za1van/ros2_ws/install/my_service_interfaces/include/my_service_interfaces/my_service_interfaces/srv/set_velocity.h
[10.159s] -- Up-to-date: /home/za1van/ros2_ws/install/my_service_interfaces/include/my_service_interfaces/my_service_interfaces/msg
[10.159s] -- Up-to-date: /home/za1van/ros2_ws/install/my_service_interfaces/include/my_service_interfaces/my_service_interfaces/msg/rosidl_generator_c__visibility_control.h
[10.159s] -- Up-to-date: /home/za1van/ros2_ws/install/my_service_interfaces/share/my_service_interfaces/environment/library_path.sh
[10.159s] -- Up-to-date: /home/za1van/ros2_ws/install/my_service_interfaces/share/my_service_interfaces/environment/library_path.dsv
[10.160s] -- Installing: /home/za1van/ros2_ws/install/my_service_interfaces/lib/libmy_service_interfaces__rosidl_generator_c.so
[10.160s] -- Set non-toolchain portion of runtime path of "/home/za1van/ros2_ws/install/my_service_interfaces/lib/libmy_service_interfaces__rosidl_generator_c.so" to ""
[10.160s] -- Up-to-date: /home/za1van/ros2_ws/install/my_service_interfaces/include/my_service_interfaces/my_service_interfaces
[10.160s] -- Up-to-date: /home/za1van/ros2_ws/install/my_service_interfaces/include/my_service_interfaces/my_service_interfaces/srv
[10.160s] -- Up-to-date: /home/za1van/ros2_ws/install/my_service_interfaces/include/my_service_interfaces/my_service_interfaces/srv/detail
[10.160s] -- Up-to-date: /home/za1van/ros2_ws/install/my_service_interfaces/include/my_service_interfaces/my_service_interfaces/srv/detail/set_velocity__rosidl_typesupport_fastrtps_c.h
[10.160s] -- Up-to-date: /home/za1van/ros2_ws/install/my_service_interfaces/include/my_service_interfaces/my_service_interfaces/msg
[10.161s] -- Up-to-date: /home/za1van/ros2_ws/install/my_service_interfaces/include/my_service_interfaces/my_service_interfaces/msg/rosidl_typesupport_fastrtps_c__visibility_control.h
[10.161s] -- Installing: /home/za1van/ros2_ws/install/my_service_interfaces/lib/libmy_service_interfaces__rosidl_typesupport_fastrtps_c.so
[10.162s] -- Set non-toolchain portion of runtime path of "/home/za1van/ros2_ws/install/my_service_interfaces/lib/libmy_service_interfaces__rosidl_typesupport_fastrtps_c.so" to ""
[10.162s] -- Up-to-date: /home/za1van/ros2_ws/install/my_service_interfaces/include/my_service_interfaces/my_service_interfaces
[10.162s] -- Up-to-date: /home/za1van/ros2_ws/install/my_service_interfaces/include/my_service_interfaces/my_service_interfaces/srv
[10.162s] -- Up-to-date: /home/za1van/ros2_ws/install/my_service_interfaces/include/my_service_interfaces/my_service_interfaces/srv/detail
[10.163s] -- Up-to-date: /home/za1van/ros2_ws/install/my_service_interfaces/include/my_service_interfaces/my_service_interfaces/srv/detail/set_velocity__type_support.c
[10.163s] -- Up-to-date: /home/za1van/ros2_ws/install/my_service_interfaces/include/my_service_interfaces/my_service_interfaces/srv/detail/set_velocity__rosidl_typesupport_introspection_c.h
[10.163s] -- Up-to-date: /home/za1van/ros2_ws/install/my_service_interfaces/include/my_service_interfaces/my_service_interfaces/msg
[10.163s] -- Up-to-date: /home/za1van/ros2_ws/install/my_service_interfaces/include/my_service_interfaces/my_service_interfaces/msg/rosidl_typesupport_introspection_c__visibility_control.h
[10.163s] -- Installing: /home/za1van/ros2_ws/install/my_service_interfaces/lib/libmy_service_interfaces__rosidl_typesupport_introspection_c.so
[10.163s] -- Set non-toolchain portion of runtime path of "/home/za1van/ros2_ws/install/my_service_interfaces/lib/libmy_service_interfaces__rosidl_typesupport_introspection_c.so" to ""
[10.163s] -- Installing: /home/za1van/ros2_ws/install/my_service_interfaces/lib/libmy_service_interfaces__rosidl_typesupport_c.so
[10.164s] -- Set non-toolchain portion of runtime path of "/home/za1van/ros2_ws/install/my_service_interfaces/lib/libmy_service_interfaces__rosidl_typesupport_c.so" to ""
[10.164s] -- Up-to-date: /home/za1van/ros2_ws/install/my_service_interfaces/include/my_service_interfaces/my_service_interfaces
[10.164s] -- Up-to-date: /home/za1van/ros2_ws/install/my_service_interfaces/include/my_service_interfaces/my_service_interfaces/srv
[10.165s] -- Up-to-date: /home/za1van/ros2_ws/install/my_service_interfaces/include/my_service_interfaces/my_service_interfaces/srv/set_velocity.hpp
[10.166s] -- Up-to-date: /home/za1van/ros2_ws/install/my_service_interfaces/include/my_service_interfaces/my_service_interfaces/srv/detail
[10.166s] -- Up-to-date: /home/za1van/ros2_ws/install/my_service_interfaces/include/my_service_interfaces/my_service_interfaces/srv/detail/set_velocity__traits.hpp
[10.166s] -- Up-to-date: /home/za1van/ros2_ws/install/my_service_interfaces/include/my_service_interfaces/my_service_interfaces/srv/detail/set_velocity__builder.hpp
[10.167s] -- Up-to-date: /home/za1van/ros2_ws/install/my_service_interfaces/include/my_service_interfaces/my_service_interfaces/srv/detail/set_velocity__type_support.hpp
[10.167s] -- Up-to-date: /home/za1van/ros2_ws/install/my_service_interfaces/include/my_service_interfaces/my_service_interfaces/srv/detail/set_velocity__struct.hpp
[10.167s] -- Up-to-date: /home/za1van/ros2_ws/install/my_service_interfaces/include/my_service_interfaces/my_service_interfaces/msg
[10.168s] -- Up-to-date: /home/za1van/ros2_ws/install/my_service_interfaces/include/my_service_interfaces/my_service_interfaces/msg/rosidl_generator_cpp__visibility_control.hpp
[10.168s] -- Up-to-date: /home/za1van/ros2_ws/install/my_service_interfaces/include/my_service_interfaces/my_service_interfaces
[10.168s] -- Up-to-date: /home/za1van/ros2_ws/install/my_service_interfaces/include/my_service_interfaces/my_service_interfaces/srv
[10.168s] -- Up-to-date: /home/za1van/ros2_ws/install/my_service_interfaces/include/my_service_interfaces/my_service_interfaces/srv/detail
[10.168s] -- Up-to-date: /home/za1van/ros2_ws/install/my_service_interfaces/include/my_service_interfaces/my_service_interfaces/srv/detail/dds_fastrtps
[10.169s] -- Up-to-date: /home/za1van/ros2_ws/install/my_service_interfaces/include/my_service_interfaces/my_service_interfaces/srv/detail/set_velocity__rosidl_typesupport_fastrtps_cpp.hpp
[10.169s] -- Up-to-date: /home/za1van/ros2_ws/install/my_service_interfaces/include/my_service_interfaces/my_service_interfaces/msg
[10.169s] -- Up-to-date: /home/za1van/ros2_ws/install/my_service_interfaces/include/my_service_interfaces/my_service_interfaces/msg/rosidl_typesupport_fastrtps_cpp__visibility_control.h
[10.169s] -- Installing: /home/za1van/ros2_ws/install/my_service_interfaces/lib/libmy_service_interfaces__rosidl_typesupport_fastrtps_cpp.so
[10.170s] -- Set non-toolchain portion of runtime path of "/home/za1van/ros2_ws/install/my_service_interfaces/lib/libmy_service_interfaces__rosidl_typesupport_fastrtps_cpp.so" to ""
[10.170s] -- Up-to-date: /home/za1van/ros2_ws/install/my_service_interfaces/include/my_service_interfaces/my_service_interfaces
[10.170s] -- Up-to-date: /home/za1van/ros2_ws/install/my_service_interfaces/include/my_service_interfaces/my_service_interfaces/srv
[10.170s] -- Up-to-date: /home/za1van/ros2_ws/install/my_service_interfaces/include/my_service_interfaces/my_service_interfaces/srv/detail
[10.170s] -- Up-to-date: /home/za1van/ros2_ws/install/my_service_interfaces/include/my_service_interfaces/my_service_interfaces/srv/detail/set_velocity__type_support.cpp
[10.171s] -- Up-to-date: /home/za1van/ros2_ws/install/my_service_interfaces/include/my_service_interfaces/my_service_interfaces/srv/detail/set_velocity__rosidl_typesupport_introspection_cpp.hpp
[10.171s] -- Installing: /home/za1van/ros2_ws/install/my_service_interfaces/lib/libmy_service_interfaces__rosidl_typesupport_introspection_cpp.so
[10.172s] -- Set non-toolchain portion of runtime path of "/home/za1van/ros2_ws/install/my_service_interfaces/lib/libmy_service_interfaces__rosidl_typesupport_introspection_cpp.so" to ""
[10.172s] -- Installing: /home/za1van/ros2_ws/install/my_service_interfaces/lib/libmy_service_interfaces__rosidl_typesupport_cpp.so
[10.172s] -- Set non-toolchain portion of runtime path of "/home/za1van/ros2_ws/install/my_service_interfaces/lib/libmy_service_interfaces__rosidl_typesupport_cpp.so" to ""
[10.173s] -- Up-to-date: /home/za1van/ros2_ws/install/my_service_interfaces/share/my_service_interfaces/environment/pythonpath.sh
[10.173s] -- Up-to-date: /home/za1van/ros2_ws/install/my_service_interfaces/share/my_service_interfaces/environment/pythonpath.dsv
[10.173s] -- Up-to-date: /home/za1van/ros2_ws/install/my_service_interfaces/lib/python3.12/site-packages/my_service_interfaces-0.0.0-py3.12.egg-info
[10.173s] -- Installing: /home/za1van/ros2_ws/install/my_service_interfaces/lib/python3.12/site-packages/my_service_interfaces-0.0.0-py3.12.egg-info/dependency_links.txt
[10.173s] -- Installing: /home/za1van/ros2_ws/install/my_service_interfaces/lib/python3.12/site-packages/my_service_interfaces-0.0.0-py3.12.egg-info/PKG-INFO
[10.173s] -- Installing: /home/za1van/ros2_ws/install/my_service_interfaces/lib/python3.12/site-packages/my_service_interfaces-0.0.0-py3.12.egg-info/top_level.txt
[10.173s] -- Installing: /home/za1van/ros2_ws/install/my_service_interfaces/lib/python3.12/site-packages/my_service_interfaces-0.0.0-py3.12.egg-info/SOURCES.txt
[10.174s] -- Up-to-date: /home/za1van/ros2_ws/install/my_service_interfaces/lib/python3.12/site-packages/my_service_interfaces
[10.174s] -- Installing: /home/za1van/ros2_ws/install/my_service_interfaces/lib/python3.12/site-packages/my_service_interfaces/my_service_interfaces_s__rosidl_typesupport_c.so
[10.174s] -- Up-to-date: /home/za1van/ros2_ws/install/my_service_interfaces/lib/python3.12/site-packages/my_service_interfaces/srv
[10.174s] -- Up-to-date: /home/za1van/ros2_ws/install/my_service_interfaces/lib/python3.12/site-packages/my_service_interfaces/srv/_set_velocity_s.c
[10.174s] -- Up-to-date: /home/za1van/ros2_ws/install/my_service_interfaces/lib/python3.12/site-packages/my_service_interfaces/srv/_set_velocity.py
[10.174s] -- Up-to-date: /home/za1van/ros2_ws/install/my_service_interfaces/lib/python3.12/site-packages/my_service_interfaces/srv/__init__.py
[10.175s] -- Installing: /home/za1van/ros2_ws/install/my_service_interfaces/lib/python3.12/site-packages/my_service_interfaces/my_service_interfaces_s__rosidl_typesupport_fastrtps_c.so
[10.175s] -- Up-to-date: /home/za1van/ros2_ws/install/my_service_interfaces/lib/python3.12/site-packages/my_service_interfaces/_my_service_interfaces_s.ep.rosidl_typesupport_introspection_c.c
[10.175s] -- Installing: /home/za1van/ros2_ws/install/my_service_interfaces/lib/python3.12/site-packages/my_service_interfaces/__init__.py
[10.175s] -- Installing: /home/za1van/ros2_ws/install/my_service_interfaces/lib/python3.12/site-packages/my_service_interfaces/my_service_interfaces_s__rosidl_typesupport_introspection_c.so
[10.175s] -- Up-to-date: /home/za1van/ros2_ws/install/my_service_interfaces/lib/python3.12/site-packages/my_service_interfaces/_my_service_interfaces_s.ep.rosidl_typesupport_c.c
[10.175s] -- Up-to-date: /home/za1van/ros2_ws/install/my_service_interfaces/lib/python3.12/site-packages/my_service_interfaces/_my_service_interfaces_s.ep.rosidl_typesupport_fastrtps_c.c
[10.231s] Listing '/home/za1van/ros2_ws/install/my_service_interfaces/lib/python3.12/site-packages/my_service_interfaces'...
[10.232s] Compiling '/home/za1van/ros2_ws/install/my_service_interfaces/lib/python3.12/site-packages/my_service_interfaces/__init__.py'...
[10.232s] Listing '/home/za1van/ros2_ws/install/my_service_interfaces/lib/python3.12/site-packages/my_service_interfaces/srv'...
[10.243s] -- Installing: /home/za1van/ros2_ws/install/my_service_interfaces/lib/python3.12/site-packages/my_service_interfaces/my_service_interfaces_s__rosidl_typesupport_fastrtps_c.so
[10.244s] -- Set non-toolchain portion of runtime path of "/home/za1van/ros2_ws/install/my_service_interfaces/lib/python3.12/site-packages/my_service_interfaces/my_service_interfaces_s__rosidl_typesupport_fastrtps_c.so" to ""
[10.244s] -- Installing: /home/za1van/ros2_ws/install/my_service_interfaces/lib/python3.12/site-packages/my_service_interfaces/my_service_interfaces_s__rosidl_typesupport_introspection_c.so
[10.245s] -- Set non-toolchain portion of runtime path of "/home/za1van/ros2_ws/install/my_service_interfaces/lib/python3.12/site-packages/my_service_interfaces/my_service_interfaces_s__rosidl_typesupport_introspection_c.so" to ""
[10.245s] -- Installing: /home/za1van/ros2_ws/install/my_service_interfaces/lib/python3.12/site-packages/my_service_interfaces/my_service_interfaces_s__rosidl_typesupport_c.so
[10.245s] -- Set non-toolchain portion of runtime path of "/home/za1van/ros2_ws/install/my_service_interfaces/lib/python3.12/site-packages/my_service_interfaces/my_service_interfaces_s__rosidl_typesupport_c.so" to ""
[10.246s] -- Installing: /home/za1van/ros2_ws/install/my_service_interfaces/lib/libmy_service_interfaces__rosidl_generator_py.so
[10.246s] -- Set non-toolchain portion of runtime path of "/home/za1van/ros2_ws/install/my_service_interfaces/lib/libmy_service_interfaces__rosidl_generator_py.so" to ""
[10.247s] -- Up-to-date: /home/za1van/ros2_ws/install/my_service_interfaces/share/my_service_interfaces/srv/SetVelocity.idl
[10.247s] -- Up-to-date: /home/za1van/ros2_ws/install/my_service_interfaces/share/my_service_interfaces/srv/SetVelocity.srv
[10.247s] -- Installing: /home/za1van/ros2_ws/install/my_service_interfaces/share/ament_index/resource_index/package_run_dependencies/my_service_interfaces
[10.247s] -- Up-to-date: /home/za1van/ros2_ws/install/my_service_interfaces/share/ament_index/resource_index/parent_prefix_path/my_service_interfaces
[10.247s] -- Up-to-date: /home/za1van/ros2_ws/install/my_service_interfaces/share/my_service_interfaces/environment/ament_prefix_path.sh
[10.248s] -- Up-to-date: /home/za1van/ros2_ws/install/my_service_interfaces/share/my_service_interfaces/environment/ament_prefix_path.dsv
[10.248s] -- Up-to-date: /home/za1van/ros2_ws/install/my_service_interfaces/share/my_service_interfaces/environment/path.sh
[10.248s] -- Up-to-date: /home/za1van/ros2_ws/install/my_service_interfaces/share/my_service_interfaces/environment/path.dsv
[10.249s] -- Up-to-date: /home/za1van/ros2_ws/install/my_service_interfaces/share/my_service_interfaces/local_setup.bash
[10.249s] -- Up-to-date: /home/za1van/ros2_ws/install/my_service_interfaces/share/my_service_interfaces/local_setup.sh
[10.250s] -- Up-to-date: /home/za1van/ros2_ws/install/my_service_interfaces/share/my_service_interfaces/local_setup.zsh
[10.250s] -- Up-to-date: /home/za1van/ros2_ws/install/my_service_interfaces/share/my_service_interfaces/local_setup.dsv
[10.250s] -- Installing: /home/za1van/ros2_ws/install/my_service_interfaces/share/my_service_interfaces/package.dsv
[10.250s] -- Up-to-date: /home/za1van/ros2_ws/install/my_service_interfaces/share/ament_index/resource_index/packages/my_service_interfaces
[10.250s] -- Up-to-date: /home/za1van/ros2_ws/install/my_service_interfaces/share/my_service_interfaces/cmake/export_my_service_interfaces__rosidl_generator_cExport.cmake
[10.251s] -- Installing: /home/za1van/ros2_ws/install/my_service_interfaces/share/my_service_interfaces/cmake/export_my_service_interfaces__rosidl_generator_cExport-release.cmake
[10.251s] -- Up-to-date: /home/za1van/ros2_ws/install/my_service_interfaces/share/my_service_interfaces/cmake/export_my_service_interfaces__rosidl_typesupport_fastrtps_cExport.cmake
[10.251s] -- Installing: /home/za1van/ros2_ws/install/my_service_interfaces/share/my_service_interfaces/cmake/export_my_service_interfaces__rosidl_typesupport_fastrtps_cExport-release.cmake
[10.252s] -- Up-to-date: /home/za1van/ros2_ws/install/my_service_interfaces/share/my_service_interfaces/cmake/my_service_interfaces__rosidl_typesupport_introspection_cExport.cmake
[10.252s] -- Installing: /home/za1van/ros2_ws/install/my_service_interfaces/share/my_service_interfaces/cmake/my_service_interfaces__rosidl_typesupport_introspection_cExport-release.cmake
[10.253s] -- Up-to-date: /home/za1van/ros2_ws/install/my_service_interfaces/share/my_service_interfaces/cmake/my_service_interfaces__rosidl_typesupport_cExport.cmake
[10.253s] -- Installing: /home/za1van/ros2_ws/install/my_service_interfaces/share/my_service_interfaces/cmake/my_service_interfaces__rosidl_typesupport_cExport-release.cmake
[10.253s] -- Up-to-date: /home/za1van/ros2_ws/install/my_service_interfaces/share/my_service_interfaces/cmake/export_my_service_interfaces__rosidl_generator_cppExport.cmake
[10.253s] -- Up-to-date: /home/za1van/ros2_ws/install/my_service_interfaces/share/my_service_interfaces/cmake/export_my_service_interfaces__rosidl_typesupport_fastrtps_cppExport.cmake
[10.254s] -- Installing: /home/za1van/ros2_ws/install/my_service_interfaces/share/my_service_interfaces/cmake/export_my_service_interfaces__rosidl_typesupport_fastrtps_cppExport-release.cmake
[10.254s] -- Up-to-date: /home/za1van/ros2_ws/install/my_service_interfaces/share/my_service_interfaces/cmake/my_service_interfaces__rosidl_typesupport_introspection_cppExport.cmake
[10.254s] -- Installing: /home/za1van/ros2_ws/install/my_service_interfaces/share/my_service_interfaces/cmake/my_service_interfaces__rosidl_typesupport_introspection_cppExport-release.cmake
[10.254s] -- Up-to-date: /home/za1van/ros2_ws/install/my_service_interfaces/share/my_service_interfaces/cmake/my_service_interfaces__rosidl_typesupport_cppExport.cmake
[10.255s] -- Installing: /home/za1van/ros2_ws/install/my_service_interfaces/share/my_service_interfaces/cmake/my_service_interfaces__rosidl_typesupport_cppExport-release.cmake
[10.255s] -- Up-to-date: /home/za1van/ros2_ws/install/my_service_interfaces/share/my_service_interfaces/cmake/export_my_service_interfaces__rosidl_generator_pyExport.cmake
[10.255s] -- Installing: /home/za1van/ros2_ws/install/my_service_interfaces/share/my_service_interfaces/cmake/export_my_service_interfaces__rosidl_generator_pyExport-release.cmake
[10.255s] -- Up-to-date: /home/za1van/ros2_ws/install/my_service_interfaces/share/my_service_interfaces/cmake/rosidl_cmake-extras.cmake
[10.255s] -- Up-to-date: /home/za1van/ros2_ws/install/my_service_interfaces/share/my_service_interfaces/cmake/ament_cmake_export_dependencies-extras.cmake
[10.256s] -- Up-to-date: /home/za1van/ros2_ws/install/my_service_interfaces/share/my_service_interfaces/cmake/ament_cmake_export_include_directories-extras.cmake
[10.256s] -- Up-to-date: /home/za1van/ros2_ws/install/my_service_interfaces/share/my_service_interfaces/cmake/ament_cmake_export_libraries-extras.cmake
[10.256s] -- Up-to-date: /home/za1van/ros2_ws/install/my_service_interfaces/share/my_service_interfaces/cmake/ament_cmake_export_targets-extras.cmake
[10.256s] -- Up-to-date: /home/za1van/ros2_ws/install/my_service_interfaces/share/my_service_interfaces/cmake/rosidl_cmake_export_typesupport_targets-extras.cmake
[10.256s] -- Up-to-date: /home/za1van/ros2_ws/install/my_service_interfaces/share/my_service_interfaces/cmake/rosidl_cmake_export_typesupport_libraries-extras.cmake
[10.257s] -- Up-to-date: /home/za1van/ros2_ws/install/my_service_interfaces/share/my_service_interfaces/cmake/my_service_interfacesConfig.cmake
[10.257s] -- Up-to-date: /home/za1van/ros2_ws/install/my_service_interfaces/share/my_service_interfaces/cmake/my_service_interfacesConfig-version.cmake
[10.257s] -- Installing: /home/za1van/ros2_ws/install/my_service_interfaces/share/my_service_interfaces/package.xml
[10.258s] Invoked command in '/home/za1van/ros2_ws/build/my_service_interfaces' returned '0': CMAKE_PREFIX_PATH=${CMAKE_PREFIX_PATH}:/opt/ros/jazzy DEBUGINFOD_URLS=https://debuginfod.ubuntu.com /usr/bin/cmake --install /home/za1van/ros2_ws/build/my_service_interfaces
