[0.160s] DEBUG:colcon:Command line arguments: ['/usr/bin/colcon', 'build']
[0.160s] DEBUG:colcon:Parsed command line arguments: Namespace(log_base=None, log_level=None, verb_name='build', build_base='build', install_base='install', merge_install=False, symlink_install=False, test_result_base=None, continue_on_error=False, executor='parallel', parallel_workers=4, event_handlers=None, ignore_user_meta=False, metas=['./colcon.meta'], base_paths=['.'], packages_ignore=None, packages_ignore_regex=None, paths=None, packages_up_to=None, packages_up_to_regex=None, packages_above=None, packages_above_and_dependencies=None, packages_above_depth=None, packages_select_by_dep=None, packages_skip_by_dep=None, packages_skip_up_to=None, packages_select_build_failed=False, packages_skip_build_finished=False, packages_select_test_failures=False, packages_skip_test_passed=False, packages_select=None, packages_skip=None, packages_select_regex=None, packages_skip_regex=None, packages_start=None, packages_end=None, allow_overriding=[], cmake_args=None, cmake_target=None, cmake_target_skip_unavailable=False, cmake_clean_cache=False, cmake_clean_first=False, cmake_force_configure=False, ament_cmake_args=None, catkin_cmake_args=None, catkin_skip_building_tests=False, verb_parser=<colcon_defaults.argument_parser.defaults.DefaultArgumentsDecorator object at 0x758f59f8b710>, verb_extension=<colcon_core.verb.build.BuildVerb object at 0x758f59f26b10>, main=<bound method BuildVerb.main of <colcon_core.verb.build.BuildVerb object at 0x758f59f26b10>>)
[0.215s] Level 1:colcon.colcon_core.package_discovery:discover_packages(colcon_meta) check parameters
[0.215s] Level 1:colcon.colcon_core.package_discovery:discover_packages(recursive) check parameters
[0.215s] Level 1:colcon.colcon_core.package_discovery:discover_packages(ignore) check parameters
[0.215s] Level 1:colcon.colcon_core.package_discovery:discover_packages(path) check parameters
[0.215s] Level 1:colcon.colcon_core.package_discovery:discover_packages(colcon_meta) discover
[0.215s] Level 1:colcon.colcon_core.package_discovery:discover_packages(recursive) discover
[0.215s] INFO:colcon.colcon_core.package_discovery:Crawling recursively for packages in '/home/za1van/ros2_ws/src'
[0.215s] Level 1:colcon.colcon_core.package_identification:_identify(.) by extensions ['ignore', 'ignore_ament_install']
[0.216s] Level 1:colcon.colcon_core.package_identification:_identify(.) by extension 'ignore'
[0.216s] Level 1:colcon.colcon_core.package_identification:_identify(.) by extension 'ignore_ament_install'
[0.216s] Level 1:colcon.colcon_core.package_identification:_identify(.) by extensions ['colcon_pkg']
[0.216s] Level 1:colcon.colcon_core.package_identification:_identify(.) by extension 'colcon_pkg'
[0.216s] Level 1:colcon.colcon_core.package_identification:_identify(.) by extensions ['colcon_meta']
[0.216s] Level 1:colcon.colcon_core.package_identification:_identify(.) by extension 'colcon_meta'
[0.216s] Level 1:colcon.colcon_core.package_identification:_identify(.) by extensions ['ros']
[0.216s] Level 1:colcon.colcon_core.package_identification:_identify(.) by extension 'ros'
[0.252s] Level 1:colcon.colcon_core.package_identification:_identify(.) by extensions ['cmake', 'python']
[0.252s] Level 1:colcon.colcon_core.package_identification:_identify(.) by extension 'cmake'
[0.252s] Level 1:colcon.colcon_core.package_identification:_identify(.) by extension 'python'
[0.252s] Level 1:colcon.colcon_core.package_identification:_identify(.) by extensions ['python_setup_py']
[0.252s] Level 1:colcon.colcon_core.package_identification:_identify(.) by extension 'python_setup_py'
[0.252s] Level 1:colcon.colcon_core.package_identification:_identify(3t) by extensions ['ignore', 'ignore_ament_install']
[0.252s] Level 1:colcon.colcon_core.package_identification:_identify(3t) by extension 'ignore'
[0.252s] Level 1:colcon.colcon_core.package_identification:_identify(3t) by extension 'ignore_ament_install'
[0.253s] Level 1:colcon.colcon_core.package_identification:_identify(3t) by extensions ['colcon_pkg']
[0.253s] Level 1:colcon.colcon_core.package_identification:_identify(3t) by extension 'colcon_pkg'
[0.253s] Level 1:colcon.colcon_core.package_identification:_identify(3t) by extensions ['colcon_meta']
[0.253s] Level 1:colcon.colcon_core.package_identification:_identify(3t) by extension 'colcon_meta'
[0.253s] Level 1:colcon.colcon_core.package_identification:_identify(3t) by extensions ['ros']
[0.253s] Level 1:colcon.colcon_core.package_identification:_identify(3t) by extension 'ros'
[0.257s] DEBUG:colcon.colcon_core.package_identification:Package '3t' with type 'ros.ament_python' and name '3t'
[0.257s] Level 1:colcon.colcon_core.package_identification:_identify(build) by extensions ['ignore', 'ignore_ament_install']
[0.257s] Level 1:colcon.colcon_core.package_identification:_identify(build) by extension 'ignore'
[0.257s] Level 1:colcon.colcon_core.package_identification:_identify(build) ignored
[0.257s] Level 1:colcon.colcon_core.package_identification:_identify(install) by extensions ['ignore', 'ignore_ament_install']
[0.257s] Level 1:colcon.colcon_core.package_identification:_identify(install) by extension 'ignore'
[0.257s] Level 1:colcon.colcon_core.package_identification:_identify(install) ignored
[0.257s] Level 1:colcon.colcon_core.package_identification:_identify(log) by extensions ['ignore', 'ignore_ament_install']
[0.258s] Level 1:colcon.colcon_core.package_identification:_identify(log) by extension 'ignore'
[0.258s] Level 1:colcon.colcon_core.package_identification:_identify(log) ignored
[0.258s] Level 1:colcon.colcon_core.package_identification:_identify(my_service_client) by extensions ['ignore', 'ignore_ament_install']
[0.258s] Level 1:colcon.colcon_core.package_identification:_identify(my_service_client) by extension 'ignore'
[0.258s] Level 1:colcon.colcon_core.package_identification:_identify(my_service_client) by extension 'ignore_ament_install'
[0.258s] Level 1:colcon.colcon_core.package_identification:_identify(my_service_client) by extensions ['colcon_pkg']
[0.258s] Level 1:colcon.colcon_core.package_identification:_identify(my_service_client) by extension 'colcon_pkg'
[0.258s] Level 1:colcon.colcon_core.package_identification:_identify(my_service_client) by extensions ['colcon_meta']
[0.258s] Level 1:colcon.colcon_core.package_identification:_identify(my_service_client) by extension 'colcon_meta'
[0.258s] Level 1:colcon.colcon_core.package_identification:_identify(my_service_client) by extensions ['ros']
[0.258s] Level 1:colcon.colcon_core.package_identification:_identify(my_service_client) by extension 'ros'
[0.259s] DEBUG:colcon.colcon_core.package_identification:Package 'my_service_client' with type 'ros.ament_python' and name 'my_service_client'
[0.259s] Level 1:colcon.colcon_core.package_identification:_identify(my_service_interfaces) by extensions ['ignore', 'ignore_ament_install']
[0.259s] Level 1:colcon.colcon_core.package_identification:_identify(my_service_interfaces) by extension 'ignore'
[0.259s] Level 1:colcon.colcon_core.package_identification:_identify(my_service_interfaces) by extension 'ignore_ament_install'
[0.259s] Level 1:colcon.colcon_core.package_identification:_identify(my_service_interfaces) by extensions ['colcon_pkg']
[0.259s] Level 1:colcon.colcon_core.package_identification:_identify(my_service_interfaces) by extension 'colcon_pkg'
[0.259s] Level 1:colcon.colcon_core.package_identification:_identify(my_service_interfaces) by extensions ['colcon_meta']
[0.259s] Level 1:colcon.colcon_core.package_identification:_identify(my_service_interfaces) by extension 'colcon_meta'
[0.259s] Level 1:colcon.colcon_core.package_identification:_identify(my_service_interfaces) by extensions ['ros']
[0.259s] Level 1:colcon.colcon_core.package_identification:_identify(my_service_interfaces) by extension 'ros'
[0.260s] DEBUG:colcon.colcon_core.package_identification:Package 'my_service_interfaces' with type 'ros.ament_cmake' and name 'my_service_interfaces'
[0.260s] Level 1:colcon.colcon_core.package_identification:_identify(my_service_server) by extensions ['ignore', 'ignore_ament_install']
[0.260s] Level 1:colcon.colcon_core.package_identification:_identify(my_service_server) by extension 'ignore'
[0.261s] Level 1:colcon.colcon_core.package_identification:_identify(my_service_server) by extension 'ignore_ament_install'
[0.261s] Level 1:colcon.colcon_core.package_identification:_identify(my_service_server) by extensions ['colcon_pkg']
[0.261s] Level 1:colcon.colcon_core.package_identification:_identify(my_service_server) by extension 'colcon_pkg'
[0.261s] Level 1:colcon.colcon_core.package_identification:_identify(my_service_server) by extensions ['colcon_meta']
[0.261s] Level 1:colcon.colcon_core.package_identification:_identify(my_service_server) by extension 'colcon_meta'
[0.261s] Level 1:colcon.colcon_core.package_identification:_identify(my_service_server) by extensions ['ros']
[0.261s] Level 1:colcon.colcon_core.package_identification:_identify(my_service_server) by extension 'ros'
[0.262s] DEBUG:colcon.colcon_core.package_identification:Package 'my_service_server' with type 'ros.ament_python' and name 'my_service_server'
[0.262s] Level 1:colcon.colcon_core.package_identification:_identify(my_turtle_controller) by extensions ['ignore', 'ignore_ament_install']
[0.262s] Level 1:colcon.colcon_core.package_identification:_identify(my_turtle_controller) by extension 'ignore'
[0.262s] Level 1:colcon.colcon_core.package_identification:_identify(my_turtle_controller) by extension 'ignore_ament_install'
[0.263s] Level 1:colcon.colcon_core.package_identification:_identify(my_turtle_controller) by extensions ['colcon_pkg']
[0.263s] Level 1:colcon.colcon_core.package_identification:_identify(my_turtle_controller) by extension 'colcon_pkg'
[0.263s] Level 1:colcon.colcon_core.package_identification:_identify(my_turtle_controller) by extensions ['colcon_meta']
[0.263s] Level 1:colcon.colcon_core.package_identification:_identify(my_turtle_controller) by extension 'colcon_meta'
[0.263s] Level 1:colcon.colcon_core.package_identification:_identify(my_turtle_controller) by extensions ['ros']
[0.263s] Level 1:colcon.colcon_core.package_identification:_identify(my_turtle_controller) by extension 'ros'
[0.264s] DEBUG:colcon.colcon_core.package_identification:Package 'my_turtle_controller' with type 'ros.ament_python' and name 'my_turtle_controller'
[0.264s] Level 1:colcon.colcon_core.package_discovery:discover_packages(recursive) using defaults
[0.264s] Level 1:colcon.colcon_core.package_discovery:discover_packages(ignore) discover
[0.264s] Level 1:colcon.colcon_core.package_discovery:discover_packages(ignore) using defaults
[0.264s] Level 1:colcon.colcon_core.package_discovery:discover_packages(path) discover
[0.264s] Level 1:colcon.colcon_core.package_discovery:discover_packages(path) using defaults
[0.297s] Level 1:colcon.colcon_core.package_discovery:discover_packages(prefix_path) check parameters
[0.297s] Level 1:colcon.colcon_core.package_discovery:discover_packages(prefix_path) discover
[0.303s] DEBUG:colcon.colcon_installed_package_information.package_discovery:Found 290 installed packages in /opt/ros/jazzy
[0.304s] Level 1:colcon.colcon_core.package_discovery:discover_packages(prefix_path) using defaults
[0.373s] Level 5:colcon.colcon_core.verb:set package '3t' build argument 'cmake_args' from command line to 'None'
[0.373s] Level 5:colcon.colcon_core.verb:set package '3t' build argument 'cmake_target' from command line to 'None'
[0.373s] Level 5:colcon.colcon_core.verb:set package '3t' build argument 'cmake_target_skip_unavailable' from command line to 'False'
[0.373s] Level 5:colcon.colcon_core.verb:set package '3t' build argument 'cmake_clean_cache' from command line to 'False'
[0.373s] Level 5:colcon.colcon_core.verb:set package '3t' build argument 'cmake_clean_first' from command line to 'False'
[0.373s] Level 5:colcon.colcon_core.verb:set package '3t' build argument 'cmake_force_configure' from command line to 'False'
[0.373s] Level 5:colcon.colcon_core.verb:set package '3t' build argument 'ament_cmake_args' from command line to 'None'
[0.373s] Level 5:colcon.colcon_core.verb:set package '3t' build argument 'catkin_cmake_args' from command line to 'None'
[0.373s] Level 5:colcon.colcon_core.verb:set package '3t' build argument 'catkin_skip_building_tests' from command line to 'False'
[0.373s] DEBUG:colcon.colcon_core.verb:Building package '3t' with the following arguments: {'ament_cmake_args': None, 'build_base': '/home/za1van/ros2_ws/src/build/3t', 'catkin_cmake_args': None, 'catkin_skip_building_tests': False, 'cmake_args': None, 'cmake_clean_cache': False, 'cmake_clean_first': False, 'cmake_force_configure': False, 'cmake_target': None, 'cmake_target_skip_unavailable': False, 'install_base': '/home/za1van/ros2_ws/src/install/3t', 'merge_install': False, 'path': '/home/za1van/ros2_ws/src/3t', 'symlink_install': False, 'test_result_base': None}
[0.374s] Level 5:colcon.colcon_core.verb:set package 'my_service_interfaces' build argument 'cmake_args' from command line to 'None'
[0.374s] Level 5:colcon.colcon_core.verb:set package 'my_service_interfaces' build argument 'cmake_target' from command line to 'None'
[0.374s] Level 5:colcon.colcon_core.verb:set package 'my_service_interfaces' build argument 'cmake_target_skip_unavailable' from command line to 'False'
[0.374s] Level 5:colcon.colcon_core.verb:set package 'my_service_interfaces' build argument 'cmake_clean_cache' from command line to 'False'
[0.374s] Level 5:colcon.colcon_core.verb:set package 'my_service_interfaces' build argument 'cmake_clean_first' from command line to 'False'
[0.374s] Level 5:colcon.colcon_core.verb:set package 'my_service_interfaces' build argument 'cmake_force_configure' from command line to 'False'
[0.374s] Level 5:colcon.colcon_core.verb:set package 'my_service_interfaces' build argument 'ament_cmake_args' from command line to 'None'
[0.374s] Level 5:colcon.colcon_core.verb:set package 'my_service_interfaces' build argument 'catkin_cmake_args' from command line to 'None'
[0.374s] Level 5:colcon.colcon_core.verb:set package 'my_service_interfaces' build argument 'catkin_skip_building_tests' from command line to 'False'
[0.374s] DEBUG:colcon.colcon_core.verb:Building package 'my_service_interfaces' with the following arguments: {'ament_cmake_args': None, 'build_base': '/home/za1van/ros2_ws/src/build/my_service_interfaces', 'catkin_cmake_args': None, 'catkin_skip_building_tests': False, 'cmake_args': None, 'cmake_clean_cache': False, 'cmake_clean_first': False, 'cmake_force_configure': False, 'cmake_target': None, 'cmake_target_skip_unavailable': False, 'install_base': '/home/za1van/ros2_ws/src/install/my_service_interfaces', 'merge_install': False, 'path': '/home/za1van/ros2_ws/src/my_service_interfaces', 'symlink_install': False, 'test_result_base': None}
[0.375s] Level 5:colcon.colcon_core.verb:set package 'my_service_server' build argument 'cmake_args' from command line to 'None'
[0.375s] Level 5:colcon.colcon_core.verb:set package 'my_service_server' build argument 'cmake_target' from command line to 'None'
[0.375s] Level 5:colcon.colcon_core.verb:set package 'my_service_server' build argument 'cmake_target_skip_unavailable' from command line to 'False'
[0.375s] Level 5:colcon.colcon_core.verb:set package 'my_service_server' build argument 'cmake_clean_cache' from command line to 'False'
[0.375s] Level 5:colcon.colcon_core.verb:set package 'my_service_server' build argument 'cmake_clean_first' from command line to 'False'
[0.375s] Level 5:colcon.colcon_core.verb:set package 'my_service_server' build argument 'cmake_force_configure' from command line to 'False'
[0.375s] Level 5:colcon.colcon_core.verb:set package 'my_service_server' build argument 'ament_cmake_args' from command line to 'None'
[0.375s] Level 5:colcon.colcon_core.verb:set package 'my_service_server' build argument 'catkin_cmake_args' from command line to 'None'
[0.375s] Level 5:colcon.colcon_core.verb:set package 'my_service_server' build argument 'catkin_skip_building_tests' from command line to 'False'
[0.375s] DEBUG:colcon.colcon_core.verb:Building package 'my_service_server' with the following arguments: {'ament_cmake_args': None, 'build_base': '/home/za1van/ros2_ws/src/build/my_service_server', 'catkin_cmake_args': None, 'catkin_skip_building_tests': False, 'cmake_args': None, 'cmake_clean_cache': False, 'cmake_clean_first': False, 'cmake_force_configure': False, 'cmake_target': None, 'cmake_target_skip_unavailable': False, 'install_base': '/home/za1van/ros2_ws/src/install/my_service_server', 'merge_install': False, 'path': '/home/za1van/ros2_ws/src/my_service_server', 'symlink_install': False, 'test_result_base': None}
[0.375s] Level 5:colcon.colcon_core.verb:set package 'my_turtle_controller' build argument 'cmake_args' from command line to 'None'
[0.375s] Level 5:colcon.colcon_core.verb:set package 'my_turtle_controller' build argument 'cmake_target' from command line to 'None'
[0.375s] Level 5:colcon.colcon_core.verb:set package 'my_turtle_controller' build argument 'cmake_target_skip_unavailable' from command line to 'False'
[0.375s] Level 5:colcon.colcon_core.verb:set package 'my_turtle_controller' build argument 'cmake_clean_cache' from command line to 'False'
[0.375s] Level 5:colcon.colcon_core.verb:set package 'my_turtle_controller' build argument 'cmake_clean_first' from command line to 'False'
[0.375s] Level 5:colcon.colcon_core.verb:set package 'my_turtle_controller' build argument 'cmake_force_configure' from command line to 'False'
[0.375s] Level 5:colcon.colcon_core.verb:set package 'my_turtle_controller' build argument 'ament_cmake_args' from command line to 'None'
[0.375s] Level 5:colcon.colcon_core.verb:set package 'my_turtle_controller' build argument 'catkin_cmake_args' from command line to 'None'
[0.375s] Level 5:colcon.colcon_core.verb:set package 'my_turtle_controller' build argument 'catkin_skip_building_tests' from command line to 'False'
[0.375s] DEBUG:colcon.colcon_core.verb:Building package 'my_turtle_controller' with the following arguments: {'ament_cmake_args': None, 'build_base': '/home/za1van/ros2_ws/src/build/my_turtle_controller', 'catkin_cmake_args': None, 'catkin_skip_building_tests': False, 'cmake_args': None, 'cmake_clean_cache': False, 'cmake_clean_first': False, 'cmake_force_configure': False, 'cmake_target': None, 'cmake_target_skip_unavailable': False, 'install_base': '/home/za1van/ros2_ws/src/install/my_turtle_controller', 'merge_install': False, 'path': '/home/za1van/ros2_ws/src/my_turtle_controller', 'symlink_install': False, 'test_result_base': None}
[0.376s] Level 5:colcon.colcon_core.verb:set package 'my_service_client' build argument 'cmake_args' from command line to 'None'
[0.376s] Level 5:colcon.colcon_core.verb:set package 'my_service_client' build argument 'cmake_target' from command line to 'None'
[0.376s] Level 5:colcon.colcon_core.verb:set package 'my_service_client' build argument 'cmake_target_skip_unavailable' from command line to 'False'
[0.376s] Level 5:colcon.colcon_core.verb:set package 'my_service_client' build argument 'cmake_clean_cache' from command line to 'False'
[0.376s] Level 5:colcon.colcon_core.verb:set package 'my_service_client' build argument 'cmake_clean_first' from command line to 'False'
[0.376s] Level 5:colcon.colcon_core.verb:set package 'my_service_client' build argument 'cmake_force_configure' from command line to 'False'
[0.376s] Level 5:colcon.colcon_core.verb:set package 'my_service_client' build argument 'ament_cmake_args' from command line to 'None'
[0.376s] Level 5:colcon.colcon_core.verb:set package 'my_service_client' build argument 'catkin_cmake_args' from command line to 'None'
[0.376s] Level 5:colcon.colcon_core.verb:set package 'my_service_client' build argument 'catkin_skip_building_tests' from command line to 'False'
[0.376s] DEBUG:colcon.colcon_core.verb:Building package 'my_service_client' with the following arguments: {'ament_cmake_args': None, 'build_base': '/home/za1van/ros2_ws/src/build/my_service_client', 'catkin_cmake_args': None, 'catkin_skip_building_tests': False, 'cmake_args': None, 'cmake_clean_cache': False, 'cmake_clean_first': False, 'cmake_force_configure': False, 'cmake_target': None, 'cmake_target_skip_unavailable': False, 'install_base': '/home/za1van/ros2_ws/src/install/my_service_client', 'merge_install': False, 'path': '/home/za1van/ros2_ws/src/my_service_client', 'symlink_install': False, 'test_result_base': None}
[0.377s] INFO:colcon.colcon_core.executor:Executing jobs using 'parallel' executor
[0.378s] DEBUG:colcon.colcon_parallel_executor.executor.parallel:run_until_complete
[0.379s] INFO:colcon.colcon_ros.task.ament_cmake.build:Building ROS package in '/home/za1van/ros2_ws/src/my_service_interfaces' with build type 'ament_cmake'
[0.379s] INFO:colcon.colcon_cmake.task.cmake.build:Building CMake package in '/home/za1van/ros2_ws/src/my_service_interfaces'
[0.381s] INFO:colcon.colcon_core.plugin_system:Skipping extension 'colcon_core.shell.bat': Not used on non-Windows systems
[0.381s] INFO:colcon.colcon_core.shell:Skip shell extension 'powershell' for command environment: Not usable outside of PowerShell
[0.382s] DEBUG:colcon.colcon_core.shell:Skip shell extension 'dsv' for command environment
[0.386s] INFO:colcon.colcon_ros.task.ament_python.build:Building ROS package in '/home/za1van/ros2_ws/src/3t' with build type 'ament_python'
[0.387s] Level 1:colcon.colcon_core.shell:create_environment_hook('3t', 'ament_prefix_path')
[0.387s] INFO:colcon.colcon_core.shell:Creating environment hook '/home/za1van/ros2_ws/src/install/3t/share/3t/hook/ament_prefix_path.ps1'
[0.388s] INFO:colcon.colcon_core.shell:Creating environment descriptor '/home/za1van/ros2_ws/src/install/3t/share/3t/hook/ament_prefix_path.dsv'
[0.389s] INFO:colcon.colcon_core.shell:Creating environment hook '/home/za1van/ros2_ws/src/install/3t/share/3t/hook/ament_prefix_path.sh'
[0.390s] INFO:colcon.colcon_core.shell:Skip shell extension 'powershell' for command environment: Not usable outside of PowerShell
[0.390s] DEBUG:colcon.colcon_core.shell:Skip shell extension 'dsv' for command environment
[0.396s] INFO:colcon.colcon_ros.task.ament_python.build:Building ROS package in '/home/za1van/ros2_ws/src/my_service_server' with build type 'ament_python'
[0.396s] Level 1:colcon.colcon_core.shell:create_environment_hook('my_service_server', 'ament_prefix_path')
[0.396s] INFO:colcon.colcon_core.shell:Creating environment hook '/home/za1van/ros2_ws/src/install/my_service_server/share/my_service_server/hook/ament_prefix_path.ps1'
[0.397s] INFO:colcon.colcon_core.shell:Creating environment descriptor '/home/za1van/ros2_ws/src/install/my_service_server/share/my_service_server/hook/ament_prefix_path.dsv'
[0.398s] INFO:colcon.colcon_core.shell:Creating environment hook '/home/za1van/ros2_ws/src/install/my_service_server/share/my_service_server/hook/ament_prefix_path.sh'
[0.400s] INFO:colcon.colcon_core.shell:Skip shell extension 'powershell' for command environment: Not usable outside of PowerShell
[0.400s] DEBUG:colcon.colcon_core.shell:Skip shell extension 'dsv' for command environment
[0.406s] INFO:colcon.colcon_ros.task.ament_python.build:Building ROS package in '/home/za1van/ros2_ws/src/my_turtle_controller' with build type 'ament_python'
[0.407s] Level 1:colcon.colcon_core.shell:create_environment_hook('my_turtle_controller', 'ament_prefix_path')
[0.407s] INFO:colcon.colcon_core.shell:Creating environment hook '/home/za1van/ros2_ws/src/install/my_turtle_controller/share/my_turtle_controller/hook/ament_prefix_path.ps1'
[0.408s] INFO:colcon.colcon_core.shell:Creating environment descriptor '/home/za1van/ros2_ws/src/install/my_turtle_controller/share/my_turtle_controller/hook/ament_prefix_path.dsv'
[0.408s] INFO:colcon.colcon_core.shell:Creating environment hook '/home/za1van/ros2_ws/src/install/my_turtle_controller/share/my_turtle_controller/hook/ament_prefix_path.sh'
[0.409s] INFO:colcon.colcon_core.shell:Skip shell extension 'powershell' for command environment: Not usable outside of PowerShell
[0.410s] DEBUG:colcon.colcon_core.shell:Skip shell extension 'dsv' for command environment
[0.428s] DEBUG:colcon.colcon_core.event_handler.log_command:Invoking command in '/home/za1van/ros2_ws/src/build/my_service_interfaces': CMAKE_PREFIX_PATH=${CMAKE_PREFIX_PATH}:/opt/ros/jazzy DEBUGINFOD_URLS=https://debuginfod.ubuntu.com /usr/bin/cmake --build /home/za1van/ros2_ws/src/build/my_service_interfaces -- -j4 -l4
[1.041s] INFO:colcon.colcon_core.task.python.build:Building Python package in '/home/za1van/ros2_ws/src/3t'
[1.042s] INFO:colcon.colcon_core.shell:Skip shell extension 'powershell' for command environment: Not usable outside of PowerShell
[1.042s] DEBUG:colcon.colcon_core.shell:Skip shell extension 'dsv' for command environment
[1.486s] INFO:colcon.colcon_core.task.python.build:Building Python package in '/home/za1van/ros2_ws/src/my_service_server'
[1.486s] INFO:colcon.colcon_core.shell:Skip shell extension 'powershell' for command environment: Not usable outside of PowerShell
[1.486s] DEBUG:colcon.colcon_core.shell:Skip shell extension 'dsv' for command environment
[1.501s] DEBUG:colcon.colcon_core.event_handler.log_command:Invoked command in '/home/za1van/ros2_ws/src/build/my_service_interfaces' returned '0': CMAKE_PREFIX_PATH=${CMAKE_PREFIX_PATH}:/opt/ros/jazzy DEBUGINFOD_URLS=https://debuginfod.ubuntu.com /usr/bin/cmake --build /home/za1van/ros2_ws/src/build/my_service_interfaces -- -j4 -l4
[1.510s] DEBUG:colcon.colcon_core.event_handler.log_command:Invoking command in '/home/za1van/ros2_ws/src/build/my_service_interfaces': CMAKE_PREFIX_PATH=${CMAKE_PREFIX_PATH}:/opt/ros/jazzy DEBUGINFOD_URLS=https://debuginfod.ubuntu.com /usr/bin/cmake --install /home/za1van/ros2_ws/src/build/my_service_interfaces
[1.984s] INFO:colcon.colcon_core.task.python.build:Building Python package in '/home/za1van/ros2_ws/src/my_turtle_controller'
[1.985s] INFO:colcon.colcon_core.shell:Skip shell extension 'powershell' for command environment: Not usable outside of PowerShell
[1.985s] DEBUG:colcon.colcon_core.shell:Skip shell extension 'dsv' for command environment
[2.016s] Level 1:colcon.colcon_core.environment:create_environment_scripts_only(my_service_interfaces)
[2.023s] Level 1:colcon.colcon_core.environment:checking '/home/za1van/ros2_ws/src/install/my_service_interfaces' for CMake module files
[2.026s] Level 1:colcon.colcon_core.environment:checking '/home/za1van/ros2_ws/src/install/my_service_interfaces' for CMake config files
[2.027s] Level 1:colcon.colcon_core.shell:create_environment_hook('my_service_interfaces', 'cmake_prefix_path')
[2.027s] INFO:colcon.colcon_core.shell:Creating environment hook '/home/za1van/ros2_ws/src/install/my_service_interfaces/share/my_service_interfaces/hook/cmake_prefix_path.ps1'
[2.030s] INFO:colcon.colcon_core.shell:Creating environment descriptor '/home/za1van/ros2_ws/src/install/my_service_interfaces/share/my_service_interfaces/hook/cmake_prefix_path.dsv'
[2.031s] INFO:colcon.colcon_core.shell:Creating environment hook '/home/za1van/ros2_ws/src/install/my_service_interfaces/share/my_service_interfaces/hook/cmake_prefix_path.sh'
[2.036s] Level 1:colcon.colcon_core.environment:checking '/home/za1van/ros2_ws/src/install/my_service_interfaces/lib'
[2.036s] Level 1:colcon.colcon_core.shell:create_environment_hook('my_service_interfaces', 'ld_library_path_lib')
[2.037s] INFO:colcon.colcon_core.shell:Creating environment hook '/home/za1van/ros2_ws/src/install/my_service_interfaces/share/my_service_interfaces/hook/ld_library_path_lib.ps1'
[2.037s] INFO:colcon.colcon_core.shell:Creating environment descriptor '/home/za1van/ros2_ws/src/install/my_service_interfaces/share/my_service_interfaces/hook/ld_library_path_lib.dsv'
[2.038s] INFO:colcon.colcon_core.shell:Creating environment hook '/home/za1van/ros2_ws/src/install/my_service_interfaces/share/my_service_interfaces/hook/ld_library_path_lib.sh'
[2.039s] Level 1:colcon.colcon_core.environment:checking '/home/za1van/ros2_ws/src/install/my_service_interfaces/bin'
[2.040s] DEBUG:colcon.colcon_core.event_handler.log_command:Invoked command in '/home/za1van/ros2_ws/src/build/my_service_interfaces' returned '0': CMAKE_PREFIX_PATH=${CMAKE_PREFIX_PATH}:/opt/ros/jazzy DEBUGINFOD_URLS=https://debuginfod.ubuntu.com /usr/bin/cmake --install /home/za1van/ros2_ws/src/build/my_service_interfaces
[2.040s] Level 1:colcon.colcon_core.environment:checking '/home/za1van/ros2_ws/src/install/my_service_interfaces/lib/pkgconfig/my_service_interfaces.pc'
[2.041s] Level 1:colcon.colcon_core.environment:checking '/home/za1van/ros2_ws/src/install/my_service_interfaces/lib/python3.12/site-packages'
[2.041s] Level 1:colcon.colcon_core.shell:create_environment_hook('my_service_interfaces', 'pythonpath')
[2.041s] INFO:colcon.colcon_core.shell:Creating environment hook '/home/za1van/ros2_ws/src/install/my_service_interfaces/share/my_service_interfaces/hook/pythonpath.ps1'
[2.042s] INFO:colcon.colcon_core.shell:Creating environment descriptor '/home/za1van/ros2_ws/src/install/my_service_interfaces/share/my_service_interfaces/hook/pythonpath.dsv'
[2.043s] INFO:colcon.colcon_core.shell:Creating environment hook '/home/za1van/ros2_ws/src/install/my_service_interfaces/share/my_service_interfaces/hook/pythonpath.sh'
[2.044s] Level 1:colcon.colcon_core.environment:checking '/home/za1van/ros2_ws/src/install/my_service_interfaces/bin'
[2.045s] INFO:colcon.colcon_core.shell:Creating package script '/home/za1van/ros2_ws/src/install/my_service_interfaces/share/my_service_interfaces/package.ps1'
[2.046s] INFO:colcon.colcon_core.shell:Creating package descriptor '/home/za1van/ros2_ws/src/install/my_service_interfaces/share/my_service_interfaces/package.dsv'
[2.048s] INFO:colcon.colcon_core.shell:Creating package script '/home/za1van/ros2_ws/src/install/my_service_interfaces/share/my_service_interfaces/package.sh'
[2.050s] INFO:colcon.colcon_core.shell:Creating package script '/home/za1van/ros2_ws/src/install/my_service_interfaces/share/my_service_interfaces/package.bash'
[2.052s] INFO:colcon.colcon_core.shell:Creating package script '/home/za1van/ros2_ws/src/install/my_service_interfaces/share/my_service_interfaces/package.zsh'
[2.053s] Level 1:colcon.colcon_core.environment:create_file_with_runtime_dependencies(/home/za1van/ros2_ws/src/install/my_service_interfaces/share/colcon-core/packages/my_service_interfaces)
[2.054s] Level 1:colcon.colcon_core.environment:create_environment_scripts_only(my_service_interfaces)
[2.054s] Level 1:colcon.colcon_core.environment:checking '/home/za1van/ros2_ws/src/install/my_service_interfaces' for CMake module files
[2.056s] Level 1:colcon.colcon_core.environment:checking '/home/za1van/ros2_ws/src/install/my_service_interfaces' for CMake config files
[2.056s] Level 1:colcon.colcon_core.shell:create_environment_hook('my_service_interfaces', 'cmake_prefix_path')
[2.057s] INFO:colcon.colcon_core.shell:Creating environment hook '/home/za1van/ros2_ws/src/install/my_service_interfaces/share/my_service_interfaces/hook/cmake_prefix_path.ps1'
[2.057s] INFO:colcon.colcon_core.shell:Creating environment descriptor '/home/za1van/ros2_ws/src/install/my_service_interfaces/share/my_service_interfaces/hook/cmake_prefix_path.dsv'
[2.058s] INFO:colcon.colcon_core.shell:Creating environment hook '/home/za1van/ros2_ws/src/install/my_service_interfaces/share/my_service_interfaces/hook/cmake_prefix_path.sh'
[2.059s] Level 1:colcon.colcon_core.environment:checking '/home/za1van/ros2_ws/src/install/my_service_interfaces/lib'
[2.060s] Level 1:colcon.colcon_core.shell:create_environment_hook('my_service_interfaces', 'ld_library_path_lib')
[2.060s] INFO:colcon.colcon_core.shell:Creating environment hook '/home/za1van/ros2_ws/src/install/my_service_interfaces/share/my_service_interfaces/hook/ld_library_path_lib.ps1'
[2.061s] INFO:colcon.colcon_core.shell:Creating environment descriptor '/home/za1van/ros2_ws/src/install/my_service_interfaces/share/my_service_interfaces/hook/ld_library_path_lib.dsv'
[2.061s] INFO:colcon.colcon_core.shell:Creating environment hook '/home/za1van/ros2_ws/src/install/my_service_interfaces/share/my_service_interfaces/hook/ld_library_path_lib.sh'
[2.062s] Level 1:colcon.colcon_core.environment:checking '/home/za1van/ros2_ws/src/install/my_service_interfaces/bin'
[2.062s] Level 1:colcon.colcon_core.environment:checking '/home/za1van/ros2_ws/src/install/my_service_interfaces/lib/pkgconfig/my_service_interfaces.pc'
[2.063s] Level 1:colcon.colcon_core.environment:checking '/home/za1van/ros2_ws/src/install/my_service_interfaces/lib/python3.12/site-packages'
[2.063s] Level 1:colcon.colcon_core.shell:create_environment_hook('my_service_interfaces', 'pythonpath')
[2.063s] INFO:colcon.colcon_core.shell:Creating environment hook '/home/za1van/ros2_ws/src/install/my_service_interfaces/share/my_service_interfaces/hook/pythonpath.ps1'
[2.065s] INFO:colcon.colcon_core.shell:Creating environment descriptor '/home/za1van/ros2_ws/src/install/my_service_interfaces/share/my_service_interfaces/hook/pythonpath.dsv'
[2.066s] INFO:colcon.colcon_core.shell:Creating environment hook '/home/za1van/ros2_ws/src/install/my_service_interfaces/share/my_service_interfaces/hook/pythonpath.sh'
[2.067s] Level 1:colcon.colcon_core.environment:checking '/home/za1van/ros2_ws/src/install/my_service_interfaces/bin'
[2.067s] INFO:colcon.colcon_core.shell:Creating package script '/home/za1van/ros2_ws/src/install/my_service_interfaces/share/my_service_interfaces/package.ps1'
[2.068s] INFO:colcon.colcon_core.shell:Creating package descriptor '/home/za1van/ros2_ws/src/install/my_service_interfaces/share/my_service_interfaces/package.dsv'
[2.070s] INFO:colcon.colcon_core.shell:Creating package script '/home/za1van/ros2_ws/src/install/my_service_interfaces/share/my_service_interfaces/package.sh'
[2.071s] INFO:colcon.colcon_core.shell:Creating package script '/home/za1van/ros2_ws/src/install/my_service_interfaces/share/my_service_interfaces/package.bash'
[2.071s] INFO:colcon.colcon_core.shell:Creating package script '/home/za1van/ros2_ws/src/install/my_service_interfaces/share/my_service_interfaces/package.zsh'
[2.072s] Level 1:colcon.colcon_core.environment:create_file_with_runtime_dependencies(/home/za1van/ros2_ws/src/install/my_service_interfaces/share/colcon-core/packages/my_service_interfaces)
[2.075s] INFO:colcon.colcon_ros.task.ament_python.build:Building ROS package in '/home/za1van/ros2_ws/src/my_service_client' with build type 'ament_python'
[2.075s] Level 1:colcon.colcon_core.shell:create_environment_hook('my_service_client', 'ament_prefix_path')
[2.076s] INFO:colcon.colcon_core.shell:Creating environment hook '/home/za1van/ros2_ws/src/install/my_service_client/share/my_service_client/hook/ament_prefix_path.ps1'
[2.078s] INFO:colcon.colcon_core.shell:Creating environment descriptor '/home/za1van/ros2_ws/src/install/my_service_client/share/my_service_client/hook/ament_prefix_path.dsv'
[2.078s] INFO:colcon.colcon_core.shell:Creating environment hook '/home/za1van/ros2_ws/src/install/my_service_client/share/my_service_client/hook/ament_prefix_path.sh'
[2.080s] INFO:colcon.colcon_core.shell:Skip shell extension 'powershell' for command environment: Not usable outside of PowerShell
[2.080s] DEBUG:colcon.colcon_core.shell:Skip shell extension 'dsv' for command environment
[2.848s] INFO:colcon.colcon_core.task.python.build:Building Python package in '/home/za1van/ros2_ws/src/my_service_client'
[2.849s] INFO:colcon.colcon_core.shell:Skip shell extension 'powershell' for command environment: Not usable outside of PowerShell
[2.849s] DEBUG:colcon.colcon_core.shell:Skip shell extension 'dsv' for command environment
[3.964s] DEBUG:colcon.colcon_core.event_handler.log_command:Invoking command in '/home/za1van/ros2_ws/src/my_service_server': DEBUGINFOD_URLS=https://debuginfod.ubuntu.com PYTHONPATH=/home/za1van/ros2_ws/src/build/my_service_server/prefix_override:/usr/lib/python3/dist-packages/colcon_core/task/python/colcon_distutils_commands:/home/za1van/ros2_ws/src/install/my_service_server/lib/python3.12/site-packages:${PYTHONPATH} /usr/bin/python3 -W ignore:setup.py install is deprecated -W ignore:easy_install command is deprecated setup.py egg_info --egg-base ../build/my_service_server build --build-base /home/za1van/ros2_ws/src/build/my_service_server/build install --record /home/za1van/ros2_ws/src/build/my_service_server/install.log --single-version-externally-managed install_data
[4.150s] DEBUG:colcon.colcon_core.event_handler.log_command:Invoking command in '/home/za1van/ros2_ws/src/my_turtle_controller': DEBUGINFOD_URLS=https://debuginfod.ubuntu.com PYTHONPATH=/home/za1van/ros2_ws/src/build/my_turtle_controller/prefix_override:/usr/lib/python3/dist-packages/colcon_core/task/python/colcon_distutils_commands:/home/za1van/ros2_ws/src/install/my_turtle_controller/lib/python3.12/site-packages:${PYTHONPATH} /usr/bin/python3 -W ignore:setup.py install is deprecated -W ignore:easy_install command is deprecated setup.py egg_info --egg-base ../build/my_turtle_controller build --build-base /home/za1van/ros2_ws/src/build/my_turtle_controller/build install --record /home/za1van/ros2_ws/src/build/my_turtle_controller/install.log --single-version-externally-managed install_data
[4.628s] DEBUG:colcon.colcon_core.event_handler.log_command:Invoking command in '/home/za1van/ros2_ws/src/3t': DEBUGINFOD_URLS=https://debuginfod.ubuntu.com PYTHONPATH=/home/za1van/ros2_ws/src/build/3t/prefix_override:/usr/lib/python3/dist-packages/colcon_core/task/python/colcon_distutils_commands:/home/za1van/ros2_ws/src/install/3t/lib/python3.12/site-packages:${PYTHONPATH} /usr/bin/python3 -W ignore:setup.py install is deprecated -W ignore:easy_install command is deprecated setup.py egg_info --egg-base ../build/3t build --build-base /home/za1van/ros2_ws/src/build/3t/build install --record /home/za1van/ros2_ws/src/build/3t/install.log --single-version-externally-managed install_data
[4.790s] DEBUG:colcon.colcon_core.event_handler.log_command:Invoking command in '/home/za1van/ros2_ws/src/my_service_client': AMENT_PREFIX_PATH=/home/za1van/ros2_ws/src/install/my_service_interfaces:${AMENT_PREFIX_PATH} CMAKE_PREFIX_PATH=/home/za1van/ros2_ws/src/install/my_service_interfaces:${CMAKE_PREFIX_PATH} DEBUGINFOD_URLS=https://debuginfod.ubuntu.com LD_LIBRARY_PATH=/home/za1van/ros2_ws/src/install/my_service_interfaces/lib:${LD_LIBRARY_PATH} PYTHONPATH=/home/za1van/ros2_ws/src/build/my_service_client/prefix_override:/usr/lib/python3/dist-packages/colcon_core/task/python/colcon_distutils_commands:/home/za1van/ros2_ws/src/install/my_service_client/lib/python3.12/site-packages:/home/za1van/ros2_ws/src/install/my_service_interfaces/lib/python3.12/site-packages:${PYTHONPATH} /usr/bin/python3 -W ignore:setup.py install is deprecated -W ignore:easy_install command is deprecated setup.py egg_info --egg-base ../build/my_service_client build --build-base /home/za1van/ros2_ws/src/build/my_service_client/build install --record /home/za1van/ros2_ws/src/build/my_service_client/install.log --single-version-externally-managed install_data
[6.355s] Level 1:colcon.colcon_core.environment:checking '/home/za1van/ros2_ws/src/install/3t' for CMake module files
[6.357s] Level 1:colcon.colcon_core.environment:checking '/home/za1van/ros2_ws/src/install/3t' for CMake config files
[6.358s] Level 1:colcon.colcon_core.environment:checking '/home/za1van/ros2_ws/src/install/3t/lib'
[6.358s] Level 1:colcon.colcon_core.environment:checking '/home/za1van/ros2_ws/src/install/3t/bin'
[6.358s] Level 1:colcon.colcon_core.environment:checking '/home/za1van/ros2_ws/src/install/3t/lib/pkgconfig/3t.pc'
[6.364s] Level 1:colcon.colcon_core.environment:checking '/home/za1van/ros2_ws/src/install/3t/lib/python3.12/site-packages'
[6.364s] Level 1:colcon.colcon_core.shell:create_environment_hook('3t', 'pythonpath')
[6.365s] INFO:colcon.colcon_core.shell:Creating environment hook '/home/za1van/ros2_ws/src/install/3t/share/3t/hook/pythonpath.ps1'
[6.365s] INFO:colcon.colcon_core.shell:Creating environment descriptor '/home/za1van/ros2_ws/src/install/3t/share/3t/hook/pythonpath.dsv'
[6.369s] DEBUG:colcon.colcon_core.event_handler.log_command:Invoked command in '/home/za1van/ros2_ws/src/3t' returned '0': DEBUGINFOD_URLS=https://debuginfod.ubuntu.com PYTHONPATH=/home/za1van/ros2_ws/src/build/3t/prefix_override:/usr/lib/python3/dist-packages/colcon_core/task/python/colcon_distutils_commands:/home/za1van/ros2_ws/src/install/3t/lib/python3.12/site-packages:${PYTHONPATH} /usr/bin/python3 -W ignore:setup.py install is deprecated -W ignore:easy_install command is deprecated setup.py egg_info --egg-base ../build/3t build --build-base /home/za1van/ros2_ws/src/build/3t/build install --record /home/za1van/ros2_ws/src/build/3t/install.log --single-version-externally-managed install_data
[6.370s] INFO:colcon.colcon_core.shell:Creating environment hook '/home/za1van/ros2_ws/src/install/3t/share/3t/hook/pythonpath.sh'
[6.374s] Level 1:colcon.colcon_core.environment:checking '/home/za1van/ros2_ws/src/install/3t/bin'
[6.374s] Level 1:colcon.colcon_core.environment:create_environment_scripts_only(3t)
[6.375s] INFO:colcon.colcon_core.shell:Creating package script '/home/za1van/ros2_ws/src/install/3t/share/3t/package.ps1'
[6.379s] INFO:colcon.colcon_core.shell:Creating package descriptor '/home/za1van/ros2_ws/src/install/3t/share/3t/package.dsv'
[6.382s] INFO:colcon.colcon_core.shell:Creating package script '/home/za1van/ros2_ws/src/install/3t/share/3t/package.sh'
[6.390s] INFO:colcon.colcon_core.shell:Creating package script '/home/za1van/ros2_ws/src/install/3t/share/3t/package.bash'
[6.393s] INFO:colcon.colcon_core.shell:Creating package script '/home/za1van/ros2_ws/src/install/3t/share/3t/package.zsh'
[6.401s] Level 1:colcon.colcon_core.environment:create_file_with_runtime_dependencies(/home/za1van/ros2_ws/src/install/3t/share/colcon-core/packages/3t)
[6.447s] Level 1:colcon.colcon_core.environment:checking '/home/za1van/ros2_ws/src/install/my_turtle_controller' for CMake module files
[6.450s] DEBUG:colcon.colcon_core.event_handler.log_command:Invoked command in '/home/za1van/ros2_ws/src/my_turtle_controller' returned '0': DEBUGINFOD_URLS=https://debuginfod.ubuntu.com PYTHONPATH=/home/za1van/ros2_ws/src/build/my_turtle_controller/prefix_override:/usr/lib/python3/dist-packages/colcon_core/task/python/colcon_distutils_commands:/home/za1van/ros2_ws/src/install/my_turtle_controller/lib/python3.12/site-packages:${PYTHONPATH} /usr/bin/python3 -W ignore:setup.py install is deprecated -W ignore:easy_install command is deprecated setup.py egg_info --egg-base ../build/my_turtle_controller build --build-base /home/za1van/ros2_ws/src/build/my_turtle_controller/build install --record /home/za1van/ros2_ws/src/build/my_turtle_controller/install.log --single-version-externally-managed install_data
[6.451s] Level 1:colcon.colcon_core.environment:checking '/home/za1van/ros2_ws/src/install/my_turtle_controller' for CMake config files
[6.453s] Level 1:colcon.colcon_core.environment:checking '/home/za1van/ros2_ws/src/install/my_turtle_controller/lib'
[6.453s] Level 1:colcon.colcon_core.environment:checking '/home/za1van/ros2_ws/src/install/my_turtle_controller/bin'
[6.453s] Level 1:colcon.colcon_core.environment:checking '/home/za1van/ros2_ws/src/install/my_turtle_controller/lib/pkgconfig/my_turtle_controller.pc'
[6.453s] Level 1:colcon.colcon_core.environment:checking '/home/za1van/ros2_ws/src/install/my_turtle_controller/lib/python3.12/site-packages'
[6.454s] Level 1:colcon.colcon_core.shell:create_environment_hook('my_turtle_controller', 'pythonpath')
[6.454s] INFO:colcon.colcon_core.shell:Creating environment hook '/home/za1van/ros2_ws/src/install/my_turtle_controller/share/my_turtle_controller/hook/pythonpath.ps1'
[6.455s] INFO:colcon.colcon_core.shell:Creating environment descriptor '/home/za1van/ros2_ws/src/install/my_turtle_controller/share/my_turtle_controller/hook/pythonpath.dsv'
[6.455s] INFO:colcon.colcon_core.shell:Creating environment hook '/home/za1van/ros2_ws/src/install/my_turtle_controller/share/my_turtle_controller/hook/pythonpath.sh'
[6.457s] Level 1:colcon.colcon_core.environment:checking '/home/za1van/ros2_ws/src/install/my_turtle_controller/bin'
[6.457s] Level 1:colcon.colcon_core.environment:create_environment_scripts_only(my_turtle_controller)
[6.457s] INFO:colcon.colcon_core.shell:Creating package script '/home/za1van/ros2_ws/src/install/my_turtle_controller/share/my_turtle_controller/package.ps1'
[6.464s] INFO:colcon.colcon_core.shell:Creating package descriptor '/home/za1van/ros2_ws/src/install/my_turtle_controller/share/my_turtle_controller/package.dsv'
[6.465s] INFO:colcon.colcon_core.shell:Creating package script '/home/za1van/ros2_ws/src/install/my_turtle_controller/share/my_turtle_controller/package.sh'
[6.466s] INFO:colcon.colcon_core.shell:Creating package script '/home/za1van/ros2_ws/src/install/my_turtle_controller/share/my_turtle_controller/package.bash'
[6.467s] INFO:colcon.colcon_core.shell:Creating package script '/home/za1van/ros2_ws/src/install/my_turtle_controller/share/my_turtle_controller/package.zsh'
[6.468s] Level 1:colcon.colcon_core.environment:create_file_with_runtime_dependencies(/home/za1van/ros2_ws/src/install/my_turtle_controller/share/colcon-core/packages/my_turtle_controller)
[6.606s] Level 1:colcon.colcon_core.environment:checking '/home/za1van/ros2_ws/src/install/my_service_server' for CMake module files
[6.607s] DEBUG:colcon.colcon_core.event_handler.log_command:Invoked command in '/home/za1van/ros2_ws/src/my_service_server' returned '0': DEBUGINFOD_URLS=https://debuginfod.ubuntu.com PYTHONPATH=/home/za1van/ros2_ws/src/build/my_service_server/prefix_override:/usr/lib/python3/dist-packages/colcon_core/task/python/colcon_distutils_commands:/home/za1van/ros2_ws/src/install/my_service_server/lib/python3.12/site-packages:${PYTHONPATH} /usr/bin/python3 -W ignore:setup.py install is deprecated -W ignore:easy_install command is deprecated setup.py egg_info --egg-base ../build/my_service_server build --build-base /home/za1van/ros2_ws/src/build/my_service_server/build install --record /home/za1van/ros2_ws/src/build/my_service_server/install.log --single-version-externally-managed install_data
[6.608s] Level 1:colcon.colcon_core.environment:checking '/home/za1van/ros2_ws/src/install/my_service_server' for CMake config files
[6.609s] Level 1:colcon.colcon_core.environment:checking '/home/za1van/ros2_ws/src/install/my_service_server/lib'
[6.609s] Level 1:colcon.colcon_core.environment:checking '/home/za1van/ros2_ws/src/install/my_service_server/bin'
[6.609s] Level 1:colcon.colcon_core.environment:checking '/home/za1van/ros2_ws/src/install/my_service_server/lib/pkgconfig/my_service_server.pc'
[6.610s] Level 1:colcon.colcon_core.environment:checking '/home/za1van/ros2_ws/src/install/my_service_server/lib/python3.12/site-packages'
[6.610s] Level 1:colcon.colcon_core.shell:create_environment_hook('my_service_server', 'pythonpath')
[6.610s] INFO:colcon.colcon_core.shell:Creating environment hook '/home/za1van/ros2_ws/src/install/my_service_server/share/my_service_server/hook/pythonpath.ps1'
[6.612s] INFO:colcon.colcon_core.shell:Creating environment descriptor '/home/za1van/ros2_ws/src/install/my_service_server/share/my_service_server/hook/pythonpath.dsv'
[6.612s] INFO:colcon.colcon_core.shell:Creating environment hook '/home/za1van/ros2_ws/src/install/my_service_server/share/my_service_server/hook/pythonpath.sh'
[6.613s] Level 1:colcon.colcon_core.environment:checking '/home/za1van/ros2_ws/src/install/my_service_server/bin'
[6.613s] Level 1:colcon.colcon_core.environment:create_environment_scripts_only(my_service_server)
[6.614s] INFO:colcon.colcon_core.shell:Creating package script '/home/za1van/ros2_ws/src/install/my_service_server/share/my_service_server/package.ps1'
[6.615s] INFO:colcon.colcon_core.shell:Creating package descriptor '/home/za1van/ros2_ws/src/install/my_service_server/share/my_service_server/package.dsv'
[6.615s] INFO:colcon.colcon_core.shell:Creating package script '/home/za1van/ros2_ws/src/install/my_service_server/share/my_service_server/package.sh'
[6.616s] INFO:colcon.colcon_core.shell:Creating package script '/home/za1van/ros2_ws/src/install/my_service_server/share/my_service_server/package.bash'
[6.617s] INFO:colcon.colcon_core.shell:Creating package script '/home/za1van/ros2_ws/src/install/my_service_server/share/my_service_server/package.zsh'
[6.617s] Level 1:colcon.colcon_core.environment:create_file_with_runtime_dependencies(/home/za1van/ros2_ws/src/install/my_service_server/share/colcon-core/packages/my_service_server)
[6.784s] Level 1:colcon.colcon_core.environment:checking '/home/za1van/ros2_ws/src/install/my_service_client' for CMake module files
[6.786s] DEBUG:colcon.colcon_core.event_handler.log_command:Invoked command in '/home/za1van/ros2_ws/src/my_service_client' returned '0': AMENT_PREFIX_PATH=/home/za1van/ros2_ws/src/install/my_service_interfaces:${AMENT_PREFIX_PATH} CMAKE_PREFIX_PATH=/home/za1van/ros2_ws/src/install/my_service_interfaces:${CMAKE_PREFIX_PATH} DEBUGINFOD_URLS=https://debuginfod.ubuntu.com LD_LIBRARY_PATH=/home/za1van/ros2_ws/src/install/my_service_interfaces/lib:${LD_LIBRARY_PATH} PYTHONPATH=/home/za1van/ros2_ws/src/build/my_service_client/prefix_override:/usr/lib/python3/dist-packages/colcon_core/task/python/colcon_distutils_commands:/home/za1van/ros2_ws/src/install/my_service_client/lib/python3.12/site-packages:/home/za1van/ros2_ws/src/install/my_service_interfaces/lib/python3.12/site-packages:${PYTHONPATH} /usr/bin/python3 -W ignore:setup.py install is deprecated -W ignore:easy_install command is deprecated setup.py egg_info --egg-base ../build/my_service_client build --build-base /home/za1van/ros2_ws/src/build/my_service_client/build install --record /home/za1van/ros2_ws/src/build/my_service_client/install.log --single-version-externally-managed install_data
[6.786s] Level 1:colcon.colcon_core.environment:checking '/home/za1van/ros2_ws/src/install/my_service_client' for CMake config files
[6.787s] Level 1:colcon.colcon_core.environment:checking '/home/za1van/ros2_ws/src/install/my_service_client/lib'
[6.787s] Level 1:colcon.colcon_core.environment:checking '/home/za1van/ros2_ws/src/install/my_service_client/bin'
[6.787s] Level 1:colcon.colcon_core.environment:checking '/home/za1van/ros2_ws/src/install/my_service_client/lib/pkgconfig/my_service_client.pc'
[6.787s] Level 1:colcon.colcon_core.environment:checking '/home/za1van/ros2_ws/src/install/my_service_client/lib/python3.12/site-packages'
[6.787s] Level 1:colcon.colcon_core.shell:create_environment_hook('my_service_client', 'pythonpath')
[6.788s] INFO:colcon.colcon_core.shell:Creating environment hook '/home/za1van/ros2_ws/src/install/my_service_client/share/my_service_client/hook/pythonpath.ps1'
[6.788s] INFO:colcon.colcon_core.shell:Creating environment descriptor '/home/za1van/ros2_ws/src/install/my_service_client/share/my_service_client/hook/pythonpath.dsv'
[6.788s] INFO:colcon.colcon_core.shell:Creating environment hook '/home/za1van/ros2_ws/src/install/my_service_client/share/my_service_client/hook/pythonpath.sh'
[6.789s] Level 1:colcon.colcon_core.environment:checking '/home/za1van/ros2_ws/src/install/my_service_client/bin'
[6.789s] Level 1:colcon.colcon_core.environment:create_environment_scripts_only(my_service_client)
[6.790s] INFO:colcon.colcon_core.shell:Creating package script '/home/za1van/ros2_ws/src/install/my_service_client/share/my_service_client/package.ps1'
[6.790s] INFO:colcon.colcon_core.shell:Creating package descriptor '/home/za1van/ros2_ws/src/install/my_service_client/share/my_service_client/package.dsv'
[6.791s] INFO:colcon.colcon_core.shell:Creating package script '/home/za1van/ros2_ws/src/install/my_service_client/share/my_service_client/package.sh'
[6.792s] INFO:colcon.colcon_core.shell:Creating package script '/home/za1van/ros2_ws/src/install/my_service_client/share/my_service_client/package.bash'
[6.792s] INFO:colcon.colcon_core.shell:Creating package script '/home/za1van/ros2_ws/src/install/my_service_client/share/my_service_client/package.zsh'
[6.793s] Level 1:colcon.colcon_core.environment:create_file_with_runtime_dependencies(/home/za1van/ros2_ws/src/install/my_service_client/share/colcon-core/packages/my_service_client)
[6.795s] DEBUG:colcon.colcon_parallel_executor.executor.parallel:closing loop
[6.796s] DEBUG:colcon.colcon_parallel_executor.executor.parallel:loop closed
[6.796s] DEBUG:colcon.colcon_parallel_executor.executor.parallel:run_until_complete finished with '0'
[6.796s] DEBUG:colcon.colcon_core.event_reactor:joining thread
[6.806s] INFO:colcon.colcon_core.plugin_system:Skipping extension 'colcon_notification.desktop_notification.terminal_notifier': Not used on non-Darwin systems
[6.806s] INFO:colcon.colcon_core.plugin_system:Skipping extension 'colcon_notification.desktop_notification.win32': Not used on non-Windows systems
[6.806s] INFO:colcon.colcon_notification.desktop_notification:Sending desktop notification using 'notify2'
[6.815s] DEBUG:colcon.colcon_core.event_reactor:joined thread
[6.815s] INFO:colcon.colcon_core.shell:Creating prefix script '/home/za1van/ros2_ws/src/install/local_setup.ps1'
[6.817s] INFO:colcon.colcon_core.shell:Creating prefix util module '/home/za1van/ros2_ws/src/install/_local_setup_util_ps1.py'
[6.819s] INFO:colcon.colcon_core.shell:Creating prefix chain script '/home/za1van/ros2_ws/src/install/setup.ps1'
[6.820s] INFO:colcon.colcon_core.shell:Creating prefix script '/home/za1van/ros2_ws/src/install/local_setup.sh'
[6.821s] INFO:colcon.colcon_core.shell:Creating prefix util module '/home/za1van/ros2_ws/src/install/_local_setup_util_sh.py'
[6.822s] INFO:colcon.colcon_core.shell:Creating prefix chain script '/home/za1van/ros2_ws/src/install/setup.sh'
[6.823s] INFO:colcon.colcon_core.shell:Creating prefix script '/home/za1van/ros2_ws/src/install/local_setup.bash'
[6.824s] INFO:colcon.colcon_core.shell:Creating prefix chain script '/home/za1van/ros2_ws/src/install/setup.bash'
[6.826s] INFO:colcon.colcon_core.shell:Creating prefix script '/home/za1van/ros2_ws/src/install/local_setup.zsh'
[6.827s] INFO:colcon.colcon_core.shell:Creating prefix chain script '/home/za1van/ros2_ws/src/install/setup.zsh'
