[1.261s] Invoking command in '/home/za1van/ros2_ws/src/my_turtle_controller': DEBUGINFOD_URLS=https://debuginfod.ubuntu.com PYTHONPATH=/home/za1van/ros2_ws/src/my_turtle_controller/build/my_turtle_controller/prefix_override:/usr/lib/python3/dist-packages/colcon_core/task/python/colcon_distutils_commands:/home/za1van/ros2_ws/src/my_turtle_controller/install/my_turtle_controller/lib/python3.12/site-packages:${PYTHONPATH} /usr/bin/python3 -W ignore:setup.py install is deprecated -W ignore:easy_install command is deprecated setup.py egg_info --egg-base build/my_turtle_controller build --build-base /home/za1van/ros2_ws/src/my_turtle_controller/build/my_turtle_controller/build install --record /home/za1van/ros2_ws/src/my_turtle_controller/build/my_turtle_controller/install.log --single-version-externally-managed install_data
[1.677s] running egg_info
[1.677s] creating build/my_turtle_controller/my_turtle_controller.egg-info
[1.710s] writing build/my_turtle_controller/my_turtle_controller.egg-info/PKG-INFO
[1.710s] writing dependency_links to build/my_turtle_controller/my_turtle_controller.egg-info/dependency_links.txt
[1.711s] writing entry points to build/my_turtle_controller/my_turtle_controller.egg-info/entry_points.txt
[1.711s] writing requirements to build/my_turtle_controller/my_turtle_controller.egg-info/requires.txt
[1.711s] writing top-level names to build/my_turtle_controller/my_turtle_controller.egg-info/top_level.txt
[1.711s] writing manifest file 'build/my_turtle_controller/my_turtle_controller.egg-info/SOURCES.txt'
[1.782s] reading manifest file 'build/my_turtle_controller/my_turtle_controller.egg-info/SOURCES.txt'
[1.783s] writing manifest file 'build/my_turtle_controller/my_turtle_controller.egg-info/SOURCES.txt'
[1.783s] running build
[1.784s] running build_py
[1.784s] creating /home/za1van/ros2_ws/src/my_turtle_controller/build/my_turtle_controller/build
[1.784s] creating /home/za1van/ros2_ws/src/my_turtle_controller/build/my_turtle_controller/build/lib
[1.785s] creating /home/za1van/ros2_ws/src/my_turtle_controller/build/my_turtle_controller/build/lib/my_turtle_controller
[1.785s] copying my_turtle_controller/turtle_mover.py -> /home/za1van/ros2_ws/src/my_turtle_controller/build/my_turtle_controller/build/lib/my_turtle_controller
[1.785s] copying my_turtle_controller/turtle_figure8.py -> /home/za1van/ros2_ws/src/my_turtle_controller/build/my_turtle_controller/build/lib/my_turtle_controller
[1.785s] copying my_turtle_controller/__init__.py -> /home/za1van/ros2_ws/src/my_turtle_controller/build/my_turtle_controller/build/lib/my_turtle_controller
[1.786s] running install
[1.794s] running install_lib
[1.827s] creating /home/za1van/ros2_ws/src/my_turtle_controller/install/my_turtle_controller/lib/python3.12/site-packages/my_turtle_controller
[1.828s] copying /home/za1van/ros2_ws/src/my_turtle_controller/build/my_turtle_controller/build/lib/my_turtle_controller/turtle_mover.py -> /home/za1van/ros2_ws/src/my_turtle_controller/install/my_turtle_controller/lib/python3.12/site-packages/my_turtle_controller
[1.828s] copying /home/za1van/ros2_ws/src/my_turtle_controller/build/my_turtle_controller/build/lib/my_turtle_controller/turtle_figure8.py -> /home/za1van/ros2_ws/src/my_turtle_controller/install/my_turtle_controller/lib/python3.12/site-packages/my_turtle_controller
[1.828s] copying /home/za1van/ros2_ws/src/my_turtle_controller/build/my_turtle_controller/build/lib/my_turtle_controller/__init__.py -> /home/za1van/ros2_ws/src/my_turtle_controller/install/my_turtle_controller/lib/python3.12/site-packages/my_turtle_controller
[1.829s] byte-compiling /home/za1van/ros2_ws/src/my_turtle_controller/install/my_turtle_controller/lib/python3.12/site-packages/my_turtle_controller/turtle_mover.py to turtle_mover.cpython-312.pyc
[1.830s] byte-compiling /home/za1van/ros2_ws/src/my_turtle_controller/install/my_turtle_controller/lib/python3.12/site-packages/my_turtle_controller/turtle_figure8.py to turtle_figure8.cpython-312.pyc
[1.831s] byte-compiling /home/za1van/ros2_ws/src/my_turtle_controller/install/my_turtle_controller/lib/python3.12/site-packages/my_turtle_controller/__init__.py to __init__.cpython-312.pyc
[1.831s] running install_data
[1.831s] creating /home/za1van/ros2_ws/src/my_turtle_controller/install/my_turtle_controller/share/ament_index
[1.832s] creating /home/za1van/ros2_ws/src/my_turtle_controller/install/my_turtle_controller/share/ament_index/resource_index
[1.832s] creating /home/za1van/ros2_ws/src/my_turtle_controller/install/my_turtle_controller/share/ament_index/resource_index/packages
[1.832s] copying resource/my_turtle_controller -> /home/za1van/ros2_ws/src/my_turtle_controller/install/my_turtle_controller/share/ament_index/resource_index/packages
[1.832s] copying package.xml -> /home/za1van/ros2_ws/src/my_turtle_controller/install/my_turtle_controller/share/my_turtle_controller
[1.832s] running install_egg_info
[1.872s] Copying build/my_turtle_controller/my_turtle_controller.egg-info to /home/za1van/ros2_ws/src/my_turtle_controller/install/my_turtle_controller/lib/python3.12/site-packages/my_turtle_controller-0.0.0-py3.12.egg-info
[1.873s] running install_scripts
[2.089s] Installing turtle_figure8 script to /home/za1van/ros2_ws/src/my_turtle_controller/install/my_turtle_controller/lib/my_turtle_controller
[2.089s] Installing turtle_mover script to /home/za1van/ros2_ws/src/my_turtle_controller/install/my_turtle_controller/lib/my_turtle_controller
[2.090s] writing list of installed files to '/home/za1van/ros2_ws/src/my_turtle_controller/build/my_turtle_controller/install.log'
[2.134s] Invoked command in '/home/za1van/ros2_ws/src/my_turtle_controller' returned '0': DEBUGINFOD_URLS=https://debuginfod.ubuntu.com PYTHONPATH=/home/za1van/ros2_ws/src/my_turtle_controller/build/my_turtle_controller/prefix_override:/usr/lib/python3/dist-packages/colcon_core/task/python/colcon_distutils_commands:/home/za1van/ros2_ws/src/my_turtle_controller/install/my_turtle_controller/lib/python3.12/site-packages:${PYTHONPATH} /usr/bin/python3 -W ignore:setup.py install is deprecated -W ignore:easy_install command is deprecated setup.py egg_info --egg-base build/my_turtle_controller build --build-base /home/za1van/ros2_ws/src/my_turtle_controller/build/my_turtle_controller/build install --record /home/za1van/ros2_ws/src/my_turtle_controller/build/my_turtle_controller/install.log --single-version-externally-managed install_data
