[0.034s] Invoking command in '/home/za1van/ros2_ws/build/my_service_interfaces': CMAKE_PREFIX_PATH=${CMAKE_PREFIX_PATH}:/home/za1van/ros2_ws/install/my_turtle_controller:/home/za1van/ros2_ws/install/my_service_server:/home/za1van/ros2_ws/install/my_service_client:/home/za1van/ros2_ws/install/my_project_start:/home/za1van/ros2_ws/install/3t:/opt/ros/jazzy DEBUGINFOD_URLS=https://debuginfod.ubuntu.com /usr/bin/cmake --build /home/za1van/ros2_ws/build/my_service_interfaces -- -j4 -l4
[0.790s] gmake[1]: Entering directory '/home/za1van/ros2_ws/build/my_service_interfaces'
[0.791s] gmake[2]: Entering directory '/home/za1van/ros2_ws/build/my_service_interfaces'
[0.792s] gmake[3]: Entering directory '/home/za1van/ros2_ws/build/my_service_interfaces'
[0.792s] gmake[3]: Entering directory '/home/za1van/ros2_ws/build/my_service_interfaces'
[0.792s] gmake[3]: Leaving directory '/home/za1van/ros2_ws/build/my_service_interfaces'
[0.792s] gmake[3]: Leaving directory '/home/za1van/ros2_ws/build/my_service_interfaces'
[0.792s] gmake[3]: Entering directory '/home/za1van/ros2_ws/build/my_service_interfaces'
[0.792s] gmake[3]: Leaving directory '/home/za1van/ros2_ws/build/my_service_interfaces'
[0.793s] [  2%] Built target my_service_interfaces__rosidl_generator_type_description
[0.793s] gmake[3]: Entering directory '/home/za1van/ros2_ws/build/my_service_interfaces'
[0.793s] gmake[3]: Entering directory '/home/za1van/ros2_ws/build/my_service_interfaces'
[0.793s] [  2%] Built target ament_cmake_python_copy_my_service_interfaces
[0.793s] gmake[3]: Entering directory '/home/za1van/ros2_ws/build/my_service_interfaces'
[0.794s] gmake[3]: Leaving directory '/home/za1van/ros2_ws/build/my_service_interfaces'
[0.794s] gmake[3]: Leaving directory '/home/za1van/ros2_ws/build/my_service_interfaces'
[0.794s] gmake[3]: Leaving directory '/home/za1van/ros2_ws/build/my_service_interfaces'
[0.794s] gmake[3]: Entering directory '/home/za1van/ros2_ws/build/my_service_interfaces'
[0.795s] [  5%] Built target my_service_interfaces__cpp
[0.795s] [ 20%] Built target my_service_interfaces__rosidl_generator_c
[0.795s] gmake[3]: Entering directory '/home/za1van/ros2_ws/build/my_service_interfaces'
[0.795s] gmake[3]: Entering directory '/home/za1van/ros2_ws/build/my_service_interfaces'
[0.795s] gmake[3]: Entering directory '/home/za1van/ros2_ws/build/my_service_interfaces'
[0.795s] gmake[3]: Leaving directory '/home/za1van/ros2_ws/build/my_service_interfaces'
[0.796s] gmake[3]: Leaving directory '/home/za1van/ros2_ws/build/my_service_interfaces'
[0.796s] gmake[3]: Leaving directory '/home/za1van/ros2_ws/build/my_service_interfaces'
[0.796s] [ 29%] Built target my_service_interfaces__rosidl_typesupport_fastrtps_c
[0.796s] gmake[3]: Entering directory '/home/za1van/ros2_ws/build/my_service_interfaces'
[0.796s] [ 38%] Built target my_service_interfaces__rosidl_typesupport_introspection_c
[0.797s] [ 47%] Built target my_service_interfaces__rosidl_typesupport_c
[0.797s] gmake[3]: Leaving directory '/home/za1van/ros2_ws/build/my_service_interfaces'
[0.797s] gmake[3]: Entering directory '/home/za1van/ros2_ws/build/my_service_interfaces'
[0.797s] gmake[3]: Entering directory '/home/za1van/ros2_ws/build/my_service_interfaces'
[0.797s] gmake[3]: Leaving directory '/home/za1van/ros2_ws/build/my_service_interfaces'
[0.797s] [ 55%] Built target my_service_interfaces__rosidl_typesupport_fastrtps_cpp
[0.798s] gmake[3]: Leaving directory '/home/za1van/ros2_ws/build/my_service_interfaces'
[0.798s] [ 64%] Built target my_service_interfaces__rosidl_typesupport_introspection_cpp
[0.798s] [ 73%] Built target my_service_interfaces__rosidl_typesupport_cpp
[0.798s] gmake[3]: Entering directory '/home/za1van/ros2_ws/build/my_service_interfaces'
[0.798s] gmake[3]: Leaving directory '/home/za1van/ros2_ws/build/my_service_interfaces'
[0.798s] [ 73%] Built target my_service_interfaces
[0.799s] gmake[3]: Entering directory '/home/za1van/ros2_ws/build/my_service_interfaces'
[0.799s] gmake[3]: Leaving directory '/home/za1van/ros2_ws/build/my_service_interfaces'
[0.799s] [ 76%] Built target my_service_interfaces__py
[0.799s] gmake[3]: Entering directory '/home/za1van/ros2_ws/build/my_service_interfaces'
[0.799s] gmake[3]: Leaving directory '/home/za1van/ros2_ws/build/my_service_interfaces'
[0.799s] [ 82%] Built target my_service_interfaces__rosidl_generator_py
[0.800s] gmake[3]: Entering directory '/home/za1van/ros2_ws/build/my_service_interfaces'
[0.800s] gmake[3]: Entering directory '/home/za1van/ros2_ws/build/my_service_interfaces'
[0.800s] gmake[3]: Entering directory '/home/za1van/ros2_ws/build/my_service_interfaces'
[0.800s] gmake[3]: Leaving directory '/home/za1van/ros2_ws/build/my_service_interfaces'
[0.800s] [ 88%] Built target my_service_interfaces_s__rosidl_typesupport_fastrtps_c
[0.800s] gmake[3]: Leaving directory '/home/za1van/ros2_ws/build/my_service_interfaces'
[0.801s] gmake[3]: Leaving directory '/home/za1van/ros2_ws/build/my_service_interfaces'
[0.801s] [ 94%] Built target my_service_interfaces_s__rosidl_typesupport_introspection_c
[0.801s] [100%] Built target my_service_interfaces_s__rosidl_typesupport_c
[0.801s] running egg_info
[0.801s] writing my_service_interfaces.egg-info/PKG-INFO
[0.801s] writing dependency_links to my_service_interfaces.egg-info/dependency_links.txt
[0.802s] writing top-level names to my_service_interfaces.egg-info/top_level.txt
[0.802s] reading manifest file 'my_service_interfaces.egg-info/SOURCES.txt'
[0.802s] writing manifest file 'my_service_interfaces.egg-info/SOURCES.txt'
[0.802s] gmake[3]: Leaving directory '/home/za1van/ros2_ws/build/my_service_interfaces'
[0.802s] [100%] Built target ament_cmake_python_build_my_service_interfaces_egg
[0.803s] gmake[2]: Leaving directory '/home/za1van/ros2_ws/build/my_service_interfaces'
[0.803s] gmake[1]: Leaving directory '/home/za1van/ros2_ws/build/my_service_interfaces'
[1.121s] Invoked command in '/home/za1van/ros2_ws/build/my_service_interfaces' returned '0': CMAKE_PREFIX_PATH=${CMAKE_PREFIX_PATH}:/home/za1van/ros2_ws/install/my_turtle_controller:/home/za1van/ros2_ws/install/my_service_server:/home/za1van/ros2_ws/install/my_service_client:/home/za1van/ros2_ws/install/my_project_start:/home/za1van/ros2_ws/install/3t:/opt/ros/jazzy DEBUGINFOD_URLS=https://debuginfod.ubuntu.com /usr/bin/cmake --build /home/za1van/ros2_ws/build/my_service_interfaces -- -j4 -l4
[1.127s] Invoking command in '/home/za1van/ros2_ws/build/my_service_interfaces': CMAKE_PREFIX_PATH=${CMAKE_PREFIX_PATH}:/home/za1van/ros2_ws/install/my_turtle_controller:/home/za1van/ros2_ws/install/my_service_server:/home/za1van/ros2_ws/install/my_service_client:/home/za1van/ros2_ws/install/my_project_start:/home/za1van/ros2_ws/install/3t:/opt/ros/jazzy DEBUGINFOD_URLS=https://debuginfod.ubuntu.com /usr/bin/cmake --install /home/za1van/ros2_ws/build/my_service_interfaces
[1.138s] -- Install configuration: ""
[1.138s] -- Up-to-date: /home/za1van/ros2_ws/install/my_service_interfaces/share/ament_index/resource_index/rosidl_interfaces/my_service_interfaces
[1.138s] -- Up-to-date: /home/za1van/ros2_ws/install/my_service_interfaces/share/my_service_interfaces/srv/SetVelocity.json
[1.139s] -- Up-to-date: /home/za1van/ros2_ws/install/my_service_interfaces/include/my_service_interfaces/my_service_interfaces
[1.143s] -- Up-to-date: /home/za1van/ros2_ws/install/my_service_interfaces/include/my_service_interfaces/my_service_interfaces/srv
[1.143s] -- Up-to-date: /home/za1van/ros2_ws/install/my_service_interfaces/include/my_service_interfaces/my_service_interfaces/srv/detail
[1.144s] -- Up-to-date: /home/za1van/ros2_ws/install/my_service_interfaces/include/my_service_interfaces/my_service_interfaces/srv/detail/set_velocity__type_support.c
[1.144s] -- Up-to-date: /home/za1van/ros2_ws/install/my_service_interfaces/include/my_service_interfaces/my_service_interfaces/srv/detail/set_velocity__struct.h
[1.144s] -- Up-to-date: /home/za1van/ros2_ws/install/my_service_interfaces/include/my_service_interfaces/my_service_interfaces/srv/detail/set_velocity__functions.h
[1.144s] -- Up-to-date: /home/za1van/ros2_ws/install/my_service_interfaces/include/my_service_interfaces/my_service_interfaces/srv/detail/set_velocity__type_support.h
[1.146s] -- Up-to-date: /home/za1van/ros2_ws/install/my_service_interfaces/include/my_service_interfaces/my_service_interfaces/srv/detail/set_velocity__functions.c
[1.147s] -- Up-to-date: /home/za1van/ros2_ws/install/my_service_interfaces/include/my_service_interfaces/my_service_interfaces/srv/detail/set_velocity__description.c
[1.148s] -- Up-to-date: /home/za1van/ros2_ws/install/my_service_interfaces/include/my_service_interfaces/my_service_interfaces/srv/set_velocity.h
[1.148s] -- Up-to-date: /home/za1van/ros2_ws/install/my_service_interfaces/include/my_service_interfaces/my_service_interfaces/msg
[1.149s] -- Up-to-date: /home/za1van/ros2_ws/install/my_service_interfaces/include/my_service_interfaces/my_service_interfaces/msg/rosidl_generator_c__visibility_control.h
[1.149s] -- Up-to-date: /home/za1van/ros2_ws/install/my_service_interfaces/share/my_service_interfaces/environment/library_path.sh
[1.149s] -- Up-to-date: /home/za1van/ros2_ws/install/my_service_interfaces/share/my_service_interfaces/environment/library_path.dsv
[1.150s] -- Up-to-date: /home/za1van/ros2_ws/install/my_service_interfaces/lib/libmy_service_interfaces__rosidl_generator_c.so
[1.151s] -- Up-to-date: /home/za1van/ros2_ws/install/my_service_interfaces/include/my_service_interfaces/my_service_interfaces
[1.151s] -- Up-to-date: /home/za1van/ros2_ws/install/my_service_interfaces/include/my_service_interfaces/my_service_interfaces/srv
[1.151s] -- Up-to-date: /home/za1van/ros2_ws/install/my_service_interfaces/include/my_service_interfaces/my_service_interfaces/srv/detail
[1.151s] -- Up-to-date: /home/za1van/ros2_ws/install/my_service_interfaces/include/my_service_interfaces/my_service_interfaces/srv/detail/set_velocity__rosidl_typesupport_fastrtps_c.h
[1.151s] -- Up-to-date: /home/za1van/ros2_ws/install/my_service_interfaces/include/my_service_interfaces/my_service_interfaces/msg
[1.153s] -- Up-to-date: /home/za1van/ros2_ws/install/my_service_interfaces/include/my_service_interfaces/my_service_interfaces/msg/rosidl_typesupport_fastrtps_c__visibility_control.h
[1.153s] -- Up-to-date: /home/za1van/ros2_ws/install/my_service_interfaces/lib/libmy_service_interfaces__rosidl_typesupport_fastrtps_c.so
[1.154s] -- Up-to-date: /home/za1van/ros2_ws/install/my_service_interfaces/include/my_service_interfaces/my_service_interfaces
[1.154s] -- Up-to-date: /home/za1van/ros2_ws/install/my_service_interfaces/include/my_service_interfaces/my_service_interfaces/srv
[1.154s] -- Up-to-date: /home/za1van/ros2_ws/install/my_service_interfaces/include/my_service_interfaces/my_service_interfaces/srv/detail
[1.154s] -- Up-to-date: /home/za1van/ros2_ws/install/my_service_interfaces/include/my_service_interfaces/my_service_interfaces/srv/detail/set_velocity__type_support.c
[1.155s] -- Up-to-date: /home/za1van/ros2_ws/install/my_service_interfaces/include/my_service_interfaces/my_service_interfaces/srv/detail/set_velocity__rosidl_typesupport_introspection_c.h
[1.155s] -- Up-to-date: /home/za1van/ros2_ws/install/my_service_interfaces/include/my_service_interfaces/my_service_interfaces/msg
[1.156s] -- Up-to-date: /home/za1van/ros2_ws/install/my_service_interfaces/include/my_service_interfaces/my_service_interfaces/msg/rosidl_typesupport_introspection_c__visibility_control.h
[1.156s] -- Up-to-date: /home/za1van/ros2_ws/install/my_service_interfaces/lib/libmy_service_interfaces__rosidl_typesupport_introspection_c.so
[1.157s] -- Up-to-date: /home/za1van/ros2_ws/install/my_service_interfaces/lib/libmy_service_interfaces__rosidl_typesupport_c.so
[1.157s] -- Up-to-date: /home/za1van/ros2_ws/install/my_service_interfaces/include/my_service_interfaces/my_service_interfaces
[1.157s] -- Up-to-date: /home/za1van/ros2_ws/install/my_service_interfaces/include/my_service_interfaces/my_service_interfaces/srv
[1.158s] -- Up-to-date: /home/za1van/ros2_ws/install/my_service_interfaces/include/my_service_interfaces/my_service_interfaces/srv/set_velocity.hpp
[1.159s] -- Up-to-date: /home/za1van/ros2_ws/install/my_service_interfaces/include/my_service_interfaces/my_service_interfaces/srv/detail
[1.159s] -- Up-to-date: /home/za1van/ros2_ws/install/my_service_interfaces/include/my_service_interfaces/my_service_interfaces/srv/detail/set_velocity__traits.hpp
[1.159s] -- Up-to-date: /home/za1van/ros2_ws/install/my_service_interfaces/include/my_service_interfaces/my_service_interfaces/srv/detail/set_velocity__builder.hpp
[1.161s] -- Up-to-date: /home/za1van/ros2_ws/install/my_service_interfaces/include/my_service_interfaces/my_service_interfaces/srv/detail/set_velocity__type_support.hpp
[1.161s] -- Up-to-date: /home/za1van/ros2_ws/install/my_service_interfaces/include/my_service_interfaces/my_service_interfaces/srv/detail/set_velocity__struct.hpp
[1.161s] -- Up-to-date: /home/za1van/ros2_ws/install/my_service_interfaces/include/my_service_interfaces/my_service_interfaces/msg
[1.161s] -- Up-to-date: /home/za1van/ros2_ws/install/my_service_interfaces/include/my_service_interfaces/my_service_interfaces/msg/rosidl_generator_cpp__visibility_control.hpp
[1.161s] -- Up-to-date: /home/za1van/ros2_ws/install/my_service_interfaces/include/my_service_interfaces/my_service_interfaces
[1.163s] -- Up-to-date: /home/za1van/ros2_ws/install/my_service_interfaces/include/my_service_interfaces/my_service_interfaces/srv
[1.163s] -- Up-to-date: /home/za1van/ros2_ws/install/my_service_interfaces/include/my_service_interfaces/my_service_interfaces/srv/detail
[1.163s] -- Up-to-date: /home/za1van/ros2_ws/install/my_service_interfaces/include/my_service_interfaces/my_service_interfaces/srv/detail/dds_fastrtps
[1.163s] -- Up-to-date: /home/za1van/ros2_ws/install/my_service_interfaces/include/my_service_interfaces/my_service_interfaces/srv/detail/set_velocity__rosidl_typesupport_fastrtps_cpp.hpp
[1.164s] -- Up-to-date: /home/za1van/ros2_ws/install/my_service_interfaces/include/my_service_interfaces/my_service_interfaces/msg
[1.164s] -- Up-to-date: /home/za1van/ros2_ws/install/my_service_interfaces/include/my_service_interfaces/my_service_interfaces/msg/rosidl_typesupport_fastrtps_cpp__visibility_control.h
[1.165s] -- Up-to-date: /home/za1van/ros2_ws/install/my_service_interfaces/lib/libmy_service_interfaces__rosidl_typesupport_fastrtps_cpp.so
[1.166s] -- Up-to-date: /home/za1van/ros2_ws/install/my_service_interfaces/include/my_service_interfaces/my_service_interfaces
[1.166s] -- Up-to-date: /home/za1van/ros2_ws/install/my_service_interfaces/include/my_service_interfaces/my_service_interfaces/srv
[1.166s] -- Up-to-date: /home/za1van/ros2_ws/install/my_service_interfaces/include/my_service_interfaces/my_service_interfaces/srv/detail
[1.167s] -- Up-to-date: /home/za1van/ros2_ws/install/my_service_interfaces/include/my_service_interfaces/my_service_interfaces/srv/detail/set_velocity__type_support.cpp
[1.167s] -- Up-to-date: /home/za1van/ros2_ws/install/my_service_interfaces/include/my_service_interfaces/my_service_interfaces/srv/detail/set_velocity__rosidl_typesupport_introspection_cpp.hpp
[1.168s] -- Up-to-date: /home/za1van/ros2_ws/install/my_service_interfaces/lib/libmy_service_interfaces__rosidl_typesupport_introspection_cpp.so
[1.168s] -- Up-to-date: /home/za1van/ros2_ws/install/my_service_interfaces/lib/libmy_service_interfaces__rosidl_typesupport_cpp.so
[1.168s] -- Up-to-date: /home/za1van/ros2_ws/install/my_service_interfaces/share/my_service_interfaces/environment/pythonpath.sh
[1.168s] -- Up-to-date: /home/za1van/ros2_ws/install/my_service_interfaces/share/my_service_interfaces/environment/pythonpath.dsv
[1.168s] -- Up-to-date: /home/za1van/ros2_ws/install/my_service_interfaces/lib/python3.12/site-packages/my_service_interfaces-0.0.0-py3.12.egg-info
[1.170s] -- Installing: /home/za1van/ros2_ws/install/my_service_interfaces/lib/python3.12/site-packages/my_service_interfaces-0.0.0-py3.12.egg-info/dependency_links.txt
[1.170s] -- Installing: /home/za1van/ros2_ws/install/my_service_interfaces/lib/python3.12/site-packages/my_service_interfaces-0.0.0-py3.12.egg-info/PKG-INFO
[1.170s] -- Installing: /home/za1van/ros2_ws/install/my_service_interfaces/lib/python3.12/site-packages/my_service_interfaces-0.0.0-py3.12.egg-info/top_level.txt
[1.170s] -- Installing: /home/za1van/ros2_ws/install/my_service_interfaces/lib/python3.12/site-packages/my_service_interfaces-0.0.0-py3.12.egg-info/SOURCES.txt
[1.171s] -- Up-to-date: /home/za1van/ros2_ws/install/my_service_interfaces/lib/python3.12/site-packages/my_service_interfaces
[1.172s] -- Up-to-date: /home/za1van/ros2_ws/install/my_service_interfaces/lib/python3.12/site-packages/my_service_interfaces/my_service_interfaces_s__rosidl_typesupport_c.so
[1.172s] -- Up-to-date: /home/za1van/ros2_ws/install/my_service_interfaces/lib/python3.12/site-packages/my_service_interfaces/srv
[1.173s] -- Up-to-date: /home/za1van/ros2_ws/install/my_service_interfaces/lib/python3.12/site-packages/my_service_interfaces/srv/_set_velocity_s.c
[1.173s] -- Up-to-date: /home/za1van/ros2_ws/install/my_service_interfaces/lib/python3.12/site-packages/my_service_interfaces/srv/_set_velocity.py
[1.173s] -- Up-to-date: /home/za1van/ros2_ws/install/my_service_interfaces/lib/python3.12/site-packages/my_service_interfaces/srv/__init__.py
[1.173s] -- Up-to-date: /home/za1van/ros2_ws/install/my_service_interfaces/lib/python3.12/site-packages/my_service_interfaces/my_service_interfaces_s__rosidl_typesupport_fastrtps_c.so
[1.174s] -- Up-to-date: /home/za1van/ros2_ws/install/my_service_interfaces/lib/python3.12/site-packages/my_service_interfaces/_my_service_interfaces_s.ep.rosidl_typesupport_introspection_c.c
[1.175s] -- Up-to-date: /home/za1van/ros2_ws/install/my_service_interfaces/lib/python3.12/site-packages/my_service_interfaces/__init__.py
[1.175s] -- Up-to-date: /home/za1van/ros2_ws/install/my_service_interfaces/lib/python3.12/site-packages/my_service_interfaces/my_service_interfaces_s__rosidl_typesupport_introspection_c.so
[1.175s] -- Up-to-date: /home/za1van/ros2_ws/install/my_service_interfaces/lib/python3.12/site-packages/my_service_interfaces/_my_service_interfaces_s.ep.rosidl_typesupport_c.c
[1.175s] -- Up-to-date: /home/za1van/ros2_ws/install/my_service_interfaces/lib/python3.12/site-packages/my_service_interfaces/_my_service_interfaces_s.ep.rosidl_typesupport_fastrtps_c.c
[1.221s] Listing '/home/za1van/ros2_ws/install/my_service_interfaces/lib/python3.12/site-packages/my_service_interfaces'...
[1.221s] Listing '/home/za1van/ros2_ws/install/my_service_interfaces/lib/python3.12/site-packages/my_service_interfaces/srv'...
[1.234s] -- Up-to-date: /home/za1van/ros2_ws/install/my_service_interfaces/lib/python3.12/site-packages/my_service_interfaces/my_service_interfaces_s__rosidl_typesupport_fastrtps_c.so
[1.234s] -- Up-to-date: /home/za1van/ros2_ws/install/my_service_interfaces/lib/python3.12/site-packages/my_service_interfaces/my_service_interfaces_s__rosidl_typesupport_introspection_c.so
[1.235s] -- Up-to-date: /home/za1van/ros2_ws/install/my_service_interfaces/lib/python3.12/site-packages/my_service_interfaces/my_service_interfaces_s__rosidl_typesupport_c.so
[1.236s] -- Up-to-date: /home/za1van/ros2_ws/install/my_service_interfaces/lib/libmy_service_interfaces__rosidl_generator_py.so
[1.236s] -- Up-to-date: /home/za1van/ros2_ws/install/my_service_interfaces/share/my_service_interfaces/srv/SetVelocity.idl
[1.237s] -- Up-to-date: /home/za1van/ros2_ws/install/my_service_interfaces/share/my_service_interfaces/srv/SetVelocity.srv
[1.237s] -- Up-to-date: /home/za1van/ros2_ws/install/my_service_interfaces/share/ament_index/resource_index/package_run_dependencies/my_service_interfaces
[1.238s] -- Up-to-date: /home/za1van/ros2_ws/install/my_service_interfaces/share/ament_index/resource_index/parent_prefix_path/my_service_interfaces
[1.238s] -- Up-to-date: /home/za1van/ros2_ws/install/my_service_interfaces/share/my_service_interfaces/environment/ament_prefix_path.sh
[1.238s] -- Up-to-date: /home/za1van/ros2_ws/install/my_service_interfaces/share/my_service_interfaces/environment/ament_prefix_path.dsv
[1.239s] -- Up-to-date: /home/za1van/ros2_ws/install/my_service_interfaces/share/my_service_interfaces/environment/path.sh
[1.240s] -- Up-to-date: /home/za1van/ros2_ws/install/my_service_interfaces/share/my_service_interfaces/environment/path.dsv
[1.240s] -- Up-to-date: /home/za1van/ros2_ws/install/my_service_interfaces/share/my_service_interfaces/local_setup.bash
[1.240s] -- Up-to-date: /home/za1van/ros2_ws/install/my_service_interfaces/share/my_service_interfaces/local_setup.sh
[1.240s] -- Up-to-date: /home/za1van/ros2_ws/install/my_service_interfaces/share/my_service_interfaces/local_setup.zsh
[1.241s] -- Up-to-date: /home/za1van/ros2_ws/install/my_service_interfaces/share/my_service_interfaces/local_setup.dsv
[1.241s] -- Installing: /home/za1van/ros2_ws/install/my_service_interfaces/share/my_service_interfaces/package.dsv
[1.244s] -- Up-to-date: /home/za1van/ros2_ws/install/my_service_interfaces/share/ament_index/resource_index/packages/my_service_interfaces
[1.244s] -- Up-to-date: /home/za1van/ros2_ws/install/my_service_interfaces/share/my_service_interfaces/cmake/export_my_service_interfaces__rosidl_generator_cExport.cmake
[1.244s] -- Up-to-date: /home/za1van/ros2_ws/install/my_service_interfaces/share/my_service_interfaces/cmake/export_my_service_interfaces__rosidl_generator_cExport-noconfig.cmake
[1.245s] -- Up-to-date: /home/za1van/ros2_ws/install/my_service_interfaces/share/my_service_interfaces/cmake/export_my_service_interfaces__rosidl_typesupport_fastrtps_cExport.cmake
[1.245s] -- Up-to-date: /home/za1van/ros2_ws/install/my_service_interfaces/share/my_service_interfaces/cmake/export_my_service_interfaces__rosidl_typesupport_fastrtps_cExport-noconfig.cmake
[1.245s] -- Up-to-date: /home/za1van/ros2_ws/install/my_service_interfaces/share/my_service_interfaces/cmake/my_service_interfaces__rosidl_typesupport_introspection_cExport.cmake
[1.246s] -- Up-to-date: /home/za1van/ros2_ws/install/my_service_interfaces/share/my_service_interfaces/cmake/my_service_interfaces__rosidl_typesupport_introspection_cExport-noconfig.cmake
[1.247s] -- Up-to-date: /home/za1van/ros2_ws/install/my_service_interfaces/share/my_service_interfaces/cmake/my_service_interfaces__rosidl_typesupport_cExport.cmake
[1.247s] -- Up-to-date: /home/za1van/ros2_ws/install/my_service_interfaces/share/my_service_interfaces/cmake/my_service_interfaces__rosidl_typesupport_cExport-noconfig.cmake
[1.247s] -- Up-to-date: /home/za1van/ros2_ws/install/my_service_interfaces/share/my_service_interfaces/cmake/export_my_service_interfaces__rosidl_generator_cppExport.cmake
[1.247s] -- Up-to-date: /home/za1van/ros2_ws/install/my_service_interfaces/share/my_service_interfaces/cmake/export_my_service_interfaces__rosidl_typesupport_fastrtps_cppExport.cmake
[1.250s] -- Up-to-date: /home/za1van/ros2_ws/install/my_service_interfaces/share/my_service_interfaces/cmake/export_my_service_interfaces__rosidl_typesupport_fastrtps_cppExport-noconfig.cmake
[1.250s] -- Up-to-date: /home/za1van/ros2_ws/install/my_service_interfaces/share/my_service_interfaces/cmake/my_service_interfaces__rosidl_typesupport_introspection_cppExport.cmake
[1.250s] -- Up-to-date: /home/za1van/ros2_ws/install/my_service_interfaces/share/my_service_interfaces/cmake/my_service_interfaces__rosidl_typesupport_introspection_cppExport-noconfig.cmake
[1.250s] -- Up-to-date: /home/za1van/ros2_ws/install/my_service_interfaces/share/my_service_interfaces/cmake/my_service_interfaces__rosidl_typesupport_cppExport.cmake
[1.251s] -- Up-to-date: /home/za1van/ros2_ws/install/my_service_interfaces/share/my_service_interfaces/cmake/my_service_interfaces__rosidl_typesupport_cppExport-noconfig.cmake
[1.252s] -- Up-to-date: /home/za1van/ros2_ws/install/my_service_interfaces/share/my_service_interfaces/cmake/export_my_service_interfaces__rosidl_generator_pyExport.cmake
[1.252s] -- Up-to-date: /home/za1van/ros2_ws/install/my_service_interfaces/share/my_service_interfaces/cmake/export_my_service_interfaces__rosidl_generator_pyExport-noconfig.cmake
[1.252s] -- Up-to-date: /home/za1van/ros2_ws/install/my_service_interfaces/share/my_service_interfaces/cmake/rosidl_cmake-extras.cmake
[1.253s] -- Up-to-date: /home/za1van/ros2_ws/install/my_service_interfaces/share/my_service_interfaces/cmake/ament_cmake_export_dependencies-extras.cmake
[1.253s] -- Up-to-date: /home/za1van/ros2_ws/install/my_service_interfaces/share/my_service_interfaces/cmake/ament_cmake_export_include_directories-extras.cmake
[1.253s] -- Up-to-date: /home/za1van/ros2_ws/install/my_service_interfaces/share/my_service_interfaces/cmake/ament_cmake_export_libraries-extras.cmake
[1.260s] -- Up-to-date: /home/za1van/ros2_ws/install/my_service_interfaces/share/my_service_interfaces/cmake/ament_cmake_export_targets-extras.cmake
[1.260s] -- Up-to-date: /home/za1van/ros2_ws/install/my_service_interfaces/share/my_service_interfaces/cmake/rosidl_cmake_export_typesupport_targets-extras.cmake
[1.261s] -- Up-to-date: /home/za1van/ros2_ws/install/my_service_interfaces/share/my_service_interfaces/cmake/rosidl_cmake_export_typesupport_libraries-extras.cmake
[1.261s] -- Up-to-date: /home/za1van/ros2_ws/install/my_service_interfaces/share/my_service_interfaces/cmake/my_service_interfacesConfig.cmake
[1.261s] -- Up-to-date: /home/za1van/ros2_ws/install/my_service_interfaces/share/my_service_interfaces/cmake/my_service_interfacesConfig-version.cmake
[1.261s] -- Up-to-date: /home/za1van/ros2_ws/install/my_service_interfaces/share/my_service_interfaces/package.xml
[1.262s] Invoked command in '/home/za1van/ros2_ws/build/my_service_interfaces' returned '0': CMAKE_PREFIX_PATH=${CMAKE_PREFIX_PATH}:/home/za1van/ros2_ws/install/my_turtle_controller:/home/za1van/ros2_ws/install/my_service_server:/home/za1van/ros2_ws/install/my_service_client:/home/za1van/ros2_ws/install/my_project_start:/home/za1van/ros2_ws/install/3t:/opt/ros/jazzy DEBUGINFOD_URLS=https://debuginfod.ubuntu.com /usr/bin/cmake --install /home/za1van/ros2_ws/build/my_service_interfaces
