[2.263s] Invoking command in '/home/za1van/ros2_ws/src/my_tf2_demo': DEBUGINFOD_URLS=https://debuginfod.ubuntu.com PYTHONPATH=/home/za1van/ros2_ws/build/my_tf2_demo/prefix_override:/usr/lib/python3/dist-packages/colcon_core/task/python/colcon_distutils_commands:/home/za1van/ros2_ws/install/my_tf2_demo/lib/python3.12/site-packages:${PYTHONPATH} /usr/bin/python3 -W ignore:setup.py install is deprecated -W ignore:easy_install command is deprecated setup.py egg_info --egg-base ../../build/my_tf2_demo build --build-base /home/za1van/ros2_ws/build/my_tf2_demo/build install --record /home/za1van/ros2_ws/build/my_tf2_demo/install.log --single-version-externally-managed install_data
[3.952s] running egg_info
[4.013s] writing ../../build/my_tf2_demo/my_tf2_demo.egg-info/PKG-INFO
[4.013s] writing dependency_links to ../../build/my_tf2_demo/my_tf2_demo.egg-info/dependency_links.txt
[4.013s] writing entry points to ../../build/my_tf2_demo/my_tf2_demo.egg-info/entry_points.txt
[4.014s] writing requirements to ../../build/my_tf2_demo/my_tf2_demo.egg-info/requires.txt
[4.019s] writing top-level names to ../../build/my_tf2_demo/my_tf2_demo.egg-info/top_level.txt
[4.135s] reading manifest file '../../build/my_tf2_demo/my_tf2_demo.egg-info/SOURCES.txt'
[4.138s] writing manifest file '../../build/my_tf2_demo/my_tf2_demo.egg-info/SOURCES.txt'
[4.141s] running build
[4.143s] running build_py
[4.147s] running install
[4.162s] running install_lib
[4.218s] running install_data
[4.218s] creating /home/za1van/ros2_ws/install/my_tf2_demo/share/my_tf2_demo/launch
[4.219s] copying launch/tf2_turtlesim.launch.py -> /home/za1van/ros2_ws/install/my_tf2_demo/share/my_tf2_demo/launch
[4.219s] running install_egg_info
[4.257s] removing '/home/za1van/ros2_ws/install/my_tf2_demo/lib/python3.12/site-packages/my_tf2_demo-0.0.0-py3.12.egg-info' (and everything under it)
[4.259s] Copying ../../build/my_tf2_demo/my_tf2_demo.egg-info to /home/za1van/ros2_ws/install/my_tf2_demo/lib/python3.12/site-packages/my_tf2_demo-0.0.0-py3.12.egg-info
[4.259s] running install_scripts
[4.528s] Installing spawn_second_turtle script to /home/za1van/ros2_ws/install/my_tf2_demo/lib/my_tf2_demo
[4.529s] Installing turtle_tf2_broadcaster script to /home/za1van/ros2_ws/install/my_tf2_demo/lib/my_tf2_demo
[4.531s] Installing turtle_tf2_listener script to /home/za1van/ros2_ws/install/my_tf2_demo/lib/my_tf2_demo
[4.532s] writing list of installed files to '/home/za1van/ros2_ws/build/my_tf2_demo/install.log'
[4.583s] Invoked command in '/home/za1van/ros2_ws/src/my_tf2_demo' returned '0': DEBUGINFOD_URLS=https://debuginfod.ubuntu.com PYTHONPATH=/home/za1van/ros2_ws/build/my_tf2_demo/prefix_override:/usr/lib/python3/dist-packages/colcon_core/task/python/colcon_distutils_commands:/home/za1van/ros2_ws/install/my_tf2_demo/lib/python3.12/site-packages:${PYTHONPATH} /usr/bin/python3 -W ignore:setup.py install is deprecated -W ignore:easy_install command is deprecated setup.py egg_info --egg-base ../../build/my_tf2_demo build --build-base /home/za1van/ros2_ws/build/my_tf2_demo/build install --record /home/za1van/ros2_ws/build/my_tf2_demo/install.log --single-version-externally-managed install_data
