[4.262s] Invoking command in '/home/za1van/ros2_ws/src/my_service_server': DEBUGINFOD_URLS=https://debuginfod.ubuntu.com PYTHONPATH=/home/za1van/ros2_ws/build/my_service_server/prefix_override:/usr/lib/python3/dist-packages/colcon_core/task/python/colcon_distutils_commands:/home/za1van/ros2_ws/install/my_service_server/lib/python3.12/site-packages:${PYTHONPATH} /usr/bin/python3 -W ignore:setup.py install is deprecated -W ignore:easy_install command is deprecated setup.py egg_info --egg-base ../../build/my_service_server build --build-base /home/za1van/ros2_ws/build/my_service_server/build install --record /home/za1van/ros2_ws/build/my_service_server/install.log --single-version-externally-managed install_data
[5.193s] running egg_info
[5.252s] writing ../../build/my_service_server/my_service_server.egg-info/PKG-INFO
[5.252s] writing dependency_links to ../../build/my_service_server/my_service_server.egg-info/dependency_links.txt
[5.253s] writing entry points to ../../build/my_service_server/my_service_server.egg-info/entry_points.txt
[5.253s] writing requirements to ../../build/my_service_server/my_service_server.egg-info/requires.txt
[5.257s] writing top-level names to ../../build/my_service_server/my_service_server.egg-info/top_level.txt
[5.373s] reading manifest file '../../build/my_service_server/my_service_server.egg-info/SOURCES.txt'
[5.374s] writing manifest file '../../build/my_service_server/my_service_server.egg-info/SOURCES.txt'
[5.375s] running build
[5.375s] running build_py
[5.377s] running install
[5.393s] running install_lib
[5.449s] running install_data
[5.449s] running install_egg_info
[5.515s] removing '/home/za1van/ros2_ws/install/my_service_server/lib/python3.12/site-packages/my_service_server-0.0.0-py3.12.egg-info' (and everything under it)
[5.515s] Copying ../../build/my_service_server/my_service_server.egg-info to /home/za1van/ros2_ws/install/my_service_server/lib/python3.12/site-packages/my_service_server-0.0.0-py3.12.egg-info
[5.518s] running install_scripts
[5.938s] Installing velocity_server script to /home/za1van/ros2_ws/install/my_service_server/lib/my_service_server
[5.941s] writing list of installed files to '/home/za1van/ros2_ws/build/my_service_server/install.log'
[6.031s] Invoked command in '/home/za1van/ros2_ws/src/my_service_server' returned '0': DEBUGINFOD_URLS=https://debuginfod.ubuntu.com PYTHONPATH=/home/za1van/ros2_ws/build/my_service_server/prefix_override:/usr/lib/python3/dist-packages/colcon_core/task/python/colcon_distutils_commands:/home/za1van/ros2_ws/install/my_service_server/lib/python3.12/site-packages:${PYTHONPATH} /usr/bin/python3 -W ignore:setup.py install is deprecated -W ignore:easy_install command is deprecated setup.py egg_info --egg-base ../../build/my_service_server build --build-base /home/za1van/ros2_ws/build/my_service_server/build install --record /home/za1van/ros2_ws/build/my_service_server/install.log --single-version-externally-managed install_data
