[4.653s] Invoking command in '/home/za1van/ros2_ws/src/my_tf2_demo': DEBUGINFOD_URLS=https://debuginfod.ubuntu.com PYTHONPATH=/home/za1van/ros2_ws/build/my_tf2_demo/prefix_override:/usr/lib/python3/dist-packages/colcon_core/task/python/colcon_distutils_commands:/home/za1van/ros2_ws/install/my_tf2_demo/lib/python3.12/site-packages:${PYTHONPATH} /usr/bin/python3 -W ignore:setup.py install is deprecated -W ignore:easy_install command is deprecated setup.py egg_info --egg-base ../../build/my_tf2_demo build --build-base /home/za1van/ros2_ws/build/my_tf2_demo/build install --record /home/za1van/ros2_ws/build/my_tf2_demo/install.log --single-version-externally-managed install_data
[5.739s] running egg_info
[5.739s] creating ../../build/my_tf2_demo/my_tf2_demo.egg-info
[5.802s] writing ../../build/my_tf2_demo/my_tf2_demo.egg-info/PKG-INFO
[5.803s] writing dependency_links to ../../build/my_tf2_demo/my_tf2_demo.egg-info/dependency_links.txt
[5.803s] writing entry points to ../../build/my_tf2_demo/my_tf2_demo.egg-info/entry_points.txt
[5.803s] writing requirements to ../../build/my_tf2_demo/my_tf2_demo.egg-info/requires.txt
[5.807s] writing top-level names to ../../build/my_tf2_demo/my_tf2_demo.egg-info/top_level.txt
[5.811s] writing manifest file '../../build/my_tf2_demo/my_tf2_demo.egg-info/SOURCES.txt'
[5.941s] reading manifest file '../../build/my_tf2_demo/my_tf2_demo.egg-info/SOURCES.txt'
[5.941s] writing manifest file '../../build/my_tf2_demo/my_tf2_demo.egg-info/SOURCES.txt'
[5.941s] running build
[5.942s] running build_py
[5.945s] creating /home/za1van/ros2_ws/build/my_tf2_demo/build
[5.945s] creating /home/za1van/ros2_ws/build/my_tf2_demo/build/lib
[5.945s] creating /home/za1van/ros2_ws/build/my_tf2_demo/build/lib/my_tf2_demo
[5.945s] copying my_tf2_demo/turtle_tf2_listener.py -> /home/za1van/ros2_ws/build/my_tf2_demo/build/lib/my_tf2_demo
[5.945s] copying my_tf2_demo/__init__.py -> /home/za1van/ros2_ws/build/my_tf2_demo/build/lib/my_tf2_demo
[5.945s] copying my_tf2_demo/turtle_tf2_broadcaster.py -> /home/za1van/ros2_ws/build/my_tf2_demo/build/lib/my_tf2_demo
[5.946s] copying my_tf2_demo/spawn_second_turtle.py -> /home/za1van/ros2_ws/build/my_tf2_demo/build/lib/my_tf2_demo
[5.946s] running install
[5.960s] running install_lib
[6.024s] creating /home/za1van/ros2_ws/install/my_tf2_demo/lib/python3.12/site-packages/my_tf2_demo
[6.024s] copying /home/za1van/ros2_ws/build/my_tf2_demo/build/lib/my_tf2_demo/turtle_tf2_listener.py -> /home/za1van/ros2_ws/install/my_tf2_demo/lib/python3.12/site-packages/my_tf2_demo
[6.024s] copying /home/za1van/ros2_ws/build/my_tf2_demo/build/lib/my_tf2_demo/__init__.py -> /home/za1van/ros2_ws/install/my_tf2_demo/lib/python3.12/site-packages/my_tf2_demo
[6.025s] copying /home/za1van/ros2_ws/build/my_tf2_demo/build/lib/my_tf2_demo/turtle_tf2_broadcaster.py -> /home/za1van/ros2_ws/install/my_tf2_demo/lib/python3.12/site-packages/my_tf2_demo
[6.025s] copying /home/za1van/ros2_ws/build/my_tf2_demo/build/lib/my_tf2_demo/spawn_second_turtle.py -> /home/za1van/ros2_ws/install/my_tf2_demo/lib/python3.12/site-packages/my_tf2_demo
[6.026s] byte-compiling /home/za1van/ros2_ws/install/my_tf2_demo/lib/python3.12/site-packages/my_tf2_demo/turtle_tf2_listener.py to turtle_tf2_listener.cpython-312.pyc
[6.027s] byte-compiling /home/za1van/ros2_ws/install/my_tf2_demo/lib/python3.12/site-packages/my_tf2_demo/__init__.py to __init__.cpython-312.pyc
[6.027s] byte-compiling /home/za1van/ros2_ws/install/my_tf2_demo/lib/python3.12/site-packages/my_tf2_demo/turtle_tf2_broadcaster.py to turtle_tf2_broadcaster.cpython-312.pyc
[6.029s] byte-compiling /home/za1van/ros2_ws/install/my_tf2_demo/lib/python3.12/site-packages/my_tf2_demo/spawn_second_turtle.py to spawn_second_turtle.cpython-312.pyc
[6.030s] running install_data
[6.030s] creating /home/za1van/ros2_ws/install/my_tf2_demo/share/ament_index
[6.030s] creating /home/za1van/ros2_ws/install/my_tf2_demo/share/ament_index/resource_index
[6.031s] creating /home/za1van/ros2_ws/install/my_tf2_demo/share/ament_index/resource_index/packages
[6.031s] copying resource/my_tf2_demo -> /home/za1van/ros2_ws/install/my_tf2_demo/share/ament_index/resource_index/packages
[6.031s] copying package.xml -> /home/za1van/ros2_ws/install/my_tf2_demo/share/my_tf2_demo
[6.031s] running install_egg_info
[6.108s] Copying ../../build/my_tf2_demo/my_tf2_demo.egg-info to /home/za1van/ros2_ws/install/my_tf2_demo/lib/python3.12/site-packages/my_tf2_demo-0.0.0-py3.12.egg-info
[6.108s] running install_scripts
[6.523s] Installing spawn_second_turtle script to /home/za1van/ros2_ws/install/my_tf2_demo/lib/my_tf2_demo
[6.525s] Installing turtle_tf2_broadcaster script to /home/za1van/ros2_ws/install/my_tf2_demo/lib/my_tf2_demo
[6.526s] Installing turtle_tf2_listener script to /home/za1van/ros2_ws/install/my_tf2_demo/lib/my_tf2_demo
[6.526s] writing list of installed files to '/home/za1van/ros2_ws/build/my_tf2_demo/install.log'
[6.608s] Invoked command in '/home/za1van/ros2_ws/src/my_tf2_demo' returned '0': DEBUGINFOD_URLS=https://debuginfod.ubuntu.com PYTHONPATH=/home/za1van/ros2_ws/build/my_tf2_demo/prefix_override:/usr/lib/python3/dist-packages/colcon_core/task/python/colcon_distutils_commands:/home/za1van/ros2_ws/install/my_tf2_demo/lib/python3.12/site-packages:${PYTHONPATH} /usr/bin/python3 -W ignore:setup.py install is deprecated -W ignore:easy_install command is deprecated setup.py egg_info --egg-base ../../build/my_tf2_demo build --build-base /home/za1van/ros2_ws/build/my_tf2_demo/build install --record /home/za1van/ros2_ws/build/my_tf2_demo/install.log --single-version-externally-managed install_data
