[0.036s] Invoking command in '/home/za1van/ros2_ws/build/turtle_dekart_control_interface': CMAKE_PREFIX_PATH=${CMAKE_PREFIX_PATH}:/opt/ros/jazzy DEBUGINFOD_URLS=https://debuginfod.ubuntu.com /usr/bin/cmake --build /home/za1van/ros2_ws/build/turtle_dekart_control_interface -- -j4 -l4
[0.121s] [  2%] Built target turtle_dekart_control_interface__rosidl_generator_type_description
[0.151s] [  2%] Built target ament_cmake_python_copy_turtle_dekart_control_interface
[0.187s] [  5%] Built target turtle_dekart_control_interface__cpp
[0.188s] [ 20%] Built target turtle_dekart_control_interface__rosidl_generator_c
[0.263s] [ 29%] Built target turtle_dekart_control_interface__rosidl_typesupport_c
[0.292s] [ 38%] Built target turtle_dekart_control_interface__rosidl_typesupport_cpp
[0.294s] [ 47%] Built target turtle_dekart_control_interface__rosidl_typesupport_introspection_c
[0.344s] [ 55%] Built target turtle_dekart_control_interface__rosidl_typesupport_fastrtps_cpp
[0.374s] [ 67%] Built target turtle_dekart_control_interface__rosidl_typesupport_fastrtps_c
[0.380s] [ 73%] Built target turtle_dekart_control_interface__rosidl_typesupport_introspection_cpp
[0.406s] [ 73%] Built target turtle_dekart_control_interface
[0.450s] [ 76%] Built target turtle_dekart_control_interface__py
[0.501s] [ 82%] Built target turtle_dekart_control_interface__rosidl_generator_py
[0.563s] [ 88%] Built target turtle_dekart_control_interface_s__rosidl_typesupport_c
[0.582s] [ 94%] Built target turtle_dekart_control_interface_s__rosidl_typesupport_fastrtps_c
[0.605s] [100%] Built target turtle_dekart_control_interface_s__rosidl_typesupport_introspection_c
[1.214s] running egg_info
[1.281s] writing turtle_dekart_control_interface.egg-info/PKG-INFO
[1.290s] writing dependency_links to turtle_dekart_control_interface.egg-info/dependency_links.txt
[1.290s] writing top-level names to turtle_dekart_control_interface.egg-info/top_level.txt
[1.540s] reading manifest file 'turtle_dekart_control_interface.egg-info/SOURCES.txt'
[1.540s] writing manifest file 'turtle_dekart_control_interface.egg-info/SOURCES.txt'
[1.621s] [100%] Built target ament_cmake_python_build_turtle_dekart_control_interface_egg
[1.970s] Invoked command in '/home/za1van/ros2_ws/build/turtle_dekart_control_interface' returned '0': CMAKE_PREFIX_PATH=${CMAKE_PREFIX_PATH}:/opt/ros/jazzy DEBUGINFOD_URLS=https://debuginfod.ubuntu.com /usr/bin/cmake --build /home/za1van/ros2_ws/build/turtle_dekart_control_interface -- -j4 -l4
[1.973s] Invoking command in '/home/za1van/ros2_ws/build/turtle_dekart_control_interface': CMAKE_PREFIX_PATH=${CMAKE_PREFIX_PATH}:/opt/ros/jazzy DEBUGINFOD_URLS=https://debuginfod.ubuntu.com /usr/bin/cmake --install /home/za1van/ros2_ws/build/turtle_dekart_control_interface
[1.984s] -- Install configuration: ""
[1.985s] -- Up-to-date: /home/za1van/ros2_ws/install/turtle_dekart_control_interface/share/ament_index/resource_index/rosidl_interfaces/turtle_dekart_control_interface
[1.985s] -- Up-to-date: /home/za1van/ros2_ws/install/turtle_dekart_control_interface/share/turtle_dekart_control_interface/msg/Numbers.json
[1.986s] -- Up-to-date: /home/za1van/ros2_ws/install/turtle_dekart_control_interface/include/turtle_dekart_control_interface/turtle_dekart_control_interface
[1.986s] -- Up-to-date: /home/za1van/ros2_ws/install/turtle_dekart_control_interface/include/turtle_dekart_control_interface/turtle_dekart_control_interface/msg
[1.987s] -- Up-to-date: /home/za1van/ros2_ws/install/turtle_dekart_control_interface/include/turtle_dekart_control_interface/turtle_dekart_control_interface/msg/rosidl_generator_c__visibility_control.h
[1.989s] -- Up-to-date: /home/za1van/ros2_ws/install/turtle_dekart_control_interface/include/turtle_dekart_control_interface/turtle_dekart_control_interface/msg/detail
[1.991s] -- Up-to-date: /home/za1van/ros2_ws/install/turtle_dekart_control_interface/include/turtle_dekart_control_interface/turtle_dekart_control_interface/msg/detail/numbers__functions.c
[1.991s] -- Up-to-date: /home/za1van/ros2_ws/install/turtle_dekart_control_interface/include/turtle_dekart_control_interface/turtle_dekart_control_interface/msg/detail/numbers__struct.h
[1.992s] -- Installing: /home/za1van/ros2_ws/install/turtle_dekart_control_interface/include/turtle_dekart_control_interface/turtle_dekart_control_interface/msg/detail/numbers__type_support.c
[1.992s] -- Up-to-date: /home/za1van/ros2_ws/install/turtle_dekart_control_interface/include/turtle_dekart_control_interface/turtle_dekart_control_interface/msg/detail/numbers__description.c
[1.992s] -- Up-to-date: /home/za1van/ros2_ws/install/turtle_dekart_control_interface/include/turtle_dekart_control_interface/turtle_dekart_control_interface/msg/detail/numbers__type_support.h
[1.992s] -- Up-to-date: /home/za1van/ros2_ws/install/turtle_dekart_control_interface/include/turtle_dekart_control_interface/turtle_dekart_control_interface/msg/detail/numbers__functions.h
[1.992s] -- Up-to-date: /home/za1van/ros2_ws/install/turtle_dekart_control_interface/include/turtle_dekart_control_interface/turtle_dekart_control_interface/msg/numbers.h
[1.993s] -- Up-to-date: /home/za1van/ros2_ws/install/turtle_dekart_control_interface/share/turtle_dekart_control_interface/environment/library_path.sh
[1.995s] -- Up-to-date: /home/za1van/ros2_ws/install/turtle_dekart_control_interface/share/turtle_dekart_control_interface/environment/library_path.dsv
[1.998s] -- Up-to-date: /home/za1van/ros2_ws/install/turtle_dekart_control_interface/lib/libturtle_dekart_control_interface__rosidl_generator_c.so
[1.998s] -- Up-to-date: /home/za1van/ros2_ws/install/turtle_dekart_control_interface/include/turtle_dekart_control_interface/turtle_dekart_control_interface
[1.998s] -- Up-to-date: /home/za1van/ros2_ws/install/turtle_dekart_control_interface/include/turtle_dekart_control_interface/turtle_dekart_control_interface/msg
[1.999s] -- Up-to-date: /home/za1van/ros2_ws/install/turtle_dekart_control_interface/include/turtle_dekart_control_interface/turtle_dekart_control_interface/msg/rosidl_typesupport_fastrtps_c__visibility_control.h
[1.999s] -- Up-to-date: /home/za1van/ros2_ws/install/turtle_dekart_control_interface/include/turtle_dekart_control_interface/turtle_dekart_control_interface/msg/detail
[1.999s] -- Up-to-date: /home/za1van/ros2_ws/install/turtle_dekart_control_interface/include/turtle_dekart_control_interface/turtle_dekart_control_interface/msg/detail/numbers__rosidl_typesupport_fastrtps_c.h
[1.999s] -- Up-to-date: /home/za1van/ros2_ws/install/turtle_dekart_control_interface/lib/libturtle_dekart_control_interface__rosidl_typesupport_fastrtps_c.so
[1.999s] -- Up-to-date: /home/za1van/ros2_ws/install/turtle_dekart_control_interface/include/turtle_dekart_control_interface/turtle_dekart_control_interface
[1.999s] -- Up-to-date: /home/za1van/ros2_ws/install/turtle_dekart_control_interface/include/turtle_dekart_control_interface/turtle_dekart_control_interface/msg
[2.000s] -- Up-to-date: /home/za1van/ros2_ws/install/turtle_dekart_control_interface/include/turtle_dekart_control_interface/turtle_dekart_control_interface/msg/detail
[2.000s] -- Up-to-date: /home/za1van/ros2_ws/install/turtle_dekart_control_interface/include/turtle_dekart_control_interface/turtle_dekart_control_interface/msg/detail/numbers__rosidl_typesupport_introspection_c.h
[2.000s] -- Installing: /home/za1van/ros2_ws/install/turtle_dekart_control_interface/include/turtle_dekart_control_interface/turtle_dekart_control_interface/msg/detail/numbers__type_support.c
[2.000s] -- Up-to-date: /home/za1van/ros2_ws/install/turtle_dekart_control_interface/include/turtle_dekart_control_interface/turtle_dekart_control_interface/msg/rosidl_typesupport_introspection_c__visibility_control.h
[2.000s] -- Up-to-date: /home/za1van/ros2_ws/install/turtle_dekart_control_interface/lib/libturtle_dekart_control_interface__rosidl_typesupport_introspection_c.so
[2.002s] -- Up-to-date: /home/za1van/ros2_ws/install/turtle_dekart_control_interface/lib/libturtle_dekart_control_interface__rosidl_typesupport_c.so
[2.002s] -- Up-to-date: /home/za1van/ros2_ws/install/turtle_dekart_control_interface/include/turtle_dekart_control_interface/turtle_dekart_control_interface
[2.002s] -- Up-to-date: /home/za1van/ros2_ws/install/turtle_dekart_control_interface/include/turtle_dekart_control_interface/turtle_dekart_control_interface/msg
[2.002s] -- Up-to-date: /home/za1van/ros2_ws/install/turtle_dekart_control_interface/include/turtle_dekart_control_interface/turtle_dekart_control_interface/msg/rosidl_generator_cpp__visibility_control.hpp
[2.002s] -- Up-to-date: /home/za1van/ros2_ws/install/turtle_dekart_control_interface/include/turtle_dekart_control_interface/turtle_dekart_control_interface/msg/numbers.hpp
[2.003s] -- Up-to-date: /home/za1van/ros2_ws/install/turtle_dekart_control_interface/include/turtle_dekart_control_interface/turtle_dekart_control_interface/msg/detail
[2.003s] -- Up-to-date: /home/za1van/ros2_ws/install/turtle_dekart_control_interface/include/turtle_dekart_control_interface/turtle_dekart_control_interface/msg/detail/numbers__struct.hpp
[2.003s] -- Up-to-date: /home/za1van/ros2_ws/install/turtle_dekart_control_interface/include/turtle_dekart_control_interface/turtle_dekart_control_interface/msg/detail/numbers__builder.hpp
[2.003s] -- Up-to-date: /home/za1van/ros2_ws/install/turtle_dekart_control_interface/include/turtle_dekart_control_interface/turtle_dekart_control_interface/msg/detail/numbers__type_support.hpp
[2.003s] -- Up-to-date: /home/za1van/ros2_ws/install/turtle_dekart_control_interface/include/turtle_dekart_control_interface/turtle_dekart_control_interface/msg/detail/numbers__traits.hpp
[2.006s] -- Up-to-date: /home/za1van/ros2_ws/install/turtle_dekart_control_interface/include/turtle_dekart_control_interface/turtle_dekart_control_interface
[2.006s] -- Up-to-date: /home/za1van/ros2_ws/install/turtle_dekart_control_interface/include/turtle_dekart_control_interface/turtle_dekart_control_interface/msg
[2.006s] -- Up-to-date: /home/za1van/ros2_ws/install/turtle_dekart_control_interface/include/turtle_dekart_control_interface/turtle_dekart_control_interface/msg/rosidl_typesupport_fastrtps_cpp__visibility_control.h
[2.007s] -- Up-to-date: /home/za1van/ros2_ws/install/turtle_dekart_control_interface/include/turtle_dekart_control_interface/turtle_dekart_control_interface/msg/detail
[2.008s] -- Up-to-date: /home/za1van/ros2_ws/install/turtle_dekart_control_interface/include/turtle_dekart_control_interface/turtle_dekart_control_interface/msg/detail/dds_fastrtps
[2.008s] -- Up-to-date: /home/za1van/ros2_ws/install/turtle_dekart_control_interface/include/turtle_dekart_control_interface/turtle_dekart_control_interface/msg/detail/numbers__rosidl_typesupport_fastrtps_cpp.hpp
[2.008s] -- Up-to-date: /home/za1van/ros2_ws/install/turtle_dekart_control_interface/lib/libturtle_dekart_control_interface__rosidl_typesupport_fastrtps_cpp.so
[2.008s] -- Up-to-date: /home/za1van/ros2_ws/install/turtle_dekart_control_interface/include/turtle_dekart_control_interface/turtle_dekart_control_interface
[2.008s] -- Up-to-date: /home/za1van/ros2_ws/install/turtle_dekart_control_interface/include/turtle_dekart_control_interface/turtle_dekart_control_interface/msg
[2.009s] -- Up-to-date: /home/za1van/ros2_ws/install/turtle_dekart_control_interface/include/turtle_dekart_control_interface/turtle_dekart_control_interface/msg/detail
[2.009s] -- Up-to-date: /home/za1van/ros2_ws/install/turtle_dekart_control_interface/include/turtle_dekart_control_interface/turtle_dekart_control_interface/msg/detail/numbers__rosidl_typesupport_introspection_cpp.hpp
[2.009s] -- Up-to-date: /home/za1van/ros2_ws/install/turtle_dekart_control_interface/include/turtle_dekart_control_interface/turtle_dekart_control_interface/msg/detail/numbers__type_support.cpp
[2.009s] -- Up-to-date: /home/za1van/ros2_ws/install/turtle_dekart_control_interface/lib/libturtle_dekart_control_interface__rosidl_typesupport_introspection_cpp.so
[2.012s] -- Up-to-date: /home/za1van/ros2_ws/install/turtle_dekart_control_interface/lib/libturtle_dekart_control_interface__rosidl_typesupport_cpp.so
[2.012s] -- Up-to-date: /home/za1van/ros2_ws/install/turtle_dekart_control_interface/share/turtle_dekart_control_interface/environment/pythonpath.sh
[2.012s] -- Up-to-date: /home/za1van/ros2_ws/install/turtle_dekart_control_interface/share/turtle_dekart_control_interface/environment/pythonpath.dsv
[2.012s] -- Up-to-date: /home/za1van/ros2_ws/install/turtle_dekart_control_interface/lib/python3.12/site-packages/turtle_dekart_control_interface-0.0.0-py3.12.egg-info
[2.012s] -- Installing: /home/za1van/ros2_ws/install/turtle_dekart_control_interface/lib/python3.12/site-packages/turtle_dekart_control_interface-0.0.0-py3.12.egg-info/dependency_links.txt
[2.013s] -- Installing: /home/za1van/ros2_ws/install/turtle_dekart_control_interface/lib/python3.12/site-packages/turtle_dekart_control_interface-0.0.0-py3.12.egg-info/PKG-INFO
[2.013s] -- Installing: /home/za1van/ros2_ws/install/turtle_dekart_control_interface/lib/python3.12/site-packages/turtle_dekart_control_interface-0.0.0-py3.12.egg-info/top_level.txt
[2.013s] -- Installing: /home/za1van/ros2_ws/install/turtle_dekart_control_interface/lib/python3.12/site-packages/turtle_dekart_control_interface-0.0.0-py3.12.egg-info/SOURCES.txt
[2.013s] -- Up-to-date: /home/za1van/ros2_ws/install/turtle_dekart_control_interface/lib/python3.12/site-packages/turtle_dekart_control_interface
[2.013s] -- Up-to-date: /home/za1van/ros2_ws/install/turtle_dekart_control_interface/lib/python3.12/site-packages/turtle_dekart_control_interface/_turtle_dekart_control_interface_s.ep.rosidl_typesupport_introspection_c.c
[2.013s] -- Up-to-date: /home/za1van/ros2_ws/install/turtle_dekart_control_interface/lib/python3.12/site-packages/turtle_dekart_control_interface/turtle_dekart_control_interface_s__rosidl_typesupport_c.so
[2.014s] -- Up-to-date: /home/za1van/ros2_ws/install/turtle_dekart_control_interface/lib/python3.12/site-packages/turtle_dekart_control_interface/turtle_dekart_control_interface_s__rosidl_typesupport_introspection_c.so
[2.014s] -- Up-to-date: /home/za1van/ros2_ws/install/turtle_dekart_control_interface/lib/python3.12/site-packages/turtle_dekart_control_interface/__init__.py
[2.014s] -- Up-to-date: /home/za1van/ros2_ws/install/turtle_dekart_control_interface/lib/python3.12/site-packages/turtle_dekart_control_interface/_turtle_dekart_control_interface_s.ep.rosidl_typesupport_fastrtps_c.c
[2.014s] -- Up-to-date: /home/za1van/ros2_ws/install/turtle_dekart_control_interface/lib/python3.12/site-packages/turtle_dekart_control_interface/turtle_dekart_control_interface_s__rosidl_typesupport_fastrtps_c.so
[2.018s] -- Up-to-date: /home/za1van/ros2_ws/install/turtle_dekart_control_interface/lib/python3.12/site-packages/turtle_dekart_control_interface/msg
[2.019s] -- Up-to-date: /home/za1van/ros2_ws/install/turtle_dekart_control_interface/lib/python3.12/site-packages/turtle_dekart_control_interface/msg/_numbers_s.c
[2.019s] -- Up-to-date: /home/za1van/ros2_ws/install/turtle_dekart_control_interface/lib/python3.12/site-packages/turtle_dekart_control_interface/msg/__init__.py
[2.019s] -- Up-to-date: /home/za1van/ros2_ws/install/turtle_dekart_control_interface/lib/python3.12/site-packages/turtle_dekart_control_interface/msg/_numbers.py
[2.019s] -- Up-to-date: /home/za1van/ros2_ws/install/turtle_dekart_control_interface/lib/python3.12/site-packages/turtle_dekart_control_interface/_turtle_dekart_control_interface_s.ep.rosidl_typesupport_c.c
[2.141s] Listing '/home/za1van/ros2_ws/install/turtle_dekart_control_interface/lib/python3.12/site-packages/turtle_dekart_control_interface'...
[2.142s] Listing '/home/za1van/ros2_ws/install/turtle_dekart_control_interface/lib/python3.12/site-packages/turtle_dekart_control_interface/msg'...
[2.156s] -- Up-to-date: /home/za1van/ros2_ws/install/turtle_dekart_control_interface/lib/python3.12/site-packages/turtle_dekart_control_interface/turtle_dekart_control_interface_s__rosidl_typesupport_fastrtps_c.so
[2.157s] -- Up-to-date: /home/za1van/ros2_ws/install/turtle_dekart_control_interface/lib/python3.12/site-packages/turtle_dekart_control_interface/turtle_dekart_control_interface_s__rosidl_typesupport_introspection_c.so
[2.158s] -- Up-to-date: /home/za1van/ros2_ws/install/turtle_dekart_control_interface/lib/python3.12/site-packages/turtle_dekart_control_interface/turtle_dekart_control_interface_s__rosidl_typesupport_c.so
[2.159s] -- Up-to-date: /home/za1van/ros2_ws/install/turtle_dekart_control_interface/lib/libturtle_dekart_control_interface__rosidl_generator_py.so
[2.159s] -- Up-to-date: /home/za1van/ros2_ws/install/turtle_dekart_control_interface/share/turtle_dekart_control_interface/msg/Numbers.idl
[2.160s] -- Up-to-date: /home/za1van/ros2_ws/install/turtle_dekart_control_interface/share/turtle_dekart_control_interface/msg/Numbers.msg
[2.160s] -- Up-to-date: /home/za1van/ros2_ws/install/turtle_dekart_control_interface/share/ament_index/resource_index/package_run_dependencies/turtle_dekart_control_interface
[2.161s] -- Up-to-date: /home/za1van/ros2_ws/install/turtle_dekart_control_interface/share/ament_index/resource_index/parent_prefix_path/turtle_dekart_control_interface
[2.162s] -- Up-to-date: /home/za1van/ros2_ws/install/turtle_dekart_control_interface/share/turtle_dekart_control_interface/environment/ament_prefix_path.sh
[2.163s] -- Up-to-date: /home/za1van/ros2_ws/install/turtle_dekart_control_interface/share/turtle_dekart_control_interface/environment/ament_prefix_path.dsv
[2.164s] -- Up-to-date: /home/za1van/ros2_ws/install/turtle_dekart_control_interface/share/turtle_dekart_control_interface/environment/path.sh
[2.164s] -- Up-to-date: /home/za1van/ros2_ws/install/turtle_dekart_control_interface/share/turtle_dekart_control_interface/environment/path.dsv
[2.165s] -- Up-to-date: /home/za1van/ros2_ws/install/turtle_dekart_control_interface/share/turtle_dekart_control_interface/local_setup.bash
[2.165s] -- Up-to-date: /home/za1van/ros2_ws/install/turtle_dekart_control_interface/share/turtle_dekart_control_interface/local_setup.sh
[2.166s] -- Up-to-date: /home/za1van/ros2_ws/install/turtle_dekart_control_interface/share/turtle_dekart_control_interface/local_setup.zsh
[2.166s] -- Up-to-date: /home/za1van/ros2_ws/install/turtle_dekart_control_interface/share/turtle_dekart_control_interface/local_setup.dsv
[2.166s] -- Installing: /home/za1van/ros2_ws/install/turtle_dekart_control_interface/share/turtle_dekart_control_interface/package.dsv
[2.166s] -- Up-to-date: /home/za1van/ros2_ws/install/turtle_dekart_control_interface/share/ament_index/resource_index/packages/turtle_dekart_control_interface
[2.167s] -- Up-to-date: /home/za1van/ros2_ws/install/turtle_dekart_control_interface/share/turtle_dekart_control_interface/cmake/export_turtle_dekart_control_interface__rosidl_generator_cExport.cmake
[2.167s] -- Up-to-date: /home/za1van/ros2_ws/install/turtle_dekart_control_interface/share/turtle_dekart_control_interface/cmake/export_turtle_dekart_control_interface__rosidl_generator_cExport-noconfig.cmake
[2.167s] -- Up-to-date: /home/za1van/ros2_ws/install/turtle_dekart_control_interface/share/turtle_dekart_control_interface/cmake/export_turtle_dekart_control_interface__rosidl_typesupport_fastrtps_cExport.cmake
[2.167s] -- Up-to-date: /home/za1van/ros2_ws/install/turtle_dekart_control_interface/share/turtle_dekart_control_interface/cmake/export_turtle_dekart_control_interface__rosidl_typesupport_fastrtps_cExport-noconfig.cmake
[2.167s] -- Up-to-date: /home/za1van/ros2_ws/install/turtle_dekart_control_interface/share/turtle_dekart_control_interface/cmake/turtle_dekart_control_interface__rosidl_typesupport_introspection_cExport.cmake
[2.167s] -- Up-to-date: /home/za1van/ros2_ws/install/turtle_dekart_control_interface/share/turtle_dekart_control_interface/cmake/turtle_dekart_control_interface__rosidl_typesupport_introspection_cExport-noconfig.cmake
[2.168s] -- Up-to-date: /home/za1van/ros2_ws/install/turtle_dekart_control_interface/share/turtle_dekart_control_interface/cmake/turtle_dekart_control_interface__rosidl_typesupport_cExport.cmake
[2.168s] -- Up-to-date: /home/za1van/ros2_ws/install/turtle_dekart_control_interface/share/turtle_dekart_control_interface/cmake/turtle_dekart_control_interface__rosidl_typesupport_cExport-noconfig.cmake
[2.168s] -- Up-to-date: /home/za1van/ros2_ws/install/turtle_dekart_control_interface/share/turtle_dekart_control_interface/cmake/export_turtle_dekart_control_interface__rosidl_generator_cppExport.cmake
[2.168s] -- Up-to-date: /home/za1van/ros2_ws/install/turtle_dekart_control_interface/share/turtle_dekart_control_interface/cmake/export_turtle_dekart_control_interface__rosidl_typesupport_fastrtps_cppExport.cmake
[2.168s] -- Up-to-date: /home/za1van/ros2_ws/install/turtle_dekart_control_interface/share/turtle_dekart_control_interface/cmake/export_turtle_dekart_control_interface__rosidl_typesupport_fastrtps_cppExport-noconfig.cmake
[2.168s] -- Up-to-date: /home/za1van/ros2_ws/install/turtle_dekart_control_interface/share/turtle_dekart_control_interface/cmake/turtle_dekart_control_interface__rosidl_typesupport_introspection_cppExport.cmake
[2.169s] -- Up-to-date: /home/za1van/ros2_ws/install/turtle_dekart_control_interface/share/turtle_dekart_control_interface/cmake/turtle_dekart_control_interface__rosidl_typesupport_introspection_cppExport-noconfig.cmake
[2.169s] -- Up-to-date: /home/za1van/ros2_ws/install/turtle_dekart_control_interface/share/turtle_dekart_control_interface/cmake/turtle_dekart_control_interface__rosidl_typesupport_cppExport.cmake
[2.169s] -- Up-to-date: /home/za1van/ros2_ws/install/turtle_dekart_control_interface/share/turtle_dekart_control_interface/cmake/turtle_dekart_control_interface__rosidl_typesupport_cppExport-noconfig.cmake
[2.169s] -- Up-to-date: /home/za1van/ros2_ws/install/turtle_dekart_control_interface/share/turtle_dekart_control_interface/cmake/export_turtle_dekart_control_interface__rosidl_generator_pyExport.cmake
[2.169s] -- Up-to-date: /home/za1van/ros2_ws/install/turtle_dekart_control_interface/share/turtle_dekart_control_interface/cmake/export_turtle_dekart_control_interface__rosidl_generator_pyExport-noconfig.cmake
[2.169s] -- Up-to-date: /home/za1van/ros2_ws/install/turtle_dekart_control_interface/share/turtle_dekart_control_interface/cmake/rosidl_cmake-extras.cmake
[2.170s] -- Up-to-date: /home/za1van/ros2_ws/install/turtle_dekart_control_interface/share/turtle_dekart_control_interface/cmake/ament_cmake_export_include_directories-extras.cmake
[2.170s] -- Up-to-date: /home/za1van/ros2_ws/install/turtle_dekart_control_interface/share/turtle_dekart_control_interface/cmake/ament_cmake_export_libraries-extras.cmake
[2.170s] -- Up-to-date: /home/za1van/ros2_ws/install/turtle_dekart_control_interface/share/turtle_dekart_control_interface/cmake/ament_cmake_export_targets-extras.cmake
[2.170s] -- Up-to-date: /home/za1van/ros2_ws/install/turtle_dekart_control_interface/share/turtle_dekart_control_interface/cmake/rosidl_cmake_export_typesupport_targets-extras.cmake
[2.170s] -- Up-to-date: /home/za1van/ros2_ws/install/turtle_dekart_control_interface/share/turtle_dekart_control_interface/cmake/ament_cmake_export_dependencies-extras.cmake
[2.170s] -- Up-to-date: /home/za1van/ros2_ws/install/turtle_dekart_control_interface/share/turtle_dekart_control_interface/cmake/rosidl_cmake_export_typesupport_libraries-extras.cmake
[2.171s] -- Up-to-date: /home/za1van/ros2_ws/install/turtle_dekart_control_interface/share/turtle_dekart_control_interface/cmake/turtle_dekart_control_interfaceConfig.cmake
[2.171s] -- Up-to-date: /home/za1van/ros2_ws/install/turtle_dekart_control_interface/share/turtle_dekart_control_interface/cmake/turtle_dekart_control_interfaceConfig-version.cmake
[2.171s] -- Up-to-date: /home/za1van/ros2_ws/install/turtle_dekart_control_interface/share/turtle_dekart_control_interface/package.xml
[2.597s] Invoked command in '/home/za1van/ros2_ws/build/turtle_dekart_control_interface' returned '0': CMAKE_PREFIX_PATH=${CMAKE_PREFIX_PATH}:/opt/ros/jazzy DEBUGINFOD_URLS=https://debuginfod.ubuntu.com /usr/bin/cmake --install /home/za1van/ros2_ws/build/turtle_dekart_control_interface
