[0.198s] DEBUG:colcon:Command line arguments: ['/usr/bin/colcon', 'build', '--cmake-args', '-DCMAKE_BUILD_TYPE=Release']
[0.198s] DEBUG:colcon:Parsed command line arguments: Namespace(log_base=None, log_level=None, verb_name='build', build_base='build', install_base='install', merge_install=False, symlink_install=False, test_result_base=None, continue_on_error=False, executor='parallel', parallel_workers=4, event_handlers=None, ignore_user_meta=False, metas=['./colcon.meta'], base_paths=['.'], packages_ignore=None, packages_ignore_regex=None, paths=None, packages_up_to=None, packages_up_to_regex=None, packages_above=None, packages_above_and_dependencies=None, packages_above_depth=None, packages_select_by_dep=None, packages_skip_by_dep=None, packages_skip_up_to=None, packages_select_build_failed=False, packages_skip_build_finished=False, packages_select_test_failures=False, packages_skip_test_passed=False, packages_select=None, packages_skip=None, packages_select_regex=None, packages_skip_regex=None, packages_start=None, packages_end=None, allow_overriding=[], cmake_args=['-DCMAKE_BUILD_TYPE=Release'], cmake_target=None, cmake_target_skip_unavailable=False, cmake_clean_cache=False, cmake_clean_first=False, cmake_force_configure=False, ament_cmake_args=None, catkin_cmake_args=None, catkin_skip_building_tests=False, verb_parser=<colcon_defaults.argument_parser.defaults.DefaultArgumentsDecorator object at 0x7efb48e97980>, verb_extension=<colcon_core.verb.build.BuildVerb object at 0x7efb48e32ea0>, main=<bound method BuildVerb.main of <colcon_core.verb.build.BuildVerb object at 0x7efb48e32ea0>>)
[0.266s] Level 1:colcon.colcon_core.package_discovery:discover_packages(colcon_meta) check parameters
[0.266s] Level 1:colcon.colcon_core.package_discovery:discover_packages(recursive) check parameters
[0.266s] Level 1:colcon.colcon_core.package_discovery:discover_packages(ignore) check parameters
[0.266s] Level 1:colcon.colcon_core.package_discovery:discover_packages(path) check parameters
[0.266s] Level 1:colcon.colcon_core.package_discovery:discover_packages(colcon_meta) discover
[0.266s] Level 1:colcon.colcon_core.package_discovery:discover_packages(recursive) discover
[0.267s] INFO:colcon.colcon_core.package_discovery:Crawling recursively for packages in '/home/za1van/ros2_ws'
[0.267s] Level 1:colcon.colcon_core.package_identification:_identify(.) by extensions ['ignore', 'ignore_ament_install']
[0.267s] Level 1:colcon.colcon_core.package_identification:_identify(.) by extension 'ignore'
[0.267s] Level 1:colcon.colcon_core.package_identification:_identify(.) by extension 'ignore_ament_install'
[0.267s] Level 1:colcon.colcon_core.package_identification:_identify(.) by extensions ['colcon_pkg']
[0.267s] Level 1:colcon.colcon_core.package_identification:_identify(.) by extension 'colcon_pkg'
[0.267s] Level 1:colcon.colcon_core.package_identification:_identify(.) by extensions ['colcon_meta']
[0.267s] Level 1:colcon.colcon_core.package_identification:_identify(.) by extension 'colcon_meta'
[0.267s] Level 1:colcon.colcon_core.package_identification:_identify(.) by extensions ['ros']
[0.267s] Level 1:colcon.colcon_core.package_identification:_identify(.) by extension 'ros'
[0.310s] Level 1:colcon.colcon_core.package_identification:_identify(.) by extensions ['cmake', 'python']
[0.310s] Level 1:colcon.colcon_core.package_identification:_identify(.) by extension 'cmake'
[0.310s] Level 1:colcon.colcon_core.package_identification:_identify(.) by extension 'python'
[0.311s] Level 1:colcon.colcon_core.package_identification:_identify(.) by extensions ['python_setup_py']
[0.311s] Level 1:colcon.colcon_core.package_identification:_identify(.) by extension 'python_setup_py'
[0.311s] Level 1:colcon.colcon_core.package_identification:_identify(build) by extensions ['ignore', 'ignore_ament_install']
[0.311s] Level 1:colcon.colcon_core.package_identification:_identify(build) by extension 'ignore'
[0.311s] Level 1:colcon.colcon_core.package_identification:_identify(build) ignored
[0.311s] Level 1:colcon.colcon_core.package_identification:_identify(install) by extensions ['ignore', 'ignore_ament_install']
[0.311s] Level 1:colcon.colcon_core.package_identification:_identify(install) by extension 'ignore'
[0.311s] Level 1:colcon.colcon_core.package_identification:_identify(install) ignored
[0.312s] Level 1:colcon.colcon_core.package_identification:_identify(log) by extensions ['ignore', 'ignore_ament_install']
[0.312s] Level 1:colcon.colcon_core.package_identification:_identify(log) by extension 'ignore'
[0.312s] Level 1:colcon.colcon_core.package_identification:_identify(log) ignored
[0.312s] Level 1:colcon.colcon_core.package_identification:_identify(src) by extensions ['ignore', 'ignore_ament_install']
[0.312s] Level 1:colcon.colcon_core.package_identification:_identify(src) by extension 'ignore'
[0.312s] Level 1:colcon.colcon_core.package_identification:_identify(src) by extension 'ignore_ament_install'
[0.312s] Level 1:colcon.colcon_core.package_identification:_identify(src) by extensions ['colcon_pkg']
[0.312s] Level 1:colcon.colcon_core.package_identification:_identify(src) by extension 'colcon_pkg'
[0.312s] Level 1:colcon.colcon_core.package_identification:_identify(src) by extensions ['colcon_meta']
[0.312s] Level 1:colcon.colcon_core.package_identification:_identify(src) by extension 'colcon_meta'
[0.312s] Level 1:colcon.colcon_core.package_identification:_identify(src) by extensions ['ros']
[0.312s] Level 1:colcon.colcon_core.package_identification:_identify(src) by extension 'ros'
[0.312s] Level 1:colcon.colcon_core.package_identification:_identify(src) by extensions ['cmake', 'python']
[0.312s] Level 1:colcon.colcon_core.package_identification:_identify(src) by extension 'cmake'
[0.313s] Level 1:colcon.colcon_core.package_identification:_identify(src) by extension 'python'
[0.313s] Level 1:colcon.colcon_core.package_identification:_identify(src) by extensions ['python_setup_py']
[0.313s] Level 1:colcon.colcon_core.package_identification:_identify(src) by extension 'python_setup_py'
[0.313s] Level 1:colcon.colcon_core.package_identification:_identify(src/3t) by extensions ['ignore', 'ignore_ament_install']
[0.313s] Level 1:colcon.colcon_core.package_identification:_identify(src/3t) by extension 'ignore'
[0.313s] Level 1:colcon.colcon_core.package_identification:_identify(src/3t) by extension 'ignore_ament_install'
[0.313s] Level 1:colcon.colcon_core.package_identification:_identify(src/3t) by extensions ['colcon_pkg']
[0.313s] Level 1:colcon.colcon_core.package_identification:_identify(src/3t) by extension 'colcon_pkg'
[0.313s] Level 1:colcon.colcon_core.package_identification:_identify(src/3t) by extensions ['colcon_meta']
[0.313s] Level 1:colcon.colcon_core.package_identification:_identify(src/3t) by extension 'colcon_meta'
[0.313s] Level 1:colcon.colcon_core.package_identification:_identify(src/3t) by extensions ['ros']
[0.313s] Level 1:colcon.colcon_core.package_identification:_identify(src/3t) by extension 'ros'
[0.318s] DEBUG:colcon.colcon_core.package_identification:Package 'src/3t' with type 'ros.ament_python' and name '3t'
[0.318s] Level 1:colcon.colcon_core.package_identification:_identify(src/build) by extensions ['ignore', 'ignore_ament_install']
[0.318s] Level 1:colcon.colcon_core.package_identification:_identify(src/build) by extension 'ignore'
[0.318s] Level 1:colcon.colcon_core.package_identification:_identify(src/build) ignored
[0.318s] Level 1:colcon.colcon_core.package_identification:_identify(src/install) by extensions ['ignore', 'ignore_ament_install']
[0.318s] Level 1:colcon.colcon_core.package_identification:_identify(src/install) by extension 'ignore'
[0.318s] Level 1:colcon.colcon_core.package_identification:_identify(src/install) ignored
[0.319s] Level 1:colcon.colcon_core.package_identification:_identify(src/log) by extensions ['ignore', 'ignore_ament_install']
[0.319s] Level 1:colcon.colcon_core.package_identification:_identify(src/log) by extension 'ignore'
[0.319s] Level 1:colcon.colcon_core.package_identification:_identify(src/log) ignored
[0.319s] Level 1:colcon.colcon_core.package_identification:_identify(src/my_service_client) by extensions ['ignore', 'ignore_ament_install']
[0.319s] Level 1:colcon.colcon_core.package_identification:_identify(src/my_service_client) by extension 'ignore'
[0.319s] Level 1:colcon.colcon_core.package_identification:_identify(src/my_service_client) by extension 'ignore_ament_install'
[0.319s] Level 1:colcon.colcon_core.package_identification:_identify(src/my_service_client) by extensions ['colcon_pkg']
[0.319s] Level 1:colcon.colcon_core.package_identification:_identify(src/my_service_client) by extension 'colcon_pkg'
[0.319s] Level 1:colcon.colcon_core.package_identification:_identify(src/my_service_client) by extensions ['colcon_meta']
[0.319s] Level 1:colcon.colcon_core.package_identification:_identify(src/my_service_client) by extension 'colcon_meta'
[0.319s] Level 1:colcon.colcon_core.package_identification:_identify(src/my_service_client) by extensions ['ros']
[0.319s] Level 1:colcon.colcon_core.package_identification:_identify(src/my_service_client) by extension 'ros'
[0.320s] DEBUG:colcon.colcon_core.package_identification:Package 'src/my_service_client' with type 'ros.ament_python' and name 'my_service_client'
[0.320s] Level 1:colcon.colcon_core.package_identification:_identify(src/my_service_interfaces) by extensions ['ignore', 'ignore_ament_install']
[0.321s] Level 1:colcon.colcon_core.package_identification:_identify(src/my_service_interfaces) by extension 'ignore'
[0.321s] Level 1:colcon.colcon_core.package_identification:_identify(src/my_service_interfaces) by extension 'ignore_ament_install'
[0.321s] Level 1:colcon.colcon_core.package_identification:_identify(src/my_service_interfaces) by extensions ['colcon_pkg']
[0.321s] Level 1:colcon.colcon_core.package_identification:_identify(src/my_service_interfaces) by extension 'colcon_pkg'
[0.322s] Level 1:colcon.colcon_core.package_identification:_identify(src/my_service_interfaces) by extensions ['colcon_meta']
[0.322s] Level 1:colcon.colcon_core.package_identification:_identify(src/my_service_interfaces) by extension 'colcon_meta'
[0.322s] Level 1:colcon.colcon_core.package_identification:_identify(src/my_service_interfaces) by extensions ['ros']
[0.322s] Level 1:colcon.colcon_core.package_identification:_identify(src/my_service_interfaces) by extension 'ros'
[0.323s] DEBUG:colcon.colcon_core.package_identification:Package 'src/my_service_interfaces' with type 'ros.ament_cmake' and name 'my_service_interfaces'
[0.324s] Level 1:colcon.colcon_core.package_identification:_identify(src/my_service_server) by extensions ['ignore', 'ignore_ament_install']
[0.324s] Level 1:colcon.colcon_core.package_identification:_identify(src/my_service_server) by extension 'ignore'
[0.324s] Level 1:colcon.colcon_core.package_identification:_identify(src/my_service_server) by extension 'ignore_ament_install'
[0.324s] Level 1:colcon.colcon_core.package_identification:_identify(src/my_service_server) by extensions ['colcon_pkg']
[0.324s] Level 1:colcon.colcon_core.package_identification:_identify(src/my_service_server) by extension 'colcon_pkg'
[0.324s] Level 1:colcon.colcon_core.package_identification:_identify(src/my_service_server) by extensions ['colcon_meta']
[0.324s] Level 1:colcon.colcon_core.package_identification:_identify(src/my_service_server) by extension 'colcon_meta'
[0.324s] Level 1:colcon.colcon_core.package_identification:_identify(src/my_service_server) by extensions ['ros']
[0.325s] Level 1:colcon.colcon_core.package_identification:_identify(src/my_service_server) by extension 'ros'
[0.325s] DEBUG:colcon.colcon_core.package_identification:Package 'src/my_service_server' with type 'ros.ament_python' and name 'my_service_server'
[0.326s] Level 1:colcon.colcon_core.package_identification:_identify(src/my_turtle_controller) by extensions ['ignore', 'ignore_ament_install']
[0.326s] Level 1:colcon.colcon_core.package_identification:_identify(src/my_turtle_controller) by extension 'ignore'
[0.326s] Level 1:colcon.colcon_core.package_identification:_identify(src/my_turtle_controller) by extension 'ignore_ament_install'
[0.327s] Level 1:colcon.colcon_core.package_identification:_identify(src/my_turtle_controller) by extensions ['colcon_pkg']
[0.327s] Level 1:colcon.colcon_core.package_identification:_identify(src/my_turtle_controller) by extension 'colcon_pkg'
[0.327s] Level 1:colcon.colcon_core.package_identification:_identify(src/my_turtle_controller) by extensions ['colcon_meta']
[0.327s] Level 1:colcon.colcon_core.package_identification:_identify(src/my_turtle_controller) by extension 'colcon_meta'
[0.327s] Level 1:colcon.colcon_core.package_identification:_identify(src/my_turtle_controller) by extensions ['ros']
[0.327s] Level 1:colcon.colcon_core.package_identification:_identify(src/my_turtle_controller) by extension 'ros'
[0.328s] DEBUG:colcon.colcon_core.package_identification:Package 'src/my_turtle_controller' with type 'ros.ament_python' and name 'my_turtle_controller'
[0.328s] Level 1:colcon.colcon_core.package_discovery:discover_packages(recursive) using defaults
[0.328s] Level 1:colcon.colcon_core.package_discovery:discover_packages(ignore) discover
[0.328s] Level 1:colcon.colcon_core.package_discovery:discover_packages(ignore) using defaults
[0.328s] Level 1:colcon.colcon_core.package_discovery:discover_packages(path) discover
[0.328s] Level 1:colcon.colcon_core.package_discovery:discover_packages(path) using defaults
[0.363s] Level 1:colcon.colcon_core.package_discovery:discover_packages(prefix_path) check parameters
[0.363s] Level 1:colcon.colcon_core.package_discovery:discover_packages(prefix_path) discover
[0.369s] DEBUG:colcon.colcon_installed_package_information.package_discovery:Found 290 installed packages in /opt/ros/jazzy
[0.371s] Level 1:colcon.colcon_core.package_discovery:discover_packages(prefix_path) using defaults
[0.457s] Level 5:colcon.colcon_core.verb:set package '3t' build argument 'cmake_args' from command line to '['-DCMAKE_BUILD_TYPE=Release']'
[0.457s] Level 5:colcon.colcon_core.verb:set package '3t' build argument 'cmake_target' from command line to 'None'
[0.458s] Level 5:colcon.colcon_core.verb:set package '3t' build argument 'cmake_target_skip_unavailable' from command line to 'False'
[0.458s] Level 5:colcon.colcon_core.verb:set package '3t' build argument 'cmake_clean_cache' from command line to 'False'
[0.458s] Level 5:colcon.colcon_core.verb:set package '3t' build argument 'cmake_clean_first' from command line to 'False'
[0.458s] Level 5:colcon.colcon_core.verb:set package '3t' build argument 'cmake_force_configure' from command line to 'False'
[0.458s] Level 5:colcon.colcon_core.verb:set package '3t' build argument 'ament_cmake_args' from command line to 'None'
[0.458s] Level 5:colcon.colcon_core.verb:set package '3t' build argument 'catkin_cmake_args' from command line to 'None'
[0.458s] Level 5:colcon.colcon_core.verb:set package '3t' build argument 'catkin_skip_building_tests' from command line to 'False'
[0.458s] DEBUG:colcon.colcon_core.verb:Building package '3t' with the following arguments: {'ament_cmake_args': None, 'build_base': '/home/za1van/ros2_ws/build/3t', 'catkin_cmake_args': None, 'catkin_skip_building_tests': False, 'cmake_args': ['-DCMAKE_BUILD_TYPE=Release'], 'cmake_clean_cache': False, 'cmake_clean_first': False, 'cmake_force_configure': False, 'cmake_target': None, 'cmake_target_skip_unavailable': False, 'install_base': '/home/za1van/ros2_ws/install/3t', 'merge_install': False, 'path': '/home/za1van/ros2_ws/src/3t', 'symlink_install': False, 'test_result_base': None}
[0.458s] Level 5:colcon.colcon_core.verb:set package 'my_service_interfaces' build argument 'cmake_args' from command line to '['-DCMAKE_BUILD_TYPE=Release']'
[0.458s] Level 5:colcon.colcon_core.verb:set package 'my_service_interfaces' build argument 'cmake_target' from command line to 'None'
[0.458s] Level 5:colcon.colcon_core.verb:set package 'my_service_interfaces' build argument 'cmake_target_skip_unavailable' from command line to 'False'
[0.458s] Level 5:colcon.colcon_core.verb:set package 'my_service_interfaces' build argument 'cmake_clean_cache' from command line to 'False'
[0.458s] Level 5:colcon.colcon_core.verb:set package 'my_service_interfaces' build argument 'cmake_clean_first' from command line to 'False'
[0.459s] Level 5:colcon.colcon_core.verb:set package 'my_service_interfaces' build argument 'cmake_force_configure' from command line to 'False'
[0.459s] Level 5:colcon.colcon_core.verb:set package 'my_service_interfaces' build argument 'ament_cmake_args' from command line to 'None'
[0.459s] Level 5:colcon.colcon_core.verb:set package 'my_service_interfaces' build argument 'catkin_cmake_args' from command line to 'None'
[0.459s] Level 5:colcon.colcon_core.verb:set package 'my_service_interfaces' build argument 'catkin_skip_building_tests' from command line to 'False'
[0.459s] DEBUG:colcon.colcon_core.verb:Building package 'my_service_interfaces' with the following arguments: {'ament_cmake_args': None, 'build_base': '/home/za1van/ros2_ws/build/my_service_interfaces', 'catkin_cmake_args': None, 'catkin_skip_building_tests': False, 'cmake_args': ['-DCMAKE_BUILD_TYPE=Release'], 'cmake_clean_cache': False, 'cmake_clean_first': False, 'cmake_force_configure': False, 'cmake_target': None, 'cmake_target_skip_unavailable': False, 'install_base': '/home/za1van/ros2_ws/install/my_service_interfaces', 'merge_install': False, 'path': '/home/za1van/ros2_ws/src/my_service_interfaces', 'symlink_install': False, 'test_result_base': None}
[0.460s] Level 5:colcon.colcon_core.verb:set package 'my_service_server' build argument 'cmake_args' from command line to '['-DCMAKE_BUILD_TYPE=Release']'
[0.460s] Level 5:colcon.colcon_core.verb:set package 'my_service_server' build argument 'cmake_target' from command line to 'None'
[0.460s] Level 5:colcon.colcon_core.verb:set package 'my_service_server' build argument 'cmake_target_skip_unavailable' from command line to 'False'
[0.460s] Level 5:colcon.colcon_core.verb:set package 'my_service_server' build argument 'cmake_clean_cache' from command line to 'False'
[0.460s] Level 5:colcon.colcon_core.verb:set package 'my_service_server' build argument 'cmake_clean_first' from command line to 'False'
[0.460s] Level 5:colcon.colcon_core.verb:set package 'my_service_server' build argument 'cmake_force_configure' from command line to 'False'
[0.460s] Level 5:colcon.colcon_core.verb:set package 'my_service_server' build argument 'ament_cmake_args' from command line to 'None'
[0.460s] Level 5:colcon.colcon_core.verb:set package 'my_service_server' build argument 'catkin_cmake_args' from command line to 'None'
[0.460s] Level 5:colcon.colcon_core.verb:set package 'my_service_server' build argument 'catkin_skip_building_tests' from command line to 'False'
[0.460s] DEBUG:colcon.colcon_core.verb:Building package 'my_service_server' with the following arguments: {'ament_cmake_args': None, 'build_base': '/home/za1van/ros2_ws/build/my_service_server', 'catkin_cmake_args': None, 'catkin_skip_building_tests': False, 'cmake_args': ['-DCMAKE_BUILD_TYPE=Release'], 'cmake_clean_cache': False, 'cmake_clean_first': False, 'cmake_force_configure': False, 'cmake_target': None, 'cmake_target_skip_unavailable': False, 'install_base': '/home/za1van/ros2_ws/install/my_service_server', 'merge_install': False, 'path': '/home/za1van/ros2_ws/src/my_service_server', 'symlink_install': False, 'test_result_base': None}
[0.461s] Level 5:colcon.colcon_core.verb:set package 'my_turtle_controller' build argument 'cmake_args' from command line to '['-DCMAKE_BUILD_TYPE=Release']'
[0.461s] Level 5:colcon.colcon_core.verb:set package 'my_turtle_controller' build argument 'cmake_target' from command line to 'None'
[0.461s] Level 5:colcon.colcon_core.verb:set package 'my_turtle_controller' build argument 'cmake_target_skip_unavailable' from command line to 'False'
[0.461s] Level 5:colcon.colcon_core.verb:set package 'my_turtle_controller' build argument 'cmake_clean_cache' from command line to 'False'
[0.461s] Level 5:colcon.colcon_core.verb:set package 'my_turtle_controller' build argument 'cmake_clean_first' from command line to 'False'
[0.461s] Level 5:colcon.colcon_core.verb:set package 'my_turtle_controller' build argument 'cmake_force_configure' from command line to 'False'
[0.461s] Level 5:colcon.colcon_core.verb:set package 'my_turtle_controller' build argument 'ament_cmake_args' from command line to 'None'
[0.461s] Level 5:colcon.colcon_core.verb:set package 'my_turtle_controller' build argument 'catkin_cmake_args' from command line to 'None'
[0.461s] Level 5:colcon.colcon_core.verb:set package 'my_turtle_controller' build argument 'catkin_skip_building_tests' from command line to 'False'
[0.461s] DEBUG:colcon.colcon_core.verb:Building package 'my_turtle_controller' with the following arguments: {'ament_cmake_args': None, 'build_base': '/home/za1van/ros2_ws/build/my_turtle_controller', 'catkin_cmake_args': None, 'catkin_skip_building_tests': False, 'cmake_args': ['-DCMAKE_BUILD_TYPE=Release'], 'cmake_clean_cache': False, 'cmake_clean_first': False, 'cmake_force_configure': False, 'cmake_target': None, 'cmake_target_skip_unavailable': False, 'install_base': '/home/za1van/ros2_ws/install/my_turtle_controller', 'merge_install': False, 'path': '/home/za1van/ros2_ws/src/my_turtle_controller', 'symlink_install': False, 'test_result_base': None}
[0.462s] Level 5:colcon.colcon_core.verb:set package 'my_service_client' build argument 'cmake_args' from command line to '['-DCMAKE_BUILD_TYPE=Release']'
[0.462s] Level 5:colcon.colcon_core.verb:set package 'my_service_client' build argument 'cmake_target' from command line to 'None'
[0.462s] Level 5:colcon.colcon_core.verb:set package 'my_service_client' build argument 'cmake_target_skip_unavailable' from command line to 'False'
[0.462s] Level 5:colcon.colcon_core.verb:set package 'my_service_client' build argument 'cmake_clean_cache' from command line to 'False'
[0.462s] Level 5:colcon.colcon_core.verb:set package 'my_service_client' build argument 'cmake_clean_first' from command line to 'False'
[0.462s] Level 5:colcon.colcon_core.verb:set package 'my_service_client' build argument 'cmake_force_configure' from command line to 'False'
[0.462s] Level 5:colcon.colcon_core.verb:set package 'my_service_client' build argument 'ament_cmake_args' from command line to 'None'
[0.462s] Level 5:colcon.colcon_core.verb:set package 'my_service_client' build argument 'catkin_cmake_args' from command line to 'None'
[0.462s] Level 5:colcon.colcon_core.verb:set package 'my_service_client' build argument 'catkin_skip_building_tests' from command line to 'False'
[0.462s] DEBUG:colcon.colcon_core.verb:Building package 'my_service_client' with the following arguments: {'ament_cmake_args': None, 'build_base': '/home/za1van/ros2_ws/build/my_service_client', 'catkin_cmake_args': None, 'catkin_skip_building_tests': False, 'cmake_args': ['-DCMAKE_BUILD_TYPE=Release'], 'cmake_clean_cache': False, 'cmake_clean_first': False, 'cmake_force_configure': False, 'cmake_target': None, 'cmake_target_skip_unavailable': False, 'install_base': '/home/za1van/ros2_ws/install/my_service_client', 'merge_install': False, 'path': '/home/za1van/ros2_ws/src/my_service_client', 'symlink_install': False, 'test_result_base': None}
[0.463s] INFO:colcon.colcon_core.executor:Executing jobs using 'parallel' executor
[0.464s] DEBUG:colcon.colcon_parallel_executor.executor.parallel:run_until_complete
[0.464s] INFO:colcon.colcon_ros.task.ament_cmake.build:Building ROS package in '/home/za1van/ros2_ws/src/my_service_interfaces' with build type 'ament_cmake'
[0.465s] INFO:colcon.colcon_cmake.task.cmake.build:Building CMake package in '/home/za1van/ros2_ws/src/my_service_interfaces'
[0.467s] INFO:colcon.colcon_core.plugin_system:Skipping extension 'colcon_core.shell.bat': Not used on non-Windows systems
[0.467s] INFO:colcon.colcon_core.shell:Skip shell extension 'powershell' for command environment: Not usable outside of PowerShell
[0.467s] DEBUG:colcon.colcon_core.shell:Skip shell extension 'dsv' for command environment
[0.476s] INFO:colcon.colcon_ros.task.ament_python.build:Building ROS package in '/home/za1van/ros2_ws/src/3t' with build type 'ament_python'
[0.476s] Level 1:colcon.colcon_core.shell:create_environment_hook('3t', 'ament_prefix_path')
[0.476s] INFO:colcon.colcon_core.shell:Creating environment hook '/home/za1van/ros2_ws/install/3t/share/3t/hook/ament_prefix_path.ps1'
[0.478s] INFO:colcon.colcon_core.shell:Creating environment descriptor '/home/za1van/ros2_ws/install/3t/share/3t/hook/ament_prefix_path.dsv'
[0.479s] INFO:colcon.colcon_core.shell:Creating environment hook '/home/za1van/ros2_ws/install/3t/share/3t/hook/ament_prefix_path.sh'
[0.481s] INFO:colcon.colcon_core.shell:Skip shell extension 'powershell' for command environment: Not usable outside of PowerShell
[0.481s] DEBUG:colcon.colcon_core.shell:Skip shell extension 'dsv' for command environment
[0.487s] INFO:colcon.colcon_ros.task.ament_python.build:Building ROS package in '/home/za1van/ros2_ws/src/my_service_server' with build type 'ament_python'
[0.487s] Level 1:colcon.colcon_core.shell:create_environment_hook('my_service_server', 'ament_prefix_path')
[0.487s] INFO:colcon.colcon_core.shell:Creating environment hook '/home/za1van/ros2_ws/install/my_service_server/share/my_service_server/hook/ament_prefix_path.ps1'
[0.488s] INFO:colcon.colcon_core.shell:Creating environment descriptor '/home/za1van/ros2_ws/install/my_service_server/share/my_service_server/hook/ament_prefix_path.dsv'
[0.490s] INFO:colcon.colcon_core.shell:Creating environment hook '/home/za1van/ros2_ws/install/my_service_server/share/my_service_server/hook/ament_prefix_path.sh'
[0.491s] INFO:colcon.colcon_core.shell:Skip shell extension 'powershell' for command environment: Not usable outside of PowerShell
[0.491s] DEBUG:colcon.colcon_core.shell:Skip shell extension 'dsv' for command environment
[0.497s] INFO:colcon.colcon_ros.task.ament_python.build:Building ROS package in '/home/za1van/ros2_ws/src/my_turtle_controller' with build type 'ament_python'
[0.497s] Level 1:colcon.colcon_core.shell:create_environment_hook('my_turtle_controller', 'ament_prefix_path')
[0.498s] INFO:colcon.colcon_core.shell:Creating environment hook '/home/za1van/ros2_ws/install/my_turtle_controller/share/my_turtle_controller/hook/ament_prefix_path.ps1'
[0.499s] INFO:colcon.colcon_core.shell:Creating environment descriptor '/home/za1van/ros2_ws/install/my_turtle_controller/share/my_turtle_controller/hook/ament_prefix_path.dsv'
[0.500s] INFO:colcon.colcon_core.shell:Creating environment hook '/home/za1van/ros2_ws/install/my_turtle_controller/share/my_turtle_controller/hook/ament_prefix_path.sh'
[0.501s] INFO:colcon.colcon_core.shell:Skip shell extension 'powershell' for command environment: Not usable outside of PowerShell
[0.501s] DEBUG:colcon.colcon_core.shell:Skip shell extension 'dsv' for command environment
[0.515s] DEBUG:colcon.colcon_core.event_handler.log_command:Invoking command in '/home/za1van/ros2_ws/build/my_service_interfaces': CMAKE_PREFIX_PATH=${CMAKE_PREFIX_PATH}:/opt/ros/jazzy DEBUGINFOD_URLS=https://debuginfod.ubuntu.com /usr/bin/cmake /home/za1van/ros2_ws/src/my_service_interfaces -DCMAKE_BUILD_TYPE=Release -DCMAKE_INSTALL_PREFIX=/home/za1van/ros2_ws/install/my_service_interfaces
[1.028s] INFO:colcon.colcon_core.task.python.build:Building Python package in '/home/za1van/ros2_ws/src/3t'
[1.028s] INFO:colcon.colcon_core.shell:Skip shell extension 'powershell' for command environment: Not usable outside of PowerShell
[1.029s] DEBUG:colcon.colcon_core.shell:Skip shell extension 'dsv' for command environment
[1.478s] INFO:colcon.colcon_core.task.python.build:Building Python package in '/home/za1van/ros2_ws/src/my_service_server'
[1.479s] INFO:colcon.colcon_core.shell:Skip shell extension 'powershell' for command environment: Not usable outside of PowerShell
[1.479s] DEBUG:colcon.colcon_core.shell:Skip shell extension 'dsv' for command environment
[1.977s] INFO:colcon.colcon_core.task.python.build:Building Python package in '/home/za1van/ros2_ws/src/my_turtle_controller'
[1.978s] INFO:colcon.colcon_core.shell:Skip shell extension 'powershell' for command environment: Not usable outside of PowerShell
[1.978s] DEBUG:colcon.colcon_core.shell:Skip shell extension 'dsv' for command environment
[3.092s] DEBUG:colcon.colcon_core.event_handler.log_command:Invoked command in '/home/za1van/ros2_ws/build/my_service_interfaces' returned '0': CMAKE_PREFIX_PATH=${CMAKE_PREFIX_PATH}:/opt/ros/jazzy DEBUGINFOD_URLS=https://debuginfod.ubuntu.com /usr/bin/cmake /home/za1van/ros2_ws/src/my_service_interfaces -DCMAKE_BUILD_TYPE=Release -DCMAKE_INSTALL_PREFIX=/home/za1van/ros2_ws/install/my_service_interfaces
[3.095s] DEBUG:colcon.colcon_core.event_handler.log_command:Invoking command in '/home/za1van/ros2_ws/build/my_service_interfaces': CMAKE_PREFIX_PATH=${CMAKE_PREFIX_PATH}:/opt/ros/jazzy DEBUGINFOD_URLS=https://debuginfod.ubuntu.com /usr/bin/cmake --build /home/za1van/ros2_ws/build/my_service_interfaces -- -j4 -l4
[3.997s] DEBUG:colcon.colcon_core.event_handler.log_command:Invoking command in '/home/za1van/ros2_ws/src/3t': DEBUGINFOD_URLS=https://debuginfod.ubuntu.com PYTHONPATH=/home/za1van/ros2_ws/build/3t/prefix_override:/usr/lib/python3/dist-packages/colcon_core/task/python/colcon_distutils_commands:/home/za1van/ros2_ws/install/3t/lib/python3.12/site-packages:${PYTHONPATH} /usr/bin/python3 -W ignore:setup.py install is deprecated -W ignore:easy_install command is deprecated setup.py egg_info --egg-base ../../build/3t build --build-base /home/za1van/ros2_ws/build/3t/build install --record /home/za1van/ros2_ws/build/3t/install.log --single-version-externally-managed install_data
[5.014s] DEBUG:colcon.colcon_core.event_handler.log_command:Invoking command in '/home/za1van/ros2_ws/src/my_turtle_controller': DEBUGINFOD_URLS=https://debuginfod.ubuntu.com PYTHONPATH=/home/za1van/ros2_ws/build/my_turtle_controller/prefix_override:/usr/lib/python3/dist-packages/colcon_core/task/python/colcon_distutils_commands:/home/za1van/ros2_ws/install/my_turtle_controller/lib/python3.12/site-packages:${PYTHONPATH} /usr/bin/python3 -W ignore:setup.py install is deprecated -W ignore:easy_install command is deprecated setup.py egg_info --egg-base ../../build/my_turtle_controller build --build-base /home/za1van/ros2_ws/build/my_turtle_controller/build install --record /home/za1van/ros2_ws/build/my_turtle_controller/install.log --single-version-externally-managed install_data
[5.052s] DEBUG:colcon.colcon_core.event_handler.log_command:Invoking command in '/home/za1van/ros2_ws/src/my_service_server': DEBUGINFOD_URLS=https://debuginfod.ubuntu.com PYTHONPATH=/home/za1van/ros2_ws/build/my_service_server/prefix_override:/usr/lib/python3/dist-packages/colcon_core/task/python/colcon_distutils_commands:/home/za1van/ros2_ws/install/my_service_server/lib/python3.12/site-packages:${PYTHONPATH} /usr/bin/python3 -W ignore:setup.py install is deprecated -W ignore:easy_install command is deprecated setup.py egg_info --egg-base ../../build/my_service_server build --build-base /home/za1van/ros2_ws/build/my_service_server/build install --record /home/za1van/ros2_ws/build/my_service_server/install.log --single-version-externally-managed install_data
[6.578s] DEBUG:colcon.colcon_core.event_handler.log_command:Invoked command in '/home/za1van/ros2_ws/src/3t' returned '0': DEBUGINFOD_URLS=https://debuginfod.ubuntu.com PYTHONPATH=/home/za1van/ros2_ws/build/3t/prefix_override:/usr/lib/python3/dist-packages/colcon_core/task/python/colcon_distutils_commands:/home/za1van/ros2_ws/install/3t/lib/python3.12/site-packages:${PYTHONPATH} /usr/bin/python3 -W ignore:setup.py install is deprecated -W ignore:easy_install command is deprecated setup.py egg_info --egg-base ../../build/3t build --build-base /home/za1van/ros2_ws/build/3t/build install --record /home/za1van/ros2_ws/build/3t/install.log --single-version-externally-managed install_data
[6.590s] Level 1:colcon.colcon_core.environment:checking '/home/za1van/ros2_ws/install/3t' for CMake module files
[6.591s] Level 1:colcon.colcon_core.environment:checking '/home/za1van/ros2_ws/install/3t' for CMake config files
[6.597s] Level 1:colcon.colcon_core.environment:checking '/home/za1van/ros2_ws/install/3t/lib'
[6.597s] Level 1:colcon.colcon_core.environment:checking '/home/za1van/ros2_ws/install/3t/bin'
[6.597s] Level 1:colcon.colcon_core.environment:checking '/home/za1van/ros2_ws/install/3t/lib/pkgconfig/3t.pc'
[6.598s] Level 1:colcon.colcon_core.environment:checking '/home/za1van/ros2_ws/install/3t/lib/python3.12/site-packages'
[6.598s] Level 1:colcon.colcon_core.shell:create_environment_hook('3t', 'pythonpath')
[6.606s] INFO:colcon.colcon_core.shell:Creating environment hook '/home/za1van/ros2_ws/install/3t/share/3t/hook/pythonpath.ps1'
[6.610s] INFO:colcon.colcon_core.shell:Creating environment descriptor '/home/za1van/ros2_ws/install/3t/share/3t/hook/pythonpath.dsv'
[6.613s] INFO:colcon.colcon_core.shell:Creating environment hook '/home/za1van/ros2_ws/install/3t/share/3t/hook/pythonpath.sh'
[6.614s] Level 1:colcon.colcon_core.environment:checking '/home/za1van/ros2_ws/install/3t/bin'
[6.615s] Level 1:colcon.colcon_core.environment:create_environment_scripts_only(3t)
[6.622s] INFO:colcon.colcon_core.shell:Creating package script '/home/za1van/ros2_ws/install/3t/share/3t/package.ps1'
[6.623s] INFO:colcon.colcon_core.shell:Creating package descriptor '/home/za1van/ros2_ws/install/3t/share/3t/package.dsv'
[6.628s] INFO:colcon.colcon_core.shell:Creating package script '/home/za1van/ros2_ws/install/3t/share/3t/package.sh'
[6.638s] INFO:colcon.colcon_core.shell:Creating package script '/home/za1van/ros2_ws/install/3t/share/3t/package.bash'
[6.640s] INFO:colcon.colcon_core.shell:Creating package script '/home/za1van/ros2_ws/install/3t/share/3t/package.zsh'
[6.644s] Level 1:colcon.colcon_core.environment:create_file_with_runtime_dependencies(/home/za1van/ros2_ws/install/3t/share/colcon-core/packages/3t)
[8.373s] Level 1:colcon.colcon_core.environment:checking '/home/za1van/ros2_ws/install/my_service_server' for CMake module files
[8.374s] Level 1:colcon.colcon_core.environment:checking '/home/za1van/ros2_ws/install/my_service_server' for CMake config files
[8.375s] Level 1:colcon.colcon_core.environment:checking '/home/za1van/ros2_ws/install/my_service_server/lib'
[8.375s] Level 1:colcon.colcon_core.environment:checking '/home/za1van/ros2_ws/install/my_service_server/bin'
[8.375s] Level 1:colcon.colcon_core.environment:checking '/home/za1van/ros2_ws/install/my_service_server/lib/pkgconfig/my_service_server.pc'
[8.380s] DEBUG:colcon.colcon_core.event_handler.log_command:Invoked command in '/home/za1van/ros2_ws/src/my_service_server' returned '0': DEBUGINFOD_URLS=https://debuginfod.ubuntu.com PYTHONPATH=/home/za1van/ros2_ws/build/my_service_server/prefix_override:/usr/lib/python3/dist-packages/colcon_core/task/python/colcon_distutils_commands:/home/za1van/ros2_ws/install/my_service_server/lib/python3.12/site-packages:${PYTHONPATH} /usr/bin/python3 -W ignore:setup.py install is deprecated -W ignore:easy_install command is deprecated setup.py egg_info --egg-base ../../build/my_service_server build --build-base /home/za1van/ros2_ws/build/my_service_server/build install --record /home/za1van/ros2_ws/build/my_service_server/install.log --single-version-externally-managed install_data
[8.387s] Level 1:colcon.colcon_core.environment:checking '/home/za1van/ros2_ws/install/my_service_server/lib/python3.12/site-packages'
[8.387s] Level 1:colcon.colcon_core.shell:create_environment_hook('my_service_server', 'pythonpath')
[8.387s] INFO:colcon.colcon_core.shell:Creating environment hook '/home/za1van/ros2_ws/install/my_service_server/share/my_service_server/hook/pythonpath.ps1'
[8.388s] INFO:colcon.colcon_core.shell:Creating environment descriptor '/home/za1van/ros2_ws/install/my_service_server/share/my_service_server/hook/pythonpath.dsv'
[8.394s] INFO:colcon.colcon_core.shell:Creating environment hook '/home/za1van/ros2_ws/install/my_service_server/share/my_service_server/hook/pythonpath.sh'
[8.395s] Level 1:colcon.colcon_core.environment:checking '/home/za1van/ros2_ws/install/my_service_server/bin'
[8.402s] Level 1:colcon.colcon_core.environment:create_environment_scripts_only(my_service_server)
[8.405s] INFO:colcon.colcon_core.shell:Creating package script '/home/za1van/ros2_ws/install/my_service_server/share/my_service_server/package.ps1'
[8.406s] INFO:colcon.colcon_core.shell:Creating package descriptor '/home/za1van/ros2_ws/install/my_service_server/share/my_service_server/package.dsv'
[8.407s] INFO:colcon.colcon_core.shell:Creating package script '/home/za1van/ros2_ws/install/my_service_server/share/my_service_server/package.sh'
[8.411s] INFO:colcon.colcon_core.shell:Creating package script '/home/za1van/ros2_ws/install/my_service_server/share/my_service_server/package.bash'
[8.413s] INFO:colcon.colcon_core.shell:Creating package script '/home/za1van/ros2_ws/install/my_service_server/share/my_service_server/package.zsh'
[8.419s] Level 1:colcon.colcon_core.environment:create_file_with_runtime_dependencies(/home/za1van/ros2_ws/install/my_service_server/share/colcon-core/packages/my_service_server)
[9.755s] Level 1:colcon.colcon_core.environment:checking '/home/za1van/ros2_ws/install/my_turtle_controller' for CMake module files
[9.756s] DEBUG:colcon.colcon_core.event_handler.log_command:Invoked command in '/home/za1van/ros2_ws/src/my_turtle_controller' returned '0': DEBUGINFOD_URLS=https://debuginfod.ubuntu.com PYTHONPATH=/home/za1van/ros2_ws/build/my_turtle_controller/prefix_override:/usr/lib/python3/dist-packages/colcon_core/task/python/colcon_distutils_commands:/home/za1van/ros2_ws/install/my_turtle_controller/lib/python3.12/site-packages:${PYTHONPATH} /usr/bin/python3 -W ignore:setup.py install is deprecated -W ignore:easy_install command is deprecated setup.py egg_info --egg-base ../../build/my_turtle_controller build --build-base /home/za1van/ros2_ws/build/my_turtle_controller/build install --record /home/za1van/ros2_ws/build/my_turtle_controller/install.log --single-version-externally-managed install_data
[9.757s] Level 1:colcon.colcon_core.environment:checking '/home/za1van/ros2_ws/install/my_turtle_controller' for CMake config files
[9.757s] Level 1:colcon.colcon_core.environment:checking '/home/za1van/ros2_ws/install/my_turtle_controller/lib'
[9.758s] Level 1:colcon.colcon_core.environment:checking '/home/za1van/ros2_ws/install/my_turtle_controller/bin'
[9.758s] Level 1:colcon.colcon_core.environment:checking '/home/za1van/ros2_ws/install/my_turtle_controller/lib/pkgconfig/my_turtle_controller.pc'
[9.758s] Level 1:colcon.colcon_core.environment:checking '/home/za1van/ros2_ws/install/my_turtle_controller/lib/python3.12/site-packages'
[9.758s] Level 1:colcon.colcon_core.shell:create_environment_hook('my_turtle_controller', 'pythonpath')
[9.759s] INFO:colcon.colcon_core.shell:Creating environment hook '/home/za1van/ros2_ws/install/my_turtle_controller/share/my_turtle_controller/hook/pythonpath.ps1'
[9.759s] INFO:colcon.colcon_core.shell:Creating environment descriptor '/home/za1van/ros2_ws/install/my_turtle_controller/share/my_turtle_controller/hook/pythonpath.dsv'
[9.759s] INFO:colcon.colcon_core.shell:Creating environment hook '/home/za1van/ros2_ws/install/my_turtle_controller/share/my_turtle_controller/hook/pythonpath.sh'
[9.760s] Level 1:colcon.colcon_core.environment:checking '/home/za1van/ros2_ws/install/my_turtle_controller/bin'
[9.760s] Level 1:colcon.colcon_core.environment:create_environment_scripts_only(my_turtle_controller)
[9.761s] INFO:colcon.colcon_core.shell:Creating package script '/home/za1van/ros2_ws/install/my_turtle_controller/share/my_turtle_controller/package.ps1'
[9.761s] INFO:colcon.colcon_core.shell:Creating package descriptor '/home/za1van/ros2_ws/install/my_turtle_controller/share/my_turtle_controller/package.dsv'
[9.762s] INFO:colcon.colcon_core.shell:Creating package script '/home/za1van/ros2_ws/install/my_turtle_controller/share/my_turtle_controller/package.sh'
[9.763s] INFO:colcon.colcon_core.shell:Creating package script '/home/za1van/ros2_ws/install/my_turtle_controller/share/my_turtle_controller/package.bash'
[9.764s] INFO:colcon.colcon_core.shell:Creating package script '/home/za1van/ros2_ws/install/my_turtle_controller/share/my_turtle_controller/package.zsh'
[9.765s] Level 1:colcon.colcon_core.environment:create_file_with_runtime_dependencies(/home/za1van/ros2_ws/install/my_turtle_controller/share/colcon-core/packages/my_turtle_controller)
[10.602s] DEBUG:colcon.colcon_core.event_handler.log_command:Invoked command in '/home/za1van/ros2_ws/build/my_service_interfaces' returned '0': CMAKE_PREFIX_PATH=${CMAKE_PREFIX_PATH}:/opt/ros/jazzy DEBUGINFOD_URLS=https://debuginfod.ubuntu.com /usr/bin/cmake --build /home/za1van/ros2_ws/build/my_service_interfaces -- -j4 -l4
[10.610s] DEBUG:colcon.colcon_core.event_handler.log_command:Invoking command in '/home/za1van/ros2_ws/build/my_service_interfaces': CMAKE_PREFIX_PATH=${CMAKE_PREFIX_PATH}:/opt/ros/jazzy DEBUGINFOD_URLS=https://debuginfod.ubuntu.com /usr/bin/cmake --install /home/za1van/ros2_ws/build/my_service_interfaces
[10.722s] Level 1:colcon.colcon_core.environment:create_environment_scripts_only(my_service_interfaces)
[10.722s] DEBUG:colcon.colcon_core.event_handler.log_command:Invoked command in '/home/za1van/ros2_ws/build/my_service_interfaces' returned '0': CMAKE_PREFIX_PATH=${CMAKE_PREFIX_PATH}:/opt/ros/jazzy DEBUGINFOD_URLS=https://debuginfod.ubuntu.com /usr/bin/cmake --install /home/za1van/ros2_ws/build/my_service_interfaces
[10.723s] Level 1:colcon.colcon_core.environment:checking '/home/za1van/ros2_ws/install/my_service_interfaces' for CMake module files
[10.724s] Level 1:colcon.colcon_core.environment:checking '/home/za1van/ros2_ws/install/my_service_interfaces' for CMake config files
[10.725s] Level 1:colcon.colcon_core.shell:create_environment_hook('my_service_interfaces', 'cmake_prefix_path')
[10.725s] INFO:colcon.colcon_core.shell:Creating environment hook '/home/za1van/ros2_ws/install/my_service_interfaces/share/my_service_interfaces/hook/cmake_prefix_path.ps1'
[10.725s] INFO:colcon.colcon_core.shell:Creating environment descriptor '/home/za1van/ros2_ws/install/my_service_interfaces/share/my_service_interfaces/hook/cmake_prefix_path.dsv'
[10.726s] INFO:colcon.colcon_core.shell:Creating environment hook '/home/za1van/ros2_ws/install/my_service_interfaces/share/my_service_interfaces/hook/cmake_prefix_path.sh'
[10.726s] Level 1:colcon.colcon_core.environment:checking '/home/za1van/ros2_ws/install/my_service_interfaces/lib'
[10.727s] Level 1:colcon.colcon_core.shell:create_environment_hook('my_service_interfaces', 'ld_library_path_lib')
[10.727s] INFO:colcon.colcon_core.shell:Creating environment hook '/home/za1van/ros2_ws/install/my_service_interfaces/share/my_service_interfaces/hook/ld_library_path_lib.ps1'
[10.727s] INFO:colcon.colcon_core.shell:Creating environment descriptor '/home/za1van/ros2_ws/install/my_service_interfaces/share/my_service_interfaces/hook/ld_library_path_lib.dsv'
[10.728s] INFO:colcon.colcon_core.shell:Creating environment hook '/home/za1van/ros2_ws/install/my_service_interfaces/share/my_service_interfaces/hook/ld_library_path_lib.sh'
[10.728s] Level 1:colcon.colcon_core.environment:checking '/home/za1van/ros2_ws/install/my_service_interfaces/bin'
[10.728s] Level 1:colcon.colcon_core.environment:checking '/home/za1van/ros2_ws/install/my_service_interfaces/lib/pkgconfig/my_service_interfaces.pc'
[10.728s] Level 1:colcon.colcon_core.environment:checking '/home/za1van/ros2_ws/install/my_service_interfaces/lib/python3.12/site-packages'
[10.729s] Level 1:colcon.colcon_core.shell:create_environment_hook('my_service_interfaces', 'pythonpath')
[10.729s] INFO:colcon.colcon_core.shell:Creating environment hook '/home/za1van/ros2_ws/install/my_service_interfaces/share/my_service_interfaces/hook/pythonpath.ps1'
[10.730s] INFO:colcon.colcon_core.shell:Creating environment descriptor '/home/za1van/ros2_ws/install/my_service_interfaces/share/my_service_interfaces/hook/pythonpath.dsv'
[10.732s] INFO:colcon.colcon_core.shell:Creating environment hook '/home/za1van/ros2_ws/install/my_service_interfaces/share/my_service_interfaces/hook/pythonpath.sh'
[10.733s] Level 1:colcon.colcon_core.environment:checking '/home/za1van/ros2_ws/install/my_service_interfaces/bin'
[10.734s] INFO:colcon.colcon_core.shell:Creating package script '/home/za1van/ros2_ws/install/my_service_interfaces/share/my_service_interfaces/package.ps1'
[10.736s] INFO:colcon.colcon_core.shell:Creating package descriptor '/home/za1van/ros2_ws/install/my_service_interfaces/share/my_service_interfaces/package.dsv'
[10.737s] INFO:colcon.colcon_core.shell:Creating package script '/home/za1van/ros2_ws/install/my_service_interfaces/share/my_service_interfaces/package.sh'
[10.737s] INFO:colcon.colcon_core.shell:Creating package script '/home/za1van/ros2_ws/install/my_service_interfaces/share/my_service_interfaces/package.bash'
[10.738s] INFO:colcon.colcon_core.shell:Creating package script '/home/za1van/ros2_ws/install/my_service_interfaces/share/my_service_interfaces/package.zsh'
[10.738s] Level 1:colcon.colcon_core.environment:create_file_with_runtime_dependencies(/home/za1van/ros2_ws/install/my_service_interfaces/share/colcon-core/packages/my_service_interfaces)
[10.739s] Level 1:colcon.colcon_core.environment:create_environment_scripts_only(my_service_interfaces)
[10.739s] Level 1:colcon.colcon_core.environment:checking '/home/za1van/ros2_ws/install/my_service_interfaces' for CMake module files
[10.740s] Level 1:colcon.colcon_core.environment:checking '/home/za1van/ros2_ws/install/my_service_interfaces' for CMake config files
[10.741s] Level 1:colcon.colcon_core.shell:create_environment_hook('my_service_interfaces', 'cmake_prefix_path')
[10.741s] INFO:colcon.colcon_core.shell:Creating environment hook '/home/za1van/ros2_ws/install/my_service_interfaces/share/my_service_interfaces/hook/cmake_prefix_path.ps1'
[10.742s] INFO:colcon.colcon_core.shell:Creating environment descriptor '/home/za1van/ros2_ws/install/my_service_interfaces/share/my_service_interfaces/hook/cmake_prefix_path.dsv'
[10.742s] INFO:colcon.colcon_core.shell:Creating environment hook '/home/za1van/ros2_ws/install/my_service_interfaces/share/my_service_interfaces/hook/cmake_prefix_path.sh'
[10.743s] Level 1:colcon.colcon_core.environment:checking '/home/za1van/ros2_ws/install/my_service_interfaces/lib'
[10.743s] Level 1:colcon.colcon_core.shell:create_environment_hook('my_service_interfaces', 'ld_library_path_lib')
[10.743s] INFO:colcon.colcon_core.shell:Creating environment hook '/home/za1van/ros2_ws/install/my_service_interfaces/share/my_service_interfaces/hook/ld_library_path_lib.ps1'
[10.744s] INFO:colcon.colcon_core.shell:Creating environment descriptor '/home/za1van/ros2_ws/install/my_service_interfaces/share/my_service_interfaces/hook/ld_library_path_lib.dsv'
[10.744s] INFO:colcon.colcon_core.shell:Creating environment hook '/home/za1van/ros2_ws/install/my_service_interfaces/share/my_service_interfaces/hook/ld_library_path_lib.sh'
[10.745s] Level 1:colcon.colcon_core.environment:checking '/home/za1van/ros2_ws/install/my_service_interfaces/bin'
[10.745s] Level 1:colcon.colcon_core.environment:checking '/home/za1van/ros2_ws/install/my_service_interfaces/lib/pkgconfig/my_service_interfaces.pc'
[10.745s] Level 1:colcon.colcon_core.environment:checking '/home/za1van/ros2_ws/install/my_service_interfaces/lib/python3.12/site-packages'
[10.746s] Level 1:colcon.colcon_core.shell:create_environment_hook('my_service_interfaces', 'pythonpath')
[10.747s] INFO:colcon.colcon_core.shell:Creating environment hook '/home/za1van/ros2_ws/install/my_service_interfaces/share/my_service_interfaces/hook/pythonpath.ps1'
[10.748s] INFO:colcon.colcon_core.shell:Creating environment descriptor '/home/za1van/ros2_ws/install/my_service_interfaces/share/my_service_interfaces/hook/pythonpath.dsv'
[10.748s] INFO:colcon.colcon_core.shell:Creating environment hook '/home/za1van/ros2_ws/install/my_service_interfaces/share/my_service_interfaces/hook/pythonpath.sh'
[10.750s] Level 1:colcon.colcon_core.environment:checking '/home/za1van/ros2_ws/install/my_service_interfaces/bin'
[10.750s] INFO:colcon.colcon_core.shell:Creating package script '/home/za1van/ros2_ws/install/my_service_interfaces/share/my_service_interfaces/package.ps1'
[10.751s] INFO:colcon.colcon_core.shell:Creating package descriptor '/home/za1van/ros2_ws/install/my_service_interfaces/share/my_service_interfaces/package.dsv'
[10.752s] INFO:colcon.colcon_core.shell:Creating package script '/home/za1van/ros2_ws/install/my_service_interfaces/share/my_service_interfaces/package.sh'
[10.753s] INFO:colcon.colcon_core.shell:Creating package script '/home/za1van/ros2_ws/install/my_service_interfaces/share/my_service_interfaces/package.bash'
[10.754s] INFO:colcon.colcon_core.shell:Creating package script '/home/za1van/ros2_ws/install/my_service_interfaces/share/my_service_interfaces/package.zsh'
[10.754s] Level 1:colcon.colcon_core.environment:create_file_with_runtime_dependencies(/home/za1van/ros2_ws/install/my_service_interfaces/share/colcon-core/packages/my_service_interfaces)
[10.754s] INFO:colcon.colcon_ros.task.ament_python.build:Building ROS package in '/home/za1van/ros2_ws/src/my_service_client' with build type 'ament_python'
[10.754s] Level 1:colcon.colcon_core.shell:create_environment_hook('my_service_client', 'ament_prefix_path')
[10.755s] INFO:colcon.colcon_core.shell:Creating environment hook '/home/za1van/ros2_ws/install/my_service_client/share/my_service_client/hook/ament_prefix_path.ps1'
[10.756s] INFO:colcon.colcon_core.shell:Creating environment descriptor '/home/za1van/ros2_ws/install/my_service_client/share/my_service_client/hook/ament_prefix_path.dsv'
[10.756s] INFO:colcon.colcon_core.shell:Creating environment hook '/home/za1van/ros2_ws/install/my_service_client/share/my_service_client/hook/ament_prefix_path.sh'
[10.757s] INFO:colcon.colcon_core.shell:Skip shell extension 'powershell' for command environment: Not usable outside of PowerShell
[10.757s] DEBUG:colcon.colcon_core.shell:Skip shell extension 'dsv' for command environment
[11.184s] INFO:colcon.colcon_core.task.python.build:Building Python package in '/home/za1van/ros2_ws/src/my_service_client'
[11.184s] INFO:colcon.colcon_core.shell:Skip shell extension 'powershell' for command environment: Not usable outside of PowerShell
[11.184s] DEBUG:colcon.colcon_core.shell:Skip shell extension 'dsv' for command environment
[12.334s] DEBUG:colcon.colcon_core.event_handler.log_command:Invoking command in '/home/za1van/ros2_ws/src/my_service_client': AMENT_PREFIX_PATH=/home/za1van/ros2_ws/install/my_service_interfaces:${AMENT_PREFIX_PATH} CMAKE_PREFIX_PATH=/home/za1van/ros2_ws/install/my_service_interfaces:${CMAKE_PREFIX_PATH} DEBUGINFOD_URLS=https://debuginfod.ubuntu.com LD_LIBRARY_PATH=/home/za1van/ros2_ws/install/my_service_interfaces/lib:${LD_LIBRARY_PATH} PYTHONPATH=/home/za1van/ros2_ws/build/my_service_client/prefix_override:/usr/lib/python3/dist-packages/colcon_core/task/python/colcon_distutils_commands:/home/za1van/ros2_ws/install/my_service_client/lib/python3.12/site-packages:/home/za1van/ros2_ws/install/my_service_interfaces/lib/python3.12/site-packages:${PYTHONPATH} /usr/bin/python3 -W ignore:setup.py install is deprecated -W ignore:easy_install command is deprecated setup.py egg_info --egg-base ../../build/my_service_client build --build-base /home/za1van/ros2_ws/build/my_service_client/build install --record /home/za1van/ros2_ws/build/my_service_client/install.log --single-version-externally-managed install_data
[13.397s] Level 1:colcon.colcon_core.environment:checking '/home/za1van/ros2_ws/install/my_service_client' for CMake module files
[13.399s] DEBUG:colcon.colcon_core.event_handler.log_command:Invoked command in '/home/za1van/ros2_ws/src/my_service_client' returned '0': AMENT_PREFIX_PATH=/home/za1van/ros2_ws/install/my_service_interfaces:${AMENT_PREFIX_PATH} CMAKE_PREFIX_PATH=/home/za1van/ros2_ws/install/my_service_interfaces:${CMAKE_PREFIX_PATH} DEBUGINFOD_URLS=https://debuginfod.ubuntu.com LD_LIBRARY_PATH=/home/za1van/ros2_ws/install/my_service_interfaces/lib:${LD_LIBRARY_PATH} PYTHONPATH=/home/za1van/ros2_ws/build/my_service_client/prefix_override:/usr/lib/python3/dist-packages/colcon_core/task/python/colcon_distutils_commands:/home/za1van/ros2_ws/install/my_service_client/lib/python3.12/site-packages:/home/za1van/ros2_ws/install/my_service_interfaces/lib/python3.12/site-packages:${PYTHONPATH} /usr/bin/python3 -W ignore:setup.py install is deprecated -W ignore:easy_install command is deprecated setup.py egg_info --egg-base ../../build/my_service_client build --build-base /home/za1van/ros2_ws/build/my_service_client/build install --record /home/za1van/ros2_ws/build/my_service_client/install.log --single-version-externally-managed install_data
[13.400s] Level 1:colcon.colcon_core.environment:checking '/home/za1van/ros2_ws/install/my_service_client' for CMake config files
[13.401s] Level 1:colcon.colcon_core.environment:checking '/home/za1van/ros2_ws/install/my_service_client/lib'
[13.401s] Level 1:colcon.colcon_core.environment:checking '/home/za1van/ros2_ws/install/my_service_client/bin'
[13.401s] Level 1:colcon.colcon_core.environment:checking '/home/za1van/ros2_ws/install/my_service_client/lib/pkgconfig/my_service_client.pc'
[13.401s] Level 1:colcon.colcon_core.environment:checking '/home/za1van/ros2_ws/install/my_service_client/lib/python3.12/site-packages'
[13.401s] Level 1:colcon.colcon_core.shell:create_environment_hook('my_service_client', 'pythonpath')
[13.402s] INFO:colcon.colcon_core.shell:Creating environment hook '/home/za1van/ros2_ws/install/my_service_client/share/my_service_client/hook/pythonpath.ps1'
[13.402s] INFO:colcon.colcon_core.shell:Creating environment descriptor '/home/za1van/ros2_ws/install/my_service_client/share/my_service_client/hook/pythonpath.dsv'
[13.403s] INFO:colcon.colcon_core.shell:Creating environment hook '/home/za1van/ros2_ws/install/my_service_client/share/my_service_client/hook/pythonpath.sh'
[13.404s] Level 1:colcon.colcon_core.environment:checking '/home/za1van/ros2_ws/install/my_service_client/bin'
[13.404s] Level 1:colcon.colcon_core.environment:create_environment_scripts_only(my_service_client)
[13.404s] INFO:colcon.colcon_core.shell:Creating package script '/home/za1van/ros2_ws/install/my_service_client/share/my_service_client/package.ps1'
[13.405s] INFO:colcon.colcon_core.shell:Creating package descriptor '/home/za1van/ros2_ws/install/my_service_client/share/my_service_client/package.dsv'
[13.405s] INFO:colcon.colcon_core.shell:Creating package script '/home/za1van/ros2_ws/install/my_service_client/share/my_service_client/package.sh'
[13.406s] INFO:colcon.colcon_core.shell:Creating package script '/home/za1van/ros2_ws/install/my_service_client/share/my_service_client/package.bash'
[13.406s] INFO:colcon.colcon_core.shell:Creating package script '/home/za1van/ros2_ws/install/my_service_client/share/my_service_client/package.zsh'
[13.407s] Level 1:colcon.colcon_core.environment:create_file_with_runtime_dependencies(/home/za1van/ros2_ws/install/my_service_client/share/colcon-core/packages/my_service_client)
[13.407s] DEBUG:colcon.colcon_parallel_executor.executor.parallel:closing loop
[13.407s] DEBUG:colcon.colcon_parallel_executor.executor.parallel:loop closed
[13.407s] DEBUG:colcon.colcon_parallel_executor.executor.parallel:run_until_complete finished with '0'
[13.407s] DEBUG:colcon.colcon_core.event_reactor:joining thread
[13.419s] INFO:colcon.colcon_core.plugin_system:Skipping extension 'colcon_notification.desktop_notification.terminal_notifier': Not used on non-Darwin systems
[13.419s] INFO:colcon.colcon_core.plugin_system:Skipping extension 'colcon_notification.desktop_notification.win32': Not used on non-Windows systems
[13.419s] INFO:colcon.colcon_notification.desktop_notification:Sending desktop notification using 'notify2'
[13.426s] DEBUG:colcon.colcon_core.event_reactor:joined thread
[13.427s] INFO:colcon.colcon_core.shell:Creating prefix script '/home/za1van/ros2_ws/install/local_setup.ps1'
[13.429s] INFO:colcon.colcon_core.shell:Creating prefix util module '/home/za1van/ros2_ws/install/_local_setup_util_ps1.py'
[13.432s] INFO:colcon.colcon_core.shell:Creating prefix chain script '/home/za1van/ros2_ws/install/setup.ps1'
[13.434s] INFO:colcon.colcon_core.shell:Creating prefix script '/home/za1van/ros2_ws/install/local_setup.sh'
[13.435s] INFO:colcon.colcon_core.shell:Creating prefix util module '/home/za1van/ros2_ws/install/_local_setup_util_sh.py'
[13.436s] INFO:colcon.colcon_core.shell:Creating prefix chain script '/home/za1van/ros2_ws/install/setup.sh'
[13.438s] INFO:colcon.colcon_core.shell:Creating prefix script '/home/za1van/ros2_ws/install/local_setup.bash'
[13.439s] INFO:colcon.colcon_core.shell:Creating prefix chain script '/home/za1van/ros2_ws/install/setup.bash'
[13.440s] INFO:colcon.colcon_core.shell:Creating prefix script '/home/za1van/ros2_ws/install/local_setup.zsh'
[13.441s] INFO:colcon.colcon_core.shell:Creating prefix chain script '/home/za1van/ros2_ws/install/setup.zsh'
