[0.033s] Invoking command in '/home/za1van/ros2_ws/build/my_action_interface': CMAKE_PREFIX_PATH=${CMAKE_PREFIX_PATH}:/home/za1van/ros2_ws/install/my_turtle_controller:/home/za1van/ros2_ws/install/my_service_server:/home/za1van/ros2_ws/install/my_service_client:/home/za1van/ros2_ws/install/my_project_start:/home/za1van/ros2_ws/install/my_calculate_action:/home/za1van/ros2_ws/install/3t:/opt/ros/jazzy DEBUGINFOD_URLS=https://debuginfod.ubuntu.com /usr/bin/cmake --build /home/za1van/ros2_ws/build/my_action_interface -- -j4 -l4
[0.633s] -- Found ament_cmake: 2.5.4 (/opt/ros/jazzy/share/ament_cmake/cmake)
[0.637s] [0mCMake Deprecation Warning at CMakeLists.txt:1 (cmake_minimum_required):
[0.637s]   Compatibility with CMake < 3.10 will be removed from a future version of
[0.638s]   CMake.
[0.638s] 
[0.638s]   Update the VERSION argument <min> value.  Or, use the <min>...<max> syntax
[0.638s]   to tell CMake that the project requires at least <min> but has been updated
[0.639s]   to work with policies introduced by <max> or earlier.
[0.639s] 
[0.639s] [0m
[0.936s] -- Found Python3: /usr/bin/python3 (found version "3.12.3") found components: Interpreter
[1.122s] -- Found rosidl_default_generators: 1.6.0 (/opt/ros/jazzy/share/rosidl_default_generators/cmake)
[1.129s] -- Using all available rosidl_typesupport_c: rosidl_typesupport_fastrtps_c;rosidl_typesupport_introspection_c
[1.242s] -- Using all available rosidl_typesupport_cpp: rosidl_typesupport_fastrtps_cpp;rosidl_typesupport_introspection_cpp
[1.340s] -- Found rosidl_adapter: 4.6.6 (/opt/ros/jazzy/share/rosidl_adapter/cmake)
[3.412s] -- Found ament_cmake_ros: 0.12.0 (/opt/ros/jazzy/share/ament_cmake_ros/cmake)
[5.756s] -- Using all available rosidl_typesupport_c: rosidl_typesupport_fastrtps_c;rosidl_typesupport_introspection_c
[7.530s] -- Using all available rosidl_typesupport_cpp: rosidl_typesupport_fastrtps_cpp;rosidl_typesupport_introspection_cpp
[7.533s] -- Found python_cmake_module: 0.11.1 (/opt/ros/jazzy/share/python_cmake_module/cmake)
[8.887s] -- Found Python3: /usr/bin/python3 (found version "3.12.3") found components: Interpreter Development NumPy Development.Module Development.Embed
[8.923s] -- Found ament_lint_auto: 0.17.3 (/opt/ros/jazzy/share/ament_lint_auto/cmake)
[8.968s] -- Added test 'lint_cmake' to check CMake code style
[8.970s] -- Added test 'xmllint' to check XML markup files
[8.979s] -- Configuring done (8.9s)
[9.138s] -- Generating done (0.2s)
[9.166s] -- Build files have been written to: /home/za1van/ros2_ws/build/my_action_interface
[9.214s] [  2%] [1m[34mGenerating type hashes for ROS interfaces[0m
[9.243s] [  2%] Built target ament_cmake_python_copy_my_action_interface
[10.179s] running egg_info
[10.228s] [  2%] Built target my_action_interface__rosidl_generator_type_description
[10.249s] [  4%] [1m[34mGenerating C code for ROS interfaces[0m
[10.273s] writing my_action_interface.egg-info/PKG-INFO
[10.274s] [  6%] [1m[34mGenerating C++ code for ROS interfaces[0m
[10.276s] writing dependency_links to my_action_interface.egg-info/dependency_links.txt
[10.280s] writing top-level names to my_action_interface.egg-info/top_level.txt
[10.684s] reading manifest file 'my_action_interface.egg-info/SOURCES.txt'
[10.689s] writing manifest file 'my_action_interface.egg-info/SOURCES.txt'
[10.799s] [  6%] Built target ament_cmake_python_build_my_action_interface_egg
[12.065s] [  6%] Built target my_action_interface__cpp
[12.228s] [  9%] [32mBuilding C object CMakeFiles/my_action_interface__rosidl_generator_c.dir/rosidl_generator_c/my_action_interface/action/detail/summ_calculate__functions.c.o[0m
[12.235s] [ 11%] [32mBuilding C object CMakeFiles/my_action_interface__rosidl_generator_c.dir/rosidl_generator_c/my_action_interface/action/detail/summ_calculate__type_support.c.o[0m
[12.236s] [ 13%] [32mBuilding C object CMakeFiles/my_action_interface__rosidl_generator_c.dir/rosidl_generator_c/my_action_interface/action/detail/summ_calculate__description.c.o[0m
[12.236s] [ 15%] [32mBuilding C object CMakeFiles/my_action_interface__rosidl_generator_c.dir/rosidl_generator_c/my_action_interface/action/detail/move_to__description.c.o[0m
[12.409s] [ 18%] [32mBuilding C object CMakeFiles/my_action_interface__rosidl_generator_c.dir/rosidl_generator_c/my_action_interface/action/detail/move_to__functions.c.o[0m
[12.422s] [ 20%] [32mBuilding C object CMakeFiles/my_action_interface__rosidl_generator_c.dir/rosidl_generator_c/my_action_interface/action/detail/move_to__type_support.c.o[0m
[12.736s] [ 22%] [1m[32mLinking C shared library libmy_action_interface__rosidl_generator_c.so[0m
[12.782s] [ 22%] Built target my_action_interface__rosidl_generator_c
[12.792s] [ 25%] [1m[34mGenerating C type support for eProsima Fast-RTPS[0m
[12.796s] [ 27%] [1m[34mGenerating C introspection for ROS interfaces[0m
[12.802s] [ 29%] [1m[34mGenerating C++ type support for eProsima Fast-RTPS[0m
[12.803s] [ 31%] [1m[34mGenerating C type support dispatch for ROS interfaces[0m
[13.740s] [ 34%] [32mBuilding CXX object CMakeFiles/my_action_interface__rosidl_typesupport_c.dir/rosidl_typesupport_c/my_action_interface/action/summ_calculate__type_support.cpp.o[0m
[13.973s] [ 36%] [32mBuilding CXX object CMakeFiles/my_action_interface__rosidl_typesupport_c.dir/rosidl_typesupport_c/my_action_interface/action/move_to__type_support.cpp.o[0m
[14.181s] [ 38%] [1m[32mLinking CXX shared library libmy_action_interface__rosidl_typesupport_c.so[0m
[14.307s] [ 38%] Built target my_action_interface__rosidl_typesupport_c
[14.326s] [ 40%] [1m[34mGenerating C++ introspection for ROS interfaces[0m
[14.556s] [ 43%] [32mBuilding C object CMakeFiles/my_action_interface__rosidl_typesupport_introspection_c.dir/rosidl_typesupport_introspection_c/my_action_interface/action/detail/summ_calculate__type_support.c.o[0m
[14.808s] [ 45%] [32mBuilding C object CMakeFiles/my_action_interface__rosidl_typesupport_introspection_c.dir/rosidl_typesupport_introspection_c/my_action_interface/action/detail/move_to__type_support.c.o[0m
[14.979s] [ 47%] [1m[32mLinking C shared library libmy_action_interface__rosidl_typesupport_introspection_c.so[0m
[15.068s] [ 47%] Built target my_action_interface__rosidl_typesupport_introspection_c
[15.071s] [ 50%] [32mBuilding CXX object CMakeFiles/my_action_interface__rosidl_typesupport_fastrtps_cpp.dir/rosidl_typesupport_fastrtps_cpp/my_action_interface/action/detail/dds_fastrtps/summ_calculate__type_support.cpp.o[0m
[15.084s] [ 52%] [1m[34mGenerating C++ type support dispatch for ROS interfaces[0m
[15.574s] [ 54%] [32mBuilding CXX object CMakeFiles/my_action_interface__rosidl_typesupport_fastrtps_c.dir/rosidl_typesupport_fastrtps_c/my_action_interface/action/detail/summ_calculate__type_support_c.cpp.o[0m
[16.018s] [ 56%] [32mBuilding CXX object CMakeFiles/my_action_interface__rosidl_typesupport_introspection_cpp.dir/rosidl_typesupport_introspection_cpp/my_action_interface/action/detail/summ_calculate__type_support.cpp.o[0m
[16.232s] [ 59%] [32mBuilding CXX object CMakeFiles/my_action_interface__rosidl_typesupport_cpp.dir/rosidl_typesupport_cpp/my_action_interface/action/summ_calculate__type_support.cpp.o[0m
[17.189s] [ 61%] [32mBuilding CXX object CMakeFiles/my_action_interface__rosidl_typesupport_fastrtps_c.dir/rosidl_typesupport_fastrtps_c/my_action_interface/action/detail/move_to__type_support_c.cpp.o[0m
[17.813s] [ 63%] [32mBuilding CXX object CMakeFiles/my_action_interface__rosidl_typesupport_cpp.dir/rosidl_typesupport_cpp/my_action_interface/action/move_to__type_support.cpp.o[0m
[18.623s] [ 65%] [1m[32mLinking CXX shared library libmy_action_interface__rosidl_typesupport_fastrtps_c.so[0m
[18.805s] [ 65%] Built target my_action_interface__rosidl_typesupport_fastrtps_c
[18.815s] [ 68%] [32mBuilding CXX object CMakeFiles/my_action_interface__rosidl_typesupport_fastrtps_cpp.dir/rosidl_typesupport_fastrtps_cpp/my_action_interface/action/detail/dds_fastrtps/move_to__type_support.cpp.o[0m
[19.421s] [ 70%] [1m[32mLinking CXX shared library libmy_action_interface__rosidl_typesupport_cpp.so[0m
[19.596s] [ 70%] Built target my_action_interface__rosidl_typesupport_cpp
[19.605s] [ 72%] [32mBuilding CXX object CMakeFiles/my_action_interface__rosidl_typesupport_introspection_cpp.dir/rosidl_typesupport_introspection_cpp/my_action_interface/action/detail/move_to__type_support.cpp.o[0m
[21.834s] [ 75%] [1m[32mLinking CXX shared library libmy_action_interface__rosidl_typesupport_fastrtps_cpp.so[0m
[21.905s] [ 77%] [1m[32mLinking CXX shared library libmy_action_interface__rosidl_typesupport_introspection_cpp.so[0m
[22.077s] [ 77%] Built target my_action_interface__rosidl_typesupport_introspection_cpp
[22.090s] [ 77%] Built target my_action_interface__rosidl_typesupport_fastrtps_cpp
[22.115s] [ 77%] Built target my_action_interface
[22.135s] [ 79%] [1m[34mGenerating Python code for ROS interfaces[0m
[24.217s] [ 79%] Built target my_action_interface__py
[24.237s] [ 84%] [32mBuilding C object CMakeFiles/my_action_interface__rosidl_generator_py.dir/rosidl_generator_py/my_action_interface/action/_summ_calculate_s.c.o[0m
[24.237s] [ 84%] [32mBuilding C object CMakeFiles/my_action_interface__rosidl_generator_py.dir/rosidl_generator_py/my_action_interface/action/_move_to_s.c.o[0m
[24.518s] [ 86%] [1m[32mLinking C shared library libmy_action_interface__rosidl_generator_py.so[0m
[24.564s] [ 86%] Built target my_action_interface__rosidl_generator_py
[24.591s] [ 90%] [32mBuilding C object CMakeFiles/my_action_interface_s__rosidl_typesupport_introspection_c.dir/rosidl_generator_py/my_action_interface/_my_action_interface_s.ep.rosidl_typesupport_introspection_c.c.o[0m
[24.592s] [ 90%] [32mBuilding C object CMakeFiles/my_action_interface_s__rosidl_typesupport_c.dir/rosidl_generator_py/my_action_interface/_my_action_interface_s.ep.rosidl_typesupport_c.c.o[0m
[24.592s] [ 93%] [32mBuilding C object CMakeFiles/my_action_interface_s__rosidl_typesupport_fastrtps_c.dir/rosidl_generator_py/my_action_interface/_my_action_interface_s.ep.rosidl_typesupport_fastrtps_c.c.o[0m
[24.933s] [ 95%] [1m[32mLinking C shared module rosidl_generator_py/my_action_interface/my_action_interface_s__rosidl_typesupport_c.so[0m
[24.939s] [ 97%] [1m[32mLinking C shared module rosidl_generator_py/my_action_interface/my_action_interface_s__rosidl_typesupport_fastrtps_c.so[0m
[24.942s] [100%] [1m[32mLinking C shared module rosidl_generator_py/my_action_interface/my_action_interface_s__rosidl_typesupport_introspection_c.so[0m
[24.976s] [100%] Built target my_action_interface_s__rosidl_typesupport_c
[24.983s] [100%] Built target my_action_interface_s__rosidl_typesupport_fastrtps_c
[24.999s] [100%] Built target my_action_interface_s__rosidl_typesupport_introspection_c
[25.014s] Invoked command in '/home/za1van/ros2_ws/build/my_action_interface' returned '0': CMAKE_PREFIX_PATH=${CMAKE_PREFIX_PATH}:/home/za1van/ros2_ws/install/my_turtle_controller:/home/za1van/ros2_ws/install/my_service_server:/home/za1van/ros2_ws/install/my_service_client:/home/za1van/ros2_ws/install/my_project_start:/home/za1van/ros2_ws/install/my_calculate_action:/home/za1van/ros2_ws/install/3t:/opt/ros/jazzy DEBUGINFOD_URLS=https://debuginfod.ubuntu.com /usr/bin/cmake --build /home/za1van/ros2_ws/build/my_action_interface -- -j4 -l4
[25.015s] Invoking command in '/home/za1van/ros2_ws/build/my_action_interface': CMAKE_PREFIX_PATH=${CMAKE_PREFIX_PATH}:/home/za1van/ros2_ws/install/my_turtle_controller:/home/za1van/ros2_ws/install/my_service_server:/home/za1van/ros2_ws/install/my_service_client:/home/za1van/ros2_ws/install/my_project_start:/home/za1van/ros2_ws/install/my_calculate_action:/home/za1van/ros2_ws/install/3t:/opt/ros/jazzy DEBUGINFOD_URLS=https://debuginfod.ubuntu.com /usr/bin/cmake --install /home/za1van/ros2_ws/build/my_action_interface
[25.020s] -- Install configuration: ""
[25.020s] -- Installing: /home/za1van/ros2_ws/install/my_action_interface/share/ament_index/resource_index/rosidl_interfaces/my_action_interface
[25.020s] -- Installing: /home/za1van/ros2_ws/install/my_action_interface/share/my_action_interface/action/SummCalculate.json
[25.021s] -- Installing: /home/za1van/ros2_ws/install/my_action_interface/share/my_action_interface/action/MoveTo.json
[25.021s] -- Up-to-date: /home/za1van/ros2_ws/install/my_action_interface/include/my_action_interface/my_action_interface
[25.021s] -- Up-to-date: /home/za1van/ros2_ws/install/my_action_interface/include/my_action_interface/my_action_interface/action
[25.021s] -- Installing: /home/za1van/ros2_ws/install/my_action_interface/include/my_action_interface/my_action_interface/action/move_to.h
[25.021s] -- Installing: /home/za1van/ros2_ws/install/my_action_interface/include/my_action_interface/my_action_interface/action/summ_calculate.h
[25.022s] -- Up-to-date: /home/za1van/ros2_ws/install/my_action_interface/include/my_action_interface/my_action_interface/action/detail
[25.022s] -- Installing: /home/za1van/ros2_ws/install/my_action_interface/include/my_action_interface/my_action_interface/action/detail/move_to__functions.h
[25.022s] -- Installing: /home/za1van/ros2_ws/install/my_action_interface/include/my_action_interface/my_action_interface/action/detail/summ_calculate__type_support.h
[25.023s] -- Installing: /home/za1van/ros2_ws/install/my_action_interface/include/my_action_interface/my_action_interface/action/detail/summ_calculate__struct.h
[25.023s] -- Installing: /home/za1van/ros2_ws/install/my_action_interface/include/my_action_interface/my_action_interface/action/detail/summ_calculate__type_support.c
[25.023s] -- Installing: /home/za1van/ros2_ws/install/my_action_interface/include/my_action_interface/my_action_interface/action/detail/move_to__struct.h
[25.023s] -- Installing: /home/za1van/ros2_ws/install/my_action_interface/include/my_action_interface/my_action_interface/action/detail/summ_calculate__functions.c
[25.024s] -- Installing: /home/za1van/ros2_ws/install/my_action_interface/include/my_action_interface/my_action_interface/action/detail/move_to__type_support.c
[25.024s] -- Installing: /home/za1van/ros2_ws/install/my_action_interface/include/my_action_interface/my_action_interface/action/detail/move_to__functions.c
[25.024s] -- Installing: /home/za1van/ros2_ws/install/my_action_interface/include/my_action_interface/my_action_interface/action/detail/summ_calculate__functions.h
[25.024s] -- Installing: /home/za1van/ros2_ws/install/my_action_interface/include/my_action_interface/my_action_interface/action/detail/summ_calculate__description.c
[25.024s] -- Installing: /home/za1van/ros2_ws/install/my_action_interface/include/my_action_interface/my_action_interface/action/detail/move_to__type_support.h
[25.025s] -- Installing: /home/za1van/ros2_ws/install/my_action_interface/include/my_action_interface/my_action_interface/action/detail/move_to__description.c
[25.025s] -- Up-to-date: /home/za1van/ros2_ws/install/my_action_interface/include/my_action_interface/my_action_interface/msg
[25.025s] -- Up-to-date: /home/za1van/ros2_ws/install/my_action_interface/include/my_action_interface/my_action_interface/msg/rosidl_generator_c__visibility_control.h
[25.025s] -- Up-to-date: /home/za1van/ros2_ws/install/my_action_interface/share/my_action_interface/environment/library_path.sh
[25.025s] -- Up-to-date: /home/za1van/ros2_ws/install/my_action_interface/share/my_action_interface/environment/library_path.dsv
[25.026s] -- Installing: /home/za1van/ros2_ws/install/my_action_interface/lib/libmy_action_interface__rosidl_generator_c.so
[25.026s] -- Set non-toolchain portion of runtime path of "/home/za1van/ros2_ws/install/my_action_interface/lib/libmy_action_interface__rosidl_generator_c.so" to ""
[25.026s] -- Up-to-date: /home/za1van/ros2_ws/install/my_action_interface/include/my_action_interface/my_action_interface
[25.027s] -- Up-to-date: /home/za1van/ros2_ws/install/my_action_interface/include/my_action_interface/my_action_interface/action
[25.027s] -- Up-to-date: /home/za1van/ros2_ws/install/my_action_interface/include/my_action_interface/my_action_interface/action/detail
[25.027s] -- Installing: /home/za1van/ros2_ws/install/my_action_interface/include/my_action_interface/my_action_interface/action/detail/move_to__rosidl_typesupport_fastrtps_c.h
[25.027s] -- Installing: /home/za1van/ros2_ws/install/my_action_interface/include/my_action_interface/my_action_interface/action/detail/summ_calculate__rosidl_typesupport_fastrtps_c.h
[25.027s] -- Up-to-date: /home/za1van/ros2_ws/install/my_action_interface/include/my_action_interface/my_action_interface/msg
[25.028s] -- Up-to-date: /home/za1van/ros2_ws/install/my_action_interface/include/my_action_interface/my_action_interface/msg/rosidl_typesupport_fastrtps_c__visibility_control.h
[25.028s] -- Installing: /home/za1van/ros2_ws/install/my_action_interface/lib/libmy_action_interface__rosidl_typesupport_fastrtps_c.so
[25.028s] -- Set non-toolchain portion of runtime path of "/home/za1van/ros2_ws/install/my_action_interface/lib/libmy_action_interface__rosidl_typesupport_fastrtps_c.so" to ""
[25.028s] -- Up-to-date: /home/za1van/ros2_ws/install/my_action_interface/include/my_action_interface/my_action_interface
[25.029s] -- Up-to-date: /home/za1van/ros2_ws/install/my_action_interface/include/my_action_interface/my_action_interface/action
[25.029s] -- Up-to-date: /home/za1van/ros2_ws/install/my_action_interface/include/my_action_interface/my_action_interface/action/detail
[25.029s] -- Installing: /home/za1van/ros2_ws/install/my_action_interface/include/my_action_interface/my_action_interface/action/detail/summ_calculate__rosidl_typesupport_introspection_c.h
[25.029s] -- Installing: /home/za1van/ros2_ws/install/my_action_interface/include/my_action_interface/my_action_interface/action/detail/summ_calculate__type_support.c
[25.030s] -- Installing: /home/za1van/ros2_ws/install/my_action_interface/include/my_action_interface/my_action_interface/action/detail/move_to__rosidl_typesupport_introspection_c.h
[25.030s] -- Installing: /home/za1van/ros2_ws/install/my_action_interface/include/my_action_interface/my_action_interface/action/detail/move_to__type_support.c
[25.030s] -- Up-to-date: /home/za1van/ros2_ws/install/my_action_interface/include/my_action_interface/my_action_interface/msg
[25.030s] -- Up-to-date: /home/za1van/ros2_ws/install/my_action_interface/include/my_action_interface/my_action_interface/msg/rosidl_typesupport_introspection_c__visibility_control.h
[25.031s] -- Installing: /home/za1van/ros2_ws/install/my_action_interface/lib/libmy_action_interface__rosidl_typesupport_introspection_c.so
[25.031s] -- Set non-toolchain portion of runtime path of "/home/za1van/ros2_ws/install/my_action_interface/lib/libmy_action_interface__rosidl_typesupport_introspection_c.so" to ""
[25.032s] -- Installing: /home/za1van/ros2_ws/install/my_action_interface/lib/libmy_action_interface__rosidl_typesupport_c.so
[25.032s] -- Set non-toolchain portion of runtime path of "/home/za1van/ros2_ws/install/my_action_interface/lib/libmy_action_interface__rosidl_typesupport_c.so" to ""
[25.033s] -- Up-to-date: /home/za1van/ros2_ws/install/my_action_interface/include/my_action_interface/my_action_interface
[25.033s] -- Up-to-date: /home/za1van/ros2_ws/install/my_action_interface/include/my_action_interface/my_action_interface/action
[25.033s] -- Installing: /home/za1van/ros2_ws/install/my_action_interface/include/my_action_interface/my_action_interface/action/move_to.hpp
[25.033s] -- Installing: /home/za1van/ros2_ws/install/my_action_interface/include/my_action_interface/my_action_interface/action/summ_calculate.hpp
[25.034s] -- Up-to-date: /home/za1van/ros2_ws/install/my_action_interface/include/my_action_interface/my_action_interface/action/detail
[25.034s] -- Installing: /home/za1van/ros2_ws/install/my_action_interface/include/my_action_interface/my_action_interface/action/detail/move_to__traits.hpp
[25.034s] -- Installing: /home/za1van/ros2_ws/install/my_action_interface/include/my_action_interface/my_action_interface/action/detail/summ_calculate__struct.hpp
[25.034s] -- Installing: /home/za1van/ros2_ws/install/my_action_interface/include/my_action_interface/my_action_interface/action/detail/summ_calculate__traits.hpp
[25.034s] -- Installing: /home/za1van/ros2_ws/install/my_action_interface/include/my_action_interface/my_action_interface/action/detail/summ_calculate__builder.hpp
[25.035s] -- Installing: /home/za1van/ros2_ws/install/my_action_interface/include/my_action_interface/my_action_interface/action/detail/summ_calculate__type_support.hpp
[25.035s] -- Installing: /home/za1van/ros2_ws/install/my_action_interface/include/my_action_interface/my_action_interface/action/detail/move_to__builder.hpp
[25.035s] -- Installing: /home/za1van/ros2_ws/install/my_action_interface/include/my_action_interface/my_action_interface/action/detail/move_to__struct.hpp
[25.035s] -- Installing: /home/za1van/ros2_ws/install/my_action_interface/include/my_action_interface/my_action_interface/action/detail/move_to__type_support.hpp
[25.036s] -- Up-to-date: /home/za1van/ros2_ws/install/my_action_interface/include/my_action_interface/my_action_interface/msg
[25.036s] -- Installing: /home/za1van/ros2_ws/install/my_action_interface/include/my_action_interface/my_action_interface/msg/rosidl_generator_cpp__visibility_control.hpp
[25.037s] -- Up-to-date: /home/za1van/ros2_ws/install/my_action_interface/include/my_action_interface/my_action_interface
[25.037s] -- Up-to-date: /home/za1van/ros2_ws/install/my_action_interface/include/my_action_interface/my_action_interface/action
[25.037s] -- Up-to-date: /home/za1van/ros2_ws/install/my_action_interface/include/my_action_interface/my_action_interface/action/detail
[25.037s] -- Installing: /home/za1van/ros2_ws/install/my_action_interface/include/my_action_interface/my_action_interface/action/detail/summ_calculate__rosidl_typesupport_fastrtps_cpp.hpp
[25.037s] -- Up-to-date: /home/za1van/ros2_ws/install/my_action_interface/include/my_action_interface/my_action_interface/action/detail/dds_fastrtps
[25.038s] -- Installing: /home/za1van/ros2_ws/install/my_action_interface/include/my_action_interface/my_action_interface/action/detail/move_to__rosidl_typesupport_fastrtps_cpp.hpp
[25.038s] -- Up-to-date: /home/za1van/ros2_ws/install/my_action_interface/include/my_action_interface/my_action_interface/msg
[25.038s] -- Up-to-date: /home/za1van/ros2_ws/install/my_action_interface/include/my_action_interface/my_action_interface/msg/rosidl_typesupport_fastrtps_cpp__visibility_control.h
[25.039s] -- Installing: /home/za1van/ros2_ws/install/my_action_interface/lib/libmy_action_interface__rosidl_typesupport_fastrtps_cpp.so
[25.039s] -- Set non-toolchain portion of runtime path of "/home/za1van/ros2_ws/install/my_action_interface/lib/libmy_action_interface__rosidl_typesupport_fastrtps_cpp.so" to ""
[25.040s] -- Up-to-date: /home/za1van/ros2_ws/install/my_action_interface/include/my_action_interface/my_action_interface
[25.040s] -- Up-to-date: /home/za1van/ros2_ws/install/my_action_interface/include/my_action_interface/my_action_interface/action
[25.040s] -- Up-to-date: /home/za1van/ros2_ws/install/my_action_interface/include/my_action_interface/my_action_interface/action/detail
[25.040s] -- Installing: /home/za1van/ros2_ws/install/my_action_interface/include/my_action_interface/my_action_interface/action/detail/move_to__rosidl_typesupport_introspection_cpp.hpp
[25.040s] -- Installing: /home/za1van/ros2_ws/install/my_action_interface/include/my_action_interface/my_action_interface/action/detail/move_to__type_support.cpp
[25.041s] -- Installing: /home/za1van/ros2_ws/install/my_action_interface/include/my_action_interface/my_action_interface/action/detail/summ_calculate__type_support.cpp
[25.041s] -- Installing: /home/za1van/ros2_ws/install/my_action_interface/include/my_action_interface/my_action_interface/action/detail/summ_calculate__rosidl_typesupport_introspection_cpp.hpp
[25.041s] -- Installing: /home/za1van/ros2_ws/install/my_action_interface/lib/libmy_action_interface__rosidl_typesupport_introspection_cpp.so
[25.043s] -- Set non-toolchain portion of runtime path of "/home/za1van/ros2_ws/install/my_action_interface/lib/libmy_action_interface__rosidl_typesupport_introspection_cpp.so" to ""
[25.043s] -- Installing: /home/za1van/ros2_ws/install/my_action_interface/lib/libmy_action_interface__rosidl_typesupport_cpp.so
[25.045s] -- Set non-toolchain portion of runtime path of "/home/za1van/ros2_ws/install/my_action_interface/lib/libmy_action_interface__rosidl_typesupport_cpp.so" to ""
[25.046s] -- Up-to-date: /home/za1van/ros2_ws/install/my_action_interface/share/my_action_interface/environment/pythonpath.sh
[25.046s] -- Up-to-date: /home/za1van/ros2_ws/install/my_action_interface/share/my_action_interface/environment/pythonpath.dsv
[25.047s] -- Up-to-date: /home/za1van/ros2_ws/install/my_action_interface/lib/python3.12/site-packages/my_action_interface-0.0.0-py3.12.egg-info
[25.047s] -- Installing: /home/za1van/ros2_ws/install/my_action_interface/lib/python3.12/site-packages/my_action_interface-0.0.0-py3.12.egg-info/dependency_links.txt
[25.047s] -- Installing: /home/za1van/ros2_ws/install/my_action_interface/lib/python3.12/site-packages/my_action_interface-0.0.0-py3.12.egg-info/PKG-INFO
[25.048s] -- Installing: /home/za1van/ros2_ws/install/my_action_interface/lib/python3.12/site-packages/my_action_interface-0.0.0-py3.12.egg-info/top_level.txt
[25.048s] -- Installing: /home/za1van/ros2_ws/install/my_action_interface/lib/python3.12/site-packages/my_action_interface-0.0.0-py3.12.egg-info/SOURCES.txt
[25.048s] -- Up-to-date: /home/za1van/ros2_ws/install/my_action_interface/lib/python3.12/site-packages/my_action_interface
[25.048s] -- Installing: /home/za1van/ros2_ws/install/my_action_interface/lib/python3.12/site-packages/my_action_interface/my_action_interface_s__rosidl_typesupport_c.so
[25.048s] -- Installing: /home/za1van/ros2_ws/install/my_action_interface/lib/python3.12/site-packages/my_action_interface/_my_action_interface_s.ep.rosidl_typesupport_c.c
[25.049s] -- Installing: /home/za1van/ros2_ws/install/my_action_interface/lib/python3.12/site-packages/my_action_interface/my_action_interface_s__rosidl_typesupport_fastrtps_c.so
[25.049s] -- Installing: /home/za1van/ros2_ws/install/my_action_interface/lib/python3.12/site-packages/my_action_interface/_my_action_interface_s.ep.rosidl_typesupport_introspection_c.c
[25.049s] -- Installing: /home/za1van/ros2_ws/install/my_action_interface/lib/python3.12/site-packages/my_action_interface/__init__.py
[25.049s] -- Installing: /home/za1van/ros2_ws/install/my_action_interface/lib/python3.12/site-packages/my_action_interface/my_action_interface_s__rosidl_typesupport_introspection_c.so
[25.049s] -- Up-to-date: /home/za1van/ros2_ws/install/my_action_interface/lib/python3.12/site-packages/my_action_interface/action
[25.050s] -- Installing: /home/za1van/ros2_ws/install/my_action_interface/lib/python3.12/site-packages/my_action_interface/action/_move_to.py
[25.050s] -- Installing: /home/za1van/ros2_ws/install/my_action_interface/lib/python3.12/site-packages/my_action_interface/action/_summ_calculate.py
[25.050s] -- Installing: /home/za1van/ros2_ws/install/my_action_interface/lib/python3.12/site-packages/my_action_interface/action/_summ_calculate_s.c
[25.050s] -- Installing: /home/za1van/ros2_ws/install/my_action_interface/lib/python3.12/site-packages/my_action_interface/action/_move_to_s.c
[25.050s] -- Installing: /home/za1van/ros2_ws/install/my_action_interface/lib/python3.12/site-packages/my_action_interface/action/__init__.py
[25.051s] -- Installing: /home/za1van/ros2_ws/install/my_action_interface/lib/python3.12/site-packages/my_action_interface/_my_action_interface_s.ep.rosidl_typesupport_fastrtps_c.c
[25.190s] Listing '/home/za1van/ros2_ws/install/my_action_interface/lib/python3.12/site-packages/my_action_interface'...
[25.190s] Compiling '/home/za1van/ros2_ws/install/my_action_interface/lib/python3.12/site-packages/my_action_interface/__init__.py'...
[25.190s] Listing '/home/za1van/ros2_ws/install/my_action_interface/lib/python3.12/site-packages/my_action_interface/action'...
[25.191s] Compiling '/home/za1van/ros2_ws/install/my_action_interface/lib/python3.12/site-packages/my_action_interface/action/__init__.py'...
[25.191s] Compiling '/home/za1van/ros2_ws/install/my_action_interface/lib/python3.12/site-packages/my_action_interface/action/_move_to.py'...
[25.191s] Compiling '/home/za1van/ros2_ws/install/my_action_interface/lib/python3.12/site-packages/my_action_interface/action/_summ_calculate.py'...
[25.205s] -- Installing: /home/za1van/ros2_ws/install/my_action_interface/lib/python3.12/site-packages/my_action_interface/my_action_interface_s__rosidl_typesupport_fastrtps_c.so
[25.206s] -- Set non-toolchain portion of runtime path of "/home/za1van/ros2_ws/install/my_action_interface/lib/python3.12/site-packages/my_action_interface/my_action_interface_s__rosidl_typesupport_fastrtps_c.so" to ""
[25.206s] -- Installing: /home/za1van/ros2_ws/install/my_action_interface/lib/python3.12/site-packages/my_action_interface/my_action_interface_s__rosidl_typesupport_introspection_c.so
[25.207s] -- Set non-toolchain portion of runtime path of "/home/za1van/ros2_ws/install/my_action_interface/lib/python3.12/site-packages/my_action_interface/my_action_interface_s__rosidl_typesupport_introspection_c.so" to ""
[25.208s] -- Installing: /home/za1van/ros2_ws/install/my_action_interface/lib/python3.12/site-packages/my_action_interface/my_action_interface_s__rosidl_typesupport_c.so
[25.209s] -- Set non-toolchain portion of runtime path of "/home/za1van/ros2_ws/install/my_action_interface/lib/python3.12/site-packages/my_action_interface/my_action_interface_s__rosidl_typesupport_c.so" to ""
[25.209s] -- Installing: /home/za1van/ros2_ws/install/my_action_interface/lib/libmy_action_interface__rosidl_generator_py.so
[25.211s] -- Set non-toolchain portion of runtime path of "/home/za1van/ros2_ws/install/my_action_interface/lib/libmy_action_interface__rosidl_generator_py.so" to ""
[25.211s] -- Up-to-date: /home/za1van/ros2_ws/install/my_action_interface/share/my_action_interface/action/SummCalculate.idl
[25.211s] -- Installing: /home/za1van/ros2_ws/install/my_action_interface/share/my_action_interface/action/MoveTo.idl
[25.213s] -- Up-to-date: /home/za1van/ros2_ws/install/my_action_interface/share/my_action_interface/action/SummCalculate.action
[25.214s] -- Installing: /home/za1van/ros2_ws/install/my_action_interface/share/my_action_interface/action/MoveTo.action
[25.214s] -- Up-to-date: /home/za1van/ros2_ws/install/my_action_interface/share/ament_index/resource_index/package_run_dependencies/my_action_interface
[25.214s] -- Installing: /home/za1van/ros2_ws/install/my_action_interface/share/ament_index/resource_index/parent_prefix_path/my_action_interface
[25.215s] -- Up-to-date: /home/za1van/ros2_ws/install/my_action_interface/share/my_action_interface/environment/ament_prefix_path.sh
[25.215s] -- Up-to-date: /home/za1van/ros2_ws/install/my_action_interface/share/my_action_interface/environment/ament_prefix_path.dsv
[25.215s] -- Up-to-date: /home/za1van/ros2_ws/install/my_action_interface/share/my_action_interface/environment/path.sh
[25.215s] -- Up-to-date: /home/za1van/ros2_ws/install/my_action_interface/share/my_action_interface/environment/path.dsv
[25.215s] -- Up-to-date: /home/za1van/ros2_ws/install/my_action_interface/share/my_action_interface/local_setup.bash
[25.215s] -- Up-to-date: /home/za1van/ros2_ws/install/my_action_interface/share/my_action_interface/local_setup.sh
[25.216s] -- Up-to-date: /home/za1van/ros2_ws/install/my_action_interface/share/my_action_interface/local_setup.zsh
[25.217s] -- Up-to-date: /home/za1van/ros2_ws/install/my_action_interface/share/my_action_interface/local_setup.dsv
[25.218s] -- Installing: /home/za1van/ros2_ws/install/my_action_interface/share/my_action_interface/package.dsv
[25.218s] -- Up-to-date: /home/za1van/ros2_ws/install/my_action_interface/share/ament_index/resource_index/packages/my_action_interface
[25.219s] -- Up-to-date: /home/za1van/ros2_ws/install/my_action_interface/share/my_action_interface/cmake/export_my_action_interface__rosidl_generator_cExport.cmake
[25.220s] -- Up-to-date: /home/za1van/ros2_ws/install/my_action_interface/share/my_action_interface/cmake/export_my_action_interface__rosidl_generator_cExport-noconfig.cmake
[25.220s] -- Up-to-date: /home/za1van/ros2_ws/install/my_action_interface/share/my_action_interface/cmake/export_my_action_interface__rosidl_typesupport_fastrtps_cExport.cmake
[25.220s] -- Up-to-date: /home/za1van/ros2_ws/install/my_action_interface/share/my_action_interface/cmake/export_my_action_interface__rosidl_typesupport_fastrtps_cExport-noconfig.cmake
[25.221s] -- Up-to-date: /home/za1van/ros2_ws/install/my_action_interface/share/my_action_interface/cmake/my_action_interface__rosidl_typesupport_introspection_cExport.cmake
[25.221s] -- Up-to-date: /home/za1van/ros2_ws/install/my_action_interface/share/my_action_interface/cmake/my_action_interface__rosidl_typesupport_introspection_cExport-noconfig.cmake
[25.221s] -- Up-to-date: /home/za1van/ros2_ws/install/my_action_interface/share/my_action_interface/cmake/my_action_interface__rosidl_typesupport_cExport.cmake
[25.222s] -- Up-to-date: /home/za1van/ros2_ws/install/my_action_interface/share/my_action_interface/cmake/my_action_interface__rosidl_typesupport_cExport-noconfig.cmake
[25.222s] -- Up-to-date: /home/za1van/ros2_ws/install/my_action_interface/share/my_action_interface/cmake/export_my_action_interface__rosidl_generator_cppExport.cmake
[25.223s] -- Up-to-date: /home/za1van/ros2_ws/install/my_action_interface/share/my_action_interface/cmake/export_my_action_interface__rosidl_typesupport_fastrtps_cppExport.cmake
[25.223s] -- Up-to-date: /home/za1van/ros2_ws/install/my_action_interface/share/my_action_interface/cmake/export_my_action_interface__rosidl_typesupport_fastrtps_cppExport-noconfig.cmake
[25.223s] -- Up-to-date: /home/za1van/ros2_ws/install/my_action_interface/share/my_action_interface/cmake/my_action_interface__rosidl_typesupport_introspection_cppExport.cmake
[25.223s] -- Up-to-date: /home/za1van/ros2_ws/install/my_action_interface/share/my_action_interface/cmake/my_action_interface__rosidl_typesupport_introspection_cppExport-noconfig.cmake
[25.223s] -- Up-to-date: /home/za1van/ros2_ws/install/my_action_interface/share/my_action_interface/cmake/my_action_interface__rosidl_typesupport_cppExport.cmake
[25.223s] -- Up-to-date: /home/za1van/ros2_ws/install/my_action_interface/share/my_action_interface/cmake/my_action_interface__rosidl_typesupport_cppExport-noconfig.cmake
[25.223s] -- Up-to-date: /home/za1van/ros2_ws/install/my_action_interface/share/my_action_interface/cmake/export_my_action_interface__rosidl_generator_pyExport.cmake
[25.224s] -- Up-to-date: /home/za1van/ros2_ws/install/my_action_interface/share/my_action_interface/cmake/export_my_action_interface__rosidl_generator_pyExport-noconfig.cmake
[25.224s] -- Installing: /home/za1van/ros2_ws/install/my_action_interface/share/my_action_interface/cmake/rosidl_cmake-extras.cmake
[25.225s] -- Up-to-date: /home/za1van/ros2_ws/install/my_action_interface/share/my_action_interface/cmake/ament_cmake_export_dependencies-extras.cmake
[25.227s] -- Up-to-date: /home/za1van/ros2_ws/install/my_action_interface/share/my_action_interface/cmake/ament_cmake_export_include_directories-extras.cmake
[25.227s] -- Up-to-date: /home/za1van/ros2_ws/install/my_action_interface/share/my_action_interface/cmake/ament_cmake_export_libraries-extras.cmake
[25.227s] -- Up-to-date: /home/za1van/ros2_ws/install/my_action_interface/share/my_action_interface/cmake/ament_cmake_export_targets-extras.cmake
[25.228s] -- Up-to-date: /home/za1van/ros2_ws/install/my_action_interface/share/my_action_interface/cmake/rosidl_cmake_export_typesupport_targets-extras.cmake
[25.228s] -- Up-to-date: /home/za1van/ros2_ws/install/my_action_interface/share/my_action_interface/cmake/rosidl_cmake_export_typesupport_libraries-extras.cmake
[25.228s] -- Up-to-date: /home/za1van/ros2_ws/install/my_action_interface/share/my_action_interface/cmake/my_action_interfaceConfig.cmake
[25.228s] -- Up-to-date: /home/za1van/ros2_ws/install/my_action_interface/share/my_action_interface/cmake/my_action_interfaceConfig-version.cmake
[25.228s] -- Up-to-date: /home/za1van/ros2_ws/install/my_action_interface/share/my_action_interface/package.xml
[25.229s] Invoked command in '/home/za1van/ros2_ws/build/my_action_interface' returned '0': CMAKE_PREFIX_PATH=${CMAKE_PREFIX_PATH}:/home/za1van/ros2_ws/install/my_turtle_controller:/home/za1van/ros2_ws/install/my_service_server:/home/za1van/ros2_ws/install/my_service_client:/home/za1van/ros2_ws/install/my_project_start:/home/za1van/ros2_ws/install/my_calculate_action:/home/za1van/ros2_ws/install/3t:/opt/ros/jazzy DEBUGINFOD_URLS=https://debuginfod.ubuntu.com /usr/bin/cmake --install /home/za1van/ros2_ws/build/my_action_interface
