[1.746s] Invoking command in '/home/za1van/ros2_ws/src/my_turtle_controller': CMAKE_PREFIX_PATH=/home/za1van/ros2_ws/install/my_action_interface:/home/za1van/ros2_ws/install/my_custom_interface:/home/za1van/ros2_ws/install/my_service_interfaces:/opt/ros/jazzy/opt/gz_math_vendor:/opt/ros/jazzy/opt/gz_utils_vendor:/opt/ros/jazzy/opt/gz_cmake_vendor DEBUGINFOD_URLS=https://debuginfod.ubuntu.com LD_LIBRARY_PATH=/home/za1van/ros2_ws/install/my_action_interface/lib:/home/za1van/ros2_ws/install/my_custom_interface/lib:/home/za1van/ros2_ws/install/my_service_interfaces/lib:/opt/ros/jazzy/opt/rviz_ogre_vendor/lib:/opt/ros/jazzy/lib/x86_64-linux-gnu:/opt/ros/jazzy/opt/gz_math_vendor/lib:/opt/ros/jazzy/opt/gz_utils_vendor/lib:/opt/ros/jazzy/opt/gz_cmake_vendor/lib:/opt/ros/jazzy/lib PYTHONPATH=/home/za1van/ros2_ws/build/my_turtle_controller/prefix_override:/usr/lib/python3/dist-packages/colcon_core/task/python/colcon_distutils_commands:/home/za1van/ros2_ws/install/my_turtle_controller/lib/python3.12/site-packages:/home/za1van/ros2_ws/install/my_action_interface/lib/python3.12/site-packages:/home/za1van/ros2_ws/install/my_custom_interface/lib/python3.12/site-packages:/home/za1van/ros2_ws/install/my_turtle_controller/lib/python3.12/site-packages:/home/za1van/ros2_ws/install/my_service_server/lib/python3.12/site-packages:/home/za1van/ros2_ws/install/my_service_client/lib/python3.12/site-packages:/home/za1van/ros2_ws/install/my_service_interfaces/lib/python3.12/site-packages:/home/za1van/ros2_ws/install/my_project_start/lib/python3.12/site-packages:/home/za1van/ros2_ws/install/my_calculate_action/lib/python3.12/site-packages:/home/za1van/ros2_ws/install/3t/lib/python3.12/site-packages:/opt/ros/jazzy/lib/python3.12/site-packages /usr/bin/python3 -W ignore:setup.py install is deprecated -W ignore:easy_install command is deprecated setup.py egg_info --egg-base ../../build/my_turtle_controller build --build-base /home/za1van/ros2_ws/build/my_turtle_controller/build install --record /home/za1van/ros2_ws/build/my_turtle_controller/install.log --single-version-externally-managed install_data
[2.153s] running egg_info
[2.183s] writing ../../build/my_turtle_controller/my_turtle_controller.egg-info/PKG-INFO
[2.183s] writing dependency_links to ../../build/my_turtle_controller/my_turtle_controller.egg-info/dependency_links.txt
[2.183s] writing entry points to ../../build/my_turtle_controller/my_turtle_controller.egg-info/entry_points.txt
[2.184s] writing requirements to ../../build/my_turtle_controller/my_turtle_controller.egg-info/requires.txt
[2.184s] writing top-level names to ../../build/my_turtle_controller/my_turtle_controller.egg-info/top_level.txt
[2.252s] reading manifest file '../../build/my_turtle_controller/my_turtle_controller.egg-info/SOURCES.txt'
[2.253s] writing manifest file '../../build/my_turtle_controller/my_turtle_controller.egg-info/SOURCES.txt'
[2.253s] running build
[2.253s] running build_py
[2.254s] copying my_turtle_controller/turtle_move_action_server.py -> /home/za1van/ros2_ws/build/my_turtle_controller/build/lib/my_turtle_controller
[2.254s] copying my_turtle_controller/turtle_move_action_client.py -> /home/za1van/ros2_ws/build/my_turtle_controller/build/lib/my_turtle_controller
[2.254s] running install
[2.265s] running install_lib
[2.295s] copying /home/za1van/ros2_ws/build/my_turtle_controller/build/lib/my_turtle_controller/turtle_move_action_server.py -> /home/za1van/ros2_ws/install/my_turtle_controller/lib/python3.12/site-packages/my_turtle_controller
[2.295s] copying /home/za1van/ros2_ws/build/my_turtle_controller/build/lib/my_turtle_controller/turtle_move_action_client.py -> /home/za1van/ros2_ws/install/my_turtle_controller/lib/python3.12/site-packages/my_turtle_controller
[2.296s] byte-compiling /home/za1van/ros2_ws/install/my_turtle_controller/lib/python3.12/site-packages/my_turtle_controller/turtle_move_action_server.py to turtle_move_action_server.cpython-312.pyc
[2.298s] byte-compiling /home/za1van/ros2_ws/install/my_turtle_controller/lib/python3.12/site-packages/my_turtle_controller/turtle_move_action_client.py to turtle_move_action_client.cpython-312.pyc
[2.300s] running install_data
[2.300s] copying package.xml -> /home/za1van/ros2_ws/install/my_turtle_controller/share/my_turtle_controller
[2.300s] copying launch/follow_with_teleop.launch.py -> /home/za1van/ros2_ws/install/my_turtle_controller/share/my_turtle_controller/launch
[2.300s] copying launch/multi_followers_with_teleop.launch.py -> /home/za1van/ros2_ws/install/my_turtle_controller/share/my_turtle_controller/launch
[2.301s] running install_egg_info
[2.334s] removing '/home/za1van/ros2_ws/install/my_turtle_controller/lib/python3.12/site-packages/my_turtle_controller-0.0.0-py3.12.egg-info' (and everything under it)
[2.335s] Copying ../../build/my_turtle_controller/my_turtle_controller.egg-info to /home/za1van/ros2_ws/install/my_turtle_controller/lib/python3.12/site-packages/my_turtle_controller-0.0.0-py3.12.egg-info
[2.337s] running install_scripts
[2.548s] Installing turtle_figure8 script to /home/za1van/ros2_ws/install/my_turtle_controller/lib/my_turtle_controller
[2.549s] Installing turtle_follower_spawner script to /home/za1van/ros2_ws/install/my_turtle_controller/lib/my_turtle_controller
[2.549s] Installing turtle_move_action_client script to /home/za1van/ros2_ws/install/my_turtle_controller/lib/my_turtle_controller
[2.549s] Installing turtle_move_action_server script to /home/za1van/ros2_ws/install/my_turtle_controller/lib/my_turtle_controller
[2.550s] Installing turtle_mover script to /home/za1van/ros2_ws/install/my_turtle_controller/lib/my_turtle_controller
[2.550s] Installing turtle_pose_follower script to /home/za1van/ros2_ws/install/my_turtle_controller/lib/my_turtle_controller
[2.551s] writing list of installed files to '/home/za1van/ros2_ws/build/my_turtle_controller/install.log'
[2.590s] Invoked command in '/home/za1van/ros2_ws/src/my_turtle_controller' returned '0': CMAKE_PREFIX_PATH=/home/za1van/ros2_ws/install/my_action_interface:/home/za1van/ros2_ws/install/my_custom_interface:/home/za1van/ros2_ws/install/my_service_interfaces:/opt/ros/jazzy/opt/gz_math_vendor:/opt/ros/jazzy/opt/gz_utils_vendor:/opt/ros/jazzy/opt/gz_cmake_vendor DEBUGINFOD_URLS=https://debuginfod.ubuntu.com LD_LIBRARY_PATH=/home/za1van/ros2_ws/install/my_action_interface/lib:/home/za1van/ros2_ws/install/my_custom_interface/lib:/home/za1van/ros2_ws/install/my_service_interfaces/lib:/opt/ros/jazzy/opt/rviz_ogre_vendor/lib:/opt/ros/jazzy/lib/x86_64-linux-gnu:/opt/ros/jazzy/opt/gz_math_vendor/lib:/opt/ros/jazzy/opt/gz_utils_vendor/lib:/opt/ros/jazzy/opt/gz_cmake_vendor/lib:/opt/ros/jazzy/lib PYTHONPATH=/home/za1van/ros2_ws/build/my_turtle_controller/prefix_override:/usr/lib/python3/dist-packages/colcon_core/task/python/colcon_distutils_commands:/home/za1van/ros2_ws/install/my_turtle_controller/lib/python3.12/site-packages:/home/za1van/ros2_ws/install/my_action_interface/lib/python3.12/site-packages:/home/za1van/ros2_ws/install/my_custom_interface/lib/python3.12/site-packages:/home/za1van/ros2_ws/install/my_turtle_controller/lib/python3.12/site-packages:/home/za1van/ros2_ws/install/my_service_server/lib/python3.12/site-packages:/home/za1van/ros2_ws/install/my_service_client/lib/python3.12/site-packages:/home/za1van/ros2_ws/install/my_service_interfaces/lib/python3.12/site-packages:/home/za1van/ros2_ws/install/my_project_start/lib/python3.12/site-packages:/home/za1van/ros2_ws/install/my_calculate_action/lib/python3.12/site-packages:/home/za1van/ros2_ws/install/3t/lib/python3.12/site-packages:/opt/ros/jazzy/lib/python3.12/site-packages /usr/bin/python3 -W ignore:setup.py install is deprecated -W ignore:easy_install command is deprecated setup.py egg_info --egg-base ../../build/my_turtle_controller build --build-base /home/za1van/ros2_ws/build/my_turtle_controller/build install --record /home/za1van/ros2_ws/build/my_turtle_controller/install.log --single-version-externally-managed install_data
