[4.732s] Invoking command in '/home/za1van/ros2_ws/src/my_service_server': DEBUGINFOD_URLS=https://debuginfod.ubuntu.com PYTHONPATH=/home/za1van/ros2_ws/src/build/my_service_server/prefix_override:/usr/lib/python3/dist-packages/colcon_core/task/python/colcon_distutils_commands:/home/za1van/ros2_ws/src/install/my_service_server/lib/python3.12/site-packages:${PYTHONPATH} /usr/bin/python3 -W ignore:setup.py install is deprecated -W ignore:easy_install command is deprecated setup.py egg_info --egg-base ../build/my_service_server build --build-base /home/za1van/ros2_ws/src/build/my_service_server/build install --record /home/za1van/ros2_ws/src/build/my_service_server/install.log --single-version-externally-managed install_data
[6.193s] running egg_info
[6.282s] writing ../build/my_service_server/my_service_server.egg-info/PKG-INFO
[6.286s] writing dependency_links to ../build/my_service_server/my_service_server.egg-info/dependency_links.txt
[6.288s] writing entry points to ../build/my_service_server/my_service_server.egg-info/entry_points.txt
[6.288s] writing requirements to ../build/my_service_server/my_service_server.egg-info/requires.txt
[6.288s] writing top-level names to ../build/my_service_server/my_service_server.egg-info/top_level.txt
[6.456s] reading manifest file '../build/my_service_server/my_service_server.egg-info/SOURCES.txt'
[6.458s] writing manifest file '../build/my_service_server/my_service_server.egg-info/SOURCES.txt'
[6.459s] running build
[6.459s] running build_py
[6.461s] running install
[6.478s] running install_lib
[6.551s] running install_data
[6.551s] running install_egg_info
[6.616s] removing '/home/za1van/ros2_ws/src/install/my_service_server/lib/python3.12/site-packages/my_service_server-0.0.0-py3.12.egg-info' (and everything under it)
[6.618s] Copying ../build/my_service_server/my_service_server.egg-info to /home/za1van/ros2_ws/src/install/my_service_server/lib/python3.12/site-packages/my_service_server-0.0.0-py3.12.egg-info
[6.621s] running install_scripts
[6.935s] Installing velocity_server script to /home/za1van/ros2_ws/src/install/my_service_server/lib/my_service_server
[6.936s] writing list of installed files to '/home/za1van/ros2_ws/src/build/my_service_server/install.log'
[7.013s] Invoked command in '/home/za1van/ros2_ws/src/my_service_server' returned '0': DEBUGINFOD_URLS=https://debuginfod.ubuntu.com PYTHONPATH=/home/za1van/ros2_ws/src/build/my_service_server/prefix_override:/usr/lib/python3/dist-packages/colcon_core/task/python/colcon_distutils_commands:/home/za1van/ros2_ws/src/install/my_service_server/lib/python3.12/site-packages:${PYTHONPATH} /usr/bin/python3 -W ignore:setup.py install is deprecated -W ignore:easy_install command is deprecated setup.py egg_info --egg-base ../build/my_service_server build --build-base /home/za1van/ros2_ws/src/build/my_service_server/build install --record /home/za1van/ros2_ws/src/build/my_service_server/install.log --single-version-externally-managed install_data
