[0.049s] Invoking command in '/home/za1van/ros2_ws/build/my_service_interfaces': CMAKE_PREFIX_PATH=${CMAKE_PREFIX_PATH}:/opt/ros/jazzy DEBUGINFOD_URLS=https://debuginfod.ubuntu.com /usr/bin/cmake --build /home/za1van/ros2_ws/build/my_service_interfaces -- -j4 -l4
[1.027s] gmake[1]: Entering directory '/home/za1van/ros2_ws/build/my_service_interfaces'
[1.028s] gmake[2]: Entering directory '/home/za1van/ros2_ws/build/my_service_interfaces'
[1.028s] gmake[3]: Entering directory '/home/za1van/ros2_ws/build/my_service_interfaces'
[1.028s] gmake[3]: Entering directory '/home/za1van/ros2_ws/build/my_service_interfaces'
[1.029s] gmake[3]: Leaving directory '/home/za1van/ros2_ws/build/my_service_interfaces'
[1.029s] gmake[3]: Leaving directory '/home/za1van/ros2_ws/build/my_service_interfaces'
[1.030s] gmake[3]: Entering directory '/home/za1van/ros2_ws/build/my_service_interfaces'
[1.032s] [  2%] Built target my_service_interfaces__rosidl_generator_type_description
[1.033s] gmake[3]: Leaving directory '/home/za1van/ros2_ws/build/my_service_interfaces'
[1.033s] gmake[3]: Entering directory '/home/za1van/ros2_ws/build/my_service_interfaces'
[1.033s] gmake[3]: Entering directory '/home/za1van/ros2_ws/build/my_service_interfaces'
[1.034s] [  2%] Built target ament_cmake_python_copy_my_service_interfaces
[1.034s] gmake[3]: Leaving directory '/home/za1van/ros2_ws/build/my_service_interfaces'
[1.034s] gmake[3]: Entering directory '/home/za1van/ros2_ws/build/my_service_interfaces'
[1.034s] gmake[3]: Leaving directory '/home/za1van/ros2_ws/build/my_service_interfaces'
[1.034s] [  5%] Built target my_service_interfaces__cpp
[1.035s] gmake[3]: Leaving directory '/home/za1van/ros2_ws/build/my_service_interfaces'
[1.035s] gmake[3]: Entering directory '/home/za1van/ros2_ws/build/my_service_interfaces'
[1.035s] [ 20%] Built target my_service_interfaces__rosidl_generator_c
[1.035s] gmake[3]: Entering directory '/home/za1van/ros2_ws/build/my_service_interfaces'
[1.035s] gmake[3]: Entering directory '/home/za1van/ros2_ws/build/my_service_interfaces'
[1.035s] gmake[3]: Entering directory '/home/za1van/ros2_ws/build/my_service_interfaces'
[1.035s] gmake[3]: Leaving directory '/home/za1van/ros2_ws/build/my_service_interfaces'
[1.036s] gmake[3]: Leaving directory '/home/za1van/ros2_ws/build/my_service_interfaces'
[1.036s] gmake[3]: Leaving directory '/home/za1van/ros2_ws/build/my_service_interfaces'
[1.036s] [ 29%] Built target my_service_interfaces__rosidl_typesupport_c
[1.036s] [ 38%] Built target my_service_interfaces__rosidl_typesupport_fastrtps_c
[1.036s] [ 47%] Built target my_service_interfaces__rosidl_typesupport_introspection_c
[1.036s] gmake[3]: Entering directory '/home/za1van/ros2_ws/build/my_service_interfaces'
[1.037s] gmake[3]: Entering directory '/home/za1van/ros2_ws/build/my_service_interfaces'
[1.037s] gmake[3]: Entering directory '/home/za1van/ros2_ws/build/my_service_interfaces'
[1.037s] gmake[3]: Leaving directory '/home/za1van/ros2_ws/build/my_service_interfaces'
[1.037s] gmake[3]: Leaving directory '/home/za1van/ros2_ws/build/my_service_interfaces'
[1.037s] gmake[3]: Leaving directory '/home/za1van/ros2_ws/build/my_service_interfaces'
[1.037s] [ 55%] Built target my_service_interfaces__rosidl_typesupport_fastrtps_cpp
[1.038s] [ 64%] Built target my_service_interfaces__rosidl_typesupport_cpp
[1.038s] [ 73%] Built target my_service_interfaces__rosidl_typesupport_introspection_cpp
[1.038s] gmake[3]: Entering directory '/home/za1van/ros2_ws/build/my_service_interfaces'
[1.038s] gmake[3]: Leaving directory '/home/za1van/ros2_ws/build/my_service_interfaces'
[1.038s] [ 73%] Built target my_service_interfaces
[1.039s] gmake[3]: Entering directory '/home/za1van/ros2_ws/build/my_service_interfaces'
[1.039s] gmake[3]: Leaving directory '/home/za1van/ros2_ws/build/my_service_interfaces'
[1.039s] [ 76%] Built target my_service_interfaces__py
[1.039s] gmake[3]: Entering directory '/home/za1van/ros2_ws/build/my_service_interfaces'
[1.039s] gmake[3]: Leaving directory '/home/za1van/ros2_ws/build/my_service_interfaces'
[1.039s] [ 82%] Built target my_service_interfaces__rosidl_generator_py
[1.040s] gmake[3]: Entering directory '/home/za1van/ros2_ws/build/my_service_interfaces'
[1.040s] gmake[3]: Entering directory '/home/za1van/ros2_ws/build/my_service_interfaces'
[1.040s] gmake[3]: Entering directory '/home/za1van/ros2_ws/build/my_service_interfaces'
[1.040s] gmake[3]: Leaving directory '/home/za1van/ros2_ws/build/my_service_interfaces'
[1.040s] gmake[3]: Leaving directory '/home/za1van/ros2_ws/build/my_service_interfaces'
[1.040s] gmake[3]: Leaving directory '/home/za1van/ros2_ws/build/my_service_interfaces'
[1.040s] [ 88%] Built target my_service_interfaces_s__rosidl_typesupport_fastrtps_c
[1.040s] [ 94%] Built target my_service_interfaces_s__rosidl_typesupport_introspection_c
[1.040s] [100%] Built target my_service_interfaces_s__rosidl_typesupport_c
[1.041s] running egg_info
[1.041s] writing my_service_interfaces.egg-info/PKG-INFO
[1.041s] writing dependency_links to my_service_interfaces.egg-info/dependency_links.txt
[1.041s] writing top-level names to my_service_interfaces.egg-info/top_level.txt
[1.041s] reading manifest file 'my_service_interfaces.egg-info/SOURCES.txt'
[1.041s] writing manifest file 'my_service_interfaces.egg-info/SOURCES.txt'
[1.041s] gmake[3]: Leaving directory '/home/za1van/ros2_ws/build/my_service_interfaces'
[1.041s] [100%] Built target ament_cmake_python_build_my_service_interfaces_egg
[1.041s] gmake[2]: Leaving directory '/home/za1van/ros2_ws/build/my_service_interfaces'
[1.041s] gmake[1]: Leaving directory '/home/za1van/ros2_ws/build/my_service_interfaces'
[1.373s] Invoked command in '/home/za1van/ros2_ws/build/my_service_interfaces' returned '0': CMAKE_PREFIX_PATH=${CMAKE_PREFIX_PATH}:/opt/ros/jazzy DEBUGINFOD_URLS=https://debuginfod.ubuntu.com /usr/bin/cmake --build /home/za1van/ros2_ws/build/my_service_interfaces -- -j4 -l4
[1.381s] Invoking command in '/home/za1van/ros2_ws/build/my_service_interfaces': CMAKE_PREFIX_PATH=${CMAKE_PREFIX_PATH}:/opt/ros/jazzy DEBUGINFOD_URLS=https://debuginfod.ubuntu.com /usr/bin/cmake --install /home/za1van/ros2_ws/build/my_service_interfaces
[1.390s] -- Install configuration: ""
[1.390s] -- Up-to-date: /home/za1van/ros2_ws/install/my_service_interfaces/share/ament_index/resource_index/rosidl_interfaces/my_service_interfaces
[1.394s] -- Up-to-date: /home/za1van/ros2_ws/install/my_service_interfaces/share/my_service_interfaces/srv/SetVelocity.json
[1.395s] -- Up-to-date: /home/za1van/ros2_ws/install/my_service_interfaces/include/my_service_interfaces/my_service_interfaces
[1.399s] -- Up-to-date: /home/za1van/ros2_ws/install/my_service_interfaces/include/my_service_interfaces/my_service_interfaces/srv
[1.399s] -- Up-to-date: /home/za1van/ros2_ws/install/my_service_interfaces/include/my_service_interfaces/my_service_interfaces/srv/detail
[1.400s] -- Up-to-date: /home/za1van/ros2_ws/install/my_service_interfaces/include/my_service_interfaces/my_service_interfaces/srv/detail/set_velocity__type_support.c
[1.401s] -- Up-to-date: /home/za1van/ros2_ws/install/my_service_interfaces/include/my_service_interfaces/my_service_interfaces/srv/detail/set_velocity__struct.h
[1.401s] -- Up-to-date: /home/za1van/ros2_ws/install/my_service_interfaces/include/my_service_interfaces/my_service_interfaces/srv/detail/set_velocity__functions.h
[1.401s] -- Up-to-date: /home/za1van/ros2_ws/install/my_service_interfaces/include/my_service_interfaces/my_service_interfaces/srv/detail/set_velocity__type_support.h
[1.401s] -- Up-to-date: /home/za1van/ros2_ws/install/my_service_interfaces/include/my_service_interfaces/my_service_interfaces/srv/detail/set_velocity__functions.c
[1.402s] -- Up-to-date: /home/za1van/ros2_ws/install/my_service_interfaces/include/my_service_interfaces/my_service_interfaces/srv/detail/set_velocity__description.c
[1.402s] -- Up-to-date: /home/za1van/ros2_ws/install/my_service_interfaces/include/my_service_interfaces/my_service_interfaces/srv/set_velocity.h
[1.402s] -- Up-to-date: /home/za1van/ros2_ws/install/my_service_interfaces/include/my_service_interfaces/my_service_interfaces/msg
[1.402s] -- Up-to-date: /home/za1van/ros2_ws/install/my_service_interfaces/include/my_service_interfaces/my_service_interfaces/msg/rosidl_generator_c__visibility_control.h
[1.402s] -- Up-to-date: /home/za1van/ros2_ws/install/my_service_interfaces/share/my_service_interfaces/environment/library_path.sh
[1.402s] -- Up-to-date: /home/za1van/ros2_ws/install/my_service_interfaces/share/my_service_interfaces/environment/library_path.dsv
[1.403s] -- Up-to-date: /home/za1van/ros2_ws/install/my_service_interfaces/lib/libmy_service_interfaces__rosidl_generator_c.so
[1.403s] -- Up-to-date: /home/za1van/ros2_ws/install/my_service_interfaces/include/my_service_interfaces/my_service_interfaces
[1.403s] -- Up-to-date: /home/za1van/ros2_ws/install/my_service_interfaces/include/my_service_interfaces/my_service_interfaces/srv
[1.403s] -- Up-to-date: /home/za1van/ros2_ws/install/my_service_interfaces/include/my_service_interfaces/my_service_interfaces/srv/detail
[1.403s] -- Up-to-date: /home/za1van/ros2_ws/install/my_service_interfaces/include/my_service_interfaces/my_service_interfaces/srv/detail/set_velocity__rosidl_typesupport_fastrtps_c.h
[1.404s] -- Up-to-date: /home/za1van/ros2_ws/install/my_service_interfaces/include/my_service_interfaces/my_service_interfaces/msg
[1.404s] -- Up-to-date: /home/za1van/ros2_ws/install/my_service_interfaces/include/my_service_interfaces/my_service_interfaces/msg/rosidl_typesupport_fastrtps_c__visibility_control.h
[1.404s] -- Up-to-date: /home/za1van/ros2_ws/install/my_service_interfaces/lib/libmy_service_interfaces__rosidl_typesupport_fastrtps_c.so
[1.405s] -- Up-to-date: /home/za1van/ros2_ws/install/my_service_interfaces/include/my_service_interfaces/my_service_interfaces
[1.408s] -- Up-to-date: /home/za1van/ros2_ws/install/my_service_interfaces/include/my_service_interfaces/my_service_interfaces/srv
[1.409s] -- Up-to-date: /home/za1van/ros2_ws/install/my_service_interfaces/include/my_service_interfaces/my_service_interfaces/srv/detail
[1.409s] -- Up-to-date: /home/za1van/ros2_ws/install/my_service_interfaces/include/my_service_interfaces/my_service_interfaces/srv/detail/set_velocity__type_support.c
[1.409s] -- Up-to-date: /home/za1van/ros2_ws/install/my_service_interfaces/include/my_service_interfaces/my_service_interfaces/srv/detail/set_velocity__rosidl_typesupport_introspection_c.h
[1.409s] -- Up-to-date: /home/za1van/ros2_ws/install/my_service_interfaces/include/my_service_interfaces/my_service_interfaces/msg
[1.410s] -- Up-to-date: /home/za1van/ros2_ws/install/my_service_interfaces/include/my_service_interfaces/my_service_interfaces/msg/rosidl_typesupport_introspection_c__visibility_control.h
[1.410s] -- Up-to-date: /home/za1van/ros2_ws/install/my_service_interfaces/lib/libmy_service_interfaces__rosidl_typesupport_introspection_c.so
[1.410s] -- Up-to-date: /home/za1van/ros2_ws/install/my_service_interfaces/lib/libmy_service_interfaces__rosidl_typesupport_c.so
[1.410s] -- Up-to-date: /home/za1van/ros2_ws/install/my_service_interfaces/include/my_service_interfaces/my_service_interfaces
[1.410s] -- Up-to-date: /home/za1van/ros2_ws/install/my_service_interfaces/include/my_service_interfaces/my_service_interfaces/srv
[1.411s] -- Up-to-date: /home/za1van/ros2_ws/install/my_service_interfaces/include/my_service_interfaces/my_service_interfaces/srv/set_velocity.hpp
[1.411s] -- Up-to-date: /home/za1van/ros2_ws/install/my_service_interfaces/include/my_service_interfaces/my_service_interfaces/srv/detail
[1.411s] -- Up-to-date: /home/za1van/ros2_ws/install/my_service_interfaces/include/my_service_interfaces/my_service_interfaces/srv/detail/set_velocity__traits.hpp
[1.411s] -- Up-to-date: /home/za1van/ros2_ws/install/my_service_interfaces/include/my_service_interfaces/my_service_interfaces/srv/detail/set_velocity__builder.hpp
[1.411s] -- Up-to-date: /home/za1van/ros2_ws/install/my_service_interfaces/include/my_service_interfaces/my_service_interfaces/srv/detail/set_velocity__type_support.hpp
[1.412s] -- Up-to-date: /home/za1van/ros2_ws/install/my_service_interfaces/include/my_service_interfaces/my_service_interfaces/srv/detail/set_velocity__struct.hpp
[1.418s] -- Up-to-date: /home/za1van/ros2_ws/install/my_service_interfaces/include/my_service_interfaces/my_service_interfaces/msg
[1.419s] -- Up-to-date: /home/za1van/ros2_ws/install/my_service_interfaces/include/my_service_interfaces/my_service_interfaces/msg/rosidl_generator_cpp__visibility_control.hpp
[1.419s] -- Up-to-date: /home/za1van/ros2_ws/install/my_service_interfaces/include/my_service_interfaces/my_service_interfaces
[1.419s] -- Up-to-date: /home/za1van/ros2_ws/install/my_service_interfaces/include/my_service_interfaces/my_service_interfaces/srv
[1.419s] -- Up-to-date: /home/za1van/ros2_ws/install/my_service_interfaces/include/my_service_interfaces/my_service_interfaces/srv/detail
[1.419s] -- Up-to-date: /home/za1van/ros2_ws/install/my_service_interfaces/include/my_service_interfaces/my_service_interfaces/srv/detail/dds_fastrtps
[1.419s] -- Up-to-date: /home/za1van/ros2_ws/install/my_service_interfaces/include/my_service_interfaces/my_service_interfaces/srv/detail/set_velocity__rosidl_typesupport_fastrtps_cpp.hpp
[1.423s] -- Up-to-date: /home/za1van/ros2_ws/install/my_service_interfaces/include/my_service_interfaces/my_service_interfaces/msg
[1.424s] -- Up-to-date: /home/za1van/ros2_ws/install/my_service_interfaces/include/my_service_interfaces/my_service_interfaces/msg/rosidl_typesupport_fastrtps_cpp__visibility_control.h
[1.424s] -- Up-to-date: /home/za1van/ros2_ws/install/my_service_interfaces/lib/libmy_service_interfaces__rosidl_typesupport_fastrtps_cpp.so
[1.424s] -- Up-to-date: /home/za1van/ros2_ws/install/my_service_interfaces/include/my_service_interfaces/my_service_interfaces
[1.424s] -- Up-to-date: /home/za1van/ros2_ws/install/my_service_interfaces/include/my_service_interfaces/my_service_interfaces/srv
[1.424s] -- Up-to-date: /home/za1van/ros2_ws/install/my_service_interfaces/include/my_service_interfaces/my_service_interfaces/srv/detail
[1.424s] -- Up-to-date: /home/za1van/ros2_ws/install/my_service_interfaces/include/my_service_interfaces/my_service_interfaces/srv/detail/set_velocity__type_support.cpp
[1.424s] -- Up-to-date: /home/za1van/ros2_ws/install/my_service_interfaces/include/my_service_interfaces/my_service_interfaces/srv/detail/set_velocity__rosidl_typesupport_introspection_cpp.hpp
[1.425s] -- Up-to-date: /home/za1van/ros2_ws/install/my_service_interfaces/lib/libmy_service_interfaces__rosidl_typesupport_introspection_cpp.so
[1.425s] -- Up-to-date: /home/za1van/ros2_ws/install/my_service_interfaces/lib/libmy_service_interfaces__rosidl_typesupport_cpp.so
[1.425s] -- Up-to-date: /home/za1van/ros2_ws/install/my_service_interfaces/share/my_service_interfaces/environment/pythonpath.sh
[1.425s] -- Up-to-date: /home/za1van/ros2_ws/install/my_service_interfaces/share/my_service_interfaces/environment/pythonpath.dsv
[1.425s] -- Up-to-date: /home/za1van/ros2_ws/install/my_service_interfaces/lib/python3.12/site-packages/my_service_interfaces-0.0.0-py3.12.egg-info
[1.425s] -- Installing: /home/za1van/ros2_ws/install/my_service_interfaces/lib/python3.12/site-packages/my_service_interfaces-0.0.0-py3.12.egg-info/dependency_links.txt
[1.425s] -- Installing: /home/za1van/ros2_ws/install/my_service_interfaces/lib/python3.12/site-packages/my_service_interfaces-0.0.0-py3.12.egg-info/PKG-INFO
[1.426s] -- Installing: /home/za1van/ros2_ws/install/my_service_interfaces/lib/python3.12/site-packages/my_service_interfaces-0.0.0-py3.12.egg-info/top_level.txt
[1.426s] -- Installing: /home/za1van/ros2_ws/install/my_service_interfaces/lib/python3.12/site-packages/my_service_interfaces-0.0.0-py3.12.egg-info/SOURCES.txt
[1.426s] -- Up-to-date: /home/za1van/ros2_ws/install/my_service_interfaces/lib/python3.12/site-packages/my_service_interfaces
[1.426s] -- Up-to-date: /home/za1van/ros2_ws/install/my_service_interfaces/lib/python3.12/site-packages/my_service_interfaces/my_service_interfaces_s__rosidl_typesupport_c.so
[1.432s] -- Up-to-date: /home/za1van/ros2_ws/install/my_service_interfaces/lib/python3.12/site-packages/my_service_interfaces/srv
[1.433s] -- Up-to-date: /home/za1van/ros2_ws/install/my_service_interfaces/lib/python3.12/site-packages/my_service_interfaces/srv/_set_velocity_s.c
[1.433s] -- Up-to-date: /home/za1van/ros2_ws/install/my_service_interfaces/lib/python3.12/site-packages/my_service_interfaces/srv/_set_velocity.py
[1.433s] -- Up-to-date: /home/za1van/ros2_ws/install/my_service_interfaces/lib/python3.12/site-packages/my_service_interfaces/srv/__init__.py
[1.433s] -- Up-to-date: /home/za1van/ros2_ws/install/my_service_interfaces/lib/python3.12/site-packages/my_service_interfaces/my_service_interfaces_s__rosidl_typesupport_fastrtps_c.so
[1.433s] -- Up-to-date: /home/za1van/ros2_ws/install/my_service_interfaces/lib/python3.12/site-packages/my_service_interfaces/_my_service_interfaces_s.ep.rosidl_typesupport_introspection_c.c
[1.433s] -- Up-to-date: /home/za1van/ros2_ws/install/my_service_interfaces/lib/python3.12/site-packages/my_service_interfaces/__init__.py
[1.434s] -- Up-to-date: /home/za1van/ros2_ws/install/my_service_interfaces/lib/python3.12/site-packages/my_service_interfaces/my_service_interfaces_s__rosidl_typesupport_introspection_c.so
[1.434s] -- Up-to-date: /home/za1van/ros2_ws/install/my_service_interfaces/lib/python3.12/site-packages/my_service_interfaces/_my_service_interfaces_s.ep.rosidl_typesupport_c.c
[1.434s] -- Up-to-date: /home/za1van/ros2_ws/install/my_service_interfaces/lib/python3.12/site-packages/my_service_interfaces/_my_service_interfaces_s.ep.rosidl_typesupport_fastrtps_c.c
[1.538s] Listing '/home/za1van/ros2_ws/install/my_service_interfaces/lib/python3.12/site-packages/my_service_interfaces'...
[1.539s] Listing '/home/za1van/ros2_ws/install/my_service_interfaces/lib/python3.12/site-packages/my_service_interfaces/srv'...
[1.579s] -- Up-to-date: /home/za1van/ros2_ws/install/my_service_interfaces/lib/python3.12/site-packages/my_service_interfaces/my_service_interfaces_s__rosidl_typesupport_fastrtps_c.so
[1.580s] -- Up-to-date: /home/za1van/ros2_ws/install/my_service_interfaces/lib/python3.12/site-packages/my_service_interfaces/my_service_interfaces_s__rosidl_typesupport_introspection_c.so
[1.586s] -- Up-to-date: /home/za1van/ros2_ws/install/my_service_interfaces/lib/python3.12/site-packages/my_service_interfaces/my_service_interfaces_s__rosidl_typesupport_c.so
[1.588s] -- Up-to-date: /home/za1van/ros2_ws/install/my_service_interfaces/lib/libmy_service_interfaces__rosidl_generator_py.so
[1.589s] -- Up-to-date: /home/za1van/ros2_ws/install/my_service_interfaces/share/my_service_interfaces/srv/SetVelocity.idl
[1.594s] -- Up-to-date: /home/za1van/ros2_ws/install/my_service_interfaces/share/my_service_interfaces/srv/SetVelocity.srv
[1.594s] -- Up-to-date: /home/za1van/ros2_ws/install/my_service_interfaces/share/ament_index/resource_index/package_run_dependencies/my_service_interfaces
[1.594s] -- Up-to-date: /home/za1van/ros2_ws/install/my_service_interfaces/share/ament_index/resource_index/parent_prefix_path/my_service_interfaces
[1.595s] -- Up-to-date: /home/za1van/ros2_ws/install/my_service_interfaces/share/my_service_interfaces/environment/ament_prefix_path.sh
[1.595s] -- Up-to-date: /home/za1van/ros2_ws/install/my_service_interfaces/share/my_service_interfaces/environment/ament_prefix_path.dsv
[1.603s] -- Up-to-date: /home/za1van/ros2_ws/install/my_service_interfaces/share/my_service_interfaces/environment/path.sh
[1.604s] -- Up-to-date: /home/za1van/ros2_ws/install/my_service_interfaces/share/my_service_interfaces/environment/path.dsv
[1.604s] -- Up-to-date: /home/za1van/ros2_ws/install/my_service_interfaces/share/my_service_interfaces/local_setup.bash
[1.609s] -- Up-to-date: /home/za1van/ros2_ws/install/my_service_interfaces/share/my_service_interfaces/local_setup.sh
[1.618s] -- Up-to-date: /home/za1van/ros2_ws/install/my_service_interfaces/share/my_service_interfaces/local_setup.zsh
[1.618s] -- Up-to-date: /home/za1van/ros2_ws/install/my_service_interfaces/share/my_service_interfaces/local_setup.dsv
[1.618s] -- Installing: /home/za1van/ros2_ws/install/my_service_interfaces/share/my_service_interfaces/package.dsv
[1.618s] -- Up-to-date: /home/za1van/ros2_ws/install/my_service_interfaces/share/ament_index/resource_index/packages/my_service_interfaces
[1.623s] -- Up-to-date: /home/za1van/ros2_ws/install/my_service_interfaces/share/my_service_interfaces/cmake/export_my_service_interfaces__rosidl_generator_cExport.cmake
[1.628s] -- Up-to-date: /home/za1van/ros2_ws/install/my_service_interfaces/share/my_service_interfaces/cmake/export_my_service_interfaces__rosidl_generator_cExport-noconfig.cmake
[1.628s] -- Up-to-date: /home/za1van/ros2_ws/install/my_service_interfaces/share/my_service_interfaces/cmake/export_my_service_interfaces__rosidl_typesupport_fastrtps_cExport.cmake
[1.631s] -- Up-to-date: /home/za1van/ros2_ws/install/my_service_interfaces/share/my_service_interfaces/cmake/export_my_service_interfaces__rosidl_typesupport_fastrtps_cExport-noconfig.cmake
[1.639s] -- Up-to-date: /home/za1van/ros2_ws/install/my_service_interfaces/share/my_service_interfaces/cmake/my_service_interfaces__rosidl_typesupport_introspection_cExport.cmake
[1.639s] -- Up-to-date: /home/za1van/ros2_ws/install/my_service_interfaces/share/my_service_interfaces/cmake/my_service_interfaces__rosidl_typesupport_introspection_cExport-noconfig.cmake
[1.642s] -- Up-to-date: /home/za1van/ros2_ws/install/my_service_interfaces/share/my_service_interfaces/cmake/my_service_interfaces__rosidl_typesupport_cExport.cmake
[1.642s] -- Up-to-date: /home/za1van/ros2_ws/install/my_service_interfaces/share/my_service_interfaces/cmake/my_service_interfaces__rosidl_typesupport_cExport-noconfig.cmake
[1.643s] -- Up-to-date: /home/za1van/ros2_ws/install/my_service_interfaces/share/my_service_interfaces/cmake/export_my_service_interfaces__rosidl_generator_cppExport.cmake
[1.643s] -- Up-to-date: /home/za1van/ros2_ws/install/my_service_interfaces/share/my_service_interfaces/cmake/export_my_service_interfaces__rosidl_typesupport_fastrtps_cppExport.cmake
[1.643s] -- Up-to-date: /home/za1van/ros2_ws/install/my_service_interfaces/share/my_service_interfaces/cmake/export_my_service_interfaces__rosidl_typesupport_fastrtps_cppExport-noconfig.cmake
[1.643s] -- Up-to-date: /home/za1van/ros2_ws/install/my_service_interfaces/share/my_service_interfaces/cmake/my_service_interfaces__rosidl_typesupport_introspection_cppExport.cmake
[1.643s] -- Up-to-date: /home/za1van/ros2_ws/install/my_service_interfaces/share/my_service_interfaces/cmake/my_service_interfaces__rosidl_typesupport_introspection_cppExport-noconfig.cmake
[1.644s] -- Up-to-date: /home/za1van/ros2_ws/install/my_service_interfaces/share/my_service_interfaces/cmake/my_service_interfaces__rosidl_typesupport_cppExport.cmake
[1.648s] -- Up-to-date: /home/za1van/ros2_ws/install/my_service_interfaces/share/my_service_interfaces/cmake/my_service_interfaces__rosidl_typesupport_cppExport-noconfig.cmake
[1.648s] -- Up-to-date: /home/za1van/ros2_ws/install/my_service_interfaces/share/my_service_interfaces/cmake/export_my_service_interfaces__rosidl_generator_pyExport.cmake
[1.648s] -- Up-to-date: /home/za1van/ros2_ws/install/my_service_interfaces/share/my_service_interfaces/cmake/export_my_service_interfaces__rosidl_generator_pyExport-noconfig.cmake
[1.648s] -- Up-to-date: /home/za1van/ros2_ws/install/my_service_interfaces/share/my_service_interfaces/cmake/rosidl_cmake-extras.cmake
[1.652s] -- Up-to-date: /home/za1van/ros2_ws/install/my_service_interfaces/share/my_service_interfaces/cmake/ament_cmake_export_dependencies-extras.cmake
[1.653s] -- Up-to-date: /home/za1van/ros2_ws/install/my_service_interfaces/share/my_service_interfaces/cmake/ament_cmake_export_include_directories-extras.cmake
[1.655s] -- Up-to-date: /home/za1van/ros2_ws/install/my_service_interfaces/share/my_service_interfaces/cmake/ament_cmake_export_libraries-extras.cmake
[1.655s] -- Up-to-date: /home/za1van/ros2_ws/install/my_service_interfaces/share/my_service_interfaces/cmake/ament_cmake_export_targets-extras.cmake
[1.657s] -- Up-to-date: /home/za1van/ros2_ws/install/my_service_interfaces/share/my_service_interfaces/cmake/rosidl_cmake_export_typesupport_targets-extras.cmake
[1.658s] -- Up-to-date: /home/za1van/ros2_ws/install/my_service_interfaces/share/my_service_interfaces/cmake/rosidl_cmake_export_typesupport_libraries-extras.cmake
[1.658s] -- Up-to-date: /home/za1van/ros2_ws/install/my_service_interfaces/share/my_service_interfaces/cmake/my_service_interfacesConfig.cmake
[1.658s] -- Up-to-date: /home/za1van/ros2_ws/install/my_service_interfaces/share/my_service_interfaces/cmake/my_service_interfacesConfig-version.cmake
[1.658s] -- Up-to-date: /home/za1van/ros2_ws/install/my_service_interfaces/share/my_service_interfaces/package.xml
[1.680s] Invoked command in '/home/za1van/ros2_ws/build/my_service_interfaces' returned '0': CMAKE_PREFIX_PATH=${CMAKE_PREFIX_PATH}:/opt/ros/jazzy DEBUGINFOD_URLS=https://debuginfod.ubuntu.com /usr/bin/cmake --install /home/za1van/ros2_ws/build/my_service_interfaces
