[4.585s] Invoking command in '/home/za1van/ros2_ws/src/my_service_server': DEBUGINFOD_URLS=https://debuginfod.ubuntu.com PYTHONPATH=/home/za1van/ros2_ws/build/my_service_server/prefix_override:/usr/lib/python3/dist-packages/colcon_core/task/python/colcon_distutils_commands:/home/za1van/ros2_ws/install/my_service_server/lib/python3.12/site-packages:${PYTHONPATH} /usr/bin/python3 -W ignore:setup.py install is deprecated -W ignore:easy_install command is deprecated setup.py egg_info --egg-base ../../build/my_service_server build --build-base /home/za1van/ros2_ws/build/my_service_server/build install --record /home/za1van/ros2_ws/build/my_service_server/install.log --single-version-externally-managed install_data
[5.851s] running egg_info
[5.927s] writing ../../build/my_service_server/my_service_server.egg-info/PKG-INFO
[5.928s] writing dependency_links to ../../build/my_service_server/my_service_server.egg-info/dependency_links.txt
[5.928s] writing entry points to ../../build/my_service_server/my_service_server.egg-info/entry_points.txt
[5.928s] writing requirements to ../../build/my_service_server/my_service_server.egg-info/requires.txt
[5.934s] writing top-level names to ../../build/my_service_server/my_service_server.egg-info/top_level.txt
[6.110s] reading manifest file '../../build/my_service_server/my_service_server.egg-info/SOURCES.txt'
[6.112s] writing manifest file '../../build/my_service_server/my_service_server.egg-info/SOURCES.txt'
[6.116s] running build
[6.116s] running build_py
[6.122s] running install
[6.149s] running install_lib
[6.246s] running install_data
[6.246s] running install_egg_info
[6.354s] removing '/home/za1van/ros2_ws/install/my_service_server/lib/python3.12/site-packages/my_service_server-0.0.0-py3.12.egg-info' (and everything under it)
[6.354s] Copying ../../build/my_service_server/my_service_server.egg-info to /home/za1van/ros2_ws/install/my_service_server/lib/python3.12/site-packages/my_service_server-0.0.0-py3.12.egg-info
[6.359s] running install_scripts
[6.859s] Installing velocity_server script to /home/za1van/ros2_ws/install/my_service_server/lib/my_service_server
[6.861s] writing list of installed files to '/home/za1van/ros2_ws/build/my_service_server/install.log'
[7.159s] Invoked command in '/home/za1van/ros2_ws/src/my_service_server' returned '0': DEBUGINFOD_URLS=https://debuginfod.ubuntu.com PYTHONPATH=/home/za1van/ros2_ws/build/my_service_server/prefix_override:/usr/lib/python3/dist-packages/colcon_core/task/python/colcon_distutils_commands:/home/za1van/ros2_ws/install/my_service_server/lib/python3.12/site-packages:${PYTHONPATH} /usr/bin/python3 -W ignore:setup.py install is deprecated -W ignore:easy_install command is deprecated setup.py egg_info --egg-base ../../build/my_service_server build --build-base /home/za1van/ros2_ws/build/my_service_server/build install --record /home/za1van/ros2_ws/build/my_service_server/install.log --single-version-externally-managed install_data
