[2.143s] Invoking command in '/home/za1van/ros2_ws/src/my_turtle_controller': DEBUGINFOD_URLS=https://debuginfod.ubuntu.com PYTHONPATH=/home/za1van/ros2_ws/build/my_turtle_controller/prefix_override:/usr/lib/python3/dist-packages/colcon_core/task/python/colcon_distutils_commands:/home/za1van/ros2_ws/install/my_turtle_controller/lib/python3.12/site-packages:${PYTHONPATH} /usr/bin/python3 -W ignore:setup.py install is deprecated -W ignore:easy_install command is deprecated setup.py egg_info --egg-base ../../build/my_turtle_controller build --build-base /home/za1van/ros2_ws/build/my_turtle_controller/build install --record /home/za1van/ros2_ws/build/my_turtle_controller/install.log --single-version-externally-managed install_data
[2.917s] running egg_info
[2.950s] writing ../../build/my_turtle_controller/my_turtle_controller.egg-info/PKG-INFO
[2.952s] writing dependency_links to ../../build/my_turtle_controller/my_turtle_controller.egg-info/dependency_links.txt
[2.952s] writing entry points to ../../build/my_turtle_controller/my_turtle_controller.egg-info/entry_points.txt
[2.952s] writing requirements to ../../build/my_turtle_controller/my_turtle_controller.egg-info/requires.txt
[2.952s] writing top-level names to ../../build/my_turtle_controller/my_turtle_controller.egg-info/top_level.txt
[3.053s] reading manifest file '../../build/my_turtle_controller/my_turtle_controller.egg-info/SOURCES.txt'
[3.055s] writing manifest file '../../build/my_turtle_controller/my_turtle_controller.egg-info/SOURCES.txt'
[3.055s] running build
[3.055s] running build_py
[3.055s] running install
[3.068s] running install_lib
[3.110s] running install_data
[3.110s] copying launch/follow_with_teleop.launch.py -> /home/za1van/ros2_ws/install/my_turtle_controller/share/my_turtle_controller/launch
[3.111s] copying launch/multi_followers_with_teleop.launch.py -> /home/za1van/ros2_ws/install/my_turtle_controller/share/my_turtle_controller/launch
[3.111s] running install_egg_info
[3.146s] removing '/home/za1van/ros2_ws/install/my_turtle_controller/lib/python3.12/site-packages/my_turtle_controller-0.0.0-py3.12.egg-info' (and everything under it)
[3.147s] Copying ../../build/my_turtle_controller/my_turtle_controller.egg-info to /home/za1van/ros2_ws/install/my_turtle_controller/lib/python3.12/site-packages/my_turtle_controller-0.0.0-py3.12.egg-info
[3.148s] running install_scripts
[3.373s] Installing turtle_figure8 script to /home/za1van/ros2_ws/install/my_turtle_controller/lib/my_turtle_controller
[3.373s] Installing turtle_follower_spawner script to /home/za1van/ros2_ws/install/my_turtle_controller/lib/my_turtle_controller
[3.373s] Installing turtle_mover script to /home/za1van/ros2_ws/install/my_turtle_controller/lib/my_turtle_controller
[3.374s] Installing turtle_pose_follower script to /home/za1van/ros2_ws/install/my_turtle_controller/lib/my_turtle_controller
[3.374s] writing list of installed files to '/home/za1van/ros2_ws/build/my_turtle_controller/install.log'
[3.423s] Invoked command in '/home/za1van/ros2_ws/src/my_turtle_controller' returned '0': DEBUGINFOD_URLS=https://debuginfod.ubuntu.com PYTHONPATH=/home/za1van/ros2_ws/build/my_turtle_controller/prefix_override:/usr/lib/python3/dist-packages/colcon_core/task/python/colcon_distutils_commands:/home/za1van/ros2_ws/install/my_turtle_controller/lib/python3.12/site-packages:${PYTHONPATH} /usr/bin/python3 -W ignore:setup.py install is deprecated -W ignore:easy_install command is deprecated setup.py egg_info --egg-base ../../build/my_turtle_controller build --build-base /home/za1van/ros2_ws/build/my_turtle_controller/build install --record /home/za1van/ros2_ws/build/my_turtle_controller/install.log --single-version-externally-managed install_data
