[0.044s] Invoking command in '/home/za1van/ros2_ws/src/build/my_service_interfaces': CMAKE_PREFIX_PATH=${CMAKE_PREFIX_PATH}:/opt/ros/jazzy DEBUGINFOD_URLS=https://debuginfod.ubuntu.com /usr/bin/cmake --build /home/za1van/ros2_ws/src/build/my_service_interfaces -- -j4 -l4
[1.227s] [  2%] Built target my_service_interfaces__rosidl_generator_type_description
[1.227s] [  2%] Built target ament_cmake_python_copy_my_service_interfaces
[1.227s] [ 17%] Built target my_service_interfaces__rosidl_generator_c
[1.227s] [ 20%] Built target my_service_interfaces__cpp
[1.228s] [ 29%] Built target my_service_interfaces__rosidl_typesupport_introspection_c
[1.228s] [ 38%] Built target my_service_interfaces__rosidl_typesupport_c
[1.228s] [ 47%] Built target my_service_interfaces__rosidl_typesupport_fastrtps_c
[1.228s] [ 55%] Built target my_service_interfaces__rosidl_typesupport_fastrtps_cpp
[1.228s] [ 64%] Built target my_service_interfaces__rosidl_typesupport_cpp
[1.229s] [ 73%] Built target my_service_interfaces__rosidl_typesupport_introspection_cpp
[1.229s] [ 73%] Built target my_service_interfaces
[1.230s] [ 76%] Built target my_service_interfaces__py
[1.230s] [ 82%] Built target my_service_interfaces__rosidl_generator_py
[1.231s] [ 88%] Built target my_service_interfaces_s__rosidl_typesupport_introspection_c
[1.231s] [ 94%] Built target my_service_interfaces_s__rosidl_typesupport_fastrtps_c
[1.231s] [100%] Built target my_service_interfaces_s__rosidl_typesupport_c
[1.231s] running egg_info
[1.231s] writing my_service_interfaces.egg-info/PKG-INFO
[1.231s] writing dependency_links to my_service_interfaces.egg-info/dependency_links.txt
[1.232s] writing top-level names to my_service_interfaces.egg-info/top_level.txt
[1.232s] reading manifest file 'my_service_interfaces.egg-info/SOURCES.txt'
[1.232s] writing manifest file 'my_service_interfaces.egg-info/SOURCES.txt'
[1.232s] [100%] Built target ament_cmake_python_build_my_service_interfaces_egg
[1.594s] Invoked command in '/home/za1van/ros2_ws/src/build/my_service_interfaces' returned '0': CMAKE_PREFIX_PATH=${CMAKE_PREFIX_PATH}:/opt/ros/jazzy DEBUGINFOD_URLS=https://debuginfod.ubuntu.com /usr/bin/cmake --build /home/za1van/ros2_ws/src/build/my_service_interfaces -- -j4 -l4
[1.604s] Invoking command in '/home/za1van/ros2_ws/src/build/my_service_interfaces': CMAKE_PREFIX_PATH=${CMAKE_PREFIX_PATH}:/opt/ros/jazzy DEBUGINFOD_URLS=https://debuginfod.ubuntu.com /usr/bin/cmake --install /home/za1van/ros2_ws/src/build/my_service_interfaces
[1.615s] -- Install configuration: ""
[1.617s] -- Up-to-date: /home/za1van/ros2_ws/src/install/my_service_interfaces/share/ament_index/resource_index/rosidl_interfaces/my_service_interfaces
[1.618s] -- Up-to-date: /home/za1van/ros2_ws/src/install/my_service_interfaces/share/my_service_interfaces/srv/SetVelocity.json
[1.618s] -- Up-to-date: /home/za1van/ros2_ws/src/install/my_service_interfaces/include/my_service_interfaces/my_service_interfaces
[1.618s] -- Up-to-date: /home/za1van/ros2_ws/src/install/my_service_interfaces/include/my_service_interfaces/my_service_interfaces/srv
[1.618s] -- Up-to-date: /home/za1van/ros2_ws/src/install/my_service_interfaces/include/my_service_interfaces/my_service_interfaces/srv/detail
[1.621s] -- Up-to-date: /home/za1van/ros2_ws/src/install/my_service_interfaces/include/my_service_interfaces/my_service_interfaces/srv/detail/set_velocity__type_support.c
[1.623s] -- Up-to-date: /home/za1van/ros2_ws/src/install/my_service_interfaces/include/my_service_interfaces/my_service_interfaces/srv/detail/set_velocity__struct.h
[1.624s] -- Up-to-date: /home/za1van/ros2_ws/src/install/my_service_interfaces/include/my_service_interfaces/my_service_interfaces/srv/detail/set_velocity__functions.h
[1.625s] -- Up-to-date: /home/za1van/ros2_ws/src/install/my_service_interfaces/include/my_service_interfaces/my_service_interfaces/srv/detail/set_velocity__type_support.h
[1.625s] -- Up-to-date: /home/za1van/ros2_ws/src/install/my_service_interfaces/include/my_service_interfaces/my_service_interfaces/srv/detail/set_velocity__functions.c
[1.625s] -- Up-to-date: /home/za1van/ros2_ws/src/install/my_service_interfaces/include/my_service_interfaces/my_service_interfaces/srv/detail/set_velocity__description.c
[1.625s] -- Up-to-date: /home/za1van/ros2_ws/src/install/my_service_interfaces/include/my_service_interfaces/my_service_interfaces/srv/set_velocity.h
[1.625s] -- Up-to-date: /home/za1van/ros2_ws/src/install/my_service_interfaces/include/my_service_interfaces/my_service_interfaces/msg
[1.627s] -- Up-to-date: /home/za1van/ros2_ws/src/install/my_service_interfaces/include/my_service_interfaces/my_service_interfaces/msg/rosidl_generator_c__visibility_control.h
[1.628s] -- Up-to-date: /home/za1van/ros2_ws/src/install/my_service_interfaces/share/my_service_interfaces/environment/library_path.sh
[1.629s] -- Up-to-date: /home/za1van/ros2_ws/src/install/my_service_interfaces/share/my_service_interfaces/environment/library_path.dsv
[1.630s] -- Up-to-date: /home/za1van/ros2_ws/src/install/my_service_interfaces/lib/libmy_service_interfaces__rosidl_generator_c.so
[1.633s] -- Up-to-date: /home/za1van/ros2_ws/src/install/my_service_interfaces/include/my_service_interfaces/my_service_interfaces
[1.633s] -- Up-to-date: /home/za1van/ros2_ws/src/install/my_service_interfaces/include/my_service_interfaces/my_service_interfaces/srv
[1.633s] -- Up-to-date: /home/za1van/ros2_ws/src/install/my_service_interfaces/include/my_service_interfaces/my_service_interfaces/srv/detail
[1.633s] -- Up-to-date: /home/za1van/ros2_ws/src/install/my_service_interfaces/include/my_service_interfaces/my_service_interfaces/srv/detail/set_velocity__rosidl_typesupport_fastrtps_c.h
[1.634s] -- Up-to-date: /home/za1van/ros2_ws/src/install/my_service_interfaces/include/my_service_interfaces/my_service_interfaces/msg
[1.634s] -- Up-to-date: /home/za1van/ros2_ws/src/install/my_service_interfaces/include/my_service_interfaces/my_service_interfaces/msg/rosidl_typesupport_fastrtps_c__visibility_control.h
[1.634s] -- Up-to-date: /home/za1van/ros2_ws/src/install/my_service_interfaces/lib/libmy_service_interfaces__rosidl_typesupport_fastrtps_c.so
[1.637s] -- Up-to-date: /home/za1van/ros2_ws/src/install/my_service_interfaces/include/my_service_interfaces/my_service_interfaces
[1.637s] -- Up-to-date: /home/za1van/ros2_ws/src/install/my_service_interfaces/include/my_service_interfaces/my_service_interfaces/srv
[1.637s] -- Up-to-date: /home/za1van/ros2_ws/src/install/my_service_interfaces/include/my_service_interfaces/my_service_interfaces/srv/detail
[1.638s] -- Up-to-date: /home/za1van/ros2_ws/src/install/my_service_interfaces/include/my_service_interfaces/my_service_interfaces/srv/detail/set_velocity__type_support.c
[1.639s] -- Up-to-date: /home/za1van/ros2_ws/src/install/my_service_interfaces/include/my_service_interfaces/my_service_interfaces/srv/detail/set_velocity__rosidl_typesupport_introspection_c.h
[1.640s] -- Up-to-date: /home/za1van/ros2_ws/src/install/my_service_interfaces/include/my_service_interfaces/my_service_interfaces/msg
[1.642s] -- Up-to-date: /home/za1van/ros2_ws/src/install/my_service_interfaces/include/my_service_interfaces/my_service_interfaces/msg/rosidl_typesupport_introspection_c__visibility_control.h
[1.643s] -- Up-to-date: /home/za1van/ros2_ws/src/install/my_service_interfaces/lib/libmy_service_interfaces__rosidl_typesupport_introspection_c.so
[1.643s] -- Up-to-date: /home/za1van/ros2_ws/src/install/my_service_interfaces/lib/libmy_service_interfaces__rosidl_typesupport_c.so
[1.643s] -- Up-to-date: /home/za1van/ros2_ws/src/install/my_service_interfaces/include/my_service_interfaces/my_service_interfaces
[1.643s] -- Up-to-date: /home/za1van/ros2_ws/src/install/my_service_interfaces/include/my_service_interfaces/my_service_interfaces/srv
[1.644s] -- Up-to-date: /home/za1van/ros2_ws/src/install/my_service_interfaces/include/my_service_interfaces/my_service_interfaces/srv/set_velocity.hpp
[1.648s] -- Up-to-date: /home/za1van/ros2_ws/src/install/my_service_interfaces/include/my_service_interfaces/my_service_interfaces/srv/detail
[1.651s] -- Up-to-date: /home/za1van/ros2_ws/src/install/my_service_interfaces/include/my_service_interfaces/my_service_interfaces/srv/detail/set_velocity__traits.hpp
[1.652s] -- Up-to-date: /home/za1van/ros2_ws/src/install/my_service_interfaces/include/my_service_interfaces/my_service_interfaces/srv/detail/set_velocity__builder.hpp
[1.654s] -- Up-to-date: /home/za1van/ros2_ws/src/install/my_service_interfaces/include/my_service_interfaces/my_service_interfaces/srv/detail/set_velocity__type_support.hpp
[1.654s] -- Up-to-date: /home/za1van/ros2_ws/src/install/my_service_interfaces/include/my_service_interfaces/my_service_interfaces/srv/detail/set_velocity__struct.hpp
[1.654s] -- Up-to-date: /home/za1van/ros2_ws/src/install/my_service_interfaces/include/my_service_interfaces/my_service_interfaces/msg
[1.654s] -- Up-to-date: /home/za1van/ros2_ws/src/install/my_service_interfaces/include/my_service_interfaces/my_service_interfaces/msg/rosidl_generator_cpp__visibility_control.hpp
[1.654s] -- Up-to-date: /home/za1van/ros2_ws/src/install/my_service_interfaces/include/my_service_interfaces/my_service_interfaces
[1.656s] -- Up-to-date: /home/za1van/ros2_ws/src/install/my_service_interfaces/include/my_service_interfaces/my_service_interfaces/srv
[1.656s] -- Up-to-date: /home/za1van/ros2_ws/src/install/my_service_interfaces/include/my_service_interfaces/my_service_interfaces/srv/detail
[1.657s] -- Up-to-date: /home/za1van/ros2_ws/src/install/my_service_interfaces/include/my_service_interfaces/my_service_interfaces/srv/detail/dds_fastrtps
[1.657s] -- Up-to-date: /home/za1van/ros2_ws/src/install/my_service_interfaces/include/my_service_interfaces/my_service_interfaces/srv/detail/set_velocity__rosidl_typesupport_fastrtps_cpp.hpp
[1.657s] -- Up-to-date: /home/za1van/ros2_ws/src/install/my_service_interfaces/include/my_service_interfaces/my_service_interfaces/msg
[1.658s] -- Up-to-date: /home/za1van/ros2_ws/src/install/my_service_interfaces/include/my_service_interfaces/my_service_interfaces/msg/rosidl_typesupport_fastrtps_cpp__visibility_control.h
[1.658s] -- Up-to-date: /home/za1van/ros2_ws/src/install/my_service_interfaces/lib/libmy_service_interfaces__rosidl_typesupport_fastrtps_cpp.so
[1.658s] -- Up-to-date: /home/za1van/ros2_ws/src/install/my_service_interfaces/include/my_service_interfaces/my_service_interfaces
[1.659s] -- Up-to-date: /home/za1van/ros2_ws/src/install/my_service_interfaces/include/my_service_interfaces/my_service_interfaces/srv
[1.659s] -- Up-to-date: /home/za1van/ros2_ws/src/install/my_service_interfaces/include/my_service_interfaces/my_service_interfaces/srv/detail
[1.659s] -- Up-to-date: /home/za1van/ros2_ws/src/install/my_service_interfaces/include/my_service_interfaces/my_service_interfaces/srv/detail/set_velocity__type_support.cpp
[1.659s] -- Up-to-date: /home/za1van/ros2_ws/src/install/my_service_interfaces/include/my_service_interfaces/my_service_interfaces/srv/detail/set_velocity__rosidl_typesupport_introspection_cpp.hpp
[1.659s] -- Up-to-date: /home/za1van/ros2_ws/src/install/my_service_interfaces/lib/libmy_service_interfaces__rosidl_typesupport_introspection_cpp.so
[1.660s] -- Up-to-date: /home/za1van/ros2_ws/src/install/my_service_interfaces/lib/libmy_service_interfaces__rosidl_typesupport_cpp.so
[1.660s] -- Up-to-date: /home/za1van/ros2_ws/src/install/my_service_interfaces/share/my_service_interfaces/environment/pythonpath.sh
[1.660s] -- Up-to-date: /home/za1van/ros2_ws/src/install/my_service_interfaces/share/my_service_interfaces/environment/pythonpath.dsv
[1.660s] -- Up-to-date: /home/za1van/ros2_ws/src/install/my_service_interfaces/lib/python3.12/site-packages/my_service_interfaces-0.0.0-py3.12.egg-info
[1.664s] -- Installing: /home/za1van/ros2_ws/src/install/my_service_interfaces/lib/python3.12/site-packages/my_service_interfaces-0.0.0-py3.12.egg-info/dependency_links.txt
[1.664s] -- Installing: /home/za1van/ros2_ws/src/install/my_service_interfaces/lib/python3.12/site-packages/my_service_interfaces-0.0.0-py3.12.egg-info/PKG-INFO
[1.665s] -- Installing: /home/za1van/ros2_ws/src/install/my_service_interfaces/lib/python3.12/site-packages/my_service_interfaces-0.0.0-py3.12.egg-info/top_level.txt
[1.665s] -- Installing: /home/za1van/ros2_ws/src/install/my_service_interfaces/lib/python3.12/site-packages/my_service_interfaces-0.0.0-py3.12.egg-info/SOURCES.txt
[1.667s] -- Up-to-date: /home/za1van/ros2_ws/src/install/my_service_interfaces/lib/python3.12/site-packages/my_service_interfaces
[1.667s] -- Up-to-date: /home/za1van/ros2_ws/src/install/my_service_interfaces/lib/python3.12/site-packages/my_service_interfaces/my_service_interfaces_s__rosidl_typesupport_c.so
[1.668s] -- Up-to-date: /home/za1van/ros2_ws/src/install/my_service_interfaces/lib/python3.12/site-packages/my_service_interfaces/srv
[1.668s] -- Up-to-date: /home/za1van/ros2_ws/src/install/my_service_interfaces/lib/python3.12/site-packages/my_service_interfaces/srv/_set_velocity_s.c
[1.668s] -- Up-to-date: /home/za1van/ros2_ws/src/install/my_service_interfaces/lib/python3.12/site-packages/my_service_interfaces/srv/_set_velocity.py
[1.670s] -- Up-to-date: /home/za1van/ros2_ws/src/install/my_service_interfaces/lib/python3.12/site-packages/my_service_interfaces/srv/__init__.py
[1.671s] -- Up-to-date: /home/za1van/ros2_ws/src/install/my_service_interfaces/lib/python3.12/site-packages/my_service_interfaces/my_service_interfaces_s__rosidl_typesupport_fastrtps_c.so
[1.671s] -- Up-to-date: /home/za1van/ros2_ws/src/install/my_service_interfaces/lib/python3.12/site-packages/my_service_interfaces/_my_service_interfaces_s.ep.rosidl_typesupport_introspection_c.c
[1.671s] -- Up-to-date: /home/za1van/ros2_ws/src/install/my_service_interfaces/lib/python3.12/site-packages/my_service_interfaces/__init__.py
[1.671s] -- Up-to-date: /home/za1van/ros2_ws/src/install/my_service_interfaces/lib/python3.12/site-packages/my_service_interfaces/my_service_interfaces_s__rosidl_typesupport_introspection_c.so
[1.671s] -- Up-to-date: /home/za1van/ros2_ws/src/install/my_service_interfaces/lib/python3.12/site-packages/my_service_interfaces/_my_service_interfaces_s.ep.rosidl_typesupport_c.c
[1.671s] -- Up-to-date: /home/za1van/ros2_ws/src/install/my_service_interfaces/lib/python3.12/site-packages/my_service_interfaces/_my_service_interfaces_s.ep.rosidl_typesupport_fastrtps_c.c
[1.740s] Listing '/home/za1van/ros2_ws/src/install/my_service_interfaces/lib/python3.12/site-packages/my_service_interfaces'...
[1.741s] Listing '/home/za1van/ros2_ws/src/install/my_service_interfaces/lib/python3.12/site-packages/my_service_interfaces/srv'...
[1.764s] -- Up-to-date: /home/za1van/ros2_ws/src/install/my_service_interfaces/lib/python3.12/site-packages/my_service_interfaces/my_service_interfaces_s__rosidl_typesupport_fastrtps_c.so
[1.765s] -- Up-to-date: /home/za1van/ros2_ws/src/install/my_service_interfaces/lib/python3.12/site-packages/my_service_interfaces/my_service_interfaces_s__rosidl_typesupport_introspection_c.so
[1.766s] -- Up-to-date: /home/za1van/ros2_ws/src/install/my_service_interfaces/lib/python3.12/site-packages/my_service_interfaces/my_service_interfaces_s__rosidl_typesupport_c.so
[1.767s] -- Up-to-date: /home/za1van/ros2_ws/src/install/my_service_interfaces/lib/libmy_service_interfaces__rosidl_generator_py.so
[1.768s] -- Up-to-date: /home/za1van/ros2_ws/src/install/my_service_interfaces/share/my_service_interfaces/srv/SetVelocity.idl
[1.768s] -- Up-to-date: /home/za1van/ros2_ws/src/install/my_service_interfaces/share/my_service_interfaces/srv/SetVelocity.srv
[1.769s] -- Up-to-date: /home/za1van/ros2_ws/src/install/my_service_interfaces/share/ament_index/resource_index/package_run_dependencies/my_service_interfaces
[1.770s] -- Up-to-date: /home/za1van/ros2_ws/src/install/my_service_interfaces/share/ament_index/resource_index/parent_prefix_path/my_service_interfaces
[1.771s] -- Up-to-date: /home/za1van/ros2_ws/src/install/my_service_interfaces/share/my_service_interfaces/environment/ament_prefix_path.sh
[1.771s] -- Up-to-date: /home/za1van/ros2_ws/src/install/my_service_interfaces/share/my_service_interfaces/environment/ament_prefix_path.dsv
[1.772s] -- Up-to-date: /home/za1van/ros2_ws/src/install/my_service_interfaces/share/my_service_interfaces/environment/path.sh
[1.772s] -- Up-to-date: /home/za1van/ros2_ws/src/install/my_service_interfaces/share/my_service_interfaces/environment/path.dsv
[1.773s] -- Up-to-date: /home/za1van/ros2_ws/src/install/my_service_interfaces/share/my_service_interfaces/local_setup.bash
[1.774s] -- Up-to-date: /home/za1van/ros2_ws/src/install/my_service_interfaces/share/my_service_interfaces/local_setup.sh
[1.775s] -- Up-to-date: /home/za1van/ros2_ws/src/install/my_service_interfaces/share/my_service_interfaces/local_setup.zsh
[1.775s] -- Up-to-date: /home/za1van/ros2_ws/src/install/my_service_interfaces/share/my_service_interfaces/local_setup.dsv
[1.775s] -- Installing: /home/za1van/ros2_ws/src/install/my_service_interfaces/share/my_service_interfaces/package.dsv
[1.776s] -- Up-to-date: /home/za1van/ros2_ws/src/install/my_service_interfaces/share/ament_index/resource_index/packages/my_service_interfaces
[1.777s] -- Up-to-date: /home/za1van/ros2_ws/src/install/my_service_interfaces/share/my_service_interfaces/cmake/export_my_service_interfaces__rosidl_generator_cExport.cmake
[1.778s] -- Up-to-date: /home/za1van/ros2_ws/src/install/my_service_interfaces/share/my_service_interfaces/cmake/export_my_service_interfaces__rosidl_generator_cExport-noconfig.cmake
[1.778s] -- Up-to-date: /home/za1van/ros2_ws/src/install/my_service_interfaces/share/my_service_interfaces/cmake/export_my_service_interfaces__rosidl_typesupport_fastrtps_cExport.cmake
[1.778s] -- Up-to-date: /home/za1van/ros2_ws/src/install/my_service_interfaces/share/my_service_interfaces/cmake/export_my_service_interfaces__rosidl_typesupport_fastrtps_cExport-noconfig.cmake
[1.778s] -- Up-to-date: /home/za1van/ros2_ws/src/install/my_service_interfaces/share/my_service_interfaces/cmake/my_service_interfaces__rosidl_typesupport_introspection_cExport.cmake
[1.780s] -- Up-to-date: /home/za1van/ros2_ws/src/install/my_service_interfaces/share/my_service_interfaces/cmake/my_service_interfaces__rosidl_typesupport_introspection_cExport-noconfig.cmake
[1.781s] -- Up-to-date: /home/za1van/ros2_ws/src/install/my_service_interfaces/share/my_service_interfaces/cmake/my_service_interfaces__rosidl_typesupport_cExport.cmake
[1.782s] -- Up-to-date: /home/za1van/ros2_ws/src/install/my_service_interfaces/share/my_service_interfaces/cmake/my_service_interfaces__rosidl_typesupport_cExport-noconfig.cmake
[1.782s] -- Up-to-date: /home/za1van/ros2_ws/src/install/my_service_interfaces/share/my_service_interfaces/cmake/export_my_service_interfaces__rosidl_generator_cppExport.cmake
[1.782s] -- Up-to-date: /home/za1van/ros2_ws/src/install/my_service_interfaces/share/my_service_interfaces/cmake/export_my_service_interfaces__rosidl_typesupport_fastrtps_cppExport.cmake
[1.782s] -- Up-to-date: /home/za1van/ros2_ws/src/install/my_service_interfaces/share/my_service_interfaces/cmake/export_my_service_interfaces__rosidl_typesupport_fastrtps_cppExport-noconfig.cmake
[1.782s] -- Up-to-date: /home/za1van/ros2_ws/src/install/my_service_interfaces/share/my_service_interfaces/cmake/my_service_interfaces__rosidl_typesupport_introspection_cppExport.cmake
[1.784s] -- Up-to-date: /home/za1van/ros2_ws/src/install/my_service_interfaces/share/my_service_interfaces/cmake/my_service_interfaces__rosidl_typesupport_introspection_cppExport-noconfig.cmake
[1.784s] -- Up-to-date: /home/za1van/ros2_ws/src/install/my_service_interfaces/share/my_service_interfaces/cmake/my_service_interfaces__rosidl_typesupport_cppExport.cmake
[1.785s] -- Up-to-date: /home/za1van/ros2_ws/src/install/my_service_interfaces/share/my_service_interfaces/cmake/my_service_interfaces__rosidl_typesupport_cppExport-noconfig.cmake
[1.785s] -- Up-to-date: /home/za1van/ros2_ws/src/install/my_service_interfaces/share/my_service_interfaces/cmake/export_my_service_interfaces__rosidl_generator_pyExport.cmake
[1.785s] -- Up-to-date: /home/za1van/ros2_ws/src/install/my_service_interfaces/share/my_service_interfaces/cmake/export_my_service_interfaces__rosidl_generator_pyExport-noconfig.cmake
[1.785s] -- Up-to-date: /home/za1van/ros2_ws/src/install/my_service_interfaces/share/my_service_interfaces/cmake/rosidl_cmake-extras.cmake
[1.785s] -- Up-to-date: /home/za1van/ros2_ws/src/install/my_service_interfaces/share/my_service_interfaces/cmake/ament_cmake_export_dependencies-extras.cmake
[1.786s] -- Up-to-date: /home/za1van/ros2_ws/src/install/my_service_interfaces/share/my_service_interfaces/cmake/ament_cmake_export_include_directories-extras.cmake
[1.786s] -- Up-to-date: /home/za1van/ros2_ws/src/install/my_service_interfaces/share/my_service_interfaces/cmake/ament_cmake_export_libraries-extras.cmake
[1.786s] -- Up-to-date: /home/za1van/ros2_ws/src/install/my_service_interfaces/share/my_service_interfaces/cmake/ament_cmake_export_targets-extras.cmake
[1.786s] -- Up-to-date: /home/za1van/ros2_ws/src/install/my_service_interfaces/share/my_service_interfaces/cmake/rosidl_cmake_export_typesupport_targets-extras.cmake
[1.787s] -- Up-to-date: /home/za1van/ros2_ws/src/install/my_service_interfaces/share/my_service_interfaces/cmake/rosidl_cmake_export_typesupport_libraries-extras.cmake
[1.787s] -- Up-to-date: /home/za1van/ros2_ws/src/install/my_service_interfaces/share/my_service_interfaces/cmake/my_service_interfacesConfig.cmake
[1.787s] -- Up-to-date: /home/za1van/ros2_ws/src/install/my_service_interfaces/share/my_service_interfaces/cmake/my_service_interfacesConfig-version.cmake
[1.787s] -- Up-to-date: /home/za1van/ros2_ws/src/install/my_service_interfaces/share/my_service_interfaces/package.xml
[1.790s] Invoked command in '/home/za1van/ros2_ws/src/build/my_service_interfaces' returned '0': CMAKE_PREFIX_PATH=${CMAKE_PREFIX_PATH}:/opt/ros/jazzy DEBUGINFOD_URLS=https://debuginfod.ubuntu.com /usr/bin/cmake --install /home/za1van/ros2_ws/src/build/my_service_interfaces
