[3.088s] Invoking command in '/home/za1van/ros2_ws/src/3t': DEBUGINFOD_URLS=https://debuginfod.ubuntu.com PYTHONPATH=/home/za1van/ros2_ws/build/3t/prefix_override:/usr/lib/python3/dist-packages/colcon_core/task/python/colcon_distutils_commands:/home/za1van/ros2_ws/install/3t/lib/python3.12/site-packages:${PYTHONPATH} /usr/bin/python3 -W ignore:setup.py install is deprecated -W ignore:easy_install command is deprecated setup.py egg_info --egg-base ../../build/3t build --build-base /home/za1van/ros2_ws/build/3t/build install --record /home/za1van/ros2_ws/build/3t/install.log --single-version-externally-managed install_data
[3.821s] running egg_info
[3.872s] writing ../../build/3t/3t.egg-info/PKG-INFO
[3.874s] writing dependency_links to ../../build/3t/3t.egg-info/dependency_links.txt
[3.874s] writing entry points to ../../build/3t/3t.egg-info/entry_points.txt
[3.879s] writing requirements to ../../build/3t/3t.egg-info/requires.txt
[3.879s] writing top-level names to ../../build/3t/3t.egg-info/top_level.txt
[3.984s] reading manifest file '../../build/3t/3t.egg-info/SOURCES.txt'
[3.985s] writing manifest file '../../build/3t/3t.egg-info/SOURCES.txt'
[3.986s] running build
[3.986s] running build_py
[3.990s] running install
[4.002s] running install_lib
[4.057s] running install_data
[4.057s] running install_egg_info
[4.114s] removing '/home/za1van/ros2_ws/install/3t/lib/python3.12/site-packages/3t-0.0.0-py3.12.egg-info' (and everything under it)
[4.116s] Copying ../../build/3t/3t.egg-info to /home/za1van/ros2_ws/install/3t/lib/python3.12/site-packages/3t-0.0.0-py3.12.egg-info
[4.116s] running install_scripts
[4.472s] Installing sled script to /home/za1van/ros2_ws/install/3t/lib/3t
[4.473s] writing list of installed files to '/home/za1van/ros2_ws/build/3t/install.log'
[4.542s] Invoked command in '/home/za1van/ros2_ws/src/3t' returned '0': DEBUGINFOD_URLS=https://debuginfod.ubuntu.com PYTHONPATH=/home/za1van/ros2_ws/build/3t/prefix_override:/usr/lib/python3/dist-packages/colcon_core/task/python/colcon_distutils_commands:/home/za1van/ros2_ws/install/3t/lib/python3.12/site-packages:${PYTHONPATH} /usr/bin/python3 -W ignore:setup.py install is deprecated -W ignore:easy_install command is deprecated setup.py egg_info --egg-base ../../build/3t build --build-base /home/za1van/ros2_ws/build/3t/build install --record /home/za1van/ros2_ws/build/3t/install.log --single-version-externally-managed install_data
