[0.149s] DEBUG:colcon:Command line arguments: ['/usr/bin/colcon', 'build']
[0.149s] DEBUG:colcon:Parsed command line arguments: Namespace(log_base=None, log_level=None, verb_name='build', build_base='build', install_base='install', merge_install=False, symlink_install=False, test_result_base=None, continue_on_error=False, executor='parallel', parallel_workers=4, event_handlers=None, ignore_user_meta=False, metas=['./colcon.meta'], base_paths=['.'], packages_ignore=None, packages_ignore_regex=None, paths=None, packages_up_to=None, packages_up_to_regex=None, packages_above=None, packages_above_and_dependencies=None, packages_above_depth=None, packages_select_by_dep=None, packages_skip_by_dep=None, packages_skip_up_to=None, packages_select_build_failed=False, packages_skip_build_finished=False, packages_select_test_failures=False, packages_skip_test_passed=False, packages_select=None, packages_skip=None, packages_select_regex=None, packages_skip_regex=None, packages_start=None, packages_end=None, allow_overriding=[], cmake_args=None, cmake_target=None, cmake_target_skip_unavailable=False, cmake_clean_cache=False, cmake_clean_first=False, cmake_force_configure=False, ament_cmake_args=None, catkin_cmake_args=None, catkin_skip_building_tests=False, verb_parser=<colcon_defaults.argument_parser.defaults.DefaultArgumentsDecorator object at 0x7499f198b680>, verb_extension=<colcon_core.verb.build.BuildVerb object at 0x7499f192ab10>, main=<bound method BuildVerb.main of <colcon_core.verb.build.BuildVerb object at 0x7499f192ab10>>)
[0.202s] Level 1:colcon.colcon_core.package_discovery:discover_packages(colcon_meta) check parameters
[0.202s] Level 1:colcon.colcon_core.package_discovery:discover_packages(recursive) check parameters
[0.202s] Level 1:colcon.colcon_core.package_discovery:discover_packages(ignore) check parameters
[0.202s] Level 1:colcon.colcon_core.package_discovery:discover_packages(path) check parameters
[0.202s] Level 1:colcon.colcon_core.package_discovery:discover_packages(colcon_meta) discover
[0.202s] Level 1:colcon.colcon_core.package_discovery:discover_packages(recursive) discover
[0.202s] INFO:colcon.colcon_core.package_discovery:Crawling recursively for packages in '/home/za1van/ros2_ws/src'
[0.202s] Level 1:colcon.colcon_core.package_identification:_identify(.) by extensions ['ignore', 'ignore_ament_install']
[0.202s] Level 1:colcon.colcon_core.package_identification:_identify(.) by extension 'ignore'
[0.203s] Level 1:colcon.colcon_core.package_identification:_identify(.) by extension 'ignore_ament_install'
[0.203s] Level 1:colcon.colcon_core.package_identification:_identify(.) by extensions ['colcon_pkg']
[0.203s] Level 1:colcon.colcon_core.package_identification:_identify(.) by extension 'colcon_pkg'
[0.203s] Level 1:colcon.colcon_core.package_identification:_identify(.) by extensions ['colcon_meta']
[0.203s] Level 1:colcon.colcon_core.package_identification:_identify(.) by extension 'colcon_meta'
[0.203s] Level 1:colcon.colcon_core.package_identification:_identify(.) by extensions ['ros']
[0.203s] Level 1:colcon.colcon_core.package_identification:_identify(.) by extension 'ros'
[0.236s] Level 1:colcon.colcon_core.package_identification:_identify(.) by extensions ['cmake', 'python']
[0.236s] Level 1:colcon.colcon_core.package_identification:_identify(.) by extension 'cmake'
[0.236s] Level 1:colcon.colcon_core.package_identification:_identify(.) by extension 'python'
[0.236s] Level 1:colcon.colcon_core.package_identification:_identify(.) by extensions ['python_setup_py']
[0.237s] Level 1:colcon.colcon_core.package_identification:_identify(.) by extension 'python_setup_py'
[0.237s] Level 1:colcon.colcon_core.package_identification:_identify(3t) by extensions ['ignore', 'ignore_ament_install']
[0.237s] Level 1:colcon.colcon_core.package_identification:_identify(3t) by extension 'ignore'
[0.237s] Level 1:colcon.colcon_core.package_identification:_identify(3t) by extension 'ignore_ament_install'
[0.237s] Level 1:colcon.colcon_core.package_identification:_identify(3t) by extensions ['colcon_pkg']
[0.237s] Level 1:colcon.colcon_core.package_identification:_identify(3t) by extension 'colcon_pkg'
[0.237s] Level 1:colcon.colcon_core.package_identification:_identify(3t) by extensions ['colcon_meta']
[0.237s] Level 1:colcon.colcon_core.package_identification:_identify(3t) by extension 'colcon_meta'
[0.237s] Level 1:colcon.colcon_core.package_identification:_identify(3t) by extensions ['ros']
[0.238s] Level 1:colcon.colcon_core.package_identification:_identify(3t) by extension 'ros'
[0.242s] DEBUG:colcon.colcon_core.package_identification:Package '3t' with type 'ros.ament_python' and name '3t'
[0.242s] Level 1:colcon.colcon_core.package_identification:_identify(build) by extensions ['ignore', 'ignore_ament_install']
[0.242s] Level 1:colcon.colcon_core.package_identification:_identify(build) by extension 'ignore'
[0.242s] Level 1:colcon.colcon_core.package_identification:_identify(build) ignored
[0.242s] Level 1:colcon.colcon_core.package_identification:_identify(install) by extensions ['ignore', 'ignore_ament_install']
[0.242s] Level 1:colcon.colcon_core.package_identification:_identify(install) by extension 'ignore'
[0.242s] Level 1:colcon.colcon_core.package_identification:_identify(install) ignored
[0.243s] Level 1:colcon.colcon_core.package_identification:_identify(log) by extensions ['ignore', 'ignore_ament_install']
[0.243s] Level 1:colcon.colcon_core.package_identification:_identify(log) by extension 'ignore'
[0.243s] Level 1:colcon.colcon_core.package_identification:_identify(log) ignored
[0.243s] Level 1:colcon.colcon_core.package_identification:_identify(my_service_client) by extensions ['ignore', 'ignore_ament_install']
[0.243s] Level 1:colcon.colcon_core.package_identification:_identify(my_service_client) by extension 'ignore'
[0.243s] Level 1:colcon.colcon_core.package_identification:_identify(my_service_client) by extension 'ignore_ament_install'
[0.243s] Level 1:colcon.colcon_core.package_identification:_identify(my_service_client) by extensions ['colcon_pkg']
[0.243s] Level 1:colcon.colcon_core.package_identification:_identify(my_service_client) by extension 'colcon_pkg'
[0.244s] Level 1:colcon.colcon_core.package_identification:_identify(my_service_client) by extensions ['colcon_meta']
[0.244s] Level 1:colcon.colcon_core.package_identification:_identify(my_service_client) by extension 'colcon_meta'
[0.244s] Level 1:colcon.colcon_core.package_identification:_identify(my_service_client) by extensions ['ros']
[0.244s] Level 1:colcon.colcon_core.package_identification:_identify(my_service_client) by extension 'ros'
[0.245s] DEBUG:colcon.colcon_core.package_identification:Package 'my_service_client' with type 'ros.ament_python' and name 'my_service_client'
[0.245s] Level 1:colcon.colcon_core.package_identification:_identify(my_service_interfaces) by extensions ['ignore', 'ignore_ament_install']
[0.245s] Level 1:colcon.colcon_core.package_identification:_identify(my_service_interfaces) by extension 'ignore'
[0.245s] Level 1:colcon.colcon_core.package_identification:_identify(my_service_interfaces) by extension 'ignore_ament_install'
[0.245s] Level 1:colcon.colcon_core.package_identification:_identify(my_service_interfaces) by extensions ['colcon_pkg']
[0.245s] Level 1:colcon.colcon_core.package_identification:_identify(my_service_interfaces) by extension 'colcon_pkg'
[0.245s] Level 1:colcon.colcon_core.package_identification:_identify(my_service_interfaces) by extensions ['colcon_meta']
[0.245s] Level 1:colcon.colcon_core.package_identification:_identify(my_service_interfaces) by extension 'colcon_meta'
[0.245s] Level 1:colcon.colcon_core.package_identification:_identify(my_service_interfaces) by extensions ['ros']
[0.246s] Level 1:colcon.colcon_core.package_identification:_identify(my_service_interfaces) by extension 'ros'
[0.246s] DEBUG:colcon.colcon_core.package_identification:Package 'my_service_interfaces' with type 'ros.ament_cmake' and name 'my_service_interfaces'
[0.247s] Level 1:colcon.colcon_core.package_identification:_identify(my_service_server) by extensions ['ignore', 'ignore_ament_install']
[0.247s] Level 1:colcon.colcon_core.package_identification:_identify(my_service_server) by extension 'ignore'
[0.247s] Level 1:colcon.colcon_core.package_identification:_identify(my_service_server) by extension 'ignore_ament_install'
[0.247s] Level 1:colcon.colcon_core.package_identification:_identify(my_service_server) by extensions ['colcon_pkg']
[0.247s] Level 1:colcon.colcon_core.package_identification:_identify(my_service_server) by extension 'colcon_pkg'
[0.247s] Level 1:colcon.colcon_core.package_identification:_identify(my_service_server) by extensions ['colcon_meta']
[0.247s] Level 1:colcon.colcon_core.package_identification:_identify(my_service_server) by extension 'colcon_meta'
[0.247s] Level 1:colcon.colcon_core.package_identification:_identify(my_service_server) by extensions ['ros']
[0.247s] Level 1:colcon.colcon_core.package_identification:_identify(my_service_server) by extension 'ros'
[0.248s] DEBUG:colcon.colcon_core.package_identification:Package 'my_service_server' with type 'ros.ament_python' and name 'my_service_server'
[0.249s] Level 1:colcon.colcon_core.package_identification:_identify(my_turtle_controller) by extensions ['ignore', 'ignore_ament_install']
[0.249s] Level 1:colcon.colcon_core.package_identification:_identify(my_turtle_controller) by extension 'ignore'
[0.249s] Level 1:colcon.colcon_core.package_identification:_identify(my_turtle_controller) by extension 'ignore_ament_install'
[0.249s] Level 1:colcon.colcon_core.package_identification:_identify(my_turtle_controller) by extensions ['colcon_pkg']
[0.249s] Level 1:colcon.colcon_core.package_identification:_identify(my_turtle_controller) by extension 'colcon_pkg'
[0.249s] Level 1:colcon.colcon_core.package_identification:_identify(my_turtle_controller) by extensions ['colcon_meta']
[0.249s] Level 1:colcon.colcon_core.package_identification:_identify(my_turtle_controller) by extension 'colcon_meta'
[0.249s] Level 1:colcon.colcon_core.package_identification:_identify(my_turtle_controller) by extensions ['ros']
[0.249s] Level 1:colcon.colcon_core.package_identification:_identify(my_turtle_controller) by extension 'ros'
[0.250s] DEBUG:colcon.colcon_core.package_identification:Package 'my_turtle_controller' with type 'ros.ament_python' and name 'my_turtle_controller'
[0.250s] Level 1:colcon.colcon_core.package_discovery:discover_packages(recursive) using defaults
[0.250s] Level 1:colcon.colcon_core.package_discovery:discover_packages(ignore) discover
[0.250s] Level 1:colcon.colcon_core.package_discovery:discover_packages(ignore) using defaults
[0.251s] Level 1:colcon.colcon_core.package_discovery:discover_packages(path) discover
[0.251s] Level 1:colcon.colcon_core.package_discovery:discover_packages(path) using defaults
[0.287s] Level 1:colcon.colcon_core.package_discovery:discover_packages(prefix_path) check parameters
[0.287s] Level 1:colcon.colcon_core.package_discovery:discover_packages(prefix_path) discover
[0.291s] DEBUG:colcon.colcon_installed_package_information.package_discovery:Found 290 installed packages in /opt/ros/jazzy
[0.292s] Level 1:colcon.colcon_core.package_discovery:discover_packages(prefix_path) using defaults
[0.378s] Level 5:colcon.colcon_core.verb:set package '3t' build argument 'cmake_args' from command line to 'None'
[0.378s] Level 5:colcon.colcon_core.verb:set package '3t' build argument 'cmake_target' from command line to 'None'
[0.378s] Level 5:colcon.colcon_core.verb:set package '3t' build argument 'cmake_target_skip_unavailable' from command line to 'False'
[0.378s] Level 5:colcon.colcon_core.verb:set package '3t' build argument 'cmake_clean_cache' from command line to 'False'
[0.378s] Level 5:colcon.colcon_core.verb:set package '3t' build argument 'cmake_clean_first' from command line to 'False'
[0.378s] Level 5:colcon.colcon_core.verb:set package '3t' build argument 'cmake_force_configure' from command line to 'False'
[0.378s] Level 5:colcon.colcon_core.verb:set package '3t' build argument 'ament_cmake_args' from command line to 'None'
[0.378s] Level 5:colcon.colcon_core.verb:set package '3t' build argument 'catkin_cmake_args' from command line to 'None'
[0.378s] Level 5:colcon.colcon_core.verb:set package '3t' build argument 'catkin_skip_building_tests' from command line to 'False'
[0.378s] DEBUG:colcon.colcon_core.verb:Building package '3t' with the following arguments: {'ament_cmake_args': None, 'build_base': '/home/za1van/ros2_ws/src/build/3t', 'catkin_cmake_args': None, 'catkin_skip_building_tests': False, 'cmake_args': None, 'cmake_clean_cache': False, 'cmake_clean_first': False, 'cmake_force_configure': False, 'cmake_target': None, 'cmake_target_skip_unavailable': False, 'install_base': '/home/za1van/ros2_ws/src/install/3t', 'merge_install': False, 'path': '/home/za1van/ros2_ws/src/3t', 'symlink_install': False, 'test_result_base': None}
[0.378s] Level 5:colcon.colcon_core.verb:set package 'my_service_interfaces' build argument 'cmake_args' from command line to 'None'
[0.378s] Level 5:colcon.colcon_core.verb:set package 'my_service_interfaces' build argument 'cmake_target' from command line to 'None'
[0.379s] Level 5:colcon.colcon_core.verb:set package 'my_service_interfaces' build argument 'cmake_target_skip_unavailable' from command line to 'False'
[0.379s] Level 5:colcon.colcon_core.verb:set package 'my_service_interfaces' build argument 'cmake_clean_cache' from command line to 'False'
[0.379s] Level 5:colcon.colcon_core.verb:set package 'my_service_interfaces' build argument 'cmake_clean_first' from command line to 'False'
[0.379s] Level 5:colcon.colcon_core.verb:set package 'my_service_interfaces' build argument 'cmake_force_configure' from command line to 'False'
[0.379s] Level 5:colcon.colcon_core.verb:set package 'my_service_interfaces' build argument 'ament_cmake_args' from command line to 'None'
[0.379s] Level 5:colcon.colcon_core.verb:set package 'my_service_interfaces' build argument 'catkin_cmake_args' from command line to 'None'
[0.379s] Level 5:colcon.colcon_core.verb:set package 'my_service_interfaces' build argument 'catkin_skip_building_tests' from command line to 'False'
[0.379s] DEBUG:colcon.colcon_core.verb:Building package 'my_service_interfaces' with the following arguments: {'ament_cmake_args': None, 'build_base': '/home/za1van/ros2_ws/src/build/my_service_interfaces', 'catkin_cmake_args': None, 'catkin_skip_building_tests': False, 'cmake_args': None, 'cmake_clean_cache': False, 'cmake_clean_first': False, 'cmake_force_configure': False, 'cmake_target': None, 'cmake_target_skip_unavailable': False, 'install_base': '/home/za1van/ros2_ws/src/install/my_service_interfaces', 'merge_install': False, 'path': '/home/za1van/ros2_ws/src/my_service_interfaces', 'symlink_install': False, 'test_result_base': None}
[0.379s] Level 5:colcon.colcon_core.verb:set package 'my_service_server' build argument 'cmake_args' from command line to 'None'
[0.379s] Level 5:colcon.colcon_core.verb:set package 'my_service_server' build argument 'cmake_target' from command line to 'None'
[0.379s] Level 5:colcon.colcon_core.verb:set package 'my_service_server' build argument 'cmake_target_skip_unavailable' from command line to 'False'
[0.379s] Level 5:colcon.colcon_core.verb:set package 'my_service_server' build argument 'cmake_clean_cache' from command line to 'False'
[0.379s] Level 5:colcon.colcon_core.verb:set package 'my_service_server' build argument 'cmake_clean_first' from command line to 'False'
[0.379s] Level 5:colcon.colcon_core.verb:set package 'my_service_server' build argument 'cmake_force_configure' from command line to 'False'
[0.379s] Level 5:colcon.colcon_core.verb:set package 'my_service_server' build argument 'ament_cmake_args' from command line to 'None'
[0.379s] Level 5:colcon.colcon_core.verb:set package 'my_service_server' build argument 'catkin_cmake_args' from command line to 'None'
[0.379s] Level 5:colcon.colcon_core.verb:set package 'my_service_server' build argument 'catkin_skip_building_tests' from command line to 'False'
[0.379s] DEBUG:colcon.colcon_core.verb:Building package 'my_service_server' with the following arguments: {'ament_cmake_args': None, 'build_base': '/home/za1van/ros2_ws/src/build/my_service_server', 'catkin_cmake_args': None, 'catkin_skip_building_tests': False, 'cmake_args': None, 'cmake_clean_cache': False, 'cmake_clean_first': False, 'cmake_force_configure': False, 'cmake_target': None, 'cmake_target_skip_unavailable': False, 'install_base': '/home/za1van/ros2_ws/src/install/my_service_server', 'merge_install': False, 'path': '/home/za1van/ros2_ws/src/my_service_server', 'symlink_install': False, 'test_result_base': None}
[0.380s] Level 5:colcon.colcon_core.verb:set package 'my_turtle_controller' build argument 'cmake_args' from command line to 'None'
[0.380s] Level 5:colcon.colcon_core.verb:set package 'my_turtle_controller' build argument 'cmake_target' from command line to 'None'
[0.380s] Level 5:colcon.colcon_core.verb:set package 'my_turtle_controller' build argument 'cmake_target_skip_unavailable' from command line to 'False'
[0.380s] Level 5:colcon.colcon_core.verb:set package 'my_turtle_controller' build argument 'cmake_clean_cache' from command line to 'False'
[0.380s] Level 5:colcon.colcon_core.verb:set package 'my_turtle_controller' build argument 'cmake_clean_first' from command line to 'False'
[0.380s] Level 5:colcon.colcon_core.verb:set package 'my_turtle_controller' build argument 'cmake_force_configure' from command line to 'False'
[0.380s] Level 5:colcon.colcon_core.verb:set package 'my_turtle_controller' build argument 'ament_cmake_args' from command line to 'None'
[0.380s] Level 5:colcon.colcon_core.verb:set package 'my_turtle_controller' build argument 'catkin_cmake_args' from command line to 'None'
[0.380s] Level 5:colcon.colcon_core.verb:set package 'my_turtle_controller' build argument 'catkin_skip_building_tests' from command line to 'False'
[0.380s] DEBUG:colcon.colcon_core.verb:Building package 'my_turtle_controller' with the following arguments: {'ament_cmake_args': None, 'build_base': '/home/za1van/ros2_ws/src/build/my_turtle_controller', 'catkin_cmake_args': None, 'catkin_skip_building_tests': False, 'cmake_args': None, 'cmake_clean_cache': False, 'cmake_clean_first': False, 'cmake_force_configure': False, 'cmake_target': None, 'cmake_target_skip_unavailable': False, 'install_base': '/home/za1van/ros2_ws/src/install/my_turtle_controller', 'merge_install': False, 'path': '/home/za1van/ros2_ws/src/my_turtle_controller', 'symlink_install': False, 'test_result_base': None}
[0.381s] Level 5:colcon.colcon_core.verb:set package 'my_service_client' build argument 'cmake_args' from command line to 'None'
[0.381s] Level 5:colcon.colcon_core.verb:set package 'my_service_client' build argument 'cmake_target' from command line to 'None'
[0.381s] Level 5:colcon.colcon_core.verb:set package 'my_service_client' build argument 'cmake_target_skip_unavailable' from command line to 'False'
[0.381s] Level 5:colcon.colcon_core.verb:set package 'my_service_client' build argument 'cmake_clean_cache' from command line to 'False'
[0.381s] Level 5:colcon.colcon_core.verb:set package 'my_service_client' build argument 'cmake_clean_first' from command line to 'False'
[0.381s] Level 5:colcon.colcon_core.verb:set package 'my_service_client' build argument 'cmake_force_configure' from command line to 'False'
[0.381s] Level 5:colcon.colcon_core.verb:set package 'my_service_client' build argument 'ament_cmake_args' from command line to 'None'
[0.381s] Level 5:colcon.colcon_core.verb:set package 'my_service_client' build argument 'catkin_cmake_args' from command line to 'None'
[0.381s] Level 5:colcon.colcon_core.verb:set package 'my_service_client' build argument 'catkin_skip_building_tests' from command line to 'False'
[0.381s] DEBUG:colcon.colcon_core.verb:Building package 'my_service_client' with the following arguments: {'ament_cmake_args': None, 'build_base': '/home/za1van/ros2_ws/src/build/my_service_client', 'catkin_cmake_args': None, 'catkin_skip_building_tests': False, 'cmake_args': None, 'cmake_clean_cache': False, 'cmake_clean_first': False, 'cmake_force_configure': False, 'cmake_target': None, 'cmake_target_skip_unavailable': False, 'install_base': '/home/za1van/ros2_ws/src/install/my_service_client', 'merge_install': False, 'path': '/home/za1van/ros2_ws/src/my_service_client', 'symlink_install': False, 'test_result_base': None}
[0.381s] INFO:colcon.colcon_core.executor:Executing jobs using 'parallel' executor
[0.383s] DEBUG:colcon.colcon_parallel_executor.executor.parallel:run_until_complete
[0.383s] INFO:colcon.colcon_ros.task.ament_cmake.build:Building ROS package in '/home/za1van/ros2_ws/src/my_service_interfaces' with build type 'ament_cmake'
[0.383s] INFO:colcon.colcon_cmake.task.cmake.build:Building CMake package in '/home/za1van/ros2_ws/src/my_service_interfaces'
[0.387s] INFO:colcon.colcon_core.plugin_system:Skipping extension 'colcon_core.shell.bat': Not used on non-Windows systems
[0.387s] INFO:colcon.colcon_core.shell:Skip shell extension 'powershell' for command environment: Not usable outside of PowerShell
[0.387s] DEBUG:colcon.colcon_core.shell:Skip shell extension 'dsv' for command environment
[0.391s] INFO:colcon.colcon_ros.task.ament_python.build:Building ROS package in '/home/za1van/ros2_ws/src/3t' with build type 'ament_python'
[0.391s] Level 1:colcon.colcon_core.shell:create_environment_hook('3t', 'ament_prefix_path')
[0.392s] INFO:colcon.colcon_core.shell:Creating environment hook '/home/za1van/ros2_ws/src/install/3t/share/3t/hook/ament_prefix_path.ps1'
[0.393s] INFO:colcon.colcon_core.shell:Creating environment descriptor '/home/za1van/ros2_ws/src/install/3t/share/3t/hook/ament_prefix_path.dsv'
[0.394s] INFO:colcon.colcon_core.shell:Creating environment hook '/home/za1van/ros2_ws/src/install/3t/share/3t/hook/ament_prefix_path.sh'
[0.395s] INFO:colcon.colcon_core.shell:Skip shell extension 'powershell' for command environment: Not usable outside of PowerShell
[0.395s] DEBUG:colcon.colcon_core.shell:Skip shell extension 'dsv' for command environment
[0.400s] INFO:colcon.colcon_ros.task.ament_python.build:Building ROS package in '/home/za1van/ros2_ws/src/my_service_server' with build type 'ament_python'
[0.401s] Level 1:colcon.colcon_core.shell:create_environment_hook('my_service_server', 'ament_prefix_path')
[0.401s] INFO:colcon.colcon_core.shell:Creating environment hook '/home/za1van/ros2_ws/src/install/my_service_server/share/my_service_server/hook/ament_prefix_path.ps1'
[0.402s] INFO:colcon.colcon_core.shell:Creating environment descriptor '/home/za1van/ros2_ws/src/install/my_service_server/share/my_service_server/hook/ament_prefix_path.dsv'
[0.403s] INFO:colcon.colcon_core.shell:Creating environment hook '/home/za1van/ros2_ws/src/install/my_service_server/share/my_service_server/hook/ament_prefix_path.sh'
[0.404s] INFO:colcon.colcon_core.shell:Skip shell extension 'powershell' for command environment: Not usable outside of PowerShell
[0.404s] DEBUG:colcon.colcon_core.shell:Skip shell extension 'dsv' for command environment
[0.411s] INFO:colcon.colcon_ros.task.ament_python.build:Building ROS package in '/home/za1van/ros2_ws/src/my_turtle_controller' with build type 'ament_python'
[0.411s] Level 1:colcon.colcon_core.shell:create_environment_hook('my_turtle_controller', 'ament_prefix_path')
[0.412s] INFO:colcon.colcon_core.shell:Creating environment hook '/home/za1van/ros2_ws/src/install/my_turtle_controller/share/my_turtle_controller/hook/ament_prefix_path.ps1'
[0.413s] INFO:colcon.colcon_core.shell:Creating environment descriptor '/home/za1van/ros2_ws/src/install/my_turtle_controller/share/my_turtle_controller/hook/ament_prefix_path.dsv'
[0.413s] INFO:colcon.colcon_core.shell:Creating environment hook '/home/za1van/ros2_ws/src/install/my_turtle_controller/share/my_turtle_controller/hook/ament_prefix_path.sh'
[0.414s] INFO:colcon.colcon_core.shell:Skip shell extension 'powershell' for command environment: Not usable outside of PowerShell
[0.415s] DEBUG:colcon.colcon_core.shell:Skip shell extension 'dsv' for command environment
[0.428s] DEBUG:colcon.colcon_core.event_handler.log_command:Invoking command in '/home/za1van/ros2_ws/src/build/my_service_interfaces': CMAKE_PREFIX_PATH=${CMAKE_PREFIX_PATH}:/opt/ros/jazzy DEBUGINFOD_URLS=https://debuginfod.ubuntu.com /usr/bin/cmake --build /home/za1van/ros2_ws/src/build/my_service_interfaces -- -j4 -l4
[0.946s] INFO:colcon.colcon_core.task.python.build:Building Python package in '/home/za1van/ros2_ws/src/3t'
[0.946s] INFO:colcon.colcon_core.shell:Skip shell extension 'powershell' for command environment: Not usable outside of PowerShell
[0.946s] DEBUG:colcon.colcon_core.shell:Skip shell extension 'dsv' for command environment
[1.340s] INFO:colcon.colcon_core.task.python.build:Building Python package in '/home/za1van/ros2_ws/src/my_service_server'
[1.341s] INFO:colcon.colcon_core.shell:Skip shell extension 'powershell' for command environment: Not usable outside of PowerShell
[1.341s] DEBUG:colcon.colcon_core.shell:Skip shell extension 'dsv' for command environment
[1.848s] INFO:colcon.colcon_core.task.python.build:Building Python package in '/home/za1van/ros2_ws/src/my_turtle_controller'
[1.849s] INFO:colcon.colcon_core.shell:Skip shell extension 'powershell' for command environment: Not usable outside of PowerShell
[1.849s] DEBUG:colcon.colcon_core.shell:Skip shell extension 'dsv' for command environment
[1.860s] DEBUG:colcon.colcon_core.event_handler.log_command:Invoked command in '/home/za1van/ros2_ws/src/build/my_service_interfaces' returned '0': CMAKE_PREFIX_PATH=${CMAKE_PREFIX_PATH}:/opt/ros/jazzy DEBUGINFOD_URLS=https://debuginfod.ubuntu.com /usr/bin/cmake --build /home/za1van/ros2_ws/src/build/my_service_interfaces -- -j4 -l4
[1.877s] DEBUG:colcon.colcon_core.event_handler.log_command:Invoking command in '/home/za1van/ros2_ws/src/build/my_service_interfaces': CMAKE_PREFIX_PATH=${CMAKE_PREFIX_PATH}:/opt/ros/jazzy DEBUGINFOD_URLS=https://debuginfod.ubuntu.com /usr/bin/cmake --install /home/za1van/ros2_ws/src/build/my_service_interfaces
[2.128s] Level 1:colcon.colcon_core.environment:create_environment_scripts_only(my_service_interfaces)
[2.141s] DEBUG:colcon.colcon_core.event_handler.log_command:Invoked command in '/home/za1van/ros2_ws/src/build/my_service_interfaces' returned '0': CMAKE_PREFIX_PATH=${CMAKE_PREFIX_PATH}:/opt/ros/jazzy DEBUGINFOD_URLS=https://debuginfod.ubuntu.com /usr/bin/cmake --install /home/za1van/ros2_ws/src/build/my_service_interfaces
[2.148s] Level 1:colcon.colcon_core.environment:checking '/home/za1van/ros2_ws/src/install/my_service_interfaces' for CMake module files
[2.157s] Level 1:colcon.colcon_core.environment:checking '/home/za1van/ros2_ws/src/install/my_service_interfaces' for CMake config files
[2.163s] Level 1:colcon.colcon_core.shell:create_environment_hook('my_service_interfaces', 'cmake_prefix_path')
[2.166s] INFO:colcon.colcon_core.shell:Creating environment hook '/home/za1van/ros2_ws/src/install/my_service_interfaces/share/my_service_interfaces/hook/cmake_prefix_path.ps1'
[2.170s] INFO:colcon.colcon_core.shell:Creating environment descriptor '/home/za1van/ros2_ws/src/install/my_service_interfaces/share/my_service_interfaces/hook/cmake_prefix_path.dsv'
[2.170s] INFO:colcon.colcon_core.shell:Creating environment hook '/home/za1van/ros2_ws/src/install/my_service_interfaces/share/my_service_interfaces/hook/cmake_prefix_path.sh'
[2.176s] Level 1:colcon.colcon_core.environment:checking '/home/za1van/ros2_ws/src/install/my_service_interfaces/lib'
[2.177s] Level 1:colcon.colcon_core.shell:create_environment_hook('my_service_interfaces', 'ld_library_path_lib')
[2.177s] INFO:colcon.colcon_core.shell:Creating environment hook '/home/za1van/ros2_ws/src/install/my_service_interfaces/share/my_service_interfaces/hook/ld_library_path_lib.ps1'
[2.181s] INFO:colcon.colcon_core.shell:Creating environment descriptor '/home/za1van/ros2_ws/src/install/my_service_interfaces/share/my_service_interfaces/hook/ld_library_path_lib.dsv'
[2.184s] INFO:colcon.colcon_core.shell:Creating environment hook '/home/za1van/ros2_ws/src/install/my_service_interfaces/share/my_service_interfaces/hook/ld_library_path_lib.sh'
[2.186s] Level 1:colcon.colcon_core.environment:checking '/home/za1van/ros2_ws/src/install/my_service_interfaces/bin'
[2.187s] Level 1:colcon.colcon_core.environment:checking '/home/za1van/ros2_ws/src/install/my_service_interfaces/lib/pkgconfig/my_service_interfaces.pc'
[2.187s] Level 1:colcon.colcon_core.environment:checking '/home/za1van/ros2_ws/src/install/my_service_interfaces/lib/python3.12/site-packages'
[2.187s] Level 1:colcon.colcon_core.shell:create_environment_hook('my_service_interfaces', 'pythonpath')
[2.188s] INFO:colcon.colcon_core.shell:Creating environment hook '/home/za1van/ros2_ws/src/install/my_service_interfaces/share/my_service_interfaces/hook/pythonpath.ps1'
[2.189s] INFO:colcon.colcon_core.shell:Creating environment descriptor '/home/za1van/ros2_ws/src/install/my_service_interfaces/share/my_service_interfaces/hook/pythonpath.dsv'
[2.192s] INFO:colcon.colcon_core.shell:Creating environment hook '/home/za1van/ros2_ws/src/install/my_service_interfaces/share/my_service_interfaces/hook/pythonpath.sh'
[2.194s] Level 1:colcon.colcon_core.environment:checking '/home/za1van/ros2_ws/src/install/my_service_interfaces/bin'
[2.197s] INFO:colcon.colcon_core.shell:Creating package script '/home/za1van/ros2_ws/src/install/my_service_interfaces/share/my_service_interfaces/package.ps1'
[2.202s] INFO:colcon.colcon_core.shell:Creating package descriptor '/home/za1van/ros2_ws/src/install/my_service_interfaces/share/my_service_interfaces/package.dsv'
[2.206s] INFO:colcon.colcon_core.shell:Creating package script '/home/za1van/ros2_ws/src/install/my_service_interfaces/share/my_service_interfaces/package.sh'
[2.210s] INFO:colcon.colcon_core.shell:Creating package script '/home/za1van/ros2_ws/src/install/my_service_interfaces/share/my_service_interfaces/package.bash'
[2.211s] INFO:colcon.colcon_core.shell:Creating package script '/home/za1van/ros2_ws/src/install/my_service_interfaces/share/my_service_interfaces/package.zsh'
[2.213s] Level 1:colcon.colcon_core.environment:create_file_with_runtime_dependencies(/home/za1van/ros2_ws/src/install/my_service_interfaces/share/colcon-core/packages/my_service_interfaces)
[2.215s] Level 1:colcon.colcon_core.environment:create_environment_scripts_only(my_service_interfaces)
[2.216s] Level 1:colcon.colcon_core.environment:checking '/home/za1van/ros2_ws/src/install/my_service_interfaces' for CMake module files
[2.217s] Level 1:colcon.colcon_core.environment:checking '/home/za1van/ros2_ws/src/install/my_service_interfaces' for CMake config files
[2.219s] Level 1:colcon.colcon_core.shell:create_environment_hook('my_service_interfaces', 'cmake_prefix_path')
[2.219s] INFO:colcon.colcon_core.shell:Creating environment hook '/home/za1van/ros2_ws/src/install/my_service_interfaces/share/my_service_interfaces/hook/cmake_prefix_path.ps1'
[2.220s] INFO:colcon.colcon_core.shell:Creating environment descriptor '/home/za1van/ros2_ws/src/install/my_service_interfaces/share/my_service_interfaces/hook/cmake_prefix_path.dsv'
[2.221s] INFO:colcon.colcon_core.shell:Creating environment hook '/home/za1van/ros2_ws/src/install/my_service_interfaces/share/my_service_interfaces/hook/cmake_prefix_path.sh'
[2.224s] Level 1:colcon.colcon_core.environment:checking '/home/za1van/ros2_ws/src/install/my_service_interfaces/lib'
[2.224s] Level 1:colcon.colcon_core.shell:create_environment_hook('my_service_interfaces', 'ld_library_path_lib')
[2.225s] INFO:colcon.colcon_core.shell:Creating environment hook '/home/za1van/ros2_ws/src/install/my_service_interfaces/share/my_service_interfaces/hook/ld_library_path_lib.ps1'
[2.228s] INFO:colcon.colcon_core.shell:Creating environment descriptor '/home/za1van/ros2_ws/src/install/my_service_interfaces/share/my_service_interfaces/hook/ld_library_path_lib.dsv'
[2.229s] INFO:colcon.colcon_core.shell:Creating environment hook '/home/za1van/ros2_ws/src/install/my_service_interfaces/share/my_service_interfaces/hook/ld_library_path_lib.sh'
[2.230s] Level 1:colcon.colcon_core.environment:checking '/home/za1van/ros2_ws/src/install/my_service_interfaces/bin'
[2.232s] Level 1:colcon.colcon_core.environment:checking '/home/za1van/ros2_ws/src/install/my_service_interfaces/lib/pkgconfig/my_service_interfaces.pc'
[2.233s] Level 1:colcon.colcon_core.environment:checking '/home/za1van/ros2_ws/src/install/my_service_interfaces/lib/python3.12/site-packages'
[2.234s] Level 1:colcon.colcon_core.shell:create_environment_hook('my_service_interfaces', 'pythonpath')
[2.234s] INFO:colcon.colcon_core.shell:Creating environment hook '/home/za1van/ros2_ws/src/install/my_service_interfaces/share/my_service_interfaces/hook/pythonpath.ps1'
[2.235s] INFO:colcon.colcon_core.shell:Creating environment descriptor '/home/za1van/ros2_ws/src/install/my_service_interfaces/share/my_service_interfaces/hook/pythonpath.dsv'
[2.238s] INFO:colcon.colcon_core.shell:Creating environment hook '/home/za1van/ros2_ws/src/install/my_service_interfaces/share/my_service_interfaces/hook/pythonpath.sh'
[2.241s] Level 1:colcon.colcon_core.environment:checking '/home/za1van/ros2_ws/src/install/my_service_interfaces/bin'
[2.242s] INFO:colcon.colcon_core.shell:Creating package script '/home/za1van/ros2_ws/src/install/my_service_interfaces/share/my_service_interfaces/package.ps1'
[2.244s] INFO:colcon.colcon_core.shell:Creating package descriptor '/home/za1van/ros2_ws/src/install/my_service_interfaces/share/my_service_interfaces/package.dsv'
[2.245s] INFO:colcon.colcon_core.shell:Creating package script '/home/za1van/ros2_ws/src/install/my_service_interfaces/share/my_service_interfaces/package.sh'
[2.247s] INFO:colcon.colcon_core.shell:Creating package script '/home/za1van/ros2_ws/src/install/my_service_interfaces/share/my_service_interfaces/package.bash'
[2.248s] INFO:colcon.colcon_core.shell:Creating package script '/home/za1van/ros2_ws/src/install/my_service_interfaces/share/my_service_interfaces/package.zsh'
[2.249s] Level 1:colcon.colcon_core.environment:create_file_with_runtime_dependencies(/home/za1van/ros2_ws/src/install/my_service_interfaces/share/colcon-core/packages/my_service_interfaces)
[2.251s] INFO:colcon.colcon_ros.task.ament_python.build:Building ROS package in '/home/za1van/ros2_ws/src/my_service_client' with build type 'ament_python'
[2.251s] Level 1:colcon.colcon_core.shell:create_environment_hook('my_service_client', 'ament_prefix_path')
[2.252s] INFO:colcon.colcon_core.shell:Creating environment hook '/home/za1van/ros2_ws/src/install/my_service_client/share/my_service_client/hook/ament_prefix_path.ps1'
[2.255s] INFO:colcon.colcon_core.shell:Creating environment descriptor '/home/za1van/ros2_ws/src/install/my_service_client/share/my_service_client/hook/ament_prefix_path.dsv'
[2.258s] INFO:colcon.colcon_core.shell:Creating environment hook '/home/za1van/ros2_ws/src/install/my_service_client/share/my_service_client/hook/ament_prefix_path.sh'
[2.259s] INFO:colcon.colcon_core.shell:Skip shell extension 'powershell' for command environment: Not usable outside of PowerShell
[2.259s] DEBUG:colcon.colcon_core.shell:Skip shell extension 'dsv' for command environment
[3.082s] INFO:colcon.colcon_core.task.python.build:Building Python package in '/home/za1van/ros2_ws/src/my_service_client'
[3.083s] INFO:colcon.colcon_core.shell:Skip shell extension 'powershell' for command environment: Not usable outside of PowerShell
[3.083s] DEBUG:colcon.colcon_core.shell:Skip shell extension 'dsv' for command environment
[3.812s] DEBUG:colcon.colcon_core.event_handler.log_command:Invoking command in '/home/za1van/ros2_ws/src/my_service_server': DEBUGINFOD_URLS=https://debuginfod.ubuntu.com PYTHONPATH=/home/za1van/ros2_ws/src/build/my_service_server/prefix_override:/usr/lib/python3/dist-packages/colcon_core/task/python/colcon_distutils_commands:/home/za1van/ros2_ws/src/install/my_service_server/lib/python3.12/site-packages:${PYTHONPATH} /usr/bin/python3 -W ignore:setup.py install is deprecated -W ignore:easy_install command is deprecated setup.py egg_info --egg-base ../build/my_service_server build --build-base /home/za1van/ros2_ws/src/build/my_service_server/build install --record /home/za1van/ros2_ws/src/build/my_service_server/install.log --single-version-externally-managed install_data
[3.867s] DEBUG:colcon.colcon_core.event_handler.log_command:Invoking command in '/home/za1van/ros2_ws/src/my_turtle_controller': DEBUGINFOD_URLS=https://debuginfod.ubuntu.com PYTHONPATH=/home/za1van/ros2_ws/src/build/my_turtle_controller/prefix_override:/usr/lib/python3/dist-packages/colcon_core/task/python/colcon_distutils_commands:/home/za1van/ros2_ws/src/install/my_turtle_controller/lib/python3.12/site-packages:${PYTHONPATH} /usr/bin/python3 -W ignore:setup.py install is deprecated -W ignore:easy_install command is deprecated setup.py egg_info --egg-base ../build/my_turtle_controller build --build-base /home/za1van/ros2_ws/src/build/my_turtle_controller/build install --record /home/za1van/ros2_ws/src/build/my_turtle_controller/install.log --single-version-externally-managed install_data
[4.258s] DEBUG:colcon.colcon_core.event_handler.log_command:Invoking command in '/home/za1van/ros2_ws/src/3t': DEBUGINFOD_URLS=https://debuginfod.ubuntu.com PYTHONPATH=/home/za1van/ros2_ws/src/build/3t/prefix_override:/usr/lib/python3/dist-packages/colcon_core/task/python/colcon_distutils_commands:/home/za1van/ros2_ws/src/install/3t/lib/python3.12/site-packages:${PYTHONPATH} /usr/bin/python3 -W ignore:setup.py install is deprecated -W ignore:easy_install command is deprecated setup.py egg_info --egg-base ../build/3t build --build-base /home/za1van/ros2_ws/src/build/3t/build install --record /home/za1van/ros2_ws/src/build/3t/install.log --single-version-externally-managed install_data
[4.990s] DEBUG:colcon.colcon_core.event_handler.log_command:Invoking command in '/home/za1van/ros2_ws/src/my_service_client': AMENT_PREFIX_PATH=/home/za1van/ros2_ws/src/install/my_service_interfaces:${AMENT_PREFIX_PATH} CMAKE_PREFIX_PATH=/home/za1van/ros2_ws/src/install/my_service_interfaces:${CMAKE_PREFIX_PATH} DEBUGINFOD_URLS=https://debuginfod.ubuntu.com LD_LIBRARY_PATH=/home/za1van/ros2_ws/src/install/my_service_interfaces/lib:${LD_LIBRARY_PATH} PYTHONPATH=/home/za1van/ros2_ws/src/build/my_service_client/prefix_override:/usr/lib/python3/dist-packages/colcon_core/task/python/colcon_distutils_commands:/home/za1van/ros2_ws/src/install/my_service_client/lib/python3.12/site-packages:/home/za1van/ros2_ws/src/install/my_service_interfaces/lib/python3.12/site-packages:${PYTHONPATH} /usr/bin/python3 -W ignore:setup.py install is deprecated -W ignore:easy_install command is deprecated setup.py egg_info --egg-base ../build/my_service_client build --build-base /home/za1van/ros2_ws/src/build/my_service_client/build install --record /home/za1van/ros2_ws/src/build/my_service_client/install.log --single-version-externally-managed install_data
[5.832s] Level 1:colcon.colcon_core.environment:checking '/home/za1van/ros2_ws/src/install/my_turtle_controller' for CMake module files
[5.834s] Level 1:colcon.colcon_core.environment:checking '/home/za1van/ros2_ws/src/install/my_turtle_controller' for CMake config files
[5.835s] Level 1:colcon.colcon_core.environment:checking '/home/za1van/ros2_ws/src/install/my_turtle_controller/lib'
[5.835s] Level 1:colcon.colcon_core.environment:checking '/home/za1van/ros2_ws/src/install/my_turtle_controller/bin'
[5.835s] Level 1:colcon.colcon_core.environment:checking '/home/za1van/ros2_ws/src/install/my_turtle_controller/lib/pkgconfig/my_turtle_controller.pc'
[5.832s] DEBUG:colcon.colcon_core.event_handler.log_command:Invoked command in '/home/za1van/ros2_ws/src/my_turtle_controller' returned '0': DEBUGINFOD_URLS=https://debuginfod.ubuntu.com PYTHONPATH=/home/za1van/ros2_ws/src/build/my_turtle_controller/prefix_override:/usr/lib/python3/dist-packages/colcon_core/task/python/colcon_distutils_commands:/home/za1van/ros2_ws/src/install/my_turtle_controller/lib/python3.12/site-packages:${PYTHONPATH} /usr/bin/python3 -W ignore:setup.py install is deprecated -W ignore:easy_install command is deprecated setup.py egg_info --egg-base ../build/my_turtle_controller build --build-base /home/za1van/ros2_ws/src/build/my_turtle_controller/build install --record /home/za1van/ros2_ws/src/build/my_turtle_controller/install.log --single-version-externally-managed install_data
[5.836s] Level 1:colcon.colcon_core.environment:checking '/home/za1van/ros2_ws/src/install/my_turtle_controller/lib/python3.12/site-packages'
[5.837s] Level 1:colcon.colcon_core.shell:create_environment_hook('my_turtle_controller', 'pythonpath')
[5.838s] INFO:colcon.colcon_core.shell:Creating environment hook '/home/za1van/ros2_ws/src/install/my_turtle_controller/share/my_turtle_controller/hook/pythonpath.ps1'
[5.839s] INFO:colcon.colcon_core.shell:Creating environment descriptor '/home/za1van/ros2_ws/src/install/my_turtle_controller/share/my_turtle_controller/hook/pythonpath.dsv'
[5.841s] INFO:colcon.colcon_core.shell:Creating environment hook '/home/za1van/ros2_ws/src/install/my_turtle_controller/share/my_turtle_controller/hook/pythonpath.sh'
[5.849s] Level 1:colcon.colcon_core.environment:checking '/home/za1van/ros2_ws/src/install/my_turtle_controller/bin'
[5.849s] Level 1:colcon.colcon_core.environment:create_environment_scripts_only(my_turtle_controller)
[5.849s] INFO:colcon.colcon_core.shell:Creating package script '/home/za1van/ros2_ws/src/install/my_turtle_controller/share/my_turtle_controller/package.ps1'
[5.851s] INFO:colcon.colcon_core.shell:Creating package descriptor '/home/za1van/ros2_ws/src/install/my_turtle_controller/share/my_turtle_controller/package.dsv'
[5.854s] INFO:colcon.colcon_core.shell:Creating package script '/home/za1van/ros2_ws/src/install/my_turtle_controller/share/my_turtle_controller/package.sh'
[5.857s] INFO:colcon.colcon_core.shell:Creating package script '/home/za1van/ros2_ws/src/install/my_turtle_controller/share/my_turtle_controller/package.bash'
[5.861s] INFO:colcon.colcon_core.shell:Creating package script '/home/za1van/ros2_ws/src/install/my_turtle_controller/share/my_turtle_controller/package.zsh'
[5.861s] Level 1:colcon.colcon_core.environment:create_file_with_runtime_dependencies(/home/za1van/ros2_ws/src/install/my_turtle_controller/share/colcon-core/packages/my_turtle_controller)
[5.897s] Level 1:colcon.colcon_core.environment:checking '/home/za1van/ros2_ws/src/install/3t' for CMake module files
[5.897s] DEBUG:colcon.colcon_core.event_handler.log_command:Invoked command in '/home/za1van/ros2_ws/src/3t' returned '0': DEBUGINFOD_URLS=https://debuginfod.ubuntu.com PYTHONPATH=/home/za1van/ros2_ws/src/build/3t/prefix_override:/usr/lib/python3/dist-packages/colcon_core/task/python/colcon_distutils_commands:/home/za1van/ros2_ws/src/install/3t/lib/python3.12/site-packages:${PYTHONPATH} /usr/bin/python3 -W ignore:setup.py install is deprecated -W ignore:easy_install command is deprecated setup.py egg_info --egg-base ../build/3t build --build-base /home/za1van/ros2_ws/src/build/3t/build install --record /home/za1van/ros2_ws/src/build/3t/install.log --single-version-externally-managed install_data
[5.899s] Level 1:colcon.colcon_core.environment:checking '/home/za1van/ros2_ws/src/install/3t' for CMake config files
[5.901s] Level 1:colcon.colcon_core.environment:checking '/home/za1van/ros2_ws/src/install/3t/lib'
[5.901s] Level 1:colcon.colcon_core.environment:checking '/home/za1van/ros2_ws/src/install/3t/bin'
[5.901s] Level 1:colcon.colcon_core.environment:checking '/home/za1van/ros2_ws/src/install/3t/lib/pkgconfig/3t.pc'
[5.902s] Level 1:colcon.colcon_core.environment:checking '/home/za1van/ros2_ws/src/install/3t/lib/python3.12/site-packages'
[5.902s] Level 1:colcon.colcon_core.shell:create_environment_hook('3t', 'pythonpath')
[5.903s] INFO:colcon.colcon_core.shell:Creating environment hook '/home/za1van/ros2_ws/src/install/3t/share/3t/hook/pythonpath.ps1'
[5.904s] INFO:colcon.colcon_core.shell:Creating environment descriptor '/home/za1van/ros2_ws/src/install/3t/share/3t/hook/pythonpath.dsv'
[5.906s] INFO:colcon.colcon_core.shell:Creating environment hook '/home/za1van/ros2_ws/src/install/3t/share/3t/hook/pythonpath.sh'
[5.907s] Level 1:colcon.colcon_core.environment:checking '/home/za1van/ros2_ws/src/install/3t/bin'
[5.907s] Level 1:colcon.colcon_core.environment:create_environment_scripts_only(3t)
[5.909s] INFO:colcon.colcon_core.shell:Creating package script '/home/za1van/ros2_ws/src/install/3t/share/3t/package.ps1'
[5.910s] INFO:colcon.colcon_core.shell:Creating package descriptor '/home/za1van/ros2_ws/src/install/3t/share/3t/package.dsv'
[5.912s] INFO:colcon.colcon_core.shell:Creating package script '/home/za1van/ros2_ws/src/install/3t/share/3t/package.sh'
[5.913s] INFO:colcon.colcon_core.shell:Creating package script '/home/za1van/ros2_ws/src/install/3t/share/3t/package.bash'
[5.914s] INFO:colcon.colcon_core.shell:Creating package script '/home/za1van/ros2_ws/src/install/3t/share/3t/package.zsh'
[5.915s] Level 1:colcon.colcon_core.environment:create_file_with_runtime_dependencies(/home/za1van/ros2_ws/src/install/3t/share/colcon-core/packages/3t)
[5.930s] Level 1:colcon.colcon_core.environment:checking '/home/za1van/ros2_ws/src/install/my_service_server' for CMake module files
[5.932s] Level 1:colcon.colcon_core.environment:checking '/home/za1van/ros2_ws/src/install/my_service_server' for CMake config files
[5.933s] Level 1:colcon.colcon_core.environment:checking '/home/za1van/ros2_ws/src/install/my_service_server/lib'
[5.934s] Level 1:colcon.colcon_core.environment:checking '/home/za1van/ros2_ws/src/install/my_service_server/bin'
[5.934s] Level 1:colcon.colcon_core.environment:checking '/home/za1van/ros2_ws/src/install/my_service_server/lib/pkgconfig/my_service_server.pc'
[5.934s] Level 1:colcon.colcon_core.environment:checking '/home/za1van/ros2_ws/src/install/my_service_server/lib/python3.12/site-packages'
[5.934s] Level 1:colcon.colcon_core.shell:create_environment_hook('my_service_server', 'pythonpath')
[5.935s] INFO:colcon.colcon_core.shell:Creating environment hook '/home/za1van/ros2_ws/src/install/my_service_server/share/my_service_server/hook/pythonpath.ps1'
[5.935s] DEBUG:colcon.colcon_core.event_handler.log_command:Invoked command in '/home/za1van/ros2_ws/src/my_service_server' returned '0': DEBUGINFOD_URLS=https://debuginfod.ubuntu.com PYTHONPATH=/home/za1van/ros2_ws/src/build/my_service_server/prefix_override:/usr/lib/python3/dist-packages/colcon_core/task/python/colcon_distutils_commands:/home/za1van/ros2_ws/src/install/my_service_server/lib/python3.12/site-packages:${PYTHONPATH} /usr/bin/python3 -W ignore:setup.py install is deprecated -W ignore:easy_install command is deprecated setup.py egg_info --egg-base ../build/my_service_server build --build-base /home/za1van/ros2_ws/src/build/my_service_server/build install --record /home/za1van/ros2_ws/src/build/my_service_server/install.log --single-version-externally-managed install_data
[5.936s] INFO:colcon.colcon_core.shell:Creating environment descriptor '/home/za1van/ros2_ws/src/install/my_service_server/share/my_service_server/hook/pythonpath.dsv'
[5.937s] INFO:colcon.colcon_core.shell:Creating environment hook '/home/za1van/ros2_ws/src/install/my_service_server/share/my_service_server/hook/pythonpath.sh'
[5.938s] Level 1:colcon.colcon_core.environment:checking '/home/za1van/ros2_ws/src/install/my_service_server/bin'
[5.938s] Level 1:colcon.colcon_core.environment:create_environment_scripts_only(my_service_server)
[5.939s] INFO:colcon.colcon_core.shell:Creating package script '/home/za1van/ros2_ws/src/install/my_service_server/share/my_service_server/package.ps1'
[5.940s] INFO:colcon.colcon_core.shell:Creating package descriptor '/home/za1van/ros2_ws/src/install/my_service_server/share/my_service_server/package.dsv'
[5.941s] INFO:colcon.colcon_core.shell:Creating package script '/home/za1van/ros2_ws/src/install/my_service_server/share/my_service_server/package.sh'
[5.942s] INFO:colcon.colcon_core.shell:Creating package script '/home/za1van/ros2_ws/src/install/my_service_server/share/my_service_server/package.bash'
[5.947s] INFO:colcon.colcon_core.shell:Creating package script '/home/za1van/ros2_ws/src/install/my_service_server/share/my_service_server/package.zsh'
[5.947s] Level 1:colcon.colcon_core.environment:create_file_with_runtime_dependencies(/home/za1van/ros2_ws/src/install/my_service_server/share/colcon-core/packages/my_service_server)
[6.461s] Level 1:colcon.colcon_core.environment:checking '/home/za1van/ros2_ws/src/install/my_service_client' for CMake module files
[6.463s] DEBUG:colcon.colcon_core.event_handler.log_command:Invoked command in '/home/za1van/ros2_ws/src/my_service_client' returned '0': AMENT_PREFIX_PATH=/home/za1van/ros2_ws/src/install/my_service_interfaces:${AMENT_PREFIX_PATH} CMAKE_PREFIX_PATH=/home/za1van/ros2_ws/src/install/my_service_interfaces:${CMAKE_PREFIX_PATH} DEBUGINFOD_URLS=https://debuginfod.ubuntu.com LD_LIBRARY_PATH=/home/za1van/ros2_ws/src/install/my_service_interfaces/lib:${LD_LIBRARY_PATH} PYTHONPATH=/home/za1van/ros2_ws/src/build/my_service_client/prefix_override:/usr/lib/python3/dist-packages/colcon_core/task/python/colcon_distutils_commands:/home/za1van/ros2_ws/src/install/my_service_client/lib/python3.12/site-packages:/home/za1van/ros2_ws/src/install/my_service_interfaces/lib/python3.12/site-packages:${PYTHONPATH} /usr/bin/python3 -W ignore:setup.py install is deprecated -W ignore:easy_install command is deprecated setup.py egg_info --egg-base ../build/my_service_client build --build-base /home/za1van/ros2_ws/src/build/my_service_client/build install --record /home/za1van/ros2_ws/src/build/my_service_client/install.log --single-version-externally-managed install_data
[6.463s] Level 1:colcon.colcon_core.environment:checking '/home/za1van/ros2_ws/src/install/my_service_client' for CMake config files
[6.464s] Level 1:colcon.colcon_core.environment:checking '/home/za1van/ros2_ws/src/install/my_service_client/lib'
[6.464s] Level 1:colcon.colcon_core.environment:checking '/home/za1van/ros2_ws/src/install/my_service_client/bin'
[6.464s] Level 1:colcon.colcon_core.environment:checking '/home/za1van/ros2_ws/src/install/my_service_client/lib/pkgconfig/my_service_client.pc'
[6.465s] Level 1:colcon.colcon_core.environment:checking '/home/za1van/ros2_ws/src/install/my_service_client/lib/python3.12/site-packages'
[6.465s] Level 1:colcon.colcon_core.shell:create_environment_hook('my_service_client', 'pythonpath')
[6.466s] INFO:colcon.colcon_core.shell:Creating environment hook '/home/za1van/ros2_ws/src/install/my_service_client/share/my_service_client/hook/pythonpath.ps1'
[6.466s] INFO:colcon.colcon_core.shell:Creating environment descriptor '/home/za1van/ros2_ws/src/install/my_service_client/share/my_service_client/hook/pythonpath.dsv'
[6.467s] INFO:colcon.colcon_core.shell:Creating environment hook '/home/za1van/ros2_ws/src/install/my_service_client/share/my_service_client/hook/pythonpath.sh'
[6.468s] Level 1:colcon.colcon_core.environment:checking '/home/za1van/ros2_ws/src/install/my_service_client/bin'
[6.469s] Level 1:colcon.colcon_core.environment:create_environment_scripts_only(my_service_client)
[6.469s] INFO:colcon.colcon_core.shell:Creating package script '/home/za1van/ros2_ws/src/install/my_service_client/share/my_service_client/package.ps1'
[6.470s] INFO:colcon.colcon_core.shell:Creating package descriptor '/home/za1van/ros2_ws/src/install/my_service_client/share/my_service_client/package.dsv'
[6.471s] INFO:colcon.colcon_core.shell:Creating package script '/home/za1van/ros2_ws/src/install/my_service_client/share/my_service_client/package.sh'
[6.471s] INFO:colcon.colcon_core.shell:Creating package script '/home/za1van/ros2_ws/src/install/my_service_client/share/my_service_client/package.bash'
[6.472s] INFO:colcon.colcon_core.shell:Creating package script '/home/za1van/ros2_ws/src/install/my_service_client/share/my_service_client/package.zsh'
[6.472s] Level 1:colcon.colcon_core.environment:create_file_with_runtime_dependencies(/home/za1van/ros2_ws/src/install/my_service_client/share/colcon-core/packages/my_service_client)
[6.472s] DEBUG:colcon.colcon_parallel_executor.executor.parallel:closing loop
[6.473s] DEBUG:colcon.colcon_parallel_executor.executor.parallel:loop closed
[6.473s] DEBUG:colcon.colcon_parallel_executor.executor.parallel:run_until_complete finished with '0'
[6.474s] DEBUG:colcon.colcon_core.event_reactor:joining thread
[6.484s] INFO:colcon.colcon_core.plugin_system:Skipping extension 'colcon_notification.desktop_notification.terminal_notifier': Not used on non-Darwin systems
[6.484s] INFO:colcon.colcon_core.plugin_system:Skipping extension 'colcon_notification.desktop_notification.win32': Not used on non-Windows systems
[6.484s] INFO:colcon.colcon_notification.desktop_notification:Sending desktop notification using 'notify2'
[6.491s] DEBUG:colcon.colcon_core.event_reactor:joined thread
[6.491s] INFO:colcon.colcon_core.shell:Creating prefix script '/home/za1van/ros2_ws/src/install/local_setup.ps1'
[6.492s] INFO:colcon.colcon_core.shell:Creating prefix util module '/home/za1van/ros2_ws/src/install/_local_setup_util_ps1.py'
[6.494s] INFO:colcon.colcon_core.shell:Creating prefix chain script '/home/za1van/ros2_ws/src/install/setup.ps1'
[6.496s] INFO:colcon.colcon_core.shell:Creating prefix script '/home/za1van/ros2_ws/src/install/local_setup.sh'
[6.497s] INFO:colcon.colcon_core.shell:Creating prefix util module '/home/za1van/ros2_ws/src/install/_local_setup_util_sh.py'
[6.498s] INFO:colcon.colcon_core.shell:Creating prefix chain script '/home/za1van/ros2_ws/src/install/setup.sh'
[6.499s] INFO:colcon.colcon_core.shell:Creating prefix script '/home/za1van/ros2_ws/src/install/local_setup.bash'
[6.500s] INFO:colcon.colcon_core.shell:Creating prefix chain script '/home/za1van/ros2_ws/src/install/setup.bash'
[6.502s] INFO:colcon.colcon_core.shell:Creating prefix script '/home/za1van/ros2_ws/src/install/local_setup.zsh'
[6.503s] INFO:colcon.colcon_core.shell:Creating prefix chain script '/home/za1van/ros2_ws/src/install/setup.zsh'
