[2.967s] Invoking command in '/home/za1van/ros2_ws/src/my_turtle_controller': DEBUGINFOD_URLS=https://debuginfod.ubuntu.com PYTHONPATH=/home/za1van/ros2_ws/build/my_turtle_controller/prefix_override:/usr/lib/python3/dist-packages/colcon_core/task/python/colcon_distutils_commands:/home/za1van/ros2_ws/install/my_turtle_controller/lib/python3.12/site-packages:${PYTHONPATH} /usr/bin/python3 -W ignore:setup.py install is deprecated -W ignore:easy_install command is deprecated setup.py egg_info --egg-base ../../build/my_turtle_controller build --build-base /home/za1van/ros2_ws/build/my_turtle_controller/build install --record /home/za1van/ros2_ws/build/my_turtle_controller/install.log --single-version-externally-managed install_data
[3.729s] running egg_info
[3.729s] creating ../../build/my_turtle_controller/my_turtle_controller.egg-info
[3.781s] writing ../../build/my_turtle_controller/my_turtle_controller.egg-info/PKG-INFO
[3.783s] writing dependency_links to ../../build/my_turtle_controller/my_turtle_controller.egg-info/dependency_links.txt
[3.784s] writing entry points to ../../build/my_turtle_controller/my_turtle_controller.egg-info/entry_points.txt
[3.788s] writing requirements to ../../build/my_turtle_controller/my_turtle_controller.egg-info/requires.txt
[3.788s] writing top-level names to ../../build/my_turtle_controller/my_turtle_controller.egg-info/top_level.txt
[3.788s] writing manifest file '../../build/my_turtle_controller/my_turtle_controller.egg-info/SOURCES.txt'
[3.901s] reading manifest file '../../build/my_turtle_controller/my_turtle_controller.egg-info/SOURCES.txt'
[3.904s] writing manifest file '../../build/my_turtle_controller/my_turtle_controller.egg-info/SOURCES.txt'
[3.904s] running build
[3.905s] running build_py
[3.905s] creating /home/za1van/ros2_ws/build/my_turtle_controller/build
[3.906s] creating /home/za1van/ros2_ws/build/my_turtle_controller/build/lib
[3.906s] creating /home/za1van/ros2_ws/build/my_turtle_controller/build/lib/my_turtle_controller
[3.906s] copying my_turtle_controller/turtle_mover.py -> /home/za1van/ros2_ws/build/my_turtle_controller/build/lib/my_turtle_controller
[3.906s] copying my_turtle_controller/turtle_figure8.py -> /home/za1van/ros2_ws/build/my_turtle_controller/build/lib/my_turtle_controller
[3.907s] copying my_turtle_controller/turtle_pose_follower.py -> /home/za1van/ros2_ws/build/my_turtle_controller/build/lib/my_turtle_controller
[3.907s] copying my_turtle_controller/__init__.py -> /home/za1van/ros2_ws/build/my_turtle_controller/build/lib/my_turtle_controller
[3.908s] copying my_turtle_controller/follower_spawner.py -> /home/za1van/ros2_ws/build/my_turtle_controller/build/lib/my_turtle_controller
[3.908s] running install
[3.925s] running install_lib
[3.984s] creating /home/za1van/ros2_ws/install/my_turtle_controller/lib/python3.12/site-packages/my_turtle_controller
[3.984s] copying /home/za1van/ros2_ws/build/my_turtle_controller/build/lib/my_turtle_controller/turtle_mover.py -> /home/za1van/ros2_ws/install/my_turtle_controller/lib/python3.12/site-packages/my_turtle_controller
[3.984s] copying /home/za1van/ros2_ws/build/my_turtle_controller/build/lib/my_turtle_controller/turtle_figure8.py -> /home/za1van/ros2_ws/install/my_turtle_controller/lib/python3.12/site-packages/my_turtle_controller
[3.986s] copying /home/za1van/ros2_ws/build/my_turtle_controller/build/lib/my_turtle_controller/turtle_pose_follower.py -> /home/za1van/ros2_ws/install/my_turtle_controller/lib/python3.12/site-packages/my_turtle_controller
[3.987s] copying /home/za1van/ros2_ws/build/my_turtle_controller/build/lib/my_turtle_controller/__init__.py -> /home/za1van/ros2_ws/install/my_turtle_controller/lib/python3.12/site-packages/my_turtle_controller
[3.989s] copying /home/za1van/ros2_ws/build/my_turtle_controller/build/lib/my_turtle_controller/follower_spawner.py -> /home/za1van/ros2_ws/install/my_turtle_controller/lib/python3.12/site-packages/my_turtle_controller
[3.990s] byte-compiling /home/za1van/ros2_ws/install/my_turtle_controller/lib/python3.12/site-packages/my_turtle_controller/turtle_mover.py to turtle_mover.cpython-312.pyc
[3.991s] byte-compiling /home/za1van/ros2_ws/install/my_turtle_controller/lib/python3.12/site-packages/my_turtle_controller/turtle_figure8.py to turtle_figure8.cpython-312.pyc
[3.993s] byte-compiling /home/za1van/ros2_ws/install/my_turtle_controller/lib/python3.12/site-packages/my_turtle_controller/turtle_pose_follower.py to turtle_pose_follower.cpython-312.pyc
[3.997s] byte-compiling /home/za1van/ros2_ws/install/my_turtle_controller/lib/python3.12/site-packages/my_turtle_controller/__init__.py to __init__.cpython-312.pyc
[3.997s] byte-compiling /home/za1van/ros2_ws/install/my_turtle_controller/lib/python3.12/site-packages/my_turtle_controller/follower_spawner.py to follower_spawner.cpython-312.pyc
[3.998s] running install_data
[3.998s] creating /home/za1van/ros2_ws/install/my_turtle_controller/share/ament_index
[3.998s] creating /home/za1van/ros2_ws/install/my_turtle_controller/share/ament_index/resource_index
[3.999s] creating /home/za1van/ros2_ws/install/my_turtle_controller/share/ament_index/resource_index/packages
[3.999s] copying resource/my_turtle_controller -> /home/za1van/ros2_ws/install/my_turtle_controller/share/ament_index/resource_index/packages
[3.999s] copying package.xml -> /home/za1van/ros2_ws/install/my_turtle_controller/share/my_turtle_controller
[3.999s] running install_egg_info
[4.066s] Copying ../../build/my_turtle_controller/my_turtle_controller.egg-info to /home/za1van/ros2_ws/install/my_turtle_controller/lib/python3.12/site-packages/my_turtle_controller-0.0.0-py3.12.egg-info
[4.073s] running install_scripts
[4.457s] Installing turtle_figure8 script to /home/za1van/ros2_ws/install/my_turtle_controller/lib/my_turtle_controller
[4.458s] Installing turtle_follower_spawner script to /home/za1van/ros2_ws/install/my_turtle_controller/lib/my_turtle_controller
[4.459s] Installing turtle_mover script to /home/za1van/ros2_ws/install/my_turtle_controller/lib/my_turtle_controller
[4.460s] Installing turtle_pose_follower script to /home/za1van/ros2_ws/install/my_turtle_controller/lib/my_turtle_controller
[4.460s] writing list of installed files to '/home/za1van/ros2_ws/build/my_turtle_controller/install.log'
[4.515s] Invoked command in '/home/za1van/ros2_ws/src/my_turtle_controller' returned '0': DEBUGINFOD_URLS=https://debuginfod.ubuntu.com PYTHONPATH=/home/za1van/ros2_ws/build/my_turtle_controller/prefix_override:/usr/lib/python3/dist-packages/colcon_core/task/python/colcon_distutils_commands:/home/za1van/ros2_ws/install/my_turtle_controller/lib/python3.12/site-packages:${PYTHONPATH} /usr/bin/python3 -W ignore:setup.py install is deprecated -W ignore:easy_install command is deprecated setup.py egg_info --egg-base ../../build/my_turtle_controller build --build-base /home/za1van/ros2_ws/build/my_turtle_controller/build install --record /home/za1van/ros2_ws/build/my_turtle_controller/install.log --single-version-externally-managed install_data
