[1.578s] Invoking command in '/home/za1van/ros2_ws/src/my_service_client': AMENT_PREFIX_PATH=/home/za1van/ros2_ws/install/my_service_interfaces:${AMENT_PREFIX_PATH} CMAKE_PREFIX_PATH=/home/za1van/ros2_ws/install/my_service_interfaces:${CMAKE_PREFIX_PATH} DEBUGINFOD_URLS=https://debuginfod.ubuntu.com LD_LIBRARY_PATH=/home/za1van/ros2_ws/install/my_service_interfaces/lib:${LD_LIBRARY_PATH} PYTHONPATH=/home/za1van/ros2_ws/build/my_service_client/prefix_override:/usr/lib/python3/dist-packages/colcon_core/task/python/colcon_distutils_commands:/home/za1van/ros2_ws/install/my_service_client/lib/python3.12/site-packages:/home/za1van/ros2_ws/install/my_service_interfaces/lib/python3.12/site-packages:${PYTHONPATH} /usr/bin/python3 -W ignore:setup.py install is deprecated -W ignore:easy_install command is deprecated setup.py egg_info --egg-base ../../build/my_service_client build --build-base /home/za1van/ros2_ws/build/my_service_client/build install --record /home/za1van/ros2_ws/build/my_service_client/install.log --single-version-externally-managed install_data
[2.103s] running egg_info
[2.146s] writing ../../build/my_service_client/my_service_client.egg-info/PKG-INFO
[2.147s] writing dependency_links to ../../build/my_service_client/my_service_client.egg-info/dependency_links.txt
[2.147s] writing entry points to ../../build/my_service_client/my_service_client.egg-info/entry_points.txt
[2.147s] writing requirements to ../../build/my_service_client/my_service_client.egg-info/requires.txt
[2.147s] writing top-level names to ../../build/my_service_client/my_service_client.egg-info/top_level.txt
[2.230s] reading manifest file '../../build/my_service_client/my_service_client.egg-info/SOURCES.txt'
[2.231s] writing manifest file '../../build/my_service_client/my_service_client.egg-info/SOURCES.txt'
[2.231s] running build
[2.231s] running build_py
[2.231s] running install
[2.243s] running install_lib
[2.283s] running install_data
[2.283s] running install_egg_info
[2.327s] removing '/home/za1van/ros2_ws/install/my_service_client/lib/python3.12/site-packages/my_service_client-0.0.0-py3.12.egg-info' (and everything under it)
[2.327s] Copying ../../build/my_service_client/my_service_client.egg-info to /home/za1van/ros2_ws/install/my_service_client/lib/python3.12/site-packages/my_service_client-0.0.0-py3.12.egg-info
[2.329s] running install_scripts
[2.586s] Installing velocity_client script to /home/za1van/ros2_ws/install/my_service_client/lib/my_service_client
[2.587s] writing list of installed files to '/home/za1van/ros2_ws/build/my_service_client/install.log'
[2.642s] Invoked command in '/home/za1van/ros2_ws/src/my_service_client' returned '0': AMENT_PREFIX_PATH=/home/za1van/ros2_ws/install/my_service_interfaces:${AMENT_PREFIX_PATH} CMAKE_PREFIX_PATH=/home/za1van/ros2_ws/install/my_service_interfaces:${CMAKE_PREFIX_PATH} DEBUGINFOD_URLS=https://debuginfod.ubuntu.com LD_LIBRARY_PATH=/home/za1van/ros2_ws/install/my_service_interfaces/lib:${LD_LIBRARY_PATH} PYTHONPATH=/home/za1van/ros2_ws/build/my_service_client/prefix_override:/usr/lib/python3/dist-packages/colcon_core/task/python/colcon_distutils_commands:/home/za1van/ros2_ws/install/my_service_client/lib/python3.12/site-packages:/home/za1van/ros2_ws/install/my_service_interfaces/lib/python3.12/site-packages:${PYTHONPATH} /usr/bin/python3 -W ignore:setup.py install is deprecated -W ignore:easy_install command is deprecated setup.py egg_info --egg-base ../../build/my_service_client build --build-base /home/za1van/ros2_ws/build/my_service_client/build install --record /home/za1van/ros2_ws/build/my_service_client/install.log --single-version-externally-managed install_data
