[0.055s] Invoking command in '/home/za1van/ros2_ws/src/build/my_service_interfaces': CMAKE_PREFIX_PATH=${CMAKE_PREFIX_PATH}:/opt/ros/jazzy DEBUGINFOD_URLS=https://debuginfod.ubuntu.com /usr/bin/cmake --build /home/za1van/ros2_ws/src/build/my_service_interfaces -- -j4 -l4
[1.285s] [  2%] Built target my_service_interfaces__rosidl_generator_type_description
[1.285s] [  2%] Built target ament_cmake_python_copy_my_service_interfaces
[1.285s] [  5%] Built target my_service_interfaces__cpp
[1.285s] [ 20%] Built target my_service_interfaces__rosidl_generator_c
[1.286s] [ 29%] Built target my_service_interfaces__rosidl_typesupport_introspection_c
[1.286s] [ 38%] Built target my_service_interfaces__rosidl_typesupport_c
[1.286s] [ 47%] Built target my_service_interfaces__rosidl_typesupport_fastrtps_c
[1.286s] [ 55%] Built target my_service_interfaces__rosidl_typesupport_fastrtps_cpp
[1.286s] [ 64%] Built target my_service_interfaces__rosidl_typesupport_introspection_cpp
[1.286s] [ 73%] Built target my_service_interfaces__rosidl_typesupport_cpp
[1.287s] [ 73%] Built target my_service_interfaces
[1.287s] [ 76%] Built target my_service_interfaces__py
[1.287s] [ 82%] Built target my_service_interfaces__rosidl_generator_py
[1.287s] [ 88%] Built target my_service_interfaces_s__rosidl_typesupport_fastrtps_c
[1.287s] [ 94%] Built target my_service_interfaces_s__rosidl_typesupport_c
[1.287s] [100%] Built target my_service_interfaces_s__rosidl_typesupport_introspection_c
[1.289s] running egg_info
[1.290s] writing my_service_interfaces.egg-info/PKG-INFO
[1.290s] writing dependency_links to my_service_interfaces.egg-info/dependency_links.txt
[1.290s] writing top-level names to my_service_interfaces.egg-info/top_level.txt
[1.290s] reading manifest file 'my_service_interfaces.egg-info/SOURCES.txt'
[1.290s] writing manifest file 'my_service_interfaces.egg-info/SOURCES.txt'
[1.291s] [100%] Built target ament_cmake_python_build_my_service_interfaces_egg
[1.291s] Invoked command in '/home/za1van/ros2_ws/src/build/my_service_interfaces' returned '0': CMAKE_PREFIX_PATH=${CMAKE_PREFIX_PATH}:/opt/ros/jazzy DEBUGINFOD_URLS=https://debuginfod.ubuntu.com /usr/bin/cmake --build /home/za1van/ros2_ws/src/build/my_service_interfaces -- -j4 -l4
[1.299s] Invoking command in '/home/za1van/ros2_ws/src/build/my_service_interfaces': CMAKE_PREFIX_PATH=${CMAKE_PREFIX_PATH}:/opt/ros/jazzy DEBUGINFOD_URLS=https://debuginfod.ubuntu.com /usr/bin/cmake --install /home/za1van/ros2_ws/src/build/my_service_interfaces
[1.692s] -- Install configuration: ""
[1.692s] -- Up-to-date: /home/za1van/ros2_ws/src/install/my_service_interfaces/share/ament_index/resource_index/rosidl_interfaces/my_service_interfaces
[1.692s] -- Up-to-date: /home/za1van/ros2_ws/src/install/my_service_interfaces/share/my_service_interfaces/srv/SetVelocity.json
[1.692s] -- Up-to-date: /home/za1van/ros2_ws/src/install/my_service_interfaces/include/my_service_interfaces/my_service_interfaces
[1.692s] -- Up-to-date: /home/za1van/ros2_ws/src/install/my_service_interfaces/include/my_service_interfaces/my_service_interfaces/srv
[1.693s] -- Up-to-date: /home/za1van/ros2_ws/src/install/my_service_interfaces/include/my_service_interfaces/my_service_interfaces/srv/detail
[1.693s] -- Up-to-date: /home/za1van/ros2_ws/src/install/my_service_interfaces/include/my_service_interfaces/my_service_interfaces/srv/detail/set_velocity__type_support.c
[1.693s] -- Up-to-date: /home/za1van/ros2_ws/src/install/my_service_interfaces/include/my_service_interfaces/my_service_interfaces/srv/detail/set_velocity__struct.h
[1.693s] -- Up-to-date: /home/za1van/ros2_ws/src/install/my_service_interfaces/include/my_service_interfaces/my_service_interfaces/srv/detail/set_velocity__functions.h
[1.693s] -- Up-to-date: /home/za1van/ros2_ws/src/install/my_service_interfaces/include/my_service_interfaces/my_service_interfaces/srv/detail/set_velocity__type_support.h
[1.694s] -- Up-to-date: /home/za1van/ros2_ws/src/install/my_service_interfaces/include/my_service_interfaces/my_service_interfaces/srv/detail/set_velocity__functions.c
[1.694s] -- Up-to-date: /home/za1van/ros2_ws/src/install/my_service_interfaces/include/my_service_interfaces/my_service_interfaces/srv/detail/set_velocity__description.c
[1.695s] -- Up-to-date: /home/za1van/ros2_ws/src/install/my_service_interfaces/include/my_service_interfaces/my_service_interfaces/srv/set_velocity.h
[1.696s] -- Up-to-date: /home/za1van/ros2_ws/src/install/my_service_interfaces/include/my_service_interfaces/my_service_interfaces/msg
[1.696s] -- Up-to-date: /home/za1van/ros2_ws/src/install/my_service_interfaces/include/my_service_interfaces/my_service_interfaces/msg/rosidl_generator_c__visibility_control.h
[1.697s] -- Up-to-date: /home/za1van/ros2_ws/src/install/my_service_interfaces/share/my_service_interfaces/environment/library_path.sh
[1.697s] -- Up-to-date: /home/za1van/ros2_ws/src/install/my_service_interfaces/share/my_service_interfaces/environment/library_path.dsv
[1.698s] -- Up-to-date: /home/za1van/ros2_ws/src/install/my_service_interfaces/lib/libmy_service_interfaces__rosidl_generator_c.so
[1.699s] -- Up-to-date: /home/za1van/ros2_ws/src/install/my_service_interfaces/include/my_service_interfaces/my_service_interfaces
[1.700s] -- Up-to-date: /home/za1van/ros2_ws/src/install/my_service_interfaces/include/my_service_interfaces/my_service_interfaces/srv
[1.700s] -- Up-to-date: /home/za1van/ros2_ws/src/install/my_service_interfaces/include/my_service_interfaces/my_service_interfaces/srv/detail
[1.702s] -- Up-to-date: /home/za1van/ros2_ws/src/install/my_service_interfaces/include/my_service_interfaces/my_service_interfaces/srv/detail/set_velocity__rosidl_typesupport_fastrtps_c.h
[1.702s] -- Up-to-date: /home/za1van/ros2_ws/src/install/my_service_interfaces/include/my_service_interfaces/my_service_interfaces/msg
[1.702s] -- Up-to-date: /home/za1van/ros2_ws/src/install/my_service_interfaces/include/my_service_interfaces/my_service_interfaces/msg/rosidl_typesupport_fastrtps_c__visibility_control.h
[1.702s] -- Up-to-date: /home/za1van/ros2_ws/src/install/my_service_interfaces/lib/libmy_service_interfaces__rosidl_typesupport_fastrtps_c.so
[1.702s] -- Up-to-date: /home/za1van/ros2_ws/src/install/my_service_interfaces/include/my_service_interfaces/my_service_interfaces
[1.703s] -- Up-to-date: /home/za1van/ros2_ws/src/install/my_service_interfaces/include/my_service_interfaces/my_service_interfaces/srv
[1.703s] -- Up-to-date: /home/za1van/ros2_ws/src/install/my_service_interfaces/include/my_service_interfaces/my_service_interfaces/srv/detail
[1.703s] -- Up-to-date: /home/za1van/ros2_ws/src/install/my_service_interfaces/include/my_service_interfaces/my_service_interfaces/srv/detail/set_velocity__type_support.c
[1.703s] -- Up-to-date: /home/za1van/ros2_ws/src/install/my_service_interfaces/include/my_service_interfaces/my_service_interfaces/srv/detail/set_velocity__rosidl_typesupport_introspection_c.h
[1.703s] -- Up-to-date: /home/za1van/ros2_ws/src/install/my_service_interfaces/include/my_service_interfaces/my_service_interfaces/msg
[1.704s] -- Up-to-date: /home/za1van/ros2_ws/src/install/my_service_interfaces/include/my_service_interfaces/my_service_interfaces/msg/rosidl_typesupport_introspection_c__visibility_control.h
[1.706s] -- Up-to-date: /home/za1van/ros2_ws/src/install/my_service_interfaces/lib/libmy_service_interfaces__rosidl_typesupport_introspection_c.so
[1.706s] -- Up-to-date: /home/za1van/ros2_ws/src/install/my_service_interfaces/lib/libmy_service_interfaces__rosidl_typesupport_c.so
[1.706s] -- Up-to-date: /home/za1van/ros2_ws/src/install/my_service_interfaces/include/my_service_interfaces/my_service_interfaces
[1.706s] -- Up-to-date: /home/za1van/ros2_ws/src/install/my_service_interfaces/include/my_service_interfaces/my_service_interfaces/srv
[1.707s] -- Up-to-date: /home/za1van/ros2_ws/src/install/my_service_interfaces/include/my_service_interfaces/my_service_interfaces/srv/set_velocity.hpp
[1.707s] -- Up-to-date: /home/za1van/ros2_ws/src/install/my_service_interfaces/include/my_service_interfaces/my_service_interfaces/srv/detail
[1.707s] -- Up-to-date: /home/za1van/ros2_ws/src/install/my_service_interfaces/include/my_service_interfaces/my_service_interfaces/srv/detail/set_velocity__traits.hpp
[1.708s] -- Up-to-date: /home/za1van/ros2_ws/src/install/my_service_interfaces/include/my_service_interfaces/my_service_interfaces/srv/detail/set_velocity__builder.hpp
[1.709s] -- Up-to-date: /home/za1van/ros2_ws/src/install/my_service_interfaces/include/my_service_interfaces/my_service_interfaces/srv/detail/set_velocity__type_support.hpp
[1.709s] -- Up-to-date: /home/za1van/ros2_ws/src/install/my_service_interfaces/include/my_service_interfaces/my_service_interfaces/srv/detail/set_velocity__struct.hpp
[1.709s] -- Up-to-date: /home/za1van/ros2_ws/src/install/my_service_interfaces/include/my_service_interfaces/my_service_interfaces/msg
[1.710s] -- Up-to-date: /home/za1van/ros2_ws/src/install/my_service_interfaces/include/my_service_interfaces/my_service_interfaces/msg/rosidl_generator_cpp__visibility_control.hpp
[1.710s] -- Up-to-date: /home/za1van/ros2_ws/src/install/my_service_interfaces/include/my_service_interfaces/my_service_interfaces
[1.710s] -- Up-to-date: /home/za1van/ros2_ws/src/install/my_service_interfaces/include/my_service_interfaces/my_service_interfaces/srv
[1.710s] -- Up-to-date: /home/za1van/ros2_ws/src/install/my_service_interfaces/include/my_service_interfaces/my_service_interfaces/srv/detail
[1.710s] -- Up-to-date: /home/za1van/ros2_ws/src/install/my_service_interfaces/include/my_service_interfaces/my_service_interfaces/srv/detail/dds_fastrtps
[1.710s] -- Up-to-date: /home/za1van/ros2_ws/src/install/my_service_interfaces/include/my_service_interfaces/my_service_interfaces/srv/detail/set_velocity__rosidl_typesupport_fastrtps_cpp.hpp
[1.711s] -- Up-to-date: /home/za1van/ros2_ws/src/install/my_service_interfaces/include/my_service_interfaces/my_service_interfaces/msg
[1.711s] -- Up-to-date: /home/za1van/ros2_ws/src/install/my_service_interfaces/include/my_service_interfaces/my_service_interfaces/msg/rosidl_typesupport_fastrtps_cpp__visibility_control.h
[1.711s] -- Up-to-date: /home/za1van/ros2_ws/src/install/my_service_interfaces/lib/libmy_service_interfaces__rosidl_typesupport_fastrtps_cpp.so
[1.711s] -- Up-to-date: /home/za1van/ros2_ws/src/install/my_service_interfaces/include/my_service_interfaces/my_service_interfaces
[1.711s] -- Up-to-date: /home/za1van/ros2_ws/src/install/my_service_interfaces/include/my_service_interfaces/my_service_interfaces/srv
[1.712s] -- Up-to-date: /home/za1van/ros2_ws/src/install/my_service_interfaces/include/my_service_interfaces/my_service_interfaces/srv/detail
[1.712s] -- Up-to-date: /home/za1van/ros2_ws/src/install/my_service_interfaces/include/my_service_interfaces/my_service_interfaces/srv/detail/set_velocity__type_support.cpp
[1.715s] -- Up-to-date: /home/za1van/ros2_ws/src/install/my_service_interfaces/include/my_service_interfaces/my_service_interfaces/srv/detail/set_velocity__rosidl_typesupport_introspection_cpp.hpp
[1.715s] -- Up-to-date: /home/za1van/ros2_ws/src/install/my_service_interfaces/lib/libmy_service_interfaces__rosidl_typesupport_introspection_cpp.so
[1.715s] -- Up-to-date: /home/za1van/ros2_ws/src/install/my_service_interfaces/lib/libmy_service_interfaces__rosidl_typesupport_cpp.so
[1.715s] -- Up-to-date: /home/za1van/ros2_ws/src/install/my_service_interfaces/share/my_service_interfaces/environment/pythonpath.sh
[1.715s] -- Up-to-date: /home/za1van/ros2_ws/src/install/my_service_interfaces/share/my_service_interfaces/environment/pythonpath.dsv
[1.717s] -- Up-to-date: /home/za1van/ros2_ws/src/install/my_service_interfaces/lib/python3.12/site-packages/my_service_interfaces-0.0.0-py3.12.egg-info
[1.717s] -- Installing: /home/za1van/ros2_ws/src/install/my_service_interfaces/lib/python3.12/site-packages/my_service_interfaces-0.0.0-py3.12.egg-info/dependency_links.txt
[1.717s] -- Installing: /home/za1van/ros2_ws/src/install/my_service_interfaces/lib/python3.12/site-packages/my_service_interfaces-0.0.0-py3.12.egg-info/PKG-INFO
[1.717s] -- Installing: /home/za1van/ros2_ws/src/install/my_service_interfaces/lib/python3.12/site-packages/my_service_interfaces-0.0.0-py3.12.egg-info/top_level.txt
[1.718s] -- Installing: /home/za1van/ros2_ws/src/install/my_service_interfaces/lib/python3.12/site-packages/my_service_interfaces-0.0.0-py3.12.egg-info/SOURCES.txt
[1.719s] -- Up-to-date: /home/za1van/ros2_ws/src/install/my_service_interfaces/lib/python3.12/site-packages/my_service_interfaces
[1.719s] -- Up-to-date: /home/za1van/ros2_ws/src/install/my_service_interfaces/lib/python3.12/site-packages/my_service_interfaces/my_service_interfaces_s__rosidl_typesupport_c.so
[1.719s] -- Up-to-date: /home/za1van/ros2_ws/src/install/my_service_interfaces/lib/python3.12/site-packages/my_service_interfaces/srv
[1.720s] -- Up-to-date: /home/za1van/ros2_ws/src/install/my_service_interfaces/lib/python3.12/site-packages/my_service_interfaces/srv/_set_velocity_s.c
[1.720s] -- Up-to-date: /home/za1van/ros2_ws/src/install/my_service_interfaces/lib/python3.12/site-packages/my_service_interfaces/srv/_set_velocity.py
[1.721s] -- Up-to-date: /home/za1van/ros2_ws/src/install/my_service_interfaces/lib/python3.12/site-packages/my_service_interfaces/srv/__init__.py
[1.722s] -- Up-to-date: /home/za1van/ros2_ws/src/install/my_service_interfaces/lib/python3.12/site-packages/my_service_interfaces/my_service_interfaces_s__rosidl_typesupport_fastrtps_c.so
[1.722s] -- Up-to-date: /home/za1van/ros2_ws/src/install/my_service_interfaces/lib/python3.12/site-packages/my_service_interfaces/_my_service_interfaces_s.ep.rosidl_typesupport_introspection_c.c
[1.722s] -- Up-to-date: /home/za1van/ros2_ws/src/install/my_service_interfaces/lib/python3.12/site-packages/my_service_interfaces/__init__.py
[1.722s] -- Up-to-date: /home/za1van/ros2_ws/src/install/my_service_interfaces/lib/python3.12/site-packages/my_service_interfaces/my_service_interfaces_s__rosidl_typesupport_introspection_c.so
[1.725s] -- Up-to-date: /home/za1van/ros2_ws/src/install/my_service_interfaces/lib/python3.12/site-packages/my_service_interfaces/_my_service_interfaces_s.ep.rosidl_typesupport_c.c
[1.725s] -- Up-to-date: /home/za1van/ros2_ws/src/install/my_service_interfaces/lib/python3.12/site-packages/my_service_interfaces/_my_service_interfaces_s.ep.rosidl_typesupport_fastrtps_c.c
[1.725s] Listing '/home/za1van/ros2_ws/src/install/my_service_interfaces/lib/python3.12/site-packages/my_service_interfaces'...
[1.725s] Listing '/home/za1van/ros2_ws/src/install/my_service_interfaces/lib/python3.12/site-packages/my_service_interfaces/srv'...
[1.725s] -- Up-to-date: /home/za1van/ros2_ws/src/install/my_service_interfaces/lib/python3.12/site-packages/my_service_interfaces/my_service_interfaces_s__rosidl_typesupport_fastrtps_c.so
[1.726s] -- Up-to-date: /home/za1van/ros2_ws/src/install/my_service_interfaces/lib/python3.12/site-packages/my_service_interfaces/my_service_interfaces_s__rosidl_typesupport_introspection_c.so
[1.726s] -- Up-to-date: /home/za1van/ros2_ws/src/install/my_service_interfaces/lib/python3.12/site-packages/my_service_interfaces/my_service_interfaces_s__rosidl_typesupport_c.so
[1.727s] -- Up-to-date: /home/za1van/ros2_ws/src/install/my_service_interfaces/lib/libmy_service_interfaces__rosidl_generator_py.so
[1.728s] -- Up-to-date: /home/za1van/ros2_ws/src/install/my_service_interfaces/share/my_service_interfaces/srv/SetVelocity.idl
[1.728s] -- Up-to-date: /home/za1van/ros2_ws/src/install/my_service_interfaces/share/my_service_interfaces/srv/SetVelocity.srv
[1.728s] -- Up-to-date: /home/za1van/ros2_ws/src/install/my_service_interfaces/share/ament_index/resource_index/package_run_dependencies/my_service_interfaces
[1.728s] -- Up-to-date: /home/za1van/ros2_ws/src/install/my_service_interfaces/share/ament_index/resource_index/parent_prefix_path/my_service_interfaces
[1.730s] -- Up-to-date: /home/za1van/ros2_ws/src/install/my_service_interfaces/share/my_service_interfaces/environment/ament_prefix_path.sh
[1.730s] -- Up-to-date: /home/za1van/ros2_ws/src/install/my_service_interfaces/share/my_service_interfaces/environment/ament_prefix_path.dsv
[1.730s] -- Up-to-date: /home/za1van/ros2_ws/src/install/my_service_interfaces/share/my_service_interfaces/environment/path.sh
[1.730s] -- Up-to-date: /home/za1van/ros2_ws/src/install/my_service_interfaces/share/my_service_interfaces/environment/path.dsv
[1.731s] -- Up-to-date: /home/za1van/ros2_ws/src/install/my_service_interfaces/share/my_service_interfaces/local_setup.bash
[1.731s] -- Up-to-date: /home/za1van/ros2_ws/src/install/my_service_interfaces/share/my_service_interfaces/local_setup.sh
[1.732s] -- Up-to-date: /home/za1van/ros2_ws/src/install/my_service_interfaces/share/my_service_interfaces/local_setup.zsh
[1.732s] -- Up-to-date: /home/za1van/ros2_ws/src/install/my_service_interfaces/share/my_service_interfaces/local_setup.dsv
[1.733s] -- Installing: /home/za1van/ros2_ws/src/install/my_service_interfaces/share/my_service_interfaces/package.dsv
[1.733s] -- Up-to-date: /home/za1van/ros2_ws/src/install/my_service_interfaces/share/ament_index/resource_index/packages/my_service_interfaces
[1.733s] -- Up-to-date: /home/za1van/ros2_ws/src/install/my_service_interfaces/share/my_service_interfaces/cmake/export_my_service_interfaces__rosidl_generator_cExport.cmake
[1.733s] -- Up-to-date: /home/za1van/ros2_ws/src/install/my_service_interfaces/share/my_service_interfaces/cmake/export_my_service_interfaces__rosidl_generator_cExport-noconfig.cmake
[1.735s] -- Up-to-date: /home/za1van/ros2_ws/src/install/my_service_interfaces/share/my_service_interfaces/cmake/export_my_service_interfaces__rosidl_typesupport_fastrtps_cExport.cmake
[1.735s] -- Up-to-date: /home/za1van/ros2_ws/src/install/my_service_interfaces/share/my_service_interfaces/cmake/export_my_service_interfaces__rosidl_typesupport_fastrtps_cExport-noconfig.cmake
[1.736s] -- Up-to-date: /home/za1van/ros2_ws/src/install/my_service_interfaces/share/my_service_interfaces/cmake/my_service_interfaces__rosidl_typesupport_introspection_cExport.cmake
[1.737s] -- Up-to-date: /home/za1van/ros2_ws/src/install/my_service_interfaces/share/my_service_interfaces/cmake/my_service_interfaces__rosidl_typesupport_introspection_cExport-noconfig.cmake
[1.737s] -- Up-to-date: /home/za1van/ros2_ws/src/install/my_service_interfaces/share/my_service_interfaces/cmake/my_service_interfaces__rosidl_typesupport_cExport.cmake
[1.737s] -- Up-to-date: /home/za1van/ros2_ws/src/install/my_service_interfaces/share/my_service_interfaces/cmake/my_service_interfaces__rosidl_typesupport_cExport-noconfig.cmake
[1.738s] -- Up-to-date: /home/za1van/ros2_ws/src/install/my_service_interfaces/share/my_service_interfaces/cmake/export_my_service_interfaces__rosidl_generator_cppExport.cmake
[1.738s] -- Up-to-date: /home/za1van/ros2_ws/src/install/my_service_interfaces/share/my_service_interfaces/cmake/export_my_service_interfaces__rosidl_typesupport_fastrtps_cppExport.cmake
[1.738s] -- Up-to-date: /home/za1van/ros2_ws/src/install/my_service_interfaces/share/my_service_interfaces/cmake/export_my_service_interfaces__rosidl_typesupport_fastrtps_cppExport-noconfig.cmake
[1.741s] -- Up-to-date: /home/za1van/ros2_ws/src/install/my_service_interfaces/share/my_service_interfaces/cmake/my_service_interfaces__rosidl_typesupport_introspection_cppExport.cmake
[1.741s] -- Up-to-date: /home/za1van/ros2_ws/src/install/my_service_interfaces/share/my_service_interfaces/cmake/my_service_interfaces__rosidl_typesupport_introspection_cppExport-noconfig.cmake
[1.741s] -- Up-to-date: /home/za1van/ros2_ws/src/install/my_service_interfaces/share/my_service_interfaces/cmake/my_service_interfaces__rosidl_typesupport_cppExport.cmake
[1.741s] -- Up-to-date: /home/za1van/ros2_ws/src/install/my_service_interfaces/share/my_service_interfaces/cmake/my_service_interfaces__rosidl_typesupport_cppExport-noconfig.cmake
[1.741s] -- Up-to-date: /home/za1van/ros2_ws/src/install/my_service_interfaces/share/my_service_interfaces/cmake/export_my_service_interfaces__rosidl_generator_pyExport.cmake
[1.743s] -- Up-to-date: /home/za1van/ros2_ws/src/install/my_service_interfaces/share/my_service_interfaces/cmake/export_my_service_interfaces__rosidl_generator_pyExport-noconfig.cmake
[1.743s] -- Up-to-date: /home/za1van/ros2_ws/src/install/my_service_interfaces/share/my_service_interfaces/cmake/rosidl_cmake-extras.cmake
[1.743s] -- Up-to-date: /home/za1van/ros2_ws/src/install/my_service_interfaces/share/my_service_interfaces/cmake/ament_cmake_export_dependencies-extras.cmake
[1.744s] -- Up-to-date: /home/za1van/ros2_ws/src/install/my_service_interfaces/share/my_service_interfaces/cmake/ament_cmake_export_include_directories-extras.cmake
[1.745s] -- Up-to-date: /home/za1van/ros2_ws/src/install/my_service_interfaces/share/my_service_interfaces/cmake/ament_cmake_export_libraries-extras.cmake
[1.746s] -- Up-to-date: /home/za1van/ros2_ws/src/install/my_service_interfaces/share/my_service_interfaces/cmake/ament_cmake_export_targets-extras.cmake
[1.746s] -- Up-to-date: /home/za1van/ros2_ws/src/install/my_service_interfaces/share/my_service_interfaces/cmake/rosidl_cmake_export_typesupport_targets-extras.cmake
[1.746s] -- Up-to-date: /home/za1van/ros2_ws/src/install/my_service_interfaces/share/my_service_interfaces/cmake/rosidl_cmake_export_typesupport_libraries-extras.cmake
[1.746s] -- Up-to-date: /home/za1van/ros2_ws/src/install/my_service_interfaces/share/my_service_interfaces/cmake/my_service_interfacesConfig.cmake
[1.748s] -- Up-to-date: /home/za1van/ros2_ws/src/install/my_service_interfaces/share/my_service_interfaces/cmake/my_service_interfacesConfig-version.cmake
[1.748s] -- Up-to-date: /home/za1van/ros2_ws/src/install/my_service_interfaces/share/my_service_interfaces/package.xml
[1.750s] Invoked command in '/home/za1van/ros2_ws/src/build/my_service_interfaces' returned '0': CMAKE_PREFIX_PATH=${CMAKE_PREFIX_PATH}:/opt/ros/jazzy DEBUGINFOD_URLS=https://debuginfod.ubuntu.com /usr/bin/cmake --install /home/za1van/ros2_ws/src/build/my_service_interfaces
