/home/za1van/.local/lib/python3.12/site-packages/setuptools/_distutils/dist.py:289: UserWarning: Unknown distribution option: 'tests_require'
  warnings.warn(msg)
running egg_info
creating ../../build/3t/3t.egg-info
writing ../../build/3t/3t.egg-info/PKG-INFO
writing dependency_links to ../../build/3t/3t.egg-info/dependency_links.txt
writing entry points to ../../build/3t/3t.egg-info/entry_points.txt
writing requirements to ../../build/3t/3t.egg-info/requires.txt
writing top-level names to ../../build/3t/3t.egg-info/top_level.txt
writing manifest file '../../build/3t/3t.egg-info/SOURCES.txt'
reading manifest file '../../build/3t/3t.egg-info/SOURCES.txt'
writing manifest file '../../build/3t/3t.egg-info/SOURCES.txt'
running build
running build_py
creating /home/za1van/ros2_ws/build/3t/build/lib/3t
copying 3t/sled.py -> /home/za1van/ros2_ws/build/3t/build/lib/3t
copying 3t/__init__.py -> /home/za1van/ros2_ws/build/3t/build/lib/3t
running install
running install_lib
creating /home/za1van/ros2_ws/install/3t/lib/python3.12/site-packages/3t
copying /home/za1van/ros2_ws/build/3t/build/lib/3t/sled.py -> /home/za1van/ros2_ws/install/3t/lib/python3.12/site-packages/3t
copying /home/za1van/ros2_ws/build/3t/build/lib/3t/__init__.py -> /home/za1van/ros2_ws/install/3t/lib/python3.12/site-packages/3t
byte-compiling /home/za1van/ros2_ws/install/3t/lib/python3.12/site-packages/3t/sled.py to sled.cpython-312.pyc
byte-compiling /home/za1van/ros2_ws/install/3t/lib/python3.12/site-packages/3t/__init__.py to __init__.cpython-312.pyc
running install_data
creating /home/za1van/ros2_ws/install/3t/share/ament_index/resource_index/packages
copying resource/3t -> /home/za1van/ros2_ws/install/3t/share/ament_index/resource_index/packages
copying package.xml -> /home/za1van/ros2_ws/install/3t/share/3t
running install_egg_info
Copying ../../build/3t/3t.egg-info to /home/za1van/ros2_ws/install/3t/lib/python3.12/site-packages/3t-0.0.0-py3.12.egg-info
running install_scripts
Installing sled script to /home/za1van/ros2_ws/install/3t/lib/3t
writing list of installed files to '/home/za1van/ros2_ws/build/3t/install.log'
