[3.141s] Invoking command in '/home/za1van/ros2_ws/src/3t': DEBUGINFOD_URLS=https://debuginfod.ubuntu.com PYTHONPATH=/home/za1van/ros2_ws/build/3t/prefix_override:/usr/lib/python3/dist-packages/colcon_core/task/python/colcon_distutils_commands:/home/za1van/ros2_ws/install/3t/lib/python3.12/site-packages:${PYTHONPATH} /usr/bin/python3 -W ignore:setup.py install is deprecated -W ignore:easy_install command is deprecated setup.py egg_info --egg-base ../../build/3t build --build-base /home/za1van/ros2_ws/build/3t/build install --record /home/za1van/ros2_ws/build/3t/install.log --single-version-externally-managed install_data
[3.824s] /home/za1van/.local/lib/python3.12/site-packages/setuptools/_distutils/dist.py:289: UserWarning: Unknown distribution option: 'tests_require'
[3.825s]   warnings.warn(msg)
[4.411s] running egg_info
[4.526s] creating ../../build/3t/3t.egg-info
[4.528s] writing ../../build/3t/3t.egg-info/PKG-INFO
[4.533s] writing dependency_links to ../../build/3t/3t.egg-info/dependency_links.txt
[4.535s] writing entry points to ../../build/3t/3t.egg-info/entry_points.txt
[4.538s] writing requirements to ../../build/3t/3t.egg-info/requires.txt
[4.539s] writing top-level names to ../../build/3t/3t.egg-info/top_level.txt
[4.541s] writing manifest file '../../build/3t/3t.egg-info/SOURCES.txt'
[4.785s] reading manifest file '../../build/3t/3t.egg-info/SOURCES.txt'
[4.798s] writing manifest file '../../build/3t/3t.egg-info/SOURCES.txt'
[4.807s] running build
[4.808s] running build_py
[4.809s] creating /home/za1van/ros2_ws/build/3t/build/lib/3t
[4.810s] copying 3t/sled.py -> /home/za1van/ros2_ws/build/3t/build/lib/3t
[4.811s] copying 3t/__init__.py -> /home/za1van/ros2_ws/build/3t/build/lib/3t
[4.816s] running install
[4.836s] running install_lib
[5.014s] creating /home/za1van/ros2_ws/install/3t/lib/python3.12/site-packages/3t
[5.020s] copying /home/za1van/ros2_ws/build/3t/build/lib/3t/sled.py -> /home/za1van/ros2_ws/install/3t/lib/python3.12/site-packages/3t
[5.030s] copying /home/za1van/ros2_ws/build/3t/build/lib/3t/__init__.py -> /home/za1van/ros2_ws/install/3t/lib/python3.12/site-packages/3t
[5.043s] byte-compiling /home/za1van/ros2_ws/install/3t/lib/python3.12/site-packages/3t/sled.py to sled.cpython-312.pyc
[5.054s] byte-compiling /home/za1van/ros2_ws/install/3t/lib/python3.12/site-packages/3t/__init__.py to __init__.cpython-312.pyc
[5.059s] running install_data
[5.060s] creating /home/za1van/ros2_ws/install/3t/share/ament_index/resource_index/packages
[5.063s] copying resource/3t -> /home/za1van/ros2_ws/install/3t/share/ament_index/resource_index/packages
[5.067s] copying package.xml -> /home/za1van/ros2_ws/install/3t/share/3t
[5.069s] running install_egg_info
[5.173s] Copying ../../build/3t/3t.egg-info to /home/za1van/ros2_ws/install/3t/lib/python3.12/site-packages/3t-0.0.0-py3.12.egg-info
[5.207s] running install_scripts
[5.435s] Installing sled script to /home/za1van/ros2_ws/install/3t/lib/3t
[5.437s] writing list of installed files to '/home/za1van/ros2_ws/build/3t/install.log'
[5.512s] Invoked command in '/home/za1van/ros2_ws/src/3t' returned '0': DEBUGINFOD_URLS=https://debuginfod.ubuntu.com PYTHONPATH=/home/za1van/ros2_ws/build/3t/prefix_override:/usr/lib/python3/dist-packages/colcon_core/task/python/colcon_distutils_commands:/home/za1van/ros2_ws/install/3t/lib/python3.12/site-packages:${PYTHONPATH} /usr/bin/python3 -W ignore:setup.py install is deprecated -W ignore:easy_install command is deprecated setup.py egg_info --egg-base ../../build/3t build --build-base /home/za1van/ros2_ws/build/3t/build install --record /home/za1van/ros2_ws/build/3t/install.log --single-version-externally-managed install_data
