[0.031s] Invoking command in '/home/za1van/ros2_ws/src/build/turtle_dekart_control_interface': CMAKE_PREFIX_PATH=${CMAKE_PREFIX_PATH}:/home/za1van/ros2_ws/src/install/my_turtle_controller:/home/za1van/ros2_ws/src/install/my_service_server:/home/za1van/ros2_ws/src/install/my_service_client:/home/za1van/ros2_ws/src/install/3t:/home/za1van/ros2_ws/install/my_calculate_action:/home/za1van/ros2_ws/install/my_turtle_controller:/home/za1van/ros2_ws/install/my_service_server:/home/za1van/ros2_ws/install/my_service_client:/home/za1van/ros2_ws/install/my_project_start:/home/za1van/ros2_ws/install/3t:/opt/ros/jazzy DEBUGINFOD_URLS=https://debuginfod.ubuntu.com /usr/bin/cmake --build /home/za1van/ros2_ws/src/build/turtle_dekart_control_interface -- -j4 -l4
[0.122s] [  2%] Built target turtle_dekart_control_interface__rosidl_generator_type_description
[0.166s] [  2%] Built target ament_cmake_python_copy_turtle_dekart_control_interface
[0.202s] [  5%] Built target turtle_dekart_control_interface__cpp
[0.215s] [ 20%] Built target turtle_dekart_control_interface__rosidl_generator_c
[0.316s] [ 29%] Built target turtle_dekart_control_interface__rosidl_typesupport_introspection_c
[0.327s] [ 38%] Built target turtle_dekart_control_interface__rosidl_typesupport_fastrtps_cpp
[0.331s] [ 47%] Built target turtle_dekart_control_interface__rosidl_typesupport_c
[0.453s] [ 55%] Built target turtle_dekart_control_interface__rosidl_typesupport_fastrtps_c
[0.455s] [ 64%] Built target turtle_dekart_control_interface__rosidl_typesupport_cpp
[0.463s] [ 73%] Built target turtle_dekart_control_interface__rosidl_typesupport_introspection_cpp
[0.519s] [ 73%] Built target turtle_dekart_control_interface
[0.608s] [ 76%] Built target turtle_dekart_control_interface__py
[0.694s] [ 82%] Built target turtle_dekart_control_interface__rosidl_generator_py
[0.830s] [ 88%] Built target turtle_dekart_control_interface_s__rosidl_typesupport_introspection_c
[0.874s] [ 94%] Built target turtle_dekart_control_interface_s__rosidl_typesupport_fastrtps_c
[0.878s] [100%] Built target turtle_dekart_control_interface_s__rosidl_typesupport_c
[1.321s] running egg_info
[1.405s] writing turtle_dekart_control_interface.egg-info/PKG-INFO
[1.405s] writing dependency_links to turtle_dekart_control_interface.egg-info/dependency_links.txt
[1.406s] writing top-level names to turtle_dekart_control_interface.egg-info/top_level.txt
[1.642s] reading manifest file 'turtle_dekart_control_interface.egg-info/SOURCES.txt'
[1.645s] writing manifest file 'turtle_dekart_control_interface.egg-info/SOURCES.txt'
[1.712s] [100%] Built target ament_cmake_python_build_turtle_dekart_control_interface_egg
[2.157s] Invoked command in '/home/za1van/ros2_ws/src/build/turtle_dekart_control_interface' returned '0': CMAKE_PREFIX_PATH=${CMAKE_PREFIX_PATH}:/home/za1van/ros2_ws/src/install/my_turtle_controller:/home/za1van/ros2_ws/src/install/my_service_server:/home/za1van/ros2_ws/src/install/my_service_client:/home/za1van/ros2_ws/src/install/3t:/home/za1van/ros2_ws/install/my_calculate_action:/home/za1van/ros2_ws/install/my_turtle_controller:/home/za1van/ros2_ws/install/my_service_server:/home/za1van/ros2_ws/install/my_service_client:/home/za1van/ros2_ws/install/my_project_start:/home/za1van/ros2_ws/install/3t:/opt/ros/jazzy DEBUGINFOD_URLS=https://debuginfod.ubuntu.com /usr/bin/cmake --build /home/za1van/ros2_ws/src/build/turtle_dekart_control_interface -- -j4 -l4
[2.161s] Invoking command in '/home/za1van/ros2_ws/src/build/turtle_dekart_control_interface': CMAKE_PREFIX_PATH=${CMAKE_PREFIX_PATH}:/home/za1van/ros2_ws/src/install/my_turtle_controller:/home/za1van/ros2_ws/src/install/my_service_server:/home/za1van/ros2_ws/src/install/my_service_client:/home/za1van/ros2_ws/src/install/3t:/home/za1van/ros2_ws/install/my_calculate_action:/home/za1van/ros2_ws/install/my_turtle_controller:/home/za1van/ros2_ws/install/my_service_server:/home/za1van/ros2_ws/install/my_service_client:/home/za1van/ros2_ws/install/my_project_start:/home/za1van/ros2_ws/install/3t:/opt/ros/jazzy DEBUGINFOD_URLS=https://debuginfod.ubuntu.com /usr/bin/cmake --install /home/za1van/ros2_ws/src/build/turtle_dekart_control_interface
[2.177s] -- Install configuration: ""
[2.179s] -- Up-to-date: /home/za1van/ros2_ws/src/install/turtle_dekart_control_interface/share/ament_index/resource_index/rosidl_interfaces/turtle_dekart_control_interface
[2.180s] -- Up-to-date: /home/za1van/ros2_ws/src/install/turtle_dekart_control_interface/share/turtle_dekart_control_interface/msg/Numbers.json
[2.182s] -- Up-to-date: /home/za1van/ros2_ws/src/install/turtle_dekart_control_interface/include/turtle_dekart_control_interface/turtle_dekart_control_interface
[2.184s] -- Up-to-date: /home/za1van/ros2_ws/src/install/turtle_dekart_control_interface/include/turtle_dekart_control_interface/turtle_dekart_control_interface/msg
[2.186s] -- Up-to-date: /home/za1van/ros2_ws/src/install/turtle_dekart_control_interface/include/turtle_dekart_control_interface/turtle_dekart_control_interface/msg/rosidl_generator_c__visibility_control.h
[2.186s] -- Up-to-date: /home/za1van/ros2_ws/src/install/turtle_dekart_control_interface/include/turtle_dekart_control_interface/turtle_dekart_control_interface/msg/detail
[2.187s] -- Up-to-date: /home/za1van/ros2_ws/src/install/turtle_dekart_control_interface/include/turtle_dekart_control_interface/turtle_dekart_control_interface/msg/detail/numbers__functions.c
[2.187s] -- Up-to-date: /home/za1van/ros2_ws/src/install/turtle_dekart_control_interface/include/turtle_dekart_control_interface/turtle_dekart_control_interface/msg/detail/numbers__struct.h
[2.188s] -- Up-to-date: /home/za1van/ros2_ws/src/install/turtle_dekart_control_interface/include/turtle_dekart_control_interface/turtle_dekart_control_interface/msg/detail/numbers__type_support.c
[2.189s] -- Up-to-date: /home/za1van/ros2_ws/src/install/turtle_dekart_control_interface/include/turtle_dekart_control_interface/turtle_dekart_control_interface/msg/detail/numbers__description.c
[2.190s] -- Up-to-date: /home/za1van/ros2_ws/src/install/turtle_dekart_control_interface/include/turtle_dekart_control_interface/turtle_dekart_control_interface/msg/detail/numbers__type_support.h
[2.190s] -- Up-to-date: /home/za1van/ros2_ws/src/install/turtle_dekart_control_interface/include/turtle_dekart_control_interface/turtle_dekart_control_interface/msg/detail/numbers__functions.h
[2.190s] -- Up-to-date: /home/za1van/ros2_ws/src/install/turtle_dekart_control_interface/include/turtle_dekart_control_interface/turtle_dekart_control_interface/msg/numbers.h
[2.190s] -- Up-to-date: /home/za1van/ros2_ws/src/install/turtle_dekart_control_interface/share/turtle_dekart_control_interface/environment/library_path.sh
[2.190s] -- Up-to-date: /home/za1van/ros2_ws/src/install/turtle_dekart_control_interface/share/turtle_dekart_control_interface/environment/library_path.dsv
[2.191s] -- Up-to-date: /home/za1van/ros2_ws/src/install/turtle_dekart_control_interface/lib/libturtle_dekart_control_interface__rosidl_generator_c.so
[2.191s] -- Up-to-date: /home/za1van/ros2_ws/src/install/turtle_dekart_control_interface/include/turtle_dekart_control_interface/turtle_dekart_control_interface
[2.191s] -- Up-to-date: /home/za1van/ros2_ws/src/install/turtle_dekart_control_interface/include/turtle_dekart_control_interface/turtle_dekart_control_interface/msg
[2.191s] -- Up-to-date: /home/za1van/ros2_ws/src/install/turtle_dekart_control_interface/include/turtle_dekart_control_interface/turtle_dekart_control_interface/msg/rosidl_typesupport_fastrtps_c__visibility_control.h
[2.191s] -- Up-to-date: /home/za1van/ros2_ws/src/install/turtle_dekart_control_interface/include/turtle_dekart_control_interface/turtle_dekart_control_interface/msg/detail
[2.191s] -- Up-to-date: /home/za1van/ros2_ws/src/install/turtle_dekart_control_interface/include/turtle_dekart_control_interface/turtle_dekart_control_interface/msg/detail/numbers__rosidl_typesupport_fastrtps_c.h
[2.192s] -- Up-to-date: /home/za1van/ros2_ws/src/install/turtle_dekart_control_interface/lib/libturtle_dekart_control_interface__rosidl_typesupport_fastrtps_c.so
[2.192s] -- Up-to-date: /home/za1van/ros2_ws/src/install/turtle_dekart_control_interface/include/turtle_dekart_control_interface/turtle_dekart_control_interface
[2.192s] -- Up-to-date: /home/za1van/ros2_ws/src/install/turtle_dekart_control_interface/include/turtle_dekart_control_interface/turtle_dekart_control_interface/msg
[2.192s] -- Up-to-date: /home/za1van/ros2_ws/src/install/turtle_dekart_control_interface/include/turtle_dekart_control_interface/turtle_dekart_control_interface/msg/detail
[2.193s] -- Up-to-date: /home/za1van/ros2_ws/src/install/turtle_dekart_control_interface/include/turtle_dekart_control_interface/turtle_dekart_control_interface/msg/detail/numbers__rosidl_typesupport_introspection_c.h
[2.193s] -- Up-to-date: /home/za1van/ros2_ws/src/install/turtle_dekart_control_interface/include/turtle_dekart_control_interface/turtle_dekart_control_interface/msg/detail/numbers__type_support.c
[2.193s] -- Up-to-date: /home/za1van/ros2_ws/src/install/turtle_dekart_control_interface/include/turtle_dekart_control_interface/turtle_dekart_control_interface/msg/rosidl_typesupport_introspection_c__visibility_control.h
[2.194s] -- Up-to-date: /home/za1van/ros2_ws/src/install/turtle_dekart_control_interface/lib/libturtle_dekart_control_interface__rosidl_typesupport_introspection_c.so
[2.194s] -- Up-to-date: /home/za1van/ros2_ws/src/install/turtle_dekart_control_interface/lib/libturtle_dekart_control_interface__rosidl_typesupport_c.so
[2.194s] -- Up-to-date: /home/za1van/ros2_ws/src/install/turtle_dekart_control_interface/include/turtle_dekart_control_interface/turtle_dekart_control_interface
[2.194s] -- Up-to-date: /home/za1van/ros2_ws/src/install/turtle_dekart_control_interface/include/turtle_dekart_control_interface/turtle_dekart_control_interface/msg
[2.194s] -- Up-to-date: /home/za1van/ros2_ws/src/install/turtle_dekart_control_interface/include/turtle_dekart_control_interface/turtle_dekart_control_interface/msg/rosidl_generator_cpp__visibility_control.hpp
[2.195s] -- Up-to-date: /home/za1van/ros2_ws/src/install/turtle_dekart_control_interface/include/turtle_dekart_control_interface/turtle_dekart_control_interface/msg/numbers.hpp
[2.195s] -- Up-to-date: /home/za1van/ros2_ws/src/install/turtle_dekart_control_interface/include/turtle_dekart_control_interface/turtle_dekart_control_interface/msg/detail
[2.198s] -- Up-to-date: /home/za1van/ros2_ws/src/install/turtle_dekart_control_interface/include/turtle_dekart_control_interface/turtle_dekart_control_interface/msg/detail/numbers__struct.hpp
[2.199s] -- Up-to-date: /home/za1van/ros2_ws/src/install/turtle_dekart_control_interface/include/turtle_dekart_control_interface/turtle_dekart_control_interface/msg/detail/numbers__builder.hpp
[2.202s] -- Up-to-date: /home/za1van/ros2_ws/src/install/turtle_dekart_control_interface/include/turtle_dekart_control_interface/turtle_dekart_control_interface/msg/detail/numbers__type_support.hpp
[2.203s] -- Up-to-date: /home/za1van/ros2_ws/src/install/turtle_dekart_control_interface/include/turtle_dekart_control_interface/turtle_dekart_control_interface/msg/detail/numbers__traits.hpp
[2.203s] -- Up-to-date: /home/za1van/ros2_ws/src/install/turtle_dekart_control_interface/include/turtle_dekart_control_interface/turtle_dekart_control_interface
[2.203s] -- Up-to-date: /home/za1van/ros2_ws/src/install/turtle_dekart_control_interface/include/turtle_dekart_control_interface/turtle_dekart_control_interface/msg
[2.203s] -- Up-to-date: /home/za1van/ros2_ws/src/install/turtle_dekart_control_interface/include/turtle_dekart_control_interface/turtle_dekart_control_interface/msg/rosidl_typesupport_fastrtps_cpp__visibility_control.h
[2.203s] -- Up-to-date: /home/za1van/ros2_ws/src/install/turtle_dekart_control_interface/include/turtle_dekart_control_interface/turtle_dekart_control_interface/msg/detail
[2.203s] -- Up-to-date: /home/za1van/ros2_ws/src/install/turtle_dekart_control_interface/include/turtle_dekart_control_interface/turtle_dekart_control_interface/msg/detail/dds_fastrtps
[2.203s] -- Up-to-date: /home/za1van/ros2_ws/src/install/turtle_dekart_control_interface/include/turtle_dekart_control_interface/turtle_dekart_control_interface/msg/detail/numbers__rosidl_typesupport_fastrtps_cpp.hpp
[2.204s] -- Up-to-date: /home/za1van/ros2_ws/src/install/turtle_dekart_control_interface/lib/libturtle_dekart_control_interface__rosidl_typesupport_fastrtps_cpp.so
[2.211s] -- Up-to-date: /home/za1van/ros2_ws/src/install/turtle_dekart_control_interface/include/turtle_dekart_control_interface/turtle_dekart_control_interface
[2.211s] -- Up-to-date: /home/za1van/ros2_ws/src/install/turtle_dekart_control_interface/include/turtle_dekart_control_interface/turtle_dekart_control_interface/msg
[2.211s] -- Up-to-date: /home/za1van/ros2_ws/src/install/turtle_dekart_control_interface/include/turtle_dekart_control_interface/turtle_dekart_control_interface/msg/detail
[2.212s] -- Up-to-date: /home/za1van/ros2_ws/src/install/turtle_dekart_control_interface/include/turtle_dekart_control_interface/turtle_dekart_control_interface/msg/detail/numbers__rosidl_typesupport_introspection_cpp.hpp
[2.212s] -- Up-to-date: /home/za1van/ros2_ws/src/install/turtle_dekart_control_interface/include/turtle_dekart_control_interface/turtle_dekart_control_interface/msg/detail/numbers__type_support.cpp
[2.212s] -- Up-to-date: /home/za1van/ros2_ws/src/install/turtle_dekart_control_interface/lib/libturtle_dekart_control_interface__rosidl_typesupport_introspection_cpp.so
[2.212s] -- Up-to-date: /home/za1van/ros2_ws/src/install/turtle_dekart_control_interface/lib/libturtle_dekart_control_interface__rosidl_typesupport_cpp.so
[2.212s] -- Up-to-date: /home/za1van/ros2_ws/src/install/turtle_dekart_control_interface/share/turtle_dekart_control_interface/environment/pythonpath.sh
[2.213s] -- Up-to-date: /home/za1van/ros2_ws/src/install/turtle_dekart_control_interface/share/turtle_dekart_control_interface/environment/pythonpath.dsv
[2.213s] -- Up-to-date: /home/za1van/ros2_ws/src/install/turtle_dekart_control_interface/lib/python3.12/site-packages/turtle_dekart_control_interface-0.0.0-py3.12.egg-info
[2.215s] -- Installing: /home/za1van/ros2_ws/src/install/turtle_dekart_control_interface/lib/python3.12/site-packages/turtle_dekart_control_interface-0.0.0-py3.12.egg-info/dependency_links.txt
[2.215s] -- Installing: /home/za1van/ros2_ws/src/install/turtle_dekart_control_interface/lib/python3.12/site-packages/turtle_dekart_control_interface-0.0.0-py3.12.egg-info/PKG-INFO
[2.215s] -- Installing: /home/za1van/ros2_ws/src/install/turtle_dekart_control_interface/lib/python3.12/site-packages/turtle_dekart_control_interface-0.0.0-py3.12.egg-info/top_level.txt
[2.215s] -- Installing: /home/za1van/ros2_ws/src/install/turtle_dekart_control_interface/lib/python3.12/site-packages/turtle_dekart_control_interface-0.0.0-py3.12.egg-info/SOURCES.txt
[2.215s] -- Up-to-date: /home/za1van/ros2_ws/src/install/turtle_dekart_control_interface/lib/python3.12/site-packages/turtle_dekart_control_interface
[2.216s] -- Up-to-date: /home/za1van/ros2_ws/src/install/turtle_dekart_control_interface/lib/python3.12/site-packages/turtle_dekart_control_interface/_turtle_dekart_control_interface_s.ep.rosidl_typesupport_introspection_c.c
[2.216s] -- Up-to-date: /home/za1van/ros2_ws/src/install/turtle_dekart_control_interface/lib/python3.12/site-packages/turtle_dekart_control_interface/turtle_dekart_control_interface_s__rosidl_typesupport_c.so
[2.216s] -- Up-to-date: /home/za1van/ros2_ws/src/install/turtle_dekart_control_interface/lib/python3.12/site-packages/turtle_dekart_control_interface/turtle_dekart_control_interface_s__rosidl_typesupport_introspection_c.so
[2.216s] -- Up-to-date: /home/za1van/ros2_ws/src/install/turtle_dekart_control_interface/lib/python3.12/site-packages/turtle_dekart_control_interface/__init__.py
[2.216s] -- Up-to-date: /home/za1van/ros2_ws/src/install/turtle_dekart_control_interface/lib/python3.12/site-packages/turtle_dekart_control_interface/_turtle_dekart_control_interface_s.ep.rosidl_typesupport_fastrtps_c.c
[2.217s] -- Up-to-date: /home/za1van/ros2_ws/src/install/turtle_dekart_control_interface/lib/python3.12/site-packages/turtle_dekart_control_interface/turtle_dekart_control_interface_s__rosidl_typesupport_fastrtps_c.so
[2.218s] -- Up-to-date: /home/za1van/ros2_ws/src/install/turtle_dekart_control_interface/lib/python3.12/site-packages/turtle_dekart_control_interface/msg
[2.218s] -- Up-to-date: /home/za1van/ros2_ws/src/install/turtle_dekart_control_interface/lib/python3.12/site-packages/turtle_dekart_control_interface/msg/_numbers_s.c
[2.218s] -- Up-to-date: /home/za1van/ros2_ws/src/install/turtle_dekart_control_interface/lib/python3.12/site-packages/turtle_dekart_control_interface/msg/__init__.py
[2.219s] -- Up-to-date: /home/za1van/ros2_ws/src/install/turtle_dekart_control_interface/lib/python3.12/site-packages/turtle_dekart_control_interface/msg/_numbers.py
[2.219s] -- Up-to-date: /home/za1van/ros2_ws/src/install/turtle_dekart_control_interface/lib/python3.12/site-packages/turtle_dekart_control_interface/_turtle_dekart_control_interface_s.ep.rosidl_typesupport_c.c
[2.324s] Listing '/home/za1van/ros2_ws/src/install/turtle_dekart_control_interface/lib/python3.12/site-packages/turtle_dekart_control_interface'...
[2.324s] Listing '/home/za1van/ros2_ws/src/install/turtle_dekart_control_interface/lib/python3.12/site-packages/turtle_dekart_control_interface/msg'...
[2.338s] -- Up-to-date: /home/za1van/ros2_ws/src/install/turtle_dekart_control_interface/lib/python3.12/site-packages/turtle_dekart_control_interface/turtle_dekart_control_interface_s__rosidl_typesupport_fastrtps_c.so
[2.339s] -- Up-to-date: /home/za1van/ros2_ws/src/install/turtle_dekart_control_interface/lib/python3.12/site-packages/turtle_dekart_control_interface/turtle_dekart_control_interface_s__rosidl_typesupport_introspection_c.so
[2.340s] -- Up-to-date: /home/za1van/ros2_ws/src/install/turtle_dekart_control_interface/lib/python3.12/site-packages/turtle_dekart_control_interface/turtle_dekart_control_interface_s__rosidl_typesupport_c.so
[2.342s] -- Up-to-date: /home/za1van/ros2_ws/src/install/turtle_dekart_control_interface/lib/libturtle_dekart_control_interface__rosidl_generator_py.so
[2.343s] -- Up-to-date: /home/za1van/ros2_ws/src/install/turtle_dekart_control_interface/share/turtle_dekart_control_interface/msg/Numbers.idl
[2.343s] -- Up-to-date: /home/za1van/ros2_ws/src/install/turtle_dekart_control_interface/share/turtle_dekart_control_interface/msg/Numbers.msg
[2.343s] -- Up-to-date: /home/za1van/ros2_ws/src/install/turtle_dekart_control_interface/share/ament_index/resource_index/package_run_dependencies/turtle_dekart_control_interface
[2.343s] -- Up-to-date: /home/za1van/ros2_ws/src/install/turtle_dekart_control_interface/share/ament_index/resource_index/parent_prefix_path/turtle_dekart_control_interface
[2.344s] -- Up-to-date: /home/za1van/ros2_ws/src/install/turtle_dekart_control_interface/share/turtle_dekart_control_interface/environment/ament_prefix_path.sh
[2.344s] -- Up-to-date: /home/za1van/ros2_ws/src/install/turtle_dekart_control_interface/share/turtle_dekart_control_interface/environment/ament_prefix_path.dsv
[2.348s] -- Up-to-date: /home/za1van/ros2_ws/src/install/turtle_dekart_control_interface/share/turtle_dekart_control_interface/environment/path.sh
[2.349s] -- Up-to-date: /home/za1van/ros2_ws/src/install/turtle_dekart_control_interface/share/turtle_dekart_control_interface/environment/path.dsv
[2.350s] -- Up-to-date: /home/za1van/ros2_ws/src/install/turtle_dekart_control_interface/share/turtle_dekart_control_interface/local_setup.bash
[2.351s] -- Up-to-date: /home/za1van/ros2_ws/src/install/turtle_dekart_control_interface/share/turtle_dekart_control_interface/local_setup.sh
[2.353s] -- Up-to-date: /home/za1van/ros2_ws/src/install/turtle_dekart_control_interface/share/turtle_dekart_control_interface/local_setup.zsh
[2.353s] -- Up-to-date: /home/za1van/ros2_ws/src/install/turtle_dekart_control_interface/share/turtle_dekart_control_interface/local_setup.dsv
[2.353s] -- Installing: /home/za1van/ros2_ws/src/install/turtle_dekart_control_interface/share/turtle_dekart_control_interface/package.dsv
[2.353s] -- Up-to-date: /home/za1van/ros2_ws/src/install/turtle_dekart_control_interface/share/ament_index/resource_index/packages/turtle_dekart_control_interface
[2.357s] -- Up-to-date: /home/za1van/ros2_ws/src/install/turtle_dekart_control_interface/share/turtle_dekart_control_interface/cmake/export_turtle_dekart_control_interface__rosidl_generator_cExport.cmake
[2.357s] -- Up-to-date: /home/za1van/ros2_ws/src/install/turtle_dekart_control_interface/share/turtle_dekart_control_interface/cmake/export_turtle_dekart_control_interface__rosidl_generator_cExport-noconfig.cmake
[2.357s] -- Up-to-date: /home/za1van/ros2_ws/src/install/turtle_dekart_control_interface/share/turtle_dekart_control_interface/cmake/export_turtle_dekart_control_interface__rosidl_typesupport_fastrtps_cExport.cmake
[2.357s] -- Up-to-date: /home/za1van/ros2_ws/src/install/turtle_dekart_control_interface/share/turtle_dekart_control_interface/cmake/export_turtle_dekart_control_interface__rosidl_typesupport_fastrtps_cExport-noconfig.cmake
[2.358s] -- Up-to-date: /home/za1van/ros2_ws/src/install/turtle_dekart_control_interface/share/turtle_dekart_control_interface/cmake/turtle_dekart_control_interface__rosidl_typesupport_introspection_cExport.cmake
[2.358s] -- Up-to-date: /home/za1van/ros2_ws/src/install/turtle_dekart_control_interface/share/turtle_dekart_control_interface/cmake/turtle_dekart_control_interface__rosidl_typesupport_introspection_cExport-noconfig.cmake
[2.358s] -- Up-to-date: /home/za1van/ros2_ws/src/install/turtle_dekart_control_interface/share/turtle_dekart_control_interface/cmake/turtle_dekart_control_interface__rosidl_typesupport_cExport.cmake
[2.358s] -- Up-to-date: /home/za1van/ros2_ws/src/install/turtle_dekart_control_interface/share/turtle_dekart_control_interface/cmake/turtle_dekart_control_interface__rosidl_typesupport_cExport-noconfig.cmake
[2.358s] -- Up-to-date: /home/za1van/ros2_ws/src/install/turtle_dekart_control_interface/share/turtle_dekart_control_interface/cmake/export_turtle_dekart_control_interface__rosidl_generator_cppExport.cmake
[2.358s] -- Up-to-date: /home/za1van/ros2_ws/src/install/turtle_dekart_control_interface/share/turtle_dekart_control_interface/cmake/export_turtle_dekart_control_interface__rosidl_typesupport_fastrtps_cppExport.cmake
[2.359s] -- Up-to-date: /home/za1van/ros2_ws/src/install/turtle_dekart_control_interface/share/turtle_dekart_control_interface/cmake/export_turtle_dekart_control_interface__rosidl_typesupport_fastrtps_cppExport-noconfig.cmake
[2.362s] -- Up-to-date: /home/za1van/ros2_ws/src/install/turtle_dekart_control_interface/share/turtle_dekart_control_interface/cmake/turtle_dekart_control_interface__rosidl_typesupport_introspection_cppExport.cmake
[2.362s] -- Up-to-date: /home/za1van/ros2_ws/src/install/turtle_dekart_control_interface/share/turtle_dekart_control_interface/cmake/turtle_dekart_control_interface__rosidl_typesupport_introspection_cppExport-noconfig.cmake
[2.362s] -- Up-to-date: /home/za1van/ros2_ws/src/install/turtle_dekart_control_interface/share/turtle_dekart_control_interface/cmake/turtle_dekart_control_interface__rosidl_typesupport_cppExport.cmake
[2.362s] -- Up-to-date: /home/za1van/ros2_ws/src/install/turtle_dekart_control_interface/share/turtle_dekart_control_interface/cmake/turtle_dekart_control_interface__rosidl_typesupport_cppExport-noconfig.cmake
[2.367s] -- Up-to-date: /home/za1van/ros2_ws/src/install/turtle_dekart_control_interface/share/turtle_dekart_control_interface/cmake/export_turtle_dekart_control_interface__rosidl_generator_pyExport.cmake
[2.368s] -- Up-to-date: /home/za1van/ros2_ws/src/install/turtle_dekart_control_interface/share/turtle_dekart_control_interface/cmake/export_turtle_dekart_control_interface__rosidl_generator_pyExport-noconfig.cmake
[2.368s] -- Up-to-date: /home/za1van/ros2_ws/src/install/turtle_dekart_control_interface/share/turtle_dekart_control_interface/cmake/rosidl_cmake-extras.cmake
[2.368s] -- Up-to-date: /home/za1van/ros2_ws/src/install/turtle_dekart_control_interface/share/turtle_dekart_control_interface/cmake/ament_cmake_export_include_directories-extras.cmake
[2.368s] -- Up-to-date: /home/za1van/ros2_ws/src/install/turtle_dekart_control_interface/share/turtle_dekart_control_interface/cmake/ament_cmake_export_libraries-extras.cmake
[2.368s] -- Up-to-date: /home/za1van/ros2_ws/src/install/turtle_dekart_control_interface/share/turtle_dekart_control_interface/cmake/ament_cmake_export_targets-extras.cmake
[2.370s] -- Up-to-date: /home/za1van/ros2_ws/src/install/turtle_dekart_control_interface/share/turtle_dekart_control_interface/cmake/rosidl_cmake_export_typesupport_targets-extras.cmake
[2.370s] -- Up-to-date: /home/za1van/ros2_ws/src/install/turtle_dekart_control_interface/share/turtle_dekart_control_interface/cmake/ament_cmake_export_dependencies-extras.cmake
[2.370s] -- Up-to-date: /home/za1van/ros2_ws/src/install/turtle_dekart_control_interface/share/turtle_dekart_control_interface/cmake/rosidl_cmake_export_typesupport_libraries-extras.cmake
[2.370s] -- Up-to-date: /home/za1van/ros2_ws/src/install/turtle_dekart_control_interface/share/turtle_dekart_control_interface/cmake/turtle_dekart_control_interfaceConfig.cmake
[2.371s] -- Up-to-date: /home/za1van/ros2_ws/src/install/turtle_dekart_control_interface/share/turtle_dekart_control_interface/cmake/turtle_dekart_control_interfaceConfig-version.cmake
[2.372s] -- Up-to-date: /home/za1van/ros2_ws/src/install/turtle_dekart_control_interface/share/turtle_dekart_control_interface/package.xml
[2.372s] Invoked command in '/home/za1van/ros2_ws/src/build/turtle_dekart_control_interface' returned '0': CMAKE_PREFIX_PATH=${CMAKE_PREFIX_PATH}:/home/za1van/ros2_ws/src/install/my_turtle_controller:/home/za1van/ros2_ws/src/install/my_service_server:/home/za1van/ros2_ws/src/install/my_service_client:/home/za1van/ros2_ws/src/install/3t:/home/za1van/ros2_ws/install/my_calculate_action:/home/za1van/ros2_ws/install/my_turtle_controller:/home/za1van/ros2_ws/install/my_service_server:/home/za1van/ros2_ws/install/my_service_client:/home/za1van/ros2_ws/install/my_project_start:/home/za1van/ros2_ws/install/3t:/opt/ros/jazzy DEBUGINFOD_URLS=https://debuginfod.ubuntu.com /usr/bin/cmake --install /home/za1van/ros2_ws/src/build/turtle_dekart_control_interface
