[0.049s] Invoking command in '/home/za1van/ros2_ws/src/build/my_custom_interface': CMAKE_PREFIX_PATH=${CMAKE_PREFIX_PATH}:/home/za1van/ros2_ws/src/install/my_turtle_controller:/home/za1van/ros2_ws/src/install/my_service_server:/home/za1van/ros2_ws/src/install/my_service_client:/home/za1van/ros2_ws/src/install/3t:/home/za1van/ros2_ws/install/my_calculate_action:/home/za1van/ros2_ws/install/my_turtle_controller:/home/za1van/ros2_ws/install/my_service_server:/home/za1van/ros2_ws/install/my_service_client:/home/za1van/ros2_ws/install/my_project_start:/home/za1van/ros2_ws/install/3t:/opt/ros/jazzy DEBUGINFOD_URLS=https://debuginfod.ubuntu.com /usr/bin/cmake --build /home/za1van/ros2_ws/src/build/my_custom_interface -- -j4 -l4
[0.265s] [  2%] Built target my_custom_interface__rosidl_generator_type_description
[0.298s] [  2%] Built target ament_cmake_python_copy_my_custom_interface
[0.401s] [  5%] Built target my_custom_interface__cpp
[0.401s] [ 20%] Built target my_custom_interface__rosidl_generator_c
[0.504s] [ 29%] Built target my_custom_interface__rosidl_typesupport_introspection_c
[0.605s] [ 38%] Built target my_custom_interface__rosidl_typesupport_c
[0.704s] [ 47%] Built target my_custom_interface__rosidl_typesupport_fastrtps_cpp
[0.808s] [ 55%] Built target my_custom_interface__rosidl_typesupport_introspection_cpp
[0.895s] [ 64%] Built target my_custom_interface__rosidl_typesupport_cpp
[1.001s] [ 73%] Built target my_custom_interface__rosidl_typesupport_fastrtps_c
[1.087s] [ 73%] Built target my_custom_interface
[1.146s] [ 76%] Built target my_custom_interface__py
[1.231s] [ 82%] Built target my_custom_interface__rosidl_generator_py
[1.319s] [ 88%] Built target my_custom_interface_s__rosidl_typesupport_fastrtps_c
[1.420s] [ 94%] Built target my_custom_interface_s__rosidl_typesupport_c
[1.522s] [100%] Built target my_custom_interface_s__rosidl_typesupport_introspection_c
[1.528s] running egg_info
[1.634s] writing my_custom_interface.egg-info/PKG-INFO
[1.635s] writing dependency_links to my_custom_interface.egg-info/dependency_links.txt
[1.635s] writing top-level names to my_custom_interface.egg-info/top_level.txt
[2.464s] reading manifest file 'my_custom_interface.egg-info/SOURCES.txt'
[2.468s] writing manifest file 'my_custom_interface.egg-info/SOURCES.txt'
[2.600s] [100%] Built target ament_cmake_python_build_my_custom_interface_egg
[2.641s] Invoked command in '/home/za1van/ros2_ws/src/build/my_custom_interface' returned '0': CMAKE_PREFIX_PATH=${CMAKE_PREFIX_PATH}:/home/za1van/ros2_ws/src/install/my_turtle_controller:/home/za1van/ros2_ws/src/install/my_service_server:/home/za1van/ros2_ws/src/install/my_service_client:/home/za1van/ros2_ws/src/install/3t:/home/za1van/ros2_ws/install/my_calculate_action:/home/za1van/ros2_ws/install/my_turtle_controller:/home/za1van/ros2_ws/install/my_service_server:/home/za1van/ros2_ws/install/my_service_client:/home/za1van/ros2_ws/install/my_project_start:/home/za1van/ros2_ws/install/3t:/opt/ros/jazzy DEBUGINFOD_URLS=https://debuginfod.ubuntu.com /usr/bin/cmake --build /home/za1van/ros2_ws/src/build/my_custom_interface -- -j4 -l4
[2.649s] Invoking command in '/home/za1van/ros2_ws/src/build/my_custom_interface': CMAKE_PREFIX_PATH=${CMAKE_PREFIX_PATH}:/home/za1van/ros2_ws/src/install/my_turtle_controller:/home/za1van/ros2_ws/src/install/my_service_server:/home/za1van/ros2_ws/src/install/my_service_client:/home/za1van/ros2_ws/src/install/3t:/home/za1van/ros2_ws/install/my_calculate_action:/home/za1van/ros2_ws/install/my_turtle_controller:/home/za1van/ros2_ws/install/my_service_server:/home/za1van/ros2_ws/install/my_service_client:/home/za1van/ros2_ws/install/my_project_start:/home/za1van/ros2_ws/install/3t:/opt/ros/jazzy DEBUGINFOD_URLS=https://debuginfod.ubuntu.com /usr/bin/cmake --install /home/za1van/ros2_ws/src/build/my_custom_interface
[2.672s] -- Install configuration: ""
[2.675s] -- Up-to-date: /home/za1van/ros2_ws/src/install/my_custom_interface/share/ament_index/resource_index/rosidl_interfaces/my_custom_interface
[2.680s] -- Up-to-date: /home/za1van/ros2_ws/src/install/my_custom_interface/share/my_custom_interface/msg/Numbers.json
[2.680s] -- Up-to-date: /home/za1van/ros2_ws/src/install/my_custom_interface/include/my_custom_interface/my_custom_interface
[2.680s] -- Up-to-date: /home/za1van/ros2_ws/src/install/my_custom_interface/include/my_custom_interface/my_custom_interface/msg
[2.682s] -- Up-to-date: /home/za1van/ros2_ws/src/install/my_custom_interface/include/my_custom_interface/my_custom_interface/msg/rosidl_generator_c__visibility_control.h
[2.683s] -- Up-to-date: /home/za1van/ros2_ws/src/install/my_custom_interface/include/my_custom_interface/my_custom_interface/msg/detail
[2.684s] -- Up-to-date: /home/za1van/ros2_ws/src/install/my_custom_interface/include/my_custom_interface/my_custom_interface/msg/detail/numbers__functions.c
[2.687s] -- Up-to-date: /home/za1van/ros2_ws/src/install/my_custom_interface/include/my_custom_interface/my_custom_interface/msg/detail/numbers__struct.h
[2.697s] -- Up-to-date: /home/za1van/ros2_ws/src/install/my_custom_interface/include/my_custom_interface/my_custom_interface/msg/detail/numbers__type_support.c
[2.697s] -- Up-to-date: /home/za1van/ros2_ws/src/install/my_custom_interface/include/my_custom_interface/my_custom_interface/msg/detail/numbers__description.c
[2.698s] -- Up-to-date: /home/za1van/ros2_ws/src/install/my_custom_interface/include/my_custom_interface/my_custom_interface/msg/detail/numbers__type_support.h
[2.698s] -- Up-to-date: /home/za1van/ros2_ws/src/install/my_custom_interface/include/my_custom_interface/my_custom_interface/msg/detail/numbers__functions.h
[2.698s] -- Up-to-date: /home/za1van/ros2_ws/src/install/my_custom_interface/include/my_custom_interface/my_custom_interface/msg/numbers.h
[2.698s] -- Up-to-date: /home/za1van/ros2_ws/src/install/my_custom_interface/share/my_custom_interface/environment/library_path.sh
[2.698s] -- Up-to-date: /home/za1van/ros2_ws/src/install/my_custom_interface/share/my_custom_interface/environment/library_path.dsv
[2.701s] -- Up-to-date: /home/za1van/ros2_ws/src/install/my_custom_interface/lib/libmy_custom_interface__rosidl_generator_c.so
[2.704s] -- Up-to-date: /home/za1van/ros2_ws/src/install/my_custom_interface/include/my_custom_interface/my_custom_interface
[2.704s] -- Up-to-date: /home/za1van/ros2_ws/src/install/my_custom_interface/include/my_custom_interface/my_custom_interface/msg
[2.706s] -- Up-to-date: /home/za1van/ros2_ws/src/install/my_custom_interface/include/my_custom_interface/my_custom_interface/msg/rosidl_typesupport_fastrtps_c__visibility_control.h
[2.709s] -- Up-to-date: /home/za1van/ros2_ws/src/install/my_custom_interface/include/my_custom_interface/my_custom_interface/msg/detail
[2.709s] -- Up-to-date: /home/za1van/ros2_ws/src/install/my_custom_interface/include/my_custom_interface/my_custom_interface/msg/detail/numbers__rosidl_typesupport_fastrtps_c.h
[2.710s] -- Up-to-date: /home/za1van/ros2_ws/src/install/my_custom_interface/lib/libmy_custom_interface__rosidl_typesupport_fastrtps_c.so
[2.710s] -- Up-to-date: /home/za1van/ros2_ws/src/install/my_custom_interface/include/my_custom_interface/my_custom_interface
[2.710s] -- Up-to-date: /home/za1van/ros2_ws/src/install/my_custom_interface/include/my_custom_interface/my_custom_interface/msg
[2.712s] -- Up-to-date: /home/za1van/ros2_ws/src/install/my_custom_interface/include/my_custom_interface/my_custom_interface/msg/detail
[2.715s] -- Up-to-date: /home/za1van/ros2_ws/src/install/my_custom_interface/include/my_custom_interface/my_custom_interface/msg/detail/numbers__rosidl_typesupport_introspection_c.h
[2.718s] -- Up-to-date: /home/za1van/ros2_ws/src/install/my_custom_interface/include/my_custom_interface/my_custom_interface/msg/detail/numbers__type_support.c
[2.718s] -- Up-to-date: /home/za1van/ros2_ws/src/install/my_custom_interface/include/my_custom_interface/my_custom_interface/msg/rosidl_typesupport_introspection_c__visibility_control.h
[2.718s] -- Up-to-date: /home/za1van/ros2_ws/src/install/my_custom_interface/lib/libmy_custom_interface__rosidl_typesupport_introspection_c.so
[2.718s] -- Up-to-date: /home/za1van/ros2_ws/src/install/my_custom_interface/lib/libmy_custom_interface__rosidl_typesupport_c.so
[2.718s] -- Up-to-date: /home/za1van/ros2_ws/src/install/my_custom_interface/include/my_custom_interface/my_custom_interface
[2.721s] -- Up-to-date: /home/za1van/ros2_ws/src/install/my_custom_interface/include/my_custom_interface/my_custom_interface/msg
[2.721s] -- Up-to-date: /home/za1van/ros2_ws/src/install/my_custom_interface/include/my_custom_interface/my_custom_interface/msg/rosidl_generator_cpp__visibility_control.hpp
[2.722s] -- Up-to-date: /home/za1van/ros2_ws/src/install/my_custom_interface/include/my_custom_interface/my_custom_interface/msg/numbers.hpp
[2.723s] -- Up-to-date: /home/za1van/ros2_ws/src/install/my_custom_interface/include/my_custom_interface/my_custom_interface/msg/detail
[2.723s] -- Up-to-date: /home/za1van/ros2_ws/src/install/my_custom_interface/include/my_custom_interface/my_custom_interface/msg/detail/numbers__struct.hpp
[2.723s] -- Up-to-date: /home/za1van/ros2_ws/src/install/my_custom_interface/include/my_custom_interface/my_custom_interface/msg/detail/numbers__builder.hpp
[2.728s] -- Up-to-date: /home/za1van/ros2_ws/src/install/my_custom_interface/include/my_custom_interface/my_custom_interface/msg/detail/numbers__type_support.hpp
[2.729s] -- Up-to-date: /home/za1van/ros2_ws/src/install/my_custom_interface/include/my_custom_interface/my_custom_interface/msg/detail/numbers__traits.hpp
[2.729s] -- Up-to-date: /home/za1van/ros2_ws/src/install/my_custom_interface/include/my_custom_interface/my_custom_interface
[2.729s] -- Up-to-date: /home/za1van/ros2_ws/src/install/my_custom_interface/include/my_custom_interface/my_custom_interface/msg
[2.729s] -- Up-to-date: /home/za1van/ros2_ws/src/install/my_custom_interface/include/my_custom_interface/my_custom_interface/msg/rosidl_typesupport_fastrtps_cpp__visibility_control.h
[2.729s] -- Up-to-date: /home/za1van/ros2_ws/src/install/my_custom_interface/include/my_custom_interface/my_custom_interface/msg/detail
[2.732s] -- Up-to-date: /home/za1van/ros2_ws/src/install/my_custom_interface/include/my_custom_interface/my_custom_interface/msg/detail/dds_fastrtps
[2.732s] -- Up-to-date: /home/za1van/ros2_ws/src/install/my_custom_interface/include/my_custom_interface/my_custom_interface/msg/detail/numbers__rosidl_typesupport_fastrtps_cpp.hpp
[2.733s] -- Up-to-date: /home/za1van/ros2_ws/src/install/my_custom_interface/lib/libmy_custom_interface__rosidl_typesupport_fastrtps_cpp.so
[2.733s] -- Up-to-date: /home/za1van/ros2_ws/src/install/my_custom_interface/include/my_custom_interface/my_custom_interface
[2.733s] -- Up-to-date: /home/za1van/ros2_ws/src/install/my_custom_interface/include/my_custom_interface/my_custom_interface/msg
[2.733s] -- Up-to-date: /home/za1van/ros2_ws/src/install/my_custom_interface/include/my_custom_interface/my_custom_interface/msg/detail
[2.736s] -- Up-to-date: /home/za1van/ros2_ws/src/install/my_custom_interface/include/my_custom_interface/my_custom_interface/msg/detail/numbers__rosidl_typesupport_introspection_cpp.hpp
[2.736s] -- Up-to-date: /home/za1van/ros2_ws/src/install/my_custom_interface/include/my_custom_interface/my_custom_interface/msg/detail/numbers__type_support.cpp
[2.736s] -- Up-to-date: /home/za1van/ros2_ws/src/install/my_custom_interface/lib/libmy_custom_interface__rosidl_typesupport_introspection_cpp.so
[2.736s] -- Up-to-date: /home/za1van/ros2_ws/src/install/my_custom_interface/lib/libmy_custom_interface__rosidl_typesupport_cpp.so
[2.739s] -- Up-to-date: /home/za1van/ros2_ws/src/install/my_custom_interface/share/my_custom_interface/environment/pythonpath.sh
[2.740s] -- Up-to-date: /home/za1van/ros2_ws/src/install/my_custom_interface/share/my_custom_interface/environment/pythonpath.dsv
[2.740s] -- Up-to-date: /home/za1van/ros2_ws/src/install/my_custom_interface/lib/python3.12/site-packages/my_custom_interface-0.0.0-py3.12.egg-info
[2.740s] -- Installing: /home/za1van/ros2_ws/src/install/my_custom_interface/lib/python3.12/site-packages/my_custom_interface-0.0.0-py3.12.egg-info/dependency_links.txt
[2.743s] -- Installing: /home/za1van/ros2_ws/src/install/my_custom_interface/lib/python3.12/site-packages/my_custom_interface-0.0.0-py3.12.egg-info/PKG-INFO
[2.743s] -- Installing: /home/za1van/ros2_ws/src/install/my_custom_interface/lib/python3.12/site-packages/my_custom_interface-0.0.0-py3.12.egg-info/top_level.txt
[2.743s] -- Installing: /home/za1van/ros2_ws/src/install/my_custom_interface/lib/python3.12/site-packages/my_custom_interface-0.0.0-py3.12.egg-info/SOURCES.txt
[2.743s] -- Up-to-date: /home/za1van/ros2_ws/src/install/my_custom_interface/lib/python3.12/site-packages/my_custom_interface
[2.743s] -- Up-to-date: /home/za1van/ros2_ws/src/install/my_custom_interface/lib/python3.12/site-packages/my_custom_interface/my_custom_interface_s__rosidl_typesupport_c.so
[2.746s] -- Up-to-date: /home/za1van/ros2_ws/src/install/my_custom_interface/lib/python3.12/site-packages/my_custom_interface/_my_custom_interface_s.ep.rosidl_typesupport_fastrtps_c.c
[2.746s] -- Up-to-date: /home/za1van/ros2_ws/src/install/my_custom_interface/lib/python3.12/site-packages/my_custom_interface/my_custom_interface_s__rosidl_typesupport_introspection_c.so
[2.749s] -- Up-to-date: /home/za1van/ros2_ws/src/install/my_custom_interface/lib/python3.12/site-packages/my_custom_interface/my_custom_interface_s__rosidl_typesupport_fastrtps_c.so
[2.749s] -- Up-to-date: /home/za1van/ros2_ws/src/install/my_custom_interface/lib/python3.12/site-packages/my_custom_interface/__init__.py
[2.749s] -- Up-to-date: /home/za1van/ros2_ws/src/install/my_custom_interface/lib/python3.12/site-packages/my_custom_interface/_my_custom_interface_s.ep.rosidl_typesupport_c.c
[2.749s] -- Up-to-date: /home/za1van/ros2_ws/src/install/my_custom_interface/lib/python3.12/site-packages/my_custom_interface/_my_custom_interface_s.ep.rosidl_typesupport_introspection_c.c
[2.750s] -- Up-to-date: /home/za1van/ros2_ws/src/install/my_custom_interface/lib/python3.12/site-packages/my_custom_interface/msg
[2.758s] -- Up-to-date: /home/za1van/ros2_ws/src/install/my_custom_interface/lib/python3.12/site-packages/my_custom_interface/msg/_numbers_s.c
[2.758s] -- Up-to-date: /home/za1van/ros2_ws/src/install/my_custom_interface/lib/python3.12/site-packages/my_custom_interface/msg/__init__.py
[2.758s] -- Up-to-date: /home/za1van/ros2_ws/src/install/my_custom_interface/lib/python3.12/site-packages/my_custom_interface/msg/_numbers.py
[3.155s] Listing '/home/za1van/ros2_ws/src/install/my_custom_interface/lib/python3.12/site-packages/my_custom_interface'...
[3.156s] Listing '/home/za1van/ros2_ws/src/install/my_custom_interface/lib/python3.12/site-packages/my_custom_interface/msg'...
[3.229s] -- Up-to-date: /home/za1van/ros2_ws/src/install/my_custom_interface/lib/python3.12/site-packages/my_custom_interface/my_custom_interface_s__rosidl_typesupport_fastrtps_c.so
[3.232s] -- Up-to-date: /home/za1van/ros2_ws/src/install/my_custom_interface/lib/python3.12/site-packages/my_custom_interface/my_custom_interface_s__rosidl_typesupport_introspection_c.so
[3.238s] -- Up-to-date: /home/za1van/ros2_ws/src/install/my_custom_interface/lib/python3.12/site-packages/my_custom_interface/my_custom_interface_s__rosidl_typesupport_c.so
[3.249s] -- Up-to-date: /home/za1van/ros2_ws/src/install/my_custom_interface/lib/libmy_custom_interface__rosidl_generator_py.so
[3.250s] -- Up-to-date: /home/za1van/ros2_ws/src/install/my_custom_interface/share/my_custom_interface/msg/Numbers.idl
[3.250s] -- Up-to-date: /home/za1van/ros2_ws/src/install/my_custom_interface/share/my_custom_interface/msg/Numbers.msg
[3.250s] -- Up-to-date: /home/za1van/ros2_ws/src/install/my_custom_interface/share/ament_index/resource_index/package_run_dependencies/my_custom_interface
[3.250s] -- Up-to-date: /home/za1van/ros2_ws/src/install/my_custom_interface/share/ament_index/resource_index/parent_prefix_path/my_custom_interface
[3.250s] -- Up-to-date: /home/za1van/ros2_ws/src/install/my_custom_interface/share/my_custom_interface/environment/ament_prefix_path.sh
[3.252s] -- Up-to-date: /home/za1van/ros2_ws/src/install/my_custom_interface/share/my_custom_interface/environment/ament_prefix_path.dsv
[3.255s] -- Up-to-date: /home/za1van/ros2_ws/src/install/my_custom_interface/share/my_custom_interface/environment/path.sh
[3.255s] -- Up-to-date: /home/za1van/ros2_ws/src/install/my_custom_interface/share/my_custom_interface/environment/path.dsv
[3.262s] -- Up-to-date: /home/za1van/ros2_ws/src/install/my_custom_interface/share/my_custom_interface/local_setup.bash
[3.262s] -- Up-to-date: /home/za1van/ros2_ws/src/install/my_custom_interface/share/my_custom_interface/local_setup.sh
[3.263s] -- Up-to-date: /home/za1van/ros2_ws/src/install/my_custom_interface/share/my_custom_interface/local_setup.zsh
[3.263s] -- Up-to-date: /home/za1van/ros2_ws/src/install/my_custom_interface/share/my_custom_interface/local_setup.dsv
[3.263s] -- Installing: /home/za1van/ros2_ws/src/install/my_custom_interface/share/my_custom_interface/package.dsv
[3.267s] -- Up-to-date: /home/za1van/ros2_ws/src/install/my_custom_interface/share/ament_index/resource_index/packages/my_custom_interface
[3.267s] -- Up-to-date: /home/za1van/ros2_ws/src/install/my_custom_interface/share/my_custom_interface/cmake/export_my_custom_interface__rosidl_generator_cExport.cmake
[3.267s] -- Up-to-date: /home/za1van/ros2_ws/src/install/my_custom_interface/share/my_custom_interface/cmake/export_my_custom_interface__rosidl_generator_cExport-noconfig.cmake
[3.267s] -- Up-to-date: /home/za1van/ros2_ws/src/install/my_custom_interface/share/my_custom_interface/cmake/export_my_custom_interface__rosidl_typesupport_fastrtps_cExport.cmake
[3.273s] -- Up-to-date: /home/za1van/ros2_ws/src/install/my_custom_interface/share/my_custom_interface/cmake/export_my_custom_interface__rosidl_typesupport_fastrtps_cExport-noconfig.cmake
[3.276s] -- Up-to-date: /home/za1van/ros2_ws/src/install/my_custom_interface/share/my_custom_interface/cmake/my_custom_interface__rosidl_typesupport_introspection_cExport.cmake
[3.276s] -- Up-to-date: /home/za1van/ros2_ws/src/install/my_custom_interface/share/my_custom_interface/cmake/my_custom_interface__rosidl_typesupport_introspection_cExport-noconfig.cmake
[3.276s] -- Up-to-date: /home/za1van/ros2_ws/src/install/my_custom_interface/share/my_custom_interface/cmake/my_custom_interface__rosidl_typesupport_cExport.cmake
[3.281s] -- Up-to-date: /home/za1van/ros2_ws/src/install/my_custom_interface/share/my_custom_interface/cmake/my_custom_interface__rosidl_typesupport_cExport-noconfig.cmake
[3.281s] -- Up-to-date: /home/za1van/ros2_ws/src/install/my_custom_interface/share/my_custom_interface/cmake/export_my_custom_interface__rosidl_generator_cppExport.cmake
[3.281s] -- Up-to-date: /home/za1van/ros2_ws/src/install/my_custom_interface/share/my_custom_interface/cmake/export_my_custom_interface__rosidl_typesupport_fastrtps_cppExport.cmake
[3.282s] -- Up-to-date: /home/za1van/ros2_ws/src/install/my_custom_interface/share/my_custom_interface/cmake/export_my_custom_interface__rosidl_typesupport_fastrtps_cppExport-noconfig.cmake
[3.282s] -- Up-to-date: /home/za1van/ros2_ws/src/install/my_custom_interface/share/my_custom_interface/cmake/my_custom_interface__rosidl_typesupport_introspection_cppExport.cmake
[3.282s] -- Up-to-date: /home/za1van/ros2_ws/src/install/my_custom_interface/share/my_custom_interface/cmake/my_custom_interface__rosidl_typesupport_introspection_cppExport-noconfig.cmake
[3.288s] -- Up-to-date: /home/za1van/ros2_ws/src/install/my_custom_interface/share/my_custom_interface/cmake/my_custom_interface__rosidl_typesupport_cppExport.cmake
[3.296s] -- Up-to-date: /home/za1van/ros2_ws/src/install/my_custom_interface/share/my_custom_interface/cmake/my_custom_interface__rosidl_typesupport_cppExport-noconfig.cmake
[3.296s] -- Up-to-date: /home/za1van/ros2_ws/src/install/my_custom_interface/share/my_custom_interface/cmake/export_my_custom_interface__rosidl_generator_pyExport.cmake
[3.296s] -- Up-to-date: /home/za1van/ros2_ws/src/install/my_custom_interface/share/my_custom_interface/cmake/export_my_custom_interface__rosidl_generator_pyExport-noconfig.cmake
[3.298s] -- Up-to-date: /home/za1van/ros2_ws/src/install/my_custom_interface/share/my_custom_interface/cmake/rosidl_cmake-extras.cmake
[3.298s] -- Up-to-date: /home/za1van/ros2_ws/src/install/my_custom_interface/share/my_custom_interface/cmake/ament_cmake_export_include_directories-extras.cmake
[3.298s] -- Up-to-date: /home/za1van/ros2_ws/src/install/my_custom_interface/share/my_custom_interface/cmake/ament_cmake_export_libraries-extras.cmake
[3.298s] -- Up-to-date: /home/za1van/ros2_ws/src/install/my_custom_interface/share/my_custom_interface/cmake/ament_cmake_export_targets-extras.cmake
[3.298s] -- Up-to-date: /home/za1van/ros2_ws/src/install/my_custom_interface/share/my_custom_interface/cmake/rosidl_cmake_export_typesupport_targets-extras.cmake
[3.299s] -- Up-to-date: /home/za1van/ros2_ws/src/install/my_custom_interface/share/my_custom_interface/cmake/ament_cmake_export_dependencies-extras.cmake
[3.299s] -- Up-to-date: /home/za1van/ros2_ws/src/install/my_custom_interface/share/my_custom_interface/cmake/rosidl_cmake_export_typesupport_libraries-extras.cmake
[3.299s] -- Up-to-date: /home/za1van/ros2_ws/src/install/my_custom_interface/share/my_custom_interface/cmake/my_custom_interfaceConfig.cmake
[3.305s] -- Up-to-date: /home/za1van/ros2_ws/src/install/my_custom_interface/share/my_custom_interface/cmake/my_custom_interfaceConfig-version.cmake
[3.305s] -- Up-to-date: /home/za1van/ros2_ws/src/install/my_custom_interface/share/my_custom_interface/package.xml
[3.312s] Invoked command in '/home/za1van/ros2_ws/src/build/my_custom_interface' returned '0': CMAKE_PREFIX_PATH=${CMAKE_PREFIX_PATH}:/home/za1van/ros2_ws/src/install/my_turtle_controller:/home/za1van/ros2_ws/src/install/my_service_server:/home/za1van/ros2_ws/src/install/my_service_client:/home/za1van/ros2_ws/src/install/3t:/home/za1van/ros2_ws/install/my_calculate_action:/home/za1van/ros2_ws/install/my_turtle_controller:/home/za1van/ros2_ws/install/my_service_server:/home/za1van/ros2_ws/install/my_service_client:/home/za1van/ros2_ws/install/my_project_start:/home/za1van/ros2_ws/install/3t:/opt/ros/jazzy DEBUGINFOD_URLS=https://debuginfod.ubuntu.com /usr/bin/cmake --install /home/za1van/ros2_ws/src/build/my_custom_interface
