[0.221s] DEBUG:colcon:Command line arguments: ['/usr/bin/colcon', 'build', '--packages-select', 'zmrobo_init']
[0.222s] DEBUG:colcon:Parsed command line arguments: Namespace(log_base=None, log_level=None, verb_name='build', build_base='build', install_base='install', merge_install=False, symlink_install=False, test_result_base=None, continue_on_error=False, executor='parallel', parallel_workers=4, event_handlers=None, ignore_user_meta=False, metas=['./colcon.meta'], base_paths=['.'], packages_ignore=None, packages_ignore_regex=None, paths=None, packages_up_to=None, packages_up_to_regex=None, packages_above=None, packages_above_and_dependencies=None, packages_above_depth=None, packages_select_by_dep=None, packages_skip_by_dep=None, packages_skip_up_to=None, packages_select_build_failed=False, packages_skip_build_finished=False, packages_select_test_failures=False, packages_skip_test_passed=False, packages_select=['zmrobo_init'], packages_skip=None, packages_select_regex=None, packages_skip_regex=None, packages_start=None, packages_end=None, allow_overriding=[], cmake_args=None, cmake_target=None, cmake_target_skip_unavailable=False, cmake_clean_cache=False, cmake_clean_first=False, cmake_force_configure=False, ament_cmake_args=None, catkin_cmake_args=None, catkin_skip_building_tests=False, verb_parser=<colcon_defaults.argument_parser.defaults.DefaultArgumentsDecorator object at 0x746f8bb5da90>, verb_extension=<colcon_core.verb.build.BuildVerb object at 0x746f8bad7800>, main=<bound method BuildVerb.main of <colcon_core.verb.build.BuildVerb object at 0x746f8bad7800>>)
[0.343s] Level 1:colcon.colcon_core.package_discovery:discover_packages(colcon_meta) check parameters
[0.344s] Level 1:colcon.colcon_core.package_discovery:discover_packages(recursive) check parameters
[0.344s] Level 1:colcon.colcon_core.package_discovery:discover_packages(ignore) check parameters
[0.344s] Level 1:colcon.colcon_core.package_discovery:discover_packages(path) check parameters
[0.344s] Level 1:colcon.colcon_core.package_discovery:discover_packages(colcon_meta) discover
[0.345s] Level 1:colcon.colcon_core.package_discovery:discover_packages(recursive) discover
[0.345s] INFO:colcon.colcon_core.package_discovery:Crawling recursively for packages in '/home/za1van/ros2_ws'
[0.345s] Level 1:colcon.colcon_core.package_identification:_identify(.) by extensions ['ignore', 'ignore_ament_install']
[0.345s] Level 1:colcon.colcon_core.package_identification:_identify(.) by extension 'ignore'
[0.346s] Level 1:colcon.colcon_core.package_identification:_identify(.) by extension 'ignore_ament_install'
[0.346s] Level 1:colcon.colcon_core.package_identification:_identify(.) by extensions ['colcon_pkg']
[0.346s] Level 1:colcon.colcon_core.package_identification:_identify(.) by extension 'colcon_pkg'
[0.346s] Level 1:colcon.colcon_core.package_identification:_identify(.) by extensions ['colcon_meta']
[0.347s] Level 1:colcon.colcon_core.package_identification:_identify(.) by extension 'colcon_meta'
[0.347s] Level 1:colcon.colcon_core.package_identification:_identify(.) by extensions ['ros']
[0.347s] Level 1:colcon.colcon_core.package_identification:_identify(.) by extension 'ros'
[0.391s] Level 1:colcon.colcon_core.package_identification:_identify(.) by extensions ['cmake', 'python']
[0.391s] Level 1:colcon.colcon_core.package_identification:_identify(.) by extension 'cmake'
[0.391s] Level 1:colcon.colcon_core.package_identification:_identify(.) by extension 'python'
[0.391s] Level 1:colcon.colcon_core.package_identification:_identify(.) by extensions ['python_setup_py']
[0.392s] Level 1:colcon.colcon_core.package_identification:_identify(.) by extension 'python_setup_py'
[0.392s] Level 1:colcon.colcon_core.package_identification:_identify(action) by extensions ['ignore', 'ignore_ament_install']
[0.392s] Level 1:colcon.colcon_core.package_identification:_identify(action) by extension 'ignore'
[0.392s] Level 1:colcon.colcon_core.package_identification:_identify(action) by extension 'ignore_ament_install'
[0.392s] Level 1:colcon.colcon_core.package_identification:_identify(action) by extensions ['colcon_pkg']
[0.393s] Level 1:colcon.colcon_core.package_identification:_identify(action) by extension 'colcon_pkg'
[0.393s] Level 1:colcon.colcon_core.package_identification:_identify(action) by extensions ['colcon_meta']
[0.393s] Level 1:colcon.colcon_core.package_identification:_identify(action) by extension 'colcon_meta'
[0.393s] Level 1:colcon.colcon_core.package_identification:_identify(action) by extensions ['ros']
[0.393s] Level 1:colcon.colcon_core.package_identification:_identify(action) by extension 'ros'
[0.393s] Level 1:colcon.colcon_core.package_identification:_identify(action) by extensions ['cmake', 'python']
[0.393s] Level 1:colcon.colcon_core.package_identification:_identify(action) by extension 'cmake'
[0.393s] Level 1:colcon.colcon_core.package_identification:_identify(action) by extension 'python'
[0.394s] Level 1:colcon.colcon_core.package_identification:_identify(action) by extensions ['python_setup_py']
[0.394s] Level 1:colcon.colcon_core.package_identification:_identify(action) by extension 'python_setup_py'
[0.394s] Level 1:colcon.colcon_core.package_identification:_identify(build) by extensions ['ignore', 'ignore_ament_install']
[0.395s] Level 1:colcon.colcon_core.package_identification:_identify(build) by extension 'ignore'
[0.395s] Level 1:colcon.colcon_core.package_identification:_identify(build) ignored
[0.395s] Level 1:colcon.colcon_core.package_identification:_identify(install) by extensions ['ignore', 'ignore_ament_install']
[0.395s] Level 1:colcon.colcon_core.package_identification:_identify(install) by extension 'ignore'
[0.395s] Level 1:colcon.colcon_core.package_identification:_identify(install) ignored
[0.396s] Level 1:colcon.colcon_core.package_identification:_identify(log) by extensions ['ignore', 'ignore_ament_install']
[0.397s] Level 1:colcon.colcon_core.package_identification:_identify(log) by extension 'ignore'
[0.397s] Level 1:colcon.colcon_core.package_identification:_identify(log) ignored
[0.398s] Level 1:colcon.colcon_core.package_identification:_identify(src) by extensions ['ignore', 'ignore_ament_install']
[0.398s] Level 1:colcon.colcon_core.package_identification:_identify(src) by extension 'ignore'
[0.398s] Level 1:colcon.colcon_core.package_identification:_identify(src) by extension 'ignore_ament_install'
[0.399s] Level 1:colcon.colcon_core.package_identification:_identify(src) by extensions ['colcon_pkg']
[0.399s] Level 1:colcon.colcon_core.package_identification:_identify(src) by extension 'colcon_pkg'
[0.399s] Level 1:colcon.colcon_core.package_identification:_identify(src) by extensions ['colcon_meta']
[0.399s] Level 1:colcon.colcon_core.package_identification:_identify(src) by extension 'colcon_meta'
[0.399s] Level 1:colcon.colcon_core.package_identification:_identify(src) by extensions ['ros']
[0.399s] Level 1:colcon.colcon_core.package_identification:_identify(src) by extension 'ros'
[0.400s] Level 1:colcon.colcon_core.package_identification:_identify(src) by extensions ['cmake', 'python']
[0.400s] Level 1:colcon.colcon_core.package_identification:_identify(src) by extension 'cmake'
[0.400s] Level 1:colcon.colcon_core.package_identification:_identify(src) by extension 'python'
[0.401s] Level 1:colcon.colcon_core.package_identification:_identify(src) by extensions ['python_setup_py']
[0.401s] Level 1:colcon.colcon_core.package_identification:_identify(src) by extension 'python_setup_py'
[0.401s] Level 1:colcon.colcon_core.package_identification:_identify(src/3t) by extensions ['ignore', 'ignore_ament_install']
[0.402s] Level 1:colcon.colcon_core.package_identification:_identify(src/3t) by extension 'ignore'
[0.402s] Level 1:colcon.colcon_core.package_identification:_identify(src/3t) by extension 'ignore_ament_install'
[0.402s] Level 1:colcon.colcon_core.package_identification:_identify(src/3t) by extensions ['colcon_pkg']
[0.402s] Level 1:colcon.colcon_core.package_identification:_identify(src/3t) by extension 'colcon_pkg'
[0.402s] Level 1:colcon.colcon_core.package_identification:_identify(src/3t) by extensions ['colcon_meta']
[0.402s] Level 1:colcon.colcon_core.package_identification:_identify(src/3t) by extension 'colcon_meta'
[0.403s] Level 1:colcon.colcon_core.package_identification:_identify(src/3t) by extensions ['ros']
[0.403s] Level 1:colcon.colcon_core.package_identification:_identify(src/3t) by extension 'ros'
[0.409s] DEBUG:colcon.colcon_core.package_identification:Package 'src/3t' with type 'ros.ament_python' and name '3t'
[0.409s] Level 1:colcon.colcon_core.package_identification:_identify(src/build) by extensions ['ignore', 'ignore_ament_install']
[0.409s] Level 1:colcon.colcon_core.package_identification:_identify(src/build) by extension 'ignore'
[0.410s] Level 1:colcon.colcon_core.package_identification:_identify(src/build) ignored
[0.410s] Level 1:colcon.colcon_core.package_identification:_identify(src/install) by extensions ['ignore', 'ignore_ament_install']
[0.410s] Level 1:colcon.colcon_core.package_identification:_identify(src/install) by extension 'ignore'
[0.411s] Level 1:colcon.colcon_core.package_identification:_identify(src/install) ignored
[0.411s] Level 1:colcon.colcon_core.package_identification:_identify(src/lab_1_2024) by extensions ['ignore', 'ignore_ament_install']
[0.411s] Level 1:colcon.colcon_core.package_identification:_identify(src/lab_1_2024) by extension 'ignore'
[0.412s] Level 1:colcon.colcon_core.package_identification:_identify(src/lab_1_2024) by extension 'ignore_ament_install'
[0.412s] Level 1:colcon.colcon_core.package_identification:_identify(src/lab_1_2024) by extensions ['colcon_pkg']
[0.412s] Level 1:colcon.colcon_core.package_identification:_identify(src/lab_1_2024) by extension 'colcon_pkg'
[0.412s] Level 1:colcon.colcon_core.package_identification:_identify(src/lab_1_2024) by extensions ['colcon_meta']
[0.412s] Level 1:colcon.colcon_core.package_identification:_identify(src/lab_1_2024) by extension 'colcon_meta'
[0.412s] Level 1:colcon.colcon_core.package_identification:_identify(src/lab_1_2024) by extensions ['ros']
[0.413s] Level 1:colcon.colcon_core.package_identification:_identify(src/lab_1_2024) by extension 'ros'
[0.415s] Level 1:colcon.colcon_core.package_identification:_identify(src/lab_1_2024) by extensions ['cmake', 'python']
[0.415s] Level 1:colcon.colcon_core.package_identification:_identify(src/lab_1_2024) by extension 'cmake'
[0.416s] Level 1:colcon.colcon_core.package_identification:_identify(src/lab_1_2024) by extension 'python'
[0.416s] Level 1:colcon.colcon_core.package_identification:_identify(src/lab_1_2024) by extensions ['python_setup_py']
[0.416s] Level 1:colcon.colcon_core.package_identification:_identify(src/lab_1_2024) by extension 'python_setup_py'
[0.417s] Level 1:colcon.colcon_core.package_identification:_identify(src/lab_1_2024/__pycache__) by extensions ['ignore', 'ignore_ament_install']
[0.417s] Level 1:colcon.colcon_core.package_identification:_identify(src/lab_1_2024/__pycache__) by extension 'ignore'
[0.417s] Level 1:colcon.colcon_core.package_identification:_identify(src/lab_1_2024/__pycache__) by extension 'ignore_ament_install'
[0.418s] Level 1:colcon.colcon_core.package_identification:_identify(src/lab_1_2024/__pycache__) by extensions ['colcon_pkg']
[0.418s] Level 1:colcon.colcon_core.package_identification:_identify(src/lab_1_2024/__pycache__) by extension 'colcon_pkg'
[0.418s] Level 1:colcon.colcon_core.package_identification:_identify(src/lab_1_2024/__pycache__) by extensions ['colcon_meta']
[0.418s] Level 1:colcon.colcon_core.package_identification:_identify(src/lab_1_2024/__pycache__) by extension 'colcon_meta'
[0.419s] Level 1:colcon.colcon_core.package_identification:_identify(src/lab_1_2024/__pycache__) by extensions ['ros']
[0.419s] Level 1:colcon.colcon_core.package_identification:_identify(src/lab_1_2024/__pycache__) by extension 'ros'
[0.419s] Level 1:colcon.colcon_core.package_identification:_identify(src/lab_1_2024/__pycache__) by extensions ['cmake', 'python']
[0.419s] Level 1:colcon.colcon_core.package_identification:_identify(src/lab_1_2024/__pycache__) by extension 'cmake'
[0.420s] Level 1:colcon.colcon_core.package_identification:_identify(src/lab_1_2024/__pycache__) by extension 'python'
[0.420s] Level 1:colcon.colcon_core.package_identification:_identify(src/lab_1_2024/__pycache__) by extensions ['python_setup_py']
[0.420s] Level 1:colcon.colcon_core.package_identification:_identify(src/lab_1_2024/__pycache__) by extension 'python_setup_py'
[0.420s] Level 1:colcon.colcon_core.package_identification:_identify(src/lab_2_fall_2025) by extensions ['ignore', 'ignore_ament_install']
[0.421s] Level 1:colcon.colcon_core.package_identification:_identify(src/lab_2_fall_2025) by extension 'ignore'
[0.421s] Level 1:colcon.colcon_core.package_identification:_identify(src/lab_2_fall_2025) by extension 'ignore_ament_install'
[0.421s] Level 1:colcon.colcon_core.package_identification:_identify(src/lab_2_fall_2025) by extensions ['colcon_pkg']
[0.421s] Level 1:colcon.colcon_core.package_identification:_identify(src/lab_2_fall_2025) by extension 'colcon_pkg'
[0.422s] Level 1:colcon.colcon_core.package_identification:_identify(src/lab_2_fall_2025) by extensions ['colcon_meta']
[0.422s] Level 1:colcon.colcon_core.package_identification:_identify(src/lab_2_fall_2025) by extension 'colcon_meta'
[0.422s] Level 1:colcon.colcon_core.package_identification:_identify(src/lab_2_fall_2025) by extensions ['ros']
[0.422s] Level 1:colcon.colcon_core.package_identification:_identify(src/lab_2_fall_2025) by extension 'ros'
[0.422s] Level 1:colcon.colcon_core.package_identification:_identify(src/lab_2_fall_2025) by extensions ['cmake', 'python']
[0.423s] Level 1:colcon.colcon_core.package_identification:_identify(src/lab_2_fall_2025) by extension 'cmake'
[0.423s] Level 1:colcon.colcon_core.package_identification:_identify(src/lab_2_fall_2025) by extension 'python'
[0.423s] Level 1:colcon.colcon_core.package_identification:_identify(src/lab_2_fall_2025) by extensions ['python_setup_py']
[0.423s] Level 1:colcon.colcon_core.package_identification:_identify(src/lab_2_fall_2025) by extension 'python_setup_py'
[0.424s] Level 1:colcon.colcon_core.package_identification:_identify(src/lab_2_fall_2025/__pycache__) by extensions ['ignore', 'ignore_ament_install']
[0.424s] Level 1:colcon.colcon_core.package_identification:_identify(src/lab_2_fall_2025/__pycache__) by extension 'ignore'
[0.424s] Level 1:colcon.colcon_core.package_identification:_identify(src/lab_2_fall_2025/__pycache__) by extension 'ignore_ament_install'
[0.424s] Level 1:colcon.colcon_core.package_identification:_identify(src/lab_2_fall_2025/__pycache__) by extensions ['colcon_pkg']
[0.424s] Level 1:colcon.colcon_core.package_identification:_identify(src/lab_2_fall_2025/__pycache__) by extension 'colcon_pkg'
[0.424s] Level 1:colcon.colcon_core.package_identification:_identify(src/lab_2_fall_2025/__pycache__) by extensions ['colcon_meta']
[0.425s] Level 1:colcon.colcon_core.package_identification:_identify(src/lab_2_fall_2025/__pycache__) by extension 'colcon_meta'
[0.425s] Level 1:colcon.colcon_core.package_identification:_identify(src/lab_2_fall_2025/__pycache__) by extensions ['ros']
[0.425s] Level 1:colcon.colcon_core.package_identification:_identify(src/lab_2_fall_2025/__pycache__) by extension 'ros'
[0.425s] Level 1:colcon.colcon_core.package_identification:_identify(src/lab_2_fall_2025/__pycache__) by extensions ['cmake', 'python']
[0.425s] Level 1:colcon.colcon_core.package_identification:_identify(src/lab_2_fall_2025/__pycache__) by extension 'cmake'
[0.426s] Level 1:colcon.colcon_core.package_identification:_identify(src/lab_2_fall_2025/__pycache__) by extension 'python'
[0.426s] Level 1:colcon.colcon_core.package_identification:_identify(src/lab_2_fall_2025/__pycache__) by extensions ['python_setup_py']
[0.426s] Level 1:colcon.colcon_core.package_identification:_identify(src/lab_2_fall_2025/__pycache__) by extension 'python_setup_py'
[0.426s] Level 1:colcon.colcon_core.package_identification:_identify(src/log) by extensions ['ignore', 'ignore_ament_install']
[0.427s] Level 1:colcon.colcon_core.package_identification:_identify(src/log) by extension 'ignore'
[0.427s] Level 1:colcon.colcon_core.package_identification:_identify(src/log) ignored
[0.427s] Level 1:colcon.colcon_core.package_identification:_identify(src/mini_pupper_description) by extensions ['ignore', 'ignore_ament_install']
[0.428s] Level 1:colcon.colcon_core.package_identification:_identify(src/mini_pupper_description) by extension 'ignore'
[0.428s] Level 1:colcon.colcon_core.package_identification:_identify(src/mini_pupper_description) by extension 'ignore_ament_install'
[0.428s] Level 1:colcon.colcon_core.package_identification:_identify(src/mini_pupper_description) by extensions ['colcon_pkg']
[0.428s] Level 1:colcon.colcon_core.package_identification:_identify(src/mini_pupper_description) by extension 'colcon_pkg'
[0.428s] Level 1:colcon.colcon_core.package_identification:_identify(src/mini_pupper_description) by extensions ['colcon_meta']
[0.429s] Level 1:colcon.colcon_core.package_identification:_identify(src/mini_pupper_description) by extension 'colcon_meta'
[0.429s] Level 1:colcon.colcon_core.package_identification:_identify(src/mini_pupper_description) by extensions ['ros']
[0.429s] Level 1:colcon.colcon_core.package_identification:_identify(src/mini_pupper_description) by extension 'ros'
[0.432s] DEBUG:colcon.colcon_core.package_identification:Package 'src/mini_pupper_description' with type 'ros.catkin' and name 'mini-pupper_description'
[0.433s] Level 1:colcon.colcon_core.package_identification:_identify(src/my_action_interface) by extensions ['ignore', 'ignore_ament_install']
[0.433s] Level 1:colcon.colcon_core.package_identification:_identify(src/my_action_interface) by extension 'ignore'
[0.434s] Level 1:colcon.colcon_core.package_identification:_identify(src/my_action_interface) by extension 'ignore_ament_install'
[0.435s] Level 1:colcon.colcon_core.package_identification:_identify(src/my_action_interface) by extensions ['colcon_pkg']
[0.435s] Level 1:colcon.colcon_core.package_identification:_identify(src/my_action_interface) by extension 'colcon_pkg'
[0.435s] Level 1:colcon.colcon_core.package_identification:_identify(src/my_action_interface) by extensions ['colcon_meta']
[0.435s] Level 1:colcon.colcon_core.package_identification:_identify(src/my_action_interface) by extension 'colcon_meta'
[0.436s] Level 1:colcon.colcon_core.package_identification:_identify(src/my_action_interface) by extensions ['ros']
[0.436s] Level 1:colcon.colcon_core.package_identification:_identify(src/my_action_interface) by extension 'ros'
[0.439s] DEBUG:colcon.colcon_core.package_identification:Package 'src/my_action_interface' with type 'ros.ament_cmake' and name 'my_action_interface'
[0.439s] Level 1:colcon.colcon_core.package_identification:_identify(src/my_calculate_action) by extensions ['ignore', 'ignore_ament_install']
[0.440s] Level 1:colcon.colcon_core.package_identification:_identify(src/my_calculate_action) by extension 'ignore'
[0.440s] Level 1:colcon.colcon_core.package_identification:_identify(src/my_calculate_action) by extension 'ignore_ament_install'
[0.440s] Level 1:colcon.colcon_core.package_identification:_identify(src/my_calculate_action) by extensions ['colcon_pkg']
[0.440s] Level 1:colcon.colcon_core.package_identification:_identify(src/my_calculate_action) by extension 'colcon_pkg'
[0.441s] Level 1:colcon.colcon_core.package_identification:_identify(src/my_calculate_action) by extensions ['colcon_meta']
[0.441s] Level 1:colcon.colcon_core.package_identification:_identify(src/my_calculate_action) by extension 'colcon_meta'
[0.441s] Level 1:colcon.colcon_core.package_identification:_identify(src/my_calculate_action) by extensions ['ros']
[0.441s] Level 1:colcon.colcon_core.package_identification:_identify(src/my_calculate_action) by extension 'ros'
[0.442s] DEBUG:colcon.colcon_core.package_identification:Package 'src/my_calculate_action' with type 'ros.ament_python' and name 'my_calculate_action'
[0.443s] Level 1:colcon.colcon_core.package_identification:_identify(src/my_custom_interface) by extensions ['ignore', 'ignore_ament_install']
[0.443s] Level 1:colcon.colcon_core.package_identification:_identify(src/my_custom_interface) by extension 'ignore'
[0.443s] Level 1:colcon.colcon_core.package_identification:_identify(src/my_custom_interface) by extension 'ignore_ament_install'
[0.443s] Level 1:colcon.colcon_core.package_identification:_identify(src/my_custom_interface) by extensions ['colcon_pkg']
[0.444s] Level 1:colcon.colcon_core.package_identification:_identify(src/my_custom_interface) by extension 'colcon_pkg'
[0.444s] Level 1:colcon.colcon_core.package_identification:_identify(src/my_custom_interface) by extensions ['colcon_meta']
[0.444s] Level 1:colcon.colcon_core.package_identification:_identify(src/my_custom_interface) by extension 'colcon_meta'
[0.444s] Level 1:colcon.colcon_core.package_identification:_identify(src/my_custom_interface) by extensions ['ros']
[0.445s] Level 1:colcon.colcon_core.package_identification:_identify(src/my_custom_interface) by extension 'ros'
[0.448s] DEBUG:colcon.colcon_core.package_identification:Package 'src/my_custom_interface' with type 'ros.ament_cmake' and name 'my_custom_interface'
[0.449s] Level 1:colcon.colcon_core.package_identification:_identify(src/my_project_start) by extensions ['ignore', 'ignore_ament_install']
[0.449s] Level 1:colcon.colcon_core.package_identification:_identify(src/my_project_start) by extension 'ignore'
[0.450s] Level 1:colcon.colcon_core.package_identification:_identify(src/my_project_start) by extension 'ignore_ament_install'
[0.450s] Level 1:colcon.colcon_core.package_identification:_identify(src/my_project_start) by extensions ['colcon_pkg']
[0.450s] Level 1:colcon.colcon_core.package_identification:_identify(src/my_project_start) by extension 'colcon_pkg'
[0.451s] Level 1:colcon.colcon_core.package_identification:_identify(src/my_project_start) by extensions ['colcon_meta']
[0.451s] Level 1:colcon.colcon_core.package_identification:_identify(src/my_project_start) by extension 'colcon_meta'
[0.451s] Level 1:colcon.colcon_core.package_identification:_identify(src/my_project_start) by extensions ['ros']
[0.452s] Level 1:colcon.colcon_core.package_identification:_identify(src/my_project_start) by extension 'ros'
[0.453s] DEBUG:colcon.colcon_core.package_identification:Package 'src/my_project_start' with type 'ros.ament_python' and name 'my_project_start'
[0.454s] Level 1:colcon.colcon_core.package_identification:_identify(src/my_service_client) by extensions ['ignore', 'ignore_ament_install']
[0.454s] Level 1:colcon.colcon_core.package_identification:_identify(src/my_service_client) by extension 'ignore'
[0.454s] Level 1:colcon.colcon_core.package_identification:_identify(src/my_service_client) by extension 'ignore_ament_install'
[0.455s] Level 1:colcon.colcon_core.package_identification:_identify(src/my_service_client) by extensions ['colcon_pkg']
[0.455s] Level 1:colcon.colcon_core.package_identification:_identify(src/my_service_client) by extension 'colcon_pkg'
[0.455s] Level 1:colcon.colcon_core.package_identification:_identify(src/my_service_client) by extensions ['colcon_meta']
[0.455s] Level 1:colcon.colcon_core.package_identification:_identify(src/my_service_client) by extension 'colcon_meta'
[0.455s] Level 1:colcon.colcon_core.package_identification:_identify(src/my_service_client) by extensions ['ros']
[0.455s] Level 1:colcon.colcon_core.package_identification:_identify(src/my_service_client) by extension 'ros'
[0.457s] DEBUG:colcon.colcon_core.package_identification:Package 'src/my_service_client' with type 'ros.ament_python' and name 'my_service_client'
[0.457s] Level 1:colcon.colcon_core.package_identification:_identify(src/my_service_interfaces) by extensions ['ignore', 'ignore_ament_install']
[0.457s] Level 1:colcon.colcon_core.package_identification:_identify(src/my_service_interfaces) by extension 'ignore'
[0.457s] Level 1:colcon.colcon_core.package_identification:_identify(src/my_service_interfaces) by extension 'ignore_ament_install'
[0.458s] Level 1:colcon.colcon_core.package_identification:_identify(src/my_service_interfaces) by extensions ['colcon_pkg']
[0.458s] Level 1:colcon.colcon_core.package_identification:_identify(src/my_service_interfaces) by extension 'colcon_pkg'
[0.458s] Level 1:colcon.colcon_core.package_identification:_identify(src/my_service_interfaces) by extensions ['colcon_meta']
[0.458s] Level 1:colcon.colcon_core.package_identification:_identify(src/my_service_interfaces) by extension 'colcon_meta'
[0.458s] Level 1:colcon.colcon_core.package_identification:_identify(src/my_service_interfaces) by extensions ['ros']
[0.458s] Level 1:colcon.colcon_core.package_identification:_identify(src/my_service_interfaces) by extension 'ros'
[0.459s] DEBUG:colcon.colcon_core.package_identification:Package 'src/my_service_interfaces' with type 'ros.ament_cmake' and name 'my_service_interfaces'
[0.460s] Level 1:colcon.colcon_core.package_identification:_identify(src/my_service_server) by extensions ['ignore', 'ignore_ament_install']
[0.460s] Level 1:colcon.colcon_core.package_identification:_identify(src/my_service_server) by extension 'ignore'
[0.460s] Level 1:colcon.colcon_core.package_identification:_identify(src/my_service_server) by extension 'ignore_ament_install'
[0.460s] Level 1:colcon.colcon_core.package_identification:_identify(src/my_service_server) by extensions ['colcon_pkg']
[0.461s] Level 1:colcon.colcon_core.package_identification:_identify(src/my_service_server) by extension 'colcon_pkg'
[0.461s] Level 1:colcon.colcon_core.package_identification:_identify(src/my_service_server) by extensions ['colcon_meta']
[0.461s] Level 1:colcon.colcon_core.package_identification:_identify(src/my_service_server) by extension 'colcon_meta'
[0.461s] Level 1:colcon.colcon_core.package_identification:_identify(src/my_service_server) by extensions ['ros']
[0.462s] Level 1:colcon.colcon_core.package_identification:_identify(src/my_service_server) by extension 'ros'
[0.468s] DEBUG:colcon.colcon_core.package_identification:Package 'src/my_service_server' with type 'ros.ament_python' and name 'my_service_server'
[0.469s] Level 1:colcon.colcon_core.package_identification:_identify(src/my_tf2_demo) by extensions ['ignore', 'ignore_ament_install']
[0.469s] Level 1:colcon.colcon_core.package_identification:_identify(src/my_tf2_demo) by extension 'ignore'
[0.469s] Level 1:colcon.colcon_core.package_identification:_identify(src/my_tf2_demo) by extension 'ignore_ament_install'
[0.470s] Level 1:colcon.colcon_core.package_identification:_identify(src/my_tf2_demo) by extensions ['colcon_pkg']
[0.470s] Level 1:colcon.colcon_core.package_identification:_identify(src/my_tf2_demo) by extension 'colcon_pkg'
[0.470s] Level 1:colcon.colcon_core.package_identification:_identify(src/my_tf2_demo) by extensions ['colcon_meta']
[0.470s] Level 1:colcon.colcon_core.package_identification:_identify(src/my_tf2_demo) by extension 'colcon_meta'
[0.470s] Level 1:colcon.colcon_core.package_identification:_identify(src/my_tf2_demo) by extensions ['ros']
[0.470s] Level 1:colcon.colcon_core.package_identification:_identify(src/my_tf2_demo) by extension 'ros'
[0.472s] DEBUG:colcon.colcon_core.package_identification:Package 'src/my_tf2_demo' with type 'ros.ament_python' and name 'my_tf2_demo'
[0.472s] Level 1:colcon.colcon_core.package_identification:_identify(src/my_turtle_controller) by extensions ['ignore', 'ignore_ament_install']
[0.473s] Level 1:colcon.colcon_core.package_identification:_identify(src/my_turtle_controller) by extension 'ignore'
[0.473s] Level 1:colcon.colcon_core.package_identification:_identify(src/my_turtle_controller) by extension 'ignore_ament_install'
[0.473s] Level 1:colcon.colcon_core.package_identification:_identify(src/my_turtle_controller) by extensions ['colcon_pkg']
[0.473s] Level 1:colcon.colcon_core.package_identification:_identify(src/my_turtle_controller) by extension 'colcon_pkg'
[0.473s] Level 1:colcon.colcon_core.package_identification:_identify(src/my_turtle_controller) by extensions ['colcon_meta']
[0.473s] Level 1:colcon.colcon_core.package_identification:_identify(src/my_turtle_controller) by extension 'colcon_meta'
[0.473s] Level 1:colcon.colcon_core.package_identification:_identify(src/my_turtle_controller) by extensions ['ros']
[0.474s] Level 1:colcon.colcon_core.package_identification:_identify(src/my_turtle_controller) by extension 'ros'
[0.475s] DEBUG:colcon.colcon_core.package_identification:Package 'src/my_turtle_controller' with type 'ros.ament_python' and name 'my_turtle_controller'
[0.476s] Level 1:colcon.colcon_core.package_identification:_identify(src/my_two_wheel_robot) by extensions ['ignore', 'ignore_ament_install']
[0.476s] Level 1:colcon.colcon_core.package_identification:_identify(src/my_two_wheel_robot) by extension 'ignore'
[0.476s] Level 1:colcon.colcon_core.package_identification:_identify(src/my_two_wheel_robot) by extension 'ignore_ament_install'
[0.476s] Level 1:colcon.colcon_core.package_identification:_identify(src/my_two_wheel_robot) by extensions ['colcon_pkg']
[0.476s] Level 1:colcon.colcon_core.package_identification:_identify(src/my_two_wheel_robot) by extension 'colcon_pkg'
[0.476s] Level 1:colcon.colcon_core.package_identification:_identify(src/my_two_wheel_robot) by extensions ['colcon_meta']
[0.476s] Level 1:colcon.colcon_core.package_identification:_identify(src/my_two_wheel_robot) by extension 'colcon_meta'
[0.477s] Level 1:colcon.colcon_core.package_identification:_identify(src/my_two_wheel_robot) by extensions ['ros']
[0.477s] Level 1:colcon.colcon_core.package_identification:_identify(src/my_two_wheel_robot) by extension 'ros'
[0.480s] DEBUG:colcon.colcon_core.package_identification:Package 'src/my_two_wheel_robot' with type 'ros.ament_cmake' and name 'my_two_wheel_robot'
[0.482s] Level 1:colcon.colcon_core.package_identification:_identify(src/puppersim) by extensions ['ignore', 'ignore_ament_install']
[0.483s] Level 1:colcon.colcon_core.package_identification:_identify(src/puppersim) by extension 'ignore'
[0.483s] Level 1:colcon.colcon_core.package_identification:_identify(src/puppersim) by extension 'ignore_ament_install'
[0.484s] Level 1:colcon.colcon_core.package_identification:_identify(src/puppersim) by extensions ['colcon_pkg']
[0.484s] Level 1:colcon.colcon_core.package_identification:_identify(src/puppersim) by extension 'colcon_pkg'
[0.486s] Level 1:colcon.colcon_core.package_identification:_identify(src/puppersim) by extensions ['colcon_meta']
[0.486s] Level 1:colcon.colcon_core.package_identification:_identify(src/puppersim) by extension 'colcon_meta'
[0.486s] Level 1:colcon.colcon_core.package_identification:_identify(src/puppersim) by extensions ['ros']
[0.486s] Level 1:colcon.colcon_core.package_identification:_identify(src/puppersim) by extension 'ros'
[0.487s] Level 1:colcon.colcon_core.package_identification:_identify(src/puppersim) by extensions ['cmake', 'python']
[0.487s] Level 1:colcon.colcon_core.package_identification:_identify(src/puppersim) by extension 'cmake'
[0.487s] Level 1:colcon.colcon_core.package_identification:_identify(src/puppersim) by extension 'python'
[0.488s] Level 1:colcon.colcon_core.package_identification:_identify(src/puppersim) by extensions ['python_setup_py']
[0.488s] Level 1:colcon.colcon_core.package_identification:_identify(src/puppersim) by extension 'python_setup_py'
[1.048s] DEBUG:colcon.colcon_core.package_identification:Package 'src/puppersim' with type 'python' and name 'puppersim'
[1.050s] Level 1:colcon.colcon_core.package_identification:_identify(src/ros1_mosh) by extensions ['ignore', 'ignore_ament_install']
[1.051s] Level 1:colcon.colcon_core.package_identification:_identify(src/ros1_mosh) by extension 'ignore'
[1.051s] Level 1:colcon.colcon_core.package_identification:_identify(src/ros1_mosh) by extension 'ignore_ament_install'
[1.052s] Level 1:colcon.colcon_core.package_identification:_identify(src/ros1_mosh) by extensions ['colcon_pkg']
[1.052s] Level 1:colcon.colcon_core.package_identification:_identify(src/ros1_mosh) by extension 'colcon_pkg'
[1.052s] Level 1:colcon.colcon_core.package_identification:_identify(src/ros1_mosh) by extensions ['colcon_meta']
[1.052s] Level 1:colcon.colcon_core.package_identification:_identify(src/ros1_mosh) by extension 'colcon_meta'
[1.052s] Level 1:colcon.colcon_core.package_identification:_identify(src/ros1_mosh) by extensions ['ros']
[1.052s] Level 1:colcon.colcon_core.package_identification:_identify(src/ros1_mosh) by extension 'ros'
[1.054s] DEBUG:colcon.colcon_core.package_identification:Package 'src/ros1_mosh' with type 'ros.ament_python' and name 'ros1_mosh'
[1.055s] Level 1:colcon.colcon_core.package_identification:_identify(src/serial) by extensions ['ignore', 'ignore_ament_install']
[1.055s] Level 1:colcon.colcon_core.package_identification:_identify(src/serial) by extension 'ignore'
[1.055s] Level 1:colcon.colcon_core.package_identification:_identify(src/serial) by extension 'ignore_ament_install'
[1.056s] Level 1:colcon.colcon_core.package_identification:_identify(src/serial) by extensions ['colcon_pkg']
[1.056s] Level 1:colcon.colcon_core.package_identification:_identify(src/serial) by extension 'colcon_pkg'
[1.056s] Level 1:colcon.colcon_core.package_identification:_identify(src/serial) by extensions ['colcon_meta']
[1.056s] Level 1:colcon.colcon_core.package_identification:_identify(src/serial) by extension 'colcon_meta'
[1.057s] Level 1:colcon.colcon_core.package_identification:_identify(src/serial) by extensions ['ros']
[1.057s] Level 1:colcon.colcon_core.package_identification:_identify(src/serial) by extension 'ros'
[1.059s] DEBUG:colcon.colcon_core.package_identification:Package 'src/serial' with type 'ros.ament_cmake' and name 'serial'
[1.060s] Level 1:colcon.colcon_core.package_identification:_identify(src/turtle_dekart_control_interface) by extensions ['ignore', 'ignore_ament_install']
[1.060s] Level 1:colcon.colcon_core.package_identification:_identify(src/turtle_dekart_control_interface) by extension 'ignore'
[1.061s] Level 1:colcon.colcon_core.package_identification:_identify(src/turtle_dekart_control_interface) by extension 'ignore_ament_install'
[1.062s] Level 1:colcon.colcon_core.package_identification:_identify(src/turtle_dekart_control_interface) by extensions ['colcon_pkg']
[1.062s] Level 1:colcon.colcon_core.package_identification:_identify(src/turtle_dekart_control_interface) by extension 'colcon_pkg'
[1.063s] Level 1:colcon.colcon_core.package_identification:_identify(src/turtle_dekart_control_interface) by extensions ['colcon_meta']
[1.063s] Level 1:colcon.colcon_core.package_identification:_identify(src/turtle_dekart_control_interface) by extension 'colcon_meta'
[1.063s] Level 1:colcon.colcon_core.package_identification:_identify(src/turtle_dekart_control_interface) by extensions ['ros']
[1.064s] Level 1:colcon.colcon_core.package_identification:_identify(src/turtle_dekart_control_interface) by extension 'ros'
[1.065s] DEBUG:colcon.colcon_core.package_identification:Package 'src/turtle_dekart_control_interface' with type 'ros.ament_cmake' and name 'turtle_dekart_control_interface'
[1.066s] Level 1:colcon.colcon_core.package_identification:_identify(src/twist_converter) by extensions ['ignore', 'ignore_ament_install']
[1.066s] Level 1:colcon.colcon_core.package_identification:_identify(src/twist_converter) by extension 'ignore'
[1.066s] Level 1:colcon.colcon_core.package_identification:_identify(src/twist_converter) by extension 'ignore_ament_install'
[1.067s] Level 1:colcon.colcon_core.package_identification:_identify(src/twist_converter) by extensions ['colcon_pkg']
[1.067s] Level 1:colcon.colcon_core.package_identification:_identify(src/twist_converter) by extension 'colcon_pkg'
[1.067s] Level 1:colcon.colcon_core.package_identification:_identify(src/twist_converter) by extensions ['colcon_meta']
[1.067s] Level 1:colcon.colcon_core.package_identification:_identify(src/twist_converter) by extension 'colcon_meta'
[1.067s] Level 1:colcon.colcon_core.package_identification:_identify(src/twist_converter) by extensions ['ros']
[1.067s] Level 1:colcon.colcon_core.package_identification:_identify(src/twist_converter) by extension 'ros'
[1.069s] DEBUG:colcon.colcon_core.package_identification:Package 'src/twist_converter' with type 'ros.ament_python' and name 'twist_converter'
[1.070s] Level 1:colcon.colcon_core.package_identification:_identify(src/zmrobo_init) by extensions ['ignore', 'ignore_ament_install']
[1.070s] Level 1:colcon.colcon_core.package_identification:_identify(src/zmrobo_init) by extension 'ignore'
[1.070s] Level 1:colcon.colcon_core.package_identification:_identify(src/zmrobo_init) by extension 'ignore_ament_install'
[1.071s] Level 1:colcon.colcon_core.package_identification:_identify(src/zmrobo_init) by extensions ['colcon_pkg']
[1.071s] Level 1:colcon.colcon_core.package_identification:_identify(src/zmrobo_init) by extension 'colcon_pkg'
[1.071s] Level 1:colcon.colcon_core.package_identification:_identify(src/zmrobo_init) by extensions ['colcon_meta']
[1.071s] Level 1:colcon.colcon_core.package_identification:_identify(src/zmrobo_init) by extension 'colcon_meta'
[1.071s] Level 1:colcon.colcon_core.package_identification:_identify(src/zmrobo_init) by extensions ['ros']
[1.071s] Level 1:colcon.colcon_core.package_identification:_identify(src/zmrobo_init) by extension 'ros'
[1.074s] DEBUG:colcon.colcon_core.package_identification:Package 'src/zmrobo_init' with type 'ros.ament_cmake' and name 'zmrobo_init'
[1.075s] Level 1:colcon.colcon_core.package_discovery:discover_packages(recursive) using defaults
[1.075s] Level 1:colcon.colcon_core.package_discovery:discover_packages(ignore) discover
[1.075s] Level 1:colcon.colcon_core.package_discovery:discover_packages(ignore) using defaults
[1.075s] Level 1:colcon.colcon_core.package_discovery:discover_packages(path) discover
[1.075s] Level 1:colcon.colcon_core.package_discovery:discover_packages(path) using defaults
[1.117s] INFO:colcon.colcon_core.package_selection:Skipping not selected package '3t' in 'src/3t'
[1.118s] INFO:colcon.colcon_core.package_selection:Skipping not selected package 'mini-pupper_description' in 'src/mini_pupper_description'
[1.118s] INFO:colcon.colcon_core.package_selection:Skipping not selected package 'my_action_interface' in 'src/my_action_interface'
[1.118s] INFO:colcon.colcon_core.package_selection:Skipping not selected package 'my_calculate_action' in 'src/my_calculate_action'
[1.118s] INFO:colcon.colcon_core.package_selection:Skipping not selected package 'my_custom_interface' in 'src/my_custom_interface'
[1.118s] INFO:colcon.colcon_core.package_selection:Skipping not selected package 'my_project_start' in 'src/my_project_start'
[1.118s] INFO:colcon.colcon_core.package_selection:Skipping not selected package 'my_service_interfaces' in 'src/my_service_interfaces'
[1.118s] INFO:colcon.colcon_core.package_selection:Skipping not selected package 'my_service_server' in 'src/my_service_server'
[1.118s] INFO:colcon.colcon_core.package_selection:Skipping not selected package 'my_tf2_demo' in 'src/my_tf2_demo'
[1.118s] INFO:colcon.colcon_core.package_selection:Skipping not selected package 'my_two_wheel_robot' in 'src/my_two_wheel_robot'
[1.118s] INFO:colcon.colcon_core.package_selection:Skipping not selected package 'puppersim' in 'src/puppersim'
[1.119s] INFO:colcon.colcon_core.package_selection:Skipping not selected package 'ros1_mosh' in 'src/ros1_mosh'
[1.119s] INFO:colcon.colcon_core.package_selection:Skipping not selected package 'serial' in 'src/serial'
[1.119s] INFO:colcon.colcon_core.package_selection:Skipping not selected package 'turtle_dekart_control_interface' in 'src/turtle_dekart_control_interface'
[1.119s] INFO:colcon.colcon_core.package_selection:Skipping not selected package 'twist_converter' in 'src/twist_converter'
[1.119s] INFO:colcon.colcon_core.package_selection:Skipping not selected package 'my_service_client' in 'src/my_service_client'
[1.119s] INFO:colcon.colcon_core.package_selection:Skipping not selected package 'my_turtle_controller' in 'src/my_turtle_controller'
[1.120s] Level 1:colcon.colcon_core.package_discovery:discover_packages(prefix_path) check parameters
[1.120s] Level 1:colcon.colcon_core.package_discovery:discover_packages(prefix_path) discover
[1.126s] DEBUG:colcon.colcon_installed_package_information.package_discovery:Found 3 installed packages in /home/za1van/ros2_ws/install
[1.129s] DEBUG:colcon.colcon_installed_package_information.package_discovery:Found 348 installed packages in /opt/ros/jazzy
[1.131s] Level 1:colcon.colcon_core.package_discovery:discover_packages(prefix_path) using defaults
[1.207s] Level 5:colcon.colcon_core.verb:set package 'zmrobo_init' build argument 'cmake_args' from command line to 'None'
[1.207s] Level 5:colcon.colcon_core.verb:set package 'zmrobo_init' build argument 'cmake_target' from command line to 'None'
[1.208s] Level 5:colcon.colcon_core.verb:set package 'zmrobo_init' build argument 'cmake_target_skip_unavailable' from command line to 'False'
[1.208s] Level 5:colcon.colcon_core.verb:set package 'zmrobo_init' build argument 'cmake_clean_cache' from command line to 'False'
[1.208s] Level 5:colcon.colcon_core.verb:set package 'zmrobo_init' build argument 'cmake_clean_first' from command line to 'False'
[1.208s] Level 5:colcon.colcon_core.verb:set package 'zmrobo_init' build argument 'cmake_force_configure' from command line to 'False'
[1.208s] Level 5:colcon.colcon_core.verb:set package 'zmrobo_init' build argument 'ament_cmake_args' from command line to 'None'
[1.208s] Level 5:colcon.colcon_core.verb:set package 'zmrobo_init' build argument 'catkin_cmake_args' from command line to 'None'
[1.208s] Level 5:colcon.colcon_core.verb:set package 'zmrobo_init' build argument 'catkin_skip_building_tests' from command line to 'False'
[1.208s] DEBUG:colcon.colcon_core.verb:Building package 'zmrobo_init' with the following arguments: {'ament_cmake_args': None, 'build_base': '/home/za1van/ros2_ws/build/zmrobo_init', 'catkin_cmake_args': None, 'catkin_skip_building_tests': False, 'cmake_args': None, 'cmake_clean_cache': False, 'cmake_clean_first': False, 'cmake_force_configure': False, 'cmake_target': None, 'cmake_target_skip_unavailable': False, 'install_base': '/home/za1van/ros2_ws/install/zmrobo_init', 'merge_install': False, 'path': '/home/za1van/ros2_ws/src/zmrobo_init', 'symlink_install': False, 'test_result_base': None}
[1.209s] INFO:colcon.colcon_core.executor:Executing jobs using 'parallel' executor
[1.210s] DEBUG:colcon.colcon_parallel_executor.executor.parallel:run_until_complete
[1.210s] INFO:colcon.colcon_ros.task.ament_cmake.build:Building ROS package in '/home/za1van/ros2_ws/src/zmrobo_init' with build type 'ament_cmake'
[1.211s] INFO:colcon.colcon_cmake.task.cmake.build:Building CMake package in '/home/za1van/ros2_ws/src/zmrobo_init'
[1.215s] INFO:colcon.colcon_core.plugin_system:Skipping extension 'colcon_core.shell.bat': Not used on non-Windows systems
[1.215s] INFO:colcon.colcon_core.shell:Skip shell extension 'powershell' for command environment: Not usable outside of PowerShell
[1.215s] DEBUG:colcon.colcon_core.shell:Skip shell extension 'dsv' for command environment
[1.247s] DEBUG:colcon.colcon_core.event_handler.log_command:Invoking command in '/home/za1van/ros2_ws/build/zmrobo_init': CMAKE_PREFIX_PATH=${CMAKE_PREFIX_PATH}:/home/za1van/ros2_ws/install/3t:/opt/ros/jazzy DEBUGINFOD_URLS=https://debuginfod.ubuntu.com /usr/bin/cmake /home/za1van/ros2_ws/src/zmrobo_init -DCMAKE_INSTALL_PREFIX=/home/za1van/ros2_ws/install/zmrobo_init
[8.275s] DEBUG:colcon.colcon_core.event_handler.log_command:Invoked command in '/home/za1van/ros2_ws/build/zmrobo_init' returned '0': CMAKE_PREFIX_PATH=${CMAKE_PREFIX_PATH}:/home/za1van/ros2_ws/install/3t:/opt/ros/jazzy DEBUGINFOD_URLS=https://debuginfod.ubuntu.com /usr/bin/cmake /home/za1van/ros2_ws/src/zmrobo_init -DCMAKE_INSTALL_PREFIX=/home/za1van/ros2_ws/install/zmrobo_init
[8.279s] DEBUG:colcon.colcon_core.event_handler.log_command:Invoking command in '/home/za1van/ros2_ws/build/zmrobo_init': CMAKE_PREFIX_PATH=${CMAKE_PREFIX_PATH}:/home/za1van/ros2_ws/install/3t:/opt/ros/jazzy DEBUGINFOD_URLS=https://debuginfod.ubuntu.com /usr/bin/cmake --build /home/za1van/ros2_ws/build/zmrobo_init -- -j4 -l4
[9.048s] DEBUG:colcon.colcon_core.event_handler.log_command:Invoked command in '/home/za1van/ros2_ws/build/zmrobo_init' returned '2': CMAKE_PREFIX_PATH=${CMAKE_PREFIX_PATH}:/home/za1van/ros2_ws/install/3t:/opt/ros/jazzy DEBUGINFOD_URLS=https://debuginfod.ubuntu.com /usr/bin/cmake --build /home/za1van/ros2_ws/build/zmrobo_init -- -j4 -l4
[9.049s] Level 1:colcon.colcon_core.environment:create_environment_scripts_only(zmrobo_init)
[9.053s] Level 1:colcon.colcon_core.environment:checking '/home/za1van/ros2_ws/install/zmrobo_init' for CMake module files
[9.058s] Level 1:colcon.colcon_core.environment:checking '/home/za1van/ros2_ws/install/zmrobo_init' for CMake config files
[9.060s] Level 1:colcon.colcon_core.environment:checking '/home/za1van/ros2_ws/install/zmrobo_init/bin'
[9.060s] Level 1:colcon.colcon_core.environment:checking '/home/za1van/ros2_ws/install/zmrobo_init/lib/pkgconfig/zmrobo_init.pc'
[9.060s] Level 1:colcon.colcon_core.environment:checking '/home/za1van/ros2_ws/install/zmrobo_init/lib/python3.12/site-packages'
[9.061s] Level 1:colcon.colcon_core.environment:checking '/home/za1van/ros2_ws/install/zmrobo_init/bin'
[9.062s] INFO:colcon.colcon_core.shell:Creating package script '/home/za1van/ros2_ws/install/zmrobo_init/share/zmrobo_init/package.ps1'
[9.064s] INFO:colcon.colcon_core.shell:Creating package descriptor '/home/za1van/ros2_ws/install/zmrobo_init/share/zmrobo_init/package.dsv'
[9.065s] INFO:colcon.colcon_core.shell:Creating package script '/home/za1van/ros2_ws/install/zmrobo_init/share/zmrobo_init/package.sh'
[9.066s] INFO:colcon.colcon_core.shell:Creating package script '/home/za1van/ros2_ws/install/zmrobo_init/share/zmrobo_init/package.bash'
[9.068s] INFO:colcon.colcon_core.shell:Creating package script '/home/za1van/ros2_ws/install/zmrobo_init/share/zmrobo_init/package.zsh'
[9.069s] Level 1:colcon.colcon_core.environment:create_file_with_runtime_dependencies(/home/za1van/ros2_ws/install/zmrobo_init/share/colcon-core/packages/zmrobo_init)
[9.081s] DEBUG:colcon.colcon_parallel_executor.executor.parallel:closing loop
[9.082s] DEBUG:colcon.colcon_parallel_executor.executor.parallel:loop closed
[9.082s] DEBUG:colcon.colcon_parallel_executor.executor.parallel:run_until_complete finished with '2'
[9.082s] DEBUG:colcon.colcon_core.event_reactor:joining thread
[9.095s] INFO:colcon.colcon_core.plugin_system:Skipping extension 'colcon_notification.desktop_notification.terminal_notifier': Not used on non-Darwin systems
[9.095s] INFO:colcon.colcon_core.plugin_system:Skipping extension 'colcon_notification.desktop_notification.win32': Not used on non-Windows systems
[9.095s] INFO:colcon.colcon_notification.desktop_notification:Sending desktop notification using 'notify2'
[9.114s] DEBUG:colcon.colcon_core.event_reactor:joined thread
[9.115s] INFO:colcon.colcon_core.shell:Creating prefix script '/home/za1van/ros2_ws/install/local_setup.ps1'
[9.116s] INFO:colcon.colcon_core.shell:Creating prefix util module '/home/za1van/ros2_ws/install/_local_setup_util_ps1.py'
[9.120s] INFO:colcon.colcon_core.shell:Creating prefix chain script '/home/za1van/ros2_ws/install/setup.ps1'
[9.128s] INFO:colcon.colcon_core.shell:Creating prefix script '/home/za1van/ros2_ws/install/local_setup.sh'
[9.131s] INFO:colcon.colcon_core.shell:Creating prefix util module '/home/za1van/ros2_ws/install/_local_setup_util_sh.py'
[9.132s] INFO:colcon.colcon_core.shell:Creating prefix chain script '/home/za1van/ros2_ws/install/setup.sh'
[9.136s] INFO:colcon.colcon_core.shell:Creating prefix script '/home/za1van/ros2_ws/install/local_setup.bash'
[9.140s] INFO:colcon.colcon_core.shell:Creating prefix chain script '/home/za1van/ros2_ws/install/setup.bash'
[9.145s] INFO:colcon.colcon_core.shell:Creating prefix script '/home/za1van/ros2_ws/install/local_setup.zsh'
[9.146s] INFO:colcon.colcon_core.shell:Creating prefix chain script '/home/za1van/ros2_ws/install/setup.zsh'
