[2.347s] Invoking command in '/home/za1van/ros2_ws/src/my_service_server': DEBUGINFOD_URLS=https://debuginfod.ubuntu.com PYTHONPATH=/home/za1van/ros2_ws/build/my_service_server/prefix_override:/usr/lib/python3/dist-packages/colcon_core/task/python/colcon_distutils_commands:/home/za1van/ros2_ws/install/my_service_server/lib/python3.12/site-packages:${PYTHONPATH} /usr/bin/python3 -W ignore:setup.py install is deprecated -W ignore:easy_install command is deprecated setup.py egg_info --egg-base ../../build/my_service_server build --build-base /home/za1van/ros2_ws/build/my_service_server/build install --record /home/za1van/ros2_ws/build/my_service_server/install.log --single-version-externally-managed install_data
[2.476s] Traceback (most recent call last):
[2.476s]   File "/home/za1van/ros2_ws/src/my_service_server/setup.py", line 1, in <module>
[2.476s]     from setuptools import find_packages, setup
[2.476s]   File "/usr/lib/python3/dist-packages/setuptools/__init__.py", line 7, in <module>
[2.480s]     import _distutils_hack.override  # noqa: F401
[2.480s]     ^^^^^^^^^^^^^^^^^^^^^^^^^^^^^^^
[2.480s]   File "/usr/lib/python3/dist-packages/_distutils_hack/override.py", line 1, in <module>
[2.481s]     __import__('_distutils_hack').do_override()
[2.481s]   File "/usr/lib/python3/dist-packages/_distutils_hack/__init__.py", line 77, in do_override
[2.482s]     ensure_local_distutils()
[2.482s]   File "/usr/lib/python3/dist-packages/_distutils_hack/__init__.py", line 60, in ensure_local_distutils
[2.483s]     importlib.import_module('distutils')
[2.483s]   File "/usr/lib/python3.12/importlib/__init__.py", line 90, in import_module
[2.483s]     return _bootstrap._gcd_import(name[level:], package, level)
[2.484s]            ^^^^^^^^^^^^^^^^^^^^^^^^^^^^^^^^^^^^^^^^^^^^^^^^^^^^
[2.484s]   File "<frozen importlib._bootstrap>", line 1387, in _gcd_import
[2.485s]   File "<frozen importlib._bootstrap>", line 1360, in _find_and_load
[2.485s]   File "<frozen importlib._bootstrap>", line 1322, in _find_and_load_unlocked
[2.485s]   File "<frozen importlib._bootstrap>", line 1262, in _find_spec
[2.486s]   File "/usr/lib/python3/dist-packages/_distutils_hack/__init__.py", line 97, in find_spec
[2.486s]     return method()
[2.486s]            ^^^^^^^^
[2.486s]   File "/usr/lib/python3/dist-packages/_distutils_hack/__init__.py", line 104, in spec_for_distutils
[2.486s]     import importlib.abc
[2.487s]   File "/usr/lib/python3.12/importlib/abc.py", line 18, in <module>
[2.487s]     from .resources import abc as _resources_abc
[2.487s]   File "/usr/lib/python3.12/importlib/resources/__init__.py", line 3, in <module>
[2.488s]     from ._common import (
[2.488s]   File "/usr/lib/python3.12/importlib/resources/_common.py", line 15, in <module>
[2.488s]     from ._adapters import wrap_spec
[2.488s]   File "<frozen importlib._bootstrap>", line 1360, in _find_and_load
[2.488s]   File "<frozen importlib._bootstrap>", line 1331, in _find_and_load_unlocked
[2.488s]   File "<frozen importlib._bootstrap>", line 935, in _load_unlocked
[2.489s]   File "<frozen importlib._bootstrap_external>", line 991, in exec_module
[2.489s]   File "<frozen importlib._bootstrap_external>", line 1124, in get_code
[2.489s]   File "<frozen importlib._bootstrap_external>", line 753, in _compile_bytecode
[2.489s] KeyboardInterrupt
