[0.152s] DEBUG:colcon:Command line arguments: ['/usr/bin/colcon', 'build']
[0.153s] DEBUG:colcon:Parsed command line arguments: Namespace(log_base=None, log_level=None, verb_name='build', build_base='build', install_base='install', merge_install=False, symlink_install=False, test_result_base=None, continue_on_error=False, executor='parallel', parallel_workers=4, event_handlers=None, ignore_user_meta=False, metas=['./colcon.meta'], base_paths=['.'], packages_ignore=None, packages_ignore_regex=None, paths=None, packages_up_to=None, packages_up_to_regex=None, packages_above=None, packages_above_and_dependencies=None, packages_above_depth=None, packages_select_by_dep=None, packages_skip_by_dep=None, packages_skip_up_to=None, packages_select_build_failed=False, packages_skip_build_finished=False, packages_select_test_failures=False, packages_skip_test_passed=False, packages_select=None, packages_skip=None, packages_select_regex=None, packages_skip_regex=None, packages_start=None, packages_end=None, allow_overriding=[], cmake_args=None, cmake_target=None, cmake_target_skip_unavailable=False, cmake_clean_cache=False, cmake_clean_first=False, cmake_force_configure=False, ament_cmake_args=None, catkin_cmake_args=None, catkin_skip_building_tests=False, verb_parser=<colcon_defaults.argument_parser.defaults.DefaultArgumentsDecorator object at 0x72a31bca87d0>, verb_extension=<colcon_core.verb.build.BuildVerb object at 0x72a31bc23e60>, main=<bound method BuildVerb.main of <colcon_core.verb.build.BuildVerb object at 0x72a31bc23e60>>)
[0.207s] Level 1:colcon.colcon_core.package_discovery:discover_packages(colcon_meta) check parameters
[0.208s] Level 1:colcon.colcon_core.package_discovery:discover_packages(recursive) check parameters
[0.208s] Level 1:colcon.colcon_core.package_discovery:discover_packages(ignore) check parameters
[0.208s] Level 1:colcon.colcon_core.package_discovery:discover_packages(path) check parameters
[0.208s] Level 1:colcon.colcon_core.package_discovery:discover_packages(colcon_meta) discover
[0.208s] Level 1:colcon.colcon_core.package_discovery:discover_packages(recursive) discover
[0.208s] INFO:colcon.colcon_core.package_discovery:Crawling recursively for packages in '/home/za1van/ros2_ws'
[0.208s] Level 1:colcon.colcon_core.package_identification:_identify(.) by extensions ['ignore', 'ignore_ament_install']
[0.208s] Level 1:colcon.colcon_core.package_identification:_identify(.) by extension 'ignore'
[0.208s] Level 1:colcon.colcon_core.package_identification:_identify(.) by extension 'ignore_ament_install'
[0.208s] Level 1:colcon.colcon_core.package_identification:_identify(.) by extensions ['colcon_pkg']
[0.209s] Level 1:colcon.colcon_core.package_identification:_identify(.) by extension 'colcon_pkg'
[0.209s] Level 1:colcon.colcon_core.package_identification:_identify(.) by extensions ['colcon_meta']
[0.209s] Level 1:colcon.colcon_core.package_identification:_identify(.) by extension 'colcon_meta'
[0.209s] Level 1:colcon.colcon_core.package_identification:_identify(.) by extensions ['ros']
[0.209s] Level 1:colcon.colcon_core.package_identification:_identify(.) by extension 'ros'
[0.247s] Level 1:colcon.colcon_core.package_identification:_identify(.) by extensions ['cmake', 'python']
[0.247s] Level 1:colcon.colcon_core.package_identification:_identify(.) by extension 'cmake'
[0.247s] Level 1:colcon.colcon_core.package_identification:_identify(.) by extension 'python'
[0.247s] Level 1:colcon.colcon_core.package_identification:_identify(.) by extensions ['python_setup_py']
[0.247s] Level 1:colcon.colcon_core.package_identification:_identify(.) by extension 'python_setup_py'
[0.248s] Level 1:colcon.colcon_core.package_identification:_identify(build) by extensions ['ignore', 'ignore_ament_install']
[0.248s] Level 1:colcon.colcon_core.package_identification:_identify(build) by extension 'ignore'
[0.248s] Level 1:colcon.colcon_core.package_identification:_identify(build) ignored
[0.248s] Level 1:colcon.colcon_core.package_identification:_identify(install) by extensions ['ignore', 'ignore_ament_install']
[0.248s] Level 1:colcon.colcon_core.package_identification:_identify(install) by extension 'ignore'
[0.248s] Level 1:colcon.colcon_core.package_identification:_identify(install) ignored
[0.248s] Level 1:colcon.colcon_core.package_identification:_identify(log) by extensions ['ignore', 'ignore_ament_install']
[0.249s] Level 1:colcon.colcon_core.package_identification:_identify(log) by extension 'ignore'
[0.249s] Level 1:colcon.colcon_core.package_identification:_identify(log) ignored
[0.249s] Level 1:colcon.colcon_core.package_identification:_identify(src) by extensions ['ignore', 'ignore_ament_install']
[0.249s] Level 1:colcon.colcon_core.package_identification:_identify(src) by extension 'ignore'
[0.249s] Level 1:colcon.colcon_core.package_identification:_identify(src) by extension 'ignore_ament_install'
[0.249s] Level 1:colcon.colcon_core.package_identification:_identify(src) by extensions ['colcon_pkg']
[0.249s] Level 1:colcon.colcon_core.package_identification:_identify(src) by extension 'colcon_pkg'
[0.249s] Level 1:colcon.colcon_core.package_identification:_identify(src) by extensions ['colcon_meta']
[0.249s] Level 1:colcon.colcon_core.package_identification:_identify(src) by extension 'colcon_meta'
[0.250s] Level 1:colcon.colcon_core.package_identification:_identify(src) by extensions ['ros']
[0.250s] Level 1:colcon.colcon_core.package_identification:_identify(src) by extension 'ros'
[0.250s] Level 1:colcon.colcon_core.package_identification:_identify(src) by extensions ['cmake', 'python']
[0.250s] Level 1:colcon.colcon_core.package_identification:_identify(src) by extension 'cmake'
[0.250s] Level 1:colcon.colcon_core.package_identification:_identify(src) by extension 'python'
[0.250s] Level 1:colcon.colcon_core.package_identification:_identify(src) by extensions ['python_setup_py']
[0.250s] Level 1:colcon.colcon_core.package_identification:_identify(src) by extension 'python_setup_py'
[0.250s] Level 1:colcon.colcon_core.package_identification:_identify(src/3t) by extensions ['ignore', 'ignore_ament_install']
[0.250s] Level 1:colcon.colcon_core.package_identification:_identify(src/3t) by extension 'ignore'
[0.250s] Level 1:colcon.colcon_core.package_identification:_identify(src/3t) by extension 'ignore_ament_install'
[0.251s] Level 1:colcon.colcon_core.package_identification:_identify(src/3t) by extensions ['colcon_pkg']
[0.251s] Level 1:colcon.colcon_core.package_identification:_identify(src/3t) by extension 'colcon_pkg'
[0.251s] Level 1:colcon.colcon_core.package_identification:_identify(src/3t) by extensions ['colcon_meta']
[0.251s] Level 1:colcon.colcon_core.package_identification:_identify(src/3t) by extension 'colcon_meta'
[0.251s] Level 1:colcon.colcon_core.package_identification:_identify(src/3t) by extensions ['ros']
[0.251s] Level 1:colcon.colcon_core.package_identification:_identify(src/3t) by extension 'ros'
[0.255s] DEBUG:colcon.colcon_core.package_identification:Package 'src/3t' with type 'ros.ament_python' and name '3t'
[0.255s] Level 1:colcon.colcon_core.package_identification:_identify(src/build) by extensions ['ignore', 'ignore_ament_install']
[0.255s] Level 1:colcon.colcon_core.package_identification:_identify(src/build) by extension 'ignore'
[0.255s] Level 1:colcon.colcon_core.package_identification:_identify(src/build) ignored
[0.255s] Level 1:colcon.colcon_core.package_identification:_identify(src/install) by extensions ['ignore', 'ignore_ament_install']
[0.255s] Level 1:colcon.colcon_core.package_identification:_identify(src/install) by extension 'ignore'
[0.256s] Level 1:colcon.colcon_core.package_identification:_identify(src/install) ignored
[0.256s] Level 1:colcon.colcon_core.package_identification:_identify(src/log) by extensions ['ignore', 'ignore_ament_install']
[0.256s] Level 1:colcon.colcon_core.package_identification:_identify(src/log) by extension 'ignore'
[0.256s] Level 1:colcon.colcon_core.package_identification:_identify(src/log) ignored
[0.256s] Level 1:colcon.colcon_core.package_identification:_identify(src/my_project_start) by extensions ['ignore', 'ignore_ament_install']
[0.256s] Level 1:colcon.colcon_core.package_identification:_identify(src/my_project_start) by extension 'ignore'
[0.256s] Level 1:colcon.colcon_core.package_identification:_identify(src/my_project_start) by extension 'ignore_ament_install'
[0.256s] Level 1:colcon.colcon_core.package_identification:_identify(src/my_project_start) by extensions ['colcon_pkg']
[0.256s] Level 1:colcon.colcon_core.package_identification:_identify(src/my_project_start) by extension 'colcon_pkg'
[0.256s] Level 1:colcon.colcon_core.package_identification:_identify(src/my_project_start) by extensions ['colcon_meta']
[0.256s] Level 1:colcon.colcon_core.package_identification:_identify(src/my_project_start) by extension 'colcon_meta'
[0.256s] Level 1:colcon.colcon_core.package_identification:_identify(src/my_project_start) by extensions ['ros']
[0.256s] Level 1:colcon.colcon_core.package_identification:_identify(src/my_project_start) by extension 'ros'
[0.257s] DEBUG:colcon.colcon_core.package_identification:Package 'src/my_project_start' with type 'ros.ament_python' and name 'my_project_start'
[0.257s] Level 1:colcon.colcon_core.package_identification:_identify(src/my_service_client) by extensions ['ignore', 'ignore_ament_install']
[0.257s] Level 1:colcon.colcon_core.package_identification:_identify(src/my_service_client) by extension 'ignore'
[0.257s] Level 1:colcon.colcon_core.package_identification:_identify(src/my_service_client) by extension 'ignore_ament_install'
[0.258s] Level 1:colcon.colcon_core.package_identification:_identify(src/my_service_client) by extensions ['colcon_pkg']
[0.258s] Level 1:colcon.colcon_core.package_identification:_identify(src/my_service_client) by extension 'colcon_pkg'
[0.258s] Level 1:colcon.colcon_core.package_identification:_identify(src/my_service_client) by extensions ['colcon_meta']
[0.258s] Level 1:colcon.colcon_core.package_identification:_identify(src/my_service_client) by extension 'colcon_meta'
[0.258s] Level 1:colcon.colcon_core.package_identification:_identify(src/my_service_client) by extensions ['ros']
[0.258s] Level 1:colcon.colcon_core.package_identification:_identify(src/my_service_client) by extension 'ros'
[0.259s] DEBUG:colcon.colcon_core.package_identification:Package 'src/my_service_client' with type 'ros.ament_python' and name 'my_service_client'
[0.259s] Level 1:colcon.colcon_core.package_identification:_identify(src/my_service_interfaces) by extensions ['ignore', 'ignore_ament_install']
[0.259s] Level 1:colcon.colcon_core.package_identification:_identify(src/my_service_interfaces) by extension 'ignore'
[0.260s] Level 1:colcon.colcon_core.package_identification:_identify(src/my_service_interfaces) by extension 'ignore_ament_install'
[0.260s] Level 1:colcon.colcon_core.package_identification:_identify(src/my_service_interfaces) by extensions ['colcon_pkg']
[0.260s] Level 1:colcon.colcon_core.package_identification:_identify(src/my_service_interfaces) by extension 'colcon_pkg'
[0.260s] Level 1:colcon.colcon_core.package_identification:_identify(src/my_service_interfaces) by extensions ['colcon_meta']
[0.260s] Level 1:colcon.colcon_core.package_identification:_identify(src/my_service_interfaces) by extension 'colcon_meta'
[0.260s] Level 1:colcon.colcon_core.package_identification:_identify(src/my_service_interfaces) by extensions ['ros']
[0.260s] Level 1:colcon.colcon_core.package_identification:_identify(src/my_service_interfaces) by extension 'ros'
[0.262s] DEBUG:colcon.colcon_core.package_identification:Package 'src/my_service_interfaces' with type 'ros.ament_cmake' and name 'my_service_interfaces'
[0.262s] Level 1:colcon.colcon_core.package_identification:_identify(src/my_service_server) by extensions ['ignore', 'ignore_ament_install']
[0.262s] Level 1:colcon.colcon_core.package_identification:_identify(src/my_service_server) by extension 'ignore'
[0.262s] Level 1:colcon.colcon_core.package_identification:_identify(src/my_service_server) by extension 'ignore_ament_install'
[0.262s] Level 1:colcon.colcon_core.package_identification:_identify(src/my_service_server) by extensions ['colcon_pkg']
[0.262s] Level 1:colcon.colcon_core.package_identification:_identify(src/my_service_server) by extension 'colcon_pkg'
[0.262s] Level 1:colcon.colcon_core.package_identification:_identify(src/my_service_server) by extensions ['colcon_meta']
[0.262s] Level 1:colcon.colcon_core.package_identification:_identify(src/my_service_server) by extension 'colcon_meta'
[0.262s] Level 1:colcon.colcon_core.package_identification:_identify(src/my_service_server) by extensions ['ros']
[0.262s] Level 1:colcon.colcon_core.package_identification:_identify(src/my_service_server) by extension 'ros'
[0.263s] DEBUG:colcon.colcon_core.package_identification:Package 'src/my_service_server' with type 'ros.ament_python' and name 'my_service_server'
[0.263s] Level 1:colcon.colcon_core.package_identification:_identify(src/my_turtle_controller) by extensions ['ignore', 'ignore_ament_install']
[0.263s] Level 1:colcon.colcon_core.package_identification:_identify(src/my_turtle_controller) by extension 'ignore'
[0.264s] Level 1:colcon.colcon_core.package_identification:_identify(src/my_turtle_controller) by extension 'ignore_ament_install'
[0.264s] Level 1:colcon.colcon_core.package_identification:_identify(src/my_turtle_controller) by extensions ['colcon_pkg']
[0.264s] Level 1:colcon.colcon_core.package_identification:_identify(src/my_turtle_controller) by extension 'colcon_pkg'
[0.264s] Level 1:colcon.colcon_core.package_identification:_identify(src/my_turtle_controller) by extensions ['colcon_meta']
[0.264s] Level 1:colcon.colcon_core.package_identification:_identify(src/my_turtle_controller) by extension 'colcon_meta'
[0.264s] Level 1:colcon.colcon_core.package_identification:_identify(src/my_turtle_controller) by extensions ['ros']
[0.264s] Level 1:colcon.colcon_core.package_identification:_identify(src/my_turtle_controller) by extension 'ros'
[0.264s] DEBUG:colcon.colcon_core.package_identification:Package 'src/my_turtle_controller' with type 'ros.ament_python' and name 'my_turtle_controller'
[0.265s] Level 1:colcon.colcon_core.package_discovery:discover_packages(recursive) using defaults
[0.265s] Level 1:colcon.colcon_core.package_discovery:discover_packages(ignore) discover
[0.265s] Level 1:colcon.colcon_core.package_discovery:discover_packages(ignore) using defaults
[0.265s] Level 1:colcon.colcon_core.package_discovery:discover_packages(path) discover
[0.265s] Level 1:colcon.colcon_core.package_discovery:discover_packages(path) using defaults
[0.294s] Level 1:colcon.colcon_core.package_discovery:discover_packages(prefix_path) check parameters
[0.294s] Level 1:colcon.colcon_core.package_discovery:discover_packages(prefix_path) discover
[0.298s] DEBUG:colcon.colcon_installed_package_information.package_discovery:Found 6 installed packages in /home/za1van/ros2_ws/install
[0.300s] DEBUG:colcon.colcon_installed_package_information.package_discovery:Found 290 installed packages in /opt/ros/jazzy
[0.301s] Level 1:colcon.colcon_core.package_discovery:discover_packages(prefix_path) using defaults
[0.368s] Level 5:colcon.colcon_core.verb:set package '3t' build argument 'cmake_args' from command line to 'None'
[0.368s] Level 5:colcon.colcon_core.verb:set package '3t' build argument 'cmake_target' from command line to 'None'
[0.368s] Level 5:colcon.colcon_core.verb:set package '3t' build argument 'cmake_target_skip_unavailable' from command line to 'False'
[0.368s] Level 5:colcon.colcon_core.verb:set package '3t' build argument 'cmake_clean_cache' from command line to 'False'
[0.368s] Level 5:colcon.colcon_core.verb:set package '3t' build argument 'cmake_clean_first' from command line to 'False'
[0.368s] Level 5:colcon.colcon_core.verb:set package '3t' build argument 'cmake_force_configure' from command line to 'False'
[0.368s] Level 5:colcon.colcon_core.verb:set package '3t' build argument 'ament_cmake_args' from command line to 'None'
[0.368s] Level 5:colcon.colcon_core.verb:set package '3t' build argument 'catkin_cmake_args' from command line to 'None'
[0.368s] Level 5:colcon.colcon_core.verb:set package '3t' build argument 'catkin_skip_building_tests' from command line to 'False'
[0.368s] DEBUG:colcon.colcon_core.verb:Building package '3t' with the following arguments: {'ament_cmake_args': None, 'build_base': '/home/za1van/ros2_ws/build/3t', 'catkin_cmake_args': None, 'catkin_skip_building_tests': False, 'cmake_args': None, 'cmake_clean_cache': False, 'cmake_clean_first': False, 'cmake_force_configure': False, 'cmake_target': None, 'cmake_target_skip_unavailable': False, 'install_base': '/home/za1van/ros2_ws/install/3t', 'merge_install': False, 'path': '/home/za1van/ros2_ws/src/3t', 'symlink_install': False, 'test_result_base': None}
[0.368s] Level 5:colcon.colcon_core.verb:set package 'my_project_start' build argument 'cmake_args' from command line to 'None'
[0.368s] Level 5:colcon.colcon_core.verb:set package 'my_project_start' build argument 'cmake_target' from command line to 'None'
[0.368s] Level 5:colcon.colcon_core.verb:set package 'my_project_start' build argument 'cmake_target_skip_unavailable' from command line to 'False'
[0.368s] Level 5:colcon.colcon_core.verb:set package 'my_project_start' build argument 'cmake_clean_cache' from command line to 'False'
[0.368s] Level 5:colcon.colcon_core.verb:set package 'my_project_start' build argument 'cmake_clean_first' from command line to 'False'
[0.368s] Level 5:colcon.colcon_core.verb:set package 'my_project_start' build argument 'cmake_force_configure' from command line to 'False'
[0.368s] Level 5:colcon.colcon_core.verb:set package 'my_project_start' build argument 'ament_cmake_args' from command line to 'None'
[0.369s] Level 5:colcon.colcon_core.verb:set package 'my_project_start' build argument 'catkin_cmake_args' from command line to 'None'
[0.369s] Level 5:colcon.colcon_core.verb:set package 'my_project_start' build argument 'catkin_skip_building_tests' from command line to 'False'
[0.369s] DEBUG:colcon.colcon_core.verb:Building package 'my_project_start' with the following arguments: {'ament_cmake_args': None, 'build_base': '/home/za1van/ros2_ws/build/my_project_start', 'catkin_cmake_args': None, 'catkin_skip_building_tests': False, 'cmake_args': None, 'cmake_clean_cache': False, 'cmake_clean_first': False, 'cmake_force_configure': False, 'cmake_target': None, 'cmake_target_skip_unavailable': False, 'install_base': '/home/za1van/ros2_ws/install/my_project_start', 'merge_install': False, 'path': '/home/za1van/ros2_ws/src/my_project_start', 'symlink_install': False, 'test_result_base': None}
[0.369s] Level 5:colcon.colcon_core.verb:set package 'my_service_interfaces' build argument 'cmake_args' from command line to 'None'
[0.369s] Level 5:colcon.colcon_core.verb:set package 'my_service_interfaces' build argument 'cmake_target' from command line to 'None'
[0.369s] Level 5:colcon.colcon_core.verb:set package 'my_service_interfaces' build argument 'cmake_target_skip_unavailable' from command line to 'False'
[0.369s] Level 5:colcon.colcon_core.verb:set package 'my_service_interfaces' build argument 'cmake_clean_cache' from command line to 'False'
[0.369s] Level 5:colcon.colcon_core.verb:set package 'my_service_interfaces' build argument 'cmake_clean_first' from command line to 'False'
[0.369s] Level 5:colcon.colcon_core.verb:set package 'my_service_interfaces' build argument 'cmake_force_configure' from command line to 'False'
[0.369s] Level 5:colcon.colcon_core.verb:set package 'my_service_interfaces' build argument 'ament_cmake_args' from command line to 'None'
[0.369s] Level 5:colcon.colcon_core.verb:set package 'my_service_interfaces' build argument 'catkin_cmake_args' from command line to 'None'
[0.369s] Level 5:colcon.colcon_core.verb:set package 'my_service_interfaces' build argument 'catkin_skip_building_tests' from command line to 'False'
[0.369s] DEBUG:colcon.colcon_core.verb:Building package 'my_service_interfaces' with the following arguments: {'ament_cmake_args': None, 'build_base': '/home/za1van/ros2_ws/build/my_service_interfaces', 'catkin_cmake_args': None, 'catkin_skip_building_tests': False, 'cmake_args': None, 'cmake_clean_cache': False, 'cmake_clean_first': False, 'cmake_force_configure': False, 'cmake_target': None, 'cmake_target_skip_unavailable': False, 'install_base': '/home/za1van/ros2_ws/install/my_service_interfaces', 'merge_install': False, 'path': '/home/za1van/ros2_ws/src/my_service_interfaces', 'symlink_install': False, 'test_result_base': None}
[0.370s] Level 5:colcon.colcon_core.verb:set package 'my_service_server' build argument 'cmake_args' from command line to 'None'
[0.370s] Level 5:colcon.colcon_core.verb:set package 'my_service_server' build argument 'cmake_target' from command line to 'None'
[0.370s] Level 5:colcon.colcon_core.verb:set package 'my_service_server' build argument 'cmake_target_skip_unavailable' from command line to 'False'
[0.370s] Level 5:colcon.colcon_core.verb:set package 'my_service_server' build argument 'cmake_clean_cache' from command line to 'False'
[0.370s] Level 5:colcon.colcon_core.verb:set package 'my_service_server' build argument 'cmake_clean_first' from command line to 'False'
[0.370s] Level 5:colcon.colcon_core.verb:set package 'my_service_server' build argument 'cmake_force_configure' from command line to 'False'
[0.370s] Level 5:colcon.colcon_core.verb:set package 'my_service_server' build argument 'ament_cmake_args' from command line to 'None'
[0.370s] Level 5:colcon.colcon_core.verb:set package 'my_service_server' build argument 'catkin_cmake_args' from command line to 'None'
[0.370s] Level 5:colcon.colcon_core.verb:set package 'my_service_server' build argument 'catkin_skip_building_tests' from command line to 'False'
[0.370s] DEBUG:colcon.colcon_core.verb:Building package 'my_service_server' with the following arguments: {'ament_cmake_args': None, 'build_base': '/home/za1van/ros2_ws/build/my_service_server', 'catkin_cmake_args': None, 'catkin_skip_building_tests': False, 'cmake_args': None, 'cmake_clean_cache': False, 'cmake_clean_first': False, 'cmake_force_configure': False, 'cmake_target': None, 'cmake_target_skip_unavailable': False, 'install_base': '/home/za1van/ros2_ws/install/my_service_server', 'merge_install': False, 'path': '/home/za1van/ros2_ws/src/my_service_server', 'symlink_install': False, 'test_result_base': None}
[0.370s] Level 5:colcon.colcon_core.verb:set package 'my_turtle_controller' build argument 'cmake_args' from command line to 'None'
[0.370s] Level 5:colcon.colcon_core.verb:set package 'my_turtle_controller' build argument 'cmake_target' from command line to 'None'
[0.370s] Level 5:colcon.colcon_core.verb:set package 'my_turtle_controller' build argument 'cmake_target_skip_unavailable' from command line to 'False'
[0.370s] Level 5:colcon.colcon_core.verb:set package 'my_turtle_controller' build argument 'cmake_clean_cache' from command line to 'False'
[0.370s] Level 5:colcon.colcon_core.verb:set package 'my_turtle_controller' build argument 'cmake_clean_first' from command line to 'False'
[0.370s] Level 5:colcon.colcon_core.verb:set package 'my_turtle_controller' build argument 'cmake_force_configure' from command line to 'False'
[0.370s] Level 5:colcon.colcon_core.verb:set package 'my_turtle_controller' build argument 'ament_cmake_args' from command line to 'None'
[0.370s] Level 5:colcon.colcon_core.verb:set package 'my_turtle_controller' build argument 'catkin_cmake_args' from command line to 'None'
[0.370s] Level 5:colcon.colcon_core.verb:set package 'my_turtle_controller' build argument 'catkin_skip_building_tests' from command line to 'False'
[0.370s] DEBUG:colcon.colcon_core.verb:Building package 'my_turtle_controller' with the following arguments: {'ament_cmake_args': None, 'build_base': '/home/za1van/ros2_ws/build/my_turtle_controller', 'catkin_cmake_args': None, 'catkin_skip_building_tests': False, 'cmake_args': None, 'cmake_clean_cache': False, 'cmake_clean_first': False, 'cmake_force_configure': False, 'cmake_target': None, 'cmake_target_skip_unavailable': False, 'install_base': '/home/za1van/ros2_ws/install/my_turtle_controller', 'merge_install': False, 'path': '/home/za1van/ros2_ws/src/my_turtle_controller', 'symlink_install': False, 'test_result_base': None}
[0.371s] Level 5:colcon.colcon_core.verb:set package 'my_service_client' build argument 'cmake_args' from command line to 'None'
[0.371s] Level 5:colcon.colcon_core.verb:set package 'my_service_client' build argument 'cmake_target' from command line to 'None'
[0.371s] Level 5:colcon.colcon_core.verb:set package 'my_service_client' build argument 'cmake_target_skip_unavailable' from command line to 'False'
[0.371s] Level 5:colcon.colcon_core.verb:set package 'my_service_client' build argument 'cmake_clean_cache' from command line to 'False'
[0.371s] Level 5:colcon.colcon_core.verb:set package 'my_service_client' build argument 'cmake_clean_first' from command line to 'False'
[0.371s] Level 5:colcon.colcon_core.verb:set package 'my_service_client' build argument 'cmake_force_configure' from command line to 'False'
[0.371s] Level 5:colcon.colcon_core.verb:set package 'my_service_client' build argument 'ament_cmake_args' from command line to 'None'
[0.371s] Level 5:colcon.colcon_core.verb:set package 'my_service_client' build argument 'catkin_cmake_args' from command line to 'None'
[0.371s] Level 5:colcon.colcon_core.verb:set package 'my_service_client' build argument 'catkin_skip_building_tests' from command line to 'False'
[0.371s] DEBUG:colcon.colcon_core.verb:Building package 'my_service_client' with the following arguments: {'ament_cmake_args': None, 'build_base': '/home/za1van/ros2_ws/build/my_service_client', 'catkin_cmake_args': None, 'catkin_skip_building_tests': False, 'cmake_args': None, 'cmake_clean_cache': False, 'cmake_clean_first': False, 'cmake_force_configure': False, 'cmake_target': None, 'cmake_target_skip_unavailable': False, 'install_base': '/home/za1van/ros2_ws/install/my_service_client', 'merge_install': False, 'path': '/home/za1van/ros2_ws/src/my_service_client', 'symlink_install': False, 'test_result_base': None}
[0.371s] INFO:colcon.colcon_core.executor:Executing jobs using 'parallel' executor
[0.372s] DEBUG:colcon.colcon_parallel_executor.executor.parallel:run_until_complete
[0.372s] INFO:colcon.colcon_ros.task.ament_cmake.build:Building ROS package in '/home/za1van/ros2_ws/src/my_service_interfaces' with build type 'ament_cmake'
[0.373s] INFO:colcon.colcon_cmake.task.cmake.build:Building CMake package in '/home/za1van/ros2_ws/src/my_service_interfaces'
[0.376s] INFO:colcon.colcon_core.plugin_system:Skipping extension 'colcon_core.shell.bat': Not used on non-Windows systems
[0.376s] INFO:colcon.colcon_core.shell:Skip shell extension 'powershell' for command environment: Not usable outside of PowerShell
[0.376s] DEBUG:colcon.colcon_core.shell:Skip shell extension 'dsv' for command environment
[0.382s] INFO:colcon.colcon_ros.task.ament_python.build:Building ROS package in '/home/za1van/ros2_ws/src/3t' with build type 'ament_python'
[0.382s] Level 1:colcon.colcon_core.shell:create_environment_hook('3t', 'ament_prefix_path')
[0.382s] INFO:colcon.colcon_core.shell:Creating environment hook '/home/za1van/ros2_ws/install/3t/share/3t/hook/ament_prefix_path.ps1'
[0.383s] INFO:colcon.colcon_core.shell:Creating environment descriptor '/home/za1van/ros2_ws/install/3t/share/3t/hook/ament_prefix_path.dsv'
[0.384s] INFO:colcon.colcon_core.shell:Creating environment hook '/home/za1van/ros2_ws/install/3t/share/3t/hook/ament_prefix_path.sh'
[0.385s] INFO:colcon.colcon_core.shell:Skip shell extension 'powershell' for command environment: Not usable outside of PowerShell
[0.386s] DEBUG:colcon.colcon_core.shell:Skip shell extension 'dsv' for command environment
[0.391s] INFO:colcon.colcon_ros.task.ament_python.build:Building ROS package in '/home/za1van/ros2_ws/src/my_project_start' with build type 'ament_python'
[0.391s] Level 1:colcon.colcon_core.shell:create_environment_hook('my_project_start', 'ament_prefix_path')
[0.392s] INFO:colcon.colcon_core.shell:Creating environment hook '/home/za1van/ros2_ws/install/my_project_start/share/my_project_start/hook/ament_prefix_path.ps1'
[0.393s] INFO:colcon.colcon_core.shell:Creating environment descriptor '/home/za1van/ros2_ws/install/my_project_start/share/my_project_start/hook/ament_prefix_path.dsv'
[0.394s] INFO:colcon.colcon_core.shell:Creating environment hook '/home/za1van/ros2_ws/install/my_project_start/share/my_project_start/hook/ament_prefix_path.sh'
[0.395s] INFO:colcon.colcon_core.shell:Skip shell extension 'powershell' for command environment: Not usable outside of PowerShell
[0.395s] DEBUG:colcon.colcon_core.shell:Skip shell extension 'dsv' for command environment
[0.402s] INFO:colcon.colcon_ros.task.ament_python.build:Building ROS package in '/home/za1van/ros2_ws/src/my_service_server' with build type 'ament_python'
[0.403s] Level 1:colcon.colcon_core.shell:create_environment_hook('my_service_server', 'ament_prefix_path')
[0.403s] INFO:colcon.colcon_core.shell:Creating environment hook '/home/za1van/ros2_ws/install/my_service_server/share/my_service_server/hook/ament_prefix_path.ps1'
[0.405s] INFO:colcon.colcon_core.shell:Creating environment descriptor '/home/za1van/ros2_ws/install/my_service_server/share/my_service_server/hook/ament_prefix_path.dsv'
[0.406s] INFO:colcon.colcon_core.shell:Creating environment hook '/home/za1van/ros2_ws/install/my_service_server/share/my_service_server/hook/ament_prefix_path.sh'
[0.407s] INFO:colcon.colcon_core.shell:Skip shell extension 'powershell' for command environment: Not usable outside of PowerShell
[0.407s] DEBUG:colcon.colcon_core.shell:Skip shell extension 'dsv' for command environment
[0.423s] DEBUG:colcon.colcon_core.event_handler.log_command:Invoking command in '/home/za1van/ros2_ws/build/my_service_interfaces': CMAKE_PREFIX_PATH=${CMAKE_PREFIX_PATH}:/home/za1van/ros2_ws/install/my_turtle_controller:/home/za1van/ros2_ws/install/my_service_server:/home/za1van/ros2_ws/install/my_service_client:/home/za1van/ros2_ws/install/my_project_start:/home/za1van/ros2_ws/install/3t:/opt/ros/jazzy DEBUGINFOD_URLS=https://debuginfod.ubuntu.com /usr/bin/cmake --build /home/za1van/ros2_ws/build/my_service_interfaces -- -j4 -l4
[1.150s] INFO:colcon.colcon_core.task.python.build:Building Python package in '/home/za1van/ros2_ws/src/3t'
[1.150s] INFO:colcon.colcon_core.shell:Skip shell extension 'powershell' for command environment: Not usable outside of PowerShell
[1.150s] DEBUG:colcon.colcon_core.shell:Skip shell extension 'dsv' for command environment
[1.647s] INFO:colcon.colcon_core.task.python.build:Building Python package in '/home/za1van/ros2_ws/src/my_project_start'
[1.648s] INFO:colcon.colcon_core.shell:Skip shell extension 'powershell' for command environment: Not usable outside of PowerShell
[1.648s] DEBUG:colcon.colcon_core.shell:Skip shell extension 'dsv' for command environment
[2.314s] INFO:colcon.colcon_core.task.python.build:Building Python package in '/home/za1van/ros2_ws/src/my_service_server'
[2.314s] INFO:colcon.colcon_core.shell:Skip shell extension 'powershell' for command environment: Not usable outside of PowerShell
[2.314s] DEBUG:colcon.colcon_core.shell:Skip shell extension 'dsv' for command environment
[2.335s] DEBUG:colcon.colcon_core.event_handler.log_command:Invoked command in '/home/za1van/ros2_ws/build/my_service_interfaces' returned '0': CMAKE_PREFIX_PATH=${CMAKE_PREFIX_PATH}:/home/za1van/ros2_ws/install/my_turtle_controller:/home/za1van/ros2_ws/install/my_service_server:/home/za1van/ros2_ws/install/my_service_client:/home/za1van/ros2_ws/install/my_project_start:/home/za1van/ros2_ws/install/3t:/opt/ros/jazzy DEBUGINFOD_URLS=https://debuginfod.ubuntu.com /usr/bin/cmake --build /home/za1van/ros2_ws/build/my_service_interfaces -- -j4 -l4
[2.353s] DEBUG:colcon.colcon_core.event_handler.log_command:Invoking command in '/home/za1van/ros2_ws/build/my_service_interfaces': CMAKE_PREFIX_PATH=${CMAKE_PREFIX_PATH}:/home/za1van/ros2_ws/install/my_turtle_controller:/home/za1van/ros2_ws/install/my_service_server:/home/za1van/ros2_ws/install/my_service_client:/home/za1van/ros2_ws/install/my_project_start:/home/za1van/ros2_ws/install/3t:/opt/ros/jazzy DEBUGINFOD_URLS=https://debuginfod.ubuntu.com /usr/bin/cmake --install /home/za1van/ros2_ws/build/my_service_interfaces
[2.687s] Level 1:colcon.colcon_core.environment:create_environment_scripts_only(my_service_interfaces)
[2.694s] DEBUG:colcon.colcon_core.event_handler.log_command:Invoked command in '/home/za1van/ros2_ws/build/my_service_interfaces' returned '0': CMAKE_PREFIX_PATH=${CMAKE_PREFIX_PATH}:/home/za1van/ros2_ws/install/my_turtle_controller:/home/za1van/ros2_ws/install/my_service_server:/home/za1van/ros2_ws/install/my_service_client:/home/za1van/ros2_ws/install/my_project_start:/home/za1van/ros2_ws/install/3t:/opt/ros/jazzy DEBUGINFOD_URLS=https://debuginfod.ubuntu.com /usr/bin/cmake --install /home/za1van/ros2_ws/build/my_service_interfaces
[2.700s] Level 1:colcon.colcon_core.environment:checking '/home/za1van/ros2_ws/install/my_service_interfaces' for CMake module files
[2.709s] Level 1:colcon.colcon_core.environment:checking '/home/za1van/ros2_ws/install/my_service_interfaces' for CMake config files
[2.710s] Level 1:colcon.colcon_core.shell:create_environment_hook('my_service_interfaces', 'cmake_prefix_path')
[2.711s] INFO:colcon.colcon_core.shell:Creating environment hook '/home/za1van/ros2_ws/install/my_service_interfaces/share/my_service_interfaces/hook/cmake_prefix_path.ps1'
[2.720s] INFO:colcon.colcon_core.shell:Creating environment descriptor '/home/za1van/ros2_ws/install/my_service_interfaces/share/my_service_interfaces/hook/cmake_prefix_path.dsv'
[2.722s] INFO:colcon.colcon_core.shell:Creating environment hook '/home/za1van/ros2_ws/install/my_service_interfaces/share/my_service_interfaces/hook/cmake_prefix_path.sh'
[2.729s] Level 1:colcon.colcon_core.environment:checking '/home/za1van/ros2_ws/install/my_service_interfaces/lib'
[2.729s] Level 1:colcon.colcon_core.shell:create_environment_hook('my_service_interfaces', 'ld_library_path_lib')
[2.730s] INFO:colcon.colcon_core.shell:Creating environment hook '/home/za1van/ros2_ws/install/my_service_interfaces/share/my_service_interfaces/hook/ld_library_path_lib.ps1'
[2.731s] INFO:colcon.colcon_core.shell:Creating environment descriptor '/home/za1van/ros2_ws/install/my_service_interfaces/share/my_service_interfaces/hook/ld_library_path_lib.dsv'
[2.743s] INFO:colcon.colcon_core.shell:Creating environment hook '/home/za1van/ros2_ws/install/my_service_interfaces/share/my_service_interfaces/hook/ld_library_path_lib.sh'
[2.744s] Level 1:colcon.colcon_core.environment:checking '/home/za1van/ros2_ws/install/my_service_interfaces/bin'
[2.744s] Level 1:colcon.colcon_core.environment:checking '/home/za1van/ros2_ws/install/my_service_interfaces/lib/pkgconfig/my_service_interfaces.pc'
[2.744s] Level 1:colcon.colcon_core.environment:checking '/home/za1van/ros2_ws/install/my_service_interfaces/lib/python3.12/site-packages'
[2.745s] Level 1:colcon.colcon_core.shell:create_environment_hook('my_service_interfaces', 'pythonpath')
[2.745s] INFO:colcon.colcon_core.shell:Creating environment hook '/home/za1van/ros2_ws/install/my_service_interfaces/share/my_service_interfaces/hook/pythonpath.ps1'
[2.749s] INFO:colcon.colcon_core.shell:Creating environment descriptor '/home/za1van/ros2_ws/install/my_service_interfaces/share/my_service_interfaces/hook/pythonpath.dsv'
[2.754s] INFO:colcon.colcon_core.shell:Creating environment hook '/home/za1van/ros2_ws/install/my_service_interfaces/share/my_service_interfaces/hook/pythonpath.sh'
[2.763s] Level 1:colcon.colcon_core.environment:checking '/home/za1van/ros2_ws/install/my_service_interfaces/bin'
[2.764s] INFO:colcon.colcon_core.shell:Creating package script '/home/za1van/ros2_ws/install/my_service_interfaces/share/my_service_interfaces/package.ps1'
[2.766s] INFO:colcon.colcon_core.shell:Creating package descriptor '/home/za1van/ros2_ws/install/my_service_interfaces/share/my_service_interfaces/package.dsv'
[2.767s] INFO:colcon.colcon_core.shell:Creating package script '/home/za1van/ros2_ws/install/my_service_interfaces/share/my_service_interfaces/package.sh'
[2.768s] INFO:colcon.colcon_core.shell:Creating package script '/home/za1van/ros2_ws/install/my_service_interfaces/share/my_service_interfaces/package.bash'
[2.769s] INFO:colcon.colcon_core.shell:Creating package script '/home/za1van/ros2_ws/install/my_service_interfaces/share/my_service_interfaces/package.zsh'
[2.770s] Level 1:colcon.colcon_core.environment:create_file_with_runtime_dependencies(/home/za1van/ros2_ws/install/my_service_interfaces/share/colcon-core/packages/my_service_interfaces)
[2.772s] Level 1:colcon.colcon_core.environment:create_environment_scripts_only(my_service_interfaces)
[2.772s] Level 1:colcon.colcon_core.environment:checking '/home/za1van/ros2_ws/install/my_service_interfaces' for CMake module files
[2.776s] Level 1:colcon.colcon_core.environment:checking '/home/za1van/ros2_ws/install/my_service_interfaces' for CMake config files
[2.777s] Level 1:colcon.colcon_core.shell:create_environment_hook('my_service_interfaces', 'cmake_prefix_path')
[2.778s] INFO:colcon.colcon_core.shell:Creating environment hook '/home/za1van/ros2_ws/install/my_service_interfaces/share/my_service_interfaces/hook/cmake_prefix_path.ps1'
[2.780s] INFO:colcon.colcon_core.shell:Creating environment descriptor '/home/za1van/ros2_ws/install/my_service_interfaces/share/my_service_interfaces/hook/cmake_prefix_path.dsv'
[2.782s] INFO:colcon.colcon_core.shell:Creating environment hook '/home/za1van/ros2_ws/install/my_service_interfaces/share/my_service_interfaces/hook/cmake_prefix_path.sh'
[2.783s] Level 1:colcon.colcon_core.environment:checking '/home/za1van/ros2_ws/install/my_service_interfaces/lib'
[2.784s] Level 1:colcon.colcon_core.shell:create_environment_hook('my_service_interfaces', 'ld_library_path_lib')
[2.784s] INFO:colcon.colcon_core.shell:Creating environment hook '/home/za1van/ros2_ws/install/my_service_interfaces/share/my_service_interfaces/hook/ld_library_path_lib.ps1'
[2.785s] INFO:colcon.colcon_core.shell:Creating environment descriptor '/home/za1van/ros2_ws/install/my_service_interfaces/share/my_service_interfaces/hook/ld_library_path_lib.dsv'
[2.791s] INFO:colcon.colcon_core.shell:Creating environment hook '/home/za1van/ros2_ws/install/my_service_interfaces/share/my_service_interfaces/hook/ld_library_path_lib.sh'
[2.796s] Level 1:colcon.colcon_core.environment:checking '/home/za1van/ros2_ws/install/my_service_interfaces/bin'
[2.796s] Level 1:colcon.colcon_core.environment:checking '/home/za1van/ros2_ws/install/my_service_interfaces/lib/pkgconfig/my_service_interfaces.pc'
[2.796s] Level 1:colcon.colcon_core.environment:checking '/home/za1van/ros2_ws/install/my_service_interfaces/lib/python3.12/site-packages'
[2.797s] Level 1:colcon.colcon_core.shell:create_environment_hook('my_service_interfaces', 'pythonpath')
[2.797s] INFO:colcon.colcon_core.shell:Creating environment hook '/home/za1van/ros2_ws/install/my_service_interfaces/share/my_service_interfaces/hook/pythonpath.ps1'
[2.801s] INFO:colcon.colcon_core.shell:Creating environment descriptor '/home/za1van/ros2_ws/install/my_service_interfaces/share/my_service_interfaces/hook/pythonpath.dsv'
[2.804s] INFO:colcon.colcon_core.shell:Creating environment hook '/home/za1van/ros2_ws/install/my_service_interfaces/share/my_service_interfaces/hook/pythonpath.sh'
[2.808s] Level 1:colcon.colcon_core.environment:checking '/home/za1van/ros2_ws/install/my_service_interfaces/bin'
[2.809s] INFO:colcon.colcon_core.shell:Creating package script '/home/za1van/ros2_ws/install/my_service_interfaces/share/my_service_interfaces/package.ps1'
[2.812s] INFO:colcon.colcon_core.shell:Creating package descriptor '/home/za1van/ros2_ws/install/my_service_interfaces/share/my_service_interfaces/package.dsv'
[2.815s] INFO:colcon.colcon_core.shell:Creating package script '/home/za1van/ros2_ws/install/my_service_interfaces/share/my_service_interfaces/package.sh'
[2.817s] INFO:colcon.colcon_core.shell:Creating package script '/home/za1van/ros2_ws/install/my_service_interfaces/share/my_service_interfaces/package.bash'
[2.818s] INFO:colcon.colcon_core.shell:Creating package script '/home/za1van/ros2_ws/install/my_service_interfaces/share/my_service_interfaces/package.zsh'
[2.820s] Level 1:colcon.colcon_core.environment:create_file_with_runtime_dependencies(/home/za1van/ros2_ws/install/my_service_interfaces/share/colcon-core/packages/my_service_interfaces)
[2.822s] INFO:colcon.colcon_ros.task.ament_python.build:Building ROS package in '/home/za1van/ros2_ws/src/my_turtle_controller' with build type 'ament_python'
[2.822s] Level 1:colcon.colcon_core.shell:create_environment_hook('my_turtle_controller', 'ament_prefix_path')
[2.824s] INFO:colcon.colcon_core.shell:Creating environment hook '/home/za1van/ros2_ws/install/my_turtle_controller/share/my_turtle_controller/hook/ament_prefix_path.ps1'
[2.826s] INFO:colcon.colcon_core.shell:Creating environment descriptor '/home/za1van/ros2_ws/install/my_turtle_controller/share/my_turtle_controller/hook/ament_prefix_path.dsv'
[2.828s] INFO:colcon.colcon_core.shell:Creating environment hook '/home/za1van/ros2_ws/install/my_turtle_controller/share/my_turtle_controller/hook/ament_prefix_path.sh'
[2.830s] INFO:colcon.colcon_core.shell:Skip shell extension 'powershell' for command environment: Not usable outside of PowerShell
[2.830s] DEBUG:colcon.colcon_core.shell:Skip shell extension 'dsv' for command environment
[3.461s] INFO:colcon.colcon_core.task.python.build:Building Python package in '/home/za1van/ros2_ws/src/my_turtle_controller'
[3.461s] INFO:colcon.colcon_core.shell:Skip shell extension 'powershell' for command environment: Not usable outside of PowerShell
[3.462s] DEBUG:colcon.colcon_core.shell:Skip shell extension 'dsv' for command environment
[4.096s] DEBUG:colcon.colcon_core.event_handler.log_command:Invoking command in '/home/za1van/ros2_ws/src/my_project_start': DEBUGINFOD_URLS=https://debuginfod.ubuntu.com PYTHONPATH=/home/za1van/ros2_ws/build/my_project_start/prefix_override:/usr/lib/python3/dist-packages/colcon_core/task/python/colcon_distutils_commands:/home/za1van/ros2_ws/install/my_project_start/lib/python3.12/site-packages:${PYTHONPATH} /usr/bin/python3 -W ignore:setup.py install is deprecated -W ignore:easy_install command is deprecated setup.py egg_info --egg-base ../../build/my_project_start build --build-base /home/za1van/ros2_ws/build/my_project_start/build install --record /home/za1van/ros2_ws/build/my_project_start/install.log --single-version-externally-managed install_data
[4.593s] DEBUG:colcon.colcon_core.event_handler.log_command:Invoking command in '/home/za1van/ros2_ws/src/3t': DEBUGINFOD_URLS=https://debuginfod.ubuntu.com PYTHONPATH=/home/za1van/ros2_ws/build/3t/prefix_override:/usr/lib/python3/dist-packages/colcon_core/task/python/colcon_distutils_commands:/home/za1van/ros2_ws/install/3t/lib/python3.12/site-packages:${PYTHONPATH} /usr/bin/python3 -W ignore:setup.py install is deprecated -W ignore:easy_install command is deprecated setup.py egg_info --egg-base ../../build/3t build --build-base /home/za1van/ros2_ws/build/3t/build install --record /home/za1van/ros2_ws/build/3t/install.log --single-version-externally-managed install_data
[4.666s] DEBUG:colcon.colcon_core.event_handler.log_command:Invoking command in '/home/za1van/ros2_ws/src/my_service_server': DEBUGINFOD_URLS=https://debuginfod.ubuntu.com PYTHONPATH=/home/za1van/ros2_ws/build/my_service_server/prefix_override:/usr/lib/python3/dist-packages/colcon_core/task/python/colcon_distutils_commands:/home/za1van/ros2_ws/install/my_service_server/lib/python3.12/site-packages:${PYTHONPATH} /usr/bin/python3 -W ignore:setup.py install is deprecated -W ignore:easy_install command is deprecated setup.py egg_info --egg-base ../../build/my_service_server build --build-base /home/za1van/ros2_ws/build/my_service_server/build install --record /home/za1van/ros2_ws/build/my_service_server/install.log --single-version-externally-managed install_data
[5.416s] DEBUG:colcon.colcon_core.event_handler.log_command:Invoking command in '/home/za1van/ros2_ws/src/my_turtle_controller': DEBUGINFOD_URLS=https://debuginfod.ubuntu.com PYTHONPATH=/home/za1van/ros2_ws/build/my_turtle_controller/prefix_override:/usr/lib/python3/dist-packages/colcon_core/task/python/colcon_distutils_commands:/home/za1van/ros2_ws/install/my_turtle_controller/lib/python3.12/site-packages:${PYTHONPATH} /usr/bin/python3 -W ignore:setup.py install is deprecated -W ignore:easy_install command is deprecated setup.py egg_info --egg-base ../../build/my_turtle_controller build --build-base /home/za1van/ros2_ws/build/my_turtle_controller/build install --record /home/za1van/ros2_ws/build/my_turtle_controller/install.log --single-version-externally-managed install_data
[6.392s] Level 1:colcon.colcon_core.environment:checking '/home/za1van/ros2_ws/install/my_project_start' for CMake module files
[6.393s] DEBUG:colcon.colcon_core.event_handler.log_command:Invoked command in '/home/za1van/ros2_ws/src/my_project_start' returned '0': DEBUGINFOD_URLS=https://debuginfod.ubuntu.com PYTHONPATH=/home/za1van/ros2_ws/build/my_project_start/prefix_override:/usr/lib/python3/dist-packages/colcon_core/task/python/colcon_distutils_commands:/home/za1van/ros2_ws/install/my_project_start/lib/python3.12/site-packages:${PYTHONPATH} /usr/bin/python3 -W ignore:setup.py install is deprecated -W ignore:easy_install command is deprecated setup.py egg_info --egg-base ../../build/my_project_start build --build-base /home/za1van/ros2_ws/build/my_project_start/build install --record /home/za1van/ros2_ws/build/my_project_start/install.log --single-version-externally-managed install_data
[6.395s] Level 1:colcon.colcon_core.environment:checking '/home/za1van/ros2_ws/install/my_project_start' for CMake config files
[6.396s] Level 1:colcon.colcon_core.environment:checking '/home/za1van/ros2_ws/install/my_project_start/lib'
[6.396s] Level 1:colcon.colcon_core.environment:checking '/home/za1van/ros2_ws/install/my_project_start/bin'
[6.397s] Level 1:colcon.colcon_core.environment:checking '/home/za1van/ros2_ws/install/my_project_start/lib/pkgconfig/my_project_start.pc'
[6.397s] Level 1:colcon.colcon_core.environment:checking '/home/za1van/ros2_ws/install/my_project_start/lib/python3.12/site-packages'
[6.398s] Level 1:colcon.colcon_core.shell:create_environment_hook('my_project_start', 'pythonpath')
[6.398s] INFO:colcon.colcon_core.shell:Creating environment hook '/home/za1van/ros2_ws/install/my_project_start/share/my_project_start/hook/pythonpath.ps1'
[6.399s] INFO:colcon.colcon_core.shell:Creating environment descriptor '/home/za1van/ros2_ws/install/my_project_start/share/my_project_start/hook/pythonpath.dsv'
[6.400s] INFO:colcon.colcon_core.shell:Creating environment hook '/home/za1van/ros2_ws/install/my_project_start/share/my_project_start/hook/pythonpath.sh'
[6.401s] Level 1:colcon.colcon_core.environment:checking '/home/za1van/ros2_ws/install/my_project_start/bin'
[6.402s] Level 1:colcon.colcon_core.environment:create_environment_scripts_only(my_project_start)
[6.402s] INFO:colcon.colcon_core.shell:Creating package script '/home/za1van/ros2_ws/install/my_project_start/share/my_project_start/package.ps1'
[6.406s] INFO:colcon.colcon_core.shell:Creating package descriptor '/home/za1van/ros2_ws/install/my_project_start/share/my_project_start/package.dsv'
[6.407s] INFO:colcon.colcon_core.shell:Creating package script '/home/za1van/ros2_ws/install/my_project_start/share/my_project_start/package.sh'
[6.408s] INFO:colcon.colcon_core.shell:Creating package script '/home/za1van/ros2_ws/install/my_project_start/share/my_project_start/package.bash'
[6.409s] INFO:colcon.colcon_core.shell:Creating package script '/home/za1van/ros2_ws/install/my_project_start/share/my_project_start/package.zsh'
[6.410s] Level 1:colcon.colcon_core.environment:create_file_with_runtime_dependencies(/home/za1van/ros2_ws/install/my_project_start/share/colcon-core/packages/my_project_start)
[6.413s] INFO:colcon.colcon_ros.task.ament_python.build:Building ROS package in '/home/za1van/ros2_ws/src/my_service_client' with build type 'ament_python'
[6.414s] Level 1:colcon.colcon_core.shell:create_environment_hook('my_service_client', 'ament_prefix_path')
[6.414s] INFO:colcon.colcon_core.shell:Creating environment hook '/home/za1van/ros2_ws/install/my_service_client/share/my_service_client/hook/ament_prefix_path.ps1'
[6.415s] INFO:colcon.colcon_core.shell:Creating environment descriptor '/home/za1van/ros2_ws/install/my_service_client/share/my_service_client/hook/ament_prefix_path.dsv'
[6.416s] INFO:colcon.colcon_core.shell:Creating environment hook '/home/za1van/ros2_ws/install/my_service_client/share/my_service_client/hook/ament_prefix_path.sh'
[6.420s] INFO:colcon.colcon_core.shell:Skip shell extension 'powershell' for command environment: Not usable outside of PowerShell
[6.420s] DEBUG:colcon.colcon_core.shell:Skip shell extension 'dsv' for command environment
[6.434s] Level 1:colcon.colcon_core.environment:checking '/home/za1van/ros2_ws/install/my_service_server' for CMake module files
[6.435s] DEBUG:colcon.colcon_core.event_handler.log_command:Invoked command in '/home/za1van/ros2_ws/src/my_service_server' returned '0': DEBUGINFOD_URLS=https://debuginfod.ubuntu.com PYTHONPATH=/home/za1van/ros2_ws/build/my_service_server/prefix_override:/usr/lib/python3/dist-packages/colcon_core/task/python/colcon_distutils_commands:/home/za1van/ros2_ws/install/my_service_server/lib/python3.12/site-packages:${PYTHONPATH} /usr/bin/python3 -W ignore:setup.py install is deprecated -W ignore:easy_install command is deprecated setup.py egg_info --egg-base ../../build/my_service_server build --build-base /home/za1van/ros2_ws/build/my_service_server/build install --record /home/za1van/ros2_ws/build/my_service_server/install.log --single-version-externally-managed install_data
[6.439s] Level 1:colcon.colcon_core.environment:checking '/home/za1van/ros2_ws/install/my_service_server' for CMake config files
[6.443s] Level 1:colcon.colcon_core.environment:checking '/home/za1van/ros2_ws/install/my_service_server/lib'
[6.443s] Level 1:colcon.colcon_core.environment:checking '/home/za1van/ros2_ws/install/my_service_server/bin'
[6.444s] Level 1:colcon.colcon_core.environment:checking '/home/za1van/ros2_ws/install/my_service_server/lib/pkgconfig/my_service_server.pc'
[6.444s] Level 1:colcon.colcon_core.environment:checking '/home/za1van/ros2_ws/install/my_service_server/lib/python3.12/site-packages'
[6.444s] Level 1:colcon.colcon_core.shell:create_environment_hook('my_service_server', 'pythonpath')
[6.445s] INFO:colcon.colcon_core.shell:Creating environment hook '/home/za1van/ros2_ws/install/my_service_server/share/my_service_server/hook/pythonpath.ps1'
[6.451s] INFO:colcon.colcon_core.shell:Creating environment descriptor '/home/za1van/ros2_ws/install/my_service_server/share/my_service_server/hook/pythonpath.dsv'
[6.452s] INFO:colcon.colcon_core.shell:Creating environment hook '/home/za1van/ros2_ws/install/my_service_server/share/my_service_server/hook/pythonpath.sh'
[6.454s] Level 1:colcon.colcon_core.environment:checking '/home/za1van/ros2_ws/install/my_service_server/bin'
[6.455s] Level 1:colcon.colcon_core.environment:create_environment_scripts_only(my_service_server)
[6.458s] INFO:colcon.colcon_core.shell:Creating package script '/home/za1van/ros2_ws/install/my_service_server/share/my_service_server/package.ps1'
[6.459s] INFO:colcon.colcon_core.shell:Creating package descriptor '/home/za1van/ros2_ws/install/my_service_server/share/my_service_server/package.dsv'
[6.461s] INFO:colcon.colcon_core.shell:Creating package script '/home/za1van/ros2_ws/install/my_service_server/share/my_service_server/package.sh'
[6.462s] INFO:colcon.colcon_core.shell:Creating package script '/home/za1van/ros2_ws/install/my_service_server/share/my_service_server/package.bash'
[6.464s] INFO:colcon.colcon_core.shell:Creating package script '/home/za1van/ros2_ws/install/my_service_server/share/my_service_server/package.zsh'
[6.464s] Level 1:colcon.colcon_core.environment:create_file_with_runtime_dependencies(/home/za1van/ros2_ws/install/my_service_server/share/colcon-core/packages/my_service_server)
[6.934s] INFO:colcon.colcon_core.task.python.build:Building Python package in '/home/za1van/ros2_ws/src/my_service_client'
[6.935s] INFO:colcon.colcon_core.shell:Skip shell extension 'powershell' for command environment: Not usable outside of PowerShell
[6.935s] DEBUG:colcon.colcon_core.shell:Skip shell extension 'dsv' for command environment
[6.944s] Level 1:colcon.colcon_core.environment:checking '/home/za1van/ros2_ws/install/3t' for CMake module files
[6.945s] Level 1:colcon.colcon_core.environment:checking '/home/za1van/ros2_ws/install/3t' for CMake config files
[6.946s] DEBUG:colcon.colcon_core.event_handler.log_command:Invoked command in '/home/za1van/ros2_ws/src/3t' returned '0': DEBUGINFOD_URLS=https://debuginfod.ubuntu.com PYTHONPATH=/home/za1van/ros2_ws/build/3t/prefix_override:/usr/lib/python3/dist-packages/colcon_core/task/python/colcon_distutils_commands:/home/za1van/ros2_ws/install/3t/lib/python3.12/site-packages:${PYTHONPATH} /usr/bin/python3 -W ignore:setup.py install is deprecated -W ignore:easy_install command is deprecated setup.py egg_info --egg-base ../../build/3t build --build-base /home/za1van/ros2_ws/build/3t/build install --record /home/za1van/ros2_ws/build/3t/install.log --single-version-externally-managed install_data
[6.948s] Level 1:colcon.colcon_core.environment:checking '/home/za1van/ros2_ws/install/3t/lib'
[6.948s] Level 1:colcon.colcon_core.environment:checking '/home/za1van/ros2_ws/install/3t/bin'
[6.948s] Level 1:colcon.colcon_core.environment:checking '/home/za1van/ros2_ws/install/3t/lib/pkgconfig/3t.pc'
[6.949s] Level 1:colcon.colcon_core.environment:checking '/home/za1van/ros2_ws/install/3t/lib/python3.12/site-packages'
[6.949s] Level 1:colcon.colcon_core.shell:create_environment_hook('3t', 'pythonpath')
[6.949s] INFO:colcon.colcon_core.shell:Creating environment hook '/home/za1van/ros2_ws/install/3t/share/3t/hook/pythonpath.ps1'
[6.950s] INFO:colcon.colcon_core.shell:Creating environment descriptor '/home/za1van/ros2_ws/install/3t/share/3t/hook/pythonpath.dsv'
[6.951s] INFO:colcon.colcon_core.shell:Creating environment hook '/home/za1van/ros2_ws/install/3t/share/3t/hook/pythonpath.sh'
[6.952s] Level 1:colcon.colcon_core.environment:checking '/home/za1van/ros2_ws/install/3t/bin'
[6.952s] Level 1:colcon.colcon_core.environment:create_environment_scripts_only(3t)
[6.953s] INFO:colcon.colcon_core.shell:Creating package script '/home/za1van/ros2_ws/install/3t/share/3t/package.ps1'
[6.954s] INFO:colcon.colcon_core.shell:Creating package descriptor '/home/za1van/ros2_ws/install/3t/share/3t/package.dsv'
[6.956s] INFO:colcon.colcon_core.shell:Creating package script '/home/za1van/ros2_ws/install/3t/share/3t/package.sh'
[6.957s] INFO:colcon.colcon_core.shell:Creating package script '/home/za1van/ros2_ws/install/3t/share/3t/package.bash'
[6.958s] INFO:colcon.colcon_core.shell:Creating package script '/home/za1van/ros2_ws/install/3t/share/3t/package.zsh'
[6.959s] Level 1:colcon.colcon_core.environment:create_file_with_runtime_dependencies(/home/za1van/ros2_ws/install/3t/share/colcon-core/packages/3t)
[7.114s] Level 1:colcon.colcon_core.environment:checking '/home/za1van/ros2_ws/install/my_turtle_controller' for CMake module files
[7.116s] DEBUG:colcon.colcon_core.event_handler.log_command:Invoked command in '/home/za1van/ros2_ws/src/my_turtle_controller' returned '0': DEBUGINFOD_URLS=https://debuginfod.ubuntu.com PYTHONPATH=/home/za1van/ros2_ws/build/my_turtle_controller/prefix_override:/usr/lib/python3/dist-packages/colcon_core/task/python/colcon_distutils_commands:/home/za1van/ros2_ws/install/my_turtle_controller/lib/python3.12/site-packages:${PYTHONPATH} /usr/bin/python3 -W ignore:setup.py install is deprecated -W ignore:easy_install command is deprecated setup.py egg_info --egg-base ../../build/my_turtle_controller build --build-base /home/za1van/ros2_ws/build/my_turtle_controller/build install --record /home/za1van/ros2_ws/build/my_turtle_controller/install.log --single-version-externally-managed install_data
[7.116s] Level 1:colcon.colcon_core.environment:checking '/home/za1van/ros2_ws/install/my_turtle_controller' for CMake config files
[7.117s] Level 1:colcon.colcon_core.environment:checking '/home/za1van/ros2_ws/install/my_turtle_controller/lib'
[7.117s] Level 1:colcon.colcon_core.environment:checking '/home/za1van/ros2_ws/install/my_turtle_controller/bin'
[7.117s] Level 1:colcon.colcon_core.environment:checking '/home/za1van/ros2_ws/install/my_turtle_controller/lib/pkgconfig/my_turtle_controller.pc'
[7.117s] Level 1:colcon.colcon_core.environment:checking '/home/za1van/ros2_ws/install/my_turtle_controller/lib/python3.12/site-packages'
[7.118s] Level 1:colcon.colcon_core.shell:create_environment_hook('my_turtle_controller', 'pythonpath')
[7.118s] INFO:colcon.colcon_core.shell:Creating environment hook '/home/za1van/ros2_ws/install/my_turtle_controller/share/my_turtle_controller/hook/pythonpath.ps1'
[7.119s] INFO:colcon.colcon_core.shell:Creating environment descriptor '/home/za1van/ros2_ws/install/my_turtle_controller/share/my_turtle_controller/hook/pythonpath.dsv'
[7.119s] INFO:colcon.colcon_core.shell:Creating environment hook '/home/za1van/ros2_ws/install/my_turtle_controller/share/my_turtle_controller/hook/pythonpath.sh'
[7.121s] Level 1:colcon.colcon_core.environment:checking '/home/za1van/ros2_ws/install/my_turtle_controller/bin'
[7.121s] Level 1:colcon.colcon_core.environment:create_environment_scripts_only(my_turtle_controller)
[7.122s] INFO:colcon.colcon_core.shell:Creating package script '/home/za1van/ros2_ws/install/my_turtle_controller/share/my_turtle_controller/package.ps1'
[7.123s] INFO:colcon.colcon_core.shell:Creating package descriptor '/home/za1van/ros2_ws/install/my_turtle_controller/share/my_turtle_controller/package.dsv'
[7.124s] INFO:colcon.colcon_core.shell:Creating package script '/home/za1van/ros2_ws/install/my_turtle_controller/share/my_turtle_controller/package.sh'
[7.125s] INFO:colcon.colcon_core.shell:Creating package script '/home/za1van/ros2_ws/install/my_turtle_controller/share/my_turtle_controller/package.bash'
[7.126s] INFO:colcon.colcon_core.shell:Creating package script '/home/za1van/ros2_ws/install/my_turtle_controller/share/my_turtle_controller/package.zsh'
[7.127s] Level 1:colcon.colcon_core.environment:create_file_with_runtime_dependencies(/home/za1van/ros2_ws/install/my_turtle_controller/share/colcon-core/packages/my_turtle_controller)
[8.047s] DEBUG:colcon.colcon_core.event_handler.log_command:Invoking command in '/home/za1van/ros2_ws/src/my_service_client': DEBUGINFOD_URLS=https://debuginfod.ubuntu.com PYTHONPATH=/home/za1van/ros2_ws/build/my_service_client/prefix_override:/usr/lib/python3/dist-packages/colcon_core/task/python/colcon_distutils_commands:/home/za1van/ros2_ws/install/my_service_client/lib/python3.12/site-packages:/home/za1van/ros2_ws/install/my_service_interfaces/lib/python3.12/site-packages:/home/za1van/ros2_ws/install/my_turtle_controller/lib/python3.12/site-packages:/home/za1van/ros2_ws/install/my_service_server/lib/python3.12/site-packages:/home/za1van/ros2_ws/install/my_service_client/lib/python3.12/site-packages:/home/za1van/ros2_ws/install/my_project_start/lib/python3.12/site-packages:/home/za1van/ros2_ws/install/3t/lib/python3.12/site-packages:/opt/ros/jazzy/lib/python3.12/site-packages /usr/bin/python3 -W ignore:setup.py install is deprecated -W ignore:easy_install command is deprecated setup.py egg_info --egg-base ../../build/my_service_client build --build-base /home/za1van/ros2_ws/build/my_service_client/build install --record /home/za1van/ros2_ws/build/my_service_client/install.log --single-version-externally-managed install_data
[9.014s] Level 1:colcon.colcon_core.environment:checking '/home/za1van/ros2_ws/install/my_service_client' for CMake module files
[9.015s] DEBUG:colcon.colcon_core.event_handler.log_command:Invoked command in '/home/za1van/ros2_ws/src/my_service_client' returned '0': DEBUGINFOD_URLS=https://debuginfod.ubuntu.com PYTHONPATH=/home/za1van/ros2_ws/build/my_service_client/prefix_override:/usr/lib/python3/dist-packages/colcon_core/task/python/colcon_distutils_commands:/home/za1van/ros2_ws/install/my_service_client/lib/python3.12/site-packages:/home/za1van/ros2_ws/install/my_service_interfaces/lib/python3.12/site-packages:/home/za1van/ros2_ws/install/my_turtle_controller/lib/python3.12/site-packages:/home/za1van/ros2_ws/install/my_service_server/lib/python3.12/site-packages:/home/za1van/ros2_ws/install/my_service_client/lib/python3.12/site-packages:/home/za1van/ros2_ws/install/my_project_start/lib/python3.12/site-packages:/home/za1van/ros2_ws/install/3t/lib/python3.12/site-packages:/opt/ros/jazzy/lib/python3.12/site-packages /usr/bin/python3 -W ignore:setup.py install is deprecated -W ignore:easy_install command is deprecated setup.py egg_info --egg-base ../../build/my_service_client build --build-base /home/za1van/ros2_ws/build/my_service_client/build install --record /home/za1van/ros2_ws/build/my_service_client/install.log --single-version-externally-managed install_data
[9.016s] Level 1:colcon.colcon_core.environment:checking '/home/za1van/ros2_ws/install/my_service_client' for CMake config files
[9.016s] Level 1:colcon.colcon_core.environment:checking '/home/za1van/ros2_ws/install/my_service_client/lib'
[9.016s] Level 1:colcon.colcon_core.environment:checking '/home/za1van/ros2_ws/install/my_service_client/bin'
[9.017s] Level 1:colcon.colcon_core.environment:checking '/home/za1van/ros2_ws/install/my_service_client/lib/pkgconfig/my_service_client.pc'
[9.017s] Level 1:colcon.colcon_core.environment:checking '/home/za1van/ros2_ws/install/my_service_client/lib/python3.12/site-packages'
[9.017s] Level 1:colcon.colcon_core.shell:create_environment_hook('my_service_client', 'pythonpath')
[9.018s] INFO:colcon.colcon_core.shell:Creating environment hook '/home/za1van/ros2_ws/install/my_service_client/share/my_service_client/hook/pythonpath.ps1'
[9.019s] INFO:colcon.colcon_core.shell:Creating environment descriptor '/home/za1van/ros2_ws/install/my_service_client/share/my_service_client/hook/pythonpath.dsv'
[9.020s] INFO:colcon.colcon_core.shell:Creating environment hook '/home/za1van/ros2_ws/install/my_service_client/share/my_service_client/hook/pythonpath.sh'
[9.020s] Level 1:colcon.colcon_core.environment:checking '/home/za1van/ros2_ws/install/my_service_client/bin'
[9.021s] Level 1:colcon.colcon_core.environment:create_environment_scripts_only(my_service_client)
[9.021s] INFO:colcon.colcon_core.shell:Creating package script '/home/za1van/ros2_ws/install/my_service_client/share/my_service_client/package.ps1'
[9.022s] INFO:colcon.colcon_core.shell:Creating package descriptor '/home/za1van/ros2_ws/install/my_service_client/share/my_service_client/package.dsv'
[9.022s] INFO:colcon.colcon_core.shell:Creating package script '/home/za1van/ros2_ws/install/my_service_client/share/my_service_client/package.sh'
[9.023s] INFO:colcon.colcon_core.shell:Creating package script '/home/za1van/ros2_ws/install/my_service_client/share/my_service_client/package.bash'
[9.023s] INFO:colcon.colcon_core.shell:Creating package script '/home/za1van/ros2_ws/install/my_service_client/share/my_service_client/package.zsh'
[9.024s] Level 1:colcon.colcon_core.environment:create_file_with_runtime_dependencies(/home/za1van/ros2_ws/install/my_service_client/share/colcon-core/packages/my_service_client)
[9.024s] DEBUG:colcon.colcon_parallel_executor.executor.parallel:closing loop
[9.024s] DEBUG:colcon.colcon_parallel_executor.executor.parallel:loop closed
[9.024s] DEBUG:colcon.colcon_parallel_executor.executor.parallel:run_until_complete finished with '0'
[9.024s] DEBUG:colcon.colcon_core.event_reactor:joining thread
[9.033s] INFO:colcon.colcon_core.plugin_system:Skipping extension 'colcon_notification.desktop_notification.terminal_notifier': Not used on non-Darwin systems
[9.033s] INFO:colcon.colcon_core.plugin_system:Skipping extension 'colcon_notification.desktop_notification.win32': Not used on non-Windows systems
[9.033s] INFO:colcon.colcon_notification.desktop_notification:Sending desktop notification using 'notify2'
[9.045s] DEBUG:colcon.colcon_core.event_reactor:joined thread
[9.046s] INFO:colcon.colcon_core.shell:Creating prefix script '/home/za1van/ros2_ws/install/local_setup.ps1'
[9.049s] INFO:colcon.colcon_core.shell:Creating prefix util module '/home/za1van/ros2_ws/install/_local_setup_util_ps1.py'
[9.054s] INFO:colcon.colcon_core.shell:Creating prefix chain script '/home/za1van/ros2_ws/install/setup.ps1'
[9.062s] INFO:colcon.colcon_core.shell:Creating prefix script '/home/za1van/ros2_ws/install/local_setup.sh'
[9.065s] INFO:colcon.colcon_core.shell:Creating prefix util module '/home/za1van/ros2_ws/install/_local_setup_util_sh.py'
[9.066s] INFO:colcon.colcon_core.shell:Creating prefix chain script '/home/za1van/ros2_ws/install/setup.sh'
[9.072s] INFO:colcon.colcon_core.shell:Creating prefix script '/home/za1van/ros2_ws/install/local_setup.bash'
[9.073s] INFO:colcon.colcon_core.shell:Creating prefix chain script '/home/za1van/ros2_ws/install/setup.bash'
[9.076s] INFO:colcon.colcon_core.shell:Creating prefix script '/home/za1van/ros2_ws/install/local_setup.zsh'
[9.077s] INFO:colcon.colcon_core.shell:Creating prefix chain script '/home/za1van/ros2_ws/install/setup.zsh'
