[0.047s] Invoking command in '/home/za1van/ros2_ws/build/turtle_dekart_control_interface': CMAKE_PREFIX_PATH=${CMAKE_PREFIX_PATH}:/home/za1van/ros2_ws/install/twist_converter:/home/za1van/ros2_ws/install/my_turtle_controller:/home/za1van/ros2_ws/install/my_tf2_demo:/home/za1van/ros2_ws/install/my_service_server:/home/za1van/ros2_ws/install/my_service_client:/home/za1van/ros2_ws/install/my_project_start:/home/za1van/ros2_ws/install/my_calculate_action:/home/za1van/ros2_ws/install/3t:/opt/ros/jazzy DEBUGINFOD_URLS=https://debuginfod.ubuntu.com /usr/bin/cmake --build /home/za1van/ros2_ws/build/turtle_dekart_control_interface -- -j4 -l4
[0.172s] [  2%] Built target turtle_dekart_control_interface__rosidl_generator_type_description
[0.227s] [  2%] Built target ament_cmake_python_copy_turtle_dekart_control_interface
[0.241s] [ 17%] Built target turtle_dekart_control_interface__rosidl_generator_c
[0.241s] [ 20%] Built target turtle_dekart_control_interface__cpp
[0.279s] [ 29%] Built target turtle_dekart_control_interface__rosidl_typesupport_introspection_c
[0.313s] [ 38%] Built target turtle_dekart_control_interface__rosidl_typesupport_c
[0.351s] [ 47%] Built target turtle_dekart_control_interface__rosidl_typesupport_fastrtps_c
[0.390s] [ 55%] Built target turtle_dekart_control_interface__rosidl_typesupport_introspection_cpp
[0.412s] [ 64%] Built target turtle_dekart_control_interface__rosidl_typesupport_cpp
[0.446s] [ 73%] Built target turtle_dekart_control_interface__rosidl_typesupport_fastrtps_cpp
[0.484s] [ 73%] Built target turtle_dekart_control_interface
[0.539s] [ 76%] Built target turtle_dekart_control_interface__py
[0.587s] [ 82%] Built target turtle_dekart_control_interface__rosidl_generator_py
[0.639s] [ 88%] Built target turtle_dekart_control_interface_s__rosidl_typesupport_fastrtps_c
[0.654s] [ 94%] Built target turtle_dekart_control_interface_s__rosidl_typesupport_introspection_c
[0.691s] [100%] Built target turtle_dekart_control_interface_s__rosidl_typesupport_c
[0.971s] running egg_info
[1.061s] writing turtle_dekart_control_interface.egg-info/PKG-INFO
[1.062s] writing dependency_links to turtle_dekart_control_interface.egg-info/dependency_links.txt
[1.063s] writing top-level names to turtle_dekart_control_interface.egg-info/top_level.txt
[1.313s] reading manifest file 'turtle_dekart_control_interface.egg-info/SOURCES.txt'
[1.315s] writing manifest file 'turtle_dekart_control_interface.egg-info/SOURCES.txt'
[1.394s] [100%] Built target ament_cmake_python_build_turtle_dekart_control_interface_egg
[1.408s] Invoked command in '/home/za1van/ros2_ws/build/turtle_dekart_control_interface' returned '0': CMAKE_PREFIX_PATH=${CMAKE_PREFIX_PATH}:/home/za1van/ros2_ws/install/twist_converter:/home/za1van/ros2_ws/install/my_turtle_controller:/home/za1van/ros2_ws/install/my_tf2_demo:/home/za1van/ros2_ws/install/my_service_server:/home/za1van/ros2_ws/install/my_service_client:/home/za1van/ros2_ws/install/my_project_start:/home/za1van/ros2_ws/install/my_calculate_action:/home/za1van/ros2_ws/install/3t:/opt/ros/jazzy DEBUGINFOD_URLS=https://debuginfod.ubuntu.com /usr/bin/cmake --build /home/za1van/ros2_ws/build/turtle_dekart_control_interface -- -j4 -l4
[1.412s] Invoking command in '/home/za1van/ros2_ws/build/turtle_dekart_control_interface': CMAKE_PREFIX_PATH=${CMAKE_PREFIX_PATH}:/home/za1van/ros2_ws/install/twist_converter:/home/za1van/ros2_ws/install/my_turtle_controller:/home/za1van/ros2_ws/install/my_tf2_demo:/home/za1van/ros2_ws/install/my_service_server:/home/za1van/ros2_ws/install/my_service_client:/home/za1van/ros2_ws/install/my_project_start:/home/za1van/ros2_ws/install/my_calculate_action:/home/za1van/ros2_ws/install/3t:/opt/ros/jazzy DEBUGINFOD_URLS=https://debuginfod.ubuntu.com /usr/bin/cmake --install /home/za1van/ros2_ws/build/turtle_dekart_control_interface
[1.432s] -- Install configuration: ""
[1.435s] -- Up-to-date: /home/za1van/ros2_ws/install/turtle_dekart_control_interface/share/ament_index/resource_index/rosidl_interfaces/turtle_dekart_control_interface
[1.437s] -- Up-to-date: /home/za1van/ros2_ws/install/turtle_dekart_control_interface/share/turtle_dekart_control_interface/msg/Numbers.json
[1.438s] -- Up-to-date: /home/za1van/ros2_ws/install/turtle_dekart_control_interface/include/turtle_dekart_control_interface/turtle_dekart_control_interface
[1.439s] -- Up-to-date: /home/za1van/ros2_ws/install/turtle_dekart_control_interface/include/turtle_dekart_control_interface/turtle_dekart_control_interface/msg
[1.439s] -- Up-to-date: /home/za1van/ros2_ws/install/turtle_dekart_control_interface/include/turtle_dekart_control_interface/turtle_dekart_control_interface/msg/rosidl_generator_c__visibility_control.h
[1.441s] -- Up-to-date: /home/za1van/ros2_ws/install/turtle_dekart_control_interface/include/turtle_dekart_control_interface/turtle_dekart_control_interface/msg/detail
[1.441s] -- Up-to-date: /home/za1van/ros2_ws/install/turtle_dekart_control_interface/include/turtle_dekart_control_interface/turtle_dekart_control_interface/msg/detail/numbers__functions.c
[1.443s] -- Up-to-date: /home/za1van/ros2_ws/install/turtle_dekart_control_interface/include/turtle_dekart_control_interface/turtle_dekart_control_interface/msg/detail/numbers__struct.h
[1.444s] -- Installing: /home/za1van/ros2_ws/install/turtle_dekart_control_interface/include/turtle_dekart_control_interface/turtle_dekart_control_interface/msg/detail/numbers__type_support.c
[1.444s] -- Up-to-date: /home/za1van/ros2_ws/install/turtle_dekart_control_interface/include/turtle_dekart_control_interface/turtle_dekart_control_interface/msg/detail/numbers__description.c
[1.446s] -- Up-to-date: /home/za1van/ros2_ws/install/turtle_dekart_control_interface/include/turtle_dekart_control_interface/turtle_dekart_control_interface/msg/detail/numbers__type_support.h
[1.446s] -- Up-to-date: /home/za1van/ros2_ws/install/turtle_dekart_control_interface/include/turtle_dekart_control_interface/turtle_dekart_control_interface/msg/detail/numbers__functions.h
[1.447s] -- Up-to-date: /home/za1van/ros2_ws/install/turtle_dekart_control_interface/include/turtle_dekart_control_interface/turtle_dekart_control_interface/msg/numbers.h
[1.447s] -- Up-to-date: /home/za1van/ros2_ws/install/turtle_dekart_control_interface/share/turtle_dekart_control_interface/environment/library_path.sh
[1.447s] -- Up-to-date: /home/za1van/ros2_ws/install/turtle_dekart_control_interface/share/turtle_dekart_control_interface/environment/library_path.dsv
[1.448s] -- Up-to-date: /home/za1van/ros2_ws/install/turtle_dekart_control_interface/lib/libturtle_dekart_control_interface__rosidl_generator_c.so
[1.449s] -- Up-to-date: /home/za1van/ros2_ws/install/turtle_dekart_control_interface/include/turtle_dekart_control_interface/turtle_dekart_control_interface
[1.449s] -- Up-to-date: /home/za1van/ros2_ws/install/turtle_dekart_control_interface/include/turtle_dekart_control_interface/turtle_dekart_control_interface/msg
[1.449s] -- Up-to-date: /home/za1van/ros2_ws/install/turtle_dekart_control_interface/include/turtle_dekart_control_interface/turtle_dekart_control_interface/msg/rosidl_typesupport_fastrtps_c__visibility_control.h
[1.449s] -- Up-to-date: /home/za1van/ros2_ws/install/turtle_dekart_control_interface/include/turtle_dekart_control_interface/turtle_dekart_control_interface/msg/detail
[1.453s] -- Up-to-date: /home/za1van/ros2_ws/install/turtle_dekart_control_interface/include/turtle_dekart_control_interface/turtle_dekart_control_interface/msg/detail/numbers__rosidl_typesupport_fastrtps_c.h
[1.453s] -- Up-to-date: /home/za1van/ros2_ws/install/turtle_dekart_control_interface/lib/libturtle_dekart_control_interface__rosidl_typesupport_fastrtps_c.so
[1.454s] -- Up-to-date: /home/za1van/ros2_ws/install/turtle_dekart_control_interface/include/turtle_dekart_control_interface/turtle_dekart_control_interface
[1.455s] -- Up-to-date: /home/za1van/ros2_ws/install/turtle_dekart_control_interface/include/turtle_dekart_control_interface/turtle_dekart_control_interface/msg
[1.456s] -- Up-to-date: /home/za1van/ros2_ws/install/turtle_dekart_control_interface/include/turtle_dekart_control_interface/turtle_dekart_control_interface/msg/detail
[1.456s] -- Up-to-date: /home/za1van/ros2_ws/install/turtle_dekart_control_interface/include/turtle_dekart_control_interface/turtle_dekart_control_interface/msg/detail/numbers__rosidl_typesupport_introspection_c.h
[1.456s] -- Installing: /home/za1van/ros2_ws/install/turtle_dekart_control_interface/include/turtle_dekart_control_interface/turtle_dekart_control_interface/msg/detail/numbers__type_support.c
[1.456s] -- Up-to-date: /home/za1van/ros2_ws/install/turtle_dekart_control_interface/include/turtle_dekart_control_interface/turtle_dekart_control_interface/msg/rosidl_typesupport_introspection_c__visibility_control.h
[1.459s] -- Up-to-date: /home/za1van/ros2_ws/install/turtle_dekart_control_interface/lib/libturtle_dekart_control_interface__rosidl_typesupport_introspection_c.so
[1.459s] -- Up-to-date: /home/za1van/ros2_ws/install/turtle_dekart_control_interface/lib/libturtle_dekart_control_interface__rosidl_typesupport_c.so
[1.461s] -- Up-to-date: /home/za1van/ros2_ws/install/turtle_dekart_control_interface/include/turtle_dekart_control_interface/turtle_dekart_control_interface
[1.461s] -- Up-to-date: /home/za1van/ros2_ws/install/turtle_dekart_control_interface/include/turtle_dekart_control_interface/turtle_dekart_control_interface/msg
[1.463s] -- Up-to-date: /home/za1van/ros2_ws/install/turtle_dekart_control_interface/include/turtle_dekart_control_interface/turtle_dekart_control_interface/msg/rosidl_generator_cpp__visibility_control.hpp
[1.465s] -- Up-to-date: /home/za1van/ros2_ws/install/turtle_dekart_control_interface/include/turtle_dekart_control_interface/turtle_dekart_control_interface/msg/numbers.hpp
[1.465s] -- Up-to-date: /home/za1van/ros2_ws/install/turtle_dekart_control_interface/include/turtle_dekart_control_interface/turtle_dekart_control_interface/msg/detail
[1.466s] -- Up-to-date: /home/za1van/ros2_ws/install/turtle_dekart_control_interface/include/turtle_dekart_control_interface/turtle_dekart_control_interface/msg/detail/numbers__struct.hpp
[1.466s] -- Up-to-date: /home/za1van/ros2_ws/install/turtle_dekart_control_interface/include/turtle_dekart_control_interface/turtle_dekart_control_interface/msg/detail/numbers__builder.hpp
[1.466s] -- Up-to-date: /home/za1van/ros2_ws/install/turtle_dekart_control_interface/include/turtle_dekart_control_interface/turtle_dekart_control_interface/msg/detail/numbers__type_support.hpp
[1.466s] -- Up-to-date: /home/za1van/ros2_ws/install/turtle_dekart_control_interface/include/turtle_dekart_control_interface/turtle_dekart_control_interface/msg/detail/numbers__traits.hpp
[1.469s] -- Up-to-date: /home/za1van/ros2_ws/install/turtle_dekart_control_interface/include/turtle_dekart_control_interface/turtle_dekart_control_interface
[1.471s] -- Up-to-date: /home/za1van/ros2_ws/install/turtle_dekart_control_interface/include/turtle_dekart_control_interface/turtle_dekart_control_interface/msg
[1.471s] -- Up-to-date: /home/za1van/ros2_ws/install/turtle_dekart_control_interface/include/turtle_dekart_control_interface/turtle_dekart_control_interface/msg/rosidl_typesupport_fastrtps_cpp__visibility_control.h
[1.472s] -- Up-to-date: /home/za1van/ros2_ws/install/turtle_dekart_control_interface/include/turtle_dekart_control_interface/turtle_dekart_control_interface/msg/detail
[1.473s] -- Up-to-date: /home/za1van/ros2_ws/install/turtle_dekart_control_interface/include/turtle_dekart_control_interface/turtle_dekart_control_interface/msg/detail/dds_fastrtps
[1.473s] -- Up-to-date: /home/za1van/ros2_ws/install/turtle_dekart_control_interface/include/turtle_dekart_control_interface/turtle_dekart_control_interface/msg/detail/numbers__rosidl_typesupport_fastrtps_cpp.hpp
[1.474s] -- Up-to-date: /home/za1van/ros2_ws/install/turtle_dekart_control_interface/lib/libturtle_dekart_control_interface__rosidl_typesupport_fastrtps_cpp.so
[1.475s] -- Up-to-date: /home/za1van/ros2_ws/install/turtle_dekart_control_interface/include/turtle_dekart_control_interface/turtle_dekart_control_interface
[1.475s] -- Up-to-date: /home/za1van/ros2_ws/install/turtle_dekart_control_interface/include/turtle_dekart_control_interface/turtle_dekart_control_interface/msg
[1.476s] -- Up-to-date: /home/za1van/ros2_ws/install/turtle_dekart_control_interface/include/turtle_dekart_control_interface/turtle_dekart_control_interface/msg/detail
[1.476s] -- Up-to-date: /home/za1van/ros2_ws/install/turtle_dekart_control_interface/include/turtle_dekart_control_interface/turtle_dekart_control_interface/msg/detail/numbers__rosidl_typesupport_introspection_cpp.hpp
[1.477s] -- Up-to-date: /home/za1van/ros2_ws/install/turtle_dekart_control_interface/include/turtle_dekart_control_interface/turtle_dekart_control_interface/msg/detail/numbers__type_support.cpp
[1.477s] -- Up-to-date: /home/za1van/ros2_ws/install/turtle_dekart_control_interface/lib/libturtle_dekart_control_interface__rosidl_typesupport_introspection_cpp.so
[1.478s] -- Up-to-date: /home/za1van/ros2_ws/install/turtle_dekart_control_interface/lib/libturtle_dekart_control_interface__rosidl_typesupport_cpp.so
[1.478s] -- Up-to-date: /home/za1van/ros2_ws/install/turtle_dekart_control_interface/share/turtle_dekart_control_interface/environment/pythonpath.sh
[1.478s] -- Up-to-date: /home/za1van/ros2_ws/install/turtle_dekart_control_interface/share/turtle_dekart_control_interface/environment/pythonpath.dsv
[1.479s] -- Up-to-date: /home/za1van/ros2_ws/install/turtle_dekart_control_interface/lib/python3.12/site-packages/turtle_dekart_control_interface-0.0.0-py3.12.egg-info
[1.479s] -- Installing: /home/za1van/ros2_ws/install/turtle_dekart_control_interface/lib/python3.12/site-packages/turtle_dekart_control_interface-0.0.0-py3.12.egg-info/dependency_links.txt
[1.479s] -- Installing: /home/za1van/ros2_ws/install/turtle_dekart_control_interface/lib/python3.12/site-packages/turtle_dekart_control_interface-0.0.0-py3.12.egg-info/PKG-INFO
[1.479s] -- Installing: /home/za1van/ros2_ws/install/turtle_dekart_control_interface/lib/python3.12/site-packages/turtle_dekart_control_interface-0.0.0-py3.12.egg-info/top_level.txt
[1.479s] -- Installing: /home/za1van/ros2_ws/install/turtle_dekart_control_interface/lib/python3.12/site-packages/turtle_dekart_control_interface-0.0.0-py3.12.egg-info/SOURCES.txt
[1.479s] -- Up-to-date: /home/za1van/ros2_ws/install/turtle_dekart_control_interface/lib/python3.12/site-packages/turtle_dekart_control_interface
[1.480s] -- Up-to-date: /home/za1van/ros2_ws/install/turtle_dekart_control_interface/lib/python3.12/site-packages/turtle_dekart_control_interface/_turtle_dekart_control_interface_s.ep.rosidl_typesupport_introspection_c.c
[1.480s] -- Up-to-date: /home/za1van/ros2_ws/install/turtle_dekart_control_interface/lib/python3.12/site-packages/turtle_dekart_control_interface/turtle_dekart_control_interface_s__rosidl_typesupport_c.so
[1.480s] -- Up-to-date: /home/za1van/ros2_ws/install/turtle_dekart_control_interface/lib/python3.12/site-packages/turtle_dekart_control_interface/turtle_dekart_control_interface_s__rosidl_typesupport_introspection_c.so
[1.483s] -- Up-to-date: /home/za1van/ros2_ws/install/turtle_dekart_control_interface/lib/python3.12/site-packages/turtle_dekart_control_interface/__init__.py
[1.483s] -- Up-to-date: /home/za1van/ros2_ws/install/turtle_dekart_control_interface/lib/python3.12/site-packages/turtle_dekart_control_interface/_turtle_dekart_control_interface_s.ep.rosidl_typesupport_fastrtps_c.c
[1.484s] -- Up-to-date: /home/za1van/ros2_ws/install/turtle_dekart_control_interface/lib/python3.12/site-packages/turtle_dekart_control_interface/turtle_dekart_control_interface_s__rosidl_typesupport_fastrtps_c.so
[1.484s] -- Up-to-date: /home/za1van/ros2_ws/install/turtle_dekart_control_interface/lib/python3.12/site-packages/turtle_dekart_control_interface/msg
[1.486s] -- Up-to-date: /home/za1van/ros2_ws/install/turtle_dekart_control_interface/lib/python3.12/site-packages/turtle_dekart_control_interface/msg/_numbers_s.c
[1.486s] -- Up-to-date: /home/za1van/ros2_ws/install/turtle_dekart_control_interface/lib/python3.12/site-packages/turtle_dekart_control_interface/msg/__init__.py
[1.487s] -- Up-to-date: /home/za1van/ros2_ws/install/turtle_dekart_control_interface/lib/python3.12/site-packages/turtle_dekart_control_interface/msg/_numbers.py
[1.487s] -- Up-to-date: /home/za1van/ros2_ws/install/turtle_dekart_control_interface/lib/python3.12/site-packages/turtle_dekart_control_interface/_turtle_dekart_control_interface_s.ep.rosidl_typesupport_c.c
[1.663s] Listing '/home/za1van/ros2_ws/install/turtle_dekart_control_interface/lib/python3.12/site-packages/turtle_dekart_control_interface'...
[1.663s] Listing '/home/za1van/ros2_ws/install/turtle_dekart_control_interface/lib/python3.12/site-packages/turtle_dekart_control_interface/msg'...
[1.686s] -- Up-to-date: /home/za1van/ros2_ws/install/turtle_dekart_control_interface/lib/python3.12/site-packages/turtle_dekart_control_interface/turtle_dekart_control_interface_s__rosidl_typesupport_fastrtps_c.so
[1.688s] -- Up-to-date: /home/za1van/ros2_ws/install/turtle_dekart_control_interface/lib/python3.12/site-packages/turtle_dekart_control_interface/turtle_dekart_control_interface_s__rosidl_typesupport_introspection_c.so
[1.688s] -- Up-to-date: /home/za1van/ros2_ws/install/turtle_dekart_control_interface/lib/python3.12/site-packages/turtle_dekart_control_interface/turtle_dekart_control_interface_s__rosidl_typesupport_c.so
[1.690s] -- Up-to-date: /home/za1van/ros2_ws/install/turtle_dekart_control_interface/lib/libturtle_dekart_control_interface__rosidl_generator_py.so
[1.691s] -- Up-to-date: /home/za1van/ros2_ws/install/turtle_dekart_control_interface/share/turtle_dekart_control_interface/msg/Numbers.idl
[1.693s] -- Up-to-date: /home/za1van/ros2_ws/install/turtle_dekart_control_interface/share/turtle_dekart_control_interface/msg/Numbers.msg
[1.694s] -- Up-to-date: /home/za1van/ros2_ws/install/turtle_dekart_control_interface/share/ament_index/resource_index/package_run_dependencies/turtle_dekart_control_interface
[1.694s] -- Up-to-date: /home/za1van/ros2_ws/install/turtle_dekart_control_interface/share/ament_index/resource_index/parent_prefix_path/turtle_dekart_control_interface
[1.694s] -- Up-to-date: /home/za1van/ros2_ws/install/turtle_dekart_control_interface/share/turtle_dekart_control_interface/environment/ament_prefix_path.sh
[1.694s] -- Up-to-date: /home/za1van/ros2_ws/install/turtle_dekart_control_interface/share/turtle_dekart_control_interface/environment/ament_prefix_path.dsv
[1.694s] -- Up-to-date: /home/za1van/ros2_ws/install/turtle_dekart_control_interface/share/turtle_dekart_control_interface/environment/path.sh
[1.695s] -- Up-to-date: /home/za1van/ros2_ws/install/turtle_dekart_control_interface/share/turtle_dekart_control_interface/environment/path.dsv
[1.696s] -- Up-to-date: /home/za1van/ros2_ws/install/turtle_dekart_control_interface/share/turtle_dekart_control_interface/local_setup.bash
[1.697s] -- Up-to-date: /home/za1van/ros2_ws/install/turtle_dekart_control_interface/share/turtle_dekart_control_interface/local_setup.sh
[1.698s] -- Up-to-date: /home/za1van/ros2_ws/install/turtle_dekart_control_interface/share/turtle_dekart_control_interface/local_setup.zsh
[1.699s] -- Up-to-date: /home/za1van/ros2_ws/install/turtle_dekart_control_interface/share/turtle_dekart_control_interface/local_setup.dsv
[1.699s] -- Installing: /home/za1van/ros2_ws/install/turtle_dekart_control_interface/share/turtle_dekart_control_interface/package.dsv
[1.699s] -- Up-to-date: /home/za1van/ros2_ws/install/turtle_dekart_control_interface/share/ament_index/resource_index/packages/turtle_dekart_control_interface
[1.700s] -- Up-to-date: /home/za1van/ros2_ws/install/turtle_dekart_control_interface/share/turtle_dekart_control_interface/cmake/export_turtle_dekart_control_interface__rosidl_generator_cExport.cmake
[1.700s] -- Up-to-date: /home/za1van/ros2_ws/install/turtle_dekart_control_interface/share/turtle_dekart_control_interface/cmake/export_turtle_dekart_control_interface__rosidl_generator_cExport-noconfig.cmake
[1.700s] -- Up-to-date: /home/za1van/ros2_ws/install/turtle_dekart_control_interface/share/turtle_dekart_control_interface/cmake/export_turtle_dekart_control_interface__rosidl_typesupport_fastrtps_cExport.cmake
[1.701s] -- Up-to-date: /home/za1van/ros2_ws/install/turtle_dekart_control_interface/share/turtle_dekart_control_interface/cmake/export_turtle_dekart_control_interface__rosidl_typesupport_fastrtps_cExport-noconfig.cmake
[1.701s] -- Up-to-date: /home/za1van/ros2_ws/install/turtle_dekart_control_interface/share/turtle_dekart_control_interface/cmake/turtle_dekart_control_interface__rosidl_typesupport_introspection_cExport.cmake
[1.701s] -- Up-to-date: /home/za1van/ros2_ws/install/turtle_dekart_control_interface/share/turtle_dekart_control_interface/cmake/turtle_dekart_control_interface__rosidl_typesupport_introspection_cExport-noconfig.cmake
[1.702s] -- Up-to-date: /home/za1van/ros2_ws/install/turtle_dekart_control_interface/share/turtle_dekart_control_interface/cmake/turtle_dekart_control_interface__rosidl_typesupport_cExport.cmake
[1.702s] -- Up-to-date: /home/za1van/ros2_ws/install/turtle_dekart_control_interface/share/turtle_dekart_control_interface/cmake/turtle_dekart_control_interface__rosidl_typesupport_cExport-noconfig.cmake
[1.702s] -- Up-to-date: /home/za1van/ros2_ws/install/turtle_dekart_control_interface/share/turtle_dekart_control_interface/cmake/export_turtle_dekart_control_interface__rosidl_generator_cppExport.cmake
[1.703s] -- Up-to-date: /home/za1van/ros2_ws/install/turtle_dekart_control_interface/share/turtle_dekart_control_interface/cmake/export_turtle_dekart_control_interface__rosidl_typesupport_fastrtps_cppExport.cmake
[1.703s] -- Up-to-date: /home/za1van/ros2_ws/install/turtle_dekart_control_interface/share/turtle_dekart_control_interface/cmake/export_turtle_dekart_control_interface__rosidl_typesupport_fastrtps_cppExport-noconfig.cmake
[1.704s] -- Up-to-date: /home/za1van/ros2_ws/install/turtle_dekart_control_interface/share/turtle_dekart_control_interface/cmake/turtle_dekart_control_interface__rosidl_typesupport_introspection_cppExport.cmake
[1.705s] -- Up-to-date: /home/za1van/ros2_ws/install/turtle_dekart_control_interface/share/turtle_dekart_control_interface/cmake/turtle_dekart_control_interface__rosidl_typesupport_introspection_cppExport-noconfig.cmake
[1.705s] -- Up-to-date: /home/za1van/ros2_ws/install/turtle_dekart_control_interface/share/turtle_dekart_control_interface/cmake/turtle_dekart_control_interface__rosidl_typesupport_cppExport.cmake
[1.705s] -- Up-to-date: /home/za1van/ros2_ws/install/turtle_dekart_control_interface/share/turtle_dekart_control_interface/cmake/turtle_dekart_control_interface__rosidl_typesupport_cppExport-noconfig.cmake
[1.706s] -- Up-to-date: /home/za1van/ros2_ws/install/turtle_dekart_control_interface/share/turtle_dekart_control_interface/cmake/export_turtle_dekart_control_interface__rosidl_generator_pyExport.cmake
[1.706s] -- Up-to-date: /home/za1van/ros2_ws/install/turtle_dekart_control_interface/share/turtle_dekart_control_interface/cmake/export_turtle_dekart_control_interface__rosidl_generator_pyExport-noconfig.cmake
[1.707s] -- Up-to-date: /home/za1van/ros2_ws/install/turtle_dekart_control_interface/share/turtle_dekart_control_interface/cmake/rosidl_cmake-extras.cmake
[1.707s] -- Up-to-date: /home/za1van/ros2_ws/install/turtle_dekart_control_interface/share/turtle_dekart_control_interface/cmake/ament_cmake_export_include_directories-extras.cmake
[1.707s] -- Up-to-date: /home/za1van/ros2_ws/install/turtle_dekart_control_interface/share/turtle_dekart_control_interface/cmake/ament_cmake_export_libraries-extras.cmake
[1.707s] -- Up-to-date: /home/za1van/ros2_ws/install/turtle_dekart_control_interface/share/turtle_dekart_control_interface/cmake/ament_cmake_export_targets-extras.cmake
[1.707s] -- Up-to-date: /home/za1van/ros2_ws/install/turtle_dekart_control_interface/share/turtle_dekart_control_interface/cmake/rosidl_cmake_export_typesupport_targets-extras.cmake
[1.707s] -- Up-to-date: /home/za1van/ros2_ws/install/turtle_dekart_control_interface/share/turtle_dekart_control_interface/cmake/ament_cmake_export_dependencies-extras.cmake
[1.708s] -- Up-to-date: /home/za1van/ros2_ws/install/turtle_dekart_control_interface/share/turtle_dekart_control_interface/cmake/rosidl_cmake_export_typesupport_libraries-extras.cmake
[1.708s] -- Up-to-date: /home/za1van/ros2_ws/install/turtle_dekart_control_interface/share/turtle_dekart_control_interface/cmake/turtle_dekart_control_interfaceConfig.cmake
[1.708s] -- Up-to-date: /home/za1van/ros2_ws/install/turtle_dekart_control_interface/share/turtle_dekart_control_interface/cmake/turtle_dekart_control_interfaceConfig-version.cmake
[1.710s] -- Up-to-date: /home/za1van/ros2_ws/install/turtle_dekart_control_interface/share/turtle_dekart_control_interface/package.xml
[1.746s] Invoked command in '/home/za1van/ros2_ws/build/turtle_dekart_control_interface' returned '0': CMAKE_PREFIX_PATH=${CMAKE_PREFIX_PATH}:/home/za1van/ros2_ws/install/twist_converter:/home/za1van/ros2_ws/install/my_turtle_controller:/home/za1van/ros2_ws/install/my_tf2_demo:/home/za1van/ros2_ws/install/my_service_server:/home/za1van/ros2_ws/install/my_service_client:/home/za1van/ros2_ws/install/my_project_start:/home/za1van/ros2_ws/install/my_calculate_action:/home/za1van/ros2_ws/install/3t:/opt/ros/jazzy DEBUGINFOD_URLS=https://debuginfod.ubuntu.com /usr/bin/cmake --install /home/za1van/ros2_ws/build/turtle_dekart_control_interface
