[1.305s] Invoking command in '/home/za1van/ros2_ws/src/my_service_server': DEBUGINFOD_URLS=https://debuginfod.ubuntu.com PYTHONPATH=/home/za1van/ros2_ws/build/my_service_server/prefix_override:/usr/lib/python3/dist-packages/colcon_core/task/python/colcon_distutils_commands:/home/za1van/ros2_ws/install/my_service_server/lib/python3.12/site-packages:${PYTHONPATH} /usr/bin/python3 -W ignore:setup.py install is deprecated -W ignore:easy_install command is deprecated setup.py egg_info --egg-base ../../build/my_service_server build --build-base /home/za1van/ros2_ws/build/my_service_server/build install --record /home/za1van/ros2_ws/build/my_service_server/install.log --single-version-externally-managed install_data
[1.741s] running egg_info
[1.774s] writing ../../build/my_service_server/my_service_server.egg-info/PKG-INFO
[1.775s] writing dependency_links to ../../build/my_service_server/my_service_server.egg-info/dependency_links.txt
[1.775s] writing entry points to ../../build/my_service_server/my_service_server.egg-info/entry_points.txt
[1.775s] writing requirements to ../../build/my_service_server/my_service_server.egg-info/requires.txt
[1.776s] writing top-level names to ../../build/my_service_server/my_service_server.egg-info/top_level.txt
[1.844s] reading manifest file '../../build/my_service_server/my_service_server.egg-info/SOURCES.txt'
[1.846s] writing manifest file '../../build/my_service_server/my_service_server.egg-info/SOURCES.txt'
[1.846s] running build
[1.846s] running build_py
[1.846s] copying my_service_server/server_node.py -> /home/za1van/ros2_ws/build/my_service_server/build/lib/my_service_server
[1.846s] running install
[1.855s] running install_lib
[1.886s] copying /home/za1van/ros2_ws/build/my_service_server/build/lib/my_service_server/server_node.py -> /home/za1van/ros2_ws/install/my_service_server/lib/python3.12/site-packages/my_service_server
[1.886s] byte-compiling /home/za1van/ros2_ws/install/my_service_server/lib/python3.12/site-packages/my_service_server/server_node.py to server_node.cpython-312.pyc
[1.887s] Sorry: IndentationError: unindent does not match any outer indentation level (server_node.py, line 21)
[1.887s] running install_data
[1.887s] copying package.xml -> /home/za1van/ros2_ws/install/my_service_server/share/my_service_server
[1.888s] running install_egg_info
[1.924s] removing '/home/za1van/ros2_ws/install/my_service_server/lib/python3.12/site-packages/my_service_server-0.0.0-py3.12.egg-info' (and everything under it)
[1.924s] Copying ../../build/my_service_server/my_service_server.egg-info to /home/za1van/ros2_ws/install/my_service_server/lib/python3.12/site-packages/my_service_server-0.0.0-py3.12.egg-info
[1.927s] running install_scripts
[2.157s] Installing velocity_server script to /home/za1van/ros2_ws/install/my_service_server/lib/my_service_server
[2.157s] writing list of installed files to '/home/za1van/ros2_ws/build/my_service_server/install.log'
[2.197s] Invoked command in '/home/za1van/ros2_ws/src/my_service_server' returned '0': DEBUGINFOD_URLS=https://debuginfod.ubuntu.com PYTHONPATH=/home/za1van/ros2_ws/build/my_service_server/prefix_override:/usr/lib/python3/dist-packages/colcon_core/task/python/colcon_distutils_commands:/home/za1van/ros2_ws/install/my_service_server/lib/python3.12/site-packages:${PYTHONPATH} /usr/bin/python3 -W ignore:setup.py install is deprecated -W ignore:easy_install command is deprecated setup.py egg_info --egg-base ../../build/my_service_server build --build-base /home/za1van/ros2_ws/build/my_service_server/build install --record /home/za1van/ros2_ws/build/my_service_server/install.log --single-version-externally-managed install_data
