[3.572s] Invoking command in '/home/za1van/ros2_ws/src/twist_converter': DEBUGINFOD_URLS=https://debuginfod.ubuntu.com PYTHONPATH=/home/za1van/ros2_ws/build/twist_converter/prefix_override:/usr/lib/python3/dist-packages/colcon_core/task/python/colcon_distutils_commands:/home/za1van/ros2_ws/install/twist_converter/lib/python3.12/site-packages:${PYTHONPATH} /usr/bin/python3 -W ignore:setup.py install is deprecated -W ignore:easy_install command is deprecated setup.py egg_info --egg-base ../../build/twist_converter build --build-base /home/za1van/ros2_ws/build/twist_converter/build install --record /home/za1van/ros2_ws/build/twist_converter/install.log --single-version-externally-managed install_data
[5.067s] running egg_info
[5.068s] creating ../../build/twist_converter/twist_converter.egg-info
[5.121s] writing ../../build/twist_converter/twist_converter.egg-info/PKG-INFO
[5.123s] writing dependency_links to ../../build/twist_converter/twist_converter.egg-info/dependency_links.txt
[5.124s] writing entry points to ../../build/twist_converter/twist_converter.egg-info/entry_points.txt
[5.124s] writing requirements to ../../build/twist_converter/twist_converter.egg-info/requires.txt
[5.124s] writing top-level names to ../../build/twist_converter/twist_converter.egg-info/top_level.txt
[5.125s] writing manifest file '../../build/twist_converter/twist_converter.egg-info/SOURCES.txt'
[5.217s] reading manifest file '../../build/twist_converter/twist_converter.egg-info/SOURCES.txt'
[5.218s] writing manifest file '../../build/twist_converter/twist_converter.egg-info/SOURCES.txt'
[5.219s] running build
[5.220s] running build_py
[5.220s] creating /home/za1van/ros2_ws/build/twist_converter/build
[5.220s] creating /home/za1van/ros2_ws/build/twist_converter/build/lib
[5.220s] creating /home/za1van/ros2_ws/build/twist_converter/build/lib/twist_converter
[5.221s] copying twist_converter/__init__.py -> /home/za1van/ros2_ws/build/twist_converter/build/lib/twist_converter
[5.221s] copying twist_converter/twist_to_twist_stampted.py -> /home/za1van/ros2_ws/build/twist_converter/build/lib/twist_converter
[5.221s] running install
[5.235s] running install_lib
[5.290s] creating /home/za1van/ros2_ws/install/twist_converter/lib/python3.12/site-packages/twist_converter
[5.291s] copying /home/za1van/ros2_ws/build/twist_converter/build/lib/twist_converter/__init__.py -> /home/za1van/ros2_ws/install/twist_converter/lib/python3.12/site-packages/twist_converter
[5.291s] copying /home/za1van/ros2_ws/build/twist_converter/build/lib/twist_converter/twist_to_twist_stampted.py -> /home/za1van/ros2_ws/install/twist_converter/lib/python3.12/site-packages/twist_converter
[5.294s] byte-compiling /home/za1van/ros2_ws/install/twist_converter/lib/python3.12/site-packages/twist_converter/__init__.py to __init__.cpython-312.pyc
[5.294s] byte-compiling /home/za1van/ros2_ws/install/twist_converter/lib/python3.12/site-packages/twist_converter/twist_to_twist_stampted.py to twist_to_twist_stampted.cpython-312.pyc
[5.294s] running install_data
[5.294s] creating /home/za1van/ros2_ws/install/twist_converter/share/ament_index
[5.296s] creating /home/za1van/ros2_ws/install/twist_converter/share/ament_index/resource_index
[5.296s] creating /home/za1van/ros2_ws/install/twist_converter/share/ament_index/resource_index/packages
[5.296s] copying resource/twist_converter -> /home/za1van/ros2_ws/install/twist_converter/share/ament_index/resource_index/packages
[5.300s] copying package.xml -> /home/za1van/ros2_ws/install/twist_converter/share/twist_converter
[5.300s] running install_egg_info
[5.351s] Copying ../../build/twist_converter/twist_converter.egg-info to /home/za1van/ros2_ws/install/twist_converter/lib/python3.12/site-packages/twist_converter-0.0.0-py3.12.egg-info
[5.352s] running install_scripts
[5.666s] Installing twist_to_twist_stamped script to /home/za1van/ros2_ws/install/twist_converter/lib/twist_converter
[5.666s] writing list of installed files to '/home/za1van/ros2_ws/build/twist_converter/install.log'
[5.724s] Invoked command in '/home/za1van/ros2_ws/src/twist_converter' returned '0': DEBUGINFOD_URLS=https://debuginfod.ubuntu.com PYTHONPATH=/home/za1van/ros2_ws/build/twist_converter/prefix_override:/usr/lib/python3/dist-packages/colcon_core/task/python/colcon_distutils_commands:/home/za1van/ros2_ws/install/twist_converter/lib/python3.12/site-packages:${PYTHONPATH} /usr/bin/python3 -W ignore:setup.py install is deprecated -W ignore:easy_install command is deprecated setup.py egg_info --egg-base ../../build/twist_converter build --build-base /home/za1van/ros2_ws/build/twist_converter/build install --record /home/za1van/ros2_ws/build/twist_converter/install.log --single-version-externally-managed install_data
