[0.027s] Invoking command in '/home/za1van/ros2_ws/build/serial': CMAKE_PREFIX_PATH=${CMAKE_PREFIX_PATH}:/opt/ros/jazzy DEBUGINFOD_URLS=https://debuginfod.ubuntu.com /usr/bin/cmake --build /home/za1van/ros2_ws/build/serial -- -j4 -l4
[0.090s] [ 16%] [32mBuilding CXX object CMakeFiles/serial.dir/src/serial.cc.o[0m
[0.092s] [ 33%] [32mBuilding CXX object CMakeFiles/serial.dir/src/impl/unix.cc.o[0m
[0.095s] [ 50%] [32mBuilding CXX object CMakeFiles/serial.dir/src/impl/list_ports/list_ports_linux.cc.o[0m
[1.181s] [ 66%] [1m[32mLinking CXX static library libserial.a[0m
[1.237s] [ 66%] Built target serial
[1.266s] [ 83%] [32mBuilding CXX object CMakeFiles/serial_example.dir/examples/serial_example.cc.o[0m
[1.845s] [100%] [1m[32mLinking CXX executable serial_example[0m
[1.994s] [100%] Built target serial_example
[2.004s] Invoked command in '/home/za1van/ros2_ws/build/serial' returned '0': CMAKE_PREFIX_PATH=${CMAKE_PREFIX_PATH}:/opt/ros/jazzy DEBUGINFOD_URLS=https://debuginfod.ubuntu.com /usr/bin/cmake --build /home/za1van/ros2_ws/build/serial -- -j4 -l4
[2.015s] Invoking command in '/home/za1van/ros2_ws/build/serial': CMAKE_PREFIX_PATH=${CMAKE_PREFIX_PATH}:/opt/ros/jazzy DEBUGINFOD_URLS=https://debuginfod.ubuntu.com /usr/bin/cmake --install /home/za1van/ros2_ws/build/serial
[2.023s] -- Install configuration: ""
[2.025s] -- Installing: /home/za1van/ros2_ws/install/serial/lib/libserial.a
[2.033s] -- Installing: /home/za1van/ros2_ws/install/serial/include
[2.034s] -- Installing: /home/za1van/ros2_ws/install/serial/include/serial
[2.036s] -- Installing: /home/za1van/ros2_ws/install/serial/include/serial/impl
[2.038s] -- Installing: /home/za1van/ros2_ws/install/serial/include/serial/impl/unix.h
[2.043s] -- Installing: /home/za1van/ros2_ws/install/serial/include/serial/impl/win.h
[2.050s] -- Installing: /home/za1van/ros2_ws/install/serial/include/serial/serial.h
[2.054s] -- Installing: /home/za1van/ros2_ws/install/serial/include/serial/v8stdint.h
[2.061s] -- Installing: /home/za1van/ros2_ws/install/serial/share/ament_index/resource_index/package_run_dependencies/serial
[2.066s] -- Installing: /home/za1van/ros2_ws/install/serial/share/ament_index/resource_index/parent_prefix_path/serial
[2.070s] -- Installing: /home/za1van/ros2_ws/install/serial/share/serial/environment/ament_prefix_path.sh
[2.073s] -- Installing: /home/za1van/ros2_ws/install/serial/share/serial/environment/ament_prefix_path.dsv
[2.077s] -- Installing: /home/za1van/ros2_ws/install/serial/share/serial/environment/path.sh
[2.081s] -- Installing: /home/za1van/ros2_ws/install/serial/share/serial/environment/path.dsv
[2.084s] -- Installing: /home/za1van/ros2_ws/install/serial/share/serial/local_setup.bash
[2.087s] -- Installing: /home/za1van/ros2_ws/install/serial/share/serial/local_setup.sh
[2.090s] -- Installing: /home/za1van/ros2_ws/install/serial/share/serial/local_setup.zsh
[2.094s] -- Installing: /home/za1van/ros2_ws/install/serial/share/serial/local_setup.dsv
[2.097s] -- Installing: /home/za1van/ros2_ws/install/serial/share/serial/package.dsv
[2.101s] -- Installing: /home/za1van/ros2_ws/install/serial/share/ament_index/resource_index/packages/serial
[2.107s] -- Installing: /home/za1van/ros2_ws/install/serial/share/serial/cmake/serialConfig.cmake
[2.110s] -- Installing: /home/za1van/ros2_ws/install/serial/share/serial/cmake/serialConfig-version.cmake
[2.114s] -- Installing: /home/za1van/ros2_ws/install/serial/share/serial/package.xml
[2.119s] Invoked command in '/home/za1van/ros2_ws/build/serial' returned '0': CMAKE_PREFIX_PATH=${CMAKE_PREFIX_PATH}:/opt/ros/jazzy DEBUGINFOD_URLS=https://debuginfod.ubuntu.com /usr/bin/cmake --install /home/za1van/ros2_ws/build/serial
