[1.271s] Invoking command in '/home/za1van/ros2_ws/src/my_service_server': DEBUGINFOD_URLS=https://debuginfod.ubuntu.com PYTHONPATH=/home/za1van/ros2_ws/build/my_service_server/prefix_override:/usr/lib/python3/dist-packages/colcon_core/task/python/colcon_distutils_commands:/home/za1van/ros2_ws/install/my_service_server/lib/python3.12/site-packages:${PYTHONPATH} /usr/bin/python3 -W ignore:setup.py install is deprecated -W ignore:easy_install command is deprecated setup.py egg_info --egg-base ../../build/my_service_server build --build-base /home/za1van/ros2_ws/build/my_service_server/build install --record /home/za1van/ros2_ws/build/my_service_server/install.log --single-version-externally-managed install_data
[1.696s] running egg_info
[1.733s] writing ../../build/my_service_server/my_service_server.egg-info/PKG-INFO
[1.733s] writing dependency_links to ../../build/my_service_server/my_service_server.egg-info/dependency_links.txt
[1.733s] writing entry points to ../../build/my_service_server/my_service_server.egg-info/entry_points.txt
[1.734s] writing requirements to ../../build/my_service_server/my_service_server.egg-info/requires.txt
[1.734s] writing top-level names to ../../build/my_service_server/my_service_server.egg-info/top_level.txt
[1.797s] reading manifest file '../../build/my_service_server/my_service_server.egg-info/SOURCES.txt'
[1.798s] writing manifest file '../../build/my_service_server/my_service_server.egg-info/SOURCES.txt'
[1.799s] running build
[1.799s] running build_py
[1.799s] copying my_service_server/server_node.py -> /home/za1van/ros2_ws/build/my_service_server/build/lib/my_service_server
[1.799s] running install
[1.808s] running install_lib
[1.848s] copying /home/za1van/ros2_ws/build/my_service_server/build/lib/my_service_server/server_node.py -> /home/za1van/ros2_ws/install/my_service_server/lib/python3.12/site-packages/my_service_server
[1.849s] byte-compiling /home/za1van/ros2_ws/install/my_service_server/lib/python3.12/site-packages/my_service_server/server_node.py to server_node.cpython-312.pyc
[1.850s] running install_data
[1.851s] running install_egg_info
[1.883s] removing '/home/za1van/ros2_ws/install/my_service_server/lib/python3.12/site-packages/my_service_server-0.0.0-py3.12.egg-info' (and everything under it)
[1.884s] Copying ../../build/my_service_server/my_service_server.egg-info to /home/za1van/ros2_ws/install/my_service_server/lib/python3.12/site-packages/my_service_server-0.0.0-py3.12.egg-info
[1.885s] running install_scripts
[2.099s] Installing velocity_server script to /home/za1van/ros2_ws/install/my_service_server/lib/my_service_server
[2.100s] writing list of installed files to '/home/za1van/ros2_ws/build/my_service_server/install.log'
[2.146s] Invoked command in '/home/za1van/ros2_ws/src/my_service_server' returned '0': DEBUGINFOD_URLS=https://debuginfod.ubuntu.com PYTHONPATH=/home/za1van/ros2_ws/build/my_service_server/prefix_override:/usr/lib/python3/dist-packages/colcon_core/task/python/colcon_distutils_commands:/home/za1van/ros2_ws/install/my_service_server/lib/python3.12/site-packages:${PYTHONPATH} /usr/bin/python3 -W ignore:setup.py install is deprecated -W ignore:easy_install command is deprecated setup.py egg_info --egg-base ../../build/my_service_server build --build-base /home/za1van/ros2_ws/build/my_service_server/build install --record /home/za1van/ros2_ws/build/my_service_server/install.log --single-version-externally-managed install_data
