[0.022s] Invoking command in '/home/za1van/ros2_ws/build/turtle_dekart_control_interface': CMAKE_PREFIX_PATH=${CMAKE_PREFIX_PATH}:/opt/ros/jazzy DEBUGINFOD_URLS=https://debuginfod.ubuntu.com /usr/bin/cmake --build /home/za1van/ros2_ws/build/turtle_dekart_control_interface -- -j4 -l4
[0.083s] [  2%] Built target turtle_dekart_control_interface__rosidl_generator_type_description
[0.097s] [  2%] Built target ament_cmake_python_copy_turtle_dekart_control_interface
[0.124s] [  5%] Built target turtle_dekart_control_interface__cpp
[0.133s] [ 20%] Built target turtle_dekart_control_interface__rosidl_generator_c
[0.174s] [ 29%] Built target turtle_dekart_control_interface__rosidl_typesupport_c
[0.176s] [ 38%] Built target turtle_dekart_control_interface__rosidl_typesupport_introspection_c
[0.187s] [ 47%] Built target turtle_dekart_control_interface__rosidl_typesupport_cpp
[0.228s] [ 55%] Built target turtle_dekart_control_interface__rosidl_typesupport_fastrtps_cpp
[0.228s] [ 64%] Built target turtle_dekart_control_interface__rosidl_typesupport_fastrtps_c
[0.238s] [ 73%] Built target turtle_dekart_control_interface__rosidl_typesupport_introspection_cpp
[0.277s] [ 73%] Built target turtle_dekart_control_interface
[0.320s] [ 76%] Built target turtle_dekart_control_interface__py
[0.370s] [ 82%] Built target turtle_dekart_control_interface__rosidl_generator_py
[0.414s] [ 88%] Built target turtle_dekart_control_interface_s__rosidl_typesupport_fastrtps_c
[0.425s] [ 94%] Built target turtle_dekart_control_interface_s__rosidl_typesupport_introspection_c
[0.431s] [100%] Built target turtle_dekart_control_interface_s__rosidl_typesupport_c
[0.829s] running egg_info
[0.965s] writing turtle_dekart_control_interface.egg-info/PKG-INFO
[0.965s] writing dependency_links to turtle_dekart_control_interface.egg-info/dependency_links.txt
[0.965s] writing top-level names to turtle_dekart_control_interface.egg-info/top_level.txt
[1.392s] reading manifest file 'turtle_dekart_control_interface.egg-info/SOURCES.txt'
[1.393s] writing manifest file 'turtle_dekart_control_interface.egg-info/SOURCES.txt'
[1.550s] [100%] Built target ament_cmake_python_build_turtle_dekart_control_interface_egg
[1.580s] Invoked command in '/home/za1van/ros2_ws/build/turtle_dekart_control_interface' returned '0': CMAKE_PREFIX_PATH=${CMAKE_PREFIX_PATH}:/opt/ros/jazzy DEBUGINFOD_URLS=https://debuginfod.ubuntu.com /usr/bin/cmake --build /home/za1van/ros2_ws/build/turtle_dekart_control_interface -- -j4 -l4
[1.582s] Invoking command in '/home/za1van/ros2_ws/build/turtle_dekart_control_interface': CMAKE_PREFIX_PATH=${CMAKE_PREFIX_PATH}:/opt/ros/jazzy DEBUGINFOD_URLS=https://debuginfod.ubuntu.com /usr/bin/cmake --install /home/za1van/ros2_ws/build/turtle_dekart_control_interface
[1.600s] -- Install configuration: ""
[1.601s] -- Up-to-date: /home/za1van/ros2_ws/install/turtle_dekart_control_interface/share/ament_index/resource_index/rosidl_interfaces/turtle_dekart_control_interface
[1.602s] -- Up-to-date: /home/za1van/ros2_ws/install/turtle_dekart_control_interface/share/turtle_dekart_control_interface/msg/Numbers.json
[1.602s] -- Up-to-date: /home/za1van/ros2_ws/install/turtle_dekart_control_interface/include/turtle_dekart_control_interface/turtle_dekart_control_interface
[1.602s] -- Up-to-date: /home/za1van/ros2_ws/install/turtle_dekart_control_interface/include/turtle_dekart_control_interface/turtle_dekart_control_interface/msg
[1.602s] -- Up-to-date: /home/za1van/ros2_ws/install/turtle_dekart_control_interface/include/turtle_dekart_control_interface/turtle_dekart_control_interface/msg/rosidl_generator_c__visibility_control.h
[1.605s] -- Up-to-date: /home/za1van/ros2_ws/install/turtle_dekart_control_interface/include/turtle_dekart_control_interface/turtle_dekart_control_interface/msg/detail
[1.605s] -- Up-to-date: /home/za1van/ros2_ws/install/turtle_dekart_control_interface/include/turtle_dekart_control_interface/turtle_dekart_control_interface/msg/detail/numbers__functions.c
[1.606s] -- Up-to-date: /home/za1van/ros2_ws/install/turtle_dekart_control_interface/include/turtle_dekart_control_interface/turtle_dekart_control_interface/msg/detail/numbers__struct.h
[1.606s] -- Installing: /home/za1van/ros2_ws/install/turtle_dekart_control_interface/include/turtle_dekart_control_interface/turtle_dekart_control_interface/msg/detail/numbers__type_support.c
[1.606s] -- Up-to-date: /home/za1van/ros2_ws/install/turtle_dekart_control_interface/include/turtle_dekart_control_interface/turtle_dekart_control_interface/msg/detail/numbers__description.c
[1.606s] -- Up-to-date: /home/za1van/ros2_ws/install/turtle_dekart_control_interface/include/turtle_dekart_control_interface/turtle_dekart_control_interface/msg/detail/numbers__type_support.h
[1.606s] -- Up-to-date: /home/za1van/ros2_ws/install/turtle_dekart_control_interface/include/turtle_dekart_control_interface/turtle_dekart_control_interface/msg/detail/numbers__functions.h
[1.609s] -- Up-to-date: /home/za1van/ros2_ws/install/turtle_dekart_control_interface/include/turtle_dekart_control_interface/turtle_dekart_control_interface/msg/numbers.h
[1.609s] -- Up-to-date: /home/za1van/ros2_ws/install/turtle_dekart_control_interface/share/turtle_dekart_control_interface/environment/library_path.sh
[1.609s] -- Up-to-date: /home/za1van/ros2_ws/install/turtle_dekart_control_interface/share/turtle_dekart_control_interface/environment/library_path.dsv
[1.609s] -- Up-to-date: /home/za1van/ros2_ws/install/turtle_dekart_control_interface/lib/libturtle_dekart_control_interface__rosidl_generator_c.so
[1.610s] -- Up-to-date: /home/za1van/ros2_ws/install/turtle_dekart_control_interface/include/turtle_dekart_control_interface/turtle_dekart_control_interface
[1.610s] -- Up-to-date: /home/za1van/ros2_ws/install/turtle_dekart_control_interface/include/turtle_dekart_control_interface/turtle_dekart_control_interface/msg
[1.610s] -- Up-to-date: /home/za1van/ros2_ws/install/turtle_dekart_control_interface/include/turtle_dekart_control_interface/turtle_dekart_control_interface/msg/rosidl_typesupport_fastrtps_c__visibility_control.h
[1.610s] -- Up-to-date: /home/za1van/ros2_ws/install/turtle_dekart_control_interface/include/turtle_dekart_control_interface/turtle_dekart_control_interface/msg/detail
[1.617s] -- Up-to-date: /home/za1van/ros2_ws/install/turtle_dekart_control_interface/include/turtle_dekart_control_interface/turtle_dekart_control_interface/msg/detail/numbers__rosidl_typesupport_fastrtps_c.h
[1.618s] -- Up-to-date: /home/za1van/ros2_ws/install/turtle_dekart_control_interface/lib/libturtle_dekart_control_interface__rosidl_typesupport_fastrtps_c.so
[1.618s] -- Up-to-date: /home/za1van/ros2_ws/install/turtle_dekart_control_interface/include/turtle_dekart_control_interface/turtle_dekart_control_interface
[1.621s] -- Up-to-date: /home/za1van/ros2_ws/install/turtle_dekart_control_interface/include/turtle_dekart_control_interface/turtle_dekart_control_interface/msg
[1.623s] -- Up-to-date: /home/za1van/ros2_ws/install/turtle_dekart_control_interface/include/turtle_dekart_control_interface/turtle_dekart_control_interface/msg/detail
[1.623s] -- Up-to-date: /home/za1van/ros2_ws/install/turtle_dekart_control_interface/include/turtle_dekart_control_interface/turtle_dekart_control_interface/msg/detail/numbers__rosidl_typesupport_introspection_c.h
[1.624s] -- Installing: /home/za1van/ros2_ws/install/turtle_dekart_control_interface/include/turtle_dekart_control_interface/turtle_dekart_control_interface/msg/detail/numbers__type_support.c
[1.624s] -- Up-to-date: /home/za1van/ros2_ws/install/turtle_dekart_control_interface/include/turtle_dekart_control_interface/turtle_dekart_control_interface/msg/rosidl_typesupport_introspection_c__visibility_control.h
[1.624s] -- Up-to-date: /home/za1van/ros2_ws/install/turtle_dekart_control_interface/lib/libturtle_dekart_control_interface__rosidl_typesupport_introspection_c.so
[1.624s] -- Up-to-date: /home/za1van/ros2_ws/install/turtle_dekart_control_interface/lib/libturtle_dekart_control_interface__rosidl_typesupport_c.so
[1.632s] -- Up-to-date: /home/za1van/ros2_ws/install/turtle_dekart_control_interface/include/turtle_dekart_control_interface/turtle_dekart_control_interface
[1.633s] -- Up-to-date: /home/za1van/ros2_ws/install/turtle_dekart_control_interface/include/turtle_dekart_control_interface/turtle_dekart_control_interface/msg
[1.633s] -- Up-to-date: /home/za1van/ros2_ws/install/turtle_dekart_control_interface/include/turtle_dekart_control_interface/turtle_dekart_control_interface/msg/rosidl_generator_cpp__visibility_control.hpp
[1.633s] -- Up-to-date: /home/za1van/ros2_ws/install/turtle_dekart_control_interface/include/turtle_dekart_control_interface/turtle_dekart_control_interface/msg/numbers.hpp
[1.633s] -- Up-to-date: /home/za1van/ros2_ws/install/turtle_dekart_control_interface/include/turtle_dekart_control_interface/turtle_dekart_control_interface/msg/detail
[1.633s] -- Up-to-date: /home/za1van/ros2_ws/install/turtle_dekart_control_interface/include/turtle_dekart_control_interface/turtle_dekart_control_interface/msg/detail/numbers__struct.hpp
[1.634s] -- Up-to-date: /home/za1van/ros2_ws/install/turtle_dekart_control_interface/include/turtle_dekart_control_interface/turtle_dekart_control_interface/msg/detail/numbers__builder.hpp
[1.634s] -- Up-to-date: /home/za1van/ros2_ws/install/turtle_dekart_control_interface/include/turtle_dekart_control_interface/turtle_dekart_control_interface/msg/detail/numbers__type_support.hpp
[1.634s] -- Up-to-date: /home/za1van/ros2_ws/install/turtle_dekart_control_interface/include/turtle_dekart_control_interface/turtle_dekart_control_interface/msg/detail/numbers__traits.hpp
[1.634s] -- Up-to-date: /home/za1van/ros2_ws/install/turtle_dekart_control_interface/include/turtle_dekart_control_interface/turtle_dekart_control_interface
[1.634s] -- Up-to-date: /home/za1van/ros2_ws/install/turtle_dekart_control_interface/include/turtle_dekart_control_interface/turtle_dekart_control_interface/msg
[1.634s] -- Up-to-date: /home/za1van/ros2_ws/install/turtle_dekart_control_interface/include/turtle_dekart_control_interface/turtle_dekart_control_interface/msg/rosidl_typesupport_fastrtps_cpp__visibility_control.h
[1.642s] -- Up-to-date: /home/za1van/ros2_ws/install/turtle_dekart_control_interface/include/turtle_dekart_control_interface/turtle_dekart_control_interface/msg/detail
[1.642s] -- Up-to-date: /home/za1van/ros2_ws/install/turtle_dekart_control_interface/include/turtle_dekart_control_interface/turtle_dekart_control_interface/msg/detail/dds_fastrtps
[1.642s] -- Up-to-date: /home/za1van/ros2_ws/install/turtle_dekart_control_interface/include/turtle_dekart_control_interface/turtle_dekart_control_interface/msg/detail/numbers__rosidl_typesupport_fastrtps_cpp.hpp
[1.642s] -- Up-to-date: /home/za1van/ros2_ws/install/turtle_dekart_control_interface/lib/libturtle_dekart_control_interface__rosidl_typesupport_fastrtps_cpp.so
[1.643s] -- Up-to-date: /home/za1van/ros2_ws/install/turtle_dekart_control_interface/include/turtle_dekart_control_interface/turtle_dekart_control_interface
[1.643s] -- Up-to-date: /home/za1van/ros2_ws/install/turtle_dekart_control_interface/include/turtle_dekart_control_interface/turtle_dekart_control_interface/msg
[1.643s] -- Up-to-date: /home/za1van/ros2_ws/install/turtle_dekart_control_interface/include/turtle_dekart_control_interface/turtle_dekart_control_interface/msg/detail
[1.643s] -- Up-to-date: /home/za1van/ros2_ws/install/turtle_dekart_control_interface/include/turtle_dekart_control_interface/turtle_dekart_control_interface/msg/detail/numbers__rosidl_typesupport_introspection_cpp.hpp
[1.643s] -- Up-to-date: /home/za1van/ros2_ws/install/turtle_dekart_control_interface/include/turtle_dekart_control_interface/turtle_dekart_control_interface/msg/detail/numbers__type_support.cpp
[1.643s] -- Up-to-date: /home/za1van/ros2_ws/install/turtle_dekart_control_interface/lib/libturtle_dekart_control_interface__rosidl_typesupport_introspection_cpp.so
[1.644s] -- Up-to-date: /home/za1van/ros2_ws/install/turtle_dekart_control_interface/lib/libturtle_dekart_control_interface__rosidl_typesupport_cpp.so
[1.644s] -- Up-to-date: /home/za1van/ros2_ws/install/turtle_dekart_control_interface/share/turtle_dekart_control_interface/environment/pythonpath.sh
[1.644s] -- Up-to-date: /home/za1van/ros2_ws/install/turtle_dekart_control_interface/share/turtle_dekart_control_interface/environment/pythonpath.dsv
[1.650s] -- Up-to-date: /home/za1van/ros2_ws/install/turtle_dekart_control_interface/lib/python3.12/site-packages/turtle_dekart_control_interface-0.0.0-py3.12.egg-info
[1.650s] -- Installing: /home/za1van/ros2_ws/install/turtle_dekart_control_interface/lib/python3.12/site-packages/turtle_dekart_control_interface-0.0.0-py3.12.egg-info/dependency_links.txt
[1.650s] -- Installing: /home/za1van/ros2_ws/install/turtle_dekart_control_interface/lib/python3.12/site-packages/turtle_dekart_control_interface-0.0.0-py3.12.egg-info/PKG-INFO
[1.651s] -- Installing: /home/za1van/ros2_ws/install/turtle_dekart_control_interface/lib/python3.12/site-packages/turtle_dekart_control_interface-0.0.0-py3.12.egg-info/top_level.txt
[1.651s] -- Installing: /home/za1van/ros2_ws/install/turtle_dekart_control_interface/lib/python3.12/site-packages/turtle_dekart_control_interface-0.0.0-py3.12.egg-info/SOURCES.txt
[1.651s] -- Up-to-date: /home/za1van/ros2_ws/install/turtle_dekart_control_interface/lib/python3.12/site-packages/turtle_dekart_control_interface
[1.651s] -- Up-to-date: /home/za1van/ros2_ws/install/turtle_dekart_control_interface/lib/python3.12/site-packages/turtle_dekart_control_interface/_turtle_dekart_control_interface_s.ep.rosidl_typesupport_introspection_c.c
[1.651s] -- Up-to-date: /home/za1van/ros2_ws/install/turtle_dekart_control_interface/lib/python3.12/site-packages/turtle_dekart_control_interface/turtle_dekart_control_interface_s__rosidl_typesupport_c.so
[1.652s] -- Up-to-date: /home/za1van/ros2_ws/install/turtle_dekart_control_interface/lib/python3.12/site-packages/turtle_dekart_control_interface/turtle_dekart_control_interface_s__rosidl_typesupport_introspection_c.so
[1.652s] -- Up-to-date: /home/za1van/ros2_ws/install/turtle_dekart_control_interface/lib/python3.12/site-packages/turtle_dekart_control_interface/__init__.py
[1.652s] -- Up-to-date: /home/za1van/ros2_ws/install/turtle_dekart_control_interface/lib/python3.12/site-packages/turtle_dekart_control_interface/_turtle_dekart_control_interface_s.ep.rosidl_typesupport_fastrtps_c.c
[1.652s] -- Up-to-date: /home/za1van/ros2_ws/install/turtle_dekart_control_interface/lib/python3.12/site-packages/turtle_dekart_control_interface/turtle_dekart_control_interface_s__rosidl_typesupport_fastrtps_c.so
[1.652s] -- Up-to-date: /home/za1van/ros2_ws/install/turtle_dekart_control_interface/lib/python3.12/site-packages/turtle_dekart_control_interface/msg
[1.652s] -- Up-to-date: /home/za1van/ros2_ws/install/turtle_dekart_control_interface/lib/python3.12/site-packages/turtle_dekart_control_interface/msg/_numbers_s.c
[1.653s] -- Up-to-date: /home/za1van/ros2_ws/install/turtle_dekart_control_interface/lib/python3.12/site-packages/turtle_dekart_control_interface/msg/__init__.py
[1.653s] -- Up-to-date: /home/za1van/ros2_ws/install/turtle_dekart_control_interface/lib/python3.12/site-packages/turtle_dekart_control_interface/msg/_numbers.py
[1.653s] -- Up-to-date: /home/za1van/ros2_ws/install/turtle_dekart_control_interface/lib/python3.12/site-packages/turtle_dekart_control_interface/_turtle_dekart_control_interface_s.ep.rosidl_typesupport_c.c
[1.821s] Listing '/home/za1van/ros2_ws/install/turtle_dekart_control_interface/lib/python3.12/site-packages/turtle_dekart_control_interface'...
[1.821s] Listing '/home/za1van/ros2_ws/install/turtle_dekart_control_interface/lib/python3.12/site-packages/turtle_dekart_control_interface/msg'...
[1.852s] -- Up-to-date: /home/za1van/ros2_ws/install/turtle_dekart_control_interface/lib/python3.12/site-packages/turtle_dekart_control_interface/turtle_dekart_control_interface_s__rosidl_typesupport_fastrtps_c.so
[1.853s] -- Up-to-date: /home/za1van/ros2_ws/install/turtle_dekart_control_interface/lib/python3.12/site-packages/turtle_dekart_control_interface/turtle_dekart_control_interface_s__rosidl_typesupport_introspection_c.so
[1.853s] -- Up-to-date: /home/za1van/ros2_ws/install/turtle_dekart_control_interface/lib/python3.12/site-packages/turtle_dekart_control_interface/turtle_dekart_control_interface_s__rosidl_typesupport_c.so
[1.854s] -- Up-to-date: /home/za1van/ros2_ws/install/turtle_dekart_control_interface/lib/libturtle_dekart_control_interface__rosidl_generator_py.so
[1.854s] -- Up-to-date: /home/za1van/ros2_ws/install/turtle_dekart_control_interface/share/turtle_dekart_control_interface/msg/Numbers.idl
[1.855s] -- Up-to-date: /home/za1van/ros2_ws/install/turtle_dekart_control_interface/share/turtle_dekart_control_interface/msg/Numbers.msg
[1.855s] -- Up-to-date: /home/za1van/ros2_ws/install/turtle_dekart_control_interface/share/ament_index/resource_index/package_run_dependencies/turtle_dekart_control_interface
[1.855s] -- Up-to-date: /home/za1van/ros2_ws/install/turtle_dekart_control_interface/share/ament_index/resource_index/parent_prefix_path/turtle_dekart_control_interface
[1.859s] -- Up-to-date: /home/za1van/ros2_ws/install/turtle_dekart_control_interface/share/turtle_dekart_control_interface/environment/ament_prefix_path.sh
[1.860s] -- Up-to-date: /home/za1van/ros2_ws/install/turtle_dekart_control_interface/share/turtle_dekart_control_interface/environment/ament_prefix_path.dsv
[1.861s] -- Up-to-date: /home/za1van/ros2_ws/install/turtle_dekart_control_interface/share/turtle_dekart_control_interface/environment/path.sh
[1.862s] -- Up-to-date: /home/za1van/ros2_ws/install/turtle_dekart_control_interface/share/turtle_dekart_control_interface/environment/path.dsv
[1.863s] -- Up-to-date: /home/za1van/ros2_ws/install/turtle_dekart_control_interface/share/turtle_dekart_control_interface/local_setup.bash
[1.863s] -- Up-to-date: /home/za1van/ros2_ws/install/turtle_dekart_control_interface/share/turtle_dekart_control_interface/local_setup.sh
[1.863s] -- Up-to-date: /home/za1van/ros2_ws/install/turtle_dekart_control_interface/share/turtle_dekart_control_interface/local_setup.zsh
[1.863s] -- Up-to-date: /home/za1van/ros2_ws/install/turtle_dekart_control_interface/share/turtle_dekart_control_interface/local_setup.dsv
[1.864s] -- Installing: /home/za1van/ros2_ws/install/turtle_dekart_control_interface/share/turtle_dekart_control_interface/package.dsv
[1.865s] -- Up-to-date: /home/za1van/ros2_ws/install/turtle_dekart_control_interface/share/ament_index/resource_index/packages/turtle_dekart_control_interface
[1.865s] -- Up-to-date: /home/za1van/ros2_ws/install/turtle_dekart_control_interface/share/turtle_dekart_control_interface/cmake/export_turtle_dekart_control_interface__rosidl_generator_cExport.cmake
[1.865s] -- Up-to-date: /home/za1van/ros2_ws/install/turtle_dekart_control_interface/share/turtle_dekart_control_interface/cmake/export_turtle_dekart_control_interface__rosidl_generator_cExport-noconfig.cmake
[1.865s] -- Up-to-date: /home/za1van/ros2_ws/install/turtle_dekart_control_interface/share/turtle_dekart_control_interface/cmake/export_turtle_dekart_control_interface__rosidl_typesupport_fastrtps_cExport.cmake
[1.867s] -- Up-to-date: /home/za1van/ros2_ws/install/turtle_dekart_control_interface/share/turtle_dekart_control_interface/cmake/export_turtle_dekart_control_interface__rosidl_typesupport_fastrtps_cExport-noconfig.cmake
[1.867s] -- Up-to-date: /home/za1van/ros2_ws/install/turtle_dekart_control_interface/share/turtle_dekart_control_interface/cmake/turtle_dekart_control_interface__rosidl_typesupport_introspection_cExport.cmake
[1.868s] -- Up-to-date: /home/za1van/ros2_ws/install/turtle_dekart_control_interface/share/turtle_dekart_control_interface/cmake/turtle_dekart_control_interface__rosidl_typesupport_introspection_cExport-noconfig.cmake
[1.868s] -- Up-to-date: /home/za1van/ros2_ws/install/turtle_dekart_control_interface/share/turtle_dekart_control_interface/cmake/turtle_dekart_control_interface__rosidl_typesupport_cExport.cmake
[1.869s] -- Up-to-date: /home/za1van/ros2_ws/install/turtle_dekart_control_interface/share/turtle_dekart_control_interface/cmake/turtle_dekart_control_interface__rosidl_typesupport_cExport-noconfig.cmake
[1.869s] -- Up-to-date: /home/za1van/ros2_ws/install/turtle_dekart_control_interface/share/turtle_dekart_control_interface/cmake/export_turtle_dekart_control_interface__rosidl_generator_cppExport.cmake
[1.869s] -- Up-to-date: /home/za1van/ros2_ws/install/turtle_dekart_control_interface/share/turtle_dekart_control_interface/cmake/export_turtle_dekart_control_interface__rosidl_typesupport_fastrtps_cppExport.cmake
[1.870s] -- Up-to-date: /home/za1van/ros2_ws/install/turtle_dekart_control_interface/share/turtle_dekart_control_interface/cmake/export_turtle_dekart_control_interface__rosidl_typesupport_fastrtps_cppExport-noconfig.cmake
[1.872s] -- Up-to-date: /home/za1van/ros2_ws/install/turtle_dekart_control_interface/share/turtle_dekart_control_interface/cmake/turtle_dekart_control_interface__rosidl_typesupport_introspection_cppExport.cmake
[1.872s] -- Up-to-date: /home/za1van/ros2_ws/install/turtle_dekart_control_interface/share/turtle_dekart_control_interface/cmake/turtle_dekart_control_interface__rosidl_typesupport_introspection_cppExport-noconfig.cmake
[1.872s] -- Up-to-date: /home/za1van/ros2_ws/install/turtle_dekart_control_interface/share/turtle_dekart_control_interface/cmake/turtle_dekart_control_interface__rosidl_typesupport_cppExport.cmake
[1.872s] -- Up-to-date: /home/za1van/ros2_ws/install/turtle_dekart_control_interface/share/turtle_dekart_control_interface/cmake/turtle_dekart_control_interface__rosidl_typesupport_cppExport-noconfig.cmake
[1.875s] -- Up-to-date: /home/za1van/ros2_ws/install/turtle_dekart_control_interface/share/turtle_dekart_control_interface/cmake/export_turtle_dekart_control_interface__rosidl_generator_pyExport.cmake
[1.875s] -- Up-to-date: /home/za1van/ros2_ws/install/turtle_dekart_control_interface/share/turtle_dekart_control_interface/cmake/export_turtle_dekart_control_interface__rosidl_generator_pyExport-noconfig.cmake
[1.876s] -- Up-to-date: /home/za1van/ros2_ws/install/turtle_dekart_control_interface/share/turtle_dekart_control_interface/cmake/rosidl_cmake-extras.cmake
[1.876s] -- Up-to-date: /home/za1van/ros2_ws/install/turtle_dekart_control_interface/share/turtle_dekart_control_interface/cmake/ament_cmake_export_include_directories-extras.cmake
[1.876s] -- Up-to-date: /home/za1van/ros2_ws/install/turtle_dekart_control_interface/share/turtle_dekart_control_interface/cmake/ament_cmake_export_libraries-extras.cmake
[1.880s] -- Up-to-date: /home/za1van/ros2_ws/install/turtle_dekart_control_interface/share/turtle_dekart_control_interface/cmake/ament_cmake_export_targets-extras.cmake
[1.880s] -- Up-to-date: /home/za1van/ros2_ws/install/turtle_dekart_control_interface/share/turtle_dekart_control_interface/cmake/rosidl_cmake_export_typesupport_targets-extras.cmake
[1.880s] -- Up-to-date: /home/za1van/ros2_ws/install/turtle_dekart_control_interface/share/turtle_dekart_control_interface/cmake/ament_cmake_export_dependencies-extras.cmake
[1.880s] -- Up-to-date: /home/za1van/ros2_ws/install/turtle_dekart_control_interface/share/turtle_dekart_control_interface/cmake/rosidl_cmake_export_typesupport_libraries-extras.cmake
[1.881s] -- Up-to-date: /home/za1van/ros2_ws/install/turtle_dekart_control_interface/share/turtle_dekart_control_interface/cmake/turtle_dekart_control_interfaceConfig.cmake
[1.882s] -- Up-to-date: /home/za1van/ros2_ws/install/turtle_dekart_control_interface/share/turtle_dekart_control_interface/cmake/turtle_dekart_control_interfaceConfig-version.cmake
[1.882s] -- Up-to-date: /home/za1van/ros2_ws/install/turtle_dekart_control_interface/share/turtle_dekart_control_interface/package.xml
[1.883s] Invoked command in '/home/za1van/ros2_ws/build/turtle_dekart_control_interface' returned '0': CMAKE_PREFIX_PATH=${CMAKE_PREFIX_PATH}:/opt/ros/jazzy DEBUGINFOD_URLS=https://debuginfod.ubuntu.com /usr/bin/cmake --install /home/za1van/ros2_ws/build/turtle_dekart_control_interface
