[1.485s] Invoking command in '/home/za1van/ros2_ws/src/my_service_client': AMENT_PREFIX_PATH=/home/za1van/ros2_ws/src/install/my_service_interfaces:${AMENT_PREFIX_PATH} CMAKE_PREFIX_PATH=/home/za1van/ros2_ws/src/install/my_service_interfaces:${CMAKE_PREFIX_PATH} DEBUGINFOD_URLS=https://debuginfod.ubuntu.com LD_LIBRARY_PATH=/home/za1van/ros2_ws/src/install/my_service_interfaces/lib:${LD_LIBRARY_PATH} PYTHONPATH=/home/za1van/ros2_ws/src/build/my_service_client/prefix_override:/usr/lib/python3/dist-packages/colcon_core/task/python/colcon_distutils_commands:/home/za1van/ros2_ws/src/install/my_service_client/lib/python3.12/site-packages:/home/za1van/ros2_ws/src/install/my_service_interfaces/lib/python3.12/site-packages:${PYTHONPATH} /usr/bin/python3 -W ignore:setup.py install is deprecated -W ignore:easy_install command is deprecated setup.py egg_info --egg-base ../build/my_service_client build --build-base /home/za1van/ros2_ws/src/build/my_service_client/build install --record /home/za1van/ros2_ws/src/build/my_service_client/install.log --single-version-externally-managed install_data
[1.945s] running egg_info
[1.945s] creating ../build/my_service_client/my_service_client.egg-info
[1.977s] writing ../build/my_service_client/my_service_client.egg-info/PKG-INFO
[1.977s] writing dependency_links to ../build/my_service_client/my_service_client.egg-info/dependency_links.txt
[1.977s] writing entry points to ../build/my_service_client/my_service_client.egg-info/entry_points.txt
[1.978s] writing requirements to ../build/my_service_client/my_service_client.egg-info/requires.txt
[1.978s] writing top-level names to ../build/my_service_client/my_service_client.egg-info/top_level.txt
[1.978s] writing manifest file '../build/my_service_client/my_service_client.egg-info/SOURCES.txt'
[2.051s] reading manifest file '../build/my_service_client/my_service_client.egg-info/SOURCES.txt'
[2.052s] writing manifest file '../build/my_service_client/my_service_client.egg-info/SOURCES.txt'
[2.052s] running build
[2.053s] running build_py
[2.053s] creating /home/za1van/ros2_ws/src/build/my_service_client/build
[2.053s] creating /home/za1van/ros2_ws/src/build/my_service_client/build/lib
[2.053s] creating /home/za1van/ros2_ws/src/build/my_service_client/build/lib/my_service_client
[2.054s] copying my_service_client/__init__.py -> /home/za1van/ros2_ws/src/build/my_service_client/build/lib/my_service_client
[2.054s] copying my_service_client/client_node.py -> /home/za1van/ros2_ws/src/build/my_service_client/build/lib/my_service_client
[2.054s] running install
[2.065s] running install_lib
[2.098s] creating /home/za1van/ros2_ws/src/install/my_service_client/lib/python3.12/site-packages/my_service_client
[2.099s] copying /home/za1van/ros2_ws/src/build/my_service_client/build/lib/my_service_client/__init__.py -> /home/za1van/ros2_ws/src/install/my_service_client/lib/python3.12/site-packages/my_service_client
[2.099s] copying /home/za1van/ros2_ws/src/build/my_service_client/build/lib/my_service_client/client_node.py -> /home/za1van/ros2_ws/src/install/my_service_client/lib/python3.12/site-packages/my_service_client
[2.100s] byte-compiling /home/za1van/ros2_ws/src/install/my_service_client/lib/python3.12/site-packages/my_service_client/__init__.py to __init__.cpython-312.pyc
[2.100s] byte-compiling /home/za1van/ros2_ws/src/install/my_service_client/lib/python3.12/site-packages/my_service_client/client_node.py to client_node.cpython-312.pyc
[2.101s] running install_data
[2.102s] creating /home/za1van/ros2_ws/src/install/my_service_client/share/ament_index
[2.102s] creating /home/za1van/ros2_ws/src/install/my_service_client/share/ament_index/resource_index
[2.102s] creating /home/za1van/ros2_ws/src/install/my_service_client/share/ament_index/resource_index/packages
[2.103s] copying resource/my_service_client -> /home/za1van/ros2_ws/src/install/my_service_client/share/ament_index/resource_index/packages
[2.103s] copying package.xml -> /home/za1van/ros2_ws/src/install/my_service_client/share/my_service_client
[2.104s] running install_egg_info
[2.145s] Copying ../build/my_service_client/my_service_client.egg-info to /home/za1van/ros2_ws/src/install/my_service_client/lib/python3.12/site-packages/my_service_client-0.0.0-py3.12.egg-info
[2.146s] running install_scripts
[2.382s] Installing velocity_client script to /home/za1van/ros2_ws/src/install/my_service_client/lib/my_service_client
[2.382s] writing list of installed files to '/home/za1van/ros2_ws/src/build/my_service_client/install.log'
[2.431s] Invoked command in '/home/za1van/ros2_ws/src/my_service_client' returned '0': AMENT_PREFIX_PATH=/home/za1van/ros2_ws/src/install/my_service_interfaces:${AMENT_PREFIX_PATH} CMAKE_PREFIX_PATH=/home/za1van/ros2_ws/src/install/my_service_interfaces:${CMAKE_PREFIX_PATH} DEBUGINFOD_URLS=https://debuginfod.ubuntu.com LD_LIBRARY_PATH=/home/za1van/ros2_ws/src/install/my_service_interfaces/lib:${LD_LIBRARY_PATH} PYTHONPATH=/home/za1van/ros2_ws/src/build/my_service_client/prefix_override:/usr/lib/python3/dist-packages/colcon_core/task/python/colcon_distutils_commands:/home/za1van/ros2_ws/src/install/my_service_client/lib/python3.12/site-packages:/home/za1van/ros2_ws/src/install/my_service_interfaces/lib/python3.12/site-packages:${PYTHONPATH} /usr/bin/python3 -W ignore:setup.py install is deprecated -W ignore:easy_install command is deprecated setup.py egg_info --egg-base ../build/my_service_client build --build-base /home/za1van/ros2_ws/src/build/my_service_client/build install --record /home/za1van/ros2_ws/src/build/my_service_client/install.log --single-version-externally-managed install_data
