[1.342s] Invoking command in '/home/za1van/ros2_ws/src/my_calculate_action': DEBUGINFOD_URLS=https://debuginfod.ubuntu.com PYTHONPATH=/home/za1van/ros2_ws/build/my_calculate_action/prefix_override:/usr/lib/python3/dist-packages/colcon_core/task/python/colcon_distutils_commands:/home/za1van/ros2_ws/install/my_calculate_action/lib/python3.12/site-packages:${PYTHONPATH} /usr/bin/python3 -W ignore:setup.py install is deprecated -W ignore:easy_install command is deprecated setup.py egg_info --egg-base ../../build/my_calculate_action build --build-base /home/za1van/ros2_ws/build/my_calculate_action/build install --record /home/za1van/ros2_ws/build/my_calculate_action/install.log --single-version-externally-managed install_data
[1.780s] running egg_info
[1.814s] writing ../../build/my_calculate_action/my_calculate_action.egg-info/PKG-INFO
[1.816s] writing dependency_links to ../../build/my_calculate_action/my_calculate_action.egg-info/dependency_links.txt
[1.816s] writing entry points to ../../build/my_calculate_action/my_calculate_action.egg-info/entry_points.txt
[1.816s] writing requirements to ../../build/my_calculate_action/my_calculate_action.egg-info/requires.txt
[1.816s] writing top-level names to ../../build/my_calculate_action/my_calculate_action.egg-info/top_level.txt
[1.883s] reading manifest file '../../build/my_calculate_action/my_calculate_action.egg-info/SOURCES.txt'
[1.884s] writing manifest file '../../build/my_calculate_action/my_calculate_action.egg-info/SOURCES.txt'
[1.884s] running build
[1.885s] running build_py
[1.885s] copying my_calculate_action/calculate_action_client.py -> /home/za1van/ros2_ws/build/my_calculate_action/build/lib/my_calculate_action
[1.885s] running install
[1.897s] running install_lib
[1.935s] copying /home/za1van/ros2_ws/build/my_calculate_action/build/lib/my_calculate_action/calculate_action_client.py -> /home/za1van/ros2_ws/install/my_calculate_action/lib/python3.12/site-packages/my_calculate_action
[1.936s] byte-compiling /home/za1van/ros2_ws/install/my_calculate_action/lib/python3.12/site-packages/my_calculate_action/calculate_action_client.py to calculate_action_client.cpython-312.pyc
[1.938s] running install_data
[1.938s] running install_egg_info
[1.975s] removing '/home/za1van/ros2_ws/install/my_calculate_action/lib/python3.12/site-packages/my_calculate_action-0.0.0-py3.12.egg-info' (and everything under it)
[1.976s] Copying ../../build/my_calculate_action/my_calculate_action.egg-info to /home/za1van/ros2_ws/install/my_calculate_action/lib/python3.12/site-packages/my_calculate_action-0.0.0-py3.12.egg-info
[1.977s] running install_scripts
[2.199s] Installing calculate_action_client script to /home/za1van/ros2_ws/install/my_calculate_action/lib/my_calculate_action
[2.199s] Installing calculate_action_server script to /home/za1van/ros2_ws/install/my_calculate_action/lib/my_calculate_action
[2.200s] writing list of installed files to '/home/za1van/ros2_ws/build/my_calculate_action/install.log'
[2.243s] Invoked command in '/home/za1van/ros2_ws/src/my_calculate_action' returned '0': DEBUGINFOD_URLS=https://debuginfod.ubuntu.com PYTHONPATH=/home/za1van/ros2_ws/build/my_calculate_action/prefix_override:/usr/lib/python3/dist-packages/colcon_core/task/python/colcon_distutils_commands:/home/za1van/ros2_ws/install/my_calculate_action/lib/python3.12/site-packages:${PYTHONPATH} /usr/bin/python3 -W ignore:setup.py install is deprecated -W ignore:easy_install command is deprecated setup.py egg_info --egg-base ../../build/my_calculate_action build --build-base /home/za1van/ros2_ws/build/my_calculate_action/build install --record /home/za1van/ros2_ws/build/my_calculate_action/install.log --single-version-externally-managed install_data
