[0.198s] DEBUG:colcon:Command line arguments: ['/usr/bin/colcon', 'build']
[0.198s] DEBUG:colcon:Parsed command line arguments: Namespace(log_base=None, log_level=None, verb_name='build', build_base='build', install_base='install', merge_install=False, symlink_install=False, test_result_base=None, continue_on_error=False, executor='parallel', parallel_workers=4, event_handlers=None, ignore_user_meta=False, metas=['./colcon.meta'], base_paths=['.'], packages_ignore=None, packages_ignore_regex=None, paths=None, packages_up_to=None, packages_up_to_regex=None, packages_above=None, packages_above_and_dependencies=None, packages_above_depth=None, packages_select_by_dep=None, packages_skip_by_dep=None, packages_skip_up_to=None, packages_select_build_failed=False, packages_skip_build_finished=False, packages_select_test_failures=False, packages_skip_test_passed=False, packages_select=None, packages_skip=None, packages_select_regex=None, packages_skip_regex=None, packages_start=None, packages_end=None, allow_overriding=[], cmake_args=None, cmake_target=None, cmake_target_skip_unavailable=False, cmake_clean_cache=False, cmake_clean_first=False, cmake_force_configure=False, ament_cmake_args=None, catkin_cmake_args=None, catkin_skip_building_tests=False, verb_parser=<colcon_defaults.argument_parser.defaults.DefaultArgumentsDecorator object at 0x765ebc3877d0>, verb_extension=<colcon_core.verb.build.BuildVerb object at 0x765ebc326b10>, main=<bound method BuildVerb.main of <colcon_core.verb.build.BuildVerb object at 0x765ebc326b10>>)
[0.293s] Level 1:colcon.colcon_core.package_discovery:discover_packages(colcon_meta) check parameters
[0.294s] Level 1:colcon.colcon_core.package_discovery:discover_packages(recursive) check parameters
[0.294s] Level 1:colcon.colcon_core.package_discovery:discover_packages(ignore) check parameters
[0.294s] Level 1:colcon.colcon_core.package_discovery:discover_packages(path) check parameters
[0.294s] Level 1:colcon.colcon_core.package_discovery:discover_packages(colcon_meta) discover
[0.294s] Level 1:colcon.colcon_core.package_discovery:discover_packages(recursive) discover
[0.294s] INFO:colcon.colcon_core.package_discovery:Crawling recursively for packages in '/home/za1van/ros2_ws'
[0.294s] Level 1:colcon.colcon_core.package_identification:_identify(.) by extensions ['ignore', 'ignore_ament_install']
[0.294s] Level 1:colcon.colcon_core.package_identification:_identify(.) by extension 'ignore'
[0.294s] Level 1:colcon.colcon_core.package_identification:_identify(.) by extension 'ignore_ament_install'
[0.295s] Level 1:colcon.colcon_core.package_identification:_identify(.) by extensions ['colcon_pkg']
[0.295s] Level 1:colcon.colcon_core.package_identification:_identify(.) by extension 'colcon_pkg'
[0.295s] Level 1:colcon.colcon_core.package_identification:_identify(.) by extensions ['colcon_meta']
[0.295s] Level 1:colcon.colcon_core.package_identification:_identify(.) by extension 'colcon_meta'
[0.295s] Level 1:colcon.colcon_core.package_identification:_identify(.) by extensions ['ros']
[0.295s] Level 1:colcon.colcon_core.package_identification:_identify(.) by extension 'ros'
[0.354s] Level 1:colcon.colcon_core.package_identification:_identify(.) by extensions ['cmake', 'python']
[0.354s] Level 1:colcon.colcon_core.package_identification:_identify(.) by extension 'cmake'
[0.354s] Level 1:colcon.colcon_core.package_identification:_identify(.) by extension 'python'
[0.354s] Level 1:colcon.colcon_core.package_identification:_identify(.) by extensions ['python_setup_py']
[0.355s] Level 1:colcon.colcon_core.package_identification:_identify(.) by extension 'python_setup_py'
[0.355s] Level 1:colcon.colcon_core.package_identification:_identify(build) by extensions ['ignore', 'ignore_ament_install']
[0.355s] Level 1:colcon.colcon_core.package_identification:_identify(build) by extension 'ignore'
[0.355s] Level 1:colcon.colcon_core.package_identification:_identify(build) ignored
[0.355s] Level 1:colcon.colcon_core.package_identification:_identify(install) by extensions ['ignore', 'ignore_ament_install']
[0.356s] Level 1:colcon.colcon_core.package_identification:_identify(install) by extension 'ignore'
[0.356s] Level 1:colcon.colcon_core.package_identification:_identify(install) ignored
[0.357s] Level 1:colcon.colcon_core.package_identification:_identify(log) by extensions ['ignore', 'ignore_ament_install']
[0.357s] Level 1:colcon.colcon_core.package_identification:_identify(log) by extension 'ignore'
[0.358s] Level 1:colcon.colcon_core.package_identification:_identify(log) ignored
[0.358s] Level 1:colcon.colcon_core.package_identification:_identify(src) by extensions ['ignore', 'ignore_ament_install']
[0.358s] Level 1:colcon.colcon_core.package_identification:_identify(src) by extension 'ignore'
[0.359s] Level 1:colcon.colcon_core.package_identification:_identify(src) by extension 'ignore_ament_install'
[0.359s] Level 1:colcon.colcon_core.package_identification:_identify(src) by extensions ['colcon_pkg']
[0.360s] Level 1:colcon.colcon_core.package_identification:_identify(src) by extension 'colcon_pkg'
[0.360s] Level 1:colcon.colcon_core.package_identification:_identify(src) by extensions ['colcon_meta']
[0.360s] Level 1:colcon.colcon_core.package_identification:_identify(src) by extension 'colcon_meta'
[0.360s] Level 1:colcon.colcon_core.package_identification:_identify(src) by extensions ['ros']
[0.360s] Level 1:colcon.colcon_core.package_identification:_identify(src) by extension 'ros'
[0.360s] Level 1:colcon.colcon_core.package_identification:_identify(src) by extensions ['cmake', 'python']
[0.360s] Level 1:colcon.colcon_core.package_identification:_identify(src) by extension 'cmake'
[0.360s] Level 1:colcon.colcon_core.package_identification:_identify(src) by extension 'python'
[0.360s] Level 1:colcon.colcon_core.package_identification:_identify(src) by extensions ['python_setup_py']
[0.360s] Level 1:colcon.colcon_core.package_identification:_identify(src) by extension 'python_setup_py'
[0.361s] Level 1:colcon.colcon_core.package_identification:_identify(src/3t) by extensions ['ignore', 'ignore_ament_install']
[0.361s] Level 1:colcon.colcon_core.package_identification:_identify(src/3t) by extension 'ignore'
[0.361s] Level 1:colcon.colcon_core.package_identification:_identify(src/3t) by extension 'ignore_ament_install'
[0.361s] Level 1:colcon.colcon_core.package_identification:_identify(src/3t) by extensions ['colcon_pkg']
[0.361s] Level 1:colcon.colcon_core.package_identification:_identify(src/3t) by extension 'colcon_pkg'
[0.361s] Level 1:colcon.colcon_core.package_identification:_identify(src/3t) by extensions ['colcon_meta']
[0.361s] Level 1:colcon.colcon_core.package_identification:_identify(src/3t) by extension 'colcon_meta'
[0.361s] Level 1:colcon.colcon_core.package_identification:_identify(src/3t) by extensions ['ros']
[0.361s] Level 1:colcon.colcon_core.package_identification:_identify(src/3t) by extension 'ros'
[0.368s] DEBUG:colcon.colcon_core.package_identification:Package 'src/3t' with type 'ros.ament_python' and name '3t'
[0.369s] Level 1:colcon.colcon_core.package_identification:_identify(src/build) by extensions ['ignore', 'ignore_ament_install']
[0.369s] Level 1:colcon.colcon_core.package_identification:_identify(src/build) by extension 'ignore'
[0.369s] Level 1:colcon.colcon_core.package_identification:_identify(src/build) ignored
[0.369s] Level 1:colcon.colcon_core.package_identification:_identify(src/install) by extensions ['ignore', 'ignore_ament_install']
[0.369s] Level 1:colcon.colcon_core.package_identification:_identify(src/install) by extension 'ignore'
[0.369s] Level 1:colcon.colcon_core.package_identification:_identify(src/install) ignored
[0.370s] Level 1:colcon.colcon_core.package_identification:_identify(src/log) by extensions ['ignore', 'ignore_ament_install']
[0.370s] Level 1:colcon.colcon_core.package_identification:_identify(src/log) by extension 'ignore'
[0.370s] Level 1:colcon.colcon_core.package_identification:_identify(src/log) ignored
[0.370s] Level 1:colcon.colcon_core.package_identification:_identify(src/my_project_start) by extensions ['ignore', 'ignore_ament_install']
[0.370s] Level 1:colcon.colcon_core.package_identification:_identify(src/my_project_start) by extension 'ignore'
[0.370s] Level 1:colcon.colcon_core.package_identification:_identify(src/my_project_start) by extension 'ignore_ament_install'
[0.370s] Level 1:colcon.colcon_core.package_identification:_identify(src/my_project_start) by extensions ['colcon_pkg']
[0.370s] Level 1:colcon.colcon_core.package_identification:_identify(src/my_project_start) by extension 'colcon_pkg'
[0.371s] Level 1:colcon.colcon_core.package_identification:_identify(src/my_project_start) by extensions ['colcon_meta']
[0.371s] Level 1:colcon.colcon_core.package_identification:_identify(src/my_project_start) by extension 'colcon_meta'
[0.371s] Level 1:colcon.colcon_core.package_identification:_identify(src/my_project_start) by extensions ['ros']
[0.371s] Level 1:colcon.colcon_core.package_identification:_identify(src/my_project_start) by extension 'ros'
[0.372s] DEBUG:colcon.colcon_core.package_identification:Package 'src/my_project_start' with type 'ros.ament_python' and name 'my_project_start'
[0.372s] Level 1:colcon.colcon_core.package_identification:_identify(src/my_service_client) by extensions ['ignore', 'ignore_ament_install']
[0.372s] Level 1:colcon.colcon_core.package_identification:_identify(src/my_service_client) by extension 'ignore'
[0.372s] Level 1:colcon.colcon_core.package_identification:_identify(src/my_service_client) by extension 'ignore_ament_install'
[0.373s] Level 1:colcon.colcon_core.package_identification:_identify(src/my_service_client) by extensions ['colcon_pkg']
[0.373s] Level 1:colcon.colcon_core.package_identification:_identify(src/my_service_client) by extension 'colcon_pkg'
[0.373s] Level 1:colcon.colcon_core.package_identification:_identify(src/my_service_client) by extensions ['colcon_meta']
[0.373s] Level 1:colcon.colcon_core.package_identification:_identify(src/my_service_client) by extension 'colcon_meta'
[0.373s] Level 1:colcon.colcon_core.package_identification:_identify(src/my_service_client) by extensions ['ros']
[0.373s] Level 1:colcon.colcon_core.package_identification:_identify(src/my_service_client) by extension 'ros'
[0.375s] DEBUG:colcon.colcon_core.package_identification:Package 'src/my_service_client' with type 'ros.ament_python' and name 'my_service_client'
[0.375s] Level 1:colcon.colcon_core.package_identification:_identify(src/my_service_interfaces) by extensions ['ignore', 'ignore_ament_install']
[0.376s] Level 1:colcon.colcon_core.package_identification:_identify(src/my_service_interfaces) by extension 'ignore'
[0.376s] Level 1:colcon.colcon_core.package_identification:_identify(src/my_service_interfaces) by extension 'ignore_ament_install'
[0.376s] Level 1:colcon.colcon_core.package_identification:_identify(src/my_service_interfaces) by extensions ['colcon_pkg']
[0.376s] Level 1:colcon.colcon_core.package_identification:_identify(src/my_service_interfaces) by extension 'colcon_pkg'
[0.376s] Level 1:colcon.colcon_core.package_identification:_identify(src/my_service_interfaces) by extensions ['colcon_meta']
[0.376s] Level 1:colcon.colcon_core.package_identification:_identify(src/my_service_interfaces) by extension 'colcon_meta'
[0.376s] Level 1:colcon.colcon_core.package_identification:_identify(src/my_service_interfaces) by extensions ['ros']
[0.376s] Level 1:colcon.colcon_core.package_identification:_identify(src/my_service_interfaces) by extension 'ros'
[0.377s] DEBUG:colcon.colcon_core.package_identification:Package 'src/my_service_interfaces' with type 'ros.ament_cmake' and name 'my_service_interfaces'
[0.378s] Level 1:colcon.colcon_core.package_identification:_identify(src/my_service_server) by extensions ['ignore', 'ignore_ament_install']
[0.378s] Level 1:colcon.colcon_core.package_identification:_identify(src/my_service_server) by extension 'ignore'
[0.378s] Level 1:colcon.colcon_core.package_identification:_identify(src/my_service_server) by extension 'ignore_ament_install'
[0.378s] Level 1:colcon.colcon_core.package_identification:_identify(src/my_service_server) by extensions ['colcon_pkg']
[0.378s] Level 1:colcon.colcon_core.package_identification:_identify(src/my_service_server) by extension 'colcon_pkg'
[0.378s] Level 1:colcon.colcon_core.package_identification:_identify(src/my_service_server) by extensions ['colcon_meta']
[0.378s] Level 1:colcon.colcon_core.package_identification:_identify(src/my_service_server) by extension 'colcon_meta'
[0.378s] Level 1:colcon.colcon_core.package_identification:_identify(src/my_service_server) by extensions ['ros']
[0.378s] Level 1:colcon.colcon_core.package_identification:_identify(src/my_service_server) by extension 'ros'
[0.379s] DEBUG:colcon.colcon_core.package_identification:Package 'src/my_service_server' with type 'ros.ament_python' and name 'my_service_server'
[0.380s] Level 1:colcon.colcon_core.package_identification:_identify(src/my_turtle_controller) by extensions ['ignore', 'ignore_ament_install']
[0.380s] Level 1:colcon.colcon_core.package_identification:_identify(src/my_turtle_controller) by extension 'ignore'
[0.380s] Level 1:colcon.colcon_core.package_identification:_identify(src/my_turtle_controller) by extension 'ignore_ament_install'
[0.380s] Level 1:colcon.colcon_core.package_identification:_identify(src/my_turtle_controller) by extensions ['colcon_pkg']
[0.380s] Level 1:colcon.colcon_core.package_identification:_identify(src/my_turtle_controller) by extension 'colcon_pkg'
[0.380s] Level 1:colcon.colcon_core.package_identification:_identify(src/my_turtle_controller) by extensions ['colcon_meta']
[0.380s] Level 1:colcon.colcon_core.package_identification:_identify(src/my_turtle_controller) by extension 'colcon_meta'
[0.380s] Level 1:colcon.colcon_core.package_identification:_identify(src/my_turtle_controller) by extensions ['ros']
[0.380s] Level 1:colcon.colcon_core.package_identification:_identify(src/my_turtle_controller) by extension 'ros'
[0.381s] DEBUG:colcon.colcon_core.package_identification:Package 'src/my_turtle_controller' with type 'ros.ament_python' and name 'my_turtle_controller'
[0.382s] Level 1:colcon.colcon_core.package_discovery:discover_packages(recursive) using defaults
[0.382s] Level 1:colcon.colcon_core.package_discovery:discover_packages(ignore) discover
[0.382s] Level 1:colcon.colcon_core.package_discovery:discover_packages(ignore) using defaults
[0.382s] Level 1:colcon.colcon_core.package_discovery:discover_packages(path) discover
[0.382s] Level 1:colcon.colcon_core.package_discovery:discover_packages(path) using defaults
[0.424s] Level 1:colcon.colcon_core.package_discovery:discover_packages(prefix_path) check parameters
[0.425s] Level 1:colcon.colcon_core.package_discovery:discover_packages(prefix_path) discover
[0.431s] DEBUG:colcon.colcon_installed_package_information.package_discovery:Found 290 installed packages in /opt/ros/jazzy
[0.432s] Level 1:colcon.colcon_core.package_discovery:discover_packages(prefix_path) using defaults
[0.550s] Level 5:colcon.colcon_core.verb:set package '3t' build argument 'cmake_args' from command line to 'None'
[0.550s] Level 5:colcon.colcon_core.verb:set package '3t' build argument 'cmake_target' from command line to 'None'
[0.550s] Level 5:colcon.colcon_core.verb:set package '3t' build argument 'cmake_target_skip_unavailable' from command line to 'False'
[0.550s] Level 5:colcon.colcon_core.verb:set package '3t' build argument 'cmake_clean_cache' from command line to 'False'
[0.550s] Level 5:colcon.colcon_core.verb:set package '3t' build argument 'cmake_clean_first' from command line to 'False'
[0.550s] Level 5:colcon.colcon_core.verb:set package '3t' build argument 'cmake_force_configure' from command line to 'False'
[0.550s] Level 5:colcon.colcon_core.verb:set package '3t' build argument 'ament_cmake_args' from command line to 'None'
[0.550s] Level 5:colcon.colcon_core.verb:set package '3t' build argument 'catkin_cmake_args' from command line to 'None'
[0.550s] Level 5:colcon.colcon_core.verb:set package '3t' build argument 'catkin_skip_building_tests' from command line to 'False'
[0.550s] DEBUG:colcon.colcon_core.verb:Building package '3t' with the following arguments: {'ament_cmake_args': None, 'build_base': '/home/za1van/ros2_ws/build/3t', 'catkin_cmake_args': None, 'catkin_skip_building_tests': False, 'cmake_args': None, 'cmake_clean_cache': False, 'cmake_clean_first': False, 'cmake_force_configure': False, 'cmake_target': None, 'cmake_target_skip_unavailable': False, 'install_base': '/home/za1van/ros2_ws/install/3t', 'merge_install': False, 'path': '/home/za1van/ros2_ws/src/3t', 'symlink_install': False, 'test_result_base': None}
[0.551s] Level 5:colcon.colcon_core.verb:set package 'my_project_start' build argument 'cmake_args' from command line to 'None'
[0.551s] Level 5:colcon.colcon_core.verb:set package 'my_project_start' build argument 'cmake_target' from command line to 'None'
[0.551s] Level 5:colcon.colcon_core.verb:set package 'my_project_start' build argument 'cmake_target_skip_unavailable' from command line to 'False'
[0.551s] Level 5:colcon.colcon_core.verb:set package 'my_project_start' build argument 'cmake_clean_cache' from command line to 'False'
[0.551s] Level 5:colcon.colcon_core.verb:set package 'my_project_start' build argument 'cmake_clean_first' from command line to 'False'
[0.551s] Level 5:colcon.colcon_core.verb:set package 'my_project_start' build argument 'cmake_force_configure' from command line to 'False'
[0.551s] Level 5:colcon.colcon_core.verb:set package 'my_project_start' build argument 'ament_cmake_args' from command line to 'None'
[0.551s] Level 5:colcon.colcon_core.verb:set package 'my_project_start' build argument 'catkin_cmake_args' from command line to 'None'
[0.551s] Level 5:colcon.colcon_core.verb:set package 'my_project_start' build argument 'catkin_skip_building_tests' from command line to 'False'
[0.552s] DEBUG:colcon.colcon_core.verb:Building package 'my_project_start' with the following arguments: {'ament_cmake_args': None, 'build_base': '/home/za1van/ros2_ws/build/my_project_start', 'catkin_cmake_args': None, 'catkin_skip_building_tests': False, 'cmake_args': None, 'cmake_clean_cache': False, 'cmake_clean_first': False, 'cmake_force_configure': False, 'cmake_target': None, 'cmake_target_skip_unavailable': False, 'install_base': '/home/za1van/ros2_ws/install/my_project_start', 'merge_install': False, 'path': '/home/za1van/ros2_ws/src/my_project_start', 'symlink_install': False, 'test_result_base': None}
[0.552s] Level 5:colcon.colcon_core.verb:set package 'my_service_interfaces' build argument 'cmake_args' from command line to 'None'
[0.552s] Level 5:colcon.colcon_core.verb:set package 'my_service_interfaces' build argument 'cmake_target' from command line to 'None'
[0.552s] Level 5:colcon.colcon_core.verb:set package 'my_service_interfaces' build argument 'cmake_target_skip_unavailable' from command line to 'False'
[0.552s] Level 5:colcon.colcon_core.verb:set package 'my_service_interfaces' build argument 'cmake_clean_cache' from command line to 'False'
[0.552s] Level 5:colcon.colcon_core.verb:set package 'my_service_interfaces' build argument 'cmake_clean_first' from command line to 'False'
[0.552s] Level 5:colcon.colcon_core.verb:set package 'my_service_interfaces' build argument 'cmake_force_configure' from command line to 'False'
[0.552s] Level 5:colcon.colcon_core.verb:set package 'my_service_interfaces' build argument 'ament_cmake_args' from command line to 'None'
[0.553s] Level 5:colcon.colcon_core.verb:set package 'my_service_interfaces' build argument 'catkin_cmake_args' from command line to 'None'
[0.553s] Level 5:colcon.colcon_core.verb:set package 'my_service_interfaces' build argument 'catkin_skip_building_tests' from command line to 'False'
[0.553s] DEBUG:colcon.colcon_core.verb:Building package 'my_service_interfaces' with the following arguments: {'ament_cmake_args': None, 'build_base': '/home/za1van/ros2_ws/build/my_service_interfaces', 'catkin_cmake_args': None, 'catkin_skip_building_tests': False, 'cmake_args': None, 'cmake_clean_cache': False, 'cmake_clean_first': False, 'cmake_force_configure': False, 'cmake_target': None, 'cmake_target_skip_unavailable': False, 'install_base': '/home/za1van/ros2_ws/install/my_service_interfaces', 'merge_install': False, 'path': '/home/za1van/ros2_ws/src/my_service_interfaces', 'symlink_install': False, 'test_result_base': None}
[0.553s] Level 5:colcon.colcon_core.verb:set package 'my_service_server' build argument 'cmake_args' from command line to 'None'
[0.553s] Level 5:colcon.colcon_core.verb:set package 'my_service_server' build argument 'cmake_target' from command line to 'None'
[0.553s] Level 5:colcon.colcon_core.verb:set package 'my_service_server' build argument 'cmake_target_skip_unavailable' from command line to 'False'
[0.553s] Level 5:colcon.colcon_core.verb:set package 'my_service_server' build argument 'cmake_clean_cache' from command line to 'False'
[0.554s] Level 5:colcon.colcon_core.verb:set package 'my_service_server' build argument 'cmake_clean_first' from command line to 'False'
[0.554s] Level 5:colcon.colcon_core.verb:set package 'my_service_server' build argument 'cmake_force_configure' from command line to 'False'
[0.554s] Level 5:colcon.colcon_core.verb:set package 'my_service_server' build argument 'ament_cmake_args' from command line to 'None'
[0.554s] Level 5:colcon.colcon_core.verb:set package 'my_service_server' build argument 'catkin_cmake_args' from command line to 'None'
[0.554s] Level 5:colcon.colcon_core.verb:set package 'my_service_server' build argument 'catkin_skip_building_tests' from command line to 'False'
[0.554s] DEBUG:colcon.colcon_core.verb:Building package 'my_service_server' with the following arguments: {'ament_cmake_args': None, 'build_base': '/home/za1van/ros2_ws/build/my_service_server', 'catkin_cmake_args': None, 'catkin_skip_building_tests': False, 'cmake_args': None, 'cmake_clean_cache': False, 'cmake_clean_first': False, 'cmake_force_configure': False, 'cmake_target': None, 'cmake_target_skip_unavailable': False, 'install_base': '/home/za1van/ros2_ws/install/my_service_server', 'merge_install': False, 'path': '/home/za1van/ros2_ws/src/my_service_server', 'symlink_install': False, 'test_result_base': None}
[0.555s] Level 5:colcon.colcon_core.verb:set package 'my_turtle_controller' build argument 'cmake_args' from command line to 'None'
[0.555s] Level 5:colcon.colcon_core.verb:set package 'my_turtle_controller' build argument 'cmake_target' from command line to 'None'
[0.555s] Level 5:colcon.colcon_core.verb:set package 'my_turtle_controller' build argument 'cmake_target_skip_unavailable' from command line to 'False'
[0.555s] Level 5:colcon.colcon_core.verb:set package 'my_turtle_controller' build argument 'cmake_clean_cache' from command line to 'False'
[0.555s] Level 5:colcon.colcon_core.verb:set package 'my_turtle_controller' build argument 'cmake_clean_first' from command line to 'False'
[0.555s] Level 5:colcon.colcon_core.verb:set package 'my_turtle_controller' build argument 'cmake_force_configure' from command line to 'False'
[0.555s] Level 5:colcon.colcon_core.verb:set package 'my_turtle_controller' build argument 'ament_cmake_args' from command line to 'None'
[0.556s] Level 5:colcon.colcon_core.verb:set package 'my_turtle_controller' build argument 'catkin_cmake_args' from command line to 'None'
[0.556s] Level 5:colcon.colcon_core.verb:set package 'my_turtle_controller' build argument 'catkin_skip_building_tests' from command line to 'False'
[0.556s] DEBUG:colcon.colcon_core.verb:Building package 'my_turtle_controller' with the following arguments: {'ament_cmake_args': None, 'build_base': '/home/za1van/ros2_ws/build/my_turtle_controller', 'catkin_cmake_args': None, 'catkin_skip_building_tests': False, 'cmake_args': None, 'cmake_clean_cache': False, 'cmake_clean_first': False, 'cmake_force_configure': False, 'cmake_target': None, 'cmake_target_skip_unavailable': False, 'install_base': '/home/za1van/ros2_ws/install/my_turtle_controller', 'merge_install': False, 'path': '/home/za1van/ros2_ws/src/my_turtle_controller', 'symlink_install': False, 'test_result_base': None}
[0.556s] Level 5:colcon.colcon_core.verb:set package 'my_service_client' build argument 'cmake_args' from command line to 'None'
[0.557s] Level 5:colcon.colcon_core.verb:set package 'my_service_client' build argument 'cmake_target' from command line to 'None'
[0.557s] Level 5:colcon.colcon_core.verb:set package 'my_service_client' build argument 'cmake_target_skip_unavailable' from command line to 'False'
[0.557s] Level 5:colcon.colcon_core.verb:set package 'my_service_client' build argument 'cmake_clean_cache' from command line to 'False'
[0.557s] Level 5:colcon.colcon_core.verb:set package 'my_service_client' build argument 'cmake_clean_first' from command line to 'False'
[0.557s] Level 5:colcon.colcon_core.verb:set package 'my_service_client' build argument 'cmake_force_configure' from command line to 'False'
[0.557s] Level 5:colcon.colcon_core.verb:set package 'my_service_client' build argument 'ament_cmake_args' from command line to 'None'
[0.557s] Level 5:colcon.colcon_core.verb:set package 'my_service_client' build argument 'catkin_cmake_args' from command line to 'None'
[0.557s] Level 5:colcon.colcon_core.verb:set package 'my_service_client' build argument 'catkin_skip_building_tests' from command line to 'False'
[0.557s] DEBUG:colcon.colcon_core.verb:Building package 'my_service_client' with the following arguments: {'ament_cmake_args': None, 'build_base': '/home/za1van/ros2_ws/build/my_service_client', 'catkin_cmake_args': None, 'catkin_skip_building_tests': False, 'cmake_args': None, 'cmake_clean_cache': False, 'cmake_clean_first': False, 'cmake_force_configure': False, 'cmake_target': None, 'cmake_target_skip_unavailable': False, 'install_base': '/home/za1van/ros2_ws/install/my_service_client', 'merge_install': False, 'path': '/home/za1van/ros2_ws/src/my_service_client', 'symlink_install': False, 'test_result_base': None}
[0.557s] INFO:colcon.colcon_core.executor:Executing jobs using 'parallel' executor
[0.561s] DEBUG:colcon.colcon_parallel_executor.executor.parallel:run_until_complete
[0.562s] INFO:colcon.colcon_ros.task.ament_cmake.build:Building ROS package in '/home/za1van/ros2_ws/src/my_service_interfaces' with build type 'ament_cmake'
[0.562s] INFO:colcon.colcon_cmake.task.cmake.build:Building CMake package in '/home/za1van/ros2_ws/src/my_service_interfaces'
[0.571s] INFO:colcon.colcon_core.plugin_system:Skipping extension 'colcon_core.shell.bat': Not used on non-Windows systems
[0.571s] INFO:colcon.colcon_core.shell:Skip shell extension 'powershell' for command environment: Not usable outside of PowerShell
[0.571s] DEBUG:colcon.colcon_core.shell:Skip shell extension 'dsv' for command environment
[0.586s] INFO:colcon.colcon_ros.task.ament_python.build:Building ROS package in '/home/za1van/ros2_ws/src/3t' with build type 'ament_python'
[0.586s] Level 1:colcon.colcon_core.shell:create_environment_hook('3t', 'ament_prefix_path')
[0.589s] INFO:colcon.colcon_core.shell:Creating environment hook '/home/za1van/ros2_ws/install/3t/share/3t/hook/ament_prefix_path.ps1'
[0.596s] INFO:colcon.colcon_core.shell:Creating environment descriptor '/home/za1van/ros2_ws/install/3t/share/3t/hook/ament_prefix_path.dsv'
[0.596s] INFO:colcon.colcon_core.shell:Creating environment hook '/home/za1van/ros2_ws/install/3t/share/3t/hook/ament_prefix_path.sh'
[0.605s] INFO:colcon.colcon_core.shell:Skip shell extension 'powershell' for command environment: Not usable outside of PowerShell
[0.605s] DEBUG:colcon.colcon_core.shell:Skip shell extension 'dsv' for command environment
[0.629s] INFO:colcon.colcon_ros.task.ament_python.build:Building ROS package in '/home/za1van/ros2_ws/src/my_project_start' with build type 'ament_python'
[0.631s] Level 1:colcon.colcon_core.shell:create_environment_hook('my_project_start', 'ament_prefix_path')
[0.633s] INFO:colcon.colcon_core.shell:Creating environment hook '/home/za1van/ros2_ws/install/my_project_start/share/my_project_start/hook/ament_prefix_path.ps1'
[0.633s] INFO:colcon.colcon_core.shell:Creating environment descriptor '/home/za1van/ros2_ws/install/my_project_start/share/my_project_start/hook/ament_prefix_path.dsv'
[0.634s] INFO:colcon.colcon_core.shell:Creating environment hook '/home/za1van/ros2_ws/install/my_project_start/share/my_project_start/hook/ament_prefix_path.sh'
[0.638s] INFO:colcon.colcon_core.shell:Skip shell extension 'powershell' for command environment: Not usable outside of PowerShell
[0.638s] DEBUG:colcon.colcon_core.shell:Skip shell extension 'dsv' for command environment
[0.667s] INFO:colcon.colcon_ros.task.ament_python.build:Building ROS package in '/home/za1van/ros2_ws/src/my_service_server' with build type 'ament_python'
[0.667s] Level 1:colcon.colcon_core.shell:create_environment_hook('my_service_server', 'ament_prefix_path')
[0.667s] INFO:colcon.colcon_core.shell:Creating environment hook '/home/za1van/ros2_ws/install/my_service_server/share/my_service_server/hook/ament_prefix_path.ps1'
[0.668s] INFO:colcon.colcon_core.shell:Creating environment descriptor '/home/za1van/ros2_ws/install/my_service_server/share/my_service_server/hook/ament_prefix_path.dsv'
[0.669s] INFO:colcon.colcon_core.shell:Creating environment hook '/home/za1van/ros2_ws/install/my_service_server/share/my_service_server/hook/ament_prefix_path.sh'
[0.670s] INFO:colcon.colcon_core.shell:Skip shell extension 'powershell' for command environment: Not usable outside of PowerShell
[0.670s] DEBUG:colcon.colcon_core.shell:Skip shell extension 'dsv' for command environment
[0.688s] DEBUG:colcon.colcon_core.event_handler.log_command:Invoking command in '/home/za1van/ros2_ws/build/my_service_interfaces': CMAKE_PREFIX_PATH=${CMAKE_PREFIX_PATH}:/opt/ros/jazzy DEBUGINFOD_URLS=https://debuginfod.ubuntu.com /usr/bin/cmake --build /home/za1van/ros2_ws/build/my_service_interfaces -- -j4 -l4
[1.345s] INFO:colcon.colcon_core.task.python.build:Building Python package in '/home/za1van/ros2_ws/src/3t'
[1.346s] INFO:colcon.colcon_core.shell:Skip shell extension 'powershell' for command environment: Not usable outside of PowerShell
[1.346s] DEBUG:colcon.colcon_core.shell:Skip shell extension 'dsv' for command environment
[1.902s] INFO:colcon.colcon_core.task.python.build:Building Python package in '/home/za1van/ros2_ws/src/my_project_start'
[1.902s] INFO:colcon.colcon_core.shell:Skip shell extension 'powershell' for command environment: Not usable outside of PowerShell
[1.902s] DEBUG:colcon.colcon_core.shell:Skip shell extension 'dsv' for command environment
[2.362s] INFO:colcon.colcon_core.task.python.build:Building Python package in '/home/za1van/ros2_ws/src/my_service_server'
[2.363s] INFO:colcon.colcon_core.shell:Skip shell extension 'powershell' for command environment: Not usable outside of PowerShell
[2.363s] DEBUG:colcon.colcon_core.shell:Skip shell extension 'dsv' for command environment
[2.382s] DEBUG:colcon.colcon_core.event_handler.log_command:Invoked command in '/home/za1van/ros2_ws/build/my_service_interfaces' returned '0': CMAKE_PREFIX_PATH=${CMAKE_PREFIX_PATH}:/opt/ros/jazzy DEBUGINFOD_URLS=https://debuginfod.ubuntu.com /usr/bin/cmake --build /home/za1van/ros2_ws/build/my_service_interfaces -- -j4 -l4
[2.387s] DEBUG:colcon.colcon_core.event_handler.log_command:Invoking command in '/home/za1van/ros2_ws/build/my_service_interfaces': CMAKE_PREFIX_PATH=${CMAKE_PREFIX_PATH}:/opt/ros/jazzy DEBUGINFOD_URLS=https://debuginfod.ubuntu.com /usr/bin/cmake --install /home/za1van/ros2_ws/build/my_service_interfaces
[2.574s] Level 1:colcon.colcon_core.environment:create_environment_scripts_only(my_service_interfaces)
[2.580s] DEBUG:colcon.colcon_core.event_handler.log_command:Invoked command in '/home/za1van/ros2_ws/build/my_service_interfaces' returned '0': CMAKE_PREFIX_PATH=${CMAKE_PREFIX_PATH}:/opt/ros/jazzy DEBUGINFOD_URLS=https://debuginfod.ubuntu.com /usr/bin/cmake --install /home/za1van/ros2_ws/build/my_service_interfaces
[2.586s] Level 1:colcon.colcon_core.environment:checking '/home/za1van/ros2_ws/install/my_service_interfaces' for CMake module files
[2.590s] Level 1:colcon.colcon_core.environment:checking '/home/za1van/ros2_ws/install/my_service_interfaces' for CMake config files
[2.594s] Level 1:colcon.colcon_core.shell:create_environment_hook('my_service_interfaces', 'cmake_prefix_path')
[2.595s] INFO:colcon.colcon_core.shell:Creating environment hook '/home/za1van/ros2_ws/install/my_service_interfaces/share/my_service_interfaces/hook/cmake_prefix_path.ps1'
[2.595s] INFO:colcon.colcon_core.shell:Creating environment descriptor '/home/za1van/ros2_ws/install/my_service_interfaces/share/my_service_interfaces/hook/cmake_prefix_path.dsv'
[2.596s] INFO:colcon.colcon_core.shell:Creating environment hook '/home/za1van/ros2_ws/install/my_service_interfaces/share/my_service_interfaces/hook/cmake_prefix_path.sh'
[2.604s] Level 1:colcon.colcon_core.environment:checking '/home/za1van/ros2_ws/install/my_service_interfaces/lib'
[2.604s] Level 1:colcon.colcon_core.shell:create_environment_hook('my_service_interfaces', 'ld_library_path_lib')
[2.605s] INFO:colcon.colcon_core.shell:Creating environment hook '/home/za1van/ros2_ws/install/my_service_interfaces/share/my_service_interfaces/hook/ld_library_path_lib.ps1'
[2.609s] INFO:colcon.colcon_core.shell:Creating environment descriptor '/home/za1van/ros2_ws/install/my_service_interfaces/share/my_service_interfaces/hook/ld_library_path_lib.dsv'
[2.609s] INFO:colcon.colcon_core.shell:Creating environment hook '/home/za1van/ros2_ws/install/my_service_interfaces/share/my_service_interfaces/hook/ld_library_path_lib.sh'
[2.610s] Level 1:colcon.colcon_core.environment:checking '/home/za1van/ros2_ws/install/my_service_interfaces/bin'
[2.610s] Level 1:colcon.colcon_core.environment:checking '/home/za1van/ros2_ws/install/my_service_interfaces/lib/pkgconfig/my_service_interfaces.pc'
[2.612s] Level 1:colcon.colcon_core.environment:checking '/home/za1van/ros2_ws/install/my_service_interfaces/lib/python3.12/site-packages'
[2.612s] Level 1:colcon.colcon_core.shell:create_environment_hook('my_service_interfaces', 'pythonpath')
[2.612s] INFO:colcon.colcon_core.shell:Creating environment hook '/home/za1van/ros2_ws/install/my_service_interfaces/share/my_service_interfaces/hook/pythonpath.ps1'
[2.614s] INFO:colcon.colcon_core.shell:Creating environment descriptor '/home/za1van/ros2_ws/install/my_service_interfaces/share/my_service_interfaces/hook/pythonpath.dsv'
[2.615s] INFO:colcon.colcon_core.shell:Creating environment hook '/home/za1van/ros2_ws/install/my_service_interfaces/share/my_service_interfaces/hook/pythonpath.sh'
[2.616s] Level 1:colcon.colcon_core.environment:checking '/home/za1van/ros2_ws/install/my_service_interfaces/bin'
[2.620s] INFO:colcon.colcon_core.shell:Creating package script '/home/za1van/ros2_ws/install/my_service_interfaces/share/my_service_interfaces/package.ps1'
[2.622s] INFO:colcon.colcon_core.shell:Creating package descriptor '/home/za1van/ros2_ws/install/my_service_interfaces/share/my_service_interfaces/package.dsv'
[2.628s] INFO:colcon.colcon_core.shell:Creating package script '/home/za1van/ros2_ws/install/my_service_interfaces/share/my_service_interfaces/package.sh'
[2.630s] INFO:colcon.colcon_core.shell:Creating package script '/home/za1van/ros2_ws/install/my_service_interfaces/share/my_service_interfaces/package.bash'
[2.634s] INFO:colcon.colcon_core.shell:Creating package script '/home/za1van/ros2_ws/install/my_service_interfaces/share/my_service_interfaces/package.zsh'
[2.635s] Level 1:colcon.colcon_core.environment:create_file_with_runtime_dependencies(/home/za1van/ros2_ws/install/my_service_interfaces/share/colcon-core/packages/my_service_interfaces)
[2.639s] Level 1:colcon.colcon_core.environment:create_environment_scripts_only(my_service_interfaces)
[2.640s] Level 1:colcon.colcon_core.environment:checking '/home/za1van/ros2_ws/install/my_service_interfaces' for CMake module files
[2.644s] Level 1:colcon.colcon_core.environment:checking '/home/za1van/ros2_ws/install/my_service_interfaces' for CMake config files
[2.645s] Level 1:colcon.colcon_core.shell:create_environment_hook('my_service_interfaces', 'cmake_prefix_path')
[2.649s] INFO:colcon.colcon_core.shell:Creating environment hook '/home/za1van/ros2_ws/install/my_service_interfaces/share/my_service_interfaces/hook/cmake_prefix_path.ps1'
[2.649s] INFO:colcon.colcon_core.shell:Creating environment descriptor '/home/za1van/ros2_ws/install/my_service_interfaces/share/my_service_interfaces/hook/cmake_prefix_path.dsv'
[2.650s] INFO:colcon.colcon_core.shell:Creating environment hook '/home/za1van/ros2_ws/install/my_service_interfaces/share/my_service_interfaces/hook/cmake_prefix_path.sh'
[2.654s] Level 1:colcon.colcon_core.environment:checking '/home/za1van/ros2_ws/install/my_service_interfaces/lib'
[2.654s] Level 1:colcon.colcon_core.shell:create_environment_hook('my_service_interfaces', 'ld_library_path_lib')
[2.655s] INFO:colcon.colcon_core.shell:Creating environment hook '/home/za1van/ros2_ws/install/my_service_interfaces/share/my_service_interfaces/hook/ld_library_path_lib.ps1'
[2.657s] INFO:colcon.colcon_core.shell:Creating environment descriptor '/home/za1van/ros2_ws/install/my_service_interfaces/share/my_service_interfaces/hook/ld_library_path_lib.dsv'
[2.657s] INFO:colcon.colcon_core.shell:Creating environment hook '/home/za1van/ros2_ws/install/my_service_interfaces/share/my_service_interfaces/hook/ld_library_path_lib.sh'
[2.658s] Level 1:colcon.colcon_core.environment:checking '/home/za1van/ros2_ws/install/my_service_interfaces/bin'
[2.658s] Level 1:colcon.colcon_core.environment:checking '/home/za1van/ros2_ws/install/my_service_interfaces/lib/pkgconfig/my_service_interfaces.pc'
[2.661s] Level 1:colcon.colcon_core.environment:checking '/home/za1van/ros2_ws/install/my_service_interfaces/lib/python3.12/site-packages'
[2.662s] Level 1:colcon.colcon_core.shell:create_environment_hook('my_service_interfaces', 'pythonpath')
[2.662s] INFO:colcon.colcon_core.shell:Creating environment hook '/home/za1van/ros2_ws/install/my_service_interfaces/share/my_service_interfaces/hook/pythonpath.ps1'
[2.665s] INFO:colcon.colcon_core.shell:Creating environment descriptor '/home/za1van/ros2_ws/install/my_service_interfaces/share/my_service_interfaces/hook/pythonpath.dsv'
[2.665s] INFO:colcon.colcon_core.shell:Creating environment hook '/home/za1van/ros2_ws/install/my_service_interfaces/share/my_service_interfaces/hook/pythonpath.sh'
[2.669s] Level 1:colcon.colcon_core.environment:checking '/home/za1van/ros2_ws/install/my_service_interfaces/bin'
[2.670s] INFO:colcon.colcon_core.shell:Creating package script '/home/za1van/ros2_ws/install/my_service_interfaces/share/my_service_interfaces/package.ps1'
[2.673s] INFO:colcon.colcon_core.shell:Creating package descriptor '/home/za1van/ros2_ws/install/my_service_interfaces/share/my_service_interfaces/package.dsv'
[2.678s] INFO:colcon.colcon_core.shell:Creating package script '/home/za1van/ros2_ws/install/my_service_interfaces/share/my_service_interfaces/package.sh'
[2.681s] INFO:colcon.colcon_core.shell:Creating package script '/home/za1van/ros2_ws/install/my_service_interfaces/share/my_service_interfaces/package.bash'
[2.683s] INFO:colcon.colcon_core.shell:Creating package script '/home/za1van/ros2_ws/install/my_service_interfaces/share/my_service_interfaces/package.zsh'
[2.687s] Level 1:colcon.colcon_core.environment:create_file_with_runtime_dependencies(/home/za1van/ros2_ws/install/my_service_interfaces/share/colcon-core/packages/my_service_interfaces)
[2.687s] INFO:colcon.colcon_ros.task.ament_python.build:Building ROS package in '/home/za1van/ros2_ws/src/my_turtle_controller' with build type 'ament_python'
[2.688s] Level 1:colcon.colcon_core.shell:create_environment_hook('my_turtle_controller', 'ament_prefix_path')
[2.689s] INFO:colcon.colcon_core.shell:Creating environment hook '/home/za1van/ros2_ws/install/my_turtle_controller/share/my_turtle_controller/hook/ament_prefix_path.ps1'
[2.692s] INFO:colcon.colcon_core.shell:Creating environment descriptor '/home/za1van/ros2_ws/install/my_turtle_controller/share/my_turtle_controller/hook/ament_prefix_path.dsv'
[2.695s] INFO:colcon.colcon_core.shell:Creating environment hook '/home/za1van/ros2_ws/install/my_turtle_controller/share/my_turtle_controller/hook/ament_prefix_path.sh'
[2.698s] INFO:colcon.colcon_core.shell:Skip shell extension 'powershell' for command environment: Not usable outside of PowerShell
[2.699s] DEBUG:colcon.colcon_core.shell:Skip shell extension 'dsv' for command environment
[3.814s] INFO:colcon.colcon_core.task.python.build:Building Python package in '/home/za1van/ros2_ws/src/my_turtle_controller'
[3.814s] INFO:colcon.colcon_core.shell:Skip shell extension 'powershell' for command environment: Not usable outside of PowerShell
[3.814s] DEBUG:colcon.colcon_core.shell:Skip shell extension 'dsv' for command environment
[4.806s] DEBUG:colcon.colcon_core.event_handler.log_command:Invoking command in '/home/za1van/ros2_ws/src/3t': DEBUGINFOD_URLS=https://debuginfod.ubuntu.com PYTHONPATH=/home/za1van/ros2_ws/build/3t/prefix_override:/usr/lib/python3/dist-packages/colcon_core/task/python/colcon_distutils_commands:/home/za1van/ros2_ws/install/3t/lib/python3.12/site-packages:${PYTHONPATH} /usr/bin/python3 -W ignore:setup.py install is deprecated -W ignore:easy_install command is deprecated setup.py egg_info --egg-base ../../build/3t build --build-base /home/za1van/ros2_ws/build/3t/build install --record /home/za1van/ros2_ws/build/3t/install.log --single-version-externally-managed install_data
[5.254s] DEBUG:colcon.colcon_core.event_handler.log_command:Invoking command in '/home/za1van/ros2_ws/src/my_service_server': DEBUGINFOD_URLS=https://debuginfod.ubuntu.com PYTHONPATH=/home/za1van/ros2_ws/build/my_service_server/prefix_override:/usr/lib/python3/dist-packages/colcon_core/task/python/colcon_distutils_commands:/home/za1van/ros2_ws/install/my_service_server/lib/python3.12/site-packages:${PYTHONPATH} /usr/bin/python3 -W ignore:setup.py install is deprecated -W ignore:easy_install command is deprecated setup.py egg_info --egg-base ../../build/my_service_server build --build-base /home/za1van/ros2_ws/build/my_service_server/build install --record /home/za1van/ros2_ws/build/my_service_server/install.log --single-version-externally-managed install_data
[5.747s] DEBUG:colcon.colcon_core.event_handler.log_command:Invoking command in '/home/za1van/ros2_ws/src/my_turtle_controller': DEBUGINFOD_URLS=https://debuginfod.ubuntu.com PYTHONPATH=/home/za1van/ros2_ws/build/my_turtle_controller/prefix_override:/usr/lib/python3/dist-packages/colcon_core/task/python/colcon_distutils_commands:/home/za1van/ros2_ws/install/my_turtle_controller/lib/python3.12/site-packages:${PYTHONPATH} /usr/bin/python3 -W ignore:setup.py install is deprecated -W ignore:easy_install command is deprecated setup.py egg_info --egg-base ../../build/my_turtle_controller build --build-base /home/za1van/ros2_ws/build/my_turtle_controller/build install --record /home/za1van/ros2_ws/build/my_turtle_controller/install.log --single-version-externally-managed install_data
[6.010s] DEBUG:colcon.colcon_core.event_handler.log_command:Invoking command in '/home/za1van/ros2_ws/src/my_project_start': DEBUGINFOD_URLS=https://debuginfod.ubuntu.com PYTHONPATH=/home/za1van/ros2_ws/build/my_project_start/prefix_override:/usr/lib/python3/dist-packages/colcon_core/task/python/colcon_distutils_commands:/home/za1van/ros2_ws/install/my_project_start/lib/python3.12/site-packages:${PYTHONPATH} /usr/bin/python3 -W ignore:setup.py install is deprecated -W ignore:easy_install command is deprecated setup.py egg_info --egg-base ../../build/my_project_start build --build-base /home/za1van/ros2_ws/build/my_project_start/build install --record /home/za1van/ros2_ws/build/my_project_start/install.log --single-version-externally-managed install_data
[7.301s] Level 1:colcon.colcon_core.environment:checking '/home/za1van/ros2_ws/install/my_turtle_controller' for CMake module files
[7.305s] DEBUG:colcon.colcon_core.event_handler.log_command:Invoked command in '/home/za1van/ros2_ws/src/my_turtle_controller' returned '0': DEBUGINFOD_URLS=https://debuginfod.ubuntu.com PYTHONPATH=/home/za1van/ros2_ws/build/my_turtle_controller/prefix_override:/usr/lib/python3/dist-packages/colcon_core/task/python/colcon_distutils_commands:/home/za1van/ros2_ws/install/my_turtle_controller/lib/python3.12/site-packages:${PYTHONPATH} /usr/bin/python3 -W ignore:setup.py install is deprecated -W ignore:easy_install command is deprecated setup.py egg_info --egg-base ../../build/my_turtle_controller build --build-base /home/za1van/ros2_ws/build/my_turtle_controller/build install --record /home/za1van/ros2_ws/build/my_turtle_controller/install.log --single-version-externally-managed install_data
[7.306s] Level 1:colcon.colcon_core.environment:checking '/home/za1van/ros2_ws/install/my_turtle_controller' for CMake config files
[7.309s] Level 1:colcon.colcon_core.environment:checking '/home/za1van/ros2_ws/install/my_turtle_controller/lib'
[7.309s] Level 1:colcon.colcon_core.environment:checking '/home/za1van/ros2_ws/install/my_turtle_controller/bin'
[7.309s] Level 1:colcon.colcon_core.environment:checking '/home/za1van/ros2_ws/install/my_turtle_controller/lib/pkgconfig/my_turtle_controller.pc'
[7.310s] Level 1:colcon.colcon_core.environment:checking '/home/za1van/ros2_ws/install/my_turtle_controller/lib/python3.12/site-packages'
[7.311s] Level 1:colcon.colcon_core.shell:create_environment_hook('my_turtle_controller', 'pythonpath')
[7.311s] INFO:colcon.colcon_core.shell:Creating environment hook '/home/za1van/ros2_ws/install/my_turtle_controller/share/my_turtle_controller/hook/pythonpath.ps1'
[7.313s] INFO:colcon.colcon_core.shell:Creating environment descriptor '/home/za1van/ros2_ws/install/my_turtle_controller/share/my_turtle_controller/hook/pythonpath.dsv'
[7.314s] INFO:colcon.colcon_core.shell:Creating environment hook '/home/za1van/ros2_ws/install/my_turtle_controller/share/my_turtle_controller/hook/pythonpath.sh'
[7.315s] Level 1:colcon.colcon_core.environment:checking '/home/za1van/ros2_ws/install/my_turtle_controller/bin'
[7.315s] Level 1:colcon.colcon_core.environment:create_environment_scripts_only(my_turtle_controller)
[7.317s] INFO:colcon.colcon_core.shell:Creating package script '/home/za1van/ros2_ws/install/my_turtle_controller/share/my_turtle_controller/package.ps1'
[7.319s] INFO:colcon.colcon_core.shell:Creating package descriptor '/home/za1van/ros2_ws/install/my_turtle_controller/share/my_turtle_controller/package.dsv'
[7.320s] INFO:colcon.colcon_core.shell:Creating package script '/home/za1van/ros2_ws/install/my_turtle_controller/share/my_turtle_controller/package.sh'
[7.321s] INFO:colcon.colcon_core.shell:Creating package script '/home/za1van/ros2_ws/install/my_turtle_controller/share/my_turtle_controller/package.bash'
[7.323s] INFO:colcon.colcon_core.shell:Creating package script '/home/za1van/ros2_ws/install/my_turtle_controller/share/my_turtle_controller/package.zsh'
[7.324s] Level 1:colcon.colcon_core.environment:create_file_with_runtime_dependencies(/home/za1van/ros2_ws/install/my_turtle_controller/share/colcon-core/packages/my_turtle_controller)
[7.325s] INFO:colcon.colcon_ros.task.ament_python.build:Building ROS package in '/home/za1van/ros2_ws/src/my_service_client' with build type 'ament_python'
[7.325s] Level 1:colcon.colcon_core.shell:create_environment_hook('my_service_client', 'ament_prefix_path')
[7.326s] INFO:colcon.colcon_core.shell:Creating environment hook '/home/za1van/ros2_ws/install/my_service_client/share/my_service_client/hook/ament_prefix_path.ps1'
[7.328s] INFO:colcon.colcon_core.shell:Creating environment descriptor '/home/za1van/ros2_ws/install/my_service_client/share/my_service_client/hook/ament_prefix_path.dsv'
[7.330s] INFO:colcon.colcon_core.shell:Creating environment hook '/home/za1van/ros2_ws/install/my_service_client/share/my_service_client/hook/ament_prefix_path.sh'
[7.331s] INFO:colcon.colcon_core.shell:Skip shell extension 'powershell' for command environment: Not usable outside of PowerShell
[7.331s] DEBUG:colcon.colcon_core.shell:Skip shell extension 'dsv' for command environment
[7.814s] INFO:colcon.colcon_core.task.python.build:Building Python package in '/home/za1van/ros2_ws/src/my_service_client'
[7.815s] INFO:colcon.colcon_core.shell:Skip shell extension 'powershell' for command environment: Not usable outside of PowerShell
[7.815s] DEBUG:colcon.colcon_core.shell:Skip shell extension 'dsv' for command environment
[7.826s] Level 1:colcon.colcon_core.environment:checking '/home/za1van/ros2_ws/install/my_service_server' for CMake module files
[7.829s] Level 1:colcon.colcon_core.environment:checking '/home/za1van/ros2_ws/install/my_service_server' for CMake config files
[7.829s] DEBUG:colcon.colcon_core.event_handler.log_command:Invoked command in '/home/za1van/ros2_ws/src/my_service_server' returned '0': DEBUGINFOD_URLS=https://debuginfod.ubuntu.com PYTHONPATH=/home/za1van/ros2_ws/build/my_service_server/prefix_override:/usr/lib/python3/dist-packages/colcon_core/task/python/colcon_distutils_commands:/home/za1van/ros2_ws/install/my_service_server/lib/python3.12/site-packages:${PYTHONPATH} /usr/bin/python3 -W ignore:setup.py install is deprecated -W ignore:easy_install command is deprecated setup.py egg_info --egg-base ../../build/my_service_server build --build-base /home/za1van/ros2_ws/build/my_service_server/build install --record /home/za1van/ros2_ws/build/my_service_server/install.log --single-version-externally-managed install_data
[7.830s] Level 1:colcon.colcon_core.environment:checking '/home/za1van/ros2_ws/install/my_service_server/lib'
[7.831s] Level 1:colcon.colcon_core.environment:checking '/home/za1van/ros2_ws/install/my_service_server/bin'
[7.831s] Level 1:colcon.colcon_core.environment:checking '/home/za1van/ros2_ws/install/my_service_server/lib/pkgconfig/my_service_server.pc'
[7.831s] Level 1:colcon.colcon_core.environment:checking '/home/za1van/ros2_ws/install/my_service_server/lib/python3.12/site-packages'
[7.832s] Level 1:colcon.colcon_core.shell:create_environment_hook('my_service_server', 'pythonpath')
[7.832s] INFO:colcon.colcon_core.shell:Creating environment hook '/home/za1van/ros2_ws/install/my_service_server/share/my_service_server/hook/pythonpath.ps1'
[7.833s] INFO:colcon.colcon_core.shell:Creating environment descriptor '/home/za1van/ros2_ws/install/my_service_server/share/my_service_server/hook/pythonpath.dsv'
[7.834s] INFO:colcon.colcon_core.shell:Creating environment hook '/home/za1van/ros2_ws/install/my_service_server/share/my_service_server/hook/pythonpath.sh'
[7.836s] Level 1:colcon.colcon_core.environment:checking '/home/za1van/ros2_ws/install/my_service_server/bin'
[7.836s] Level 1:colcon.colcon_core.environment:create_environment_scripts_only(my_service_server)
[7.837s] INFO:colcon.colcon_core.shell:Creating package script '/home/za1van/ros2_ws/install/my_service_server/share/my_service_server/package.ps1'
[7.838s] INFO:colcon.colcon_core.shell:Creating package descriptor '/home/za1van/ros2_ws/install/my_service_server/share/my_service_server/package.dsv'
[7.839s] INFO:colcon.colcon_core.shell:Creating package script '/home/za1van/ros2_ws/install/my_service_server/share/my_service_server/package.sh'
[7.841s] INFO:colcon.colcon_core.shell:Creating package script '/home/za1van/ros2_ws/install/my_service_server/share/my_service_server/package.bash'
[7.841s] INFO:colcon.colcon_core.shell:Creating package script '/home/za1van/ros2_ws/install/my_service_server/share/my_service_server/package.zsh'
[7.843s] Level 1:colcon.colcon_core.environment:create_file_with_runtime_dependencies(/home/za1van/ros2_ws/install/my_service_server/share/colcon-core/packages/my_service_server)
[7.845s] Level 1:colcon.colcon_core.environment:checking '/home/za1van/ros2_ws/install/3t' for CMake module files
[7.846s] DEBUG:colcon.colcon_core.event_handler.log_command:Invoked command in '/home/za1van/ros2_ws/src/3t' returned '0': DEBUGINFOD_URLS=https://debuginfod.ubuntu.com PYTHONPATH=/home/za1van/ros2_ws/build/3t/prefix_override:/usr/lib/python3/dist-packages/colcon_core/task/python/colcon_distutils_commands:/home/za1van/ros2_ws/install/3t/lib/python3.12/site-packages:${PYTHONPATH} /usr/bin/python3 -W ignore:setup.py install is deprecated -W ignore:easy_install command is deprecated setup.py egg_info --egg-base ../../build/3t build --build-base /home/za1van/ros2_ws/build/3t/build install --record /home/za1van/ros2_ws/build/3t/install.log --single-version-externally-managed install_data
[7.847s] Level 1:colcon.colcon_core.environment:checking '/home/za1van/ros2_ws/install/3t' for CMake config files
[7.848s] Level 1:colcon.colcon_core.environment:checking '/home/za1van/ros2_ws/install/3t/lib'
[7.848s] Level 1:colcon.colcon_core.environment:checking '/home/za1van/ros2_ws/install/3t/bin'
[7.848s] Level 1:colcon.colcon_core.environment:checking '/home/za1van/ros2_ws/install/3t/lib/pkgconfig/3t.pc'
[7.848s] Level 1:colcon.colcon_core.environment:checking '/home/za1van/ros2_ws/install/3t/lib/python3.12/site-packages'
[7.849s] Level 1:colcon.colcon_core.shell:create_environment_hook('3t', 'pythonpath')
[7.849s] INFO:colcon.colcon_core.shell:Creating environment hook '/home/za1van/ros2_ws/install/3t/share/3t/hook/pythonpath.ps1'
[7.850s] INFO:colcon.colcon_core.shell:Creating environment descriptor '/home/za1van/ros2_ws/install/3t/share/3t/hook/pythonpath.dsv'
[7.852s] INFO:colcon.colcon_core.shell:Creating environment hook '/home/za1van/ros2_ws/install/3t/share/3t/hook/pythonpath.sh'
[7.854s] Level 1:colcon.colcon_core.environment:checking '/home/za1van/ros2_ws/install/3t/bin'
[7.854s] Level 1:colcon.colcon_core.environment:create_environment_scripts_only(3t)
[7.855s] INFO:colcon.colcon_core.shell:Creating package script '/home/za1van/ros2_ws/install/3t/share/3t/package.ps1'
[7.857s] INFO:colcon.colcon_core.shell:Creating package descriptor '/home/za1van/ros2_ws/install/3t/share/3t/package.dsv'
[7.858s] INFO:colcon.colcon_core.shell:Creating package script '/home/za1van/ros2_ws/install/3t/share/3t/package.sh'
[7.858s] INFO:colcon.colcon_core.shell:Creating package script '/home/za1van/ros2_ws/install/3t/share/3t/package.bash'
[7.859s] INFO:colcon.colcon_core.shell:Creating package script '/home/za1van/ros2_ws/install/3t/share/3t/package.zsh'
[7.860s] Level 1:colcon.colcon_core.environment:create_file_with_runtime_dependencies(/home/za1van/ros2_ws/install/3t/share/colcon-core/packages/3t)
[7.866s] Level 1:colcon.colcon_core.environment:checking '/home/za1van/ros2_ws/install/my_project_start' for CMake module files
[7.868s] Level 1:colcon.colcon_core.environment:checking '/home/za1van/ros2_ws/install/my_project_start' for CMake config files
[7.869s] DEBUG:colcon.colcon_core.event_handler.log_command:Invoked command in '/home/za1van/ros2_ws/src/my_project_start' returned '0': DEBUGINFOD_URLS=https://debuginfod.ubuntu.com PYTHONPATH=/home/za1van/ros2_ws/build/my_project_start/prefix_override:/usr/lib/python3/dist-packages/colcon_core/task/python/colcon_distutils_commands:/home/za1van/ros2_ws/install/my_project_start/lib/python3.12/site-packages:${PYTHONPATH} /usr/bin/python3 -W ignore:setup.py install is deprecated -W ignore:easy_install command is deprecated setup.py egg_info --egg-base ../../build/my_project_start build --build-base /home/za1van/ros2_ws/build/my_project_start/build install --record /home/za1van/ros2_ws/build/my_project_start/install.log --single-version-externally-managed install_data
[7.870s] Level 1:colcon.colcon_core.environment:checking '/home/za1van/ros2_ws/install/my_project_start/lib'
[7.870s] Level 1:colcon.colcon_core.environment:checking '/home/za1van/ros2_ws/install/my_project_start/bin'
[7.870s] Level 1:colcon.colcon_core.environment:checking '/home/za1van/ros2_ws/install/my_project_start/lib/pkgconfig/my_project_start.pc'
[7.871s] Level 1:colcon.colcon_core.environment:checking '/home/za1van/ros2_ws/install/my_project_start/lib/python3.12/site-packages'
[7.871s] Level 1:colcon.colcon_core.shell:create_environment_hook('my_project_start', 'pythonpath')
[7.871s] INFO:colcon.colcon_core.shell:Creating environment hook '/home/za1van/ros2_ws/install/my_project_start/share/my_project_start/hook/pythonpath.ps1'
[7.872s] INFO:colcon.colcon_core.shell:Creating environment descriptor '/home/za1van/ros2_ws/install/my_project_start/share/my_project_start/hook/pythonpath.dsv'
[7.873s] INFO:colcon.colcon_core.shell:Creating environment hook '/home/za1van/ros2_ws/install/my_project_start/share/my_project_start/hook/pythonpath.sh'
[7.875s] Level 1:colcon.colcon_core.environment:checking '/home/za1van/ros2_ws/install/my_project_start/bin'
[7.875s] Level 1:colcon.colcon_core.environment:create_environment_scripts_only(my_project_start)
[7.876s] INFO:colcon.colcon_core.shell:Creating package script '/home/za1van/ros2_ws/install/my_project_start/share/my_project_start/package.ps1'
[7.878s] INFO:colcon.colcon_core.shell:Creating package descriptor '/home/za1van/ros2_ws/install/my_project_start/share/my_project_start/package.dsv'
[7.879s] INFO:colcon.colcon_core.shell:Creating package script '/home/za1van/ros2_ws/install/my_project_start/share/my_project_start/package.sh'
[7.880s] INFO:colcon.colcon_core.shell:Creating package script '/home/za1van/ros2_ws/install/my_project_start/share/my_project_start/package.bash'
[7.881s] INFO:colcon.colcon_core.shell:Creating package script '/home/za1van/ros2_ws/install/my_project_start/share/my_project_start/package.zsh'
[7.882s] Level 1:colcon.colcon_core.environment:create_file_with_runtime_dependencies(/home/za1van/ros2_ws/install/my_project_start/share/colcon-core/packages/my_project_start)
[8.910s] DEBUG:colcon.colcon_core.event_handler.log_command:Invoking command in '/home/za1van/ros2_ws/src/my_service_client': AMENT_PREFIX_PATH=/home/za1van/ros2_ws/install/my_service_interfaces:${AMENT_PREFIX_PATH} CMAKE_PREFIX_PATH=/home/za1van/ros2_ws/install/my_service_interfaces:${CMAKE_PREFIX_PATH} DEBUGINFOD_URLS=https://debuginfod.ubuntu.com LD_LIBRARY_PATH=/home/za1van/ros2_ws/install/my_service_interfaces/lib:${LD_LIBRARY_PATH} PYTHONPATH=/home/za1van/ros2_ws/build/my_service_client/prefix_override:/usr/lib/python3/dist-packages/colcon_core/task/python/colcon_distutils_commands:/home/za1van/ros2_ws/install/my_service_client/lib/python3.12/site-packages:/home/za1van/ros2_ws/install/my_service_interfaces/lib/python3.12/site-packages:${PYTHONPATH} /usr/bin/python3 -W ignore:setup.py install is deprecated -W ignore:easy_install command is deprecated setup.py egg_info --egg-base ../../build/my_service_client build --build-base /home/za1van/ros2_ws/build/my_service_client/build install --record /home/za1van/ros2_ws/build/my_service_client/install.log --single-version-externally-managed install_data
[10.042s] Level 1:colcon.colcon_core.environment:checking '/home/za1van/ros2_ws/install/my_service_client' for CMake module files
[10.043s] DEBUG:colcon.colcon_core.event_handler.log_command:Invoked command in '/home/za1van/ros2_ws/src/my_service_client' returned '0': AMENT_PREFIX_PATH=/home/za1van/ros2_ws/install/my_service_interfaces:${AMENT_PREFIX_PATH} CMAKE_PREFIX_PATH=/home/za1van/ros2_ws/install/my_service_interfaces:${CMAKE_PREFIX_PATH} DEBUGINFOD_URLS=https://debuginfod.ubuntu.com LD_LIBRARY_PATH=/home/za1van/ros2_ws/install/my_service_interfaces/lib:${LD_LIBRARY_PATH} PYTHONPATH=/home/za1van/ros2_ws/build/my_service_client/prefix_override:/usr/lib/python3/dist-packages/colcon_core/task/python/colcon_distutils_commands:/home/za1van/ros2_ws/install/my_service_client/lib/python3.12/site-packages:/home/za1van/ros2_ws/install/my_service_interfaces/lib/python3.12/site-packages:${PYTHONPATH} /usr/bin/python3 -W ignore:setup.py install is deprecated -W ignore:easy_install command is deprecated setup.py egg_info --egg-base ../../build/my_service_client build --build-base /home/za1van/ros2_ws/build/my_service_client/build install --record /home/za1van/ros2_ws/build/my_service_client/install.log --single-version-externally-managed install_data
[10.044s] Level 1:colcon.colcon_core.environment:checking '/home/za1van/ros2_ws/install/my_service_client' for CMake config files
[10.044s] Level 1:colcon.colcon_core.environment:checking '/home/za1van/ros2_ws/install/my_service_client/lib'
[10.044s] Level 1:colcon.colcon_core.environment:checking '/home/za1van/ros2_ws/install/my_service_client/bin'
[10.044s] Level 1:colcon.colcon_core.environment:checking '/home/za1van/ros2_ws/install/my_service_client/lib/pkgconfig/my_service_client.pc'
[10.045s] Level 1:colcon.colcon_core.environment:checking '/home/za1van/ros2_ws/install/my_service_client/lib/python3.12/site-packages'
[10.045s] Level 1:colcon.colcon_core.shell:create_environment_hook('my_service_client', 'pythonpath')
[10.045s] INFO:colcon.colcon_core.shell:Creating environment hook '/home/za1van/ros2_ws/install/my_service_client/share/my_service_client/hook/pythonpath.ps1'
[10.046s] INFO:colcon.colcon_core.shell:Creating environment descriptor '/home/za1van/ros2_ws/install/my_service_client/share/my_service_client/hook/pythonpath.dsv'
[10.046s] INFO:colcon.colcon_core.shell:Creating environment hook '/home/za1van/ros2_ws/install/my_service_client/share/my_service_client/hook/pythonpath.sh'
[10.047s] Level 1:colcon.colcon_core.environment:checking '/home/za1van/ros2_ws/install/my_service_client/bin'
[10.048s] Level 1:colcon.colcon_core.environment:create_environment_scripts_only(my_service_client)
[10.049s] INFO:colcon.colcon_core.shell:Creating package script '/home/za1van/ros2_ws/install/my_service_client/share/my_service_client/package.ps1'
[10.050s] INFO:colcon.colcon_core.shell:Creating package descriptor '/home/za1van/ros2_ws/install/my_service_client/share/my_service_client/package.dsv'
[10.051s] INFO:colcon.colcon_core.shell:Creating package script '/home/za1van/ros2_ws/install/my_service_client/share/my_service_client/package.sh'
[10.052s] INFO:colcon.colcon_core.shell:Creating package script '/home/za1van/ros2_ws/install/my_service_client/share/my_service_client/package.bash'
[10.053s] INFO:colcon.colcon_core.shell:Creating package script '/home/za1van/ros2_ws/install/my_service_client/share/my_service_client/package.zsh'
[10.054s] Level 1:colcon.colcon_core.environment:create_file_with_runtime_dependencies(/home/za1van/ros2_ws/install/my_service_client/share/colcon-core/packages/my_service_client)
[10.054s] DEBUG:colcon.colcon_parallel_executor.executor.parallel:closing loop
[10.055s] DEBUG:colcon.colcon_parallel_executor.executor.parallel:loop closed
[10.056s] DEBUG:colcon.colcon_parallel_executor.executor.parallel:run_until_complete finished with '0'
[10.056s] DEBUG:colcon.colcon_core.event_reactor:joining thread
[10.063s] INFO:colcon.colcon_core.plugin_system:Skipping extension 'colcon_notification.desktop_notification.terminal_notifier': Not used on non-Darwin systems
[10.064s] INFO:colcon.colcon_core.plugin_system:Skipping extension 'colcon_notification.desktop_notification.win32': Not used on non-Windows systems
[10.064s] INFO:colcon.colcon_notification.desktop_notification:Sending desktop notification using 'notify2'
[10.075s] DEBUG:colcon.colcon_core.event_reactor:joined thread
[10.075s] INFO:colcon.colcon_core.shell:Creating prefix script '/home/za1van/ros2_ws/install/local_setup.ps1'
[10.077s] INFO:colcon.colcon_core.shell:Creating prefix util module '/home/za1van/ros2_ws/install/_local_setup_util_ps1.py'
[10.079s] INFO:colcon.colcon_core.shell:Creating prefix chain script '/home/za1van/ros2_ws/install/setup.ps1'
[10.080s] INFO:colcon.colcon_core.shell:Creating prefix script '/home/za1van/ros2_ws/install/local_setup.sh'
[10.081s] INFO:colcon.colcon_core.shell:Creating prefix util module '/home/za1van/ros2_ws/install/_local_setup_util_sh.py'
[10.083s] INFO:colcon.colcon_core.shell:Creating prefix chain script '/home/za1van/ros2_ws/install/setup.sh'
[10.085s] INFO:colcon.colcon_core.shell:Creating prefix script '/home/za1van/ros2_ws/install/local_setup.bash'
[10.086s] INFO:colcon.colcon_core.shell:Creating prefix chain script '/home/za1van/ros2_ws/install/setup.bash'
[10.088s] INFO:colcon.colcon_core.shell:Creating prefix script '/home/za1van/ros2_ws/install/local_setup.zsh'
[10.090s] INFO:colcon.colcon_core.shell:Creating prefix chain script '/home/za1van/ros2_ws/install/setup.zsh'
