[0.028s] Invoking command in '/home/za1van/Документы/собираем из исходников/zmrobo_init/build/zmrobo_init': CMAKE_PREFIX_PATH=${CMAKE_PREFIX_PATH}:/opt/ros/jazzy DEBUGINFOD_URLS=https://debuginfod.ubuntu.com /usr/bin/cmake --build /home/za1van/Документы/собираем из исходников/zmrobo_init/build/zmrobo_init -- -j4 -l4
[0.090s] -- Found ament_cmake: 2.5.4 (/opt/ros/jazzy/share/ament_cmake/cmake)
[0.557s] -- Found rclcpp: 28.1.12 (/opt/ros/jazzy/share/rclcpp/cmake)
[0.665s] -- Found rosidl_generator_c: 4.6.6 (/opt/ros/jazzy/share/rosidl_generator_c/cmake)
[0.687s] -- Found rosidl_generator_cpp: 4.6.6 (/opt/ros/jazzy/share/rosidl_generator_cpp/cmake)
[0.726s] -- Using all available rosidl_typesupport_c: rosidl_typesupport_fastrtps_c;rosidl_typesupport_introspection_c
[0.773s] -- Using all available rosidl_typesupport_cpp: rosidl_typesupport_fastrtps_cpp;rosidl_typesupport_introspection_cpp
[0.977s] -- Found rmw_implementation_cmake: 7.3.2 (/opt/ros/jazzy/share/rmw_implementation_cmake/cmake)
[0.982s] -- Found rmw_fastrtps_cpp: 8.4.3 (/opt/ros/jazzy/share/rmw_fastrtps_cpp/cmake)
[1.175s] -- Using RMW implementation 'rmw_fastrtps_cpp' as default
[1.397s] -- Found geometry_msgs: 5.3.6 (/opt/ros/jazzy/share/geometry_msgs/cmake)
[1.496s] -- Found nav_msgs: 5.3.6 (/opt/ros/jazzy/share/nav_msgs/cmake)
[1.582s] -- Found sensor_msgs: 5.3.6 (/opt/ros/jazzy/share/sensor_msgs/cmake)
[1.655s] -- Found ackermann_msgs: 2.0.2 (/opt/ros/jazzy/share/ackermann_msgs/cmake)
[1.698s] -- Found tf2: 0.36.14 (/opt/ros/jazzy/share/tf2/cmake)
[1.710s] -- Found tf2_ros: 0.36.14 (/opt/ros/jazzy/share/tf2_ros/cmake)
[2.076s] [31mCMake Error at CMakeLists.txt:14 (find_package):
[2.077s]   By not providing "Findserial.cmake" in CMAKE_MODULE_PATH this project has
[2.078s]   asked CMake to find a package configuration file provided by "serial", but
[2.079s]   CMake did not find one.
[2.080s] 
[2.080s]   Could not find a package configuration file provided by "serial" with any
[2.081s]   of the following names:
[2.081s] 
[2.082s]     serialConfig.cmake
[2.082s]     serial-config.cmake
[2.083s] 
[2.083s]   Add the installation prefix of "serial" to CMAKE_PREFIX_PATH or set
[2.083s]   "serial_DIR" to a directory containing one of the above files.  If "serial"
[2.084s]   provides a separate development package or SDK, be sure it has been
[2.084s]   installed.
[2.085s] 
[2.085s] [0m
[2.086s] -- Configuring incomplete, errors occurred!
[2.098s] gmake: *** [Makefile:294: cmake_check_build_system] Error 1
[2.101s] Invoked command in '/home/za1van/Документы/собираем из исходников/zmrobo_init/build/zmrobo_init' returned '2': CMAKE_PREFIX_PATH=${CMAKE_PREFIX_PATH}:/opt/ros/jazzy DEBUGINFOD_URLS=https://debuginfod.ubuntu.com /usr/bin/cmake --build /home/za1van/Документы/собираем из исходников/zmrobo_init/build/zmrobo_init -- -j4 -l4
