[1.440s] Invoking command in '/home/za1van/ros2_ws/src/my_turtle_controller': DEBUGINFOD_URLS=https://debuginfod.ubuntu.com PYTHONPATH=/home/za1van/ros2_ws/build/my_turtle_controller/prefix_override:/usr/lib/python3/dist-packages/colcon_core/task/python/colcon_distutils_commands:/home/za1van/ros2_ws/install/my_turtle_controller/lib/python3.12/site-packages:${PYTHONPATH} /usr/bin/python3 -W ignore:setup.py install is deprecated -W ignore:easy_install command is deprecated setup.py egg_info --egg-base ../../build/my_turtle_controller build --build-base /home/za1van/ros2_ws/build/my_turtle_controller/build install --record /home/za1van/ros2_ws/build/my_turtle_controller/install.log --single-version-externally-managed install_data
[1.867s] running egg_info
[1.900s] writing ../../build/my_turtle_controller/my_turtle_controller.egg-info/PKG-INFO
[1.900s] writing dependency_links to ../../build/my_turtle_controller/my_turtle_controller.egg-info/dependency_links.txt
[1.900s] writing entry points to ../../build/my_turtle_controller/my_turtle_controller.egg-info/entry_points.txt
[1.901s] writing requirements to ../../build/my_turtle_controller/my_turtle_controller.egg-info/requires.txt
[1.901s] writing top-level names to ../../build/my_turtle_controller/my_turtle_controller.egg-info/top_level.txt
[1.970s] reading manifest file '../../build/my_turtle_controller/my_turtle_controller.egg-info/SOURCES.txt'
[1.971s] writing manifest file '../../build/my_turtle_controller/my_turtle_controller.egg-info/SOURCES.txt'
[1.972s] running build
[1.972s] running build_py
[1.972s] copying my_turtle_controller/turtle_mover.py -> /home/za1van/ros2_ws/build/my_turtle_controller/build/lib/my_turtle_controller
[1.972s] running install
[1.981s] running install_lib
[2.013s] copying /home/za1van/ros2_ws/build/my_turtle_controller/build/lib/my_turtle_controller/turtle_mover.py -> /home/za1van/ros2_ws/install/my_turtle_controller/lib/python3.12/site-packages/my_turtle_controller
[2.013s] byte-compiling /home/za1van/ros2_ws/install/my_turtle_controller/lib/python3.12/site-packages/my_turtle_controller/turtle_mover.py to turtle_mover.cpython-312.pyc
[2.014s] running install_data
[2.014s] running install_egg_info
[2.049s] removing '/home/za1van/ros2_ws/install/my_turtle_controller/lib/python3.12/site-packages/my_turtle_controller-0.0.0-py3.12.egg-info' (and everything under it)
[2.049s] Copying ../../build/my_turtle_controller/my_turtle_controller.egg-info to /home/za1van/ros2_ws/install/my_turtle_controller/lib/python3.12/site-packages/my_turtle_controller-0.0.0-py3.12.egg-info
[2.051s] running install_scripts
[2.262s] Installing turtle_mover script to /home/za1van/ros2_ws/install/my_turtle_controller/lib/my_turtle_controller
[2.263s] writing list of installed files to '/home/za1van/ros2_ws/build/my_turtle_controller/install.log'
[2.304s] Invoked command in '/home/za1van/ros2_ws/src/my_turtle_controller' returned '0': DEBUGINFOD_URLS=https://debuginfod.ubuntu.com PYTHONPATH=/home/za1van/ros2_ws/build/my_turtle_controller/prefix_override:/usr/lib/python3/dist-packages/colcon_core/task/python/colcon_distutils_commands:/home/za1van/ros2_ws/install/my_turtle_controller/lib/python3.12/site-packages:${PYTHONPATH} /usr/bin/python3 -W ignore:setup.py install is deprecated -W ignore:easy_install command is deprecated setup.py egg_info --egg-base ../../build/my_turtle_controller build --build-base /home/za1van/ros2_ws/build/my_turtle_controller/build install --record /home/za1van/ros2_ws/build/my_turtle_controller/install.log --single-version-externally-managed install_data
