[3.719s] Invoking command in '/home/za1van/ros2_ws/src/my_calculate_action': DEBUGINFOD_URLS=https://debuginfod.ubuntu.com PYTHONPATH=/home/za1van/ros2_ws/build/my_calculate_action/prefix_override:/usr/lib/python3/dist-packages/colcon_core/task/python/colcon_distutils_commands:/home/za1van/ros2_ws/install/my_calculate_action/lib/python3.12/site-packages:${PYTHONPATH} /usr/bin/python3 -W ignore:setup.py install is deprecated -W ignore:easy_install command is deprecated setup.py egg_info --egg-base ../../build/my_calculate_action build --build-base /home/za1van/ros2_ws/build/my_calculate_action/build install --record /home/za1van/ros2_ws/build/my_calculate_action/install.log --single-version-externally-managed install_data
[5.198s] running egg_info
[5.276s] writing ../../build/my_calculate_action/my_calculate_action.egg-info/PKG-INFO
[5.276s] writing dependency_links to ../../build/my_calculate_action/my_calculate_action.egg-info/dependency_links.txt
[5.276s] writing entry points to ../../build/my_calculate_action/my_calculate_action.egg-info/entry_points.txt
[5.277s] writing requirements to ../../build/my_calculate_action/my_calculate_action.egg-info/requires.txt
[5.277s] writing top-level names to ../../build/my_calculate_action/my_calculate_action.egg-info/top_level.txt
[5.450s] reading manifest file '../../build/my_calculate_action/my_calculate_action.egg-info/SOURCES.txt'
[5.454s] writing manifest file '../../build/my_calculate_action/my_calculate_action.egg-info/SOURCES.txt'
[5.454s] running build
[5.454s] running build_py
[5.454s] running install
[5.481s] running install_lib
[5.586s] running install_data
[5.591s] running install_egg_info
[5.683s] removing '/home/za1van/ros2_ws/install/my_calculate_action/lib/python3.12/site-packages/my_calculate_action-0.0.0-py3.12.egg-info' (and everything under it)
[5.683s] Copying ../../build/my_calculate_action/my_calculate_action.egg-info to /home/za1van/ros2_ws/install/my_calculate_action/lib/python3.12/site-packages/my_calculate_action-0.0.0-py3.12.egg-info
[5.683s] running install_scripts
[6.468s] Installing calculate_action_client script to /home/za1van/ros2_ws/install/my_calculate_action/lib/my_calculate_action
[6.470s] Installing calculate_action_server script to /home/za1van/ros2_ws/install/my_calculate_action/lib/my_calculate_action
[6.470s] Installing number_publisher script to /home/za1van/ros2_ws/install/my_calculate_action/lib/my_calculate_action
[6.473s] writing list of installed files to '/home/za1van/ros2_ws/build/my_calculate_action/install.log'
[6.604s] Invoked command in '/home/za1van/ros2_ws/src/my_calculate_action' returned '0': DEBUGINFOD_URLS=https://debuginfod.ubuntu.com PYTHONPATH=/home/za1van/ros2_ws/build/my_calculate_action/prefix_override:/usr/lib/python3/dist-packages/colcon_core/task/python/colcon_distutils_commands:/home/za1van/ros2_ws/install/my_calculate_action/lib/python3.12/site-packages:${PYTHONPATH} /usr/bin/python3 -W ignore:setup.py install is deprecated -W ignore:easy_install command is deprecated setup.py egg_info --egg-base ../../build/my_calculate_action build --build-base /home/za1van/ros2_ws/build/my_calculate_action/build install --record /home/za1van/ros2_ws/build/my_calculate_action/install.log --single-version-externally-managed install_data
