[0.058s] Invoking command in '/home/za1van/ros2_ws/build/my_action_interface': CMAKE_PREFIX_PATH=${CMAKE_PREFIX_PATH}:/home/za1van/ros2_ws/install/twist_converter:/home/za1van/ros2_ws/install/my_turtle_controller:/home/za1van/ros2_ws/install/my_tf2_demo:/home/za1van/ros2_ws/install/my_service_server:/home/za1van/ros2_ws/install/my_service_client:/home/za1van/ros2_ws/install/my_project_start:/home/za1van/ros2_ws/install/my_calculate_action:/home/za1van/ros2_ws/install/3t:/opt/ros/jazzy DEBUGINFOD_URLS=https://debuginfod.ubuntu.com /usr/bin/cmake --build /home/za1van/ros2_ws/build/my_action_interface -- -j4 -l4
[0.791s] [  2%] Built target my_action_interface__rosidl_generator_type_description
[0.791s] [  2%] Built target ament_cmake_python_copy_my_action_interface
[0.792s] [  4%] Built target my_action_interface__cpp
[0.792s] [ 22%] Built target my_action_interface__rosidl_generator_c
[0.796s] [ 31%] Built target my_action_interface__rosidl_typesupport_c
[0.796s] [ 40%] Built target my_action_interface__rosidl_typesupport_introspection_c
[0.796s] [ 50%] Built target my_action_interface__rosidl_typesupport_fastrtps_c
[0.800s] [ 59%] Built target my_action_interface__rosidl_typesupport_introspection_cpp
[0.802s] [ 68%] Built target my_action_interface__rosidl_typesupport_fastrtps_cpp
[0.802s] [ 77%] Built target my_action_interface__rosidl_typesupport_cpp
[0.809s] [ 77%] Built target my_action_interface
[0.812s] [ 79%] Built target my_action_interface__py
[0.812s] [ 86%] Built target my_action_interface__rosidl_generator_py
[0.911s] [ 90%] Built target my_action_interface_s__rosidl_typesupport_introspection_c
[0.912s] [ 95%] Built target my_action_interface_s__rosidl_typesupport_fastrtps_c
[0.925s] [100%] Built target my_action_interface_s__rosidl_typesupport_c
[1.320s] running egg_info
[1.389s] writing my_action_interface.egg-info/PKG-INFO
[1.390s] writing dependency_links to my_action_interface.egg-info/dependency_links.txt
[1.390s] writing top-level names to my_action_interface.egg-info/top_level.txt
[1.651s] reading manifest file 'my_action_interface.egg-info/SOURCES.txt'
[1.654s] writing manifest file 'my_action_interface.egg-info/SOURCES.txt'
[1.793s] [100%] Built target ament_cmake_python_build_my_action_interface_egg
[1.841s] Invoked command in '/home/za1van/ros2_ws/build/my_action_interface' returned '0': CMAKE_PREFIX_PATH=${CMAKE_PREFIX_PATH}:/home/za1van/ros2_ws/install/twist_converter:/home/za1van/ros2_ws/install/my_turtle_controller:/home/za1van/ros2_ws/install/my_tf2_demo:/home/za1van/ros2_ws/install/my_service_server:/home/za1van/ros2_ws/install/my_service_client:/home/za1van/ros2_ws/install/my_project_start:/home/za1van/ros2_ws/install/my_calculate_action:/home/za1van/ros2_ws/install/3t:/opt/ros/jazzy DEBUGINFOD_URLS=https://debuginfod.ubuntu.com /usr/bin/cmake --build /home/za1van/ros2_ws/build/my_action_interface -- -j4 -l4
[1.868s] Invoking command in '/home/za1van/ros2_ws/build/my_action_interface': CMAKE_PREFIX_PATH=${CMAKE_PREFIX_PATH}:/home/za1van/ros2_ws/install/twist_converter:/home/za1van/ros2_ws/install/my_turtle_controller:/home/za1van/ros2_ws/install/my_tf2_demo:/home/za1van/ros2_ws/install/my_service_server:/home/za1van/ros2_ws/install/my_service_client:/home/za1van/ros2_ws/install/my_project_start:/home/za1van/ros2_ws/install/my_calculate_action:/home/za1van/ros2_ws/install/3t:/opt/ros/jazzy DEBUGINFOD_URLS=https://debuginfod.ubuntu.com /usr/bin/cmake --install /home/za1van/ros2_ws/build/my_action_interface
[1.876s] -- Install configuration: ""
[1.883s] -- Up-to-date: /home/za1van/ros2_ws/install/my_action_interface/share/ament_index/resource_index/rosidl_interfaces/my_action_interface
[1.884s] -- Up-to-date: /home/za1van/ros2_ws/install/my_action_interface/share/my_action_interface/action/SummCalculate.json
[1.887s] -- Up-to-date: /home/za1van/ros2_ws/install/my_action_interface/share/my_action_interface/action/MoveTo.json
[1.887s] -- Up-to-date: /home/za1van/ros2_ws/install/my_action_interface/include/my_action_interface/my_action_interface
[1.887s] -- Up-to-date: /home/za1van/ros2_ws/install/my_action_interface/include/my_action_interface/my_action_interface/action
[1.888s] -- Up-to-date: /home/za1van/ros2_ws/install/my_action_interface/include/my_action_interface/my_action_interface/action/move_to.h
[1.888s] -- Up-to-date: /home/za1van/ros2_ws/install/my_action_interface/include/my_action_interface/my_action_interface/action/summ_calculate.h
[1.889s] -- Up-to-date: /home/za1van/ros2_ws/install/my_action_interface/include/my_action_interface/my_action_interface/action/detail
[1.889s] -- Up-to-date: /home/za1van/ros2_ws/install/my_action_interface/include/my_action_interface/my_action_interface/action/detail/move_to__functions.h
[1.889s] -- Up-to-date: /home/za1van/ros2_ws/install/my_action_interface/include/my_action_interface/my_action_interface/action/detail/summ_calculate__type_support.h
[1.892s] -- Up-to-date: /home/za1van/ros2_ws/install/my_action_interface/include/my_action_interface/my_action_interface/action/detail/summ_calculate__struct.h
[1.893s] -- Installing: /home/za1van/ros2_ws/install/my_action_interface/include/my_action_interface/my_action_interface/action/detail/summ_calculate__type_support.c
[1.893s] -- Up-to-date: /home/za1van/ros2_ws/install/my_action_interface/include/my_action_interface/my_action_interface/action/detail/move_to__struct.h
[1.897s] -- Up-to-date: /home/za1van/ros2_ws/install/my_action_interface/include/my_action_interface/my_action_interface/action/detail/summ_calculate__functions.c
[1.897s] -- Installing: /home/za1van/ros2_ws/install/my_action_interface/include/my_action_interface/my_action_interface/action/detail/move_to__type_support.c
[1.897s] -- Up-to-date: /home/za1van/ros2_ws/install/my_action_interface/include/my_action_interface/my_action_interface/action/detail/move_to__functions.c
[1.898s] -- Up-to-date: /home/za1van/ros2_ws/install/my_action_interface/include/my_action_interface/my_action_interface/action/detail/summ_calculate__functions.h
[1.898s] -- Up-to-date: /home/za1van/ros2_ws/install/my_action_interface/include/my_action_interface/my_action_interface/action/detail/summ_calculate__description.c
[1.899s] -- Up-to-date: /home/za1van/ros2_ws/install/my_action_interface/include/my_action_interface/my_action_interface/action/detail/move_to__type_support.h
[1.899s] -- Up-to-date: /home/za1van/ros2_ws/install/my_action_interface/include/my_action_interface/my_action_interface/action/detail/move_to__description.c
[1.899s] -- Up-to-date: /home/za1van/ros2_ws/install/my_action_interface/include/my_action_interface/my_action_interface/msg
[1.903s] -- Up-to-date: /home/za1van/ros2_ws/install/my_action_interface/include/my_action_interface/my_action_interface/msg/rosidl_generator_c__visibility_control.h
[1.903s] -- Up-to-date: /home/za1van/ros2_ws/install/my_action_interface/share/my_action_interface/environment/library_path.sh
[1.904s] -- Up-to-date: /home/za1van/ros2_ws/install/my_action_interface/share/my_action_interface/environment/library_path.dsv
[1.904s] -- Up-to-date: /home/za1van/ros2_ws/install/my_action_interface/lib/libmy_action_interface__rosidl_generator_c.so
[1.904s] -- Up-to-date: /home/za1van/ros2_ws/install/my_action_interface/include/my_action_interface/my_action_interface
[1.908s] -- Up-to-date: /home/za1van/ros2_ws/install/my_action_interface/include/my_action_interface/my_action_interface/action
[1.908s] -- Up-to-date: /home/za1van/ros2_ws/install/my_action_interface/include/my_action_interface/my_action_interface/action/detail
[1.909s] -- Up-to-date: /home/za1van/ros2_ws/install/my_action_interface/include/my_action_interface/my_action_interface/action/detail/move_to__rosidl_typesupport_fastrtps_c.h
[1.909s] -- Up-to-date: /home/za1van/ros2_ws/install/my_action_interface/include/my_action_interface/my_action_interface/action/detail/summ_calculate__rosidl_typesupport_fastrtps_c.h
[1.909s] -- Up-to-date: /home/za1van/ros2_ws/install/my_action_interface/include/my_action_interface/my_action_interface/msg
[1.909s] -- Up-to-date: /home/za1van/ros2_ws/install/my_action_interface/include/my_action_interface/my_action_interface/msg/rosidl_typesupport_fastrtps_c__visibility_control.h
[1.909s] -- Up-to-date: /home/za1van/ros2_ws/install/my_action_interface/lib/libmy_action_interface__rosidl_typesupport_fastrtps_c.so
[1.909s] -- Up-to-date: /home/za1van/ros2_ws/install/my_action_interface/include/my_action_interface/my_action_interface
[1.910s] -- Up-to-date: /home/za1van/ros2_ws/install/my_action_interface/include/my_action_interface/my_action_interface/action
[1.918s] -- Up-to-date: /home/za1van/ros2_ws/install/my_action_interface/include/my_action_interface/my_action_interface/action/detail
[1.918s] -- Up-to-date: /home/za1van/ros2_ws/install/my_action_interface/include/my_action_interface/my_action_interface/action/detail/summ_calculate__rosidl_typesupport_introspection_c.h
[1.918s] -- Installing: /home/za1van/ros2_ws/install/my_action_interface/include/my_action_interface/my_action_interface/action/detail/summ_calculate__type_support.c
[1.919s] -- Up-to-date: /home/za1van/ros2_ws/install/my_action_interface/include/my_action_interface/my_action_interface/action/detail/move_to__rosidl_typesupport_introspection_c.h
[1.919s] -- Installing: /home/za1van/ros2_ws/install/my_action_interface/include/my_action_interface/my_action_interface/action/detail/move_to__type_support.c
[1.919s] -- Up-to-date: /home/za1van/ros2_ws/install/my_action_interface/include/my_action_interface/my_action_interface/msg
[1.923s] -- Up-to-date: /home/za1van/ros2_ws/install/my_action_interface/include/my_action_interface/my_action_interface/msg/rosidl_typesupport_introspection_c__visibility_control.h
[1.923s] -- Up-to-date: /home/za1van/ros2_ws/install/my_action_interface/lib/libmy_action_interface__rosidl_typesupport_introspection_c.so
[1.929s] -- Up-to-date: /home/za1van/ros2_ws/install/my_action_interface/lib/libmy_action_interface__rosidl_typesupport_c.so
[1.933s] -- Up-to-date: /home/za1van/ros2_ws/install/my_action_interface/include/my_action_interface/my_action_interface
[1.933s] -- Up-to-date: /home/za1van/ros2_ws/install/my_action_interface/include/my_action_interface/my_action_interface/action
[1.933s] -- Up-to-date: /home/za1van/ros2_ws/install/my_action_interface/include/my_action_interface/my_action_interface/action/move_to.hpp
[1.933s] -- Up-to-date: /home/za1van/ros2_ws/install/my_action_interface/include/my_action_interface/my_action_interface/action/summ_calculate.hpp
[1.934s] -- Up-to-date: /home/za1van/ros2_ws/install/my_action_interface/include/my_action_interface/my_action_interface/action/detail
[1.934s] -- Up-to-date: /home/za1van/ros2_ws/install/my_action_interface/include/my_action_interface/my_action_interface/action/detail/move_to__traits.hpp
[1.934s] -- Up-to-date: /home/za1van/ros2_ws/install/my_action_interface/include/my_action_interface/my_action_interface/action/detail/summ_calculate__struct.hpp
[1.934s] -- Up-to-date: /home/za1van/ros2_ws/install/my_action_interface/include/my_action_interface/my_action_interface/action/detail/summ_calculate__traits.hpp
[1.935s] -- Up-to-date: /home/za1van/ros2_ws/install/my_action_interface/include/my_action_interface/my_action_interface/action/detail/summ_calculate__builder.hpp
[1.935s] -- Up-to-date: /home/za1van/ros2_ws/install/my_action_interface/include/my_action_interface/my_action_interface/action/detail/summ_calculate__type_support.hpp
[1.937s] -- Up-to-date: /home/za1van/ros2_ws/install/my_action_interface/include/my_action_interface/my_action_interface/action/detail/move_to__builder.hpp
[1.937s] -- Up-to-date: /home/za1van/ros2_ws/install/my_action_interface/include/my_action_interface/my_action_interface/action/detail/move_to__struct.hpp
[1.938s] -- Up-to-date: /home/za1van/ros2_ws/install/my_action_interface/include/my_action_interface/my_action_interface/action/detail/move_to__type_support.hpp
[1.938s] -- Up-to-date: /home/za1van/ros2_ws/install/my_action_interface/include/my_action_interface/my_action_interface/msg
[1.938s] -- Up-to-date: /home/za1van/ros2_ws/install/my_action_interface/include/my_action_interface/my_action_interface/msg/rosidl_generator_cpp__visibility_control.hpp
[1.940s] -- Up-to-date: /home/za1van/ros2_ws/install/my_action_interface/include/my_action_interface/my_action_interface
[1.941s] -- Up-to-date: /home/za1van/ros2_ws/install/my_action_interface/include/my_action_interface/my_action_interface/action
[1.941s] -- Up-to-date: /home/za1van/ros2_ws/install/my_action_interface/include/my_action_interface/my_action_interface/action/detail
[1.942s] -- Up-to-date: /home/za1van/ros2_ws/install/my_action_interface/include/my_action_interface/my_action_interface/action/detail/summ_calculate__rosidl_typesupport_fastrtps_cpp.hpp
[1.944s] -- Up-to-date: /home/za1van/ros2_ws/install/my_action_interface/include/my_action_interface/my_action_interface/action/detail/dds_fastrtps
[1.947s] -- Up-to-date: /home/za1van/ros2_ws/install/my_action_interface/include/my_action_interface/my_action_interface/action/detail/move_to__rosidl_typesupport_fastrtps_cpp.hpp
[1.947s] -- Up-to-date: /home/za1van/ros2_ws/install/my_action_interface/include/my_action_interface/my_action_interface/msg
[1.947s] -- Up-to-date: /home/za1van/ros2_ws/install/my_action_interface/include/my_action_interface/my_action_interface/msg/rosidl_typesupport_fastrtps_cpp__visibility_control.h
[1.947s] -- Up-to-date: /home/za1van/ros2_ws/install/my_action_interface/lib/libmy_action_interface__rosidl_typesupport_fastrtps_cpp.so
[1.947s] -- Up-to-date: /home/za1van/ros2_ws/install/my_action_interface/include/my_action_interface/my_action_interface
[1.948s] -- Up-to-date: /home/za1van/ros2_ws/install/my_action_interface/include/my_action_interface/my_action_interface/action
[1.948s] -- Up-to-date: /home/za1van/ros2_ws/install/my_action_interface/include/my_action_interface/my_action_interface/action/detail
[1.948s] -- Up-to-date: /home/za1van/ros2_ws/install/my_action_interface/include/my_action_interface/my_action_interface/action/detail/move_to__rosidl_typesupport_introspection_cpp.hpp
[1.950s] -- Up-to-date: /home/za1van/ros2_ws/install/my_action_interface/include/my_action_interface/my_action_interface/action/detail/move_to__type_support.cpp
[1.952s] -- Up-to-date: /home/za1van/ros2_ws/install/my_action_interface/include/my_action_interface/my_action_interface/action/detail/summ_calculate__type_support.cpp
[1.953s] -- Up-to-date: /home/za1van/ros2_ws/install/my_action_interface/include/my_action_interface/my_action_interface/action/detail/summ_calculate__rosidl_typesupport_introspection_cpp.hpp
[1.953s] -- Up-to-date: /home/za1van/ros2_ws/install/my_action_interface/lib/libmy_action_interface__rosidl_typesupport_introspection_cpp.so
[1.953s] -- Up-to-date: /home/za1van/ros2_ws/install/my_action_interface/lib/libmy_action_interface__rosidl_typesupport_cpp.so
[1.953s] -- Up-to-date: /home/za1van/ros2_ws/install/my_action_interface/share/my_action_interface/environment/pythonpath.sh
[1.954s] -- Up-to-date: /home/za1van/ros2_ws/install/my_action_interface/share/my_action_interface/environment/pythonpath.dsv
[1.954s] -- Up-to-date: /home/za1van/ros2_ws/install/my_action_interface/lib/python3.12/site-packages/my_action_interface-0.0.0-py3.12.egg-info
[1.954s] -- Installing: /home/za1van/ros2_ws/install/my_action_interface/lib/python3.12/site-packages/my_action_interface-0.0.0-py3.12.egg-info/dependency_links.txt
[1.955s] -- Installing: /home/za1van/ros2_ws/install/my_action_interface/lib/python3.12/site-packages/my_action_interface-0.0.0-py3.12.egg-info/PKG-INFO
[1.956s] -- Installing: /home/za1van/ros2_ws/install/my_action_interface/lib/python3.12/site-packages/my_action_interface-0.0.0-py3.12.egg-info/top_level.txt
[1.956s] -- Installing: /home/za1van/ros2_ws/install/my_action_interface/lib/python3.12/site-packages/my_action_interface-0.0.0-py3.12.egg-info/SOURCES.txt
[1.957s] -- Up-to-date: /home/za1van/ros2_ws/install/my_action_interface/lib/python3.12/site-packages/my_action_interface
[1.959s] -- Up-to-date: /home/za1van/ros2_ws/install/my_action_interface/lib/python3.12/site-packages/my_action_interface/my_action_interface_s__rosidl_typesupport_c.so
[1.960s] -- Up-to-date: /home/za1van/ros2_ws/install/my_action_interface/lib/python3.12/site-packages/my_action_interface/_my_action_interface_s.ep.rosidl_typesupport_c.c
[1.968s] -- Up-to-date: /home/za1van/ros2_ws/install/my_action_interface/lib/python3.12/site-packages/my_action_interface/my_action_interface_s__rosidl_typesupport_fastrtps_c.so
[1.968s] -- Up-to-date: /home/za1van/ros2_ws/install/my_action_interface/lib/python3.12/site-packages/my_action_interface/_my_action_interface_s.ep.rosidl_typesupport_introspection_c.c
[1.968s] -- Up-to-date: /home/za1van/ros2_ws/install/my_action_interface/lib/python3.12/site-packages/my_action_interface/__init__.py
[1.968s] -- Up-to-date: /home/za1van/ros2_ws/install/my_action_interface/lib/python3.12/site-packages/my_action_interface/my_action_interface_s__rosidl_typesupport_introspection_c.so
[1.968s] -- Up-to-date: /home/za1van/ros2_ws/install/my_action_interface/lib/python3.12/site-packages/my_action_interface/action
[1.968s] -- Up-to-date: /home/za1van/ros2_ws/install/my_action_interface/lib/python3.12/site-packages/my_action_interface/action/_move_to.py
[1.968s] -- Up-to-date: /home/za1van/ros2_ws/install/my_action_interface/lib/python3.12/site-packages/my_action_interface/action/_summ_calculate.py
[1.969s] -- Up-to-date: /home/za1van/ros2_ws/install/my_action_interface/lib/python3.12/site-packages/my_action_interface/action/_summ_calculate_s.c
[1.969s] -- Up-to-date: /home/za1van/ros2_ws/install/my_action_interface/lib/python3.12/site-packages/my_action_interface/action/_move_to_s.c
[1.969s] -- Up-to-date: /home/za1van/ros2_ws/install/my_action_interface/lib/python3.12/site-packages/my_action_interface/action/__init__.py
[1.969s] -- Up-to-date: /home/za1van/ros2_ws/install/my_action_interface/lib/python3.12/site-packages/my_action_interface/_my_action_interface_s.ep.rosidl_typesupport_fastrtps_c.c
[2.096s] Listing '/home/za1van/ros2_ws/install/my_action_interface/lib/python3.12/site-packages/my_action_interface'...
[2.096s] Listing '/home/za1van/ros2_ws/install/my_action_interface/lib/python3.12/site-packages/my_action_interface/action'...
[2.110s] -- Up-to-date: /home/za1van/ros2_ws/install/my_action_interface/lib/python3.12/site-packages/my_action_interface/my_action_interface_s__rosidl_typesupport_fastrtps_c.so
[2.110s] -- Up-to-date: /home/za1van/ros2_ws/install/my_action_interface/lib/python3.12/site-packages/my_action_interface/my_action_interface_s__rosidl_typesupport_introspection_c.so
[2.111s] -- Up-to-date: /home/za1van/ros2_ws/install/my_action_interface/lib/python3.12/site-packages/my_action_interface/my_action_interface_s__rosidl_typesupport_c.so
[2.112s] -- Up-to-date: /home/za1van/ros2_ws/install/my_action_interface/lib/libmy_action_interface__rosidl_generator_py.so
[2.113s] -- Up-to-date: /home/za1van/ros2_ws/install/my_action_interface/share/my_action_interface/action/SummCalculate.idl
[2.115s] -- Up-to-date: /home/za1van/ros2_ws/install/my_action_interface/share/my_action_interface/action/MoveTo.idl
[2.116s] -- Up-to-date: /home/za1van/ros2_ws/install/my_action_interface/share/my_action_interface/action/SummCalculate.action
[2.116s] -- Up-to-date: /home/za1van/ros2_ws/install/my_action_interface/share/my_action_interface/action/MoveTo.action
[2.117s] -- Up-to-date: /home/za1van/ros2_ws/install/my_action_interface/share/ament_index/resource_index/package_run_dependencies/my_action_interface
[2.117s] -- Up-to-date: /home/za1van/ros2_ws/install/my_action_interface/share/ament_index/resource_index/parent_prefix_path/my_action_interface
[2.117s] -- Up-to-date: /home/za1van/ros2_ws/install/my_action_interface/share/my_action_interface/environment/ament_prefix_path.sh
[2.117s] -- Up-to-date: /home/za1van/ros2_ws/install/my_action_interface/share/my_action_interface/environment/ament_prefix_path.dsv
[2.119s] -- Up-to-date: /home/za1van/ros2_ws/install/my_action_interface/share/my_action_interface/environment/path.sh
[2.120s] -- Up-to-date: /home/za1van/ros2_ws/install/my_action_interface/share/my_action_interface/environment/path.dsv
[2.120s] -- Up-to-date: /home/za1van/ros2_ws/install/my_action_interface/share/my_action_interface/local_setup.bash
[2.120s] -- Up-to-date: /home/za1van/ros2_ws/install/my_action_interface/share/my_action_interface/local_setup.sh
[2.120s] -- Up-to-date: /home/za1van/ros2_ws/install/my_action_interface/share/my_action_interface/local_setup.zsh
[2.120s] -- Up-to-date: /home/za1van/ros2_ws/install/my_action_interface/share/my_action_interface/local_setup.dsv
[2.121s] -- Installing: /home/za1van/ros2_ws/install/my_action_interface/share/my_action_interface/package.dsv
[2.121s] -- Up-to-date: /home/za1van/ros2_ws/install/my_action_interface/share/ament_index/resource_index/packages/my_action_interface
[2.121s] -- Up-to-date: /home/za1van/ros2_ws/install/my_action_interface/share/my_action_interface/cmake/export_my_action_interface__rosidl_generator_cExport.cmake
[2.122s] -- Up-to-date: /home/za1van/ros2_ws/install/my_action_interface/share/my_action_interface/cmake/export_my_action_interface__rosidl_generator_cExport-noconfig.cmake
[2.123s] -- Up-to-date: /home/za1van/ros2_ws/install/my_action_interface/share/my_action_interface/cmake/export_my_action_interface__rosidl_typesupport_fastrtps_cExport.cmake
[2.132s] -- Up-to-date: /home/za1van/ros2_ws/install/my_action_interface/share/my_action_interface/cmake/export_my_action_interface__rosidl_typesupport_fastrtps_cExport-noconfig.cmake
[2.133s] -- Up-to-date: /home/za1van/ros2_ws/install/my_action_interface/share/my_action_interface/cmake/my_action_interface__rosidl_typesupport_introspection_cExport.cmake
[2.134s] -- Up-to-date: /home/za1van/ros2_ws/install/my_action_interface/share/my_action_interface/cmake/my_action_interface__rosidl_typesupport_introspection_cExport-noconfig.cmake
[2.134s] -- Up-to-date: /home/za1van/ros2_ws/install/my_action_interface/share/my_action_interface/cmake/my_action_interface__rosidl_typesupport_cExport.cmake
[2.134s] -- Up-to-date: /home/za1van/ros2_ws/install/my_action_interface/share/my_action_interface/cmake/my_action_interface__rosidl_typesupport_cExport-noconfig.cmake
[2.134s] -- Up-to-date: /home/za1van/ros2_ws/install/my_action_interface/share/my_action_interface/cmake/export_my_action_interface__rosidl_generator_cppExport.cmake
[2.134s] -- Up-to-date: /home/za1van/ros2_ws/install/my_action_interface/share/my_action_interface/cmake/export_my_action_interface__rosidl_typesupport_fastrtps_cppExport.cmake
[2.136s] -- Up-to-date: /home/za1van/ros2_ws/install/my_action_interface/share/my_action_interface/cmake/export_my_action_interface__rosidl_typesupport_fastrtps_cppExport-noconfig.cmake
[2.137s] -- Up-to-date: /home/za1van/ros2_ws/install/my_action_interface/share/my_action_interface/cmake/my_action_interface__rosidl_typesupport_introspection_cppExport.cmake
[2.142s] -- Up-to-date: /home/za1van/ros2_ws/install/my_action_interface/share/my_action_interface/cmake/my_action_interface__rosidl_typesupport_introspection_cppExport-noconfig.cmake
[2.142s] -- Up-to-date: /home/za1van/ros2_ws/install/my_action_interface/share/my_action_interface/cmake/my_action_interface__rosidl_typesupport_cppExport.cmake
[2.142s] -- Up-to-date: /home/za1van/ros2_ws/install/my_action_interface/share/my_action_interface/cmake/my_action_interface__rosidl_typesupport_cppExport-noconfig.cmake
[2.143s] -- Up-to-date: /home/za1van/ros2_ws/install/my_action_interface/share/my_action_interface/cmake/export_my_action_interface__rosidl_generator_pyExport.cmake
[2.143s] -- Up-to-date: /home/za1van/ros2_ws/install/my_action_interface/share/my_action_interface/cmake/export_my_action_interface__rosidl_generator_pyExport-noconfig.cmake
[2.143s] -- Up-to-date: /home/za1van/ros2_ws/install/my_action_interface/share/my_action_interface/cmake/rosidl_cmake-extras.cmake
[2.144s] -- Up-to-date: /home/za1van/ros2_ws/install/my_action_interface/share/my_action_interface/cmake/ament_cmake_export_dependencies-extras.cmake
[2.144s] -- Up-to-date: /home/za1van/ros2_ws/install/my_action_interface/share/my_action_interface/cmake/ament_cmake_export_include_directories-extras.cmake
[2.144s] -- Up-to-date: /home/za1van/ros2_ws/install/my_action_interface/share/my_action_interface/cmake/ament_cmake_export_libraries-extras.cmake
[2.144s] -- Up-to-date: /home/za1van/ros2_ws/install/my_action_interface/share/my_action_interface/cmake/ament_cmake_export_targets-extras.cmake
[2.153s] -- Up-to-date: /home/za1van/ros2_ws/install/my_action_interface/share/my_action_interface/cmake/rosidl_cmake_export_typesupport_targets-extras.cmake
[2.153s] -- Up-to-date: /home/za1van/ros2_ws/install/my_action_interface/share/my_action_interface/cmake/rosidl_cmake_export_typesupport_libraries-extras.cmake
[2.153s] -- Up-to-date: /home/za1van/ros2_ws/install/my_action_interface/share/my_action_interface/cmake/my_action_interfaceConfig.cmake
[2.153s] -- Up-to-date: /home/za1van/ros2_ws/install/my_action_interface/share/my_action_interface/cmake/my_action_interfaceConfig-version.cmake
[2.154s] -- Up-to-date: /home/za1van/ros2_ws/install/my_action_interface/share/my_action_interface/package.xml
[2.154s] Invoked command in '/home/za1van/ros2_ws/build/my_action_interface' returned '0': CMAKE_PREFIX_PATH=${CMAKE_PREFIX_PATH}:/home/za1van/ros2_ws/install/twist_converter:/home/za1van/ros2_ws/install/my_turtle_controller:/home/za1van/ros2_ws/install/my_tf2_demo:/home/za1van/ros2_ws/install/my_service_server:/home/za1van/ros2_ws/install/my_service_client:/home/za1van/ros2_ws/install/my_project_start:/home/za1van/ros2_ws/install/my_calculate_action:/home/za1van/ros2_ws/install/3t:/opt/ros/jazzy DEBUGINFOD_URLS=https://debuginfod.ubuntu.com /usr/bin/cmake --install /home/za1van/ros2_ws/build/my_action_interface
