[5.193s] Invoking command in '/home/za1van/ros2_ws/src/3t': DEBUGINFOD_URLS=https://debuginfod.ubuntu.com PYTHONPATH=/home/za1van/ros2_ws/build/3t/prefix_override:/usr/lib/python3/dist-packages/colcon_core/task/python/colcon_distutils_commands:/home/za1van/ros2_ws/install/3t/lib/python3.12/site-packages:${PYTHONPATH} /usr/bin/python3 -W ignore:setup.py install is deprecated -W ignore:easy_install command is deprecated setup.py egg_info --egg-base ../../build/3t build --build-base /home/za1van/ros2_ws/build/3t/build install --record /home/za1van/ros2_ws/build/3t/install.log --single-version-externally-managed install_data
[7.254s] running egg_info
[7.411s] writing ../../build/3t/3t.egg-info/PKG-INFO
[7.412s] writing dependency_links to ../../build/3t/3t.egg-info/dependency_links.txt
[7.412s] writing entry points to ../../build/3t/3t.egg-info/entry_points.txt
[7.412s] writing requirements to ../../build/3t/3t.egg-info/requires.txt
[7.412s] writing top-level names to ../../build/3t/3t.egg-info/top_level.txt
[7.695s] reading manifest file '../../build/3t/3t.egg-info/SOURCES.txt'
[7.695s] writing manifest file '../../build/3t/3t.egg-info/SOURCES.txt'
[7.696s] running build
[7.696s] running build_py
[7.696s] running install
[7.725s] running install_lib
[7.809s] running install_data
[7.813s] running install_egg_info
[7.883s] removing '/home/za1van/ros2_ws/install/3t/lib/python3.12/site-packages/3t-0.0.0-py3.12.egg-info' (and everything under it)
[7.884s] Copying ../../build/3t/3t.egg-info to /home/za1van/ros2_ws/install/3t/lib/python3.12/site-packages/3t-0.0.0-py3.12.egg-info
[7.884s] running install_scripts
[8.320s] Installing sled script to /home/za1van/ros2_ws/install/3t/lib/3t
[8.320s] writing list of installed files to '/home/za1van/ros2_ws/build/3t/install.log'
[8.561s] Invoked command in '/home/za1van/ros2_ws/src/3t' returned '0': DEBUGINFOD_URLS=https://debuginfod.ubuntu.com PYTHONPATH=/home/za1van/ros2_ws/build/3t/prefix_override:/usr/lib/python3/dist-packages/colcon_core/task/python/colcon_distutils_commands:/home/za1van/ros2_ws/install/3t/lib/python3.12/site-packages:${PYTHONPATH} /usr/bin/python3 -W ignore:setup.py install is deprecated -W ignore:easy_install command is deprecated setup.py egg_info --egg-base ../../build/3t build --build-base /home/za1van/ros2_ws/build/3t/build install --record /home/za1van/ros2_ws/build/3t/install.log --single-version-externally-managed install_data
