[0.055s] Invoking command in '/home/za1van/ros2_ws/build/my_service_interfaces': CMAKE_PREFIX_PATH=${CMAKE_PREFIX_PATH}:/home/za1van/ros2_ws/install/my_turtle_controller:/home/za1van/ros2_ws/install/my_service_server:/home/za1van/ros2_ws/install/my_service_client:/home/za1van/ros2_ws/install/my_project_start:/home/za1van/ros2_ws/install/3t:/opt/ros/jazzy DEBUGINFOD_URLS=https://debuginfod.ubuntu.com /usr/bin/cmake --build /home/za1van/ros2_ws/build/my_service_interfaces -- -j4 -l4
[1.030s] gmake[1]: Entering directory '/home/za1van/ros2_ws/build/my_service_interfaces'
[1.030s] gmake[2]: Entering directory '/home/za1van/ros2_ws/build/my_service_interfaces'
[1.031s] gmake[3]: Entering directory '/home/za1van/ros2_ws/build/my_service_interfaces'
[1.031s] gmake[3]: Leaving directory '/home/za1van/ros2_ws/build/my_service_interfaces'
[1.031s] [  2%] Built target my_service_interfaces__rosidl_generator_type_description
[1.031s] gmake[3]: Entering directory '/home/za1van/ros2_ws/build/my_service_interfaces'
[1.033s] gmake[3]: Leaving directory '/home/za1van/ros2_ws/build/my_service_interfaces'
[1.033s] gmake[3]: Entering directory '/home/za1van/ros2_ws/build/my_service_interfaces'
[1.033s] gmake[3]: Leaving directory '/home/za1van/ros2_ws/build/my_service_interfaces'
[1.033s] [  2%] Built target ament_cmake_python_copy_my_service_interfaces
[1.033s] gmake[3]: Entering directory '/home/za1van/ros2_ws/build/my_service_interfaces'
[1.034s] gmake[3]: Leaving directory '/home/za1van/ros2_ws/build/my_service_interfaces'
[1.034s] [  5%] Built target my_service_interfaces__cpp
[1.034s] gmake[3]: Entering directory '/home/za1van/ros2_ws/build/my_service_interfaces'
[1.035s] gmake[3]: Leaving directory '/home/za1van/ros2_ws/build/my_service_interfaces'
[1.035s] gmake[3]: Entering directory '/home/za1van/ros2_ws/build/my_service_interfaces'
[1.035s] running egg_info
[1.035s] writing my_service_interfaces.egg-info/PKG-INFO
[1.035s] writing dependency_links to my_service_interfaces.egg-info/dependency_links.txt
[1.035s] writing top-level names to my_service_interfaces.egg-info/top_level.txt
[1.036s] reading manifest file 'my_service_interfaces.egg-info/SOURCES.txt'
[1.036s] writing manifest file 'my_service_interfaces.egg-info/SOURCES.txt'
[1.036s] gmake[3]: Leaving directory '/home/za1van/ros2_ws/build/my_service_interfaces'
[1.036s] [  5%] Built target ament_cmake_python_build_my_service_interfaces_egg
[1.036s] gmake[3]: Entering directory '/home/za1van/ros2_ws/build/my_service_interfaces'
[1.036s] gmake[3]: Leaving directory '/home/za1van/ros2_ws/build/my_service_interfaces'
[1.037s] [ 20%] Built target my_service_interfaces__rosidl_generator_c
[1.037s] gmake[3]: Entering directory '/home/za1van/ros2_ws/build/my_service_interfaces'
[1.037s] gmake[3]: Leaving directory '/home/za1van/ros2_ws/build/my_service_interfaces'
[1.037s] [ 29%] Built target my_service_interfaces__rosidl_typesupport_fastrtps_c
[1.037s] gmake[3]: Entering directory '/home/za1van/ros2_ws/build/my_service_interfaces'
[1.038s] gmake[3]: Leaving directory '/home/za1van/ros2_ws/build/my_service_interfaces'
[1.050s] [ 38%] Built target my_service_interfaces__rosidl_typesupport_fastrtps_cpp
[1.055s] gmake[3]: Entering directory '/home/za1van/ros2_ws/build/my_service_interfaces'
[1.065s] gmake[3]: Leaving directory '/home/za1van/ros2_ws/build/my_service_interfaces'
[1.081s] [ 47%] Built target my_service_interfaces__rosidl_typesupport_introspection_cpp
[1.086s] gmake[3]: Entering directory '/home/za1van/ros2_ws/build/my_service_interfaces'
[1.094s] gmake[3]: Leaving directory '/home/za1van/ros2_ws/build/my_service_interfaces'
[1.107s] [ 55%] Built target my_service_interfaces__rosidl_typesupport_cpp
[1.112s] gmake[3]: Entering directory '/home/za1van/ros2_ws/build/my_service_interfaces'
[1.122s] gmake[3]: Leaving directory '/home/za1van/ros2_ws/build/my_service_interfaces'
[1.137s] [ 64%] Built target my_service_interfaces__rosidl_typesupport_c
[1.141s] gmake[3]: Entering directory '/home/za1van/ros2_ws/build/my_service_interfaces'
[1.154s] gmake[3]: Leaving directory '/home/za1van/ros2_ws/build/my_service_interfaces'
[1.166s] [ 73%] Built target my_service_interfaces__rosidl_typesupport_introspection_c
[1.170s] gmake[3]: Entering directory '/home/za1van/ros2_ws/build/my_service_interfaces'
[1.178s] gmake[3]: Leaving directory '/home/za1van/ros2_ws/build/my_service_interfaces'
[1.189s] [ 73%] Built target my_service_interfaces
[1.193s] gmake[3]: Entering directory '/home/za1van/ros2_ws/build/my_service_interfaces'
[1.202s] gmake[3]: Leaving directory '/home/za1van/ros2_ws/build/my_service_interfaces'
[1.218s] [ 76%] Built target my_service_interfaces__py
[1.226s] gmake[3]: Entering directory '/home/za1van/ros2_ws/build/my_service_interfaces'
[1.241s] gmake[3]: Leaving directory '/home/za1van/ros2_ws/build/my_service_interfaces'
[1.257s] [ 82%] Built target my_service_interfaces__rosidl_generator_py
[1.262s] gmake[3]: Entering directory '/home/za1van/ros2_ws/build/my_service_interfaces'
[1.271s] gmake[3]: Leaving directory '/home/za1van/ros2_ws/build/my_service_interfaces'
[1.285s] [ 88%] Built target my_service_interfaces_s__rosidl_typesupport_fastrtps_c
[1.290s] gmake[3]: Entering directory '/home/za1van/ros2_ws/build/my_service_interfaces'
[1.302s] gmake[3]: Leaving directory '/home/za1van/ros2_ws/build/my_service_interfaces'
[1.317s] [ 94%] Built target my_service_interfaces_s__rosidl_typesupport_c
[1.324s] gmake[3]: Entering directory '/home/za1van/ros2_ws/build/my_service_interfaces'
[1.338s] gmake[3]: Leaving directory '/home/za1van/ros2_ws/build/my_service_interfaces'
[1.353s] [100%] Built target my_service_interfaces_s__rosidl_typesupport_introspection_c
[1.354s] gmake[2]: Leaving directory '/home/za1van/ros2_ws/build/my_service_interfaces'
[1.361s] gmake[1]: Leaving directory '/home/za1van/ros2_ws/build/my_service_interfaces'
[1.497s] Invoked command in '/home/za1van/ros2_ws/build/my_service_interfaces' returned '0': CMAKE_PREFIX_PATH=${CMAKE_PREFIX_PATH}:/home/za1van/ros2_ws/install/my_turtle_controller:/home/za1van/ros2_ws/install/my_service_server:/home/za1van/ros2_ws/install/my_service_client:/home/za1van/ros2_ws/install/my_project_start:/home/za1van/ros2_ws/install/3t:/opt/ros/jazzy DEBUGINFOD_URLS=https://debuginfod.ubuntu.com /usr/bin/cmake --build /home/za1van/ros2_ws/build/my_service_interfaces -- -j4 -l4
[1.505s] Invoking command in '/home/za1van/ros2_ws/build/my_service_interfaces': CMAKE_PREFIX_PATH=${CMAKE_PREFIX_PATH}:/home/za1van/ros2_ws/install/my_turtle_controller:/home/za1van/ros2_ws/install/my_service_server:/home/za1van/ros2_ws/install/my_service_client:/home/za1van/ros2_ws/install/my_project_start:/home/za1van/ros2_ws/install/3t:/opt/ros/jazzy DEBUGINFOD_URLS=https://debuginfod.ubuntu.com /usr/bin/cmake --install /home/za1van/ros2_ws/build/my_service_interfaces
[1.519s] -- Install configuration: ""
[1.520s] -- Up-to-date: /home/za1van/ros2_ws/install/my_service_interfaces/share/ament_index/resource_index/rosidl_interfaces/my_service_interfaces
[1.520s] -- Up-to-date: /home/za1van/ros2_ws/install/my_service_interfaces/share/my_service_interfaces/srv/SetVelocity.json
[1.520s] -- Up-to-date: /home/za1van/ros2_ws/install/my_service_interfaces/include/my_service_interfaces/my_service_interfaces
[1.520s] -- Up-to-date: /home/za1van/ros2_ws/install/my_service_interfaces/include/my_service_interfaces/my_service_interfaces/srv
[1.520s] -- Up-to-date: /home/za1van/ros2_ws/install/my_service_interfaces/include/my_service_interfaces/my_service_interfaces/srv/detail
[1.521s] -- Up-to-date: /home/za1van/ros2_ws/install/my_service_interfaces/include/my_service_interfaces/my_service_interfaces/srv/detail/set_velocity__type_support.c
[1.521s] -- Up-to-date: /home/za1van/ros2_ws/install/my_service_interfaces/include/my_service_interfaces/my_service_interfaces/srv/detail/set_velocity__struct.h
[1.521s] -- Up-to-date: /home/za1van/ros2_ws/install/my_service_interfaces/include/my_service_interfaces/my_service_interfaces/srv/detail/set_velocity__functions.h
[1.521s] -- Up-to-date: /home/za1van/ros2_ws/install/my_service_interfaces/include/my_service_interfaces/my_service_interfaces/srv/detail/set_velocity__type_support.h
[1.525s] -- Up-to-date: /home/za1van/ros2_ws/install/my_service_interfaces/include/my_service_interfaces/my_service_interfaces/srv/detail/set_velocity__functions.c
[1.530s] -- Up-to-date: /home/za1van/ros2_ws/install/my_service_interfaces/include/my_service_interfaces/my_service_interfaces/srv/detail/set_velocity__description.c
[1.530s] -- Up-to-date: /home/za1van/ros2_ws/install/my_service_interfaces/include/my_service_interfaces/my_service_interfaces/srv/set_velocity.h
[1.531s] -- Up-to-date: /home/za1van/ros2_ws/install/my_service_interfaces/include/my_service_interfaces/my_service_interfaces/msg
[1.531s] -- Up-to-date: /home/za1van/ros2_ws/install/my_service_interfaces/include/my_service_interfaces/my_service_interfaces/msg/rosidl_generator_c__visibility_control.h
[1.531s] -- Up-to-date: /home/za1van/ros2_ws/install/my_service_interfaces/share/my_service_interfaces/environment/library_path.sh
[1.533s] -- Up-to-date: /home/za1van/ros2_ws/install/my_service_interfaces/share/my_service_interfaces/environment/library_path.dsv
[1.533s] -- Up-to-date: /home/za1van/ros2_ws/install/my_service_interfaces/lib/libmy_service_interfaces__rosidl_generator_c.so
[1.536s] -- Up-to-date: /home/za1van/ros2_ws/install/my_service_interfaces/include/my_service_interfaces/my_service_interfaces
[1.536s] -- Up-to-date: /home/za1van/ros2_ws/install/my_service_interfaces/include/my_service_interfaces/my_service_interfaces/srv
[1.537s] -- Up-to-date: /home/za1van/ros2_ws/install/my_service_interfaces/include/my_service_interfaces/my_service_interfaces/srv/detail
[1.537s] -- Up-to-date: /home/za1van/ros2_ws/install/my_service_interfaces/include/my_service_interfaces/my_service_interfaces/srv/detail/set_velocity__rosidl_typesupport_fastrtps_c.h
[1.537s] -- Up-to-date: /home/za1van/ros2_ws/install/my_service_interfaces/include/my_service_interfaces/my_service_interfaces/msg
[1.537s] -- Up-to-date: /home/za1van/ros2_ws/install/my_service_interfaces/include/my_service_interfaces/my_service_interfaces/msg/rosidl_typesupport_fastrtps_c__visibility_control.h
[1.537s] -- Up-to-date: /home/za1van/ros2_ws/install/my_service_interfaces/lib/libmy_service_interfaces__rosidl_typesupport_fastrtps_c.so
[1.538s] -- Up-to-date: /home/za1van/ros2_ws/install/my_service_interfaces/include/my_service_interfaces/my_service_interfaces
[1.538s] -- Up-to-date: /home/za1van/ros2_ws/install/my_service_interfaces/include/my_service_interfaces/my_service_interfaces/srv
[1.538s] -- Up-to-date: /home/za1van/ros2_ws/install/my_service_interfaces/include/my_service_interfaces/my_service_interfaces/srv/detail
[1.538s] -- Up-to-date: /home/za1van/ros2_ws/install/my_service_interfaces/include/my_service_interfaces/my_service_interfaces/srv/detail/set_velocity__type_support.c
[1.538s] -- Up-to-date: /home/za1van/ros2_ws/install/my_service_interfaces/include/my_service_interfaces/my_service_interfaces/srv/detail/set_velocity__rosidl_typesupport_introspection_c.h
[1.548s] -- Up-to-date: /home/za1van/ros2_ws/install/my_service_interfaces/include/my_service_interfaces/my_service_interfaces/msg
[1.551s] -- Up-to-date: /home/za1van/ros2_ws/install/my_service_interfaces/include/my_service_interfaces/my_service_interfaces/msg/rosidl_typesupport_introspection_c__visibility_control.h
[1.551s] -- Up-to-date: /home/za1van/ros2_ws/install/my_service_interfaces/lib/libmy_service_interfaces__rosidl_typesupport_introspection_c.so
[1.551s] -- Up-to-date: /home/za1van/ros2_ws/install/my_service_interfaces/lib/libmy_service_interfaces__rosidl_typesupport_c.so
[1.552s] -- Up-to-date: /home/za1van/ros2_ws/install/my_service_interfaces/include/my_service_interfaces/my_service_interfaces
[1.552s] -- Up-to-date: /home/za1van/ros2_ws/install/my_service_interfaces/include/my_service_interfaces/my_service_interfaces/srv
[1.552s] -- Up-to-date: /home/za1van/ros2_ws/install/my_service_interfaces/include/my_service_interfaces/my_service_interfaces/srv/set_velocity.hpp
[1.552s] -- Up-to-date: /home/za1van/ros2_ws/install/my_service_interfaces/include/my_service_interfaces/my_service_interfaces/srv/detail
[1.556s] -- Up-to-date: /home/za1van/ros2_ws/install/my_service_interfaces/include/my_service_interfaces/my_service_interfaces/srv/detail/set_velocity__traits.hpp
[1.556s] -- Up-to-date: /home/za1van/ros2_ws/install/my_service_interfaces/include/my_service_interfaces/my_service_interfaces/srv/detail/set_velocity__builder.hpp
[1.556s] -- Up-to-date: /home/za1van/ros2_ws/install/my_service_interfaces/include/my_service_interfaces/my_service_interfaces/srv/detail/set_velocity__type_support.hpp
[1.556s] -- Up-to-date: /home/za1van/ros2_ws/install/my_service_interfaces/include/my_service_interfaces/my_service_interfaces/srv/detail/set_velocity__struct.hpp
[1.556s] -- Up-to-date: /home/za1van/ros2_ws/install/my_service_interfaces/include/my_service_interfaces/my_service_interfaces/msg
[1.562s] -- Up-to-date: /home/za1van/ros2_ws/install/my_service_interfaces/include/my_service_interfaces/my_service_interfaces/msg/rosidl_generator_cpp__visibility_control.hpp
[1.562s] -- Up-to-date: /home/za1van/ros2_ws/install/my_service_interfaces/include/my_service_interfaces/my_service_interfaces
[1.563s] -- Up-to-date: /home/za1van/ros2_ws/install/my_service_interfaces/include/my_service_interfaces/my_service_interfaces/srv
[1.563s] -- Up-to-date: /home/za1van/ros2_ws/install/my_service_interfaces/include/my_service_interfaces/my_service_interfaces/srv/detail
[1.563s] -- Up-to-date: /home/za1van/ros2_ws/install/my_service_interfaces/include/my_service_interfaces/my_service_interfaces/srv/detail/dds_fastrtps
[1.563s] -- Up-to-date: /home/za1van/ros2_ws/install/my_service_interfaces/include/my_service_interfaces/my_service_interfaces/srv/detail/set_velocity__rosidl_typesupport_fastrtps_cpp.hpp
[1.565s] -- Up-to-date: /home/za1van/ros2_ws/install/my_service_interfaces/include/my_service_interfaces/my_service_interfaces/msg
[1.566s] -- Up-to-date: /home/za1van/ros2_ws/install/my_service_interfaces/include/my_service_interfaces/my_service_interfaces/msg/rosidl_typesupport_fastrtps_cpp__visibility_control.h
[1.566s] -- Up-to-date: /home/za1van/ros2_ws/install/my_service_interfaces/lib/libmy_service_interfaces__rosidl_typesupport_fastrtps_cpp.so
[1.566s] -- Up-to-date: /home/za1van/ros2_ws/install/my_service_interfaces/include/my_service_interfaces/my_service_interfaces
[1.566s] -- Up-to-date: /home/za1van/ros2_ws/install/my_service_interfaces/include/my_service_interfaces/my_service_interfaces/srv
[1.569s] -- Up-to-date: /home/za1van/ros2_ws/install/my_service_interfaces/include/my_service_interfaces/my_service_interfaces/srv/detail
[1.570s] -- Up-to-date: /home/za1van/ros2_ws/install/my_service_interfaces/include/my_service_interfaces/my_service_interfaces/srv/detail/set_velocity__type_support.cpp
[1.570s] -- Up-to-date: /home/za1van/ros2_ws/install/my_service_interfaces/include/my_service_interfaces/my_service_interfaces/srv/detail/set_velocity__rosidl_typesupport_introspection_cpp.hpp
[1.570s] -- Up-to-date: /home/za1van/ros2_ws/install/my_service_interfaces/lib/libmy_service_interfaces__rosidl_typesupport_introspection_cpp.so
[1.570s] -- Up-to-date: /home/za1van/ros2_ws/install/my_service_interfaces/lib/libmy_service_interfaces__rosidl_typesupport_cpp.so
[1.570s] -- Up-to-date: /home/za1van/ros2_ws/install/my_service_interfaces/share/my_service_interfaces/environment/pythonpath.sh
[1.571s] -- Up-to-date: /home/za1van/ros2_ws/install/my_service_interfaces/share/my_service_interfaces/environment/pythonpath.dsv
[1.571s] -- Up-to-date: /home/za1van/ros2_ws/install/my_service_interfaces/lib/python3.12/site-packages/my_service_interfaces-0.0.0-py3.12.egg-info
[1.571s] -- Installing: /home/za1van/ros2_ws/install/my_service_interfaces/lib/python3.12/site-packages/my_service_interfaces-0.0.0-py3.12.egg-info/dependency_links.txt
[1.571s] -- Installing: /home/za1van/ros2_ws/install/my_service_interfaces/lib/python3.12/site-packages/my_service_interfaces-0.0.0-py3.12.egg-info/PKG-INFO
[1.571s] -- Installing: /home/za1van/ros2_ws/install/my_service_interfaces/lib/python3.12/site-packages/my_service_interfaces-0.0.0-py3.12.egg-info/top_level.txt
[1.571s] -- Installing: /home/za1van/ros2_ws/install/my_service_interfaces/lib/python3.12/site-packages/my_service_interfaces-0.0.0-py3.12.egg-info/SOURCES.txt
[1.572s] -- Up-to-date: /home/za1van/ros2_ws/install/my_service_interfaces/lib/python3.12/site-packages/my_service_interfaces
[1.572s] -- Up-to-date: /home/za1van/ros2_ws/install/my_service_interfaces/lib/python3.12/site-packages/my_service_interfaces/my_service_interfaces_s__rosidl_typesupport_c.so
[1.572s] -- Up-to-date: /home/za1van/ros2_ws/install/my_service_interfaces/lib/python3.12/site-packages/my_service_interfaces/srv
[1.572s] -- Up-to-date: /home/za1van/ros2_ws/install/my_service_interfaces/lib/python3.12/site-packages/my_service_interfaces/srv/_set_velocity_s.c
[1.583s] -- Up-to-date: /home/za1van/ros2_ws/install/my_service_interfaces/lib/python3.12/site-packages/my_service_interfaces/srv/_set_velocity.py
[1.583s] -- Up-to-date: /home/za1van/ros2_ws/install/my_service_interfaces/lib/python3.12/site-packages/my_service_interfaces/srv/__init__.py
[1.584s] -- Up-to-date: /home/za1van/ros2_ws/install/my_service_interfaces/lib/python3.12/site-packages/my_service_interfaces/my_service_interfaces_s__rosidl_typesupport_fastrtps_c.so
[1.584s] -- Up-to-date: /home/za1van/ros2_ws/install/my_service_interfaces/lib/python3.12/site-packages/my_service_interfaces/_my_service_interfaces_s.ep.rosidl_typesupport_introspection_c.c
[1.584s] -- Up-to-date: /home/za1van/ros2_ws/install/my_service_interfaces/lib/python3.12/site-packages/my_service_interfaces/__init__.py
[1.584s] -- Up-to-date: /home/za1van/ros2_ws/install/my_service_interfaces/lib/python3.12/site-packages/my_service_interfaces/my_service_interfaces_s__rosidl_typesupport_introspection_c.so
[1.584s] -- Up-to-date: /home/za1van/ros2_ws/install/my_service_interfaces/lib/python3.12/site-packages/my_service_interfaces/_my_service_interfaces_s.ep.rosidl_typesupport_c.c
[1.585s] -- Up-to-date: /home/za1van/ros2_ws/install/my_service_interfaces/lib/python3.12/site-packages/my_service_interfaces/_my_service_interfaces_s.ep.rosidl_typesupport_fastrtps_c.c
[1.678s] Listing '/home/za1van/ros2_ws/install/my_service_interfaces/lib/python3.12/site-packages/my_service_interfaces'...
[1.678s] Listing '/home/za1van/ros2_ws/install/my_service_interfaces/lib/python3.12/site-packages/my_service_interfaces/srv'...
[1.700s] -- Up-to-date: /home/za1van/ros2_ws/install/my_service_interfaces/lib/python3.12/site-packages/my_service_interfaces/my_service_interfaces_s__rosidl_typesupport_fastrtps_c.so
[1.701s] -- Up-to-date: /home/za1van/ros2_ws/install/my_service_interfaces/lib/python3.12/site-packages/my_service_interfaces/my_service_interfaces_s__rosidl_typesupport_introspection_c.so
[1.702s] -- Up-to-date: /home/za1van/ros2_ws/install/my_service_interfaces/lib/python3.12/site-packages/my_service_interfaces/my_service_interfaces_s__rosidl_typesupport_c.so
[1.702s] -- Up-to-date: /home/za1van/ros2_ws/install/my_service_interfaces/lib/libmy_service_interfaces__rosidl_generator_py.so
[1.705s] -- Up-to-date: /home/za1van/ros2_ws/install/my_service_interfaces/share/my_service_interfaces/srv/SetVelocity.idl
[1.705s] -- Up-to-date: /home/za1van/ros2_ws/install/my_service_interfaces/share/my_service_interfaces/srv/SetVelocity.srv
[1.705s] -- Up-to-date: /home/za1van/ros2_ws/install/my_service_interfaces/share/ament_index/resource_index/package_run_dependencies/my_service_interfaces
[1.705s] -- Up-to-date: /home/za1van/ros2_ws/install/my_service_interfaces/share/ament_index/resource_index/parent_prefix_path/my_service_interfaces
[1.706s] -- Up-to-date: /home/za1van/ros2_ws/install/my_service_interfaces/share/my_service_interfaces/environment/ament_prefix_path.sh
[1.706s] -- Up-to-date: /home/za1van/ros2_ws/install/my_service_interfaces/share/my_service_interfaces/environment/ament_prefix_path.dsv
[1.706s] -- Up-to-date: /home/za1van/ros2_ws/install/my_service_interfaces/share/my_service_interfaces/environment/path.sh
[1.706s] -- Up-to-date: /home/za1van/ros2_ws/install/my_service_interfaces/share/my_service_interfaces/environment/path.dsv
[1.706s] -- Up-to-date: /home/za1van/ros2_ws/install/my_service_interfaces/share/my_service_interfaces/local_setup.bash
[1.706s] -- Up-to-date: /home/za1van/ros2_ws/install/my_service_interfaces/share/my_service_interfaces/local_setup.sh
[1.707s] -- Up-to-date: /home/za1van/ros2_ws/install/my_service_interfaces/share/my_service_interfaces/local_setup.zsh
[1.707s] -- Up-to-date: /home/za1van/ros2_ws/install/my_service_interfaces/share/my_service_interfaces/local_setup.dsv
[1.707s] -- Installing: /home/za1van/ros2_ws/install/my_service_interfaces/share/my_service_interfaces/package.dsv
[1.707s] -- Up-to-date: /home/za1van/ros2_ws/install/my_service_interfaces/share/ament_index/resource_index/packages/my_service_interfaces
[1.707s] -- Up-to-date: /home/za1van/ros2_ws/install/my_service_interfaces/share/my_service_interfaces/cmake/export_my_service_interfaces__rosidl_generator_cExport.cmake
[1.714s] -- Up-to-date: /home/za1van/ros2_ws/install/my_service_interfaces/share/my_service_interfaces/cmake/export_my_service_interfaces__rosidl_generator_cExport-noconfig.cmake
[1.714s] -- Up-to-date: /home/za1van/ros2_ws/install/my_service_interfaces/share/my_service_interfaces/cmake/export_my_service_interfaces__rosidl_typesupport_fastrtps_cExport.cmake
[1.715s] -- Up-to-date: /home/za1van/ros2_ws/install/my_service_interfaces/share/my_service_interfaces/cmake/export_my_service_interfaces__rosidl_typesupport_fastrtps_cExport-noconfig.cmake
[1.715s] -- Up-to-date: /home/za1van/ros2_ws/install/my_service_interfaces/share/my_service_interfaces/cmake/my_service_interfaces__rosidl_typesupport_introspection_cExport.cmake
[1.715s] -- Up-to-date: /home/za1van/ros2_ws/install/my_service_interfaces/share/my_service_interfaces/cmake/my_service_interfaces__rosidl_typesupport_introspection_cExport-noconfig.cmake
[1.715s] -- Up-to-date: /home/za1van/ros2_ws/install/my_service_interfaces/share/my_service_interfaces/cmake/my_service_interfaces__rosidl_typesupport_cExport.cmake
[1.715s] -- Up-to-date: /home/za1van/ros2_ws/install/my_service_interfaces/share/my_service_interfaces/cmake/my_service_interfaces__rosidl_typesupport_cExport-noconfig.cmake
[1.715s] -- Up-to-date: /home/za1van/ros2_ws/install/my_service_interfaces/share/my_service_interfaces/cmake/export_my_service_interfaces__rosidl_generator_cppExport.cmake
[1.716s] -- Up-to-date: /home/za1van/ros2_ws/install/my_service_interfaces/share/my_service_interfaces/cmake/export_my_service_interfaces__rosidl_typesupport_fastrtps_cppExport.cmake
[1.716s] -- Up-to-date: /home/za1van/ros2_ws/install/my_service_interfaces/share/my_service_interfaces/cmake/export_my_service_interfaces__rosidl_typesupport_fastrtps_cppExport-noconfig.cmake
[1.716s] -- Up-to-date: /home/za1van/ros2_ws/install/my_service_interfaces/share/my_service_interfaces/cmake/my_service_interfaces__rosidl_typesupport_introspection_cppExport.cmake
[1.716s] -- Up-to-date: /home/za1van/ros2_ws/install/my_service_interfaces/share/my_service_interfaces/cmake/my_service_interfaces__rosidl_typesupport_introspection_cppExport-noconfig.cmake
[1.716s] -- Up-to-date: /home/za1van/ros2_ws/install/my_service_interfaces/share/my_service_interfaces/cmake/my_service_interfaces__rosidl_typesupport_cppExport.cmake
[1.717s] -- Up-to-date: /home/za1van/ros2_ws/install/my_service_interfaces/share/my_service_interfaces/cmake/my_service_interfaces__rosidl_typesupport_cppExport-noconfig.cmake
[1.717s] -- Up-to-date: /home/za1van/ros2_ws/install/my_service_interfaces/share/my_service_interfaces/cmake/export_my_service_interfaces__rosidl_generator_pyExport.cmake
[1.718s] -- Up-to-date: /home/za1van/ros2_ws/install/my_service_interfaces/share/my_service_interfaces/cmake/export_my_service_interfaces__rosidl_generator_pyExport-noconfig.cmake
[1.718s] -- Up-to-date: /home/za1van/ros2_ws/install/my_service_interfaces/share/my_service_interfaces/cmake/rosidl_cmake-extras.cmake
[1.718s] -- Up-to-date: /home/za1van/ros2_ws/install/my_service_interfaces/share/my_service_interfaces/cmake/ament_cmake_export_dependencies-extras.cmake
[1.718s] -- Up-to-date: /home/za1van/ros2_ws/install/my_service_interfaces/share/my_service_interfaces/cmake/ament_cmake_export_include_directories-extras.cmake
[1.718s] -- Up-to-date: /home/za1van/ros2_ws/install/my_service_interfaces/share/my_service_interfaces/cmake/ament_cmake_export_libraries-extras.cmake
[1.718s] -- Up-to-date: /home/za1van/ros2_ws/install/my_service_interfaces/share/my_service_interfaces/cmake/ament_cmake_export_targets-extras.cmake
[1.719s] -- Up-to-date: /home/za1van/ros2_ws/install/my_service_interfaces/share/my_service_interfaces/cmake/rosidl_cmake_export_typesupport_targets-extras.cmake
[1.719s] -- Up-to-date: /home/za1van/ros2_ws/install/my_service_interfaces/share/my_service_interfaces/cmake/rosidl_cmake_export_typesupport_libraries-extras.cmake
[1.719s] -- Up-to-date: /home/za1van/ros2_ws/install/my_service_interfaces/share/my_service_interfaces/cmake/my_service_interfacesConfig.cmake
[1.719s] -- Up-to-date: /home/za1van/ros2_ws/install/my_service_interfaces/share/my_service_interfaces/cmake/my_service_interfacesConfig-version.cmake
[1.719s] -- Up-to-date: /home/za1van/ros2_ws/install/my_service_interfaces/share/my_service_interfaces/package.xml
[1.721s] Invoked command in '/home/za1van/ros2_ws/build/my_service_interfaces' returned '0': CMAKE_PREFIX_PATH=${CMAKE_PREFIX_PATH}:/home/za1van/ros2_ws/install/my_turtle_controller:/home/za1van/ros2_ws/install/my_service_server:/home/za1van/ros2_ws/install/my_service_client:/home/za1van/ros2_ws/install/my_project_start:/home/za1van/ros2_ws/install/3t:/opt/ros/jazzy DEBUGINFOD_URLS=https://debuginfod.ubuntu.com /usr/bin/cmake --install /home/za1van/ros2_ws/build/my_service_interfaces
