[4.056s] Invoking command in '/home/za1van/ros2_ws/src/my_turtle_controller': DEBUGINFOD_URLS=https://debuginfod.ubuntu.com PYTHONPATH=/home/za1van/ros2_ws/src/build/my_turtle_controller/prefix_override:/usr/lib/python3/dist-packages/colcon_core/task/python/colcon_distutils_commands:/home/za1van/ros2_ws/src/install/my_turtle_controller/lib/python3.12/site-packages:${PYTHONPATH} /usr/bin/python3 -W ignore:setup.py install is deprecated -W ignore:easy_install command is deprecated setup.py egg_info --egg-base ../build/my_turtle_controller build --build-base /home/za1van/ros2_ws/src/build/my_turtle_controller/build install --record /home/za1van/ros2_ws/src/build/my_turtle_controller/install.log --single-version-externally-managed install_data
[5.058s] running egg_info
[5.214s] writing ../build/my_turtle_controller/my_turtle_controller.egg-info/PKG-INFO
[5.215s] writing dependency_links to ../build/my_turtle_controller/my_turtle_controller.egg-info/dependency_links.txt
[5.215s] writing entry points to ../build/my_turtle_controller/my_turtle_controller.egg-info/entry_points.txt
[5.215s] writing requirements to ../build/my_turtle_controller/my_turtle_controller.egg-info/requires.txt
[5.215s] writing top-level names to ../build/my_turtle_controller/my_turtle_controller.egg-info/top_level.txt
[5.443s] reading manifest file '../build/my_turtle_controller/my_turtle_controller.egg-info/SOURCES.txt'
[5.446s] writing manifest file '../build/my_turtle_controller/my_turtle_controller.egg-info/SOURCES.txt'
[5.448s] running build
[5.449s] running build_py
[5.453s] running install
[5.468s] running install_lib
[5.564s] running install_data
[5.566s] running install_egg_info
[5.642s] removing '/home/za1van/ros2_ws/src/install/my_turtle_controller/lib/python3.12/site-packages/my_turtle_controller-0.0.0-py3.12.egg-info' (and everything under it)
[5.649s] Copying ../build/my_turtle_controller/my_turtle_controller.egg-info to /home/za1van/ros2_ws/src/install/my_turtle_controller/lib/python3.12/site-packages/my_turtle_controller-0.0.0-py3.12.egg-info
[5.649s] running install_scripts
[6.112s] Installing turtle_figure8 script to /home/za1van/ros2_ws/src/install/my_turtle_controller/lib/my_turtle_controller
[6.113s] Installing turtle_follower_spawner script to /home/za1van/ros2_ws/src/install/my_turtle_controller/lib/my_turtle_controller
[6.113s] Installing turtle_mover script to /home/za1van/ros2_ws/src/install/my_turtle_controller/lib/my_turtle_controller
[6.113s] Installing turtle_pose_follower script to /home/za1van/ros2_ws/src/install/my_turtle_controller/lib/my_turtle_controller
[6.114s] writing list of installed files to '/home/za1van/ros2_ws/src/build/my_turtle_controller/install.log'
[6.178s] Invoked command in '/home/za1van/ros2_ws/src/my_turtle_controller' returned '0': DEBUGINFOD_URLS=https://debuginfod.ubuntu.com PYTHONPATH=/home/za1van/ros2_ws/src/build/my_turtle_controller/prefix_override:/usr/lib/python3/dist-packages/colcon_core/task/python/colcon_distutils_commands:/home/za1van/ros2_ws/src/install/my_turtle_controller/lib/python3.12/site-packages:${PYTHONPATH} /usr/bin/python3 -W ignore:setup.py install is deprecated -W ignore:easy_install command is deprecated setup.py egg_info --egg-base ../build/my_turtle_controller build --build-base /home/za1van/ros2_ws/src/build/my_turtle_controller/build install --record /home/za1van/ros2_ws/src/build/my_turtle_controller/install.log --single-version-externally-managed install_data
