-- Found ament_cmake: 2.5.4 (/opt/ros/jazzy/share/ament_cmake/cmake)
-- Found rosidl_default_generators: 1.6.0 (/opt/ros/jazzy/share/rosidl_default_generators/cmake)
-- Using all available rosidl_typesupport_c: rosidl_typesupport_fastrtps_c;rosidl_typesupport_introspection_c
-- Using all available rosidl_typesupport_cpp: rosidl_typesupport_fastrtps_cpp;rosidl_typesupport_introspection_cpp
-- Found rosidl_adapter: 4.6.6 (/opt/ros/jazzy/share/rosidl_adapter/cmake)
-- Found ament_cmake_ros: 0.12.0 (/opt/ros/jazzy/share/ament_cmake_ros/cmake)
-- Using all available rosidl_typesupport_c: rosidl_typesupport_fastrtps_c;rosidl_typesupport_introspection_c
-- Using all available rosidl_typesupport_cpp: rosidl_typesupport_fastrtps_cpp;rosidl_typesupport_introspection_cpp
-- Found python_cmake_module: 0.11.1 (/opt/ros/jazzy/share/python_cmake_module/cmake)
-- Found PythonExtra: /usr/bin/python3
-- Found Python3: /usr/bin/python3 (found version "3.12.3") found components: Interpreter Development NumPy Development.Module Development.Embed
-- Found ament_lint_auto: 0.17.3 (/opt/ros/jazzy/share/ament_lint_auto/cmake)
-- Added test 'lint_cmake' to check CMake code style
-- Added test 'xmllint' to check XML markup files
-- Configuring done (4.6s)
-- Generating done (0.1s)
-- Build files have been written to: /home/za1van/ros2_ws/build/my_action_interface
[  2%] [1m[34mGenerating type hashes for ROS interfaces[0m
[  2%] Built target ament_cmake_python_copy_my_action_interface
[  2%] Built target my_action_interface__rosidl_generator_type_description
running egg_info
creating my_action_interface.egg-info
[  5%] [1m[34mGenerating C code for ROS interfaces[0m
[  8%] [1m[34mGenerating C++ code for ROS interfaces[0m
writing my_action_interface.egg-info/PKG-INFO
writing dependency_links to my_action_interface.egg-info/dependency_links.txt
writing top-level names to my_action_interface.egg-info/top_level.txt
writing manifest file 'my_action_interface.egg-info/SOURCES.txt'
reading manifest file 'my_action_interface.egg-info/SOURCES.txt'
writing manifest file 'my_action_interface.egg-info/SOURCES.txt'
[  8%] Built target ament_cmake_python_build_my_action_interface_egg
[  8%] Built target my_action_interface__cpp
[ 11%] [32mBuilding C object CMakeFiles/my_action_interface__rosidl_generator_c.dir/rosidl_generator_c/my_action_interface/action/detail/summ_calculate__description.c.o[0m
[ 14%] [32mBuilding C object CMakeFiles/my_action_interface__rosidl_generator_c.dir/rosidl_generator_c/my_action_interface/action/detail/summ_calculate__type_support.c.o[0m
[ 17%] [32mBuilding C object CMakeFiles/my_action_interface__rosidl_generator_c.dir/rosidl_generator_c/my_action_interface/action/detail/summ_calculate__functions.c.o[0m
[ 20%] [1m[32mLinking C shared library libmy_action_interface__rosidl_generator_c.so[0m
[ 20%] Built target my_action_interface__rosidl_generator_c
[ 23%] [1m[34mGenerating C type support for eProsima Fast-RTPS[0m
[ 29%] [1m[34mGenerating C introspection for ROS interfaces[0m
[ 29%] [1m[34mGenerating C++ type support dispatch for ROS interfaces[0m
[ 32%] [1m[34mGenerating C type support dispatch for ROS interfaces[0m
[ 35%] [32mBuilding CXX object CMakeFiles/my_action_interface__rosidl_typesupport_cpp.dir/rosidl_typesupport_cpp/my_action_interface/action/summ_calculate__type_support.cpp.o[0m
[ 38%] [32mBuilding CXX object CMakeFiles/my_action_interface__rosidl_typesupport_c.dir/rosidl_typesupport_c/my_action_interface/action/summ_calculate__type_support.cpp.o[0m
[ 41%] [32mBuilding C object CMakeFiles/my_action_interface__rosidl_typesupport_introspection_c.dir/rosidl_typesupport_introspection_c/my_action_interface/action/detail/summ_calculate__type_support.c.o[0m
[ 44%] [1m[32mLinking CXX shared library libmy_action_interface__rosidl_typesupport_c.so[0m
[ 44%] Built target my_action_interface__rosidl_typesupport_c
[ 47%] [1m[34mGenerating C++ type support for eProsima Fast-RTPS[0m
[ 50%] [1m[32mLinking C shared library libmy_action_interface__rosidl_typesupport_introspection_c.so[0m
[ 50%] Built target my_action_interface__rosidl_typesupport_introspection_c
[ 52%] [1m[34mGenerating C++ introspection for ROS interfaces[0m
[ 55%] [32mBuilding CXX object CMakeFiles/my_action_interface__rosidl_typesupport_fastrtps_c.dir/rosidl_typesupport_fastrtps_c/my_action_interface/action/detail/summ_calculate__type_support_c.cpp.o[0m
[ 58%] [32mBuilding CXX object CMakeFiles/my_action_interface__rosidl_typesupport_introspection_cpp.dir/rosidl_typesupport_introspection_cpp/my_action_interface/action/detail/summ_calculate__type_support.cpp.o[0m
[ 61%] [1m[32mLinking CXX shared library libmy_action_interface__rosidl_typesupport_cpp.so[0m
[ 61%] Built target my_action_interface__rosidl_typesupport_cpp
[ 64%] [32mBuilding CXX object CMakeFiles/my_action_interface__rosidl_typesupport_fastrtps_cpp.dir/rosidl_typesupport_fastrtps_cpp/my_action_interface/action/detail/dds_fastrtps/summ_calculate__type_support.cpp.o[0m
[ 67%] [1m[32mLinking CXX shared library libmy_action_interface__rosidl_typesupport_fastrtps_c.so[0m
[ 67%] Built target my_action_interface__rosidl_typesupport_fastrtps_c
[ 70%] [1m[32mLinking CXX shared library libmy_action_interface__rosidl_typesupport_introspection_cpp.so[0m
[ 70%] Built target my_action_interface__rosidl_typesupport_introspection_cpp
[ 73%] [1m[32mLinking CXX shared library libmy_action_interface__rosidl_typesupport_fastrtps_cpp.so[0m
[ 73%] Built target my_action_interface__rosidl_typesupport_fastrtps_cpp
[ 73%] Built target my_action_interface
[ 76%] [1m[34mGenerating Python code for ROS interfaces[0m
[ 76%] Built target my_action_interface__py
[ 79%] [32mBuilding C object CMakeFiles/my_action_interface__rosidl_generator_py.dir/rosidl_generator_py/my_action_interface/action/_summ_calculate_s.c.o[0m
[ 82%] [1m[32mLinking C shared library libmy_action_interface__rosidl_generator_py.so[0m
[ 82%] Built target my_action_interface__rosidl_generator_py
[ 85%] [32mBuilding C object CMakeFiles/my_action_interface_s__rosidl_typesupport_fastrtps_c.dir/rosidl_generator_py/my_action_interface/_my_action_interface_s.ep.rosidl_typesupport_fastrtps_c.c.o[0m
[ 88%] [32mBuilding C object CMakeFiles/my_action_interface_s__rosidl_typesupport_c.dir/rosidl_generator_py/my_action_interface/_my_action_interface_s.ep.rosidl_typesupport_c.c.o[0m
[ 91%] [32mBuilding C object CMakeFiles/my_action_interface_s__rosidl_typesupport_introspection_c.dir/rosidl_generator_py/my_action_interface/_my_action_interface_s.ep.rosidl_typesupport_introspection_c.c.o[0m
[ 94%] [1m[32mLinking C shared module rosidl_generator_py/my_action_interface/my_action_interface_s__rosidl_typesupport_c.so[0m
[ 97%] [1m[32mLinking C shared module rosidl_generator_py/my_action_interface/my_action_interface_s__rosidl_typesupport_fastrtps_c.so[0m
[100%] [1m[32mLinking C shared module rosidl_generator_py/my_action_interface/my_action_interface_s__rosidl_typesupport_introspection_c.so[0m
[100%] Built target my_action_interface_s__rosidl_typesupport_c
[100%] Built target my_action_interface_s__rosidl_typesupport_introspection_c
[100%] Built target my_action_interface_s__rosidl_typesupport_fastrtps_c
-- Install configuration: ""
-- Installing: /home/za1van/ros2_ws/install/my_action_interface/share/ament_index/resource_index/rosidl_interfaces/my_action_interface
-- Installing: /home/za1van/ros2_ws/install/my_action_interface/share/my_action_interface/action/SummCalculate.json
-- Installing: /home/za1van/ros2_ws/install/my_action_interface/include/my_action_interface/my_action_interface
-- Installing: /home/za1van/ros2_ws/install/my_action_interface/include/my_action_interface/my_action_interface/action
-- Installing: /home/za1van/ros2_ws/install/my_action_interface/include/my_action_interface/my_action_interface/action/summ_calculate.h
-- Installing: /home/za1van/ros2_ws/install/my_action_interface/include/my_action_interface/my_action_interface/action/detail
-- Installing: /home/za1van/ros2_ws/install/my_action_interface/include/my_action_interface/my_action_interface/action/detail/summ_calculate__type_support.h
-- Installing: /home/za1van/ros2_ws/install/my_action_interface/include/my_action_interface/my_action_interface/action/detail/summ_calculate__struct.h
-- Installing: /home/za1van/ros2_ws/install/my_action_interface/include/my_action_interface/my_action_interface/action/detail/summ_calculate__type_support.c
-- Installing: /home/za1van/ros2_ws/install/my_action_interface/include/my_action_interface/my_action_interface/action/detail/summ_calculate__functions.c
-- Installing: /home/za1van/ros2_ws/install/my_action_interface/include/my_action_interface/my_action_interface/action/detail/summ_calculate__functions.h
-- Installing: /home/za1van/ros2_ws/install/my_action_interface/include/my_action_interface/my_action_interface/action/detail/summ_calculate__description.c
-- Installing: /home/za1van/ros2_ws/install/my_action_interface/include/my_action_interface/my_action_interface/msg
-- Installing: /home/za1van/ros2_ws/install/my_action_interface/include/my_action_interface/my_action_interface/msg/rosidl_generator_c__visibility_control.h
-- Installing: /home/za1van/ros2_ws/install/my_action_interface/share/my_action_interface/environment/library_path.sh
-- Installing: /home/za1van/ros2_ws/install/my_action_interface/share/my_action_interface/environment/library_path.dsv
-- Installing: /home/za1van/ros2_ws/install/my_action_interface/lib/libmy_action_interface__rosidl_generator_c.so
-- Set non-toolchain portion of runtime path of "/home/za1van/ros2_ws/install/my_action_interface/lib/libmy_action_interface__rosidl_generator_c.so" to ""
-- Up-to-date: /home/za1van/ros2_ws/install/my_action_interface/include/my_action_interface/my_action_interface
-- Up-to-date: /home/za1van/ros2_ws/install/my_action_interface/include/my_action_interface/my_action_interface/action
-- Up-to-date: /home/za1van/ros2_ws/install/my_action_interface/include/my_action_interface/my_action_interface/action/detail
-- Installing: /home/za1van/ros2_ws/install/my_action_interface/include/my_action_interface/my_action_interface/action/detail/summ_calculate__rosidl_typesupport_fastrtps_c.h
-- Up-to-date: /home/za1van/ros2_ws/install/my_action_interface/include/my_action_interface/my_action_interface/msg
-- Installing: /home/za1van/ros2_ws/install/my_action_interface/include/my_action_interface/my_action_interface/msg/rosidl_typesupport_fastrtps_c__visibility_control.h
-- Installing: /home/za1van/ros2_ws/install/my_action_interface/lib/libmy_action_interface__rosidl_typesupport_fastrtps_c.so
-- Set non-toolchain portion of runtime path of "/home/za1van/ros2_ws/install/my_action_interface/lib/libmy_action_interface__rosidl_typesupport_fastrtps_c.so" to ""
-- Up-to-date: /home/za1van/ros2_ws/install/my_action_interface/include/my_action_interface/my_action_interface
-- Up-to-date: /home/za1van/ros2_ws/install/my_action_interface/include/my_action_interface/my_action_interface/action
-- Up-to-date: /home/za1van/ros2_ws/install/my_action_interface/include/my_action_interface/my_action_interface/action/detail
-- Installing: /home/za1van/ros2_ws/install/my_action_interface/include/my_action_interface/my_action_interface/action/detail/summ_calculate__rosidl_typesupport_introspection_c.h
-- Installing: /home/za1van/ros2_ws/install/my_action_interface/include/my_action_interface/my_action_interface/action/detail/summ_calculate__type_support.c
-- Up-to-date: /home/za1van/ros2_ws/install/my_action_interface/include/my_action_interface/my_action_interface/msg
-- Installing: /home/za1van/ros2_ws/install/my_action_interface/include/my_action_interface/my_action_interface/msg/rosidl_typesupport_introspection_c__visibility_control.h
-- Installing: /home/za1van/ros2_ws/install/my_action_interface/lib/libmy_action_interface__rosidl_typesupport_introspection_c.so
-- Set non-toolchain portion of runtime path of "/home/za1van/ros2_ws/install/my_action_interface/lib/libmy_action_interface__rosidl_typesupport_introspection_c.so" to ""
-- Installing: /home/za1van/ros2_ws/install/my_action_interface/lib/libmy_action_interface__rosidl_typesupport_c.so
-- Set non-toolchain portion of runtime path of "/home/za1van/ros2_ws/install/my_action_interface/lib/libmy_action_interface__rosidl_typesupport_c.so" to ""
-- Up-to-date: /home/za1van/ros2_ws/install/my_action_interface/include/my_action_interface/my_action_interface
-- Up-to-date: /home/za1van/ros2_ws/install/my_action_interface/include/my_action_interface/my_action_interface/action
-- Installing: /home/za1van/ros2_ws/install/my_action_interface/include/my_action_interface/my_action_interface/action/summ_calculate.hpp
-- Up-to-date: /home/za1van/ros2_ws/install/my_action_interface/include/my_action_interface/my_action_interface/action/detail
-- Installing: /home/za1van/ros2_ws/install/my_action_interface/include/my_action_interface/my_action_interface/action/detail/summ_calculate__struct.hpp
-- Installing: /home/za1van/ros2_ws/install/my_action_interface/include/my_action_interface/my_action_interface/action/detail/summ_calculate__traits.hpp
-- Installing: /home/za1van/ros2_ws/install/my_action_interface/include/my_action_interface/my_action_interface/action/detail/summ_calculate__builder.hpp
-- Installing: /home/za1van/ros2_ws/install/my_action_interface/include/my_action_interface/my_action_interface/action/detail/summ_calculate__type_support.hpp
-- Up-to-date: /home/za1van/ros2_ws/install/my_action_interface/include/my_action_interface/my_action_interface/msg
-- Installing: /home/za1van/ros2_ws/install/my_action_interface/include/my_action_interface/my_action_interface/msg/rosidl_generator_cpp__visibility_control.hpp
-- Up-to-date: /home/za1van/ros2_ws/install/my_action_interface/include/my_action_interface/my_action_interface
-- Up-to-date: /home/za1van/ros2_ws/install/my_action_interface/include/my_action_interface/my_action_interface/action
-- Up-to-date: /home/za1van/ros2_ws/install/my_action_interface/include/my_action_interface/my_action_interface/action/detail
-- Installing: /home/za1van/ros2_ws/install/my_action_interface/include/my_action_interface/my_action_interface/action/detail/summ_calculate__rosidl_typesupport_fastrtps_cpp.hpp
-- Installing: /home/za1van/ros2_ws/install/my_action_interface/include/my_action_interface/my_action_interface/action/detail/dds_fastrtps
-- Up-to-date: /home/za1van/ros2_ws/install/my_action_interface/include/my_action_interface/my_action_interface/msg
-- Installing: /home/za1van/ros2_ws/install/my_action_interface/include/my_action_interface/my_action_interface/msg/rosidl_typesupport_fastrtps_cpp__visibility_control.h
-- Installing: /home/za1van/ros2_ws/install/my_action_interface/lib/libmy_action_interface__rosidl_typesupport_fastrtps_cpp.so
-- Set non-toolchain portion of runtime path of "/home/za1van/ros2_ws/install/my_action_interface/lib/libmy_action_interface__rosidl_typesupport_fastrtps_cpp.so" to ""
-- Up-to-date: /home/za1van/ros2_ws/install/my_action_interface/include/my_action_interface/my_action_interface
-- Up-to-date: /home/za1van/ros2_ws/install/my_action_interface/include/my_action_interface/my_action_interface/action
-- Up-to-date: /home/za1van/ros2_ws/install/my_action_interface/include/my_action_interface/my_action_interface/action/detail
-- Installing: /home/za1van/ros2_ws/install/my_action_interface/include/my_action_interface/my_action_interface/action/detail/summ_calculate__type_support.cpp
-- Installing: /home/za1van/ros2_ws/install/my_action_interface/include/my_action_interface/my_action_interface/action/detail/summ_calculate__rosidl_typesupport_introspection_cpp.hpp
-- Installing: /home/za1van/ros2_ws/install/my_action_interface/lib/libmy_action_interface__rosidl_typesupport_introspection_cpp.so
-- Set non-toolchain portion of runtime path of "/home/za1van/ros2_ws/install/my_action_interface/lib/libmy_action_interface__rosidl_typesupport_introspection_cpp.so" to ""
-- Installing: /home/za1van/ros2_ws/install/my_action_interface/lib/libmy_action_interface__rosidl_typesupport_cpp.so
-- Set non-toolchain portion of runtime path of "/home/za1van/ros2_ws/install/my_action_interface/lib/libmy_action_interface__rosidl_typesupport_cpp.so" to ""
-- Installing: /home/za1van/ros2_ws/install/my_action_interface/share/my_action_interface/environment/pythonpath.sh
-- Installing: /home/za1van/ros2_ws/install/my_action_interface/share/my_action_interface/environment/pythonpath.dsv
-- Installing: /home/za1van/ros2_ws/install/my_action_interface/lib/python3.12/site-packages/my_action_interface-0.0.0-py3.12.egg-info
-- Installing: /home/za1van/ros2_ws/install/my_action_interface/lib/python3.12/site-packages/my_action_interface-0.0.0-py3.12.egg-info/dependency_links.txt
-- Installing: /home/za1van/ros2_ws/install/my_action_interface/lib/python3.12/site-packages/my_action_interface-0.0.0-py3.12.egg-info/PKG-INFO
-- Installing: /home/za1van/ros2_ws/install/my_action_interface/lib/python3.12/site-packages/my_action_interface-0.0.0-py3.12.egg-info/top_level.txt
-- Installing: /home/za1van/ros2_ws/install/my_action_interface/lib/python3.12/site-packages/my_action_interface-0.0.0-py3.12.egg-info/SOURCES.txt
-- Installing: /home/za1van/ros2_ws/install/my_action_interface/lib/python3.12/site-packages/my_action_interface
-- Installing: /home/za1van/ros2_ws/install/my_action_interface/lib/python3.12/site-packages/my_action_interface/my_action_interface_s__rosidl_typesupport_c.so
-- Installing: /home/za1van/ros2_ws/install/my_action_interface/lib/python3.12/site-packages/my_action_interface/_my_action_interface_s.ep.rosidl_typesupport_c.c
-- Installing: /home/za1van/ros2_ws/install/my_action_interface/lib/python3.12/site-packages/my_action_interface/my_action_interface_s__rosidl_typesupport_fastrtps_c.so
-- Installing: /home/za1van/ros2_ws/install/my_action_interface/lib/python3.12/site-packages/my_action_interface/_my_action_interface_s.ep.rosidl_typesupport_introspection_c.c
-- Installing: /home/za1van/ros2_ws/install/my_action_interface/lib/python3.12/site-packages/my_action_interface/__init__.py
-- Installing: /home/za1van/ros2_ws/install/my_action_interface/lib/python3.12/site-packages/my_action_interface/my_action_interface_s__rosidl_typesupport_introspection_c.so
-- Installing: /home/za1van/ros2_ws/install/my_action_interface/lib/python3.12/site-packages/my_action_interface/action
-- Installing: /home/za1van/ros2_ws/install/my_action_interface/lib/python3.12/site-packages/my_action_interface/action/_summ_calculate.py
-- Installing: /home/za1van/ros2_ws/install/my_action_interface/lib/python3.12/site-packages/my_action_interface/action/_summ_calculate_s.c
-- Installing: /home/za1van/ros2_ws/install/my_action_interface/lib/python3.12/site-packages/my_action_interface/action/__init__.py
-- Installing: /home/za1van/ros2_ws/install/my_action_interface/lib/python3.12/site-packages/my_action_interface/_my_action_interface_s.ep.rosidl_typesupport_fastrtps_c.c
Listing '/home/za1van/ros2_ws/install/my_action_interface/lib/python3.12/site-packages/my_action_interface'...
Compiling '/home/za1van/ros2_ws/install/my_action_interface/lib/python3.12/site-packages/my_action_interface/__init__.py'...
Listing '/home/za1van/ros2_ws/install/my_action_interface/lib/python3.12/site-packages/my_action_interface/action'...
Compiling '/home/za1van/ros2_ws/install/my_action_interface/lib/python3.12/site-packages/my_action_interface/action/__init__.py'...
Compiling '/home/za1van/ros2_ws/install/my_action_interface/lib/python3.12/site-packages/my_action_interface/action/_summ_calculate.py'...
-- Installing: /home/za1van/ros2_ws/install/my_action_interface/lib/python3.12/site-packages/my_action_interface/my_action_interface_s__rosidl_typesupport_fastrtps_c.so
-- Set non-toolchain portion of runtime path of "/home/za1van/ros2_ws/install/my_action_interface/lib/python3.12/site-packages/my_action_interface/my_action_interface_s__rosidl_typesupport_fastrtps_c.so" to ""
-- Installing: /home/za1van/ros2_ws/install/my_action_interface/lib/python3.12/site-packages/my_action_interface/my_action_interface_s__rosidl_typesupport_introspection_c.so
-- Set non-toolchain portion of runtime path of "/home/za1van/ros2_ws/install/my_action_interface/lib/python3.12/site-packages/my_action_interface/my_action_interface_s__rosidl_typesupport_introspection_c.so" to ""
-- Installing: /home/za1van/ros2_ws/install/my_action_interface/lib/python3.12/site-packages/my_action_interface/my_action_interface_s__rosidl_typesupport_c.so
-- Set non-toolchain portion of runtime path of "/home/za1van/ros2_ws/install/my_action_interface/lib/python3.12/site-packages/my_action_interface/my_action_interface_s__rosidl_typesupport_c.so" to ""
-- Installing: /home/za1van/ros2_ws/install/my_action_interface/lib/libmy_action_interface__rosidl_generator_py.so
-- Set non-toolchain portion of runtime path of "/home/za1van/ros2_ws/install/my_action_interface/lib/libmy_action_interface__rosidl_generator_py.so" to ""
-- Installing: /home/za1van/ros2_ws/install/my_action_interface/share/my_action_interface/action/SummCalculate.idl
-- Installing: /home/za1van/ros2_ws/install/my_action_interface/share/my_action_interface/action/SummCalculate.action
-- Installing: /home/za1van/ros2_ws/install/my_action_interface/share/ament_index/resource_index/package_run_dependencies/my_action_interface
-- Installing: /home/za1van/ros2_ws/install/my_action_interface/share/ament_index/resource_index/parent_prefix_path/my_action_interface
-- Installing: /home/za1van/ros2_ws/install/my_action_interface/share/my_action_interface/environment/ament_prefix_path.sh
-- Installing: /home/za1van/ros2_ws/install/my_action_interface/share/my_action_interface/environment/ament_prefix_path.dsv
-- Installing: /home/za1van/ros2_ws/install/my_action_interface/share/my_action_interface/environment/path.sh
-- Installing: /home/za1van/ros2_ws/install/my_action_interface/share/my_action_interface/environment/path.dsv
-- Installing: /home/za1van/ros2_ws/install/my_action_interface/share/my_action_interface/local_setup.bash
-- Installing: /home/za1van/ros2_ws/install/my_action_interface/share/my_action_interface/local_setup.sh
-- Installing: /home/za1van/ros2_ws/install/my_action_interface/share/my_action_interface/local_setup.zsh
-- Installing: /home/za1van/ros2_ws/install/my_action_interface/share/my_action_interface/local_setup.dsv
-- Installing: /home/za1van/ros2_ws/install/my_action_interface/share/my_action_interface/package.dsv
-- Installing: /home/za1van/ros2_ws/install/my_action_interface/share/ament_index/resource_index/packages/my_action_interface
-- Installing: /home/za1van/ros2_ws/install/my_action_interface/share/my_action_interface/cmake/export_my_action_interface__rosidl_generator_cExport.cmake
-- Installing: /home/za1van/ros2_ws/install/my_action_interface/share/my_action_interface/cmake/export_my_action_interface__rosidl_generator_cExport-noconfig.cmake
-- Installing: /home/za1van/ros2_ws/install/my_action_interface/share/my_action_interface/cmake/export_my_action_interface__rosidl_typesupport_fastrtps_cExport.cmake
-- Installing: /home/za1van/ros2_ws/install/my_action_interface/share/my_action_interface/cmake/export_my_action_interface__rosidl_typesupport_fastrtps_cExport-noconfig.cmake
-- Installing: /home/za1van/ros2_ws/install/my_action_interface/share/my_action_interface/cmake/my_action_interface__rosidl_typesupport_introspection_cExport.cmake
-- Installing: /home/za1van/ros2_ws/install/my_action_interface/share/my_action_interface/cmake/my_action_interface__rosidl_typesupport_introspection_cExport-noconfig.cmake
-- Installing: /home/za1van/ros2_ws/install/my_action_interface/share/my_action_interface/cmake/my_action_interface__rosidl_typesupport_cExport.cmake
-- Installing: /home/za1van/ros2_ws/install/my_action_interface/share/my_action_interface/cmake/my_action_interface__rosidl_typesupport_cExport-noconfig.cmake
-- Installing: /home/za1van/ros2_ws/install/my_action_interface/share/my_action_interface/cmake/export_my_action_interface__rosidl_generator_cppExport.cmake
-- Installing: /home/za1van/ros2_ws/install/my_action_interface/share/my_action_interface/cmake/export_my_action_interface__rosidl_typesupport_fastrtps_cppExport.cmake
-- Installing: /home/za1van/ros2_ws/install/my_action_interface/share/my_action_interface/cmake/export_my_action_interface__rosidl_typesupport_fastrtps_cppExport-noconfig.cmake
-- Installing: /home/za1van/ros2_ws/install/my_action_interface/share/my_action_interface/cmake/my_action_interface__rosidl_typesupport_introspection_cppExport.cmake
-- Installing: /home/za1van/ros2_ws/install/my_action_interface/share/my_action_interface/cmake/my_action_interface__rosidl_typesupport_introspection_cppExport-noconfig.cmake
-- Installing: /home/za1van/ros2_ws/install/my_action_interface/share/my_action_interface/cmake/my_action_interface__rosidl_typesupport_cppExport.cmake
-- Installing: /home/za1van/ros2_ws/install/my_action_interface/share/my_action_interface/cmake/my_action_interface__rosidl_typesupport_cppExport-noconfig.cmake
-- Installing: /home/za1van/ros2_ws/install/my_action_interface/share/my_action_interface/cmake/export_my_action_interface__rosidl_generator_pyExport.cmake
-- Installing: /home/za1van/ros2_ws/install/my_action_interface/share/my_action_interface/cmake/export_my_action_interface__rosidl_generator_pyExport-noconfig.cmake
-- Installing: /home/za1van/ros2_ws/install/my_action_interface/share/my_action_interface/cmake/rosidl_cmake-extras.cmake
-- Installing: /home/za1van/ros2_ws/install/my_action_interface/share/my_action_interface/cmake/ament_cmake_export_dependencies-extras.cmake
-- Installing: /home/za1van/ros2_ws/install/my_action_interface/share/my_action_interface/cmake/ament_cmake_export_include_directories-extras.cmake
-- Installing: /home/za1van/ros2_ws/install/my_action_interface/share/my_action_interface/cmake/ament_cmake_export_libraries-extras.cmake
-- Installing: /home/za1van/ros2_ws/install/my_action_interface/share/my_action_interface/cmake/ament_cmake_export_targets-extras.cmake
-- Installing: /home/za1van/ros2_ws/install/my_action_interface/share/my_action_interface/cmake/rosidl_cmake_export_typesupport_targets-extras.cmake
-- Installing: /home/za1van/ros2_ws/install/my_action_interface/share/my_action_interface/cmake/rosidl_cmake_export_typesupport_libraries-extras.cmake
-- Installing: /home/za1van/ros2_ws/install/my_action_interface/share/my_action_interface/cmake/my_action_interfaceConfig.cmake
-- Installing: /home/za1van/ros2_ws/install/my_action_interface/share/my_action_interface/cmake/my_action_interfaceConfig-version.cmake
-- Installing: /home/za1van/ros2_ws/install/my_action_interface/share/my_action_interface/package.xml
