[0.019s] Invoking command in '/home/za1van/ros2_ws/build/my_action_interface': CMAKE_PREFIX_PATH=${CMAKE_PREFIX_PATH}:/home/za1van/ros2_ws/install/my_turtle_controller:/home/za1van/ros2_ws/install/my_service_server:/home/za1van/ros2_ws/install/my_service_client:/home/za1van/ros2_ws/install/my_project_start:/home/za1van/ros2_ws/install/3t:/opt/ros/jazzy DEBUGINFOD_URLS=https://debuginfod.ubuntu.com /usr/bin/cmake /home/za1van/ros2_ws/src/my_action_interface -DCMAKE_INSTALL_PREFIX=/home/za1van/ros2_ws/install/my_action_interface
[0.028s] [0mCMake Deprecation Warning at CMakeLists.txt:1 (cmake_minimum_required):
[0.029s]   Compatibility with CMake < 3.10 will be removed from a future version of
[0.029s]   CMake.
[0.029s] 
[0.029s]   Update the VERSION argument <min> value.  Or, use the <min>...<max> syntax
[0.029s]   to tell CMake that the project requires at least <min> but has been updated
[0.029s]   to work with policies introduced by <max> or earlier.
[0.030s] 
[0.030s] [0m
[0.038s] -- Found ament_cmake: 2.5.4 (/opt/ros/jazzy/share/ament_cmake/cmake)
[0.675s] -- Found rosidl_default_generators: 1.6.0 (/opt/ros/jazzy/share/rosidl_default_generators/cmake)
[0.679s] -- Using all available rosidl_typesupport_c: rosidl_typesupport_fastrtps_c;rosidl_typesupport_introspection_c
[0.743s] -- Using all available rosidl_typesupport_cpp: rosidl_typesupport_fastrtps_cpp;rosidl_typesupport_introspection_cpp
[0.781s] -- Found rosidl_adapter: 4.6.6 (/opt/ros/jazzy/share/rosidl_adapter/cmake)
[1.811s] -- Found ament_cmake_ros: 0.12.0 (/opt/ros/jazzy/share/ament_cmake_ros/cmake)
[2.522s] -- Using all available rosidl_typesupport_c: rosidl_typesupport_fastrtps_c;rosidl_typesupport_introspection_c
[3.431s] -- Using all available rosidl_typesupport_cpp: rosidl_typesupport_fastrtps_cpp;rosidl_typesupport_introspection_cpp
[3.439s] -- Found python_cmake_module: 0.11.1 (/opt/ros/jazzy/share/python_cmake_module/cmake)
[3.655s] -- Found PythonExtra: /usr/bin/python3
[4.447s] -- Found Python3: /usr/bin/python3 (found version "3.12.3") found components: Interpreter Development NumPy Development.Module Development.Embed
[4.508s] -- Found ament_lint_auto: 0.17.3 (/opt/ros/jazzy/share/ament_lint_auto/cmake)
[4.575s] -- Added test 'lint_cmake' to check CMake code style
[4.579s] -- Added test 'xmllint' to check XML markup files
[4.585s] -- Configuring done (4.6s)
[4.674s] -- Generating done (0.1s)
[4.710s] -- Build files have been written to: /home/za1van/ros2_ws/build/my_action_interface
[4.729s] Invoked command in '/home/za1van/ros2_ws/build/my_action_interface' returned '0': CMAKE_PREFIX_PATH=${CMAKE_PREFIX_PATH}:/home/za1van/ros2_ws/install/my_turtle_controller:/home/za1van/ros2_ws/install/my_service_server:/home/za1van/ros2_ws/install/my_service_client:/home/za1van/ros2_ws/install/my_project_start:/home/za1van/ros2_ws/install/3t:/opt/ros/jazzy DEBUGINFOD_URLS=https://debuginfod.ubuntu.com /usr/bin/cmake /home/za1van/ros2_ws/src/my_action_interface -DCMAKE_INSTALL_PREFIX=/home/za1van/ros2_ws/install/my_action_interface
[4.736s] Invoking command in '/home/za1van/ros2_ws/build/my_action_interface': CMAKE_PREFIX_PATH=${CMAKE_PREFIX_PATH}:/home/za1van/ros2_ws/install/my_turtle_controller:/home/za1van/ros2_ws/install/my_service_server:/home/za1van/ros2_ws/install/my_service_client:/home/za1van/ros2_ws/install/my_project_start:/home/za1van/ros2_ws/install/3t:/opt/ros/jazzy DEBUGINFOD_URLS=https://debuginfod.ubuntu.com /usr/bin/cmake --build /home/za1van/ros2_ws/build/my_action_interface -- -j4 -l4
[4.850s] [  2%] [1m[34mGenerating type hashes for ROS interfaces[0m
[4.863s] [  2%] Built target ament_cmake_python_copy_my_action_interface
[5.617s] [  2%] Built target my_action_interface__rosidl_generator_type_description
[5.648s] running egg_info
[5.661s] creating my_action_interface.egg-info
[5.669s] [  5%] [1m[34mGenerating C code for ROS interfaces[0m
[5.686s] [  8%] [1m[34mGenerating C++ code for ROS interfaces[0m
[5.730s] writing my_action_interface.egg-info/PKG-INFO
[5.731s] writing dependency_links to my_action_interface.egg-info/dependency_links.txt
[5.732s] writing top-level names to my_action_interface.egg-info/top_level.txt
[5.732s] writing manifest file 'my_action_interface.egg-info/SOURCES.txt'
[5.961s] reading manifest file 'my_action_interface.egg-info/SOURCES.txt'
[5.961s] writing manifest file 'my_action_interface.egg-info/SOURCES.txt'
[6.029s] [  8%] Built target ament_cmake_python_build_my_action_interface_egg
[6.641s] [  8%] Built target my_action_interface__cpp
[6.714s] [ 11%] [32mBuilding C object CMakeFiles/my_action_interface__rosidl_generator_c.dir/rosidl_generator_c/my_action_interface/action/detail/summ_calculate__description.c.o[0m
[6.715s] [ 14%] [32mBuilding C object CMakeFiles/my_action_interface__rosidl_generator_c.dir/rosidl_generator_c/my_action_interface/action/detail/summ_calculate__type_support.c.o[0m
[6.715s] [ 17%] [32mBuilding C object CMakeFiles/my_action_interface__rosidl_generator_c.dir/rosidl_generator_c/my_action_interface/action/detail/summ_calculate__functions.c.o[0m
[7.038s] [ 20%] [1m[32mLinking C shared library libmy_action_interface__rosidl_generator_c.so[0m
[7.095s] [ 20%] Built target my_action_interface__rosidl_generator_c
[7.121s] [ 23%] [1m[34mGenerating C type support for eProsima Fast-RTPS[0m
[7.123s] [ 29%] [1m[34mGenerating C introspection for ROS interfaces[0m
[7.124s] [ 29%] [1m[34mGenerating C++ type support dispatch for ROS interfaces[0m
[7.125s] [ 32%] [1m[34mGenerating C type support dispatch for ROS interfaces[0m
[7.838s] [ 35%] [32mBuilding CXX object CMakeFiles/my_action_interface__rosidl_typesupport_cpp.dir/rosidl_typesupport_cpp/my_action_interface/action/summ_calculate__type_support.cpp.o[0m
[7.946s] [ 38%] [32mBuilding CXX object CMakeFiles/my_action_interface__rosidl_typesupport_c.dir/rosidl_typesupport_c/my_action_interface/action/summ_calculate__type_support.cpp.o[0m
[8.155s] [ 41%] [32mBuilding C object CMakeFiles/my_action_interface__rosidl_typesupport_introspection_c.dir/rosidl_typesupport_introspection_c/my_action_interface/action/detail/summ_calculate__type_support.c.o[0m
[8.195s] [ 44%] [1m[32mLinking CXX shared library libmy_action_interface__rosidl_typesupport_c.so[0m
[8.299s] [ 44%] Built target my_action_interface__rosidl_typesupport_c
[8.321s] [ 47%] [1m[34mGenerating C++ type support for eProsima Fast-RTPS[0m
[8.356s] [ 50%] [1m[32mLinking C shared library libmy_action_interface__rosidl_typesupport_introspection_c.so[0m
[8.443s] [ 50%] Built target my_action_interface__rosidl_typesupport_introspection_c
[8.463s] [ 52%] [1m[34mGenerating C++ introspection for ROS interfaces[0m
[8.629s] [ 55%] [32mBuilding CXX object CMakeFiles/my_action_interface__rosidl_typesupport_fastrtps_c.dir/rosidl_typesupport_fastrtps_c/my_action_interface/action/detail/summ_calculate__type_support_c.cpp.o[0m
[9.674s] [ 58%] [32mBuilding CXX object CMakeFiles/my_action_interface__rosidl_typesupport_introspection_cpp.dir/rosidl_typesupport_introspection_cpp/my_action_interface/action/detail/summ_calculate__type_support.cpp.o[0m
[9.857s] [ 61%] [1m[32mLinking CXX shared library libmy_action_interface__rosidl_typesupport_cpp.so[0m
[10.036s] [ 61%] Built target my_action_interface__rosidl_typesupport_cpp
[10.072s] [ 64%] [32mBuilding CXX object CMakeFiles/my_action_interface__rosidl_typesupport_fastrtps_cpp.dir/rosidl_typesupport_fastrtps_cpp/my_action_interface/action/detail/dds_fastrtps/summ_calculate__type_support.cpp.o[0m
[10.268s] [ 67%] [1m[32mLinking CXX shared library libmy_action_interface__rosidl_typesupport_fastrtps_c.so[0m
[10.365s] [ 67%] Built target my_action_interface__rosidl_typesupport_fastrtps_c
[11.268s] [ 70%] [1m[32mLinking CXX shared library libmy_action_interface__rosidl_typesupport_introspection_cpp.so[0m
[11.408s] [ 70%] Built target my_action_interface__rosidl_typesupport_introspection_cpp
[11.860s] [ 73%] [1m[32mLinking CXX shared library libmy_action_interface__rosidl_typesupport_fastrtps_cpp.so[0m
[11.979s] [ 73%] Built target my_action_interface__rosidl_typesupport_fastrtps_cpp
[12.002s] [ 73%] Built target my_action_interface
[12.025s] [ 76%] [1m[34mGenerating Python code for ROS interfaces[0m
[13.298s] [ 76%] Built target my_action_interface__py
[13.323s] [ 79%] [32mBuilding C object CMakeFiles/my_action_interface__rosidl_generator_py.dir/rosidl_generator_py/my_action_interface/action/_summ_calculate_s.c.o[0m
[13.695s] [ 82%] [1m[32mLinking C shared library libmy_action_interface__rosidl_generator_py.so[0m
[13.765s] [ 82%] Built target my_action_interface__rosidl_generator_py
[13.797s] [ 85%] [32mBuilding C object CMakeFiles/my_action_interface_s__rosidl_typesupport_fastrtps_c.dir/rosidl_generator_py/my_action_interface/_my_action_interface_s.ep.rosidl_typesupport_fastrtps_c.c.o[0m
[13.798s] [ 88%] [32mBuilding C object CMakeFiles/my_action_interface_s__rosidl_typesupport_c.dir/rosidl_generator_py/my_action_interface/_my_action_interface_s.ep.rosidl_typesupport_c.c.o[0m
[13.802s] [ 91%] [32mBuilding C object CMakeFiles/my_action_interface_s__rosidl_typesupport_introspection_c.dir/rosidl_generator_py/my_action_interface/_my_action_interface_s.ep.rosidl_typesupport_introspection_c.c.o[0m
[14.090s] [ 94%] [1m[32mLinking C shared module rosidl_generator_py/my_action_interface/my_action_interface_s__rosidl_typesupport_c.so[0m
[14.107s] [ 97%] [1m[32mLinking C shared module rosidl_generator_py/my_action_interface/my_action_interface_s__rosidl_typesupport_fastrtps_c.so[0m
[14.109s] [100%] [1m[32mLinking C shared module rosidl_generator_py/my_action_interface/my_action_interface_s__rosidl_typesupport_introspection_c.so[0m
[14.152s] [100%] Built target my_action_interface_s__rosidl_typesupport_c
[14.170s] [100%] Built target my_action_interface_s__rosidl_typesupport_introspection_c
[14.171s] [100%] Built target my_action_interface_s__rosidl_typesupport_fastrtps_c
[14.182s] Invoked command in '/home/za1van/ros2_ws/build/my_action_interface' returned '0': CMAKE_PREFIX_PATH=${CMAKE_PREFIX_PATH}:/home/za1van/ros2_ws/install/my_turtle_controller:/home/za1van/ros2_ws/install/my_service_server:/home/za1van/ros2_ws/install/my_service_client:/home/za1van/ros2_ws/install/my_project_start:/home/za1van/ros2_ws/install/3t:/opt/ros/jazzy DEBUGINFOD_URLS=https://debuginfod.ubuntu.com /usr/bin/cmake --build /home/za1van/ros2_ws/build/my_action_interface -- -j4 -l4
[14.190s] Invoking command in '/home/za1van/ros2_ws/build/my_action_interface': CMAKE_PREFIX_PATH=${CMAKE_PREFIX_PATH}:/home/za1van/ros2_ws/install/my_turtle_controller:/home/za1van/ros2_ws/install/my_service_server:/home/za1van/ros2_ws/install/my_service_client:/home/za1van/ros2_ws/install/my_project_start:/home/za1van/ros2_ws/install/3t:/opt/ros/jazzy DEBUGINFOD_URLS=https://debuginfod.ubuntu.com /usr/bin/cmake --install /home/za1van/ros2_ws/build/my_action_interface
[14.198s] -- Install configuration: ""
[14.198s] -- Installing: /home/za1van/ros2_ws/install/my_action_interface/share/ament_index/resource_index/rosidl_interfaces/my_action_interface
[14.199s] -- Installing: /home/za1van/ros2_ws/install/my_action_interface/share/my_action_interface/action/SummCalculate.json
[14.199s] -- Installing: /home/za1van/ros2_ws/install/my_action_interface/include/my_action_interface/my_action_interface
[14.200s] -- Installing: /home/za1van/ros2_ws/install/my_action_interface/include/my_action_interface/my_action_interface/action
[14.200s] -- Installing: /home/za1van/ros2_ws/install/my_action_interface/include/my_action_interface/my_action_interface/action/summ_calculate.h
[14.200s] -- Installing: /home/za1van/ros2_ws/install/my_action_interface/include/my_action_interface/my_action_interface/action/detail
[14.201s] -- Installing: /home/za1van/ros2_ws/install/my_action_interface/include/my_action_interface/my_action_interface/action/detail/summ_calculate__type_support.h
[14.201s] -- Installing: /home/za1van/ros2_ws/install/my_action_interface/include/my_action_interface/my_action_interface/action/detail/summ_calculate__struct.h
[14.201s] -- Installing: /home/za1van/ros2_ws/install/my_action_interface/include/my_action_interface/my_action_interface/action/detail/summ_calculate__type_support.c
[14.201s] -- Installing: /home/za1van/ros2_ws/install/my_action_interface/include/my_action_interface/my_action_interface/action/detail/summ_calculate__functions.c
[14.202s] -- Installing: /home/za1van/ros2_ws/install/my_action_interface/include/my_action_interface/my_action_interface/action/detail/summ_calculate__functions.h
[14.202s] -- Installing: /home/za1van/ros2_ws/install/my_action_interface/include/my_action_interface/my_action_interface/action/detail/summ_calculate__description.c
[14.202s] -- Installing: /home/za1van/ros2_ws/install/my_action_interface/include/my_action_interface/my_action_interface/msg
[14.203s] -- Installing: /home/za1van/ros2_ws/install/my_action_interface/include/my_action_interface/my_action_interface/msg/rosidl_generator_c__visibility_control.h
[14.203s] -- Installing: /home/za1van/ros2_ws/install/my_action_interface/share/my_action_interface/environment/library_path.sh
[14.203s] -- Installing: /home/za1van/ros2_ws/install/my_action_interface/share/my_action_interface/environment/library_path.dsv
[14.203s] -- Installing: /home/za1van/ros2_ws/install/my_action_interface/lib/libmy_action_interface__rosidl_generator_c.so
[14.203s] -- Set non-toolchain portion of runtime path of "/home/za1van/ros2_ws/install/my_action_interface/lib/libmy_action_interface__rosidl_generator_c.so" to ""
[14.204s] -- Up-to-date: /home/za1van/ros2_ws/install/my_action_interface/include/my_action_interface/my_action_interface
[14.204s] -- Up-to-date: /home/za1van/ros2_ws/install/my_action_interface/include/my_action_interface/my_action_interface/action
[14.204s] -- Up-to-date: /home/za1van/ros2_ws/install/my_action_interface/include/my_action_interface/my_action_interface/action/detail
[14.204s] -- Installing: /home/za1van/ros2_ws/install/my_action_interface/include/my_action_interface/my_action_interface/action/detail/summ_calculate__rosidl_typesupport_fastrtps_c.h
[14.205s] -- Up-to-date: /home/za1van/ros2_ws/install/my_action_interface/include/my_action_interface/my_action_interface/msg
[14.205s] -- Installing: /home/za1van/ros2_ws/install/my_action_interface/include/my_action_interface/my_action_interface/msg/rosidl_typesupport_fastrtps_c__visibility_control.h
[14.205s] -- Installing: /home/za1van/ros2_ws/install/my_action_interface/lib/libmy_action_interface__rosidl_typesupport_fastrtps_c.so
[14.206s] -- Set non-toolchain portion of runtime path of "/home/za1van/ros2_ws/install/my_action_interface/lib/libmy_action_interface__rosidl_typesupport_fastrtps_c.so" to ""
[14.207s] -- Up-to-date: /home/za1van/ros2_ws/install/my_action_interface/include/my_action_interface/my_action_interface
[14.207s] -- Up-to-date: /home/za1van/ros2_ws/install/my_action_interface/include/my_action_interface/my_action_interface/action
[14.208s] -- Up-to-date: /home/za1van/ros2_ws/install/my_action_interface/include/my_action_interface/my_action_interface/action/detail
[14.208s] -- Installing: /home/za1van/ros2_ws/install/my_action_interface/include/my_action_interface/my_action_interface/action/detail/summ_calculate__rosidl_typesupport_introspection_c.h
[14.209s] -- Installing: /home/za1van/ros2_ws/install/my_action_interface/include/my_action_interface/my_action_interface/action/detail/summ_calculate__type_support.c
[14.209s] -- Up-to-date: /home/za1van/ros2_ws/install/my_action_interface/include/my_action_interface/my_action_interface/msg
[14.209s] -- Installing: /home/za1van/ros2_ws/install/my_action_interface/include/my_action_interface/my_action_interface/msg/rosidl_typesupport_introspection_c__visibility_control.h
[14.210s] -- Installing: /home/za1van/ros2_ws/install/my_action_interface/lib/libmy_action_interface__rosidl_typesupport_introspection_c.so
[14.210s] -- Set non-toolchain portion of runtime path of "/home/za1van/ros2_ws/install/my_action_interface/lib/libmy_action_interface__rosidl_typesupport_introspection_c.so" to ""
[14.210s] -- Installing: /home/za1van/ros2_ws/install/my_action_interface/lib/libmy_action_interface__rosidl_typesupport_c.so
[14.210s] -- Set non-toolchain portion of runtime path of "/home/za1van/ros2_ws/install/my_action_interface/lib/libmy_action_interface__rosidl_typesupport_c.so" to ""
[14.211s] -- Up-to-date: /home/za1van/ros2_ws/install/my_action_interface/include/my_action_interface/my_action_interface
[14.211s] -- Up-to-date: /home/za1van/ros2_ws/install/my_action_interface/include/my_action_interface/my_action_interface/action
[14.211s] -- Installing: /home/za1van/ros2_ws/install/my_action_interface/include/my_action_interface/my_action_interface/action/summ_calculate.hpp
[14.212s] -- Up-to-date: /home/za1van/ros2_ws/install/my_action_interface/include/my_action_interface/my_action_interface/action/detail
[14.212s] -- Installing: /home/za1van/ros2_ws/install/my_action_interface/include/my_action_interface/my_action_interface/action/detail/summ_calculate__struct.hpp
[14.212s] -- Installing: /home/za1van/ros2_ws/install/my_action_interface/include/my_action_interface/my_action_interface/action/detail/summ_calculate__traits.hpp
[14.213s] -- Installing: /home/za1van/ros2_ws/install/my_action_interface/include/my_action_interface/my_action_interface/action/detail/summ_calculate__builder.hpp
[14.213s] -- Installing: /home/za1van/ros2_ws/install/my_action_interface/include/my_action_interface/my_action_interface/action/detail/summ_calculate__type_support.hpp
[14.213s] -- Up-to-date: /home/za1van/ros2_ws/install/my_action_interface/include/my_action_interface/my_action_interface/msg
[14.215s] -- Installing: /home/za1van/ros2_ws/install/my_action_interface/include/my_action_interface/my_action_interface/msg/rosidl_generator_cpp__visibility_control.hpp
[14.215s] -- Up-to-date: /home/za1van/ros2_ws/install/my_action_interface/include/my_action_interface/my_action_interface
[14.216s] -- Up-to-date: /home/za1van/ros2_ws/install/my_action_interface/include/my_action_interface/my_action_interface/action
[14.216s] -- Up-to-date: /home/za1van/ros2_ws/install/my_action_interface/include/my_action_interface/my_action_interface/action/detail
[14.216s] -- Installing: /home/za1van/ros2_ws/install/my_action_interface/include/my_action_interface/my_action_interface/action/detail/summ_calculate__rosidl_typesupport_fastrtps_cpp.hpp
[14.217s] -- Installing: /home/za1van/ros2_ws/install/my_action_interface/include/my_action_interface/my_action_interface/action/detail/dds_fastrtps
[14.217s] -- Up-to-date: /home/za1van/ros2_ws/install/my_action_interface/include/my_action_interface/my_action_interface/msg
[14.217s] -- Installing: /home/za1van/ros2_ws/install/my_action_interface/include/my_action_interface/my_action_interface/msg/rosidl_typesupport_fastrtps_cpp__visibility_control.h
[14.218s] -- Installing: /home/za1van/ros2_ws/install/my_action_interface/lib/libmy_action_interface__rosidl_typesupport_fastrtps_cpp.so
[14.218s] -- Set non-toolchain portion of runtime path of "/home/za1van/ros2_ws/install/my_action_interface/lib/libmy_action_interface__rosidl_typesupport_fastrtps_cpp.so" to ""
[14.218s] -- Up-to-date: /home/za1van/ros2_ws/install/my_action_interface/include/my_action_interface/my_action_interface
[14.218s] -- Up-to-date: /home/za1van/ros2_ws/install/my_action_interface/include/my_action_interface/my_action_interface/action
[14.219s] -- Up-to-date: /home/za1van/ros2_ws/install/my_action_interface/include/my_action_interface/my_action_interface/action/detail
[14.219s] -- Installing: /home/za1van/ros2_ws/install/my_action_interface/include/my_action_interface/my_action_interface/action/detail/summ_calculate__type_support.cpp
[14.219s] -- Installing: /home/za1van/ros2_ws/install/my_action_interface/include/my_action_interface/my_action_interface/action/detail/summ_calculate__rosidl_typesupport_introspection_cpp.hpp
[14.219s] -- Installing: /home/za1van/ros2_ws/install/my_action_interface/lib/libmy_action_interface__rosidl_typesupport_introspection_cpp.so
[14.219s] -- Set non-toolchain portion of runtime path of "/home/za1van/ros2_ws/install/my_action_interface/lib/libmy_action_interface__rosidl_typesupport_introspection_cpp.so" to ""
[14.219s] -- Installing: /home/za1van/ros2_ws/install/my_action_interface/lib/libmy_action_interface__rosidl_typesupport_cpp.so
[14.219s] -- Set non-toolchain portion of runtime path of "/home/za1van/ros2_ws/install/my_action_interface/lib/libmy_action_interface__rosidl_typesupport_cpp.so" to ""
[14.220s] -- Installing: /home/za1van/ros2_ws/install/my_action_interface/share/my_action_interface/environment/pythonpath.sh
[14.220s] -- Installing: /home/za1van/ros2_ws/install/my_action_interface/share/my_action_interface/environment/pythonpath.dsv
[14.220s] -- Installing: /home/za1van/ros2_ws/install/my_action_interface/lib/python3.12/site-packages/my_action_interface-0.0.0-py3.12.egg-info
[14.220s] -- Installing: /home/za1van/ros2_ws/install/my_action_interface/lib/python3.12/site-packages/my_action_interface-0.0.0-py3.12.egg-info/dependency_links.txt
[14.220s] -- Installing: /home/za1van/ros2_ws/install/my_action_interface/lib/python3.12/site-packages/my_action_interface-0.0.0-py3.12.egg-info/PKG-INFO
[14.220s] -- Installing: /home/za1van/ros2_ws/install/my_action_interface/lib/python3.12/site-packages/my_action_interface-0.0.0-py3.12.egg-info/top_level.txt
[14.220s] -- Installing: /home/za1van/ros2_ws/install/my_action_interface/lib/python3.12/site-packages/my_action_interface-0.0.0-py3.12.egg-info/SOURCES.txt
[14.220s] -- Installing: /home/za1van/ros2_ws/install/my_action_interface/lib/python3.12/site-packages/my_action_interface
[14.221s] -- Installing: /home/za1van/ros2_ws/install/my_action_interface/lib/python3.12/site-packages/my_action_interface/my_action_interface_s__rosidl_typesupport_c.so
[14.221s] -- Installing: /home/za1van/ros2_ws/install/my_action_interface/lib/python3.12/site-packages/my_action_interface/_my_action_interface_s.ep.rosidl_typesupport_c.c
[14.221s] -- Installing: /home/za1van/ros2_ws/install/my_action_interface/lib/python3.12/site-packages/my_action_interface/my_action_interface_s__rosidl_typesupport_fastrtps_c.so
[14.221s] -- Installing: /home/za1van/ros2_ws/install/my_action_interface/lib/python3.12/site-packages/my_action_interface/_my_action_interface_s.ep.rosidl_typesupport_introspection_c.c
[14.221s] -- Installing: /home/za1van/ros2_ws/install/my_action_interface/lib/python3.12/site-packages/my_action_interface/__init__.py
[14.221s] -- Installing: /home/za1van/ros2_ws/install/my_action_interface/lib/python3.12/site-packages/my_action_interface/my_action_interface_s__rosidl_typesupport_introspection_c.so
[14.221s] -- Installing: /home/za1van/ros2_ws/install/my_action_interface/lib/python3.12/site-packages/my_action_interface/action
[14.221s] -- Installing: /home/za1van/ros2_ws/install/my_action_interface/lib/python3.12/site-packages/my_action_interface/action/_summ_calculate.py
[14.222s] -- Installing: /home/za1van/ros2_ws/install/my_action_interface/lib/python3.12/site-packages/my_action_interface/action/_summ_calculate_s.c
[14.222s] -- Installing: /home/za1van/ros2_ws/install/my_action_interface/lib/python3.12/site-packages/my_action_interface/action/__init__.py
[14.222s] -- Installing: /home/za1van/ros2_ws/install/my_action_interface/lib/python3.12/site-packages/my_action_interface/_my_action_interface_s.ep.rosidl_typesupport_fastrtps_c.c
[14.311s] Listing '/home/za1van/ros2_ws/install/my_action_interface/lib/python3.12/site-packages/my_action_interface'...
[14.311s] Compiling '/home/za1van/ros2_ws/install/my_action_interface/lib/python3.12/site-packages/my_action_interface/__init__.py'...
[14.311s] Listing '/home/za1van/ros2_ws/install/my_action_interface/lib/python3.12/site-packages/my_action_interface/action'...
[14.311s] Compiling '/home/za1van/ros2_ws/install/my_action_interface/lib/python3.12/site-packages/my_action_interface/action/__init__.py'...
[14.312s] Compiling '/home/za1van/ros2_ws/install/my_action_interface/lib/python3.12/site-packages/my_action_interface/action/_summ_calculate.py'...
[14.323s] -- Installing: /home/za1van/ros2_ws/install/my_action_interface/lib/python3.12/site-packages/my_action_interface/my_action_interface_s__rosidl_typesupport_fastrtps_c.so
[14.324s] -- Set non-toolchain portion of runtime path of "/home/za1van/ros2_ws/install/my_action_interface/lib/python3.12/site-packages/my_action_interface/my_action_interface_s__rosidl_typesupport_fastrtps_c.so" to ""
[14.325s] -- Installing: /home/za1van/ros2_ws/install/my_action_interface/lib/python3.12/site-packages/my_action_interface/my_action_interface_s__rosidl_typesupport_introspection_c.so
[14.326s] -- Set non-toolchain portion of runtime path of "/home/za1van/ros2_ws/install/my_action_interface/lib/python3.12/site-packages/my_action_interface/my_action_interface_s__rosidl_typesupport_introspection_c.so" to ""
[14.326s] -- Installing: /home/za1van/ros2_ws/install/my_action_interface/lib/python3.12/site-packages/my_action_interface/my_action_interface_s__rosidl_typesupport_c.so
[14.327s] -- Set non-toolchain portion of runtime path of "/home/za1van/ros2_ws/install/my_action_interface/lib/python3.12/site-packages/my_action_interface/my_action_interface_s__rosidl_typesupport_c.so" to ""
[14.327s] -- Installing: /home/za1van/ros2_ws/install/my_action_interface/lib/libmy_action_interface__rosidl_generator_py.so
[14.328s] -- Set non-toolchain portion of runtime path of "/home/za1van/ros2_ws/install/my_action_interface/lib/libmy_action_interface__rosidl_generator_py.so" to ""
[14.328s] -- Installing: /home/za1van/ros2_ws/install/my_action_interface/share/my_action_interface/action/SummCalculate.idl
[14.328s] -- Installing: /home/za1van/ros2_ws/install/my_action_interface/share/my_action_interface/action/SummCalculate.action
[14.329s] -- Installing: /home/za1van/ros2_ws/install/my_action_interface/share/ament_index/resource_index/package_run_dependencies/my_action_interface
[14.329s] -- Installing: /home/za1van/ros2_ws/install/my_action_interface/share/ament_index/resource_index/parent_prefix_path/my_action_interface
[14.329s] -- Installing: /home/za1van/ros2_ws/install/my_action_interface/share/my_action_interface/environment/ament_prefix_path.sh
[14.329s] -- Installing: /home/za1van/ros2_ws/install/my_action_interface/share/my_action_interface/environment/ament_prefix_path.dsv
[14.330s] -- Installing: /home/za1van/ros2_ws/install/my_action_interface/share/my_action_interface/environment/path.sh
[14.330s] -- Installing: /home/za1van/ros2_ws/install/my_action_interface/share/my_action_interface/environment/path.dsv
[14.330s] -- Installing: /home/za1van/ros2_ws/install/my_action_interface/share/my_action_interface/local_setup.bash
[14.330s] -- Installing: /home/za1van/ros2_ws/install/my_action_interface/share/my_action_interface/local_setup.sh
[14.330s] -- Installing: /home/za1van/ros2_ws/install/my_action_interface/share/my_action_interface/local_setup.zsh
[14.331s] -- Installing: /home/za1van/ros2_ws/install/my_action_interface/share/my_action_interface/local_setup.dsv
[14.331s] -- Installing: /home/za1van/ros2_ws/install/my_action_interface/share/my_action_interface/package.dsv
[14.331s] -- Installing: /home/za1van/ros2_ws/install/my_action_interface/share/ament_index/resource_index/packages/my_action_interface
[14.331s] -- Installing: /home/za1van/ros2_ws/install/my_action_interface/share/my_action_interface/cmake/export_my_action_interface__rosidl_generator_cExport.cmake
[14.331s] -- Installing: /home/za1van/ros2_ws/install/my_action_interface/share/my_action_interface/cmake/export_my_action_interface__rosidl_generator_cExport-noconfig.cmake
[14.332s] -- Installing: /home/za1van/ros2_ws/install/my_action_interface/share/my_action_interface/cmake/export_my_action_interface__rosidl_typesupport_fastrtps_cExport.cmake
[14.332s] -- Installing: /home/za1van/ros2_ws/install/my_action_interface/share/my_action_interface/cmake/export_my_action_interface__rosidl_typesupport_fastrtps_cExport-noconfig.cmake
[14.332s] -- Installing: /home/za1van/ros2_ws/install/my_action_interface/share/my_action_interface/cmake/my_action_interface__rosidl_typesupport_introspection_cExport.cmake
[14.332s] -- Installing: /home/za1van/ros2_ws/install/my_action_interface/share/my_action_interface/cmake/my_action_interface__rosidl_typesupport_introspection_cExport-noconfig.cmake
[14.333s] -- Installing: /home/za1van/ros2_ws/install/my_action_interface/share/my_action_interface/cmake/my_action_interface__rosidl_typesupport_cExport.cmake
[14.333s] -- Installing: /home/za1van/ros2_ws/install/my_action_interface/share/my_action_interface/cmake/my_action_interface__rosidl_typesupport_cExport-noconfig.cmake
[14.333s] -- Installing: /home/za1van/ros2_ws/install/my_action_interface/share/my_action_interface/cmake/export_my_action_interface__rosidl_generator_cppExport.cmake
[14.333s] -- Installing: /home/za1van/ros2_ws/install/my_action_interface/share/my_action_interface/cmake/export_my_action_interface__rosidl_typesupport_fastrtps_cppExport.cmake
[14.334s] -- Installing: /home/za1van/ros2_ws/install/my_action_interface/share/my_action_interface/cmake/export_my_action_interface__rosidl_typesupport_fastrtps_cppExport-noconfig.cmake
[14.334s] -- Installing: /home/za1van/ros2_ws/install/my_action_interface/share/my_action_interface/cmake/my_action_interface__rosidl_typesupport_introspection_cppExport.cmake
[14.334s] -- Installing: /home/za1van/ros2_ws/install/my_action_interface/share/my_action_interface/cmake/my_action_interface__rosidl_typesupport_introspection_cppExport-noconfig.cmake
[14.335s] -- Installing: /home/za1van/ros2_ws/install/my_action_interface/share/my_action_interface/cmake/my_action_interface__rosidl_typesupport_cppExport.cmake
[14.335s] -- Installing: /home/za1van/ros2_ws/install/my_action_interface/share/my_action_interface/cmake/my_action_interface__rosidl_typesupport_cppExport-noconfig.cmake
[14.335s] -- Installing: /home/za1van/ros2_ws/install/my_action_interface/share/my_action_interface/cmake/export_my_action_interface__rosidl_generator_pyExport.cmake
[14.335s] -- Installing: /home/za1van/ros2_ws/install/my_action_interface/share/my_action_interface/cmake/export_my_action_interface__rosidl_generator_pyExport-noconfig.cmake
[14.336s] -- Installing: /home/za1van/ros2_ws/install/my_action_interface/share/my_action_interface/cmake/rosidl_cmake-extras.cmake
[14.336s] -- Installing: /home/za1van/ros2_ws/install/my_action_interface/share/my_action_interface/cmake/ament_cmake_export_dependencies-extras.cmake
[14.336s] -- Installing: /home/za1van/ros2_ws/install/my_action_interface/share/my_action_interface/cmake/ament_cmake_export_include_directories-extras.cmake
[14.336s] -- Installing: /home/za1van/ros2_ws/install/my_action_interface/share/my_action_interface/cmake/ament_cmake_export_libraries-extras.cmake
[14.336s] -- Installing: /home/za1van/ros2_ws/install/my_action_interface/share/my_action_interface/cmake/ament_cmake_export_targets-extras.cmake
[14.337s] -- Installing: /home/za1van/ros2_ws/install/my_action_interface/share/my_action_interface/cmake/rosidl_cmake_export_typesupport_targets-extras.cmake
[14.337s] -- Installing: /home/za1van/ros2_ws/install/my_action_interface/share/my_action_interface/cmake/rosidl_cmake_export_typesupport_libraries-extras.cmake
[14.337s] -- Installing: /home/za1van/ros2_ws/install/my_action_interface/share/my_action_interface/cmake/my_action_interfaceConfig.cmake
[14.337s] -- Installing: /home/za1van/ros2_ws/install/my_action_interface/share/my_action_interface/cmake/my_action_interfaceConfig-version.cmake
[14.337s] -- Installing: /home/za1van/ros2_ws/install/my_action_interface/share/my_action_interface/package.xml
[14.340s] Invoked command in '/home/za1van/ros2_ws/build/my_action_interface' returned '0': CMAKE_PREFIX_PATH=${CMAKE_PREFIX_PATH}:/home/za1van/ros2_ws/install/my_turtle_controller:/home/za1van/ros2_ws/install/my_service_server:/home/za1van/ros2_ws/install/my_service_client:/home/za1van/ros2_ws/install/my_project_start:/home/za1van/ros2_ws/install/3t:/opt/ros/jazzy DEBUGINFOD_URLS=https://debuginfod.ubuntu.com /usr/bin/cmake --install /home/za1van/ros2_ws/build/my_action_interface
