[2.770s] Invoking command in '/home/za1van/ros2_ws/src/3t': DEBUGINFOD_URLS=https://debuginfod.ubuntu.com PYTHONPATH=/home/za1van/ros2_ws/build/3t/prefix_override:/usr/lib/python3/dist-packages/colcon_core/task/python/colcon_distutils_commands:/home/za1van/ros2_ws/install/3t/lib/python3.12/site-packages:${PYTHONPATH} /usr/bin/python3 -W ignore:setup.py install is deprecated -W ignore:easy_install command is deprecated setup.py egg_info --egg-base ../../build/3t build --build-base /home/za1van/ros2_ws/build/3t/build install --record /home/za1van/ros2_ws/build/3t/install.log --single-version-externally-managed install_data
[3.574s] running egg_info
[3.629s] writing ../../build/3t/3t.egg-info/PKG-INFO
[3.630s] writing dependency_links to ../../build/3t/3t.egg-info/dependency_links.txt
[3.631s] writing entry points to ../../build/3t/3t.egg-info/entry_points.txt
[3.631s] writing requirements to ../../build/3t/3t.egg-info/requires.txt
[3.631s] writing top-level names to ../../build/3t/3t.egg-info/top_level.txt
[3.799s] reading manifest file '../../build/3t/3t.egg-info/SOURCES.txt'
[3.799s] writing manifest file '../../build/3t/3t.egg-info/SOURCES.txt'
[3.799s] running build
[3.800s] running build_py
[3.800s] running install
[3.816s] running install_lib
[3.875s] running install_data
[3.879s] running install_egg_info
[3.960s] removing '/home/za1van/ros2_ws/install/3t/lib/python3.12/site-packages/3t-0.0.0-py3.12.egg-info' (and everything under it)
[3.961s] Copying ../../build/3t/3t.egg-info to /home/za1van/ros2_ws/install/3t/lib/python3.12/site-packages/3t-0.0.0-py3.12.egg-info
[3.963s] running install_scripts
[4.416s] Installing sled script to /home/za1van/ros2_ws/install/3t/lib/3t
[4.418s] writing list of installed files to '/home/za1van/ros2_ws/build/3t/install.log'
[4.822s] Invoked command in '/home/za1van/ros2_ws/src/3t' returned '0': DEBUGINFOD_URLS=https://debuginfod.ubuntu.com PYTHONPATH=/home/za1van/ros2_ws/build/3t/prefix_override:/usr/lib/python3/dist-packages/colcon_core/task/python/colcon_distutils_commands:/home/za1van/ros2_ws/install/3t/lib/python3.12/site-packages:${PYTHONPATH} /usr/bin/python3 -W ignore:setup.py install is deprecated -W ignore:easy_install command is deprecated setup.py egg_info --egg-base ../../build/3t build --build-base /home/za1van/ros2_ws/build/3t/build install --record /home/za1van/ros2_ws/build/3t/install.log --single-version-externally-managed install_data
