[0.141s] DEBUG:colcon:Command line arguments: ['/usr/bin/colcon', 'build']
[0.142s] DEBUG:colcon:Parsed command line arguments: Namespace(log_base=None, log_level=None, verb_name='build', build_base='build', install_base='install', merge_install=False, symlink_install=False, test_result_base=None, continue_on_error=False, executor='parallel', parallel_workers=4, event_handlers=None, ignore_user_meta=False, metas=['./colcon.meta'], base_paths=['.'], packages_ignore=None, packages_ignore_regex=None, paths=None, packages_up_to=None, packages_up_to_regex=None, packages_above=None, packages_above_and_dependencies=None, packages_above_depth=None, packages_select_by_dep=None, packages_skip_by_dep=None, packages_skip_up_to=None, packages_select_build_failed=False, packages_skip_build_finished=False, packages_select_test_failures=False, packages_skip_test_passed=False, packages_select=None, packages_skip=None, packages_select_regex=None, packages_skip_regex=None, packages_start=None, packages_end=None, allow_overriding=[], cmake_args=None, cmake_target=None, cmake_target_skip_unavailable=False, cmake_clean_cache=False, cmake_clean_first=False, cmake_force_configure=False, ament_cmake_args=None, catkin_cmake_args=None, catkin_skip_building_tests=False, verb_parser=<colcon_defaults.argument_parser.defaults.DefaultArgumentsDecorator object at 0x79a05bf4fa70>, verb_extension=<colcon_core.verb.build.BuildVerb object at 0x79a05beeaea0>, main=<bound method BuildVerb.main of <colcon_core.verb.build.BuildVerb object at 0x79a05beeaea0>>)
[0.192s] Level 1:colcon.colcon_core.package_discovery:discover_packages(colcon_meta) check parameters
[0.193s] Level 1:colcon.colcon_core.package_discovery:discover_packages(recursive) check parameters
[0.193s] Level 1:colcon.colcon_core.package_discovery:discover_packages(ignore) check parameters
[0.193s] Level 1:colcon.colcon_core.package_discovery:discover_packages(path) check parameters
[0.193s] Level 1:colcon.colcon_core.package_discovery:discover_packages(colcon_meta) discover
[0.193s] Level 1:colcon.colcon_core.package_discovery:discover_packages(recursive) discover
[0.193s] INFO:colcon.colcon_core.package_discovery:Crawling recursively for packages in '/home/za1van/ros2_ws'
[0.193s] Level 1:colcon.colcon_core.package_identification:_identify(.) by extensions ['ignore', 'ignore_ament_install']
[0.193s] Level 1:colcon.colcon_core.package_identification:_identify(.) by extension 'ignore'
[0.193s] Level 1:colcon.colcon_core.package_identification:_identify(.) by extension 'ignore_ament_install'
[0.193s] Level 1:colcon.colcon_core.package_identification:_identify(.) by extensions ['colcon_pkg']
[0.193s] Level 1:colcon.colcon_core.package_identification:_identify(.) by extension 'colcon_pkg'
[0.194s] Level 1:colcon.colcon_core.package_identification:_identify(.) by extensions ['colcon_meta']
[0.194s] Level 1:colcon.colcon_core.package_identification:_identify(.) by extension 'colcon_meta'
[0.194s] Level 1:colcon.colcon_core.package_identification:_identify(.) by extensions ['ros']
[0.194s] Level 1:colcon.colcon_core.package_identification:_identify(.) by extension 'ros'
[0.226s] Level 1:colcon.colcon_core.package_identification:_identify(.) by extensions ['cmake', 'python']
[0.226s] Level 1:colcon.colcon_core.package_identification:_identify(.) by extension 'cmake'
[0.226s] Level 1:colcon.colcon_core.package_identification:_identify(.) by extension 'python'
[0.226s] Level 1:colcon.colcon_core.package_identification:_identify(.) by extensions ['python_setup_py']
[0.226s] Level 1:colcon.colcon_core.package_identification:_identify(.) by extension 'python_setup_py'
[0.226s] Level 1:colcon.colcon_core.package_identification:_identify(build) by extensions ['ignore', 'ignore_ament_install']
[0.226s] Level 1:colcon.colcon_core.package_identification:_identify(build) by extension 'ignore'
[0.226s] Level 1:colcon.colcon_core.package_identification:_identify(build) ignored
[0.227s] Level 1:colcon.colcon_core.package_identification:_identify(install) by extensions ['ignore', 'ignore_ament_install']
[0.227s] Level 1:colcon.colcon_core.package_identification:_identify(install) by extension 'ignore'
[0.227s] Level 1:colcon.colcon_core.package_identification:_identify(install) ignored
[0.227s] Level 1:colcon.colcon_core.package_identification:_identify(log) by extensions ['ignore', 'ignore_ament_install']
[0.227s] Level 1:colcon.colcon_core.package_identification:_identify(log) by extension 'ignore'
[0.227s] Level 1:colcon.colcon_core.package_identification:_identify(log) ignored
[0.227s] Level 1:colcon.colcon_core.package_identification:_identify(src) by extensions ['ignore', 'ignore_ament_install']
[0.228s] Level 1:colcon.colcon_core.package_identification:_identify(src) by extension 'ignore'
[0.228s] Level 1:colcon.colcon_core.package_identification:_identify(src) by extension 'ignore_ament_install'
[0.228s] Level 1:colcon.colcon_core.package_identification:_identify(src) by extensions ['colcon_pkg']
[0.228s] Level 1:colcon.colcon_core.package_identification:_identify(src) by extension 'colcon_pkg'
[0.228s] Level 1:colcon.colcon_core.package_identification:_identify(src) by extensions ['colcon_meta']
[0.228s] Level 1:colcon.colcon_core.package_identification:_identify(src) by extension 'colcon_meta'
[0.228s] Level 1:colcon.colcon_core.package_identification:_identify(src) by extensions ['ros']
[0.228s] Level 1:colcon.colcon_core.package_identification:_identify(src) by extension 'ros'
[0.228s] Level 1:colcon.colcon_core.package_identification:_identify(src) by extensions ['cmake', 'python']
[0.228s] Level 1:colcon.colcon_core.package_identification:_identify(src) by extension 'cmake'
[0.228s] Level 1:colcon.colcon_core.package_identification:_identify(src) by extension 'python'
[0.229s] Level 1:colcon.colcon_core.package_identification:_identify(src) by extensions ['python_setup_py']
[0.229s] Level 1:colcon.colcon_core.package_identification:_identify(src) by extension 'python_setup_py'
[0.229s] Level 1:colcon.colcon_core.package_identification:_identify(src/3t) by extensions ['ignore', 'ignore_ament_install']
[0.229s] Level 1:colcon.colcon_core.package_identification:_identify(src/3t) by extension 'ignore'
[0.229s] Level 1:colcon.colcon_core.package_identification:_identify(src/3t) by extension 'ignore_ament_install'
[0.229s] Level 1:colcon.colcon_core.package_identification:_identify(src/3t) by extensions ['colcon_pkg']
[0.229s] Level 1:colcon.colcon_core.package_identification:_identify(src/3t) by extension 'colcon_pkg'
[0.229s] Level 1:colcon.colcon_core.package_identification:_identify(src/3t) by extensions ['colcon_meta']
[0.229s] Level 1:colcon.colcon_core.package_identification:_identify(src/3t) by extension 'colcon_meta'
[0.229s] Level 1:colcon.colcon_core.package_identification:_identify(src/3t) by extensions ['ros']
[0.229s] Level 1:colcon.colcon_core.package_identification:_identify(src/3t) by extension 'ros'
[0.234s] DEBUG:colcon.colcon_core.package_identification:Package 'src/3t' with type 'ros.ament_python' and name '3t'
[0.234s] Level 1:colcon.colcon_core.package_identification:_identify(src/build) by extensions ['ignore', 'ignore_ament_install']
[0.235s] Level 1:colcon.colcon_core.package_identification:_identify(src/build) by extension 'ignore'
[0.235s] Level 1:colcon.colcon_core.package_identification:_identify(src/build) ignored
[0.235s] Level 1:colcon.colcon_core.package_identification:_identify(src/install) by extensions ['ignore', 'ignore_ament_install']
[0.235s] Level 1:colcon.colcon_core.package_identification:_identify(src/install) by extension 'ignore'
[0.235s] Level 1:colcon.colcon_core.package_identification:_identify(src/install) ignored
[0.235s] Level 1:colcon.colcon_core.package_identification:_identify(src/log) by extensions ['ignore', 'ignore_ament_install']
[0.235s] Level 1:colcon.colcon_core.package_identification:_identify(src/log) by extension 'ignore'
[0.236s] Level 1:colcon.colcon_core.package_identification:_identify(src/log) ignored
[0.236s] Level 1:colcon.colcon_core.package_identification:_identify(src/my_project_start) by extensions ['ignore', 'ignore_ament_install']
[0.236s] Level 1:colcon.colcon_core.package_identification:_identify(src/my_project_start) by extension 'ignore'
[0.236s] Level 1:colcon.colcon_core.package_identification:_identify(src/my_project_start) by extension 'ignore_ament_install'
[0.236s] Level 1:colcon.colcon_core.package_identification:_identify(src/my_project_start) by extensions ['colcon_pkg']
[0.236s] Level 1:colcon.colcon_core.package_identification:_identify(src/my_project_start) by extension 'colcon_pkg'
[0.236s] Level 1:colcon.colcon_core.package_identification:_identify(src/my_project_start) by extensions ['colcon_meta']
[0.236s] Level 1:colcon.colcon_core.package_identification:_identify(src/my_project_start) by extension 'colcon_meta'
[0.237s] Level 1:colcon.colcon_core.package_identification:_identify(src/my_project_start) by extensions ['ros']
[0.237s] Level 1:colcon.colcon_core.package_identification:_identify(src/my_project_start) by extension 'ros'
[0.237s] DEBUG:colcon.colcon_core.package_identification:Package 'src/my_project_start' with type 'ros.ament_python' and name 'my_project_start'
[0.237s] Level 1:colcon.colcon_core.package_identification:_identify(src/my_service_client) by extensions ['ignore', 'ignore_ament_install']
[0.238s] Level 1:colcon.colcon_core.package_identification:_identify(src/my_service_client) by extension 'ignore'
[0.238s] Level 1:colcon.colcon_core.package_identification:_identify(src/my_service_client) by extension 'ignore_ament_install'
[0.238s] Level 1:colcon.colcon_core.package_identification:_identify(src/my_service_client) by extensions ['colcon_pkg']
[0.238s] Level 1:colcon.colcon_core.package_identification:_identify(src/my_service_client) by extension 'colcon_pkg'
[0.238s] Level 1:colcon.colcon_core.package_identification:_identify(src/my_service_client) by extensions ['colcon_meta']
[0.238s] Level 1:colcon.colcon_core.package_identification:_identify(src/my_service_client) by extension 'colcon_meta'
[0.238s] Level 1:colcon.colcon_core.package_identification:_identify(src/my_service_client) by extensions ['ros']
[0.238s] Level 1:colcon.colcon_core.package_identification:_identify(src/my_service_client) by extension 'ros'
[0.239s] DEBUG:colcon.colcon_core.package_identification:Package 'src/my_service_client' with type 'ros.ament_python' and name 'my_service_client'
[0.239s] Level 1:colcon.colcon_core.package_identification:_identify(src/my_service_interfaces) by extensions ['ignore', 'ignore_ament_install']
[0.239s] Level 1:colcon.colcon_core.package_identification:_identify(src/my_service_interfaces) by extension 'ignore'
[0.239s] Level 1:colcon.colcon_core.package_identification:_identify(src/my_service_interfaces) by extension 'ignore_ament_install'
[0.239s] Level 1:colcon.colcon_core.package_identification:_identify(src/my_service_interfaces) by extensions ['colcon_pkg']
[0.239s] Level 1:colcon.colcon_core.package_identification:_identify(src/my_service_interfaces) by extension 'colcon_pkg'
[0.239s] Level 1:colcon.colcon_core.package_identification:_identify(src/my_service_interfaces) by extensions ['colcon_meta']
[0.240s] Level 1:colcon.colcon_core.package_identification:_identify(src/my_service_interfaces) by extension 'colcon_meta'
[0.240s] Level 1:colcon.colcon_core.package_identification:_identify(src/my_service_interfaces) by extensions ['ros']
[0.240s] Level 1:colcon.colcon_core.package_identification:_identify(src/my_service_interfaces) by extension 'ros'
[0.240s] DEBUG:colcon.colcon_core.package_identification:Package 'src/my_service_interfaces' with type 'ros.ament_cmake' and name 'my_service_interfaces'
[0.240s] Level 1:colcon.colcon_core.package_identification:_identify(src/my_service_server) by extensions ['ignore', 'ignore_ament_install']
[0.241s] Level 1:colcon.colcon_core.package_identification:_identify(src/my_service_server) by extension 'ignore'
[0.241s] Level 1:colcon.colcon_core.package_identification:_identify(src/my_service_server) by extension 'ignore_ament_install'
[0.241s] Level 1:colcon.colcon_core.package_identification:_identify(src/my_service_server) by extensions ['colcon_pkg']
[0.241s] Level 1:colcon.colcon_core.package_identification:_identify(src/my_service_server) by extension 'colcon_pkg'
[0.241s] Level 1:colcon.colcon_core.package_identification:_identify(src/my_service_server) by extensions ['colcon_meta']
[0.241s] Level 1:colcon.colcon_core.package_identification:_identify(src/my_service_server) by extension 'colcon_meta'
[0.241s] Level 1:colcon.colcon_core.package_identification:_identify(src/my_service_server) by extensions ['ros']
[0.241s] Level 1:colcon.colcon_core.package_identification:_identify(src/my_service_server) by extension 'ros'
[0.242s] DEBUG:colcon.colcon_core.package_identification:Package 'src/my_service_server' with type 'ros.ament_python' and name 'my_service_server'
[0.242s] Level 1:colcon.colcon_core.package_identification:_identify(src/my_turtle_controller) by extensions ['ignore', 'ignore_ament_install']
[0.242s] Level 1:colcon.colcon_core.package_identification:_identify(src/my_turtle_controller) by extension 'ignore'
[0.242s] Level 1:colcon.colcon_core.package_identification:_identify(src/my_turtle_controller) by extension 'ignore_ament_install'
[0.242s] Level 1:colcon.colcon_core.package_identification:_identify(src/my_turtle_controller) by extensions ['colcon_pkg']
[0.243s] Level 1:colcon.colcon_core.package_identification:_identify(src/my_turtle_controller) by extension 'colcon_pkg'
[0.243s] Level 1:colcon.colcon_core.package_identification:_identify(src/my_turtle_controller) by extensions ['colcon_meta']
[0.243s] Level 1:colcon.colcon_core.package_identification:_identify(src/my_turtle_controller) by extension 'colcon_meta'
[0.243s] Level 1:colcon.colcon_core.package_identification:_identify(src/my_turtle_controller) by extensions ['ros']
[0.243s] Level 1:colcon.colcon_core.package_identification:_identify(src/my_turtle_controller) by extension 'ros'
[0.243s] DEBUG:colcon.colcon_core.package_identification:Package 'src/my_turtle_controller' with type 'ros.ament_python' and name 'my_turtle_controller'
[0.244s] Level 1:colcon.colcon_core.package_discovery:discover_packages(recursive) using defaults
[0.244s] Level 1:colcon.colcon_core.package_discovery:discover_packages(ignore) discover
[0.244s] Level 1:colcon.colcon_core.package_discovery:discover_packages(ignore) using defaults
[0.244s] Level 1:colcon.colcon_core.package_discovery:discover_packages(path) discover
[0.244s] Level 1:colcon.colcon_core.package_discovery:discover_packages(path) using defaults
[0.268s] Level 1:colcon.colcon_core.package_discovery:discover_packages(prefix_path) check parameters
[0.268s] Level 1:colcon.colcon_core.package_discovery:discover_packages(prefix_path) discover
[0.272s] DEBUG:colcon.colcon_installed_package_information.package_discovery:Found 290 installed packages in /opt/ros/jazzy
[0.273s] Level 1:colcon.colcon_core.package_discovery:discover_packages(prefix_path) using defaults
[0.328s] Level 5:colcon.colcon_core.verb:set package '3t' build argument 'cmake_args' from command line to 'None'
[0.328s] Level 5:colcon.colcon_core.verb:set package '3t' build argument 'cmake_target' from command line to 'None'
[0.328s] Level 5:colcon.colcon_core.verb:set package '3t' build argument 'cmake_target_skip_unavailable' from command line to 'False'
[0.328s] Level 5:colcon.colcon_core.verb:set package '3t' build argument 'cmake_clean_cache' from command line to 'False'
[0.328s] Level 5:colcon.colcon_core.verb:set package '3t' build argument 'cmake_clean_first' from command line to 'False'
[0.328s] Level 5:colcon.colcon_core.verb:set package '3t' build argument 'cmake_force_configure' from command line to 'False'
[0.328s] Level 5:colcon.colcon_core.verb:set package '3t' build argument 'ament_cmake_args' from command line to 'None'
[0.328s] Level 5:colcon.colcon_core.verb:set package '3t' build argument 'catkin_cmake_args' from command line to 'None'
[0.328s] Level 5:colcon.colcon_core.verb:set package '3t' build argument 'catkin_skip_building_tests' from command line to 'False'
[0.329s] DEBUG:colcon.colcon_core.verb:Building package '3t' with the following arguments: {'ament_cmake_args': None, 'build_base': '/home/za1van/ros2_ws/build/3t', 'catkin_cmake_args': None, 'catkin_skip_building_tests': False, 'cmake_args': None, 'cmake_clean_cache': False, 'cmake_clean_first': False, 'cmake_force_configure': False, 'cmake_target': None, 'cmake_target_skip_unavailable': False, 'install_base': '/home/za1van/ros2_ws/install/3t', 'merge_install': False, 'path': '/home/za1van/ros2_ws/src/3t', 'symlink_install': False, 'test_result_base': None}
[0.329s] Level 5:colcon.colcon_core.verb:set package 'my_project_start' build argument 'cmake_args' from command line to 'None'
[0.329s] Level 5:colcon.colcon_core.verb:set package 'my_project_start' build argument 'cmake_target' from command line to 'None'
[0.329s] Level 5:colcon.colcon_core.verb:set package 'my_project_start' build argument 'cmake_target_skip_unavailable' from command line to 'False'
[0.329s] Level 5:colcon.colcon_core.verb:set package 'my_project_start' build argument 'cmake_clean_cache' from command line to 'False'
[0.329s] Level 5:colcon.colcon_core.verb:set package 'my_project_start' build argument 'cmake_clean_first' from command line to 'False'
[0.329s] Level 5:colcon.colcon_core.verb:set package 'my_project_start' build argument 'cmake_force_configure' from command line to 'False'
[0.329s] Level 5:colcon.colcon_core.verb:set package 'my_project_start' build argument 'ament_cmake_args' from command line to 'None'
[0.329s] Level 5:colcon.colcon_core.verb:set package 'my_project_start' build argument 'catkin_cmake_args' from command line to 'None'
[0.329s] Level 5:colcon.colcon_core.verb:set package 'my_project_start' build argument 'catkin_skip_building_tests' from command line to 'False'
[0.329s] DEBUG:colcon.colcon_core.verb:Building package 'my_project_start' with the following arguments: {'ament_cmake_args': None, 'build_base': '/home/za1van/ros2_ws/build/my_project_start', 'catkin_cmake_args': None, 'catkin_skip_building_tests': False, 'cmake_args': None, 'cmake_clean_cache': False, 'cmake_clean_first': False, 'cmake_force_configure': False, 'cmake_target': None, 'cmake_target_skip_unavailable': False, 'install_base': '/home/za1van/ros2_ws/install/my_project_start', 'merge_install': False, 'path': '/home/za1van/ros2_ws/src/my_project_start', 'symlink_install': False, 'test_result_base': None}
[0.330s] Level 5:colcon.colcon_core.verb:set package 'my_service_interfaces' build argument 'cmake_args' from command line to 'None'
[0.330s] Level 5:colcon.colcon_core.verb:set package 'my_service_interfaces' build argument 'cmake_target' from command line to 'None'
[0.330s] Level 5:colcon.colcon_core.verb:set package 'my_service_interfaces' build argument 'cmake_target_skip_unavailable' from command line to 'False'
[0.330s] Level 5:colcon.colcon_core.verb:set package 'my_service_interfaces' build argument 'cmake_clean_cache' from command line to 'False'
[0.330s] Level 5:colcon.colcon_core.verb:set package 'my_service_interfaces' build argument 'cmake_clean_first' from command line to 'False'
[0.330s] Level 5:colcon.colcon_core.verb:set package 'my_service_interfaces' build argument 'cmake_force_configure' from command line to 'False'
[0.330s] Level 5:colcon.colcon_core.verb:set package 'my_service_interfaces' build argument 'ament_cmake_args' from command line to 'None'
[0.330s] Level 5:colcon.colcon_core.verb:set package 'my_service_interfaces' build argument 'catkin_cmake_args' from command line to 'None'
[0.330s] Level 5:colcon.colcon_core.verb:set package 'my_service_interfaces' build argument 'catkin_skip_building_tests' from command line to 'False'
[0.330s] DEBUG:colcon.colcon_core.verb:Building package 'my_service_interfaces' with the following arguments: {'ament_cmake_args': None, 'build_base': '/home/za1van/ros2_ws/build/my_service_interfaces', 'catkin_cmake_args': None, 'catkin_skip_building_tests': False, 'cmake_args': None, 'cmake_clean_cache': False, 'cmake_clean_first': False, 'cmake_force_configure': False, 'cmake_target': None, 'cmake_target_skip_unavailable': False, 'install_base': '/home/za1van/ros2_ws/install/my_service_interfaces', 'merge_install': False, 'path': '/home/za1van/ros2_ws/src/my_service_interfaces', 'symlink_install': False, 'test_result_base': None}
[0.331s] Level 5:colcon.colcon_core.verb:set package 'my_service_server' build argument 'cmake_args' from command line to 'None'
[0.331s] Level 5:colcon.colcon_core.verb:set package 'my_service_server' build argument 'cmake_target' from command line to 'None'
[0.331s] Level 5:colcon.colcon_core.verb:set package 'my_service_server' build argument 'cmake_target_skip_unavailable' from command line to 'False'
[0.331s] Level 5:colcon.colcon_core.verb:set package 'my_service_server' build argument 'cmake_clean_cache' from command line to 'False'
[0.331s] Level 5:colcon.colcon_core.verb:set package 'my_service_server' build argument 'cmake_clean_first' from command line to 'False'
[0.331s] Level 5:colcon.colcon_core.verb:set package 'my_service_server' build argument 'cmake_force_configure' from command line to 'False'
[0.331s] Level 5:colcon.colcon_core.verb:set package 'my_service_server' build argument 'ament_cmake_args' from command line to 'None'
[0.331s] Level 5:colcon.colcon_core.verb:set package 'my_service_server' build argument 'catkin_cmake_args' from command line to 'None'
[0.331s] Level 5:colcon.colcon_core.verb:set package 'my_service_server' build argument 'catkin_skip_building_tests' from command line to 'False'
[0.331s] DEBUG:colcon.colcon_core.verb:Building package 'my_service_server' with the following arguments: {'ament_cmake_args': None, 'build_base': '/home/za1van/ros2_ws/build/my_service_server', 'catkin_cmake_args': None, 'catkin_skip_building_tests': False, 'cmake_args': None, 'cmake_clean_cache': False, 'cmake_clean_first': False, 'cmake_force_configure': False, 'cmake_target': None, 'cmake_target_skip_unavailable': False, 'install_base': '/home/za1van/ros2_ws/install/my_service_server', 'merge_install': False, 'path': '/home/za1van/ros2_ws/src/my_service_server', 'symlink_install': False, 'test_result_base': None}
[0.331s] Level 5:colcon.colcon_core.verb:set package 'my_turtle_controller' build argument 'cmake_args' from command line to 'None'
[0.332s] Level 5:colcon.colcon_core.verb:set package 'my_turtle_controller' build argument 'cmake_target' from command line to 'None'
[0.332s] Level 5:colcon.colcon_core.verb:set package 'my_turtle_controller' build argument 'cmake_target_skip_unavailable' from command line to 'False'
[0.332s] Level 5:colcon.colcon_core.verb:set package 'my_turtle_controller' build argument 'cmake_clean_cache' from command line to 'False'
[0.332s] Level 5:colcon.colcon_core.verb:set package 'my_turtle_controller' build argument 'cmake_clean_first' from command line to 'False'
[0.332s] Level 5:colcon.colcon_core.verb:set package 'my_turtle_controller' build argument 'cmake_force_configure' from command line to 'False'
[0.332s] Level 5:colcon.colcon_core.verb:set package 'my_turtle_controller' build argument 'ament_cmake_args' from command line to 'None'
[0.332s] Level 5:colcon.colcon_core.verb:set package 'my_turtle_controller' build argument 'catkin_cmake_args' from command line to 'None'
[0.332s] Level 5:colcon.colcon_core.verb:set package 'my_turtle_controller' build argument 'catkin_skip_building_tests' from command line to 'False'
[0.332s] DEBUG:colcon.colcon_core.verb:Building package 'my_turtle_controller' with the following arguments: {'ament_cmake_args': None, 'build_base': '/home/za1van/ros2_ws/build/my_turtle_controller', 'catkin_cmake_args': None, 'catkin_skip_building_tests': False, 'cmake_args': None, 'cmake_clean_cache': False, 'cmake_clean_first': False, 'cmake_force_configure': False, 'cmake_target': None, 'cmake_target_skip_unavailable': False, 'install_base': '/home/za1van/ros2_ws/install/my_turtle_controller', 'merge_install': False, 'path': '/home/za1van/ros2_ws/src/my_turtle_controller', 'symlink_install': False, 'test_result_base': None}
[0.332s] Level 5:colcon.colcon_core.verb:set package 'my_service_client' build argument 'cmake_args' from command line to 'None'
[0.332s] Level 5:colcon.colcon_core.verb:set package 'my_service_client' build argument 'cmake_target' from command line to 'None'
[0.332s] Level 5:colcon.colcon_core.verb:set package 'my_service_client' build argument 'cmake_target_skip_unavailable' from command line to 'False'
[0.332s] Level 5:colcon.colcon_core.verb:set package 'my_service_client' build argument 'cmake_clean_cache' from command line to 'False'
[0.332s] Level 5:colcon.colcon_core.verb:set package 'my_service_client' build argument 'cmake_clean_first' from command line to 'False'
[0.333s] Level 5:colcon.colcon_core.verb:set package 'my_service_client' build argument 'cmake_force_configure' from command line to 'False'
[0.333s] Level 5:colcon.colcon_core.verb:set package 'my_service_client' build argument 'ament_cmake_args' from command line to 'None'
[0.333s] Level 5:colcon.colcon_core.verb:set package 'my_service_client' build argument 'catkin_cmake_args' from command line to 'None'
[0.333s] Level 5:colcon.colcon_core.verb:set package 'my_service_client' build argument 'catkin_skip_building_tests' from command line to 'False'
[0.333s] DEBUG:colcon.colcon_core.verb:Building package 'my_service_client' with the following arguments: {'ament_cmake_args': None, 'build_base': '/home/za1van/ros2_ws/build/my_service_client', 'catkin_cmake_args': None, 'catkin_skip_building_tests': False, 'cmake_args': None, 'cmake_clean_cache': False, 'cmake_clean_first': False, 'cmake_force_configure': False, 'cmake_target': None, 'cmake_target_skip_unavailable': False, 'install_base': '/home/za1van/ros2_ws/install/my_service_client', 'merge_install': False, 'path': '/home/za1van/ros2_ws/src/my_service_client', 'symlink_install': False, 'test_result_base': None}
[0.333s] INFO:colcon.colcon_core.executor:Executing jobs using 'parallel' executor
[0.334s] DEBUG:colcon.colcon_parallel_executor.executor.parallel:run_until_complete
[0.334s] INFO:colcon.colcon_ros.task.ament_cmake.build:Building ROS package in '/home/za1van/ros2_ws/src/my_service_interfaces' with build type 'ament_cmake'
[0.334s] INFO:colcon.colcon_cmake.task.cmake.build:Building CMake package in '/home/za1van/ros2_ws/src/my_service_interfaces'
[0.337s] INFO:colcon.colcon_core.plugin_system:Skipping extension 'colcon_core.shell.bat': Not used on non-Windows systems
[0.337s] INFO:colcon.colcon_core.shell:Skip shell extension 'powershell' for command environment: Not usable outside of PowerShell
[0.338s] DEBUG:colcon.colcon_core.shell:Skip shell extension 'dsv' for command environment
[0.341s] INFO:colcon.colcon_ros.task.ament_python.build:Building ROS package in '/home/za1van/ros2_ws/src/3t' with build type 'ament_python'
[0.341s] Level 1:colcon.colcon_core.shell:create_environment_hook('3t', 'ament_prefix_path')
[0.341s] INFO:colcon.colcon_core.shell:Creating environment hook '/home/za1van/ros2_ws/install/3t/share/3t/hook/ament_prefix_path.ps1'
[0.343s] INFO:colcon.colcon_core.shell:Creating environment descriptor '/home/za1van/ros2_ws/install/3t/share/3t/hook/ament_prefix_path.dsv'
[0.343s] INFO:colcon.colcon_core.shell:Creating environment hook '/home/za1van/ros2_ws/install/3t/share/3t/hook/ament_prefix_path.sh'
[0.344s] INFO:colcon.colcon_core.shell:Skip shell extension 'powershell' for command environment: Not usable outside of PowerShell
[0.344s] DEBUG:colcon.colcon_core.shell:Skip shell extension 'dsv' for command environment
[0.347s] INFO:colcon.colcon_ros.task.ament_python.build:Building ROS package in '/home/za1van/ros2_ws/src/my_project_start' with build type 'ament_python'
[0.348s] Level 1:colcon.colcon_core.shell:create_environment_hook('my_project_start', 'ament_prefix_path')
[0.348s] INFO:colcon.colcon_core.shell:Creating environment hook '/home/za1van/ros2_ws/install/my_project_start/share/my_project_start/hook/ament_prefix_path.ps1'
[0.349s] INFO:colcon.colcon_core.shell:Creating environment descriptor '/home/za1van/ros2_ws/install/my_project_start/share/my_project_start/hook/ament_prefix_path.dsv'
[0.349s] INFO:colcon.colcon_core.shell:Creating environment hook '/home/za1van/ros2_ws/install/my_project_start/share/my_project_start/hook/ament_prefix_path.sh'
[0.350s] INFO:colcon.colcon_core.shell:Skip shell extension 'powershell' for command environment: Not usable outside of PowerShell
[0.350s] DEBUG:colcon.colcon_core.shell:Skip shell extension 'dsv' for command environment
[0.353s] INFO:colcon.colcon_ros.task.ament_python.build:Building ROS package in '/home/za1van/ros2_ws/src/my_service_server' with build type 'ament_python'
[0.354s] Level 1:colcon.colcon_core.shell:create_environment_hook('my_service_server', 'ament_prefix_path')
[0.354s] INFO:colcon.colcon_core.shell:Creating environment hook '/home/za1van/ros2_ws/install/my_service_server/share/my_service_server/hook/ament_prefix_path.ps1'
[0.355s] INFO:colcon.colcon_core.shell:Creating environment descriptor '/home/za1van/ros2_ws/install/my_service_server/share/my_service_server/hook/ament_prefix_path.dsv'
[0.356s] INFO:colcon.colcon_core.shell:Creating environment hook '/home/za1van/ros2_ws/install/my_service_server/share/my_service_server/hook/ament_prefix_path.sh'
[0.356s] INFO:colcon.colcon_core.shell:Skip shell extension 'powershell' for command environment: Not usable outside of PowerShell
[0.356s] DEBUG:colcon.colcon_core.shell:Skip shell extension 'dsv' for command environment
[0.367s] DEBUG:colcon.colcon_core.event_handler.log_command:Invoking command in '/home/za1van/ros2_ws/build/my_service_interfaces': CMAKE_PREFIX_PATH=${CMAKE_PREFIX_PATH}:/opt/ros/jazzy DEBUGINFOD_URLS=https://debuginfod.ubuntu.com /usr/bin/cmake --build /home/za1van/ros2_ws/build/my_service_interfaces -- -j4 -l4
[0.788s] INFO:colcon.colcon_core.task.python.build:Building Python package in '/home/za1van/ros2_ws/src/3t'
[0.788s] INFO:colcon.colcon_core.shell:Skip shell extension 'powershell' for command environment: Not usable outside of PowerShell
[0.788s] DEBUG:colcon.colcon_core.shell:Skip shell extension 'dsv' for command environment
[1.147s] INFO:colcon.colcon_core.task.python.build:Building Python package in '/home/za1van/ros2_ws/src/my_project_start'
[1.147s] INFO:colcon.colcon_core.shell:Skip shell extension 'powershell' for command environment: Not usable outside of PowerShell
[1.147s] DEBUG:colcon.colcon_core.shell:Skip shell extension 'dsv' for command environment
[1.474s] INFO:colcon.colcon_core.task.python.build:Building Python package in '/home/za1van/ros2_ws/src/my_service_server'
[1.474s] INFO:colcon.colcon_core.shell:Skip shell extension 'powershell' for command environment: Not usable outside of PowerShell
[1.474s] DEBUG:colcon.colcon_core.shell:Skip shell extension 'dsv' for command environment
[1.482s] DEBUG:colcon.colcon_core.event_handler.log_command:Invoked command in '/home/za1van/ros2_ws/build/my_service_interfaces' returned '0': CMAKE_PREFIX_PATH=${CMAKE_PREFIX_PATH}:/opt/ros/jazzy DEBUGINFOD_URLS=https://debuginfod.ubuntu.com /usr/bin/cmake --build /home/za1van/ros2_ws/build/my_service_interfaces -- -j4 -l4
[1.492s] DEBUG:colcon.colcon_core.event_handler.log_command:Invoking command in '/home/za1van/ros2_ws/build/my_service_interfaces': CMAKE_PREFIX_PATH=${CMAKE_PREFIX_PATH}:/opt/ros/jazzy DEBUGINFOD_URLS=https://debuginfod.ubuntu.com /usr/bin/cmake --install /home/za1van/ros2_ws/build/my_service_interfaces
[1.695s] Level 1:colcon.colcon_core.environment:create_environment_scripts_only(my_service_interfaces)
[1.702s] DEBUG:colcon.colcon_core.event_handler.log_command:Invoked command in '/home/za1van/ros2_ws/build/my_service_interfaces' returned '0': CMAKE_PREFIX_PATH=${CMAKE_PREFIX_PATH}:/opt/ros/jazzy DEBUGINFOD_URLS=https://debuginfod.ubuntu.com /usr/bin/cmake --install /home/za1van/ros2_ws/build/my_service_interfaces
[1.703s] Level 1:colcon.colcon_core.environment:checking '/home/za1van/ros2_ws/install/my_service_interfaces' for CMake module files
[1.704s] Level 1:colcon.colcon_core.environment:checking '/home/za1van/ros2_ws/install/my_service_interfaces' for CMake config files
[1.708s] Level 1:colcon.colcon_core.shell:create_environment_hook('my_service_interfaces', 'cmake_prefix_path')
[1.708s] INFO:colcon.colcon_core.shell:Creating environment hook '/home/za1van/ros2_ws/install/my_service_interfaces/share/my_service_interfaces/hook/cmake_prefix_path.ps1'
[1.712s] INFO:colcon.colcon_core.shell:Creating environment descriptor '/home/za1van/ros2_ws/install/my_service_interfaces/share/my_service_interfaces/hook/cmake_prefix_path.dsv'
[1.712s] INFO:colcon.colcon_core.shell:Creating environment hook '/home/za1van/ros2_ws/install/my_service_interfaces/share/my_service_interfaces/hook/cmake_prefix_path.sh'
[1.714s] Level 1:colcon.colcon_core.environment:checking '/home/za1van/ros2_ws/install/my_service_interfaces/lib'
[1.714s] Level 1:colcon.colcon_core.shell:create_environment_hook('my_service_interfaces', 'ld_library_path_lib')
[1.714s] INFO:colcon.colcon_core.shell:Creating environment hook '/home/za1van/ros2_ws/install/my_service_interfaces/share/my_service_interfaces/hook/ld_library_path_lib.ps1'
[1.718s] INFO:colcon.colcon_core.shell:Creating environment descriptor '/home/za1van/ros2_ws/install/my_service_interfaces/share/my_service_interfaces/hook/ld_library_path_lib.dsv'
[1.719s] INFO:colcon.colcon_core.shell:Creating environment hook '/home/za1van/ros2_ws/install/my_service_interfaces/share/my_service_interfaces/hook/ld_library_path_lib.sh'
[1.723s] Level 1:colcon.colcon_core.environment:checking '/home/za1van/ros2_ws/install/my_service_interfaces/bin'
[1.723s] Level 1:colcon.colcon_core.environment:checking '/home/za1van/ros2_ws/install/my_service_interfaces/lib/pkgconfig/my_service_interfaces.pc'
[1.723s] Level 1:colcon.colcon_core.environment:checking '/home/za1van/ros2_ws/install/my_service_interfaces/lib/python3.12/site-packages'
[1.723s] Level 1:colcon.colcon_core.shell:create_environment_hook('my_service_interfaces', 'pythonpath')
[1.724s] INFO:colcon.colcon_core.shell:Creating environment hook '/home/za1van/ros2_ws/install/my_service_interfaces/share/my_service_interfaces/hook/pythonpath.ps1'
[1.725s] INFO:colcon.colcon_core.shell:Creating environment descriptor '/home/za1van/ros2_ws/install/my_service_interfaces/share/my_service_interfaces/hook/pythonpath.dsv'
[1.726s] INFO:colcon.colcon_core.shell:Creating environment hook '/home/za1van/ros2_ws/install/my_service_interfaces/share/my_service_interfaces/hook/pythonpath.sh'
[1.730s] Level 1:colcon.colcon_core.environment:checking '/home/za1van/ros2_ws/install/my_service_interfaces/bin'
[1.730s] INFO:colcon.colcon_core.shell:Creating package script '/home/za1van/ros2_ws/install/my_service_interfaces/share/my_service_interfaces/package.ps1'
[1.735s] INFO:colcon.colcon_core.shell:Creating package descriptor '/home/za1van/ros2_ws/install/my_service_interfaces/share/my_service_interfaces/package.dsv'
[1.736s] INFO:colcon.colcon_core.shell:Creating package script '/home/za1van/ros2_ws/install/my_service_interfaces/share/my_service_interfaces/package.sh'
[1.738s] INFO:colcon.colcon_core.shell:Creating package script '/home/za1van/ros2_ws/install/my_service_interfaces/share/my_service_interfaces/package.bash'
[1.742s] INFO:colcon.colcon_core.shell:Creating package script '/home/za1van/ros2_ws/install/my_service_interfaces/share/my_service_interfaces/package.zsh'
[1.743s] Level 1:colcon.colcon_core.environment:create_file_with_runtime_dependencies(/home/za1van/ros2_ws/install/my_service_interfaces/share/colcon-core/packages/my_service_interfaces)
[1.746s] Level 1:colcon.colcon_core.environment:create_environment_scripts_only(my_service_interfaces)
[1.747s] Level 1:colcon.colcon_core.environment:checking '/home/za1van/ros2_ws/install/my_service_interfaces' for CMake module files
[1.748s] Level 1:colcon.colcon_core.environment:checking '/home/za1van/ros2_ws/install/my_service_interfaces' for CMake config files
[1.749s] Level 1:colcon.colcon_core.shell:create_environment_hook('my_service_interfaces', 'cmake_prefix_path')
[1.749s] INFO:colcon.colcon_core.shell:Creating environment hook '/home/za1van/ros2_ws/install/my_service_interfaces/share/my_service_interfaces/hook/cmake_prefix_path.ps1'
[1.753s] INFO:colcon.colcon_core.shell:Creating environment descriptor '/home/za1van/ros2_ws/install/my_service_interfaces/share/my_service_interfaces/hook/cmake_prefix_path.dsv'
[1.756s] INFO:colcon.colcon_core.shell:Creating environment hook '/home/za1van/ros2_ws/install/my_service_interfaces/share/my_service_interfaces/hook/cmake_prefix_path.sh'
[1.757s] Level 1:colcon.colcon_core.environment:checking '/home/za1van/ros2_ws/install/my_service_interfaces/lib'
[1.757s] Level 1:colcon.colcon_core.shell:create_environment_hook('my_service_interfaces', 'ld_library_path_lib')
[1.757s] INFO:colcon.colcon_core.shell:Creating environment hook '/home/za1van/ros2_ws/install/my_service_interfaces/share/my_service_interfaces/hook/ld_library_path_lib.ps1'
[1.759s] INFO:colcon.colcon_core.shell:Creating environment descriptor '/home/za1van/ros2_ws/install/my_service_interfaces/share/my_service_interfaces/hook/ld_library_path_lib.dsv'
[1.762s] INFO:colcon.colcon_core.shell:Creating environment hook '/home/za1van/ros2_ws/install/my_service_interfaces/share/my_service_interfaces/hook/ld_library_path_lib.sh'
[1.763s] Level 1:colcon.colcon_core.environment:checking '/home/za1van/ros2_ws/install/my_service_interfaces/bin'
[1.763s] Level 1:colcon.colcon_core.environment:checking '/home/za1van/ros2_ws/install/my_service_interfaces/lib/pkgconfig/my_service_interfaces.pc'
[1.763s] Level 1:colcon.colcon_core.environment:checking '/home/za1van/ros2_ws/install/my_service_interfaces/lib/python3.12/site-packages'
[1.763s] Level 1:colcon.colcon_core.shell:create_environment_hook('my_service_interfaces', 'pythonpath')
[1.767s] INFO:colcon.colcon_core.shell:Creating environment hook '/home/za1van/ros2_ws/install/my_service_interfaces/share/my_service_interfaces/hook/pythonpath.ps1'
[1.768s] INFO:colcon.colcon_core.shell:Creating environment descriptor '/home/za1van/ros2_ws/install/my_service_interfaces/share/my_service_interfaces/hook/pythonpath.dsv'
[1.768s] INFO:colcon.colcon_core.shell:Creating environment hook '/home/za1van/ros2_ws/install/my_service_interfaces/share/my_service_interfaces/hook/pythonpath.sh'
[1.769s] Level 1:colcon.colcon_core.environment:checking '/home/za1van/ros2_ws/install/my_service_interfaces/bin'
[1.770s] INFO:colcon.colcon_core.shell:Creating package script '/home/za1van/ros2_ws/install/my_service_interfaces/share/my_service_interfaces/package.ps1'
[1.774s] INFO:colcon.colcon_core.shell:Creating package descriptor '/home/za1van/ros2_ws/install/my_service_interfaces/share/my_service_interfaces/package.dsv'
[1.777s] INFO:colcon.colcon_core.shell:Creating package script '/home/za1van/ros2_ws/install/my_service_interfaces/share/my_service_interfaces/package.sh'
[1.778s] INFO:colcon.colcon_core.shell:Creating package script '/home/za1van/ros2_ws/install/my_service_interfaces/share/my_service_interfaces/package.bash'
[1.779s] INFO:colcon.colcon_core.shell:Creating package script '/home/za1van/ros2_ws/install/my_service_interfaces/share/my_service_interfaces/package.zsh'
[1.780s] Level 1:colcon.colcon_core.environment:create_file_with_runtime_dependencies(/home/za1van/ros2_ws/install/my_service_interfaces/share/colcon-core/packages/my_service_interfaces)
[1.782s] INFO:colcon.colcon_ros.task.ament_python.build:Building ROS package in '/home/za1van/ros2_ws/src/my_turtle_controller' with build type 'ament_python'
[1.783s] Level 1:colcon.colcon_core.shell:create_environment_hook('my_turtle_controller', 'ament_prefix_path')
[1.783s] INFO:colcon.colcon_core.shell:Creating environment hook '/home/za1van/ros2_ws/install/my_turtle_controller/share/my_turtle_controller/hook/ament_prefix_path.ps1'
[1.784s] INFO:colcon.colcon_core.shell:Creating environment descriptor '/home/za1van/ros2_ws/install/my_turtle_controller/share/my_turtle_controller/hook/ament_prefix_path.dsv'
[1.785s] INFO:colcon.colcon_core.shell:Creating environment hook '/home/za1van/ros2_ws/install/my_turtle_controller/share/my_turtle_controller/hook/ament_prefix_path.sh'
[1.786s] INFO:colcon.colcon_core.shell:Skip shell extension 'powershell' for command environment: Not usable outside of PowerShell
[1.787s] DEBUG:colcon.colcon_core.shell:Skip shell extension 'dsv' for command environment
[2.335s] INFO:colcon.colcon_core.task.python.build:Building Python package in '/home/za1van/ros2_ws/src/my_turtle_controller'
[2.335s] INFO:colcon.colcon_core.shell:Skip shell extension 'powershell' for command environment: Not usable outside of PowerShell
[2.335s] DEBUG:colcon.colcon_core.shell:Skip shell extension 'dsv' for command environment
[2.952s] DEBUG:colcon.colcon_core.event_handler.log_command:Invoking command in '/home/za1van/ros2_ws/src/my_project_start': DEBUGINFOD_URLS=https://debuginfod.ubuntu.com PYTHONPATH=/home/za1van/ros2_ws/build/my_project_start/prefix_override:/usr/lib/python3/dist-packages/colcon_core/task/python/colcon_distutils_commands:/home/za1van/ros2_ws/install/my_project_start/lib/python3.12/site-packages:${PYTHONPATH} /usr/bin/python3 -W ignore:setup.py install is deprecated -W ignore:easy_install command is deprecated setup.py egg_info --egg-base ../../build/my_project_start build --build-base /home/za1van/ros2_ws/build/my_project_start/build install --record /home/za1van/ros2_ws/build/my_project_start/install.log --single-version-externally-managed install_data
[3.050s] DEBUG:colcon.colcon_core.event_handler.log_command:Invoking command in '/home/za1van/ros2_ws/src/3t': DEBUGINFOD_URLS=https://debuginfod.ubuntu.com PYTHONPATH=/home/za1van/ros2_ws/build/3t/prefix_override:/usr/lib/python3/dist-packages/colcon_core/task/python/colcon_distutils_commands:/home/za1van/ros2_ws/install/3t/lib/python3.12/site-packages:${PYTHONPATH} /usr/bin/python3 -W ignore:setup.py install is deprecated -W ignore:easy_install command is deprecated setup.py egg_info --egg-base ../../build/3t build --build-base /home/za1van/ros2_ws/build/3t/build install --record /home/za1van/ros2_ws/build/3t/install.log --single-version-externally-managed install_data
[3.178s] DEBUG:colcon.colcon_core.event_handler.log_command:Invoking command in '/home/za1van/ros2_ws/src/my_service_server': DEBUGINFOD_URLS=https://debuginfod.ubuntu.com PYTHONPATH=/home/za1van/ros2_ws/build/my_service_server/prefix_override:/usr/lib/python3/dist-packages/colcon_core/task/python/colcon_distutils_commands:/home/za1van/ros2_ws/install/my_service_server/lib/python3.12/site-packages:${PYTHONPATH} /usr/bin/python3 -W ignore:setup.py install is deprecated -W ignore:easy_install command is deprecated setup.py egg_info --egg-base ../../build/my_service_server build --build-base /home/za1van/ros2_ws/build/my_service_server/build install --record /home/za1van/ros2_ws/build/my_service_server/install.log --single-version-externally-managed install_data
[3.925s] DEBUG:colcon.colcon_core.event_handler.log_command:Invoking command in '/home/za1van/ros2_ws/src/my_turtle_controller': DEBUGINFOD_URLS=https://debuginfod.ubuntu.com PYTHONPATH=/home/za1van/ros2_ws/build/my_turtle_controller/prefix_override:/usr/lib/python3/dist-packages/colcon_core/task/python/colcon_distutils_commands:/home/za1van/ros2_ws/install/my_turtle_controller/lib/python3.12/site-packages:${PYTHONPATH} /usr/bin/python3 -W ignore:setup.py install is deprecated -W ignore:easy_install command is deprecated setup.py egg_info --egg-base ../../build/my_turtle_controller build --build-base /home/za1van/ros2_ws/build/my_turtle_controller/build install --record /home/za1van/ros2_ws/build/my_turtle_controller/install.log --single-version-externally-managed install_data
[4.271s] Level 1:colcon.colcon_core.environment:checking '/home/za1van/ros2_ws/install/my_project_start' for CMake module files
[4.273s] Level 1:colcon.colcon_core.environment:checking '/home/za1van/ros2_ws/install/my_project_start' for CMake config files
[4.272s] DEBUG:colcon.colcon_core.event_handler.log_command:Invoked command in '/home/za1van/ros2_ws/src/my_project_start' returned '0': DEBUGINFOD_URLS=https://debuginfod.ubuntu.com PYTHONPATH=/home/za1van/ros2_ws/build/my_project_start/prefix_override:/usr/lib/python3/dist-packages/colcon_core/task/python/colcon_distutils_commands:/home/za1van/ros2_ws/install/my_project_start/lib/python3.12/site-packages:${PYTHONPATH} /usr/bin/python3 -W ignore:setup.py install is deprecated -W ignore:easy_install command is deprecated setup.py egg_info --egg-base ../../build/my_project_start build --build-base /home/za1van/ros2_ws/build/my_project_start/build install --record /home/za1van/ros2_ws/build/my_project_start/install.log --single-version-externally-managed install_data
[4.274s] Level 1:colcon.colcon_core.environment:checking '/home/za1van/ros2_ws/install/my_project_start/lib'
[4.275s] Level 1:colcon.colcon_core.environment:checking '/home/za1van/ros2_ws/install/my_project_start/bin'
[4.275s] Level 1:colcon.colcon_core.environment:checking '/home/za1van/ros2_ws/install/my_project_start/lib/pkgconfig/my_project_start.pc'
[4.276s] Level 1:colcon.colcon_core.environment:checking '/home/za1van/ros2_ws/install/my_project_start/lib/python3.12/site-packages'
[4.276s] Level 1:colcon.colcon_core.shell:create_environment_hook('my_project_start', 'pythonpath')
[4.277s] INFO:colcon.colcon_core.shell:Creating environment hook '/home/za1van/ros2_ws/install/my_project_start/share/my_project_start/hook/pythonpath.ps1'
[4.282s] INFO:colcon.colcon_core.shell:Creating environment descriptor '/home/za1van/ros2_ws/install/my_project_start/share/my_project_start/hook/pythonpath.dsv'
[4.284s] INFO:colcon.colcon_core.shell:Creating environment hook '/home/za1van/ros2_ws/install/my_project_start/share/my_project_start/hook/pythonpath.sh'
[4.286s] Level 1:colcon.colcon_core.environment:checking '/home/za1van/ros2_ws/install/my_project_start/bin'
[4.286s] Level 1:colcon.colcon_core.environment:create_environment_scripts_only(my_project_start)
[4.287s] INFO:colcon.colcon_core.shell:Creating package script '/home/za1van/ros2_ws/install/my_project_start/share/my_project_start/package.ps1'
[4.288s] INFO:colcon.colcon_core.shell:Creating package descriptor '/home/za1van/ros2_ws/install/my_project_start/share/my_project_start/package.dsv'
[4.290s] INFO:colcon.colcon_core.shell:Creating package script '/home/za1van/ros2_ws/install/my_project_start/share/my_project_start/package.sh'
[4.293s] INFO:colcon.colcon_core.shell:Creating package script '/home/za1van/ros2_ws/install/my_project_start/share/my_project_start/package.bash'
[4.294s] INFO:colcon.colcon_core.shell:Creating package script '/home/za1van/ros2_ws/install/my_project_start/share/my_project_start/package.zsh'
[4.295s] Level 1:colcon.colcon_core.environment:create_file_with_runtime_dependencies(/home/za1van/ros2_ws/install/my_project_start/share/colcon-core/packages/my_project_start)
[4.298s] INFO:colcon.colcon_ros.task.ament_python.build:Building ROS package in '/home/za1van/ros2_ws/src/my_service_client' with build type 'ament_python'
[4.298s] Level 1:colcon.colcon_core.shell:create_environment_hook('my_service_client', 'ament_prefix_path')
[4.298s] INFO:colcon.colcon_core.shell:Creating environment hook '/home/za1van/ros2_ws/install/my_service_client/share/my_service_client/hook/ament_prefix_path.ps1'
[4.301s] INFO:colcon.colcon_core.shell:Creating environment descriptor '/home/za1van/ros2_ws/install/my_service_client/share/my_service_client/hook/ament_prefix_path.dsv'
[4.303s] INFO:colcon.colcon_core.shell:Creating environment hook '/home/za1van/ros2_ws/install/my_service_client/share/my_service_client/hook/ament_prefix_path.sh'
[4.307s] INFO:colcon.colcon_core.shell:Skip shell extension 'powershell' for command environment: Not usable outside of PowerShell
[4.307s] DEBUG:colcon.colcon_core.shell:Skip shell extension 'dsv' for command environment
[4.827s] INFO:colcon.colcon_core.task.python.build:Building Python package in '/home/za1van/ros2_ws/src/my_service_client'
[4.828s] INFO:colcon.colcon_core.shell:Skip shell extension 'powershell' for command environment: Not usable outside of PowerShell
[4.828s] DEBUG:colcon.colcon_core.shell:Skip shell extension 'dsv' for command environment
[4.833s] Level 1:colcon.colcon_core.environment:checking '/home/za1van/ros2_ws/install/3t' for CMake module files
[4.835s] DEBUG:colcon.colcon_core.event_handler.log_command:Invoked command in '/home/za1van/ros2_ws/src/3t' returned '0': DEBUGINFOD_URLS=https://debuginfod.ubuntu.com PYTHONPATH=/home/za1van/ros2_ws/build/3t/prefix_override:/usr/lib/python3/dist-packages/colcon_core/task/python/colcon_distutils_commands:/home/za1van/ros2_ws/install/3t/lib/python3.12/site-packages:${PYTHONPATH} /usr/bin/python3 -W ignore:setup.py install is deprecated -W ignore:easy_install command is deprecated setup.py egg_info --egg-base ../../build/3t build --build-base /home/za1van/ros2_ws/build/3t/build install --record /home/za1van/ros2_ws/build/3t/install.log --single-version-externally-managed install_data
[4.836s] Level 1:colcon.colcon_core.environment:checking '/home/za1van/ros2_ws/install/3t' for CMake config files
[4.838s] Level 1:colcon.colcon_core.environment:checking '/home/za1van/ros2_ws/install/3t/lib'
[4.838s] Level 1:colcon.colcon_core.environment:checking '/home/za1van/ros2_ws/install/3t/bin'
[4.838s] Level 1:colcon.colcon_core.environment:checking '/home/za1van/ros2_ws/install/3t/lib/pkgconfig/3t.pc'
[4.839s] Level 1:colcon.colcon_core.environment:checking '/home/za1van/ros2_ws/install/3t/lib/python3.12/site-packages'
[4.839s] Level 1:colcon.colcon_core.shell:create_environment_hook('3t', 'pythonpath')
[4.839s] INFO:colcon.colcon_core.shell:Creating environment hook '/home/za1van/ros2_ws/install/3t/share/3t/hook/pythonpath.ps1'
[4.840s] INFO:colcon.colcon_core.shell:Creating environment descriptor '/home/za1van/ros2_ws/install/3t/share/3t/hook/pythonpath.dsv'
[4.840s] INFO:colcon.colcon_core.shell:Creating environment hook '/home/za1van/ros2_ws/install/3t/share/3t/hook/pythonpath.sh'
[4.841s] Level 1:colcon.colcon_core.environment:checking '/home/za1van/ros2_ws/install/3t/bin'
[4.841s] Level 1:colcon.colcon_core.environment:create_environment_scripts_only(3t)
[4.842s] INFO:colcon.colcon_core.shell:Creating package script '/home/za1van/ros2_ws/install/3t/share/3t/package.ps1'
[4.842s] INFO:colcon.colcon_core.shell:Creating package descriptor '/home/za1van/ros2_ws/install/3t/share/3t/package.dsv'
[4.843s] INFO:colcon.colcon_core.shell:Creating package script '/home/za1van/ros2_ws/install/3t/share/3t/package.sh'
[4.843s] INFO:colcon.colcon_core.shell:Creating package script '/home/za1van/ros2_ws/install/3t/share/3t/package.bash'
[4.844s] INFO:colcon.colcon_core.shell:Creating package script '/home/za1van/ros2_ws/install/3t/share/3t/package.zsh'
[4.844s] Level 1:colcon.colcon_core.environment:create_file_with_runtime_dependencies(/home/za1van/ros2_ws/install/3t/share/colcon-core/packages/3t)
[4.846s] Level 1:colcon.colcon_core.environment:checking '/home/za1van/ros2_ws/install/my_service_server' for CMake module files
[4.847s] DEBUG:colcon.colcon_core.event_handler.log_command:Invoked command in '/home/za1van/ros2_ws/src/my_service_server' returned '0': DEBUGINFOD_URLS=https://debuginfod.ubuntu.com PYTHONPATH=/home/za1van/ros2_ws/build/my_service_server/prefix_override:/usr/lib/python3/dist-packages/colcon_core/task/python/colcon_distutils_commands:/home/za1van/ros2_ws/install/my_service_server/lib/python3.12/site-packages:${PYTHONPATH} /usr/bin/python3 -W ignore:setup.py install is deprecated -W ignore:easy_install command is deprecated setup.py egg_info --egg-base ../../build/my_service_server build --build-base /home/za1van/ros2_ws/build/my_service_server/build install --record /home/za1van/ros2_ws/build/my_service_server/install.log --single-version-externally-managed install_data
[4.847s] Level 1:colcon.colcon_core.environment:checking '/home/za1van/ros2_ws/install/my_service_server' for CMake config files
[4.848s] Level 1:colcon.colcon_core.environment:checking '/home/za1van/ros2_ws/install/my_service_server/lib'
[4.848s] Level 1:colcon.colcon_core.environment:checking '/home/za1van/ros2_ws/install/my_service_server/bin'
[4.848s] Level 1:colcon.colcon_core.environment:checking '/home/za1van/ros2_ws/install/my_service_server/lib/pkgconfig/my_service_server.pc'
[4.849s] Level 1:colcon.colcon_core.environment:checking '/home/za1van/ros2_ws/install/my_service_server/lib/python3.12/site-packages'
[4.849s] Level 1:colcon.colcon_core.shell:create_environment_hook('my_service_server', 'pythonpath')
[4.849s] INFO:colcon.colcon_core.shell:Creating environment hook '/home/za1van/ros2_ws/install/my_service_server/share/my_service_server/hook/pythonpath.ps1'
[4.850s] INFO:colcon.colcon_core.shell:Creating environment descriptor '/home/za1van/ros2_ws/install/my_service_server/share/my_service_server/hook/pythonpath.dsv'
[4.851s] INFO:colcon.colcon_core.shell:Creating environment hook '/home/za1van/ros2_ws/install/my_service_server/share/my_service_server/hook/pythonpath.sh'
[4.852s] Level 1:colcon.colcon_core.environment:checking '/home/za1van/ros2_ws/install/my_service_server/bin'
[4.852s] Level 1:colcon.colcon_core.environment:create_environment_scripts_only(my_service_server)
[4.852s] INFO:colcon.colcon_core.shell:Creating package script '/home/za1van/ros2_ws/install/my_service_server/share/my_service_server/package.ps1'
[4.853s] INFO:colcon.colcon_core.shell:Creating package descriptor '/home/za1van/ros2_ws/install/my_service_server/share/my_service_server/package.dsv'
[4.853s] INFO:colcon.colcon_core.shell:Creating package script '/home/za1van/ros2_ws/install/my_service_server/share/my_service_server/package.sh'
[4.854s] INFO:colcon.colcon_core.shell:Creating package script '/home/za1van/ros2_ws/install/my_service_server/share/my_service_server/package.bash'
[4.855s] INFO:colcon.colcon_core.shell:Creating package script '/home/za1van/ros2_ws/install/my_service_server/share/my_service_server/package.zsh'
[4.855s] Level 1:colcon.colcon_core.environment:create_file_with_runtime_dependencies(/home/za1van/ros2_ws/install/my_service_server/share/colcon-core/packages/my_service_server)
[5.205s] Level 1:colcon.colcon_core.environment:checking '/home/za1van/ros2_ws/install/my_turtle_controller' for CMake module files
[5.206s] DEBUG:colcon.colcon_core.event_handler.log_command:Invoked command in '/home/za1van/ros2_ws/src/my_turtle_controller' returned '0': DEBUGINFOD_URLS=https://debuginfod.ubuntu.com PYTHONPATH=/home/za1van/ros2_ws/build/my_turtle_controller/prefix_override:/usr/lib/python3/dist-packages/colcon_core/task/python/colcon_distutils_commands:/home/za1van/ros2_ws/install/my_turtle_controller/lib/python3.12/site-packages:${PYTHONPATH} /usr/bin/python3 -W ignore:setup.py install is deprecated -W ignore:easy_install command is deprecated setup.py egg_info --egg-base ../../build/my_turtle_controller build --build-base /home/za1van/ros2_ws/build/my_turtle_controller/build install --record /home/za1van/ros2_ws/build/my_turtle_controller/install.log --single-version-externally-managed install_data
[5.206s] Level 1:colcon.colcon_core.environment:checking '/home/za1van/ros2_ws/install/my_turtle_controller' for CMake config files
[5.207s] Level 1:colcon.colcon_core.environment:checking '/home/za1van/ros2_ws/install/my_turtle_controller/lib'
[5.207s] Level 1:colcon.colcon_core.environment:checking '/home/za1van/ros2_ws/install/my_turtle_controller/bin'
[5.207s] Level 1:colcon.colcon_core.environment:checking '/home/za1van/ros2_ws/install/my_turtle_controller/lib/pkgconfig/my_turtle_controller.pc'
[5.208s] Level 1:colcon.colcon_core.environment:checking '/home/za1van/ros2_ws/install/my_turtle_controller/lib/python3.12/site-packages'
[5.208s] Level 1:colcon.colcon_core.shell:create_environment_hook('my_turtle_controller', 'pythonpath')
[5.208s] INFO:colcon.colcon_core.shell:Creating environment hook '/home/za1van/ros2_ws/install/my_turtle_controller/share/my_turtle_controller/hook/pythonpath.ps1'
[5.209s] INFO:colcon.colcon_core.shell:Creating environment descriptor '/home/za1van/ros2_ws/install/my_turtle_controller/share/my_turtle_controller/hook/pythonpath.dsv'
[5.210s] INFO:colcon.colcon_core.shell:Creating environment hook '/home/za1van/ros2_ws/install/my_turtle_controller/share/my_turtle_controller/hook/pythonpath.sh'
[5.211s] Level 1:colcon.colcon_core.environment:checking '/home/za1van/ros2_ws/install/my_turtle_controller/bin'
[5.211s] Level 1:colcon.colcon_core.environment:create_environment_scripts_only(my_turtle_controller)
[5.211s] INFO:colcon.colcon_core.shell:Creating package script '/home/za1van/ros2_ws/install/my_turtle_controller/share/my_turtle_controller/package.ps1'
[5.212s] INFO:colcon.colcon_core.shell:Creating package descriptor '/home/za1van/ros2_ws/install/my_turtle_controller/share/my_turtle_controller/package.dsv'
[5.212s] INFO:colcon.colcon_core.shell:Creating package script '/home/za1van/ros2_ws/install/my_turtle_controller/share/my_turtle_controller/package.sh'
[5.213s] INFO:colcon.colcon_core.shell:Creating package script '/home/za1van/ros2_ws/install/my_turtle_controller/share/my_turtle_controller/package.bash'
[5.213s] INFO:colcon.colcon_core.shell:Creating package script '/home/za1van/ros2_ws/install/my_turtle_controller/share/my_turtle_controller/package.zsh'
[5.214s] Level 1:colcon.colcon_core.environment:create_file_with_runtime_dependencies(/home/za1van/ros2_ws/install/my_turtle_controller/share/colcon-core/packages/my_turtle_controller)
[5.757s] DEBUG:colcon.colcon_core.event_handler.log_command:Invoking command in '/home/za1van/ros2_ws/src/my_service_client': AMENT_PREFIX_PATH=/home/za1van/ros2_ws/install/my_service_interfaces:${AMENT_PREFIX_PATH} CMAKE_PREFIX_PATH=/home/za1van/ros2_ws/install/my_service_interfaces:${CMAKE_PREFIX_PATH} DEBUGINFOD_URLS=https://debuginfod.ubuntu.com LD_LIBRARY_PATH=/home/za1van/ros2_ws/install/my_service_interfaces/lib:${LD_LIBRARY_PATH} PYTHONPATH=/home/za1van/ros2_ws/build/my_service_client/prefix_override:/usr/lib/python3/dist-packages/colcon_core/task/python/colcon_distutils_commands:/home/za1van/ros2_ws/install/my_service_client/lib/python3.12/site-packages:/home/za1van/ros2_ws/install/my_service_interfaces/lib/python3.12/site-packages:${PYTHONPATH} /usr/bin/python3 -W ignore:setup.py install is deprecated -W ignore:easy_install command is deprecated setup.py egg_info --egg-base ../../build/my_service_client build --build-base /home/za1van/ros2_ws/build/my_service_client/build install --record /home/za1van/ros2_ws/build/my_service_client/install.log --single-version-externally-managed install_data
[6.554s] Level 1:colcon.colcon_core.environment:checking '/home/za1van/ros2_ws/install/my_service_client' for CMake module files
[6.555s] DEBUG:colcon.colcon_core.event_handler.log_command:Invoked command in '/home/za1van/ros2_ws/src/my_service_client' returned '0': AMENT_PREFIX_PATH=/home/za1van/ros2_ws/install/my_service_interfaces:${AMENT_PREFIX_PATH} CMAKE_PREFIX_PATH=/home/za1van/ros2_ws/install/my_service_interfaces:${CMAKE_PREFIX_PATH} DEBUGINFOD_URLS=https://debuginfod.ubuntu.com LD_LIBRARY_PATH=/home/za1van/ros2_ws/install/my_service_interfaces/lib:${LD_LIBRARY_PATH} PYTHONPATH=/home/za1van/ros2_ws/build/my_service_client/prefix_override:/usr/lib/python3/dist-packages/colcon_core/task/python/colcon_distutils_commands:/home/za1van/ros2_ws/install/my_service_client/lib/python3.12/site-packages:/home/za1van/ros2_ws/install/my_service_interfaces/lib/python3.12/site-packages:${PYTHONPATH} /usr/bin/python3 -W ignore:setup.py install is deprecated -W ignore:easy_install command is deprecated setup.py egg_info --egg-base ../../build/my_service_client build --build-base /home/za1van/ros2_ws/build/my_service_client/build install --record /home/za1van/ros2_ws/build/my_service_client/install.log --single-version-externally-managed install_data
[6.556s] Level 1:colcon.colcon_core.environment:checking '/home/za1van/ros2_ws/install/my_service_client' for CMake config files
[6.556s] Level 1:colcon.colcon_core.environment:checking '/home/za1van/ros2_ws/install/my_service_client/lib'
[6.556s] Level 1:colcon.colcon_core.environment:checking '/home/za1van/ros2_ws/install/my_service_client/bin'
[6.557s] Level 1:colcon.colcon_core.environment:checking '/home/za1van/ros2_ws/install/my_service_client/lib/pkgconfig/my_service_client.pc'
[6.557s] Level 1:colcon.colcon_core.environment:checking '/home/za1van/ros2_ws/install/my_service_client/lib/python3.12/site-packages'
[6.557s] Level 1:colcon.colcon_core.shell:create_environment_hook('my_service_client', 'pythonpath')
[6.557s] INFO:colcon.colcon_core.shell:Creating environment hook '/home/za1van/ros2_ws/install/my_service_client/share/my_service_client/hook/pythonpath.ps1'
[6.558s] INFO:colcon.colcon_core.shell:Creating environment descriptor '/home/za1van/ros2_ws/install/my_service_client/share/my_service_client/hook/pythonpath.dsv'
[6.559s] INFO:colcon.colcon_core.shell:Creating environment hook '/home/za1van/ros2_ws/install/my_service_client/share/my_service_client/hook/pythonpath.sh'
[6.559s] Level 1:colcon.colcon_core.environment:checking '/home/za1van/ros2_ws/install/my_service_client/bin'
[6.559s] Level 1:colcon.colcon_core.environment:create_environment_scripts_only(my_service_client)
[6.560s] INFO:colcon.colcon_core.shell:Creating package script '/home/za1van/ros2_ws/install/my_service_client/share/my_service_client/package.ps1'
[6.560s] INFO:colcon.colcon_core.shell:Creating package descriptor '/home/za1van/ros2_ws/install/my_service_client/share/my_service_client/package.dsv'
[6.561s] INFO:colcon.colcon_core.shell:Creating package script '/home/za1van/ros2_ws/install/my_service_client/share/my_service_client/package.sh'
[6.561s] INFO:colcon.colcon_core.shell:Creating package script '/home/za1van/ros2_ws/install/my_service_client/share/my_service_client/package.bash'
[6.562s] INFO:colcon.colcon_core.shell:Creating package script '/home/za1van/ros2_ws/install/my_service_client/share/my_service_client/package.zsh'
[6.562s] Level 1:colcon.colcon_core.environment:create_file_with_runtime_dependencies(/home/za1van/ros2_ws/install/my_service_client/share/colcon-core/packages/my_service_client)
[6.563s] DEBUG:colcon.colcon_parallel_executor.executor.parallel:closing loop
[6.563s] DEBUG:colcon.colcon_parallel_executor.executor.parallel:loop closed
[6.563s] DEBUG:colcon.colcon_parallel_executor.executor.parallel:run_until_complete finished with '0'
[6.564s] DEBUG:colcon.colcon_core.event_reactor:joining thread
[6.571s] INFO:colcon.colcon_core.plugin_system:Skipping extension 'colcon_notification.desktop_notification.terminal_notifier': Not used on non-Darwin systems
[6.571s] INFO:colcon.colcon_core.plugin_system:Skipping extension 'colcon_notification.desktop_notification.win32': Not used on non-Windows systems
[6.571s] INFO:colcon.colcon_notification.desktop_notification:Sending desktop notification using 'notify2'
[6.578s] DEBUG:colcon.colcon_core.event_reactor:joined thread
[6.579s] INFO:colcon.colcon_core.shell:Creating prefix script '/home/za1van/ros2_ws/install/local_setup.ps1'
[6.580s] INFO:colcon.colcon_core.shell:Creating prefix util module '/home/za1van/ros2_ws/install/_local_setup_util_ps1.py'
[6.582s] INFO:colcon.colcon_core.shell:Creating prefix chain script '/home/za1van/ros2_ws/install/setup.ps1'
[6.583s] INFO:colcon.colcon_core.shell:Creating prefix script '/home/za1van/ros2_ws/install/local_setup.sh'
[6.584s] INFO:colcon.colcon_core.shell:Creating prefix util module '/home/za1van/ros2_ws/install/_local_setup_util_sh.py'
[6.585s] INFO:colcon.colcon_core.shell:Creating prefix chain script '/home/za1van/ros2_ws/install/setup.sh'
[6.586s] INFO:colcon.colcon_core.shell:Creating prefix script '/home/za1van/ros2_ws/install/local_setup.bash'
[6.586s] INFO:colcon.colcon_core.shell:Creating prefix chain script '/home/za1van/ros2_ws/install/setup.bash'
[6.587s] INFO:colcon.colcon_core.shell:Creating prefix script '/home/za1van/ros2_ws/install/local_setup.zsh'
[6.588s] INFO:colcon.colcon_core.shell:Creating prefix chain script '/home/za1van/ros2_ws/install/setup.zsh'
