[3.319s] Invoking command in '/home/za1van/ros2_ws/src/my_service_client': AMENT_PREFIX_PATH=/home/za1van/ros2_ws/src/install/my_service_interfaces:${AMENT_PREFIX_PATH} CMAKE_PREFIX_PATH=/home/za1van/ros2_ws/src/install/my_service_interfaces:${CMAKE_PREFIX_PATH} DEBUGINFOD_URLS=https://debuginfod.ubuntu.com LD_LIBRARY_PATH=/home/za1van/ros2_ws/src/install/my_service_interfaces/lib:${LD_LIBRARY_PATH} PYTHONPATH=/home/za1van/ros2_ws/src/build/my_service_client/prefix_override:/usr/lib/python3/dist-packages/colcon_core/task/python/colcon_distutils_commands:/home/za1van/ros2_ws/src/install/my_service_client/lib/python3.12/site-packages:/home/za1van/ros2_ws/src/install/my_service_interfaces/lib/python3.12/site-packages:${PYTHONPATH} /usr/bin/python3 -W ignore:setup.py install is deprecated -W ignore:easy_install command is deprecated setup.py egg_info --egg-base ../build/my_service_client build --build-base /home/za1van/ros2_ws/src/build/my_service_client/build install --record /home/za1van/ros2_ws/src/build/my_service_client/install.log --single-version-externally-managed install_data
[4.303s] running egg_info
[4.353s] writing ../build/my_service_client/my_service_client.egg-info/PKG-INFO
[4.354s] writing dependency_links to ../build/my_service_client/my_service_client.egg-info/dependency_links.txt
[4.354s] writing entry points to ../build/my_service_client/my_service_client.egg-info/entry_points.txt
[4.355s] writing requirements to ../build/my_service_client/my_service_client.egg-info/requires.txt
[4.355s] writing top-level names to ../build/my_service_client/my_service_client.egg-info/top_level.txt
[4.445s] reading manifest file '../build/my_service_client/my_service_client.egg-info/SOURCES.txt'
[4.447s] writing manifest file '../build/my_service_client/my_service_client.egg-info/SOURCES.txt'
[4.447s] running build
[4.447s] running build_py
[4.448s] running install
[4.462s] running install_lib
[4.500s] running install_data
[4.500s] running install_egg_info
[4.542s] removing '/home/za1van/ros2_ws/src/install/my_service_client/lib/python3.12/site-packages/my_service_client-0.0.0-py3.12.egg-info' (and everything under it)
[4.542s] Copying ../build/my_service_client/my_service_client.egg-info to /home/za1van/ros2_ws/src/install/my_service_client/lib/python3.12/site-packages/my_service_client-0.0.0-py3.12.egg-info
[4.544s] running install_scripts
[4.777s] Installing velocity_client script to /home/za1van/ros2_ws/src/install/my_service_client/lib/my_service_client
[4.778s] writing list of installed files to '/home/za1van/ros2_ws/src/build/my_service_client/install.log'
[4.828s] Invoked command in '/home/za1van/ros2_ws/src/my_service_client' returned '0': AMENT_PREFIX_PATH=/home/za1van/ros2_ws/src/install/my_service_interfaces:${AMENT_PREFIX_PATH} CMAKE_PREFIX_PATH=/home/za1van/ros2_ws/src/install/my_service_interfaces:${CMAKE_PREFIX_PATH} DEBUGINFOD_URLS=https://debuginfod.ubuntu.com LD_LIBRARY_PATH=/home/za1van/ros2_ws/src/install/my_service_interfaces/lib:${LD_LIBRARY_PATH} PYTHONPATH=/home/za1van/ros2_ws/src/build/my_service_client/prefix_override:/usr/lib/python3/dist-packages/colcon_core/task/python/colcon_distutils_commands:/home/za1van/ros2_ws/src/install/my_service_client/lib/python3.12/site-packages:/home/za1van/ros2_ws/src/install/my_service_interfaces/lib/python3.12/site-packages:${PYTHONPATH} /usr/bin/python3 -W ignore:setup.py install is deprecated -W ignore:easy_install command is deprecated setup.py egg_info --egg-base ../build/my_service_client build --build-base /home/za1van/ros2_ws/src/build/my_service_client/build install --record /home/za1van/ros2_ws/src/build/my_service_client/install.log --single-version-externally-managed install_data
