[1.403s] Invoking command in '/home/za1van/ros2_ws/src/my_calculate_action': DEBUGINFOD_URLS=https://debuginfod.ubuntu.com PYTHONPATH=/home/za1van/ros2_ws/build/my_calculate_action/prefix_override:/usr/lib/python3/dist-packages/colcon_core/task/python/colcon_distutils_commands:/home/za1van/ros2_ws/install/my_calculate_action/lib/python3.12/site-packages:${PYTHONPATH} /usr/bin/python3 -W ignore:setup.py install is deprecated -W ignore:easy_install command is deprecated setup.py egg_info --egg-base ../../build/my_calculate_action build --build-base /home/za1van/ros2_ws/build/my_calculate_action/build install --record /home/za1van/ros2_ws/build/my_calculate_action/install.log --single-version-externally-managed install_data
[1.841s] running egg_info
[1.874s] writing ../../build/my_calculate_action/my_calculate_action.egg-info/PKG-INFO
[1.874s] writing dependency_links to ../../build/my_calculate_action/my_calculate_action.egg-info/dependency_links.txt
[1.875s] writing entry points to ../../build/my_calculate_action/my_calculate_action.egg-info/entry_points.txt
[1.875s] writing requirements to ../../build/my_calculate_action/my_calculate_action.egg-info/requires.txt
[1.875s] writing top-level names to ../../build/my_calculate_action/my_calculate_action.egg-info/top_level.txt
[1.943s] reading manifest file '../../build/my_calculate_action/my_calculate_action.egg-info/SOURCES.txt'
[1.944s] writing manifest file '../../build/my_calculate_action/my_calculate_action.egg-info/SOURCES.txt'
[1.944s] running build
[1.944s] running build_py
[1.944s] copying my_calculate_action/calculate_action_client.py -> /home/za1van/ros2_ws/build/my_calculate_action/build/lib/my_calculate_action
[1.945s] copying my_calculate_action/publisher_node.py -> /home/za1van/ros2_ws/build/my_calculate_action/build/lib/my_calculate_action
[1.945s] running install
[1.954s] running install_lib
[1.986s] copying /home/za1van/ros2_ws/build/my_calculate_action/build/lib/my_calculate_action/calculate_action_client.py -> /home/za1van/ros2_ws/install/my_calculate_action/lib/python3.12/site-packages/my_calculate_action
[1.986s] copying /home/za1van/ros2_ws/build/my_calculate_action/build/lib/my_calculate_action/publisher_node.py -> /home/za1van/ros2_ws/install/my_calculate_action/lib/python3.12/site-packages/my_calculate_action
[1.987s] byte-compiling /home/za1van/ros2_ws/install/my_calculate_action/lib/python3.12/site-packages/my_calculate_action/calculate_action_client.py to calculate_action_client.cpython-312.pyc
[1.988s] byte-compiling /home/za1van/ros2_ws/install/my_calculate_action/lib/python3.12/site-packages/my_calculate_action/publisher_node.py to publisher_node.cpython-312.pyc
[1.989s] running install_data
[1.990s] running install_egg_info
[2.024s] removing '/home/za1van/ros2_ws/install/my_calculate_action/lib/python3.12/site-packages/my_calculate_action-0.0.0-py3.12.egg-info' (and everything under it)
[2.024s] Copying ../../build/my_calculate_action/my_calculate_action.egg-info to /home/za1van/ros2_ws/install/my_calculate_action/lib/python3.12/site-packages/my_calculate_action-0.0.0-py3.12.egg-info
[2.026s] running install_scripts
[2.234s] Installing calculate_action_client script to /home/za1van/ros2_ws/install/my_calculate_action/lib/my_calculate_action
[2.234s] Installing calculate_action_server script to /home/za1van/ros2_ws/install/my_calculate_action/lib/my_calculate_action
[2.234s] Installing number_publisher script to /home/za1van/ros2_ws/install/my_calculate_action/lib/my_calculate_action
[2.235s] writing list of installed files to '/home/za1van/ros2_ws/build/my_calculate_action/install.log'
[2.275s] Invoked command in '/home/za1van/ros2_ws/src/my_calculate_action' returned '0': DEBUGINFOD_URLS=https://debuginfod.ubuntu.com PYTHONPATH=/home/za1van/ros2_ws/build/my_calculate_action/prefix_override:/usr/lib/python3/dist-packages/colcon_core/task/python/colcon_distutils_commands:/home/za1van/ros2_ws/install/my_calculate_action/lib/python3.12/site-packages:${PYTHONPATH} /usr/bin/python3 -W ignore:setup.py install is deprecated -W ignore:easy_install command is deprecated setup.py egg_info --egg-base ../../build/my_calculate_action build --build-base /home/za1van/ros2_ws/build/my_calculate_action/build install --record /home/za1van/ros2_ws/build/my_calculate_action/install.log --single-version-externally-managed install_data
