[3.262s] Invoking command in '/home/za1van/ros2_ws/src/my_service_server': DEBUGINFOD_URLS=https://debuginfod.ubuntu.com PYTHONPATH=/home/za1van/ros2_ws/src/build/my_service_server/prefix_override:/usr/lib/python3/dist-packages/colcon_core/task/python/colcon_distutils_commands:/home/za1van/ros2_ws/src/install/my_service_server/lib/python3.12/site-packages:${PYTHONPATH} /usr/bin/python3 -W ignore:setup.py install is deprecated -W ignore:easy_install command is deprecated setup.py egg_info --egg-base ../build/my_service_server build --build-base /home/za1van/ros2_ws/src/build/my_service_server/build install --record /home/za1van/ros2_ws/src/build/my_service_server/install.log --single-version-externally-managed install_data
[4.056s] running egg_info
[4.219s] writing ../build/my_service_server/my_service_server.egg-info/PKG-INFO
[4.226s] writing dependency_links to ../build/my_service_server/my_service_server.egg-info/dependency_links.txt
[4.227s] writing entry points to ../build/my_service_server/my_service_server.egg-info/entry_points.txt
[4.227s] writing requirements to ../build/my_service_server/my_service_server.egg-info/requires.txt
[4.231s] writing top-level names to ../build/my_service_server/my_service_server.egg-info/top_level.txt
[4.477s] reading manifest file '../build/my_service_server/my_service_server.egg-info/SOURCES.txt'
[4.481s] writing manifest file '../build/my_service_server/my_service_server.egg-info/SOURCES.txt'
[4.481s] running build
[4.481s] running build_py
[4.481s] running install
[4.497s] running install_lib
[4.563s] running install_data
[4.563s] running install_egg_info
[4.637s] removing '/home/za1van/ros2_ws/src/install/my_service_server/lib/python3.12/site-packages/my_service_server-0.0.0-py3.12.egg-info' (and everything under it)
[4.639s] Copying ../build/my_service_server/my_service_server.egg-info to /home/za1van/ros2_ws/src/install/my_service_server/lib/python3.12/site-packages/my_service_server-0.0.0-py3.12.egg-info
[4.645s] running install_scripts
[5.194s] Installing velocity_server script to /home/za1van/ros2_ws/src/install/my_service_server/lib/my_service_server
[5.197s] writing list of installed files to '/home/za1van/ros2_ws/src/build/my_service_server/install.log'
[5.275s] Invoked command in '/home/za1van/ros2_ws/src/my_service_server' returned '0': DEBUGINFOD_URLS=https://debuginfod.ubuntu.com PYTHONPATH=/home/za1van/ros2_ws/src/build/my_service_server/prefix_override:/usr/lib/python3/dist-packages/colcon_core/task/python/colcon_distutils_commands:/home/za1van/ros2_ws/src/install/my_service_server/lib/python3.12/site-packages:${PYTHONPATH} /usr/bin/python3 -W ignore:setup.py install is deprecated -W ignore:easy_install command is deprecated setup.py egg_info --egg-base ../build/my_service_server build --build-base /home/za1van/ros2_ws/src/build/my_service_server/build install --record /home/za1van/ros2_ws/src/build/my_service_server/install.log --single-version-externally-managed install_data
