[0.015s] Invoking command in '/home/za1van/ros2_ws/build/my_custom_interface': CMAKE_PREFIX_PATH=${CMAKE_PREFIX_PATH}:/home/za1van/ros2_ws/install/my_turtle_controller:/home/za1van/ros2_ws/install/my_service_server:/home/za1van/ros2_ws/install/my_service_client:/home/za1van/ros2_ws/install/my_project_start:/home/za1van/ros2_ws/install/my_calculate_action:/home/za1van/ros2_ws/install/3t:/opt/ros/jazzy DEBUGINFOD_URLS=https://debuginfod.ubuntu.com /usr/bin/cmake --build /home/za1van/ros2_ws/build/my_custom_interface -- -j4 -l4
[0.094s] [  2%] Built target my_custom_interface__rosidl_generator_type_description
[0.097s] [  2%] Built target ament_cmake_python_copy_my_custom_interface
[0.117s] [  5%] Built target my_custom_interface__cpp
[0.147s] [ 20%] Built target my_custom_interface__rosidl_generator_c
[0.212s] [ 29%] Built target my_custom_interface__rosidl_typesupport_introspection_cpp
[0.213s] [ 38%] Built target my_custom_interface__rosidl_typesupport_cpp
[0.220s] [ 47%] Built target my_custom_interface__rosidl_typesupport_fastrtps_cpp
[0.262s] [ 55%] Built target my_custom_interface__rosidl_typesupport_introspection_c
[0.271s] [ 64%] Built target my_custom_interface__rosidl_typesupport_c
[0.272s] [ 73%] Built target my_custom_interface__rosidl_typesupport_fastrtps_c
[0.305s] [ 73%] Built target my_custom_interface
[0.343s] [ 76%] Built target my_custom_interface__py
[0.387s] [ 82%] Built target my_custom_interface__rosidl_generator_py
[0.452s] [ 88%] Built target my_custom_interface_s__rosidl_typesupport_introspection_c
[0.467s] [ 94%] Built target my_custom_interface_s__rosidl_typesupport_c
[0.471s] [100%] Built target my_custom_interface_s__rosidl_typesupport_fastrtps_c
[0.704s] running egg_info
[0.770s] writing my_custom_interface.egg-info/PKG-INFO
[0.770s] writing dependency_links to my_custom_interface.egg-info/dependency_links.txt
[0.771s] writing top-level names to my_custom_interface.egg-info/top_level.txt
[0.991s] reading manifest file 'my_custom_interface.egg-info/SOURCES.txt'
[0.997s] writing manifest file 'my_custom_interface.egg-info/SOURCES.txt'
[1.062s] [100%] Built target ament_cmake_python_build_my_custom_interface_egg
[1.079s] Invoked command in '/home/za1van/ros2_ws/build/my_custom_interface' returned '0': CMAKE_PREFIX_PATH=${CMAKE_PREFIX_PATH}:/home/za1van/ros2_ws/install/my_turtle_controller:/home/za1van/ros2_ws/install/my_service_server:/home/za1van/ros2_ws/install/my_service_client:/home/za1van/ros2_ws/install/my_project_start:/home/za1van/ros2_ws/install/my_calculate_action:/home/za1van/ros2_ws/install/3t:/opt/ros/jazzy DEBUGINFOD_URLS=https://debuginfod.ubuntu.com /usr/bin/cmake --build /home/za1van/ros2_ws/build/my_custom_interface -- -j4 -l4
[1.080s] Invoking command in '/home/za1van/ros2_ws/build/my_custom_interface': CMAKE_PREFIX_PATH=${CMAKE_PREFIX_PATH}:/home/za1van/ros2_ws/install/my_turtle_controller:/home/za1van/ros2_ws/install/my_service_server:/home/za1van/ros2_ws/install/my_service_client:/home/za1van/ros2_ws/install/my_project_start:/home/za1van/ros2_ws/install/my_calculate_action:/home/za1van/ros2_ws/install/3t:/opt/ros/jazzy DEBUGINFOD_URLS=https://debuginfod.ubuntu.com /usr/bin/cmake --install /home/za1van/ros2_ws/build/my_custom_interface
[1.098s] -- Install configuration: ""
[1.099s] -- Up-to-date: /home/za1van/ros2_ws/install/my_custom_interface/share/ament_index/resource_index/rosidl_interfaces/my_custom_interface
[1.099s] -- Up-to-date: /home/za1van/ros2_ws/install/my_custom_interface/share/my_custom_interface/msg/Numbers.json
[1.099s] -- Up-to-date: /home/za1van/ros2_ws/install/my_custom_interface/include/my_custom_interface/my_custom_interface
[1.100s] -- Up-to-date: /home/za1van/ros2_ws/install/my_custom_interface/include/my_custom_interface/my_custom_interface/msg
[1.100s] -- Up-to-date: /home/za1van/ros2_ws/install/my_custom_interface/include/my_custom_interface/my_custom_interface/msg/rosidl_generator_c__visibility_control.h
[1.100s] -- Up-to-date: /home/za1van/ros2_ws/install/my_custom_interface/include/my_custom_interface/my_custom_interface/msg/detail
[1.101s] -- Up-to-date: /home/za1van/ros2_ws/install/my_custom_interface/include/my_custom_interface/my_custom_interface/msg/detail/numbers__functions.c
[1.101s] -- Up-to-date: /home/za1van/ros2_ws/install/my_custom_interface/include/my_custom_interface/my_custom_interface/msg/detail/numbers__struct.h
[1.101s] -- Installing: /home/za1van/ros2_ws/install/my_custom_interface/include/my_custom_interface/my_custom_interface/msg/detail/numbers__type_support.c
[1.104s] -- Up-to-date: /home/za1van/ros2_ws/install/my_custom_interface/include/my_custom_interface/my_custom_interface/msg/detail/numbers__description.c
[1.104s] -- Up-to-date: /home/za1van/ros2_ws/install/my_custom_interface/include/my_custom_interface/my_custom_interface/msg/detail/numbers__type_support.h
[1.105s] -- Up-to-date: /home/za1van/ros2_ws/install/my_custom_interface/include/my_custom_interface/my_custom_interface/msg/detail/numbers__functions.h
[1.105s] -- Up-to-date: /home/za1van/ros2_ws/install/my_custom_interface/include/my_custom_interface/my_custom_interface/msg/numbers.h
[1.105s] -- Up-to-date: /home/za1van/ros2_ws/install/my_custom_interface/share/my_custom_interface/environment/library_path.sh
[1.105s] -- Up-to-date: /home/za1van/ros2_ws/install/my_custom_interface/share/my_custom_interface/environment/library_path.dsv
[1.105s] -- Up-to-date: /home/za1van/ros2_ws/install/my_custom_interface/lib/libmy_custom_interface__rosidl_generator_c.so
[1.105s] -- Up-to-date: /home/za1van/ros2_ws/install/my_custom_interface/include/my_custom_interface/my_custom_interface
[1.106s] -- Up-to-date: /home/za1van/ros2_ws/install/my_custom_interface/include/my_custom_interface/my_custom_interface/msg
[1.106s] -- Up-to-date: /home/za1van/ros2_ws/install/my_custom_interface/include/my_custom_interface/my_custom_interface/msg/rosidl_typesupport_fastrtps_c__visibility_control.h
[1.106s] -- Up-to-date: /home/za1van/ros2_ws/install/my_custom_interface/include/my_custom_interface/my_custom_interface/msg/detail
[1.106s] -- Up-to-date: /home/za1van/ros2_ws/install/my_custom_interface/include/my_custom_interface/my_custom_interface/msg/detail/numbers__rosidl_typesupport_fastrtps_c.h
[1.106s] -- Up-to-date: /home/za1van/ros2_ws/install/my_custom_interface/lib/libmy_custom_interface__rosidl_typesupport_fastrtps_c.so
[1.108s] -- Up-to-date: /home/za1van/ros2_ws/install/my_custom_interface/include/my_custom_interface/my_custom_interface
[1.109s] -- Up-to-date: /home/za1van/ros2_ws/install/my_custom_interface/include/my_custom_interface/my_custom_interface/msg
[1.110s] -- Up-to-date: /home/za1van/ros2_ws/install/my_custom_interface/include/my_custom_interface/my_custom_interface/msg/detail
[1.110s] -- Up-to-date: /home/za1van/ros2_ws/install/my_custom_interface/include/my_custom_interface/my_custom_interface/msg/detail/numbers__rosidl_typesupport_introspection_c.h
[1.110s] -- Installing: /home/za1van/ros2_ws/install/my_custom_interface/include/my_custom_interface/my_custom_interface/msg/detail/numbers__type_support.c
[1.110s] -- Up-to-date: /home/za1van/ros2_ws/install/my_custom_interface/include/my_custom_interface/my_custom_interface/msg/rosidl_typesupport_introspection_c__visibility_control.h
[1.110s] -- Up-to-date: /home/za1van/ros2_ws/install/my_custom_interface/lib/libmy_custom_interface__rosidl_typesupport_introspection_c.so
[1.111s] -- Up-to-date: /home/za1van/ros2_ws/install/my_custom_interface/lib/libmy_custom_interface__rosidl_typesupport_c.so
[1.112s] -- Up-to-date: /home/za1van/ros2_ws/install/my_custom_interface/include/my_custom_interface/my_custom_interface
[1.112s] -- Up-to-date: /home/za1van/ros2_ws/install/my_custom_interface/include/my_custom_interface/my_custom_interface/msg
[1.112s] -- Up-to-date: /home/za1van/ros2_ws/install/my_custom_interface/include/my_custom_interface/my_custom_interface/msg/rosidl_generator_cpp__visibility_control.hpp
[1.113s] -- Up-to-date: /home/za1van/ros2_ws/install/my_custom_interface/include/my_custom_interface/my_custom_interface/msg/numbers.hpp
[1.113s] -- Up-to-date: /home/za1van/ros2_ws/install/my_custom_interface/include/my_custom_interface/my_custom_interface/msg/detail
[1.114s] -- Up-to-date: /home/za1van/ros2_ws/install/my_custom_interface/include/my_custom_interface/my_custom_interface/msg/detail/numbers__struct.hpp
[1.114s] -- Up-to-date: /home/za1van/ros2_ws/install/my_custom_interface/include/my_custom_interface/my_custom_interface/msg/detail/numbers__builder.hpp
[1.115s] -- Up-to-date: /home/za1van/ros2_ws/install/my_custom_interface/include/my_custom_interface/my_custom_interface/msg/detail/numbers__type_support.hpp
[1.116s] -- Up-to-date: /home/za1van/ros2_ws/install/my_custom_interface/include/my_custom_interface/my_custom_interface/msg/detail/numbers__traits.hpp
[1.116s] -- Up-to-date: /home/za1van/ros2_ws/install/my_custom_interface/include/my_custom_interface/my_custom_interface
[1.116s] -- Up-to-date: /home/za1van/ros2_ws/install/my_custom_interface/include/my_custom_interface/my_custom_interface/msg
[1.117s] -- Up-to-date: /home/za1van/ros2_ws/install/my_custom_interface/include/my_custom_interface/my_custom_interface/msg/rosidl_typesupport_fastrtps_cpp__visibility_control.h
[1.117s] -- Up-to-date: /home/za1van/ros2_ws/install/my_custom_interface/include/my_custom_interface/my_custom_interface/msg/detail
[1.117s] -- Up-to-date: /home/za1van/ros2_ws/install/my_custom_interface/include/my_custom_interface/my_custom_interface/msg/detail/dds_fastrtps
[1.117s] -- Up-to-date: /home/za1van/ros2_ws/install/my_custom_interface/include/my_custom_interface/my_custom_interface/msg/detail/numbers__rosidl_typesupport_fastrtps_cpp.hpp
[1.117s] -- Up-to-date: /home/za1van/ros2_ws/install/my_custom_interface/lib/libmy_custom_interface__rosidl_typesupport_fastrtps_cpp.so
[1.118s] -- Up-to-date: /home/za1van/ros2_ws/install/my_custom_interface/include/my_custom_interface/my_custom_interface
[1.121s] -- Up-to-date: /home/za1van/ros2_ws/install/my_custom_interface/include/my_custom_interface/my_custom_interface/msg
[1.121s] -- Up-to-date: /home/za1van/ros2_ws/install/my_custom_interface/include/my_custom_interface/my_custom_interface/msg/detail
[1.122s] -- Up-to-date: /home/za1van/ros2_ws/install/my_custom_interface/include/my_custom_interface/my_custom_interface/msg/detail/numbers__rosidl_typesupport_introspection_cpp.hpp
[1.122s] -- Up-to-date: /home/za1van/ros2_ws/install/my_custom_interface/include/my_custom_interface/my_custom_interface/msg/detail/numbers__type_support.cpp
[1.122s] -- Up-to-date: /home/za1van/ros2_ws/install/my_custom_interface/lib/libmy_custom_interface__rosidl_typesupport_introspection_cpp.so
[1.122s] -- Up-to-date: /home/za1van/ros2_ws/install/my_custom_interface/lib/libmy_custom_interface__rosidl_typesupport_cpp.so
[1.122s] -- Up-to-date: /home/za1van/ros2_ws/install/my_custom_interface/share/my_custom_interface/environment/pythonpath.sh
[1.122s] -- Up-to-date: /home/za1van/ros2_ws/install/my_custom_interface/share/my_custom_interface/environment/pythonpath.dsv
[1.123s] -- Up-to-date: /home/za1van/ros2_ws/install/my_custom_interface/lib/python3.12/site-packages/my_custom_interface-0.0.0-py3.12.egg-info
[1.123s] -- Installing: /home/za1van/ros2_ws/install/my_custom_interface/lib/python3.12/site-packages/my_custom_interface-0.0.0-py3.12.egg-info/dependency_links.txt
[1.123s] -- Installing: /home/za1van/ros2_ws/install/my_custom_interface/lib/python3.12/site-packages/my_custom_interface-0.0.0-py3.12.egg-info/PKG-INFO
[1.123s] -- Installing: /home/za1van/ros2_ws/install/my_custom_interface/lib/python3.12/site-packages/my_custom_interface-0.0.0-py3.12.egg-info/top_level.txt
[1.124s] -- Installing: /home/za1van/ros2_ws/install/my_custom_interface/lib/python3.12/site-packages/my_custom_interface-0.0.0-py3.12.egg-info/SOURCES.txt
[1.124s] -- Up-to-date: /home/za1van/ros2_ws/install/my_custom_interface/lib/python3.12/site-packages/my_custom_interface
[1.129s] -- Up-to-date: /home/za1van/ros2_ws/install/my_custom_interface/lib/python3.12/site-packages/my_custom_interface/my_custom_interface_s__rosidl_typesupport_c.so
[1.129s] -- Up-to-date: /home/za1van/ros2_ws/install/my_custom_interface/lib/python3.12/site-packages/my_custom_interface/_my_custom_interface_s.ep.rosidl_typesupport_fastrtps_c.c
[1.130s] -- Up-to-date: /home/za1van/ros2_ws/install/my_custom_interface/lib/python3.12/site-packages/my_custom_interface/my_custom_interface_s__rosidl_typesupport_introspection_c.so
[1.130s] -- Up-to-date: /home/za1van/ros2_ws/install/my_custom_interface/lib/python3.12/site-packages/my_custom_interface/my_custom_interface_s__rosidl_typesupport_fastrtps_c.so
[1.130s] -- Up-to-date: /home/za1van/ros2_ws/install/my_custom_interface/lib/python3.12/site-packages/my_custom_interface/__init__.py
[1.130s] -- Up-to-date: /home/za1van/ros2_ws/install/my_custom_interface/lib/python3.12/site-packages/my_custom_interface/_my_custom_interface_s.ep.rosidl_typesupport_c.c
[1.130s] -- Up-to-date: /home/za1van/ros2_ws/install/my_custom_interface/lib/python3.12/site-packages/my_custom_interface/_my_custom_interface_s.ep.rosidl_typesupport_introspection_c.c
[1.130s] -- Up-to-date: /home/za1van/ros2_ws/install/my_custom_interface/lib/python3.12/site-packages/my_custom_interface/msg
[1.131s] -- Up-to-date: /home/za1van/ros2_ws/install/my_custom_interface/lib/python3.12/site-packages/my_custom_interface/msg/_numbers_s.c
[1.131s] -- Up-to-date: /home/za1van/ros2_ws/install/my_custom_interface/lib/python3.12/site-packages/my_custom_interface/msg/__init__.py
[1.132s] -- Up-to-date: /home/za1van/ros2_ws/install/my_custom_interface/lib/python3.12/site-packages/my_custom_interface/msg/_numbers.py
[1.314s] Listing '/home/za1van/ros2_ws/install/my_custom_interface/lib/python3.12/site-packages/my_custom_interface'...
[1.314s] Listing '/home/za1van/ros2_ws/install/my_custom_interface/lib/python3.12/site-packages/my_custom_interface/msg'...
[1.333s] -- Up-to-date: /home/za1van/ros2_ws/install/my_custom_interface/lib/python3.12/site-packages/my_custom_interface/my_custom_interface_s__rosidl_typesupport_fastrtps_c.so
[1.335s] -- Up-to-date: /home/za1van/ros2_ws/install/my_custom_interface/lib/python3.12/site-packages/my_custom_interface/my_custom_interface_s__rosidl_typesupport_introspection_c.so
[1.338s] -- Up-to-date: /home/za1van/ros2_ws/install/my_custom_interface/lib/python3.12/site-packages/my_custom_interface/my_custom_interface_s__rosidl_typesupport_c.so
[1.341s] -- Up-to-date: /home/za1van/ros2_ws/install/my_custom_interface/lib/libmy_custom_interface__rosidl_generator_py.so
[1.341s] -- Up-to-date: /home/za1van/ros2_ws/install/my_custom_interface/share/my_custom_interface/msg/Numbers.idl
[1.342s] -- Up-to-date: /home/za1van/ros2_ws/install/my_custom_interface/share/my_custom_interface/msg/Numbers.msg
[1.342s] -- Up-to-date: /home/za1van/ros2_ws/install/my_custom_interface/share/ament_index/resource_index/package_run_dependencies/my_custom_interface
[1.342s] -- Up-to-date: /home/za1van/ros2_ws/install/my_custom_interface/share/ament_index/resource_index/parent_prefix_path/my_custom_interface
[1.342s] -- Up-to-date: /home/za1van/ros2_ws/install/my_custom_interface/share/my_custom_interface/environment/ament_prefix_path.sh
[1.344s] -- Up-to-date: /home/za1van/ros2_ws/install/my_custom_interface/share/my_custom_interface/environment/ament_prefix_path.dsv
[1.346s] -- Up-to-date: /home/za1van/ros2_ws/install/my_custom_interface/share/my_custom_interface/environment/path.sh
[1.346s] -- Up-to-date: /home/za1van/ros2_ws/install/my_custom_interface/share/my_custom_interface/environment/path.dsv
[1.346s] -- Up-to-date: /home/za1van/ros2_ws/install/my_custom_interface/share/my_custom_interface/local_setup.bash
[1.346s] -- Up-to-date: /home/za1van/ros2_ws/install/my_custom_interface/share/my_custom_interface/local_setup.sh
[1.346s] -- Up-to-date: /home/za1van/ros2_ws/install/my_custom_interface/share/my_custom_interface/local_setup.zsh
[1.348s] -- Up-to-date: /home/za1van/ros2_ws/install/my_custom_interface/share/my_custom_interface/local_setup.dsv
[1.349s] -- Installing: /home/za1van/ros2_ws/install/my_custom_interface/share/my_custom_interface/package.dsv
[1.349s] -- Up-to-date: /home/za1van/ros2_ws/install/my_custom_interface/share/ament_index/resource_index/packages/my_custom_interface
[1.350s] -- Up-to-date: /home/za1van/ros2_ws/install/my_custom_interface/share/my_custom_interface/cmake/export_my_custom_interface__rosidl_generator_cExport.cmake
[1.350s] -- Up-to-date: /home/za1van/ros2_ws/install/my_custom_interface/share/my_custom_interface/cmake/export_my_custom_interface__rosidl_generator_cExport-noconfig.cmake
[1.351s] -- Up-to-date: /home/za1van/ros2_ws/install/my_custom_interface/share/my_custom_interface/cmake/export_my_custom_interface__rosidl_typesupport_fastrtps_cExport.cmake
[1.351s] -- Up-to-date: /home/za1van/ros2_ws/install/my_custom_interface/share/my_custom_interface/cmake/export_my_custom_interface__rosidl_typesupport_fastrtps_cExport-noconfig.cmake
[1.353s] -- Up-to-date: /home/za1van/ros2_ws/install/my_custom_interface/share/my_custom_interface/cmake/my_custom_interface__rosidl_typesupport_introspection_cExport.cmake
[1.354s] -- Up-to-date: /home/za1van/ros2_ws/install/my_custom_interface/share/my_custom_interface/cmake/my_custom_interface__rosidl_typesupport_introspection_cExport-noconfig.cmake
[1.354s] -- Up-to-date: /home/za1van/ros2_ws/install/my_custom_interface/share/my_custom_interface/cmake/my_custom_interface__rosidl_typesupport_cExport.cmake
[1.355s] -- Up-to-date: /home/za1van/ros2_ws/install/my_custom_interface/share/my_custom_interface/cmake/my_custom_interface__rosidl_typesupport_cExport-noconfig.cmake
[1.355s] -- Up-to-date: /home/za1van/ros2_ws/install/my_custom_interface/share/my_custom_interface/cmake/export_my_custom_interface__rosidl_generator_cppExport.cmake
[1.363s] -- Up-to-date: /home/za1van/ros2_ws/install/my_custom_interface/share/my_custom_interface/cmake/export_my_custom_interface__rosidl_typesupport_fastrtps_cppExport.cmake
[1.363s] -- Up-to-date: /home/za1van/ros2_ws/install/my_custom_interface/share/my_custom_interface/cmake/export_my_custom_interface__rosidl_typesupport_fastrtps_cppExport-noconfig.cmake
[1.363s] -- Up-to-date: /home/za1van/ros2_ws/install/my_custom_interface/share/my_custom_interface/cmake/my_custom_interface__rosidl_typesupport_introspection_cppExport.cmake
[1.364s] -- Up-to-date: /home/za1van/ros2_ws/install/my_custom_interface/share/my_custom_interface/cmake/my_custom_interface__rosidl_typesupport_introspection_cppExport-noconfig.cmake
[1.364s] -- Up-to-date: /home/za1van/ros2_ws/install/my_custom_interface/share/my_custom_interface/cmake/my_custom_interface__rosidl_typesupport_cppExport.cmake
[1.364s] -- Up-to-date: /home/za1van/ros2_ws/install/my_custom_interface/share/my_custom_interface/cmake/my_custom_interface__rosidl_typesupport_cppExport-noconfig.cmake
[1.364s] -- Up-to-date: /home/za1van/ros2_ws/install/my_custom_interface/share/my_custom_interface/cmake/export_my_custom_interface__rosidl_generator_pyExport.cmake
[1.364s] -- Up-to-date: /home/za1van/ros2_ws/install/my_custom_interface/share/my_custom_interface/cmake/export_my_custom_interface__rosidl_generator_pyExport-noconfig.cmake
[1.365s] -- Up-to-date: /home/za1van/ros2_ws/install/my_custom_interface/share/my_custom_interface/cmake/rosidl_cmake-extras.cmake
[1.365s] -- Up-to-date: /home/za1van/ros2_ws/install/my_custom_interface/share/my_custom_interface/cmake/ament_cmake_export_include_directories-extras.cmake
[1.365s] -- Up-to-date: /home/za1van/ros2_ws/install/my_custom_interface/share/my_custom_interface/cmake/ament_cmake_export_libraries-extras.cmake
[1.365s] -- Up-to-date: /home/za1van/ros2_ws/install/my_custom_interface/share/my_custom_interface/cmake/ament_cmake_export_targets-extras.cmake
[1.365s] -- Up-to-date: /home/za1van/ros2_ws/install/my_custom_interface/share/my_custom_interface/cmake/rosidl_cmake_export_typesupport_targets-extras.cmake
[1.365s] -- Up-to-date: /home/za1van/ros2_ws/install/my_custom_interface/share/my_custom_interface/cmake/ament_cmake_export_dependencies-extras.cmake
[1.366s] -- Up-to-date: /home/za1van/ros2_ws/install/my_custom_interface/share/my_custom_interface/cmake/rosidl_cmake_export_typesupport_libraries-extras.cmake
[1.366s] -- Up-to-date: /home/za1van/ros2_ws/install/my_custom_interface/share/my_custom_interface/cmake/my_custom_interfaceConfig.cmake
[1.371s] -- Up-to-date: /home/za1van/ros2_ws/install/my_custom_interface/share/my_custom_interface/cmake/my_custom_interfaceConfig-version.cmake
[1.371s] -- Up-to-date: /home/za1van/ros2_ws/install/my_custom_interface/share/my_custom_interface/package.xml
[1.372s] Invoked command in '/home/za1van/ros2_ws/build/my_custom_interface' returned '0': CMAKE_PREFIX_PATH=${CMAKE_PREFIX_PATH}:/home/za1van/ros2_ws/install/my_turtle_controller:/home/za1van/ros2_ws/install/my_service_server:/home/za1van/ros2_ws/install/my_service_client:/home/za1van/ros2_ws/install/my_project_start:/home/za1van/ros2_ws/install/my_calculate_action:/home/za1van/ros2_ws/install/3t:/opt/ros/jazzy DEBUGINFOD_URLS=https://debuginfod.ubuntu.com /usr/bin/cmake --install /home/za1van/ros2_ws/build/my_custom_interface
