[0.168s] DEBUG:colcon:Command line arguments: ['/usr/bin/colcon', 'build']
[0.168s] DEBUG:colcon:Parsed command line arguments: Namespace(log_base=None, log_level=None, verb_name='build', build_base='build', install_base='install', merge_install=False, symlink_install=False, test_result_base=None, continue_on_error=False, executor='parallel', parallel_workers=4, event_handlers=None, ignore_user_meta=False, metas=['./colcon.meta'], base_paths=['.'], packages_ignore=None, packages_ignore_regex=None, paths=None, packages_up_to=None, packages_up_to_regex=None, packages_above=None, packages_above_and_dependencies=None, packages_above_depth=None, packages_select_by_dep=None, packages_skip_by_dep=None, packages_skip_up_to=None, packages_select_build_failed=False, packages_skip_build_finished=False, packages_select_test_failures=False, packages_skip_test_passed=False, packages_select=None, packages_skip=None, packages_select_regex=None, packages_skip_regex=None, packages_start=None, packages_end=None, allow_overriding=[], cmake_args=None, cmake_target=None, cmake_target_skip_unavailable=False, cmake_clean_cache=False, cmake_clean_first=False, cmake_force_configure=False, ament_cmake_args=None, catkin_cmake_args=None, catkin_skip_building_tests=False, verb_parser=<colcon_defaults.argument_parser.defaults.DefaultArgumentsDecorator object at 0x796b76a26510>, verb_extension=<colcon_core.verb.build.BuildVerb object at 0x796b773f47a0>, main=<bound method BuildVerb.main of <colcon_core.verb.build.BuildVerb object at 0x796b773f47a0>>)
[0.218s] Level 1:colcon.colcon_core.package_discovery:discover_packages(colcon_meta) check parameters
[0.218s] Level 1:colcon.colcon_core.package_discovery:discover_packages(recursive) check parameters
[0.218s] Level 1:colcon.colcon_core.package_discovery:discover_packages(ignore) check parameters
[0.218s] Level 1:colcon.colcon_core.package_discovery:discover_packages(path) check parameters
[0.219s] Level 1:colcon.colcon_core.package_discovery:discover_packages(colcon_meta) discover
[0.219s] Level 1:colcon.colcon_core.package_discovery:discover_packages(recursive) discover
[0.219s] INFO:colcon.colcon_core.package_discovery:Crawling recursively for packages in '/home/za1van/ros2_ws'
[0.219s] Level 1:colcon.colcon_core.package_identification:_identify(.) by extensions ['ignore', 'ignore_ament_install']
[0.219s] Level 1:colcon.colcon_core.package_identification:_identify(.) by extension 'ignore'
[0.219s] Level 1:colcon.colcon_core.package_identification:_identify(.) by extension 'ignore_ament_install'
[0.219s] Level 1:colcon.colcon_core.package_identification:_identify(.) by extensions ['colcon_pkg']
[0.219s] Level 1:colcon.colcon_core.package_identification:_identify(.) by extension 'colcon_pkg'
[0.219s] Level 1:colcon.colcon_core.package_identification:_identify(.) by extensions ['colcon_meta']
[0.219s] Level 1:colcon.colcon_core.package_identification:_identify(.) by extension 'colcon_meta'
[0.219s] Level 1:colcon.colcon_core.package_identification:_identify(.) by extensions ['ros']
[0.219s] Level 1:colcon.colcon_core.package_identification:_identify(.) by extension 'ros'
[0.254s] Level 1:colcon.colcon_core.package_identification:_identify(.) by extensions ['cmake', 'python']
[0.254s] Level 1:colcon.colcon_core.package_identification:_identify(.) by extension 'cmake'
[0.254s] Level 1:colcon.colcon_core.package_identification:_identify(.) by extension 'python'
[0.254s] Level 1:colcon.colcon_core.package_identification:_identify(.) by extensions ['python_setup_py']
[0.254s] Level 1:colcon.colcon_core.package_identification:_identify(.) by extension 'python_setup_py'
[0.255s] Level 1:colcon.colcon_core.package_identification:_identify(build) by extensions ['ignore', 'ignore_ament_install']
[0.255s] Level 1:colcon.colcon_core.package_identification:_identify(build) by extension 'ignore'
[0.255s] Level 1:colcon.colcon_core.package_identification:_identify(build) ignored
[0.255s] Level 1:colcon.colcon_core.package_identification:_identify(install) by extensions ['ignore', 'ignore_ament_install']
[0.255s] Level 1:colcon.colcon_core.package_identification:_identify(install) by extension 'ignore'
[0.255s] Level 1:colcon.colcon_core.package_identification:_identify(install) ignored
[0.255s] Level 1:colcon.colcon_core.package_identification:_identify(log) by extensions ['ignore', 'ignore_ament_install']
[0.255s] Level 1:colcon.colcon_core.package_identification:_identify(log) by extension 'ignore'
[0.255s] Level 1:colcon.colcon_core.package_identification:_identify(log) ignored
[0.255s] Level 1:colcon.colcon_core.package_identification:_identify(src) by extensions ['ignore', 'ignore_ament_install']
[0.256s] Level 1:colcon.colcon_core.package_identification:_identify(src) by extension 'ignore'
[0.256s] Level 1:colcon.colcon_core.package_identification:_identify(src) by extension 'ignore_ament_install'
[0.256s] Level 1:colcon.colcon_core.package_identification:_identify(src) by extensions ['colcon_pkg']
[0.256s] Level 1:colcon.colcon_core.package_identification:_identify(src) by extension 'colcon_pkg'
[0.256s] Level 1:colcon.colcon_core.package_identification:_identify(src) by extensions ['colcon_meta']
[0.256s] Level 1:colcon.colcon_core.package_identification:_identify(src) by extension 'colcon_meta'
[0.256s] Level 1:colcon.colcon_core.package_identification:_identify(src) by extensions ['ros']
[0.256s] Level 1:colcon.colcon_core.package_identification:_identify(src) by extension 'ros'
[0.256s] Level 1:colcon.colcon_core.package_identification:_identify(src) by extensions ['cmake', 'python']
[0.256s] Level 1:colcon.colcon_core.package_identification:_identify(src) by extension 'cmake'
[0.256s] Level 1:colcon.colcon_core.package_identification:_identify(src) by extension 'python'
[0.256s] Level 1:colcon.colcon_core.package_identification:_identify(src) by extensions ['python_setup_py']
[0.256s] Level 1:colcon.colcon_core.package_identification:_identify(src) by extension 'python_setup_py'
[0.257s] Level 1:colcon.colcon_core.package_identification:_identify(src/3t) by extensions ['ignore', 'ignore_ament_install']
[0.257s] Level 1:colcon.colcon_core.package_identification:_identify(src/3t) by extension 'ignore'
[0.257s] Level 1:colcon.colcon_core.package_identification:_identify(src/3t) by extension 'ignore_ament_install'
[0.257s] Level 1:colcon.colcon_core.package_identification:_identify(src/3t) by extensions ['colcon_pkg']
[0.257s] Level 1:colcon.colcon_core.package_identification:_identify(src/3t) by extension 'colcon_pkg'
[0.257s] Level 1:colcon.colcon_core.package_identification:_identify(src/3t) by extensions ['colcon_meta']
[0.257s] Level 1:colcon.colcon_core.package_identification:_identify(src/3t) by extension 'colcon_meta'
[0.257s] Level 1:colcon.colcon_core.package_identification:_identify(src/3t) by extensions ['ros']
[0.257s] Level 1:colcon.colcon_core.package_identification:_identify(src/3t) by extension 'ros'
[0.260s] DEBUG:colcon.colcon_core.package_identification:Package 'src/3t' with type 'ros.ament_python' and name '3t'
[0.260s] Level 1:colcon.colcon_core.package_identification:_identify(src/build) by extensions ['ignore', 'ignore_ament_install']
[0.260s] Level 1:colcon.colcon_core.package_identification:_identify(src/build) by extension 'ignore'
[0.260s] Level 1:colcon.colcon_core.package_identification:_identify(src/build) ignored
[0.260s] Level 1:colcon.colcon_core.package_identification:_identify(src/install) by extensions ['ignore', 'ignore_ament_install']
[0.261s] Level 1:colcon.colcon_core.package_identification:_identify(src/install) by extension 'ignore'
[0.261s] Level 1:colcon.colcon_core.package_identification:_identify(src/install) ignored
[0.261s] Level 1:colcon.colcon_core.package_identification:_identify(src/log) by extensions ['ignore', 'ignore_ament_install']
[0.261s] Level 1:colcon.colcon_core.package_identification:_identify(src/log) by extension 'ignore'
[0.261s] Level 1:colcon.colcon_core.package_identification:_identify(src/log) ignored
[0.261s] Level 1:colcon.colcon_core.package_identification:_identify(src/my_project_start) by extensions ['ignore', 'ignore_ament_install']
[0.261s] Level 1:colcon.colcon_core.package_identification:_identify(src/my_project_start) by extension 'ignore'
[0.261s] Level 1:colcon.colcon_core.package_identification:_identify(src/my_project_start) by extension 'ignore_ament_install'
[0.262s] Level 1:colcon.colcon_core.package_identification:_identify(src/my_project_start) by extensions ['colcon_pkg']
[0.262s] Level 1:colcon.colcon_core.package_identification:_identify(src/my_project_start) by extension 'colcon_pkg'
[0.262s] Level 1:colcon.colcon_core.package_identification:_identify(src/my_project_start) by extensions ['colcon_meta']
[0.262s] Level 1:colcon.colcon_core.package_identification:_identify(src/my_project_start) by extension 'colcon_meta'
[0.262s] Level 1:colcon.colcon_core.package_identification:_identify(src/my_project_start) by extensions ['ros']
[0.262s] Level 1:colcon.colcon_core.package_identification:_identify(src/my_project_start) by extension 'ros'
[0.263s] DEBUG:colcon.colcon_core.package_identification:Package 'src/my_project_start' with type 'ros.ament_python' and name 'my_project_start'
[0.263s] Level 1:colcon.colcon_core.package_identification:_identify(src/my_service_client) by extensions ['ignore', 'ignore_ament_install']
[0.263s] Level 1:colcon.colcon_core.package_identification:_identify(src/my_service_client) by extension 'ignore'
[0.263s] Level 1:colcon.colcon_core.package_identification:_identify(src/my_service_client) by extension 'ignore_ament_install'
[0.263s] Level 1:colcon.colcon_core.package_identification:_identify(src/my_service_client) by extensions ['colcon_pkg']
[0.263s] Level 1:colcon.colcon_core.package_identification:_identify(src/my_service_client) by extension 'colcon_pkg'
[0.263s] Level 1:colcon.colcon_core.package_identification:_identify(src/my_service_client) by extensions ['colcon_meta']
[0.263s] Level 1:colcon.colcon_core.package_identification:_identify(src/my_service_client) by extension 'colcon_meta'
[0.263s] Level 1:colcon.colcon_core.package_identification:_identify(src/my_service_client) by extensions ['ros']
[0.264s] Level 1:colcon.colcon_core.package_identification:_identify(src/my_service_client) by extension 'ros'
[0.264s] DEBUG:colcon.colcon_core.package_identification:Package 'src/my_service_client' with type 'ros.ament_python' and name 'my_service_client'
[0.264s] Level 1:colcon.colcon_core.package_identification:_identify(src/my_service_interfaces) by extensions ['ignore', 'ignore_ament_install']
[0.264s] Level 1:colcon.colcon_core.package_identification:_identify(src/my_service_interfaces) by extension 'ignore'
[0.265s] Level 1:colcon.colcon_core.package_identification:_identify(src/my_service_interfaces) by extension 'ignore_ament_install'
[0.265s] Level 1:colcon.colcon_core.package_identification:_identify(src/my_service_interfaces) by extensions ['colcon_pkg']
[0.265s] Level 1:colcon.colcon_core.package_identification:_identify(src/my_service_interfaces) by extension 'colcon_pkg'
[0.265s] Level 1:colcon.colcon_core.package_identification:_identify(src/my_service_interfaces) by extensions ['colcon_meta']
[0.265s] Level 1:colcon.colcon_core.package_identification:_identify(src/my_service_interfaces) by extension 'colcon_meta'
[0.265s] Level 1:colcon.colcon_core.package_identification:_identify(src/my_service_interfaces) by extensions ['ros']
[0.265s] Level 1:colcon.colcon_core.package_identification:_identify(src/my_service_interfaces) by extension 'ros'
[0.266s] DEBUG:colcon.colcon_core.package_identification:Package 'src/my_service_interfaces' with type 'ros.ament_cmake' and name 'my_service_interfaces'
[0.266s] Level 1:colcon.colcon_core.package_identification:_identify(src/my_service_server) by extensions ['ignore', 'ignore_ament_install']
[0.266s] Level 1:colcon.colcon_core.package_identification:_identify(src/my_service_server) by extension 'ignore'
[0.266s] Level 1:colcon.colcon_core.package_identification:_identify(src/my_service_server) by extension 'ignore_ament_install'
[0.266s] Level 1:colcon.colcon_core.package_identification:_identify(src/my_service_server) by extensions ['colcon_pkg']
[0.266s] Level 1:colcon.colcon_core.package_identification:_identify(src/my_service_server) by extension 'colcon_pkg'
[0.267s] Level 1:colcon.colcon_core.package_identification:_identify(src/my_service_server) by extensions ['colcon_meta']
[0.267s] Level 1:colcon.colcon_core.package_identification:_identify(src/my_service_server) by extension 'colcon_meta'
[0.267s] Level 1:colcon.colcon_core.package_identification:_identify(src/my_service_server) by extensions ['ros']
[0.267s] Level 1:colcon.colcon_core.package_identification:_identify(src/my_service_server) by extension 'ros'
[0.268s] DEBUG:colcon.colcon_core.package_identification:Package 'src/my_service_server' with type 'ros.ament_python' and name 'my_service_server'
[0.268s] Level 1:colcon.colcon_core.package_identification:_identify(src/my_turtle_controller) by extensions ['ignore', 'ignore_ament_install']
[0.268s] Level 1:colcon.colcon_core.package_identification:_identify(src/my_turtle_controller) by extension 'ignore'
[0.268s] Level 1:colcon.colcon_core.package_identification:_identify(src/my_turtle_controller) by extension 'ignore_ament_install'
[0.268s] Level 1:colcon.colcon_core.package_identification:_identify(src/my_turtle_controller) by extensions ['colcon_pkg']
[0.268s] Level 1:colcon.colcon_core.package_identification:_identify(src/my_turtle_controller) by extension 'colcon_pkg'
[0.268s] Level 1:colcon.colcon_core.package_identification:_identify(src/my_turtle_controller) by extensions ['colcon_meta']
[0.269s] Level 1:colcon.colcon_core.package_identification:_identify(src/my_turtle_controller) by extension 'colcon_meta'
[0.269s] Level 1:colcon.colcon_core.package_identification:_identify(src/my_turtle_controller) by extensions ['ros']
[0.269s] Level 1:colcon.colcon_core.package_identification:_identify(src/my_turtle_controller) by extension 'ros'
[0.269s] DEBUG:colcon.colcon_core.package_identification:Package 'src/my_turtle_controller' with type 'ros.ament_python' and name 'my_turtle_controller'
[0.269s] Level 1:colcon.colcon_core.package_discovery:discover_packages(recursive) using defaults
[0.269s] Level 1:colcon.colcon_core.package_discovery:discover_packages(ignore) discover
[0.269s] Level 1:colcon.colcon_core.package_discovery:discover_packages(ignore) using defaults
[0.270s] Level 1:colcon.colcon_core.package_discovery:discover_packages(path) discover
[0.270s] Level 1:colcon.colcon_core.package_discovery:discover_packages(path) using defaults
[0.302s] Level 1:colcon.colcon_core.package_discovery:discover_packages(prefix_path) check parameters
[0.302s] Level 1:colcon.colcon_core.package_discovery:discover_packages(prefix_path) discover
[0.305s] DEBUG:colcon.colcon_installed_package_information.package_discovery:Found 6 installed packages in /home/za1van/ros2_ws/install
[0.307s] DEBUG:colcon.colcon_installed_package_information.package_discovery:Found 290 installed packages in /opt/ros/jazzy
[0.307s] Level 1:colcon.colcon_core.package_discovery:discover_packages(prefix_path) using defaults
[0.364s] Level 5:colcon.colcon_core.verb:set package '3t' build argument 'cmake_args' from command line to 'None'
[0.364s] Level 5:colcon.colcon_core.verb:set package '3t' build argument 'cmake_target' from command line to 'None'
[0.364s] Level 5:colcon.colcon_core.verb:set package '3t' build argument 'cmake_target_skip_unavailable' from command line to 'False'
[0.364s] Level 5:colcon.colcon_core.verb:set package '3t' build argument 'cmake_clean_cache' from command line to 'False'
[0.364s] Level 5:colcon.colcon_core.verb:set package '3t' build argument 'cmake_clean_first' from command line to 'False'
[0.364s] Level 5:colcon.colcon_core.verb:set package '3t' build argument 'cmake_force_configure' from command line to 'False'
[0.364s] Level 5:colcon.colcon_core.verb:set package '3t' build argument 'ament_cmake_args' from command line to 'None'
[0.364s] Level 5:colcon.colcon_core.verb:set package '3t' build argument 'catkin_cmake_args' from command line to 'None'
[0.364s] Level 5:colcon.colcon_core.verb:set package '3t' build argument 'catkin_skip_building_tests' from command line to 'False'
[0.364s] DEBUG:colcon.colcon_core.verb:Building package '3t' with the following arguments: {'ament_cmake_args': None, 'build_base': '/home/za1van/ros2_ws/build/3t', 'catkin_cmake_args': None, 'catkin_skip_building_tests': False, 'cmake_args': None, 'cmake_clean_cache': False, 'cmake_clean_first': False, 'cmake_force_configure': False, 'cmake_target': None, 'cmake_target_skip_unavailable': False, 'install_base': '/home/za1van/ros2_ws/install/3t', 'merge_install': False, 'path': '/home/za1van/ros2_ws/src/3t', 'symlink_install': False, 'test_result_base': None}
[0.365s] Level 5:colcon.colcon_core.verb:set package 'my_project_start' build argument 'cmake_args' from command line to 'None'
[0.365s] Level 5:colcon.colcon_core.verb:set package 'my_project_start' build argument 'cmake_target' from command line to 'None'
[0.365s] Level 5:colcon.colcon_core.verb:set package 'my_project_start' build argument 'cmake_target_skip_unavailable' from command line to 'False'
[0.365s] Level 5:colcon.colcon_core.verb:set package 'my_project_start' build argument 'cmake_clean_cache' from command line to 'False'
[0.365s] Level 5:colcon.colcon_core.verb:set package 'my_project_start' build argument 'cmake_clean_first' from command line to 'False'
[0.365s] Level 5:colcon.colcon_core.verb:set package 'my_project_start' build argument 'cmake_force_configure' from command line to 'False'
[0.365s] Level 5:colcon.colcon_core.verb:set package 'my_project_start' build argument 'ament_cmake_args' from command line to 'None'
[0.365s] Level 5:colcon.colcon_core.verb:set package 'my_project_start' build argument 'catkin_cmake_args' from command line to 'None'
[0.365s] Level 5:colcon.colcon_core.verb:set package 'my_project_start' build argument 'catkin_skip_building_tests' from command line to 'False'
[0.365s] DEBUG:colcon.colcon_core.verb:Building package 'my_project_start' with the following arguments: {'ament_cmake_args': None, 'build_base': '/home/za1van/ros2_ws/build/my_project_start', 'catkin_cmake_args': None, 'catkin_skip_building_tests': False, 'cmake_args': None, 'cmake_clean_cache': False, 'cmake_clean_first': False, 'cmake_force_configure': False, 'cmake_target': None, 'cmake_target_skip_unavailable': False, 'install_base': '/home/za1van/ros2_ws/install/my_project_start', 'merge_install': False, 'path': '/home/za1van/ros2_ws/src/my_project_start', 'symlink_install': False, 'test_result_base': None}
[0.365s] Level 5:colcon.colcon_core.verb:set package 'my_service_interfaces' build argument 'cmake_args' from command line to 'None'
[0.365s] Level 5:colcon.colcon_core.verb:set package 'my_service_interfaces' build argument 'cmake_target' from command line to 'None'
[0.365s] Level 5:colcon.colcon_core.verb:set package 'my_service_interfaces' build argument 'cmake_target_skip_unavailable' from command line to 'False'
[0.366s] Level 5:colcon.colcon_core.verb:set package 'my_service_interfaces' build argument 'cmake_clean_cache' from command line to 'False'
[0.366s] Level 5:colcon.colcon_core.verb:set package 'my_service_interfaces' build argument 'cmake_clean_first' from command line to 'False'
[0.366s] Level 5:colcon.colcon_core.verb:set package 'my_service_interfaces' build argument 'cmake_force_configure' from command line to 'False'
[0.366s] Level 5:colcon.colcon_core.verb:set package 'my_service_interfaces' build argument 'ament_cmake_args' from command line to 'None'
[0.366s] Level 5:colcon.colcon_core.verb:set package 'my_service_interfaces' build argument 'catkin_cmake_args' from command line to 'None'
[0.366s] Level 5:colcon.colcon_core.verb:set package 'my_service_interfaces' build argument 'catkin_skip_building_tests' from command line to 'False'
[0.366s] DEBUG:colcon.colcon_core.verb:Building package 'my_service_interfaces' with the following arguments: {'ament_cmake_args': None, 'build_base': '/home/za1van/ros2_ws/build/my_service_interfaces', 'catkin_cmake_args': None, 'catkin_skip_building_tests': False, 'cmake_args': None, 'cmake_clean_cache': False, 'cmake_clean_first': False, 'cmake_force_configure': False, 'cmake_target': None, 'cmake_target_skip_unavailable': False, 'install_base': '/home/za1van/ros2_ws/install/my_service_interfaces', 'merge_install': False, 'path': '/home/za1van/ros2_ws/src/my_service_interfaces', 'symlink_install': False, 'test_result_base': None}
[0.366s] Level 5:colcon.colcon_core.verb:set package 'my_service_server' build argument 'cmake_args' from command line to 'None'
[0.366s] Level 5:colcon.colcon_core.verb:set package 'my_service_server' build argument 'cmake_target' from command line to 'None'
[0.366s] Level 5:colcon.colcon_core.verb:set package 'my_service_server' build argument 'cmake_target_skip_unavailable' from command line to 'False'
[0.366s] Level 5:colcon.colcon_core.verb:set package 'my_service_server' build argument 'cmake_clean_cache' from command line to 'False'
[0.366s] Level 5:colcon.colcon_core.verb:set package 'my_service_server' build argument 'cmake_clean_first' from command line to 'False'
[0.366s] Level 5:colcon.colcon_core.verb:set package 'my_service_server' build argument 'cmake_force_configure' from command line to 'False'
[0.366s] Level 5:colcon.colcon_core.verb:set package 'my_service_server' build argument 'ament_cmake_args' from command line to 'None'
[0.366s] Level 5:colcon.colcon_core.verb:set package 'my_service_server' build argument 'catkin_cmake_args' from command line to 'None'
[0.366s] Level 5:colcon.colcon_core.verb:set package 'my_service_server' build argument 'catkin_skip_building_tests' from command line to 'False'
[0.366s] DEBUG:colcon.colcon_core.verb:Building package 'my_service_server' with the following arguments: {'ament_cmake_args': None, 'build_base': '/home/za1van/ros2_ws/build/my_service_server', 'catkin_cmake_args': None, 'catkin_skip_building_tests': False, 'cmake_args': None, 'cmake_clean_cache': False, 'cmake_clean_first': False, 'cmake_force_configure': False, 'cmake_target': None, 'cmake_target_skip_unavailable': False, 'install_base': '/home/za1van/ros2_ws/install/my_service_server', 'merge_install': False, 'path': '/home/za1van/ros2_ws/src/my_service_server', 'symlink_install': False, 'test_result_base': None}
[0.367s] Level 5:colcon.colcon_core.verb:set package 'my_turtle_controller' build argument 'cmake_args' from command line to 'None'
[0.367s] Level 5:colcon.colcon_core.verb:set package 'my_turtle_controller' build argument 'cmake_target' from command line to 'None'
[0.367s] Level 5:colcon.colcon_core.verb:set package 'my_turtle_controller' build argument 'cmake_target_skip_unavailable' from command line to 'False'
[0.367s] Level 5:colcon.colcon_core.verb:set package 'my_turtle_controller' build argument 'cmake_clean_cache' from command line to 'False'
[0.367s] Level 5:colcon.colcon_core.verb:set package 'my_turtle_controller' build argument 'cmake_clean_first' from command line to 'False'
[0.367s] Level 5:colcon.colcon_core.verb:set package 'my_turtle_controller' build argument 'cmake_force_configure' from command line to 'False'
[0.367s] Level 5:colcon.colcon_core.verb:set package 'my_turtle_controller' build argument 'ament_cmake_args' from command line to 'None'
[0.367s] Level 5:colcon.colcon_core.verb:set package 'my_turtle_controller' build argument 'catkin_cmake_args' from command line to 'None'
[0.367s] Level 5:colcon.colcon_core.verb:set package 'my_turtle_controller' build argument 'catkin_skip_building_tests' from command line to 'False'
[0.367s] DEBUG:colcon.colcon_core.verb:Building package 'my_turtle_controller' with the following arguments: {'ament_cmake_args': None, 'build_base': '/home/za1van/ros2_ws/build/my_turtle_controller', 'catkin_cmake_args': None, 'catkin_skip_building_tests': False, 'cmake_args': None, 'cmake_clean_cache': False, 'cmake_clean_first': False, 'cmake_force_configure': False, 'cmake_target': None, 'cmake_target_skip_unavailable': False, 'install_base': '/home/za1van/ros2_ws/install/my_turtle_controller', 'merge_install': False, 'path': '/home/za1van/ros2_ws/src/my_turtle_controller', 'symlink_install': False, 'test_result_base': None}
[0.367s] Level 5:colcon.colcon_core.verb:set package 'my_service_client' build argument 'cmake_args' from command line to 'None'
[0.367s] Level 5:colcon.colcon_core.verb:set package 'my_service_client' build argument 'cmake_target' from command line to 'None'
[0.367s] Level 5:colcon.colcon_core.verb:set package 'my_service_client' build argument 'cmake_target_skip_unavailable' from command line to 'False'
[0.367s] Level 5:colcon.colcon_core.verb:set package 'my_service_client' build argument 'cmake_clean_cache' from command line to 'False'
[0.367s] Level 5:colcon.colcon_core.verb:set package 'my_service_client' build argument 'cmake_clean_first' from command line to 'False'
[0.367s] Level 5:colcon.colcon_core.verb:set package 'my_service_client' build argument 'cmake_force_configure' from command line to 'False'
[0.367s] Level 5:colcon.colcon_core.verb:set package 'my_service_client' build argument 'ament_cmake_args' from command line to 'None'
[0.367s] Level 5:colcon.colcon_core.verb:set package 'my_service_client' build argument 'catkin_cmake_args' from command line to 'None'
[0.367s] Level 5:colcon.colcon_core.verb:set package 'my_service_client' build argument 'catkin_skip_building_tests' from command line to 'False'
[0.368s] DEBUG:colcon.colcon_core.verb:Building package 'my_service_client' with the following arguments: {'ament_cmake_args': None, 'build_base': '/home/za1van/ros2_ws/build/my_service_client', 'catkin_cmake_args': None, 'catkin_skip_building_tests': False, 'cmake_args': None, 'cmake_clean_cache': False, 'cmake_clean_first': False, 'cmake_force_configure': False, 'cmake_target': None, 'cmake_target_skip_unavailable': False, 'install_base': '/home/za1van/ros2_ws/install/my_service_client', 'merge_install': False, 'path': '/home/za1van/ros2_ws/src/my_service_client', 'symlink_install': False, 'test_result_base': None}
[0.368s] INFO:colcon.colcon_core.executor:Executing jobs using 'parallel' executor
[0.369s] DEBUG:colcon.colcon_parallel_executor.executor.parallel:run_until_complete
[0.369s] INFO:colcon.colcon_ros.task.ament_cmake.build:Building ROS package in '/home/za1van/ros2_ws/src/my_service_interfaces' with build type 'ament_cmake'
[0.370s] INFO:colcon.colcon_cmake.task.cmake.build:Building CMake package in '/home/za1van/ros2_ws/src/my_service_interfaces'
[0.372s] INFO:colcon.colcon_core.plugin_system:Skipping extension 'colcon_core.shell.bat': Not used on non-Windows systems
[0.372s] INFO:colcon.colcon_core.shell:Skip shell extension 'powershell' for command environment: Not usable outside of PowerShell
[0.372s] DEBUG:colcon.colcon_core.shell:Skip shell extension 'dsv' for command environment
[0.378s] INFO:colcon.colcon_ros.task.ament_python.build:Building ROS package in '/home/za1van/ros2_ws/src/3t' with build type 'ament_python'
[0.378s] Level 1:colcon.colcon_core.shell:create_environment_hook('3t', 'ament_prefix_path')
[0.378s] INFO:colcon.colcon_core.shell:Creating environment hook '/home/za1van/ros2_ws/install/3t/share/3t/hook/ament_prefix_path.ps1'
[0.380s] INFO:colcon.colcon_core.shell:Creating environment descriptor '/home/za1van/ros2_ws/install/3t/share/3t/hook/ament_prefix_path.dsv'
[0.381s] INFO:colcon.colcon_core.shell:Creating environment hook '/home/za1van/ros2_ws/install/3t/share/3t/hook/ament_prefix_path.sh'
[0.383s] INFO:colcon.colcon_core.shell:Skip shell extension 'powershell' for command environment: Not usable outside of PowerShell
[0.383s] DEBUG:colcon.colcon_core.shell:Skip shell extension 'dsv' for command environment
[0.390s] INFO:colcon.colcon_ros.task.ament_python.build:Building ROS package in '/home/za1van/ros2_ws/src/my_project_start' with build type 'ament_python'
[0.390s] Level 1:colcon.colcon_core.shell:create_environment_hook('my_project_start', 'ament_prefix_path')
[0.390s] INFO:colcon.colcon_core.shell:Creating environment hook '/home/za1van/ros2_ws/install/my_project_start/share/my_project_start/hook/ament_prefix_path.ps1'
[0.391s] INFO:colcon.colcon_core.shell:Creating environment descriptor '/home/za1van/ros2_ws/install/my_project_start/share/my_project_start/hook/ament_prefix_path.dsv'
[0.392s] INFO:colcon.colcon_core.shell:Creating environment hook '/home/za1van/ros2_ws/install/my_project_start/share/my_project_start/hook/ament_prefix_path.sh'
[0.393s] INFO:colcon.colcon_core.shell:Skip shell extension 'powershell' for command environment: Not usable outside of PowerShell
[0.393s] DEBUG:colcon.colcon_core.shell:Skip shell extension 'dsv' for command environment
[0.401s] INFO:colcon.colcon_ros.task.ament_python.build:Building ROS package in '/home/za1van/ros2_ws/src/my_service_server' with build type 'ament_python'
[0.402s] Level 1:colcon.colcon_core.shell:create_environment_hook('my_service_server', 'ament_prefix_path')
[0.402s] INFO:colcon.colcon_core.shell:Creating environment hook '/home/za1van/ros2_ws/install/my_service_server/share/my_service_server/hook/ament_prefix_path.ps1'
[0.403s] INFO:colcon.colcon_core.shell:Creating environment descriptor '/home/za1van/ros2_ws/install/my_service_server/share/my_service_server/hook/ament_prefix_path.dsv'
[0.404s] INFO:colcon.colcon_core.shell:Creating environment hook '/home/za1van/ros2_ws/install/my_service_server/share/my_service_server/hook/ament_prefix_path.sh'
[0.405s] INFO:colcon.colcon_core.shell:Skip shell extension 'powershell' for command environment: Not usable outside of PowerShell
[0.405s] DEBUG:colcon.colcon_core.shell:Skip shell extension 'dsv' for command environment
[0.419s] DEBUG:colcon.colcon_core.event_handler.log_command:Invoking command in '/home/za1van/ros2_ws/build/my_service_interfaces': CMAKE_PREFIX_PATH=${CMAKE_PREFIX_PATH}:/home/za1van/ros2_ws/install/my_turtle_controller:/home/za1van/ros2_ws/install/my_service_server:/home/za1van/ros2_ws/install/my_service_client:/home/za1van/ros2_ws/install/my_project_start:/home/za1van/ros2_ws/install/3t:/opt/ros/jazzy DEBUGINFOD_URLS=https://debuginfod.ubuntu.com /usr/bin/cmake --build /home/za1van/ros2_ws/build/my_service_interfaces -- -j4 -l4
[1.040s] INFO:colcon.colcon_core.task.python.build:Building Python package in '/home/za1van/ros2_ws/src/3t'
[1.040s] INFO:colcon.colcon_core.shell:Skip shell extension 'powershell' for command environment: Not usable outside of PowerShell
[1.040s] DEBUG:colcon.colcon_core.shell:Skip shell extension 'dsv' for command environment
[1.392s] INFO:colcon.colcon_core.task.python.build:Building Python package in '/home/za1van/ros2_ws/src/my_project_start'
[1.392s] INFO:colcon.colcon_core.shell:Skip shell extension 'powershell' for command environment: Not usable outside of PowerShell
[1.392s] DEBUG:colcon.colcon_core.shell:Skip shell extension 'dsv' for command environment
[1.746s] INFO:colcon.colcon_core.task.python.build:Building Python package in '/home/za1van/ros2_ws/src/my_service_server'
[1.746s] INFO:colcon.colcon_core.shell:Skip shell extension 'powershell' for command environment: Not usable outside of PowerShell
[1.746s] DEBUG:colcon.colcon_core.shell:Skip shell extension 'dsv' for command environment
[1.750s] DEBUG:colcon.colcon_core.event_handler.log_command:Invoked command in '/home/za1van/ros2_ws/build/my_service_interfaces' returned '0': CMAKE_PREFIX_PATH=${CMAKE_PREFIX_PATH}:/home/za1van/ros2_ws/install/my_turtle_controller:/home/za1van/ros2_ws/install/my_service_server:/home/za1van/ros2_ws/install/my_service_client:/home/za1van/ros2_ws/install/my_project_start:/home/za1van/ros2_ws/install/3t:/opt/ros/jazzy DEBUGINFOD_URLS=https://debuginfod.ubuntu.com /usr/bin/cmake --build /home/za1van/ros2_ws/build/my_service_interfaces -- -j4 -l4
[1.759s] DEBUG:colcon.colcon_core.event_handler.log_command:Invoking command in '/home/za1van/ros2_ws/build/my_service_interfaces': CMAKE_PREFIX_PATH=${CMAKE_PREFIX_PATH}:/home/za1van/ros2_ws/install/my_turtle_controller:/home/za1van/ros2_ws/install/my_service_server:/home/za1van/ros2_ws/install/my_service_client:/home/za1van/ros2_ws/install/my_project_start:/home/za1van/ros2_ws/install/3t:/opt/ros/jazzy DEBUGINFOD_URLS=https://debuginfod.ubuntu.com /usr/bin/cmake --install /home/za1van/ros2_ws/build/my_service_interfaces
[1.904s] Level 1:colcon.colcon_core.environment:create_environment_scripts_only(my_service_interfaces)
[1.921s] Level 1:colcon.colcon_core.environment:checking '/home/za1van/ros2_ws/install/my_service_interfaces' for CMake module files
[1.923s] Level 1:colcon.colcon_core.environment:checking '/home/za1van/ros2_ws/install/my_service_interfaces' for CMake config files
[1.935s] DEBUG:colcon.colcon_core.event_handler.log_command:Invoked command in '/home/za1van/ros2_ws/build/my_service_interfaces' returned '0': CMAKE_PREFIX_PATH=${CMAKE_PREFIX_PATH}:/home/za1van/ros2_ws/install/my_turtle_controller:/home/za1van/ros2_ws/install/my_service_server:/home/za1van/ros2_ws/install/my_service_client:/home/za1van/ros2_ws/install/my_project_start:/home/za1van/ros2_ws/install/3t:/opt/ros/jazzy DEBUGINFOD_URLS=https://debuginfod.ubuntu.com /usr/bin/cmake --install /home/za1van/ros2_ws/build/my_service_interfaces
[1.936s] Level 1:colcon.colcon_core.shell:create_environment_hook('my_service_interfaces', 'cmake_prefix_path')
[1.936s] INFO:colcon.colcon_core.shell:Creating environment hook '/home/za1van/ros2_ws/install/my_service_interfaces/share/my_service_interfaces/hook/cmake_prefix_path.ps1'
[1.937s] INFO:colcon.colcon_core.shell:Creating environment descriptor '/home/za1van/ros2_ws/install/my_service_interfaces/share/my_service_interfaces/hook/cmake_prefix_path.dsv'
[1.937s] INFO:colcon.colcon_core.shell:Creating environment hook '/home/za1van/ros2_ws/install/my_service_interfaces/share/my_service_interfaces/hook/cmake_prefix_path.sh'
[1.941s] Level 1:colcon.colcon_core.environment:checking '/home/za1van/ros2_ws/install/my_service_interfaces/lib'
[1.942s] Level 1:colcon.colcon_core.shell:create_environment_hook('my_service_interfaces', 'ld_library_path_lib')
[1.942s] INFO:colcon.colcon_core.shell:Creating environment hook '/home/za1van/ros2_ws/install/my_service_interfaces/share/my_service_interfaces/hook/ld_library_path_lib.ps1'
[1.946s] INFO:colcon.colcon_core.shell:Creating environment descriptor '/home/za1van/ros2_ws/install/my_service_interfaces/share/my_service_interfaces/hook/ld_library_path_lib.dsv'
[1.947s] INFO:colcon.colcon_core.shell:Creating environment hook '/home/za1van/ros2_ws/install/my_service_interfaces/share/my_service_interfaces/hook/ld_library_path_lib.sh'
[1.947s] Level 1:colcon.colcon_core.environment:checking '/home/za1van/ros2_ws/install/my_service_interfaces/bin'
[1.948s] Level 1:colcon.colcon_core.environment:checking '/home/za1van/ros2_ws/install/my_service_interfaces/lib/pkgconfig/my_service_interfaces.pc'
[1.948s] Level 1:colcon.colcon_core.environment:checking '/home/za1van/ros2_ws/install/my_service_interfaces/lib/python3.12/site-packages'
[1.952s] Level 1:colcon.colcon_core.shell:create_environment_hook('my_service_interfaces', 'pythonpath')
[1.952s] INFO:colcon.colcon_core.shell:Creating environment hook '/home/za1van/ros2_ws/install/my_service_interfaces/share/my_service_interfaces/hook/pythonpath.ps1'
[1.953s] INFO:colcon.colcon_core.shell:Creating environment descriptor '/home/za1van/ros2_ws/install/my_service_interfaces/share/my_service_interfaces/hook/pythonpath.dsv'
[1.954s] INFO:colcon.colcon_core.shell:Creating environment hook '/home/za1van/ros2_ws/install/my_service_interfaces/share/my_service_interfaces/hook/pythonpath.sh'
[1.955s] Level 1:colcon.colcon_core.environment:checking '/home/za1van/ros2_ws/install/my_service_interfaces/bin'
[1.959s] INFO:colcon.colcon_core.shell:Creating package script '/home/za1van/ros2_ws/install/my_service_interfaces/share/my_service_interfaces/package.ps1'
[1.961s] INFO:colcon.colcon_core.shell:Creating package descriptor '/home/za1van/ros2_ws/install/my_service_interfaces/share/my_service_interfaces/package.dsv'
[1.965s] INFO:colcon.colcon_core.shell:Creating package script '/home/za1van/ros2_ws/install/my_service_interfaces/share/my_service_interfaces/package.sh'
[1.966s] INFO:colcon.colcon_core.shell:Creating package script '/home/za1van/ros2_ws/install/my_service_interfaces/share/my_service_interfaces/package.bash'
[1.970s] INFO:colcon.colcon_core.shell:Creating package script '/home/za1van/ros2_ws/install/my_service_interfaces/share/my_service_interfaces/package.zsh'
[1.971s] Level 1:colcon.colcon_core.environment:create_file_with_runtime_dependencies(/home/za1van/ros2_ws/install/my_service_interfaces/share/colcon-core/packages/my_service_interfaces)
[1.975s] Level 1:colcon.colcon_core.environment:create_environment_scripts_only(my_service_interfaces)
[1.975s] Level 1:colcon.colcon_core.environment:checking '/home/za1van/ros2_ws/install/my_service_interfaces' for CMake module files
[1.977s] Level 1:colcon.colcon_core.environment:checking '/home/za1van/ros2_ws/install/my_service_interfaces' for CMake config files
[1.980s] Level 1:colcon.colcon_core.shell:create_environment_hook('my_service_interfaces', 'cmake_prefix_path')
[1.981s] INFO:colcon.colcon_core.shell:Creating environment hook '/home/za1van/ros2_ws/install/my_service_interfaces/share/my_service_interfaces/hook/cmake_prefix_path.ps1'
[1.981s] INFO:colcon.colcon_core.shell:Creating environment descriptor '/home/za1van/ros2_ws/install/my_service_interfaces/share/my_service_interfaces/hook/cmake_prefix_path.dsv'
[1.982s] INFO:colcon.colcon_core.shell:Creating environment hook '/home/za1van/ros2_ws/install/my_service_interfaces/share/my_service_interfaces/hook/cmake_prefix_path.sh'
[1.989s] Level 1:colcon.colcon_core.environment:checking '/home/za1van/ros2_ws/install/my_service_interfaces/lib'
[1.989s] Level 1:colcon.colcon_core.shell:create_environment_hook('my_service_interfaces', 'ld_library_path_lib')
[1.989s] INFO:colcon.colcon_core.shell:Creating environment hook '/home/za1van/ros2_ws/install/my_service_interfaces/share/my_service_interfaces/hook/ld_library_path_lib.ps1'
[1.993s] INFO:colcon.colcon_core.shell:Creating environment descriptor '/home/za1van/ros2_ws/install/my_service_interfaces/share/my_service_interfaces/hook/ld_library_path_lib.dsv'
[1.994s] INFO:colcon.colcon_core.shell:Creating environment hook '/home/za1van/ros2_ws/install/my_service_interfaces/share/my_service_interfaces/hook/ld_library_path_lib.sh'
[1.994s] Level 1:colcon.colcon_core.environment:checking '/home/za1van/ros2_ws/install/my_service_interfaces/bin'
[1.995s] Level 1:colcon.colcon_core.environment:checking '/home/za1van/ros2_ws/install/my_service_interfaces/lib/pkgconfig/my_service_interfaces.pc'
[1.995s] Level 1:colcon.colcon_core.environment:checking '/home/za1van/ros2_ws/install/my_service_interfaces/lib/python3.12/site-packages'
[1.995s] Level 1:colcon.colcon_core.shell:create_environment_hook('my_service_interfaces', 'pythonpath')
[1.999s] INFO:colcon.colcon_core.shell:Creating environment hook '/home/za1van/ros2_ws/install/my_service_interfaces/share/my_service_interfaces/hook/pythonpath.ps1'
[2.000s] INFO:colcon.colcon_core.shell:Creating environment descriptor '/home/za1van/ros2_ws/install/my_service_interfaces/share/my_service_interfaces/hook/pythonpath.dsv'
[2.000s] INFO:colcon.colcon_core.shell:Creating environment hook '/home/za1van/ros2_ws/install/my_service_interfaces/share/my_service_interfaces/hook/pythonpath.sh'
[2.001s] Level 1:colcon.colcon_core.environment:checking '/home/za1van/ros2_ws/install/my_service_interfaces/bin'
[2.003s] INFO:colcon.colcon_core.shell:Creating package script '/home/za1van/ros2_ws/install/my_service_interfaces/share/my_service_interfaces/package.ps1'
[2.005s] INFO:colcon.colcon_core.shell:Creating package descriptor '/home/za1van/ros2_ws/install/my_service_interfaces/share/my_service_interfaces/package.dsv'
[2.006s] INFO:colcon.colcon_core.shell:Creating package script '/home/za1van/ros2_ws/install/my_service_interfaces/share/my_service_interfaces/package.sh'
[2.010s] INFO:colcon.colcon_core.shell:Creating package script '/home/za1van/ros2_ws/install/my_service_interfaces/share/my_service_interfaces/package.bash'
[2.011s] INFO:colcon.colcon_core.shell:Creating package script '/home/za1van/ros2_ws/install/my_service_interfaces/share/my_service_interfaces/package.zsh'
[2.012s] Level 1:colcon.colcon_core.environment:create_file_with_runtime_dependencies(/home/za1van/ros2_ws/install/my_service_interfaces/share/colcon-core/packages/my_service_interfaces)
[2.018s] INFO:colcon.colcon_ros.task.ament_python.build:Building ROS package in '/home/za1van/ros2_ws/src/my_turtle_controller' with build type 'ament_python'
[2.019s] Level 1:colcon.colcon_core.shell:create_environment_hook('my_turtle_controller', 'ament_prefix_path')
[2.022s] INFO:colcon.colcon_core.shell:Creating environment hook '/home/za1van/ros2_ws/install/my_turtle_controller/share/my_turtle_controller/hook/ament_prefix_path.ps1'
[2.022s] INFO:colcon.colcon_core.shell:Creating environment descriptor '/home/za1van/ros2_ws/install/my_turtle_controller/share/my_turtle_controller/hook/ament_prefix_path.dsv'
[2.024s] INFO:colcon.colcon_core.shell:Creating environment hook '/home/za1van/ros2_ws/install/my_turtle_controller/share/my_turtle_controller/hook/ament_prefix_path.sh'
[2.028s] INFO:colcon.colcon_core.shell:Skip shell extension 'powershell' for command environment: Not usable outside of PowerShell
[2.028s] DEBUG:colcon.colcon_core.shell:Skip shell extension 'dsv' for command environment
[2.895s] INFO:colcon.colcon_core.task.python.build:Building Python package in '/home/za1van/ros2_ws/src/my_turtle_controller'
[2.896s] INFO:colcon.colcon_core.shell:Skip shell extension 'powershell' for command environment: Not usable outside of PowerShell
[2.896s] DEBUG:colcon.colcon_core.shell:Skip shell extension 'dsv' for command environment
[3.576s] DEBUG:colcon.colcon_core.event_handler.log_command:Invoking command in '/home/za1van/ros2_ws/src/3t': DEBUGINFOD_URLS=https://debuginfod.ubuntu.com PYTHONPATH=/home/za1van/ros2_ws/build/3t/prefix_override:/usr/lib/python3/dist-packages/colcon_core/task/python/colcon_distutils_commands:/home/za1van/ros2_ws/install/3t/lib/python3.12/site-packages:${PYTHONPATH} /usr/bin/python3 -W ignore:setup.py install is deprecated -W ignore:easy_install command is deprecated setup.py egg_info --egg-base ../../build/3t build --build-base /home/za1van/ros2_ws/build/3t/build install --record /home/za1van/ros2_ws/build/3t/install.log --single-version-externally-managed install_data
[3.914s] DEBUG:colcon.colcon_core.event_handler.log_command:Invoking command in '/home/za1van/ros2_ws/src/my_service_server': DEBUGINFOD_URLS=https://debuginfod.ubuntu.com PYTHONPATH=/home/za1van/ros2_ws/build/my_service_server/prefix_override:/usr/lib/python3/dist-packages/colcon_core/task/python/colcon_distutils_commands:/home/za1van/ros2_ws/install/my_service_server/lib/python3.12/site-packages:${PYTHONPATH} /usr/bin/python3 -W ignore:setup.py install is deprecated -W ignore:easy_install command is deprecated setup.py egg_info --egg-base ../../build/my_service_server build --build-base /home/za1van/ros2_ws/build/my_service_server/build install --record /home/za1van/ros2_ws/build/my_service_server/install.log --single-version-externally-managed install_data
[3.967s] DEBUG:colcon.colcon_core.event_handler.log_command:Invoking command in '/home/za1van/ros2_ws/src/my_project_start': DEBUGINFOD_URLS=https://debuginfod.ubuntu.com PYTHONPATH=/home/za1van/ros2_ws/build/my_project_start/prefix_override:/usr/lib/python3/dist-packages/colcon_core/task/python/colcon_distutils_commands:/home/za1van/ros2_ws/install/my_project_start/lib/python3.12/site-packages:${PYTHONPATH} /usr/bin/python3 -W ignore:setup.py install is deprecated -W ignore:easy_install command is deprecated setup.py egg_info --egg-base ../../build/my_project_start build --build-base /home/za1van/ros2_ws/build/my_project_start/build install --record /home/za1van/ros2_ws/build/my_project_start/install.log --single-version-externally-managed install_data
[4.481s] DEBUG:colcon.colcon_core.event_handler.log_command:Invoking command in '/home/za1van/ros2_ws/src/my_turtle_controller': DEBUGINFOD_URLS=https://debuginfod.ubuntu.com PYTHONPATH=/home/za1van/ros2_ws/build/my_turtle_controller/prefix_override:/usr/lib/python3/dist-packages/colcon_core/task/python/colcon_distutils_commands:/home/za1van/ros2_ws/install/my_turtle_controller/lib/python3.12/site-packages:${PYTHONPATH} /usr/bin/python3 -W ignore:setup.py install is deprecated -W ignore:easy_install command is deprecated setup.py egg_info --egg-base ../../build/my_turtle_controller build --build-base /home/za1van/ros2_ws/build/my_turtle_controller/build install --record /home/za1van/ros2_ws/build/my_turtle_controller/install.log --single-version-externally-managed install_data
[5.457s] Level 1:colcon.colcon_core.environment:checking '/home/za1van/ros2_ws/install/3t' for CMake module files
[5.458s] DEBUG:colcon.colcon_core.event_handler.log_command:Invoked command in '/home/za1van/ros2_ws/src/3t' returned '0': DEBUGINFOD_URLS=https://debuginfod.ubuntu.com PYTHONPATH=/home/za1van/ros2_ws/build/3t/prefix_override:/usr/lib/python3/dist-packages/colcon_core/task/python/colcon_distutils_commands:/home/za1van/ros2_ws/install/3t/lib/python3.12/site-packages:${PYTHONPATH} /usr/bin/python3 -W ignore:setup.py install is deprecated -W ignore:easy_install command is deprecated setup.py egg_info --egg-base ../../build/3t build --build-base /home/za1van/ros2_ws/build/3t/build install --record /home/za1van/ros2_ws/build/3t/install.log --single-version-externally-managed install_data
[5.460s] Level 1:colcon.colcon_core.environment:checking '/home/za1van/ros2_ws/install/3t' for CMake config files
[5.461s] Level 1:colcon.colcon_core.environment:checking '/home/za1van/ros2_ws/install/3t/lib'
[5.461s] Level 1:colcon.colcon_core.environment:checking '/home/za1van/ros2_ws/install/3t/bin'
[5.462s] Level 1:colcon.colcon_core.environment:checking '/home/za1van/ros2_ws/install/3t/lib/pkgconfig/3t.pc'
[5.462s] Level 1:colcon.colcon_core.environment:checking '/home/za1van/ros2_ws/install/3t/lib/python3.12/site-packages'
[5.463s] Level 1:colcon.colcon_core.shell:create_environment_hook('3t', 'pythonpath')
[5.463s] INFO:colcon.colcon_core.shell:Creating environment hook '/home/za1van/ros2_ws/install/3t/share/3t/hook/pythonpath.ps1'
[5.466s] INFO:colcon.colcon_core.shell:Creating environment descriptor '/home/za1van/ros2_ws/install/3t/share/3t/hook/pythonpath.dsv'
[5.466s] INFO:colcon.colcon_core.shell:Creating environment hook '/home/za1van/ros2_ws/install/3t/share/3t/hook/pythonpath.sh'
[5.468s] Level 1:colcon.colcon_core.environment:checking '/home/za1van/ros2_ws/install/3t/bin'
[5.468s] Level 1:colcon.colcon_core.environment:create_environment_scripts_only(3t)
[5.470s] INFO:colcon.colcon_core.shell:Creating package script '/home/za1van/ros2_ws/install/3t/share/3t/package.ps1'
[5.472s] INFO:colcon.colcon_core.shell:Creating package descriptor '/home/za1van/ros2_ws/install/3t/share/3t/package.dsv'
[5.478s] INFO:colcon.colcon_core.shell:Creating package script '/home/za1van/ros2_ws/install/3t/share/3t/package.sh'
[5.479s] INFO:colcon.colcon_core.shell:Creating package script '/home/za1van/ros2_ws/install/3t/share/3t/package.bash'
[5.480s] INFO:colcon.colcon_core.shell:Creating package script '/home/za1van/ros2_ws/install/3t/share/3t/package.zsh'
[5.482s] Level 1:colcon.colcon_core.environment:create_file_with_runtime_dependencies(/home/za1van/ros2_ws/install/3t/share/colcon-core/packages/3t)
[5.483s] INFO:colcon.colcon_ros.task.ament_python.build:Building ROS package in '/home/za1van/ros2_ws/src/my_service_client' with build type 'ament_python'
[5.484s] Level 1:colcon.colcon_core.shell:create_environment_hook('my_service_client', 'ament_prefix_path')
[5.485s] INFO:colcon.colcon_core.shell:Creating environment hook '/home/za1van/ros2_ws/install/my_service_client/share/my_service_client/hook/ament_prefix_path.ps1'
[5.486s] INFO:colcon.colcon_core.shell:Creating environment descriptor '/home/za1van/ros2_ws/install/my_service_client/share/my_service_client/hook/ament_prefix_path.dsv'
[5.488s] INFO:colcon.colcon_core.shell:Creating environment hook '/home/za1van/ros2_ws/install/my_service_client/share/my_service_client/hook/ament_prefix_path.sh'
[5.489s] INFO:colcon.colcon_core.shell:Skip shell extension 'powershell' for command environment: Not usable outside of PowerShell
[5.489s] DEBUG:colcon.colcon_core.shell:Skip shell extension 'dsv' for command environment
[6.045s] INFO:colcon.colcon_core.task.python.build:Building Python package in '/home/za1van/ros2_ws/src/my_service_client'
[6.046s] INFO:colcon.colcon_core.shell:Skip shell extension 'powershell' for command environment: Not usable outside of PowerShell
[6.052s] DEBUG:colcon.colcon_core.shell:Skip shell extension 'dsv' for command environment
[6.059s] Level 1:colcon.colcon_core.environment:checking '/home/za1van/ros2_ws/install/my_service_server' for CMake module files
[6.060s] DEBUG:colcon.colcon_core.event_handler.log_command:Invoked command in '/home/za1van/ros2_ws/src/my_service_server' returned '0': DEBUGINFOD_URLS=https://debuginfod.ubuntu.com PYTHONPATH=/home/za1van/ros2_ws/build/my_service_server/prefix_override:/usr/lib/python3/dist-packages/colcon_core/task/python/colcon_distutils_commands:/home/za1van/ros2_ws/install/my_service_server/lib/python3.12/site-packages:${PYTHONPATH} /usr/bin/python3 -W ignore:setup.py install is deprecated -W ignore:easy_install command is deprecated setup.py egg_info --egg-base ../../build/my_service_server build --build-base /home/za1van/ros2_ws/build/my_service_server/build install --record /home/za1van/ros2_ws/build/my_service_server/install.log --single-version-externally-managed install_data
[6.061s] Level 1:colcon.colcon_core.environment:checking '/home/za1van/ros2_ws/install/my_service_server' for CMake config files
[6.062s] Level 1:colcon.colcon_core.environment:checking '/home/za1van/ros2_ws/install/my_service_server/lib'
[6.062s] Level 1:colcon.colcon_core.environment:checking '/home/za1van/ros2_ws/install/my_service_server/bin'
[6.062s] Level 1:colcon.colcon_core.environment:checking '/home/za1van/ros2_ws/install/my_service_server/lib/pkgconfig/my_service_server.pc'
[6.063s] Level 1:colcon.colcon_core.environment:checking '/home/za1van/ros2_ws/install/my_service_server/lib/python3.12/site-packages'
[6.063s] Level 1:colcon.colcon_core.shell:create_environment_hook('my_service_server', 'pythonpath')
[6.064s] INFO:colcon.colcon_core.shell:Creating environment hook '/home/za1van/ros2_ws/install/my_service_server/share/my_service_server/hook/pythonpath.ps1'
[6.065s] INFO:colcon.colcon_core.shell:Creating environment descriptor '/home/za1van/ros2_ws/install/my_service_server/share/my_service_server/hook/pythonpath.dsv'
[6.065s] INFO:colcon.colcon_core.shell:Creating environment hook '/home/za1van/ros2_ws/install/my_service_server/share/my_service_server/hook/pythonpath.sh'
[6.066s] Level 1:colcon.colcon_core.environment:checking '/home/za1van/ros2_ws/install/my_service_server/bin'
[6.067s] Level 1:colcon.colcon_core.environment:create_environment_scripts_only(my_service_server)
[6.067s] INFO:colcon.colcon_core.shell:Creating package script '/home/za1van/ros2_ws/install/my_service_server/share/my_service_server/package.ps1'
[6.068s] INFO:colcon.colcon_core.shell:Creating package descriptor '/home/za1van/ros2_ws/install/my_service_server/share/my_service_server/package.dsv'
[6.069s] INFO:colcon.colcon_core.shell:Creating package script '/home/za1van/ros2_ws/install/my_service_server/share/my_service_server/package.sh'
[6.070s] INFO:colcon.colcon_core.shell:Creating package script '/home/za1van/ros2_ws/install/my_service_server/share/my_service_server/package.bash'
[6.071s] INFO:colcon.colcon_core.shell:Creating package script '/home/za1van/ros2_ws/install/my_service_server/share/my_service_server/package.zsh'
[6.071s] Level 1:colcon.colcon_core.environment:create_file_with_runtime_dependencies(/home/za1van/ros2_ws/install/my_service_server/share/colcon-core/packages/my_service_server)
[6.073s] Level 1:colcon.colcon_core.environment:checking '/home/za1van/ros2_ws/install/my_project_start' for CMake module files
[6.074s] Level 1:colcon.colcon_core.environment:checking '/home/za1van/ros2_ws/install/my_project_start' for CMake config files
[6.076s] DEBUG:colcon.colcon_core.event_handler.log_command:Invoked command in '/home/za1van/ros2_ws/src/my_project_start' returned '0': DEBUGINFOD_URLS=https://debuginfod.ubuntu.com PYTHONPATH=/home/za1van/ros2_ws/build/my_project_start/prefix_override:/usr/lib/python3/dist-packages/colcon_core/task/python/colcon_distutils_commands:/home/za1van/ros2_ws/install/my_project_start/lib/python3.12/site-packages:${PYTHONPATH} /usr/bin/python3 -W ignore:setup.py install is deprecated -W ignore:easy_install command is deprecated setup.py egg_info --egg-base ../../build/my_project_start build --build-base /home/za1van/ros2_ws/build/my_project_start/build install --record /home/za1van/ros2_ws/build/my_project_start/install.log --single-version-externally-managed install_data
[6.076s] Level 1:colcon.colcon_core.environment:checking '/home/za1van/ros2_ws/install/my_project_start/lib'
[6.078s] Level 1:colcon.colcon_core.environment:checking '/home/za1van/ros2_ws/install/my_project_start/bin'
[6.078s] Level 1:colcon.colcon_core.environment:checking '/home/za1van/ros2_ws/install/my_project_start/lib/pkgconfig/my_project_start.pc'
[6.079s] Level 1:colcon.colcon_core.environment:checking '/home/za1van/ros2_ws/install/my_project_start/lib/python3.12/site-packages'
[6.079s] Level 1:colcon.colcon_core.shell:create_environment_hook('my_project_start', 'pythonpath')
[6.079s] INFO:colcon.colcon_core.shell:Creating environment hook '/home/za1van/ros2_ws/install/my_project_start/share/my_project_start/hook/pythonpath.ps1'
[6.080s] INFO:colcon.colcon_core.shell:Creating environment descriptor '/home/za1van/ros2_ws/install/my_project_start/share/my_project_start/hook/pythonpath.dsv'
[6.081s] INFO:colcon.colcon_core.shell:Creating environment hook '/home/za1van/ros2_ws/install/my_project_start/share/my_project_start/hook/pythonpath.sh'
[6.082s] Level 1:colcon.colcon_core.environment:checking '/home/za1van/ros2_ws/install/my_project_start/bin'
[6.083s] Level 1:colcon.colcon_core.environment:create_environment_scripts_only(my_project_start)
[6.083s] INFO:colcon.colcon_core.shell:Creating package script '/home/za1van/ros2_ws/install/my_project_start/share/my_project_start/package.ps1'
[6.084s] INFO:colcon.colcon_core.shell:Creating package descriptor '/home/za1van/ros2_ws/install/my_project_start/share/my_project_start/package.dsv'
[6.085s] INFO:colcon.colcon_core.shell:Creating package script '/home/za1van/ros2_ws/install/my_project_start/share/my_project_start/package.sh'
[6.088s] INFO:colcon.colcon_core.shell:Creating package script '/home/za1van/ros2_ws/install/my_project_start/share/my_project_start/package.bash'
[6.088s] INFO:colcon.colcon_core.shell:Creating package script '/home/za1van/ros2_ws/install/my_project_start/share/my_project_start/package.zsh'
[6.090s] Level 1:colcon.colcon_core.environment:create_file_with_runtime_dependencies(/home/za1van/ros2_ws/install/my_project_start/share/colcon-core/packages/my_project_start)
[6.155s] Level 1:colcon.colcon_core.environment:checking '/home/za1van/ros2_ws/install/my_turtle_controller' for CMake module files
[6.156s] DEBUG:colcon.colcon_core.event_handler.log_command:Invoked command in '/home/za1van/ros2_ws/src/my_turtle_controller' returned '0': DEBUGINFOD_URLS=https://debuginfod.ubuntu.com PYTHONPATH=/home/za1van/ros2_ws/build/my_turtle_controller/prefix_override:/usr/lib/python3/dist-packages/colcon_core/task/python/colcon_distutils_commands:/home/za1van/ros2_ws/install/my_turtle_controller/lib/python3.12/site-packages:${PYTHONPATH} /usr/bin/python3 -W ignore:setup.py install is deprecated -W ignore:easy_install command is deprecated setup.py egg_info --egg-base ../../build/my_turtle_controller build --build-base /home/za1van/ros2_ws/build/my_turtle_controller/build install --record /home/za1van/ros2_ws/build/my_turtle_controller/install.log --single-version-externally-managed install_data
[6.156s] Level 1:colcon.colcon_core.environment:checking '/home/za1van/ros2_ws/install/my_turtle_controller' for CMake config files
[6.157s] Level 1:colcon.colcon_core.environment:checking '/home/za1van/ros2_ws/install/my_turtle_controller/lib'
[6.157s] Level 1:colcon.colcon_core.environment:checking '/home/za1van/ros2_ws/install/my_turtle_controller/bin'
[6.157s] Level 1:colcon.colcon_core.environment:checking '/home/za1van/ros2_ws/install/my_turtle_controller/lib/pkgconfig/my_turtle_controller.pc'
[6.158s] Level 1:colcon.colcon_core.environment:checking '/home/za1van/ros2_ws/install/my_turtle_controller/lib/python3.12/site-packages'
[6.158s] Level 1:colcon.colcon_core.shell:create_environment_hook('my_turtle_controller', 'pythonpath')
[6.158s] INFO:colcon.colcon_core.shell:Creating environment hook '/home/za1van/ros2_ws/install/my_turtle_controller/share/my_turtle_controller/hook/pythonpath.ps1'
[6.159s] INFO:colcon.colcon_core.shell:Creating environment descriptor '/home/za1van/ros2_ws/install/my_turtle_controller/share/my_turtle_controller/hook/pythonpath.dsv'
[6.161s] INFO:colcon.colcon_core.shell:Creating environment hook '/home/za1van/ros2_ws/install/my_turtle_controller/share/my_turtle_controller/hook/pythonpath.sh'
[6.162s] Level 1:colcon.colcon_core.environment:checking '/home/za1van/ros2_ws/install/my_turtle_controller/bin'
[6.162s] Level 1:colcon.colcon_core.environment:create_environment_scripts_only(my_turtle_controller)
[6.163s] INFO:colcon.colcon_core.shell:Creating package script '/home/za1van/ros2_ws/install/my_turtle_controller/share/my_turtle_controller/package.ps1'
[6.164s] INFO:colcon.colcon_core.shell:Creating package descriptor '/home/za1van/ros2_ws/install/my_turtle_controller/share/my_turtle_controller/package.dsv'
[6.164s] INFO:colcon.colcon_core.shell:Creating package script '/home/za1van/ros2_ws/install/my_turtle_controller/share/my_turtle_controller/package.sh'
[6.165s] INFO:colcon.colcon_core.shell:Creating package script '/home/za1van/ros2_ws/install/my_turtle_controller/share/my_turtle_controller/package.bash'
[6.165s] INFO:colcon.colcon_core.shell:Creating package script '/home/za1van/ros2_ws/install/my_turtle_controller/share/my_turtle_controller/package.zsh'
[6.166s] Level 1:colcon.colcon_core.environment:create_file_with_runtime_dependencies(/home/za1van/ros2_ws/install/my_turtle_controller/share/colcon-core/packages/my_turtle_controller)
[7.112s] DEBUG:colcon.colcon_core.event_handler.log_command:Invoking command in '/home/za1van/ros2_ws/src/my_service_client': DEBUGINFOD_URLS=https://debuginfod.ubuntu.com PYTHONPATH=/home/za1van/ros2_ws/build/my_service_client/prefix_override:/usr/lib/python3/dist-packages/colcon_core/task/python/colcon_distutils_commands:/home/za1van/ros2_ws/install/my_service_client/lib/python3.12/site-packages:/home/za1van/ros2_ws/install/my_service_interfaces/lib/python3.12/site-packages:/home/za1van/ros2_ws/install/my_turtle_controller/lib/python3.12/site-packages:/home/za1van/ros2_ws/install/my_service_server/lib/python3.12/site-packages:/home/za1van/ros2_ws/install/my_service_client/lib/python3.12/site-packages:/home/za1van/ros2_ws/install/my_project_start/lib/python3.12/site-packages:/home/za1van/ros2_ws/install/3t/lib/python3.12/site-packages:/opt/ros/jazzy/lib/python3.12/site-packages /usr/bin/python3 -W ignore:setup.py install is deprecated -W ignore:easy_install command is deprecated setup.py egg_info --egg-base ../../build/my_service_client build --build-base /home/za1van/ros2_ws/build/my_service_client/build install --record /home/za1van/ros2_ws/build/my_service_client/install.log --single-version-externally-managed install_data
[8.001s] Level 1:colcon.colcon_core.environment:checking '/home/za1van/ros2_ws/install/my_service_client' for CMake module files
[8.002s] Level 1:colcon.colcon_core.environment:checking '/home/za1van/ros2_ws/install/my_service_client' for CMake config files
[8.003s] DEBUG:colcon.colcon_core.event_handler.log_command:Invoked command in '/home/za1van/ros2_ws/src/my_service_client' returned '0': DEBUGINFOD_URLS=https://debuginfod.ubuntu.com PYTHONPATH=/home/za1van/ros2_ws/build/my_service_client/prefix_override:/usr/lib/python3/dist-packages/colcon_core/task/python/colcon_distutils_commands:/home/za1van/ros2_ws/install/my_service_client/lib/python3.12/site-packages:/home/za1van/ros2_ws/install/my_service_interfaces/lib/python3.12/site-packages:/home/za1van/ros2_ws/install/my_turtle_controller/lib/python3.12/site-packages:/home/za1van/ros2_ws/install/my_service_server/lib/python3.12/site-packages:/home/za1van/ros2_ws/install/my_service_client/lib/python3.12/site-packages:/home/za1van/ros2_ws/install/my_project_start/lib/python3.12/site-packages:/home/za1van/ros2_ws/install/3t/lib/python3.12/site-packages:/opt/ros/jazzy/lib/python3.12/site-packages /usr/bin/python3 -W ignore:setup.py install is deprecated -W ignore:easy_install command is deprecated setup.py egg_info --egg-base ../../build/my_service_client build --build-base /home/za1van/ros2_ws/build/my_service_client/build install --record /home/za1van/ros2_ws/build/my_service_client/install.log --single-version-externally-managed install_data
[8.004s] Level 1:colcon.colcon_core.environment:checking '/home/za1van/ros2_ws/install/my_service_client/lib'
[8.004s] Level 1:colcon.colcon_core.environment:checking '/home/za1van/ros2_ws/install/my_service_client/bin'
[8.004s] Level 1:colcon.colcon_core.environment:checking '/home/za1van/ros2_ws/install/my_service_client/lib/pkgconfig/my_service_client.pc'
[8.004s] Level 1:colcon.colcon_core.environment:checking '/home/za1van/ros2_ws/install/my_service_client/lib/python3.12/site-packages'
[8.004s] Level 1:colcon.colcon_core.shell:create_environment_hook('my_service_client', 'pythonpath')
[8.004s] INFO:colcon.colcon_core.shell:Creating environment hook '/home/za1van/ros2_ws/install/my_service_client/share/my_service_client/hook/pythonpath.ps1'
[8.005s] INFO:colcon.colcon_core.shell:Creating environment descriptor '/home/za1van/ros2_ws/install/my_service_client/share/my_service_client/hook/pythonpath.dsv'
[8.005s] INFO:colcon.colcon_core.shell:Creating environment hook '/home/za1van/ros2_ws/install/my_service_client/share/my_service_client/hook/pythonpath.sh'
[8.006s] Level 1:colcon.colcon_core.environment:checking '/home/za1van/ros2_ws/install/my_service_client/bin'
[8.006s] Level 1:colcon.colcon_core.environment:create_environment_scripts_only(my_service_client)
[8.007s] INFO:colcon.colcon_core.shell:Creating package script '/home/za1van/ros2_ws/install/my_service_client/share/my_service_client/package.ps1'
[8.007s] INFO:colcon.colcon_core.shell:Creating package descriptor '/home/za1van/ros2_ws/install/my_service_client/share/my_service_client/package.dsv'
[8.008s] INFO:colcon.colcon_core.shell:Creating package script '/home/za1van/ros2_ws/install/my_service_client/share/my_service_client/package.sh'
[8.008s] INFO:colcon.colcon_core.shell:Creating package script '/home/za1van/ros2_ws/install/my_service_client/share/my_service_client/package.bash'
[8.009s] INFO:colcon.colcon_core.shell:Creating package script '/home/za1van/ros2_ws/install/my_service_client/share/my_service_client/package.zsh'
[8.009s] Level 1:colcon.colcon_core.environment:create_file_with_runtime_dependencies(/home/za1van/ros2_ws/install/my_service_client/share/colcon-core/packages/my_service_client)
[8.010s] DEBUG:colcon.colcon_parallel_executor.executor.parallel:closing loop
[8.010s] DEBUG:colcon.colcon_parallel_executor.executor.parallel:loop closed
[8.010s] DEBUG:colcon.colcon_parallel_executor.executor.parallel:run_until_complete finished with '0'
[8.011s] DEBUG:colcon.colcon_core.event_reactor:joining thread
[8.020s] INFO:colcon.colcon_core.plugin_system:Skipping extension 'colcon_notification.desktop_notification.terminal_notifier': Not used on non-Darwin systems
[8.021s] INFO:colcon.colcon_core.plugin_system:Skipping extension 'colcon_notification.desktop_notification.win32': Not used on non-Windows systems
[8.021s] INFO:colcon.colcon_notification.desktop_notification:Sending desktop notification using 'notify2'
[8.030s] DEBUG:colcon.colcon_core.event_reactor:joined thread
[8.031s] INFO:colcon.colcon_core.shell:Creating prefix script '/home/za1van/ros2_ws/install/local_setup.ps1'
[8.032s] INFO:colcon.colcon_core.shell:Creating prefix util module '/home/za1van/ros2_ws/install/_local_setup_util_ps1.py'
[8.034s] INFO:colcon.colcon_core.shell:Creating prefix chain script '/home/za1van/ros2_ws/install/setup.ps1'
[8.035s] INFO:colcon.colcon_core.shell:Creating prefix script '/home/za1van/ros2_ws/install/local_setup.sh'
[8.036s] INFO:colcon.colcon_core.shell:Creating prefix util module '/home/za1van/ros2_ws/install/_local_setup_util_sh.py'
[8.036s] INFO:colcon.colcon_core.shell:Creating prefix chain script '/home/za1van/ros2_ws/install/setup.sh'
[8.039s] INFO:colcon.colcon_core.shell:Creating prefix script '/home/za1van/ros2_ws/install/local_setup.bash'
[8.039s] INFO:colcon.colcon_core.shell:Creating prefix chain script '/home/za1van/ros2_ws/install/setup.bash'
[8.040s] INFO:colcon.colcon_core.shell:Creating prefix script '/home/za1van/ros2_ws/install/local_setup.zsh'
[8.041s] INFO:colcon.colcon_core.shell:Creating prefix chain script '/home/za1van/ros2_ws/install/setup.zsh'
