[0.034s] Invoking command in '/home/za1van/ros2_ws/src/build/my_custom_interface': CMAKE_PREFIX_PATH=${CMAKE_PREFIX_PATH}:/home/za1van/ros2_ws/src/install/my_turtle_controller:/home/za1van/ros2_ws/src/install/my_service_server:/home/za1van/ros2_ws/src/install/my_service_client:/home/za1van/ros2_ws/src/install/3t:/home/za1van/ros2_ws/install/my_calculate_action:/home/za1van/ros2_ws/install/my_turtle_controller:/home/za1van/ros2_ws/install/my_service_server:/home/za1van/ros2_ws/install/my_service_client:/home/za1van/ros2_ws/install/my_project_start:/home/za1van/ros2_ws/install/3t:/opt/ros/jazzy DEBUGINFOD_URLS=https://debuginfod.ubuntu.com /usr/bin/cmake /home/za1van/ros2_ws/src/my_custom_interface -DCMAKE_INSTALL_PREFIX=/home/za1van/ros2_ws/src/install/my_custom_interface
[0.051s] [0mCMake Deprecation Warning at CMakeLists.txt:1 (cmake_minimum_required):
[0.051s]   Compatibility with CMake < 3.10 will be removed from a future version of
[0.052s]   CMake.
[0.053s] 
[0.053s]   Update the VERSION argument <min> value.  Or, use the <min>...<max> syntax
[0.057s]   to tell CMake that the project requires at least <min> but has been updated
[0.057s]   to work with policies introduced by <max> or earlier.
[0.057s] 
[0.057s] [0m
[0.256s] -- The C compiler identification is GNU 13.3.0
[0.473s] -- The CXX compiler identification is GNU 13.3.0
[0.491s] -- Detecting C compiler ABI info
[0.791s] -- Detecting C compiler ABI info - done
[0.880s] -- Check for working C compiler: /usr/bin/cc - skipped
[0.882s] -- Detecting C compile features
[0.886s] -- Detecting C compile features - done
[0.953s] -- Detecting CXX compiler ABI info
[1.391s] -- Detecting CXX compiler ABI info - done
[1.498s] -- Check for working CXX compiler: /usr/bin/c++ - skipped
[1.499s] -- Detecting CXX compile features
[1.502s] -- Detecting CXX compile features - done
[1.531s] -- Found ament_cmake: 2.5.4 (/opt/ros/jazzy/share/ament_cmake/cmake)
[4.492s] -- Found Python3: /usr/bin/python3 (found version "3.12.3") found components: Interpreter
[5.149s] -- Found rosidl_default_generators: 1.6.0 (/opt/ros/jazzy/share/rosidl_default_generators/cmake)
[5.215s] -- Using all available rosidl_typesupport_c: rosidl_typesupport_fastrtps_c;rosidl_typesupport_introspection_c
[5.621s] -- Using all available rosidl_typesupport_cpp: rosidl_typesupport_fastrtps_cpp;rosidl_typesupport_introspection_cpp
[5.853s] -- Found rosidl_adapter: 4.6.6 (/opt/ros/jazzy/share/rosidl_adapter/cmake)
[7.820s] -- Found ament_cmake_ros: 0.12.0 (/opt/ros/jazzy/share/ament_cmake_ros/cmake)
[9.402s] -- Using all available rosidl_typesupport_c: rosidl_typesupport_fastrtps_c;rosidl_typesupport_introspection_c
[11.134s] -- Using all available rosidl_typesupport_cpp: rosidl_typesupport_fastrtps_cpp;rosidl_typesupport_introspection_cpp
[11.174s] -- Found python_cmake_module: 0.11.1 (/opt/ros/jazzy/share/python_cmake_module/cmake)
[11.562s] -- Found PythonExtra: /usr/bin/python3
[12.824s] -- Found Python3: /usr/bin/python3 (found version "3.12.3") found components: Interpreter Development NumPy Development.Module Development.Embed
[13.033s] -- Found ament_lint_auto: 0.17.3 (/opt/ros/jazzy/share/ament_lint_auto/cmake)
[13.269s] -- Added test 'lint_cmake' to check CMake code style
[13.269s] -- Added test 'xmllint' to check XML markup files
[13.284s] -- Configuring done (13.2s)
[13.381s] -- Generating done (0.1s)
[13.402s] -- Build files have been written to: /home/za1van/ros2_ws/src/build/my_custom_interface
[13.436s] Invoked command in '/home/za1van/ros2_ws/src/build/my_custom_interface' returned '0': CMAKE_PREFIX_PATH=${CMAKE_PREFIX_PATH}:/home/za1van/ros2_ws/src/install/my_turtle_controller:/home/za1van/ros2_ws/src/install/my_service_server:/home/za1van/ros2_ws/src/install/my_service_client:/home/za1van/ros2_ws/src/install/3t:/home/za1van/ros2_ws/install/my_calculate_action:/home/za1van/ros2_ws/install/my_turtle_controller:/home/za1van/ros2_ws/install/my_service_server:/home/za1van/ros2_ws/install/my_service_client:/home/za1van/ros2_ws/install/my_project_start:/home/za1van/ros2_ws/install/3t:/opt/ros/jazzy DEBUGINFOD_URLS=https://debuginfod.ubuntu.com /usr/bin/cmake /home/za1van/ros2_ws/src/my_custom_interface -DCMAKE_INSTALL_PREFIX=/home/za1van/ros2_ws/src/install/my_custom_interface
[13.437s] Invoking command in '/home/za1van/ros2_ws/src/build/my_custom_interface': CMAKE_PREFIX_PATH=${CMAKE_PREFIX_PATH}:/home/za1van/ros2_ws/src/install/my_turtle_controller:/home/za1van/ros2_ws/src/install/my_service_server:/home/za1van/ros2_ws/src/install/my_service_client:/home/za1van/ros2_ws/src/install/3t:/home/za1van/ros2_ws/install/my_calculate_action:/home/za1van/ros2_ws/install/my_turtle_controller:/home/za1van/ros2_ws/install/my_service_server:/home/za1van/ros2_ws/install/my_service_client:/home/za1van/ros2_ws/install/my_project_start:/home/za1van/ros2_ws/install/3t:/opt/ros/jazzy DEBUGINFOD_URLS=https://debuginfod.ubuntu.com /usr/bin/cmake --build /home/za1van/ros2_ws/src/build/my_custom_interface -- -j4 -l4
[13.616s] [  2%] [1m[34mGenerating type hashes for ROS interfaces[0m
[13.636s] [  2%] Built target ament_cmake_python_copy_my_custom_interface
[14.427s] [  2%] Built target my_custom_interface__rosidl_generator_type_description
[14.468s] [  5%] [1m[34mGenerating C code for ROS interfaces[0m
[14.503s] [  8%] [1m[34mGenerating C++ code for ROS interfaces[0m
[14.882s] running egg_info
[14.890s] creating my_custom_interface.egg-info
[15.000s] writing my_custom_interface.egg-info/PKG-INFO
[15.000s] writing dependency_links to my_custom_interface.egg-info/dependency_links.txt
[15.000s] writing top-level names to my_custom_interface.egg-info/top_level.txt
[15.001s] writing manifest file 'my_custom_interface.egg-info/SOURCES.txt'
[15.232s] [ 11%] [32mBuilding C object CMakeFiles/my_custom_interface__rosidl_generator_c.dir/rosidl_generator_c/my_custom_interface/msg/detail/numbers__functions.c.o[0m
[15.242s] reading manifest file 'my_custom_interface.egg-info/SOURCES.txt'
[15.244s] writing manifest file 'my_custom_interface.egg-info/SOURCES.txt'
[15.246s] [ 14%] [32mBuilding C object CMakeFiles/my_custom_interface__rosidl_generator_c.dir/rosidl_generator_c/my_custom_interface/msg/detail/numbers__description.c.o[0m
[15.316s] [ 14%] Built target ament_cmake_python_build_my_custom_interface_egg
[15.338s] [ 17%] [32mBuilding C object CMakeFiles/my_custom_interface__rosidl_generator_c.dir/rosidl_generator_c/my_custom_interface/msg/detail/numbers__type_support.c.o[0m
[15.442s] [ 20%] [1m[32mLinking C shared library libmy_custom_interface__rosidl_generator_c.so[0m
[15.514s] [ 20%] Built target my_custom_interface__rosidl_generator_c
[15.547s] [ 23%] [1m[34mGenerating C type support for eProsima Fast-RTPS[0m
[15.558s] [ 26%] [1m[34mGenerating C type support dispatch for ROS interfaces[0m
[15.568s] [ 29%] [1m[34mGenerating C introspection for ROS interfaces[0m
[15.633s] [ 29%] Built target my_custom_interface__cpp
[15.669s] [ 32%] [1m[34mGenerating C++ introspection for ROS interfaces[0m
[16.316s] [ 35%] [32mBuilding CXX object CMakeFiles/my_custom_interface__rosidl_typesupport_fastrtps_c.dir/rosidl_typesupport_fastrtps_c/my_custom_interface/msg/detail/numbers__type_support_c.cpp.o[0m
[16.514s] [ 38%] [32mBuilding C object CMakeFiles/my_custom_interface__rosidl_typesupport_introspection_c.dir/rosidl_typesupport_introspection_c/my_custom_interface/msg/detail/numbers__type_support.c.o[0m
[16.683s] [ 41%] [1m[32mLinking C shared library libmy_custom_interface__rosidl_typesupport_introspection_c.so[0m
[16.813s] [ 44%] [32mBuilding CXX object CMakeFiles/my_custom_interface__rosidl_typesupport_c.dir/rosidl_typesupport_c/my_custom_interface/msg/numbers__type_support.cpp.o[0m
[16.820s] [ 44%] Built target my_custom_interface__rosidl_typesupport_introspection_c
[16.876s] [ 47%] [1m[34mGenerating C++ type support dispatch for ROS interfaces[0m
[16.951s] [ 50%] [32mBuilding CXX object CMakeFiles/my_custom_interface__rosidl_typesupport_introspection_cpp.dir/rosidl_typesupport_introspection_cpp/my_custom_interface/msg/detail/numbers__type_support.cpp.o[0m
[16.974s] [ 52%] [1m[32mLinking CXX shared library libmy_custom_interface__rosidl_typesupport_c.so[0m
[17.129s] [ 52%] Built target my_custom_interface__rosidl_typesupport_c
[17.183s] [ 55%] [1m[34mGenerating C++ type support for eProsima Fast-RTPS[0m
[17.725s] [ 58%] [1m[32mLinking CXX shared library libmy_custom_interface__rosidl_typesupport_introspection_cpp.so[0m
[17.926s] [ 58%] Built target my_custom_interface__rosidl_typesupport_introspection_cpp
[18.200s] [ 61%] [32mBuilding CXX object CMakeFiles/my_custom_interface__rosidl_typesupport_fastrtps_cpp.dir/rosidl_typesupport_fastrtps_cpp/my_custom_interface/msg/detail/dds_fastrtps/numbers__type_support.cpp.o[0m
[18.251s] [ 64%] [1m[32mLinking CXX shared library libmy_custom_interface__rosidl_typesupport_fastrtps_c.so[0m
[18.313s] [ 67%] [32mBuilding CXX object CMakeFiles/my_custom_interface__rosidl_typesupport_cpp.dir/rosidl_typesupport_cpp/my_custom_interface/msg/numbers__type_support.cpp.o[0m
[18.531s] [ 67%] Built target my_custom_interface__rosidl_typesupport_fastrtps_c
[19.208s] [ 70%] [1m[32mLinking CXX shared library libmy_custom_interface__rosidl_typesupport_cpp.so[0m
[19.377s] [ 70%] Built target my_custom_interface__rosidl_typesupport_cpp
[20.046s] [ 73%] [1m[32mLinking CXX shared library libmy_custom_interface__rosidl_typesupport_fastrtps_cpp.so[0m
[20.240s] [ 73%] Built target my_custom_interface__rosidl_typesupport_fastrtps_cpp
[20.319s] [ 73%] Built target my_custom_interface
[20.396s] [ 76%] [1m[34mGenerating Python code for ROS interfaces[0m
[21.755s] [ 76%] Built target my_custom_interface__py
[21.825s] [ 79%] [32mBuilding C object CMakeFiles/my_custom_interface__rosidl_generator_py.dir/rosidl_generator_py/my_custom_interface/msg/_numbers_s.c.o[0m
[22.162s] [ 82%] [1m[32mLinking C shared library libmy_custom_interface__rosidl_generator_py.so[0m
[22.285s] [ 82%] Built target my_custom_interface__rosidl_generator_py
[22.494s] [ 85%] [32mBuilding C object CMakeFiles/my_custom_interface_s__rosidl_typesupport_c.dir/rosidl_generator_py/my_custom_interface/_my_custom_interface_s.ep.rosidl_typesupport_c.c.o[0m
[22.504s] [ 88%] [32mBuilding C object CMakeFiles/my_custom_interface_s__rosidl_typesupport_fastrtps_c.dir/rosidl_generator_py/my_custom_interface/_my_custom_interface_s.ep.rosidl_typesupport_fastrtps_c.c.o[0m
[22.507s] [ 91%] [32mBuilding C object CMakeFiles/my_custom_interface_s__rosidl_typesupport_introspection_c.dir/rosidl_generator_py/my_custom_interface/_my_custom_interface_s.ep.rosidl_typesupport_introspection_c.c.o[0m
[22.959s] [ 94%] [1m[32mLinking C shared module rosidl_generator_py/my_custom_interface/my_custom_interface_s__rosidl_typesupport_introspection_c.so[0m
[23.080s] [ 94%] Built target my_custom_interface_s__rosidl_typesupport_introspection_c
[23.273s] [ 97%] [1m[32mLinking C shared module rosidl_generator_py/my_custom_interface/my_custom_interface_s__rosidl_typesupport_c.so[0m
[23.368s] [100%] [1m[32mLinking C shared module rosidl_generator_py/my_custom_interface/my_custom_interface_s__rosidl_typesupport_fastrtps_c.so[0m
[23.411s] [100%] Built target my_custom_interface_s__rosidl_typesupport_c
[23.448s] [100%] Built target my_custom_interface_s__rosidl_typesupport_fastrtps_c
[23.467s] Invoked command in '/home/za1van/ros2_ws/src/build/my_custom_interface' returned '0': CMAKE_PREFIX_PATH=${CMAKE_PREFIX_PATH}:/home/za1van/ros2_ws/src/install/my_turtle_controller:/home/za1van/ros2_ws/src/install/my_service_server:/home/za1van/ros2_ws/src/install/my_service_client:/home/za1van/ros2_ws/src/install/3t:/home/za1van/ros2_ws/install/my_calculate_action:/home/za1van/ros2_ws/install/my_turtle_controller:/home/za1van/ros2_ws/install/my_service_server:/home/za1van/ros2_ws/install/my_service_client:/home/za1van/ros2_ws/install/my_project_start:/home/za1van/ros2_ws/install/3t:/opt/ros/jazzy DEBUGINFOD_URLS=https://debuginfod.ubuntu.com /usr/bin/cmake --build /home/za1van/ros2_ws/src/build/my_custom_interface -- -j4 -l4
[23.469s] Invoking command in '/home/za1van/ros2_ws/src/build/my_custom_interface': CMAKE_PREFIX_PATH=${CMAKE_PREFIX_PATH}:/home/za1van/ros2_ws/src/install/my_turtle_controller:/home/za1van/ros2_ws/src/install/my_service_server:/home/za1van/ros2_ws/src/install/my_service_client:/home/za1van/ros2_ws/src/install/3t:/home/za1van/ros2_ws/install/my_calculate_action:/home/za1van/ros2_ws/install/my_turtle_controller:/home/za1van/ros2_ws/install/my_service_server:/home/za1van/ros2_ws/install/my_service_client:/home/za1van/ros2_ws/install/my_project_start:/home/za1van/ros2_ws/install/3t:/opt/ros/jazzy DEBUGINFOD_URLS=https://debuginfod.ubuntu.com /usr/bin/cmake --install /home/za1van/ros2_ws/src/build/my_custom_interface
[23.481s] -- Install configuration: ""
[23.487s] -- Installing: /home/za1van/ros2_ws/src/install/my_custom_interface/share/ament_index/resource_index/rosidl_interfaces/my_custom_interface
[23.487s] -- Installing: /home/za1van/ros2_ws/src/install/my_custom_interface/share/my_custom_interface/msg/Numbers.json
[23.487s] -- Installing: /home/za1van/ros2_ws/src/install/my_custom_interface/include/my_custom_interface/my_custom_interface
[23.488s] -- Installing: /home/za1van/ros2_ws/src/install/my_custom_interface/include/my_custom_interface/my_custom_interface/msg
[23.488s] -- Installing: /home/za1van/ros2_ws/src/install/my_custom_interface/include/my_custom_interface/my_custom_interface/msg/rosidl_generator_c__visibility_control.h
[23.488s] -- Installing: /home/za1van/ros2_ws/src/install/my_custom_interface/include/my_custom_interface/my_custom_interface/msg/detail
[23.491s] -- Installing: /home/za1van/ros2_ws/src/install/my_custom_interface/include/my_custom_interface/my_custom_interface/msg/detail/numbers__functions.c
[23.494s] -- Installing: /home/za1van/ros2_ws/src/install/my_custom_interface/include/my_custom_interface/my_custom_interface/msg/detail/numbers__struct.h
[23.495s] -- Installing: /home/za1van/ros2_ws/src/install/my_custom_interface/include/my_custom_interface/my_custom_interface/msg/detail/numbers__type_support.c
[23.495s] -- Installing: /home/za1van/ros2_ws/src/install/my_custom_interface/include/my_custom_interface/my_custom_interface/msg/detail/numbers__description.c
[23.495s] -- Installing: /home/za1van/ros2_ws/src/install/my_custom_interface/include/my_custom_interface/my_custom_interface/msg/detail/numbers__type_support.h
[23.496s] -- Installing: /home/za1van/ros2_ws/src/install/my_custom_interface/include/my_custom_interface/my_custom_interface/msg/detail/numbers__functions.h
[23.498s] -- Installing: /home/za1van/ros2_ws/src/install/my_custom_interface/include/my_custom_interface/my_custom_interface/msg/numbers.h
[23.501s] -- Installing: /home/za1van/ros2_ws/src/install/my_custom_interface/share/my_custom_interface/environment/library_path.sh
[23.501s] -- Installing: /home/za1van/ros2_ws/src/install/my_custom_interface/share/my_custom_interface/environment/library_path.dsv
[23.501s] -- Installing: /home/za1van/ros2_ws/src/install/my_custom_interface/lib/libmy_custom_interface__rosidl_generator_c.so
[23.502s] -- Set non-toolchain portion of runtime path of "/home/za1van/ros2_ws/src/install/my_custom_interface/lib/libmy_custom_interface__rosidl_generator_c.so" to ""
[23.502s] -- Up-to-date: /home/za1van/ros2_ws/src/install/my_custom_interface/include/my_custom_interface/my_custom_interface
[23.502s] -- Up-to-date: /home/za1van/ros2_ws/src/install/my_custom_interface/include/my_custom_interface/my_custom_interface/msg
[23.505s] -- Installing: /home/za1van/ros2_ws/src/install/my_custom_interface/include/my_custom_interface/my_custom_interface/msg/rosidl_typesupport_fastrtps_c__visibility_control.h
[23.505s] -- Up-to-date: /home/za1van/ros2_ws/src/install/my_custom_interface/include/my_custom_interface/my_custom_interface/msg/detail
[23.506s] -- Installing: /home/za1van/ros2_ws/src/install/my_custom_interface/include/my_custom_interface/my_custom_interface/msg/detail/numbers__rosidl_typesupport_fastrtps_c.h
[23.506s] -- Installing: /home/za1van/ros2_ws/src/install/my_custom_interface/lib/libmy_custom_interface__rosidl_typesupport_fastrtps_c.so
[23.506s] -- Set non-toolchain portion of runtime path of "/home/za1van/ros2_ws/src/install/my_custom_interface/lib/libmy_custom_interface__rosidl_typesupport_fastrtps_c.so" to ""
[23.507s] -- Up-to-date: /home/za1van/ros2_ws/src/install/my_custom_interface/include/my_custom_interface/my_custom_interface
[23.507s] -- Up-to-date: /home/za1van/ros2_ws/src/install/my_custom_interface/include/my_custom_interface/my_custom_interface/msg
[23.507s] -- Up-to-date: /home/za1van/ros2_ws/src/install/my_custom_interface/include/my_custom_interface/my_custom_interface/msg/detail
[23.507s] -- Installing: /home/za1van/ros2_ws/src/install/my_custom_interface/include/my_custom_interface/my_custom_interface/msg/detail/numbers__rosidl_typesupport_introspection_c.h
[23.507s] -- Installing: /home/za1van/ros2_ws/src/install/my_custom_interface/include/my_custom_interface/my_custom_interface/msg/detail/numbers__type_support.c
[23.507s] -- Installing: /home/za1van/ros2_ws/src/install/my_custom_interface/include/my_custom_interface/my_custom_interface/msg/rosidl_typesupport_introspection_c__visibility_control.h
[23.510s] -- Installing: /home/za1van/ros2_ws/src/install/my_custom_interface/lib/libmy_custom_interface__rosidl_typesupport_introspection_c.so
[23.511s] -- Set non-toolchain portion of runtime path of "/home/za1van/ros2_ws/src/install/my_custom_interface/lib/libmy_custom_interface__rosidl_typesupport_introspection_c.so" to ""
[23.511s] -- Installing: /home/za1van/ros2_ws/src/install/my_custom_interface/lib/libmy_custom_interface__rosidl_typesupport_c.so
[23.511s] -- Set non-toolchain portion of runtime path of "/home/za1van/ros2_ws/src/install/my_custom_interface/lib/libmy_custom_interface__rosidl_typesupport_c.so" to ""
[23.511s] -- Up-to-date: /home/za1van/ros2_ws/src/install/my_custom_interface/include/my_custom_interface/my_custom_interface
[23.511s] -- Up-to-date: /home/za1van/ros2_ws/src/install/my_custom_interface/include/my_custom_interface/my_custom_interface/msg
[23.512s] -- Installing: /home/za1van/ros2_ws/src/install/my_custom_interface/include/my_custom_interface/my_custom_interface/msg/rosidl_generator_cpp__visibility_control.hpp
[23.514s] -- Installing: /home/za1van/ros2_ws/src/install/my_custom_interface/include/my_custom_interface/my_custom_interface/msg/numbers.hpp
[23.514s] -- Up-to-date: /home/za1van/ros2_ws/src/install/my_custom_interface/include/my_custom_interface/my_custom_interface/msg/detail
[23.515s] -- Installing: /home/za1van/ros2_ws/src/install/my_custom_interface/include/my_custom_interface/my_custom_interface/msg/detail/numbers__struct.hpp
[23.515s] -- Installing: /home/za1van/ros2_ws/src/install/my_custom_interface/include/my_custom_interface/my_custom_interface/msg/detail/numbers__builder.hpp
[23.519s] -- Installing: /home/za1van/ros2_ws/src/install/my_custom_interface/include/my_custom_interface/my_custom_interface/msg/detail/numbers__type_support.hpp
[23.519s] -- Installing: /home/za1van/ros2_ws/src/install/my_custom_interface/include/my_custom_interface/my_custom_interface/msg/detail/numbers__traits.hpp
[23.520s] -- Up-to-date: /home/za1van/ros2_ws/src/install/my_custom_interface/include/my_custom_interface/my_custom_interface
[23.520s] -- Up-to-date: /home/za1van/ros2_ws/src/install/my_custom_interface/include/my_custom_interface/my_custom_interface/msg
[23.520s] -- Installing: /home/za1van/ros2_ws/src/install/my_custom_interface/include/my_custom_interface/my_custom_interface/msg/rosidl_typesupport_fastrtps_cpp__visibility_control.h
[23.520s] -- Up-to-date: /home/za1van/ros2_ws/src/install/my_custom_interface/include/my_custom_interface/my_custom_interface/msg/detail
[23.520s] -- Installing: /home/za1van/ros2_ws/src/install/my_custom_interface/include/my_custom_interface/my_custom_interface/msg/detail/dds_fastrtps
[23.521s] -- Installing: /home/za1van/ros2_ws/src/install/my_custom_interface/include/my_custom_interface/my_custom_interface/msg/detail/numbers__rosidl_typesupport_fastrtps_cpp.hpp
[23.521s] -- Installing: /home/za1van/ros2_ws/src/install/my_custom_interface/lib/libmy_custom_interface__rosidl_typesupport_fastrtps_cpp.so
[23.521s] -- Set non-toolchain portion of runtime path of "/home/za1van/ros2_ws/src/install/my_custom_interface/lib/libmy_custom_interface__rosidl_typesupport_fastrtps_cpp.so" to ""
[23.521s] -- Up-to-date: /home/za1van/ros2_ws/src/install/my_custom_interface/include/my_custom_interface/my_custom_interface
[23.524s] -- Up-to-date: /home/za1van/ros2_ws/src/install/my_custom_interface/include/my_custom_interface/my_custom_interface/msg
[23.524s] -- Up-to-date: /home/za1van/ros2_ws/src/install/my_custom_interface/include/my_custom_interface/my_custom_interface/msg/detail
[23.525s] -- Installing: /home/za1van/ros2_ws/src/install/my_custom_interface/include/my_custom_interface/my_custom_interface/msg/detail/numbers__rosidl_typesupport_introspection_cpp.hpp
[23.525s] -- Installing: /home/za1van/ros2_ws/src/install/my_custom_interface/include/my_custom_interface/my_custom_interface/msg/detail/numbers__type_support.cpp
[23.525s] -- Installing: /home/za1van/ros2_ws/src/install/my_custom_interface/lib/libmy_custom_interface__rosidl_typesupport_introspection_cpp.so
[23.525s] -- Set non-toolchain portion of runtime path of "/home/za1van/ros2_ws/src/install/my_custom_interface/lib/libmy_custom_interface__rosidl_typesupport_introspection_cpp.so" to ""
[23.525s] -- Installing: /home/za1van/ros2_ws/src/install/my_custom_interface/lib/libmy_custom_interface__rosidl_typesupport_cpp.so
[23.526s] -- Set non-toolchain portion of runtime path of "/home/za1van/ros2_ws/src/install/my_custom_interface/lib/libmy_custom_interface__rosidl_typesupport_cpp.so" to ""
[23.526s] -- Installing: /home/za1van/ros2_ws/src/install/my_custom_interface/share/my_custom_interface/environment/pythonpath.sh
[23.526s] -- Installing: /home/za1van/ros2_ws/src/install/my_custom_interface/share/my_custom_interface/environment/pythonpath.dsv
[23.526s] -- Installing: /home/za1van/ros2_ws/src/install/my_custom_interface/lib/python3.12/site-packages/my_custom_interface-0.0.0-py3.12.egg-info
[23.526s] -- Installing: /home/za1van/ros2_ws/src/install/my_custom_interface/lib/python3.12/site-packages/my_custom_interface-0.0.0-py3.12.egg-info/dependency_links.txt
[23.526s] -- Installing: /home/za1van/ros2_ws/src/install/my_custom_interface/lib/python3.12/site-packages/my_custom_interface-0.0.0-py3.12.egg-info/PKG-INFO
[23.526s] -- Installing: /home/za1van/ros2_ws/src/install/my_custom_interface/lib/python3.12/site-packages/my_custom_interface-0.0.0-py3.12.egg-info/top_level.txt
[23.527s] -- Installing: /home/za1van/ros2_ws/src/install/my_custom_interface/lib/python3.12/site-packages/my_custom_interface-0.0.0-py3.12.egg-info/SOURCES.txt
[23.527s] -- Installing: /home/za1van/ros2_ws/src/install/my_custom_interface/lib/python3.12/site-packages/my_custom_interface
[23.527s] -- Installing: /home/za1van/ros2_ws/src/install/my_custom_interface/lib/python3.12/site-packages/my_custom_interface/my_custom_interface_s__rosidl_typesupport_c.so
[23.527s] -- Installing: /home/za1van/ros2_ws/src/install/my_custom_interface/lib/python3.12/site-packages/my_custom_interface/_my_custom_interface_s.ep.rosidl_typesupport_fastrtps_c.c
[23.527s] -- Installing: /home/za1van/ros2_ws/src/install/my_custom_interface/lib/python3.12/site-packages/my_custom_interface/my_custom_interface_s__rosidl_typesupport_introspection_c.so
[23.528s] -- Installing: /home/za1van/ros2_ws/src/install/my_custom_interface/lib/python3.12/site-packages/my_custom_interface/my_custom_interface_s__rosidl_typesupport_fastrtps_c.so
[23.529s] -- Installing: /home/za1van/ros2_ws/src/install/my_custom_interface/lib/python3.12/site-packages/my_custom_interface/__init__.py
[23.530s] -- Installing: /home/za1van/ros2_ws/src/install/my_custom_interface/lib/python3.12/site-packages/my_custom_interface/_my_custom_interface_s.ep.rosidl_typesupport_c.c
[23.531s] -- Installing: /home/za1van/ros2_ws/src/install/my_custom_interface/lib/python3.12/site-packages/my_custom_interface/_my_custom_interface_s.ep.rosidl_typesupport_introspection_c.c
[23.531s] -- Installing: /home/za1van/ros2_ws/src/install/my_custom_interface/lib/python3.12/site-packages/my_custom_interface/msg
[23.531s] -- Installing: /home/za1van/ros2_ws/src/install/my_custom_interface/lib/python3.12/site-packages/my_custom_interface/msg/_numbers_s.c
[23.532s] -- Installing: /home/za1van/ros2_ws/src/install/my_custom_interface/lib/python3.12/site-packages/my_custom_interface/msg/__init__.py
[23.533s] -- Installing: /home/za1van/ros2_ws/src/install/my_custom_interface/lib/python3.12/site-packages/my_custom_interface/msg/_numbers.py
[23.693s] Listing '/home/za1van/ros2_ws/src/install/my_custom_interface/lib/python3.12/site-packages/my_custom_interface'...
[23.693s] Compiling '/home/za1van/ros2_ws/src/install/my_custom_interface/lib/python3.12/site-packages/my_custom_interface/__init__.py'...
[23.693s] Listing '/home/za1van/ros2_ws/src/install/my_custom_interface/lib/python3.12/site-packages/my_custom_interface/msg'...
[23.693s] Compiling '/home/za1van/ros2_ws/src/install/my_custom_interface/lib/python3.12/site-packages/my_custom_interface/msg/__init__.py'...
[23.693s] Compiling '/home/za1van/ros2_ws/src/install/my_custom_interface/lib/python3.12/site-packages/my_custom_interface/msg/_numbers.py'...
[23.716s] -- Installing: /home/za1van/ros2_ws/src/install/my_custom_interface/lib/python3.12/site-packages/my_custom_interface/my_custom_interface_s__rosidl_typesupport_fastrtps_c.so
[23.717s] -- Set non-toolchain portion of runtime path of "/home/za1van/ros2_ws/src/install/my_custom_interface/lib/python3.12/site-packages/my_custom_interface/my_custom_interface_s__rosidl_typesupport_fastrtps_c.so" to ""
[23.717s] -- Installing: /home/za1van/ros2_ws/src/install/my_custom_interface/lib/python3.12/site-packages/my_custom_interface/my_custom_interface_s__rosidl_typesupport_introspection_c.so
[23.720s] -- Set non-toolchain portion of runtime path of "/home/za1van/ros2_ws/src/install/my_custom_interface/lib/python3.12/site-packages/my_custom_interface/my_custom_interface_s__rosidl_typesupport_introspection_c.so" to ""
[23.722s] -- Installing: /home/za1van/ros2_ws/src/install/my_custom_interface/lib/python3.12/site-packages/my_custom_interface/my_custom_interface_s__rosidl_typesupport_c.so
[23.722s] -- Set non-toolchain portion of runtime path of "/home/za1van/ros2_ws/src/install/my_custom_interface/lib/python3.12/site-packages/my_custom_interface/my_custom_interface_s__rosidl_typesupport_c.so" to ""
[23.723s] -- Installing: /home/za1van/ros2_ws/src/install/my_custom_interface/lib/libmy_custom_interface__rosidl_generator_py.so
[23.727s] -- Set non-toolchain portion of runtime path of "/home/za1van/ros2_ws/src/install/my_custom_interface/lib/libmy_custom_interface__rosidl_generator_py.so" to ""
[23.727s] -- Installing: /home/za1van/ros2_ws/src/install/my_custom_interface/share/my_custom_interface/msg/Numbers.idl
[23.728s] -- Installing: /home/za1van/ros2_ws/src/install/my_custom_interface/share/my_custom_interface/msg/Numbers.msg
[23.729s] -- Installing: /home/za1van/ros2_ws/src/install/my_custom_interface/share/ament_index/resource_index/package_run_dependencies/my_custom_interface
[23.731s] -- Installing: /home/za1van/ros2_ws/src/install/my_custom_interface/share/ament_index/resource_index/parent_prefix_path/my_custom_interface
[23.731s] -- Installing: /home/za1van/ros2_ws/src/install/my_custom_interface/share/my_custom_interface/environment/ament_prefix_path.sh
[23.731s] -- Installing: /home/za1van/ros2_ws/src/install/my_custom_interface/share/my_custom_interface/environment/ament_prefix_path.dsv
[23.731s] -- Installing: /home/za1van/ros2_ws/src/install/my_custom_interface/share/my_custom_interface/environment/path.sh
[23.732s] -- Installing: /home/za1van/ros2_ws/src/install/my_custom_interface/share/my_custom_interface/environment/path.dsv
[23.734s] -- Installing: /home/za1van/ros2_ws/src/install/my_custom_interface/share/my_custom_interface/local_setup.bash
[23.738s] -- Installing: /home/za1van/ros2_ws/src/install/my_custom_interface/share/my_custom_interface/local_setup.sh
[23.738s] -- Installing: /home/za1van/ros2_ws/src/install/my_custom_interface/share/my_custom_interface/local_setup.zsh
[23.738s] -- Installing: /home/za1van/ros2_ws/src/install/my_custom_interface/share/my_custom_interface/local_setup.dsv
[23.738s] -- Installing: /home/za1van/ros2_ws/src/install/my_custom_interface/share/my_custom_interface/package.dsv
[23.739s] -- Installing: /home/za1van/ros2_ws/src/install/my_custom_interface/share/ament_index/resource_index/packages/my_custom_interface
[23.740s] -- Installing: /home/za1van/ros2_ws/src/install/my_custom_interface/share/my_custom_interface/cmake/export_my_custom_interface__rosidl_generator_cExport.cmake
[23.740s] -- Installing: /home/za1van/ros2_ws/src/install/my_custom_interface/share/my_custom_interface/cmake/export_my_custom_interface__rosidl_generator_cExport-noconfig.cmake
[23.740s] -- Installing: /home/za1van/ros2_ws/src/install/my_custom_interface/share/my_custom_interface/cmake/export_my_custom_interface__rosidl_typesupport_fastrtps_cExport.cmake
[23.740s] -- Installing: /home/za1van/ros2_ws/src/install/my_custom_interface/share/my_custom_interface/cmake/export_my_custom_interface__rosidl_typesupport_fastrtps_cExport-noconfig.cmake
[23.741s] -- Installing: /home/za1van/ros2_ws/src/install/my_custom_interface/share/my_custom_interface/cmake/my_custom_interface__rosidl_typesupport_introspection_cExport.cmake
[23.743s] -- Installing: /home/za1van/ros2_ws/src/install/my_custom_interface/share/my_custom_interface/cmake/my_custom_interface__rosidl_typesupport_introspection_cExport-noconfig.cmake
[23.744s] -- Installing: /home/za1van/ros2_ws/src/install/my_custom_interface/share/my_custom_interface/cmake/my_custom_interface__rosidl_typesupport_cExport.cmake
[23.747s] -- Installing: /home/za1van/ros2_ws/src/install/my_custom_interface/share/my_custom_interface/cmake/my_custom_interface__rosidl_typesupport_cExport-noconfig.cmake
[23.747s] -- Installing: /home/za1van/ros2_ws/src/install/my_custom_interface/share/my_custom_interface/cmake/export_my_custom_interface__rosidl_generator_cppExport.cmake
[23.747s] -- Installing: /home/za1van/ros2_ws/src/install/my_custom_interface/share/my_custom_interface/cmake/export_my_custom_interface__rosidl_typesupport_fastrtps_cppExport.cmake
[23.747s] -- Installing: /home/za1van/ros2_ws/src/install/my_custom_interface/share/my_custom_interface/cmake/export_my_custom_interface__rosidl_typesupport_fastrtps_cppExport-noconfig.cmake
[23.748s] -- Installing: /home/za1van/ros2_ws/src/install/my_custom_interface/share/my_custom_interface/cmake/my_custom_interface__rosidl_typesupport_introspection_cppExport.cmake
[23.748s] -- Installing: /home/za1van/ros2_ws/src/install/my_custom_interface/share/my_custom_interface/cmake/my_custom_interface__rosidl_typesupport_introspection_cppExport-noconfig.cmake
[23.748s] -- Installing: /home/za1van/ros2_ws/src/install/my_custom_interface/share/my_custom_interface/cmake/my_custom_interface__rosidl_typesupport_cppExport.cmake
[23.748s] -- Installing: /home/za1van/ros2_ws/src/install/my_custom_interface/share/my_custom_interface/cmake/my_custom_interface__rosidl_typesupport_cppExport-noconfig.cmake
[23.748s] -- Installing: /home/za1van/ros2_ws/src/install/my_custom_interface/share/my_custom_interface/cmake/export_my_custom_interface__rosidl_generator_pyExport.cmake
[23.748s] -- Installing: /home/za1van/ros2_ws/src/install/my_custom_interface/share/my_custom_interface/cmake/export_my_custom_interface__rosidl_generator_pyExport-noconfig.cmake
[23.749s] -- Installing: /home/za1van/ros2_ws/src/install/my_custom_interface/share/my_custom_interface/cmake/rosidl_cmake-extras.cmake
[23.754s] -- Installing: /home/za1van/ros2_ws/src/install/my_custom_interface/share/my_custom_interface/cmake/ament_cmake_export_include_directories-extras.cmake
[23.754s] -- Installing: /home/za1van/ros2_ws/src/install/my_custom_interface/share/my_custom_interface/cmake/ament_cmake_export_libraries-extras.cmake
[23.754s] -- Installing: /home/za1van/ros2_ws/src/install/my_custom_interface/share/my_custom_interface/cmake/ament_cmake_export_targets-extras.cmake
[23.755s] -- Installing: /home/za1van/ros2_ws/src/install/my_custom_interface/share/my_custom_interface/cmake/rosidl_cmake_export_typesupport_targets-extras.cmake
[23.755s] -- Installing: /home/za1van/ros2_ws/src/install/my_custom_interface/share/my_custom_interface/cmake/ament_cmake_export_dependencies-extras.cmake
[23.755s] -- Installing: /home/za1van/ros2_ws/src/install/my_custom_interface/share/my_custom_interface/cmake/rosidl_cmake_export_typesupport_libraries-extras.cmake
[23.758s] -- Installing: /home/za1van/ros2_ws/src/install/my_custom_interface/share/my_custom_interface/cmake/my_custom_interfaceConfig.cmake
[23.758s] -- Installing: /home/za1van/ros2_ws/src/install/my_custom_interface/share/my_custom_interface/cmake/my_custom_interfaceConfig-version.cmake
[23.758s] -- Installing: /home/za1van/ros2_ws/src/install/my_custom_interface/share/my_custom_interface/package.xml
[23.770s] Invoked command in '/home/za1van/ros2_ws/src/build/my_custom_interface' returned '0': CMAKE_PREFIX_PATH=${CMAKE_PREFIX_PATH}:/home/za1van/ros2_ws/src/install/my_turtle_controller:/home/za1van/ros2_ws/src/install/my_service_server:/home/za1van/ros2_ws/src/install/my_service_client:/home/za1van/ros2_ws/src/install/3t:/home/za1van/ros2_ws/install/my_calculate_action:/home/za1van/ros2_ws/install/my_turtle_controller:/home/za1van/ros2_ws/install/my_service_server:/home/za1van/ros2_ws/install/my_service_client:/home/za1van/ros2_ws/install/my_project_start:/home/za1van/ros2_ws/install/3t:/opt/ros/jazzy DEBUGINFOD_URLS=https://debuginfod.ubuntu.com /usr/bin/cmake --install /home/za1van/ros2_ws/src/build/my_custom_interface
