[1.451s] Invoking command in '/home/za1van/ros2_ws/src/my_turtle_controller': DEBUGINFOD_URLS=https://debuginfod.ubuntu.com PYTHONPATH=/home/za1van/ros2_ws/build/my_turtle_controller/prefix_override:/usr/lib/python3/dist-packages/colcon_core/task/python/colcon_distutils_commands:/home/za1van/ros2_ws/install/my_turtle_controller/lib/python3.12/site-packages:${PYTHONPATH} /usr/bin/python3 -W ignore:setup.py install is deprecated -W ignore:easy_install command is deprecated setup.py egg_info --egg-base ../../build/my_turtle_controller build --build-base /home/za1van/ros2_ws/build/my_turtle_controller/build install --record /home/za1van/ros2_ws/build/my_turtle_controller/install.log --single-version-externally-managed install_data
[1.861s] running egg_info
[1.861s] creating ../../build/my_turtle_controller/my_turtle_controller.egg-info
[1.900s] writing ../../build/my_turtle_controller/my_turtle_controller.egg-info/PKG-INFO
[1.901s] writing dependency_links to ../../build/my_turtle_controller/my_turtle_controller.egg-info/dependency_links.txt
[1.901s] writing entry points to ../../build/my_turtle_controller/my_turtle_controller.egg-info/entry_points.txt
[1.901s] writing requirements to ../../build/my_turtle_controller/my_turtle_controller.egg-info/requires.txt
[1.901s] writing top-level names to ../../build/my_turtle_controller/my_turtle_controller.egg-info/top_level.txt
[1.902s] writing manifest file '../../build/my_turtle_controller/my_turtle_controller.egg-info/SOURCES.txt'
[1.967s] reading manifest file '../../build/my_turtle_controller/my_turtle_controller.egg-info/SOURCES.txt'
[1.968s] writing manifest file '../../build/my_turtle_controller/my_turtle_controller.egg-info/SOURCES.txt'
[1.968s] running build
[1.968s] running build_py
[1.969s] creating /home/za1van/ros2_ws/build/my_turtle_controller/build
[1.969s] creating /home/za1van/ros2_ws/build/my_turtle_controller/build/lib
[1.969s] creating /home/za1van/ros2_ws/build/my_turtle_controller/build/lib/my_turtle_controller
[1.969s] copying my_turtle_controller/turtle_mover.py -> /home/za1van/ros2_ws/build/my_turtle_controller/build/lib/my_turtle_controller
[1.969s] copying my_turtle_controller/__init__.py -> /home/za1van/ros2_ws/build/my_turtle_controller/build/lib/my_turtle_controller
[1.970s] running install
[1.978s] running install_lib
[2.010s] creating /home/za1van/ros2_ws/install/my_turtle_controller/lib/python3.12/site-packages/my_turtle_controller
[2.010s] copying /home/za1van/ros2_ws/build/my_turtle_controller/build/lib/my_turtle_controller/turtle_mover.py -> /home/za1van/ros2_ws/install/my_turtle_controller/lib/python3.12/site-packages/my_turtle_controller
[2.010s] copying /home/za1van/ros2_ws/build/my_turtle_controller/build/lib/my_turtle_controller/__init__.py -> /home/za1van/ros2_ws/install/my_turtle_controller/lib/python3.12/site-packages/my_turtle_controller
[2.010s] byte-compiling /home/za1van/ros2_ws/install/my_turtle_controller/lib/python3.12/site-packages/my_turtle_controller/turtle_mover.py to turtle_mover.cpython-312.pyc
[2.011s] byte-compiling /home/za1van/ros2_ws/install/my_turtle_controller/lib/python3.12/site-packages/my_turtle_controller/__init__.py to __init__.cpython-312.pyc
[2.011s] running install_data
[2.012s] creating /home/za1van/ros2_ws/install/my_turtle_controller/share/ament_index
[2.012s] creating /home/za1van/ros2_ws/install/my_turtle_controller/share/ament_index/resource_index
[2.012s] creating /home/za1van/ros2_ws/install/my_turtle_controller/share/ament_index/resource_index/packages
[2.012s] copying resource/my_turtle_controller -> /home/za1van/ros2_ws/install/my_turtle_controller/share/ament_index/resource_index/packages
[2.012s] copying package.xml -> /home/za1van/ros2_ws/install/my_turtle_controller/share/my_turtle_controller
[2.013s] running install_egg_info
[2.048s] Copying ../../build/my_turtle_controller/my_turtle_controller.egg-info to /home/za1van/ros2_ws/install/my_turtle_controller/lib/python3.12/site-packages/my_turtle_controller-0.0.0-py3.12.egg-info
[2.049s] running install_scripts
[2.256s] Installing turtle_mover script to /home/za1van/ros2_ws/install/my_turtle_controller/lib/my_turtle_controller
[2.256s] writing list of installed files to '/home/za1van/ros2_ws/build/my_turtle_controller/install.log'
[2.301s] Invoked command in '/home/za1van/ros2_ws/src/my_turtle_controller' returned '0': DEBUGINFOD_URLS=https://debuginfod.ubuntu.com PYTHONPATH=/home/za1van/ros2_ws/build/my_turtle_controller/prefix_override:/usr/lib/python3/dist-packages/colcon_core/task/python/colcon_distutils_commands:/home/za1van/ros2_ws/install/my_turtle_controller/lib/python3.12/site-packages:${PYTHONPATH} /usr/bin/python3 -W ignore:setup.py install is deprecated -W ignore:easy_install command is deprecated setup.py egg_info --egg-base ../../build/my_turtle_controller build --build-base /home/za1van/ros2_ws/build/my_turtle_controller/build install --record /home/za1van/ros2_ws/build/my_turtle_controller/install.log --single-version-externally-managed install_data
