[1.417s] Invoking command in '/home/za1van/ros2_ws/src/my_service_client': DEBUGINFOD_URLS=https://debuginfod.ubuntu.com PYTHONPATH=/home/za1van/ros2_ws/build/my_service_client/prefix_override:/usr/lib/python3/dist-packages/colcon_core/task/python/colcon_distutils_commands:/home/za1van/ros2_ws/install/my_service_client/lib/python3.12/site-packages:/home/za1van/ros2_ws/install/my_service_interfaces/lib/python3.12/site-packages:/home/za1van/ros2_ws/install/my_turtle_controller/lib/python3.12/site-packages:/home/za1van/ros2_ws/install/my_service_server/lib/python3.12/site-packages:/home/za1van/ros2_ws/install/my_service_client/lib/python3.12/site-packages:/home/za1van/ros2_ws/install/my_project_start/lib/python3.12/site-packages:/home/za1van/ros2_ws/install/3t/lib/python3.12/site-packages:/opt/ros/jazzy/lib/python3.12/site-packages /usr/bin/python3 -W ignore:setup.py install is deprecated -W ignore:easy_install command is deprecated setup.py egg_info --egg-base ../../build/my_service_client build --build-base /home/za1van/ros2_ws/build/my_service_client/build install --record /home/za1van/ros2_ws/build/my_service_client/install.log --single-version-externally-managed install_data
[1.827s] running egg_info
[1.856s] writing ../../build/my_service_client/my_service_client.egg-info/PKG-INFO
[1.856s] writing dependency_links to ../../build/my_service_client/my_service_client.egg-info/dependency_links.txt
[1.856s] writing entry points to ../../build/my_service_client/my_service_client.egg-info/entry_points.txt
[1.857s] writing requirements to ../../build/my_service_client/my_service_client.egg-info/requires.txt
[1.857s] writing top-level names to ../../build/my_service_client/my_service_client.egg-info/top_level.txt
[1.920s] reading manifest file '../../build/my_service_client/my_service_client.egg-info/SOURCES.txt'
[1.922s] writing manifest file '../../build/my_service_client/my_service_client.egg-info/SOURCES.txt'
[1.922s] running build
[1.922s] running build_py
[1.922s] running install
[1.931s] running install_lib
[1.962s] running install_data
[1.963s] running install_egg_info
[1.996s] removing '/home/za1van/ros2_ws/install/my_service_client/lib/python3.12/site-packages/my_service_client-0.0.0-py3.12.egg-info' (and everything under it)
[1.996s] Copying ../../build/my_service_client/my_service_client.egg-info to /home/za1van/ros2_ws/install/my_service_client/lib/python3.12/site-packages/my_service_client-0.0.0-py3.12.egg-info
[1.998s] running install_scripts
[2.203s] Installing velocity_client script to /home/za1van/ros2_ws/install/my_service_client/lib/my_service_client
[2.203s] writing list of installed files to '/home/za1van/ros2_ws/build/my_service_client/install.log'
[2.243s] Invoked command in '/home/za1van/ros2_ws/src/my_service_client' returned '0': DEBUGINFOD_URLS=https://debuginfod.ubuntu.com PYTHONPATH=/home/za1van/ros2_ws/build/my_service_client/prefix_override:/usr/lib/python3/dist-packages/colcon_core/task/python/colcon_distutils_commands:/home/za1van/ros2_ws/install/my_service_client/lib/python3.12/site-packages:/home/za1van/ros2_ws/install/my_service_interfaces/lib/python3.12/site-packages:/home/za1van/ros2_ws/install/my_turtle_controller/lib/python3.12/site-packages:/home/za1van/ros2_ws/install/my_service_server/lib/python3.12/site-packages:/home/za1van/ros2_ws/install/my_service_client/lib/python3.12/site-packages:/home/za1van/ros2_ws/install/my_project_start/lib/python3.12/site-packages:/home/za1van/ros2_ws/install/3t/lib/python3.12/site-packages:/opt/ros/jazzy/lib/python3.12/site-packages /usr/bin/python3 -W ignore:setup.py install is deprecated -W ignore:easy_install command is deprecated setup.py egg_info --egg-base ../../build/my_service_client build --build-base /home/za1van/ros2_ws/build/my_service_client/build install --record /home/za1van/ros2_ws/build/my_service_client/install.log --single-version-externally-managed install_data
