[0.046s] Invoking command in '/home/za1van/ros2_ws/src/build/my_service_interfaces': CMAKE_PREFIX_PATH=${CMAKE_PREFIX_PATH}:/opt/ros/jazzy DEBUGINFOD_URLS=https://debuginfod.ubuntu.com /usr/bin/cmake --build /home/za1van/ros2_ws/src/build/my_service_interfaces -- -j4 -l4
[1.113s] [  2%] Built target my_service_interfaces__rosidl_generator_type_description
[1.114s] [  2%] Built target ament_cmake_python_copy_my_service_interfaces
[1.114s] [  5%] Built target my_service_interfaces__cpp
[1.114s] [ 20%] Built target my_service_interfaces__rosidl_generator_c
[1.114s] [ 29%] Built target my_service_interfaces__rosidl_typesupport_c
[1.115s] [ 38%] Built target my_service_interfaces__rosidl_typesupport_introspection_c
[1.115s] [ 47%] Built target my_service_interfaces__rosidl_typesupport_fastrtps_c
[1.115s] [ 55%] Built target my_service_interfaces__rosidl_typesupport_fastrtps_cpp
[1.115s] [ 64%] Built target my_service_interfaces__rosidl_typesupport_introspection_cpp
[1.116s] [ 73%] Built target my_service_interfaces__rosidl_typesupport_cpp
[1.116s] [ 73%] Built target my_service_interfaces
[1.116s] [ 76%] Built target my_service_interfaces__py
[1.116s] [ 82%] Built target my_service_interfaces__rosidl_generator_py
[1.117s] [ 88%] Built target my_service_interfaces_s__rosidl_typesupport_fastrtps_c
[1.117s] [ 94%] Built target my_service_interfaces_s__rosidl_typesupport_introspection_c
[1.117s] [100%] Built target my_service_interfaces_s__rosidl_typesupport_c
[1.117s] running egg_info
[1.117s] writing my_service_interfaces.egg-info/PKG-INFO
[1.118s] writing dependency_links to my_service_interfaces.egg-info/dependency_links.txt
[1.118s] writing top-level names to my_service_interfaces.egg-info/top_level.txt
[1.121s] reading manifest file 'my_service_interfaces.egg-info/SOURCES.txt'
[1.121s] writing manifest file 'my_service_interfaces.egg-info/SOURCES.txt'
[1.121s] [100%] Built target ament_cmake_python_build_my_service_interfaces_egg
[1.122s] Invoked command in '/home/za1van/ros2_ws/src/build/my_service_interfaces' returned '0': CMAKE_PREFIX_PATH=${CMAKE_PREFIX_PATH}:/opt/ros/jazzy DEBUGINFOD_URLS=https://debuginfod.ubuntu.com /usr/bin/cmake --build /home/za1van/ros2_ws/src/build/my_service_interfaces -- -j4 -l4
[1.130s] Invoking command in '/home/za1van/ros2_ws/src/build/my_service_interfaces': CMAKE_PREFIX_PATH=${CMAKE_PREFIX_PATH}:/opt/ros/jazzy DEBUGINFOD_URLS=https://debuginfod.ubuntu.com /usr/bin/cmake --install /home/za1van/ros2_ws/src/build/my_service_interfaces
[1.614s] -- Install configuration: ""
[1.615s] -- Up-to-date: /home/za1van/ros2_ws/src/install/my_service_interfaces/share/ament_index/resource_index/rosidl_interfaces/my_service_interfaces
[1.615s] -- Up-to-date: /home/za1van/ros2_ws/src/install/my_service_interfaces/share/my_service_interfaces/srv/SetVelocity.json
[1.616s] -- Up-to-date: /home/za1van/ros2_ws/src/install/my_service_interfaces/include/my_service_interfaces/my_service_interfaces
[1.616s] -- Up-to-date: /home/za1van/ros2_ws/src/install/my_service_interfaces/include/my_service_interfaces/my_service_interfaces/srv
[1.616s] -- Up-to-date: /home/za1van/ros2_ws/src/install/my_service_interfaces/include/my_service_interfaces/my_service_interfaces/srv/detail
[1.616s] -- Up-to-date: /home/za1van/ros2_ws/src/install/my_service_interfaces/include/my_service_interfaces/my_service_interfaces/srv/detail/set_velocity__type_support.c
[1.617s] -- Up-to-date: /home/za1van/ros2_ws/src/install/my_service_interfaces/include/my_service_interfaces/my_service_interfaces/srv/detail/set_velocity__struct.h
[1.617s] -- Up-to-date: /home/za1van/ros2_ws/src/install/my_service_interfaces/include/my_service_interfaces/my_service_interfaces/srv/detail/set_velocity__functions.h
[1.617s] -- Up-to-date: /home/za1van/ros2_ws/src/install/my_service_interfaces/include/my_service_interfaces/my_service_interfaces/srv/detail/set_velocity__type_support.h
[1.617s] -- Up-to-date: /home/za1van/ros2_ws/src/install/my_service_interfaces/include/my_service_interfaces/my_service_interfaces/srv/detail/set_velocity__functions.c
[1.617s] -- Up-to-date: /home/za1van/ros2_ws/src/install/my_service_interfaces/include/my_service_interfaces/my_service_interfaces/srv/detail/set_velocity__description.c
[1.617s] -- Up-to-date: /home/za1van/ros2_ws/src/install/my_service_interfaces/include/my_service_interfaces/my_service_interfaces/srv/set_velocity.h
[1.618s] -- Up-to-date: /home/za1van/ros2_ws/src/install/my_service_interfaces/include/my_service_interfaces/my_service_interfaces/msg
[1.618s] -- Up-to-date: /home/za1van/ros2_ws/src/install/my_service_interfaces/include/my_service_interfaces/my_service_interfaces/msg/rosidl_generator_c__visibility_control.h
[1.618s] -- Up-to-date: /home/za1van/ros2_ws/src/install/my_service_interfaces/share/my_service_interfaces/environment/library_path.sh
[1.618s] -- Up-to-date: /home/za1van/ros2_ws/src/install/my_service_interfaces/share/my_service_interfaces/environment/library_path.dsv
[1.618s] -- Up-to-date: /home/za1van/ros2_ws/src/install/my_service_interfaces/lib/libmy_service_interfaces__rosidl_generator_c.so
[1.618s] -- Up-to-date: /home/za1van/ros2_ws/src/install/my_service_interfaces/include/my_service_interfaces/my_service_interfaces
[1.620s] -- Up-to-date: /home/za1van/ros2_ws/src/install/my_service_interfaces/include/my_service_interfaces/my_service_interfaces/srv
[1.621s] -- Up-to-date: /home/za1van/ros2_ws/src/install/my_service_interfaces/include/my_service_interfaces/my_service_interfaces/srv/detail
[1.621s] -- Up-to-date: /home/za1van/ros2_ws/src/install/my_service_interfaces/include/my_service_interfaces/my_service_interfaces/srv/detail/set_velocity__rosidl_typesupport_fastrtps_c.h
[1.621s] -- Up-to-date: /home/za1van/ros2_ws/src/install/my_service_interfaces/include/my_service_interfaces/my_service_interfaces/msg
[1.622s] -- Up-to-date: /home/za1van/ros2_ws/src/install/my_service_interfaces/include/my_service_interfaces/my_service_interfaces/msg/rosidl_typesupport_fastrtps_c__visibility_control.h
[1.622s] -- Up-to-date: /home/za1van/ros2_ws/src/install/my_service_interfaces/lib/libmy_service_interfaces__rosidl_typesupport_fastrtps_c.so
[1.622s] -- Up-to-date: /home/za1van/ros2_ws/src/install/my_service_interfaces/include/my_service_interfaces/my_service_interfaces
[1.622s] -- Up-to-date: /home/za1van/ros2_ws/src/install/my_service_interfaces/include/my_service_interfaces/my_service_interfaces/srv
[1.622s] -- Up-to-date: /home/za1van/ros2_ws/src/install/my_service_interfaces/include/my_service_interfaces/my_service_interfaces/srv/detail
[1.622s] -- Up-to-date: /home/za1van/ros2_ws/src/install/my_service_interfaces/include/my_service_interfaces/my_service_interfaces/srv/detail/set_velocity__type_support.c
[1.623s] -- Up-to-date: /home/za1van/ros2_ws/src/install/my_service_interfaces/include/my_service_interfaces/my_service_interfaces/srv/detail/set_velocity__rosidl_typesupport_introspection_c.h
[1.623s] -- Up-to-date: /home/za1van/ros2_ws/src/install/my_service_interfaces/include/my_service_interfaces/my_service_interfaces/msg
[1.623s] -- Up-to-date: /home/za1van/ros2_ws/src/install/my_service_interfaces/include/my_service_interfaces/my_service_interfaces/msg/rosidl_typesupport_introspection_c__visibility_control.h
[1.624s] -- Up-to-date: /home/za1van/ros2_ws/src/install/my_service_interfaces/lib/libmy_service_interfaces__rosidl_typesupport_introspection_c.so
[1.624s] -- Up-to-date: /home/za1van/ros2_ws/src/install/my_service_interfaces/lib/libmy_service_interfaces__rosidl_typesupport_c.so
[1.624s] -- Up-to-date: /home/za1van/ros2_ws/src/install/my_service_interfaces/include/my_service_interfaces/my_service_interfaces
[1.624s] -- Up-to-date: /home/za1van/ros2_ws/src/install/my_service_interfaces/include/my_service_interfaces/my_service_interfaces/srv
[1.624s] -- Up-to-date: /home/za1van/ros2_ws/src/install/my_service_interfaces/include/my_service_interfaces/my_service_interfaces/srv/set_velocity.hpp
[1.624s] -- Up-to-date: /home/za1van/ros2_ws/src/install/my_service_interfaces/include/my_service_interfaces/my_service_interfaces/srv/detail
[1.624s] -- Up-to-date: /home/za1van/ros2_ws/src/install/my_service_interfaces/include/my_service_interfaces/my_service_interfaces/srv/detail/set_velocity__traits.hpp
[1.625s] -- Up-to-date: /home/za1van/ros2_ws/src/install/my_service_interfaces/include/my_service_interfaces/my_service_interfaces/srv/detail/set_velocity__builder.hpp
[1.625s] -- Up-to-date: /home/za1van/ros2_ws/src/install/my_service_interfaces/include/my_service_interfaces/my_service_interfaces/srv/detail/set_velocity__type_support.hpp
[1.625s] -- Up-to-date: /home/za1van/ros2_ws/src/install/my_service_interfaces/include/my_service_interfaces/my_service_interfaces/srv/detail/set_velocity__struct.hpp
[1.625s] -- Up-to-date: /home/za1van/ros2_ws/src/install/my_service_interfaces/include/my_service_interfaces/my_service_interfaces/msg
[1.625s] -- Up-to-date: /home/za1van/ros2_ws/src/install/my_service_interfaces/include/my_service_interfaces/my_service_interfaces/msg/rosidl_generator_cpp__visibility_control.hpp
[1.625s] -- Up-to-date: /home/za1van/ros2_ws/src/install/my_service_interfaces/include/my_service_interfaces/my_service_interfaces
[1.626s] -- Up-to-date: /home/za1van/ros2_ws/src/install/my_service_interfaces/include/my_service_interfaces/my_service_interfaces/srv
[1.626s] -- Up-to-date: /home/za1van/ros2_ws/src/install/my_service_interfaces/include/my_service_interfaces/my_service_interfaces/srv/detail
[1.626s] -- Up-to-date: /home/za1van/ros2_ws/src/install/my_service_interfaces/include/my_service_interfaces/my_service_interfaces/srv/detail/dds_fastrtps
[1.626s] -- Up-to-date: /home/za1van/ros2_ws/src/install/my_service_interfaces/include/my_service_interfaces/my_service_interfaces/srv/detail/set_velocity__rosidl_typesupport_fastrtps_cpp.hpp
[1.626s] -- Up-to-date: /home/za1van/ros2_ws/src/install/my_service_interfaces/include/my_service_interfaces/my_service_interfaces/msg
[1.626s] -- Up-to-date: /home/za1van/ros2_ws/src/install/my_service_interfaces/include/my_service_interfaces/my_service_interfaces/msg/rosidl_typesupport_fastrtps_cpp__visibility_control.h
[1.628s] -- Up-to-date: /home/za1van/ros2_ws/src/install/my_service_interfaces/lib/libmy_service_interfaces__rosidl_typesupport_fastrtps_cpp.so
[1.631s] -- Up-to-date: /home/za1van/ros2_ws/src/install/my_service_interfaces/include/my_service_interfaces/my_service_interfaces
[1.631s] -- Up-to-date: /home/za1van/ros2_ws/src/install/my_service_interfaces/include/my_service_interfaces/my_service_interfaces/srv
[1.631s] -- Up-to-date: /home/za1van/ros2_ws/src/install/my_service_interfaces/include/my_service_interfaces/my_service_interfaces/srv/detail
[1.631s] -- Up-to-date: /home/za1van/ros2_ws/src/install/my_service_interfaces/include/my_service_interfaces/my_service_interfaces/srv/detail/set_velocity__type_support.cpp
[1.631s] -- Up-to-date: /home/za1van/ros2_ws/src/install/my_service_interfaces/include/my_service_interfaces/my_service_interfaces/srv/detail/set_velocity__rosidl_typesupport_introspection_cpp.hpp
[1.632s] -- Up-to-date: /home/za1van/ros2_ws/src/install/my_service_interfaces/lib/libmy_service_interfaces__rosidl_typesupport_introspection_cpp.so
[1.632s] -- Up-to-date: /home/za1van/ros2_ws/src/install/my_service_interfaces/lib/libmy_service_interfaces__rosidl_typesupport_cpp.so
[1.632s] -- Up-to-date: /home/za1van/ros2_ws/src/install/my_service_interfaces/share/my_service_interfaces/environment/pythonpath.sh
[1.632s] -- Up-to-date: /home/za1van/ros2_ws/src/install/my_service_interfaces/share/my_service_interfaces/environment/pythonpath.dsv
[1.632s] -- Up-to-date: /home/za1van/ros2_ws/src/install/my_service_interfaces/lib/python3.12/site-packages/my_service_interfaces-0.0.0-py3.12.egg-info
[1.632s] -- Installing: /home/za1van/ros2_ws/src/install/my_service_interfaces/lib/python3.12/site-packages/my_service_interfaces-0.0.0-py3.12.egg-info/dependency_links.txt
[1.633s] -- Installing: /home/za1van/ros2_ws/src/install/my_service_interfaces/lib/python3.12/site-packages/my_service_interfaces-0.0.0-py3.12.egg-info/PKG-INFO
[1.633s] -- Installing: /home/za1van/ros2_ws/src/install/my_service_interfaces/lib/python3.12/site-packages/my_service_interfaces-0.0.0-py3.12.egg-info/top_level.txt
[1.633s] -- Installing: /home/za1van/ros2_ws/src/install/my_service_interfaces/lib/python3.12/site-packages/my_service_interfaces-0.0.0-py3.12.egg-info/SOURCES.txt
[1.633s] -- Up-to-date: /home/za1van/ros2_ws/src/install/my_service_interfaces/lib/python3.12/site-packages/my_service_interfaces
[1.634s] -- Up-to-date: /home/za1van/ros2_ws/src/install/my_service_interfaces/lib/python3.12/site-packages/my_service_interfaces/my_service_interfaces_s__rosidl_typesupport_c.so
[1.634s] -- Up-to-date: /home/za1van/ros2_ws/src/install/my_service_interfaces/lib/python3.12/site-packages/my_service_interfaces/srv
[1.634s] -- Up-to-date: /home/za1van/ros2_ws/src/install/my_service_interfaces/lib/python3.12/site-packages/my_service_interfaces/srv/_set_velocity_s.c
[1.634s] -- Up-to-date: /home/za1van/ros2_ws/src/install/my_service_interfaces/lib/python3.12/site-packages/my_service_interfaces/srv/_set_velocity.py
[1.634s] -- Up-to-date: /home/za1van/ros2_ws/src/install/my_service_interfaces/lib/python3.12/site-packages/my_service_interfaces/srv/__init__.py
[1.635s] -- Up-to-date: /home/za1van/ros2_ws/src/install/my_service_interfaces/lib/python3.12/site-packages/my_service_interfaces/my_service_interfaces_s__rosidl_typesupport_fastrtps_c.so
[1.635s] -- Up-to-date: /home/za1van/ros2_ws/src/install/my_service_interfaces/lib/python3.12/site-packages/my_service_interfaces/_my_service_interfaces_s.ep.rosidl_typesupport_introspection_c.c
[1.635s] -- Up-to-date: /home/za1van/ros2_ws/src/install/my_service_interfaces/lib/python3.12/site-packages/my_service_interfaces/__init__.py
[1.635s] -- Up-to-date: /home/za1van/ros2_ws/src/install/my_service_interfaces/lib/python3.12/site-packages/my_service_interfaces/my_service_interfaces_s__rosidl_typesupport_introspection_c.so
[1.635s] -- Up-to-date: /home/za1van/ros2_ws/src/install/my_service_interfaces/lib/python3.12/site-packages/my_service_interfaces/_my_service_interfaces_s.ep.rosidl_typesupport_c.c
[1.636s] -- Up-to-date: /home/za1van/ros2_ws/src/install/my_service_interfaces/lib/python3.12/site-packages/my_service_interfaces/_my_service_interfaces_s.ep.rosidl_typesupport_fastrtps_c.c
[1.636s] Listing '/home/za1van/ros2_ws/src/install/my_service_interfaces/lib/python3.12/site-packages/my_service_interfaces'...
[1.636s] Listing '/home/za1van/ros2_ws/src/install/my_service_interfaces/lib/python3.12/site-packages/my_service_interfaces/srv'...
[1.636s] -- Up-to-date: /home/za1van/ros2_ws/src/install/my_service_interfaces/lib/python3.12/site-packages/my_service_interfaces/my_service_interfaces_s__rosidl_typesupport_fastrtps_c.so
[1.636s] -- Up-to-date: /home/za1van/ros2_ws/src/install/my_service_interfaces/lib/python3.12/site-packages/my_service_interfaces/my_service_interfaces_s__rosidl_typesupport_introspection_c.so
[1.639s] -- Up-to-date: /home/za1van/ros2_ws/src/install/my_service_interfaces/lib/python3.12/site-packages/my_service_interfaces/my_service_interfaces_s__rosidl_typesupport_c.so
[1.639s] -- Up-to-date: /home/za1van/ros2_ws/src/install/my_service_interfaces/lib/libmy_service_interfaces__rosidl_generator_py.so
[1.639s] -- Up-to-date: /home/za1van/ros2_ws/src/install/my_service_interfaces/share/my_service_interfaces/srv/SetVelocity.idl
[1.640s] -- Up-to-date: /home/za1van/ros2_ws/src/install/my_service_interfaces/share/my_service_interfaces/srv/SetVelocity.srv
[1.640s] -- Up-to-date: /home/za1van/ros2_ws/src/install/my_service_interfaces/share/ament_index/resource_index/package_run_dependencies/my_service_interfaces
[1.640s] -- Up-to-date: /home/za1van/ros2_ws/src/install/my_service_interfaces/share/ament_index/resource_index/parent_prefix_path/my_service_interfaces
[1.640s] -- Up-to-date: /home/za1van/ros2_ws/src/install/my_service_interfaces/share/my_service_interfaces/environment/ament_prefix_path.sh
[1.640s] -- Up-to-date: /home/za1van/ros2_ws/src/install/my_service_interfaces/share/my_service_interfaces/environment/ament_prefix_path.dsv
[1.640s] -- Up-to-date: /home/za1van/ros2_ws/src/install/my_service_interfaces/share/my_service_interfaces/environment/path.sh
[1.641s] -- Up-to-date: /home/za1van/ros2_ws/src/install/my_service_interfaces/share/my_service_interfaces/environment/path.dsv
[1.641s] -- Up-to-date: /home/za1van/ros2_ws/src/install/my_service_interfaces/share/my_service_interfaces/local_setup.bash
[1.641s] -- Up-to-date: /home/za1van/ros2_ws/src/install/my_service_interfaces/share/my_service_interfaces/local_setup.sh
[1.641s] -- Up-to-date: /home/za1van/ros2_ws/src/install/my_service_interfaces/share/my_service_interfaces/local_setup.zsh
[1.641s] -- Up-to-date: /home/za1van/ros2_ws/src/install/my_service_interfaces/share/my_service_interfaces/local_setup.dsv
[1.641s] -- Installing: /home/za1van/ros2_ws/src/install/my_service_interfaces/share/my_service_interfaces/package.dsv
[1.645s] -- Up-to-date: /home/za1van/ros2_ws/src/install/my_service_interfaces/share/ament_index/resource_index/packages/my_service_interfaces
[1.645s] -- Up-to-date: /home/za1van/ros2_ws/src/install/my_service_interfaces/share/my_service_interfaces/cmake/export_my_service_interfaces__rosidl_generator_cExport.cmake
[1.645s] -- Up-to-date: /home/za1van/ros2_ws/src/install/my_service_interfaces/share/my_service_interfaces/cmake/export_my_service_interfaces__rosidl_generator_cExport-noconfig.cmake
[1.645s] -- Up-to-date: /home/za1van/ros2_ws/src/install/my_service_interfaces/share/my_service_interfaces/cmake/export_my_service_interfaces__rosidl_typesupport_fastrtps_cExport.cmake
[1.645s] -- Up-to-date: /home/za1van/ros2_ws/src/install/my_service_interfaces/share/my_service_interfaces/cmake/export_my_service_interfaces__rosidl_typesupport_fastrtps_cExport-noconfig.cmake
[1.645s] -- Up-to-date: /home/za1van/ros2_ws/src/install/my_service_interfaces/share/my_service_interfaces/cmake/my_service_interfaces__rosidl_typesupport_introspection_cExport.cmake
[1.649s] -- Up-to-date: /home/za1van/ros2_ws/src/install/my_service_interfaces/share/my_service_interfaces/cmake/my_service_interfaces__rosidl_typesupport_introspection_cExport-noconfig.cmake
[1.649s] -- Up-to-date: /home/za1van/ros2_ws/src/install/my_service_interfaces/share/my_service_interfaces/cmake/my_service_interfaces__rosidl_typesupport_cExport.cmake
[1.650s] -- Up-to-date: /home/za1van/ros2_ws/src/install/my_service_interfaces/share/my_service_interfaces/cmake/my_service_interfaces__rosidl_typesupport_cExport-noconfig.cmake
[1.650s] -- Up-to-date: /home/za1van/ros2_ws/src/install/my_service_interfaces/share/my_service_interfaces/cmake/export_my_service_interfaces__rosidl_generator_cppExport.cmake
[1.650s] -- Up-to-date: /home/za1van/ros2_ws/src/install/my_service_interfaces/share/my_service_interfaces/cmake/export_my_service_interfaces__rosidl_typesupport_fastrtps_cppExport.cmake
[1.650s] -- Up-to-date: /home/za1van/ros2_ws/src/install/my_service_interfaces/share/my_service_interfaces/cmake/export_my_service_interfaces__rosidl_typesupport_fastrtps_cppExport-noconfig.cmake
[1.650s] -- Up-to-date: /home/za1van/ros2_ws/src/install/my_service_interfaces/share/my_service_interfaces/cmake/my_service_interfaces__rosidl_typesupport_introspection_cppExport.cmake
[1.650s] -- Up-to-date: /home/za1van/ros2_ws/src/install/my_service_interfaces/share/my_service_interfaces/cmake/my_service_interfaces__rosidl_typesupport_introspection_cppExport-noconfig.cmake
[1.654s] -- Up-to-date: /home/za1van/ros2_ws/src/install/my_service_interfaces/share/my_service_interfaces/cmake/my_service_interfaces__rosidl_typesupport_cppExport.cmake
[1.654s] -- Up-to-date: /home/za1van/ros2_ws/src/install/my_service_interfaces/share/my_service_interfaces/cmake/my_service_interfaces__rosidl_typesupport_cppExport-noconfig.cmake
[1.654s] -- Up-to-date: /home/za1van/ros2_ws/src/install/my_service_interfaces/share/my_service_interfaces/cmake/export_my_service_interfaces__rosidl_generator_pyExport.cmake
[1.654s] -- Up-to-date: /home/za1van/ros2_ws/src/install/my_service_interfaces/share/my_service_interfaces/cmake/export_my_service_interfaces__rosidl_generator_pyExport-noconfig.cmake
[1.655s] -- Up-to-date: /home/za1van/ros2_ws/src/install/my_service_interfaces/share/my_service_interfaces/cmake/rosidl_cmake-extras.cmake
[1.655s] -- Up-to-date: /home/za1van/ros2_ws/src/install/my_service_interfaces/share/my_service_interfaces/cmake/ament_cmake_export_dependencies-extras.cmake
[1.655s] -- Up-to-date: /home/za1van/ros2_ws/src/install/my_service_interfaces/share/my_service_interfaces/cmake/ament_cmake_export_include_directories-extras.cmake
[1.655s] -- Up-to-date: /home/za1van/ros2_ws/src/install/my_service_interfaces/share/my_service_interfaces/cmake/ament_cmake_export_libraries-extras.cmake
[1.655s] -- Up-to-date: /home/za1van/ros2_ws/src/install/my_service_interfaces/share/my_service_interfaces/cmake/ament_cmake_export_targets-extras.cmake
[1.656s] -- Up-to-date: /home/za1van/ros2_ws/src/install/my_service_interfaces/share/my_service_interfaces/cmake/rosidl_cmake_export_typesupport_targets-extras.cmake
[1.656s] -- Up-to-date: /home/za1van/ros2_ws/src/install/my_service_interfaces/share/my_service_interfaces/cmake/rosidl_cmake_export_typesupport_libraries-extras.cmake
[1.656s] -- Up-to-date: /home/za1van/ros2_ws/src/install/my_service_interfaces/share/my_service_interfaces/cmake/my_service_interfacesConfig.cmake
[1.660s] -- Up-to-date: /home/za1van/ros2_ws/src/install/my_service_interfaces/share/my_service_interfaces/cmake/my_service_interfacesConfig-version.cmake
[1.660s] -- Up-to-date: /home/za1van/ros2_ws/src/install/my_service_interfaces/share/my_service_interfaces/package.xml
[1.660s] Invoked command in '/home/za1van/ros2_ws/src/build/my_service_interfaces' returned '0': CMAKE_PREFIX_PATH=${CMAKE_PREFIX_PATH}:/opt/ros/jazzy DEBUGINFOD_URLS=https://debuginfod.ubuntu.com /usr/bin/cmake --install /home/za1van/ros2_ws/src/build/my_service_interfaces
