[0.065s] Invoking command in '/home/za1van/Документы/собираем из исходников/zmrobo_init/build/zmrobo_init': CMAKE_PREFIX_PATH=${CMAKE_PREFIX_PATH}:/home/za1van/ros2_ws/install/twist_converter:/home/za1van/ros2_ws/install/my_turtle_controller:/home/za1van/ros2_ws/install/my_tf2_demo:/home/za1van/ros2_ws/install/my_service_server:/home/za1van/ros2_ws/install/my_service_client:/home/za1van/ros2_ws/install/my_project_start:/home/za1van/ros2_ws/install/my_calculate_action:/home/za1van/ros2_ws/install/3t:/opt/ros/jazzy DEBUGINFOD_URLS=https://debuginfod.ubuntu.com /usr/bin/cmake --build /home/za1van/Документы/собираем из исходников/zmrobo_init/build/zmrobo_init -- -j4 -l4
[0.202s] -- Found ament_cmake: 2.5.4 (/opt/ros/jazzy/share/ament_cmake/cmake)
[1.051s] -- Found rclcpp: 28.1.12 (/opt/ros/jazzy/share/rclcpp/cmake)
[1.175s] -- Found rosidl_generator_c: 4.6.6 (/opt/ros/jazzy/share/rosidl_generator_c/cmake)
[1.201s] -- Found rosidl_generator_cpp: 4.6.6 (/opt/ros/jazzy/share/rosidl_generator_cpp/cmake)
[1.244s] -- Using all available rosidl_typesupport_c: rosidl_typesupport_fastrtps_c;rosidl_typesupport_introspection_c
[1.291s] -- Using all available rosidl_typesupport_cpp: rosidl_typesupport_fastrtps_cpp;rosidl_typesupport_introspection_cpp
[1.517s] -- Found rmw_implementation_cmake: 7.3.2 (/opt/ros/jazzy/share/rmw_implementation_cmake/cmake)
[1.525s] -- Found rmw_fastrtps_cpp: 8.4.3 (/opt/ros/jazzy/share/rmw_fastrtps_cpp/cmake)
[1.777s] -- Using RMW implementation 'rmw_fastrtps_cpp' as default
[2.070s] -- Found geometry_msgs: 5.3.6 (/opt/ros/jazzy/share/geometry_msgs/cmake)
[2.186s] -- Found nav_msgs: 5.3.6 (/opt/ros/jazzy/share/nav_msgs/cmake)
[2.260s] -- Found sensor_msgs: 5.3.6 (/opt/ros/jazzy/share/sensor_msgs/cmake)
[2.322s] -- Found ackermann_msgs: 2.0.2 (/opt/ros/jazzy/share/ackermann_msgs/cmake)
[2.378s] -- Found tf2: 0.36.14 (/opt/ros/jazzy/share/tf2/cmake)
[2.389s] -- Found tf2_ros: 0.36.14 (/opt/ros/jazzy/share/tf2_ros/cmake)
[2.829s] [31mCMake Error at CMakeLists.txt:14 (find_package):
[2.829s]   By not providing "Findserial.cmake" in CMAKE_MODULE_PATH this project has
[2.829s]   asked CMake to find a package configuration file provided by "serial", but
[2.830s]   CMake did not find one.
[2.831s] 
[2.832s]   Could not find a package configuration file provided by "serial" with any
[2.833s]   of the following names:
[2.834s] 
[2.835s]     serialConfig.cmake
[2.836s]     serial-config.cmake
[2.838s] 
[2.839s]   Add the installation prefix of "serial" to CMAKE_PREFIX_PATH or set
[2.839s]   "serial_DIR" to a directory containing one of the above files.  If "serial"
[2.839s]   provides a separate development package or SDK, be sure it has been
[2.840s]   installed.
[2.840s] 
[2.840s] [0m
[2.841s] -- Configuring incomplete, errors occurred!
[2.857s] gmake: *** [Makefile:294: cmake_check_build_system] Error 1
[2.859s] Invoked command in '/home/za1van/Документы/собираем из исходников/zmrobo_init/build/zmrobo_init' returned '2': CMAKE_PREFIX_PATH=${CMAKE_PREFIX_PATH}:/home/za1van/ros2_ws/install/twist_converter:/home/za1van/ros2_ws/install/my_turtle_controller:/home/za1van/ros2_ws/install/my_tf2_demo:/home/za1van/ros2_ws/install/my_service_server:/home/za1van/ros2_ws/install/my_service_client:/home/za1van/ros2_ws/install/my_project_start:/home/za1van/ros2_ws/install/my_calculate_action:/home/za1van/ros2_ws/install/3t:/opt/ros/jazzy DEBUGINFOD_URLS=https://debuginfod.ubuntu.com /usr/bin/cmake --build /home/za1van/Документы/собираем из исходников/zmrobo_init/build/zmrobo_init -- -j4 -l4
