[0.030s] Invoking command in '/home/za1van/ros2_ws/build/my_service_interfaces': CMAKE_PREFIX_PATH=${CMAKE_PREFIX_PATH}:/opt/ros/jazzy DEBUGINFOD_URLS=https://debuginfod.ubuntu.com /usr/bin/cmake /home/za1van/ros2_ws/src/my_service_interfaces -DCMAKE_INSTALL_PREFIX=/home/za1van/ros2_ws/install/my_service_interfaces
[0.837s] -- The C compiler identification is GNU 13.3.0
[0.837s] -- The CXX compiler identification is GNU 13.3.0
[0.839s] -- Detecting C compiler ABI info
[0.839s] -- Detecting C compiler ABI info - done
[0.839s] -- Check for working C compiler: /usr/bin/cc - skipped
[0.839s] -- Detecting C compile features
[0.840s] -- Detecting C compile features - done
[0.840s] -- Detecting CXX compiler ABI info
[0.840s] -- Detecting CXX compiler ABI info - done
[0.840s] -- Check for working CXX compiler: /usr/bin/c++ - skipped
[0.840s] -- Detecting CXX compile features
[0.842s] -- Detecting CXX compile features - done
[0.843s] [0mCMake Deprecation Warning at CMakeLists.txt:1 (cmake_minimum_required):
[0.844s]   Compatibility with CMake < 3.10 will be removed from a future version of
[0.844s]   CMake.
[0.844s] 
[0.844s]   Update the VERSION argument <min> value.  Or, use the <min>...<max> syntax
[0.848s]   to tell CMake that the project requires at least <min> but has been updated
[0.849s]   to work with policies introduced by <max> or earlier.
[0.849s] 
[0.849s] [0m
[0.870s] -- Found ament_cmake: 2.5.4 (/opt/ros/jazzy/share/ament_cmake/cmake)
[1.221s] -- Found Python3: /usr/bin/python3 (found version "3.12.3") found components: Interpreter
[1.525s] -- Found rosidl_default_generators: 1.6.0 (/opt/ros/jazzy/share/rosidl_default_generators/cmake)
[1.541s] -- Using all available rosidl_typesupport_c: rosidl_typesupport_fastrtps_c;rosidl_typesupport_introspection_c
[1.735s] -- Using all available rosidl_typesupport_cpp: rosidl_typesupport_fastrtps_cpp;rosidl_typesupport_introspection_cpp
[1.865s] -- Found rosidl_adapter: 4.6.6 (/opt/ros/jazzy/share/rosidl_adapter/cmake)
[3.225s] -- Found ament_cmake_ros: 0.12.0 (/opt/ros/jazzy/share/ament_cmake_ros/cmake)
[4.296s] -- Using all available rosidl_typesupport_c: rosidl_typesupport_fastrtps_c;rosidl_typesupport_introspection_c
[5.197s] -- Using all available rosidl_typesupport_cpp: rosidl_typesupport_fastrtps_cpp;rosidl_typesupport_introspection_cpp
[5.208s] -- Found python_cmake_module: 0.11.1 (/opt/ros/jazzy/share/python_cmake_module/cmake)
[5.388s] -- Found PythonExtra: /usr/bin/python3
[6.041s] -- Found Python3: /usr/bin/python3 (found version "3.12.3") found components: Interpreter Development NumPy Development.Module Development.Embed
[6.094s] -- Found ament_lint_auto: 0.17.3 (/opt/ros/jazzy/share/ament_lint_auto/cmake)
[6.143s] -- Added test 'lint_cmake' to check CMake code style
[6.146s] -- Added test 'xmllint' to check XML markup files
[6.153s] -- Configuring done (6.1s)
[6.207s] -- Generating done (0.1s)
[6.219s] -- Build files have been written to: /home/za1van/ros2_ws/build/my_service_interfaces
[6.231s] Invoked command in '/home/za1van/ros2_ws/build/my_service_interfaces' returned '0': CMAKE_PREFIX_PATH=${CMAKE_PREFIX_PATH}:/opt/ros/jazzy DEBUGINFOD_URLS=https://debuginfod.ubuntu.com /usr/bin/cmake /home/za1van/ros2_ws/src/my_service_interfaces -DCMAKE_INSTALL_PREFIX=/home/za1van/ros2_ws/install/my_service_interfaces
[6.233s] Invoking command in '/home/za1van/ros2_ws/build/my_service_interfaces': CMAKE_PREFIX_PATH=${CMAKE_PREFIX_PATH}:/opt/ros/jazzy DEBUGINFOD_URLS=https://debuginfod.ubuntu.com /usr/bin/cmake --build /home/za1van/ros2_ws/build/my_service_interfaces -- -j4 -l4
[6.239s] gmake[1]: Entering directory '/home/za1van/ros2_ws/build/my_service_interfaces'
[6.253s] gmake[2]: Entering directory '/home/za1van/ros2_ws/build/my_service_interfaces'
[6.255s] gmake[3]: Entering directory '/home/za1van/ros2_ws/build/my_service_interfaces'
[6.255s] gmake[3]: Entering directory '/home/za1van/ros2_ws/build/my_service_interfaces'
[6.260s] gmake[3]: Leaving directory '/home/za1van/ros2_ws/build/my_service_interfaces'
[6.260s] gmake[3]: Leaving directory '/home/za1van/ros2_ws/build/my_service_interfaces'
[6.262s] gmake[3]: Entering directory '/home/za1van/ros2_ws/build/my_service_interfaces'
[6.262s] gmake[3]: Entering directory '/home/za1van/ros2_ws/build/my_service_interfaces'
[6.266s] [  2%] [1m[34mGenerating type hashes for ROS interfaces[0m
[6.266s] gmake[3]: Leaving directory '/home/za1van/ros2_ws/build/my_service_interfaces'
[6.270s] [  2%] Built target ament_cmake_python_copy_my_service_interfaces
[6.272s] gmake[3]: Entering directory '/home/za1van/ros2_ws/build/my_service_interfaces'
[6.277s] gmake[3]: Leaving directory '/home/za1van/ros2_ws/build/my_service_interfaces'
[6.279s] gmake[3]: Entering directory '/home/za1van/ros2_ws/build/my_service_interfaces'
[6.548s] gmake[3]: Leaving directory '/home/za1van/ros2_ws/build/my_service_interfaces'
[6.553s] [  2%] Built target my_service_interfaces__rosidl_generator_type_description
[6.555s] gmake[3]: Entering directory '/home/za1van/ros2_ws/build/my_service_interfaces'
[6.556s] gmake[3]: Entering directory '/home/za1van/ros2_ws/build/my_service_interfaces'
[6.561s] [  5%] [1m[34mGenerating C code for ROS interfaces[0m
[6.563s] gmake[3]: Leaving directory '/home/za1van/ros2_ws/build/my_service_interfaces'
[6.565s] gmake[3]: Entering directory '/home/za1van/ros2_ws/build/my_service_interfaces'
[6.569s] [  8%] [1m[34mGenerating C++ code for ROS interfaces[0m
[6.628s] running egg_info
[6.629s] creating my_service_interfaces.egg-info
[6.683s] writing my_service_interfaces.egg-info/PKG-INFO
[6.683s] writing dependency_links to my_service_interfaces.egg-info/dependency_links.txt
[6.683s] writing top-level names to my_service_interfaces.egg-info/top_level.txt
[6.684s] writing manifest file 'my_service_interfaces.egg-info/SOURCES.txt'
[6.863s] reading manifest file 'my_service_interfaces.egg-info/SOURCES.txt'
[6.865s] writing manifest file 'my_service_interfaces.egg-info/SOURCES.txt'
[6.910s] gmake[3]: Leaving directory '/home/za1van/ros2_ws/build/my_service_interfaces'
[6.916s] [  8%] Built target ament_cmake_python_build_my_service_interfaces_egg
[7.010s] gmake[3]: Leaving directory '/home/za1van/ros2_ws/build/my_service_interfaces'
[7.012s] gmake[3]: Entering directory '/home/za1van/ros2_ws/build/my_service_interfaces'
[7.018s] [ 14%] [32mBuilding C object CMakeFiles/my_service_interfaces__rosidl_generator_c.dir/rosidl_generator_c/my_service_interfaces/srv/detail/set_velocity__description.c.o[0m
[7.019s] [ 14%] [32mBuilding C object CMakeFiles/my_service_interfaces__rosidl_generator_c.dir/rosidl_generator_c/my_service_interfaces/srv/detail/set_velocity__functions.c.o[0m
[7.020s] [ 17%] [32mBuilding C object CMakeFiles/my_service_interfaces__rosidl_generator_c.dir/rosidl_generator_c/my_service_interfaces/srv/detail/set_velocity__type_support.c.o[0m
[7.073s] gmake[3]: Leaving directory '/home/za1van/ros2_ws/build/my_service_interfaces'
[7.080s] [ 17%] Built target my_service_interfaces__cpp
[7.152s] [ 20%] [1m[32mLinking C shared library libmy_service_interfaces__rosidl_generator_c.so[0m
[7.185s] gmake[3]: Leaving directory '/home/za1van/ros2_ws/build/my_service_interfaces'
[7.190s] [ 20%] Built target my_service_interfaces__rosidl_generator_c
[7.193s] gmake[3]: Entering directory '/home/za1van/ros2_ws/build/my_service_interfaces'
[7.195s] gmake[3]: Entering directory '/home/za1van/ros2_ws/build/my_service_interfaces'
[7.196s] gmake[3]: Entering directory '/home/za1van/ros2_ws/build/my_service_interfaces'
[7.196s] gmake[3]: Entering directory '/home/za1van/ros2_ws/build/my_service_interfaces'
[7.199s] [ 23%] [1m[34mGenerating C type support for eProsima Fast-RTPS[0m
[7.200s] [ 26%] [1m[34mGenerating C++ type support for eProsima Fast-RTPS[0m
[7.201s] [ 29%] [1m[34mGenerating C introspection for ROS interfaces[0m
[7.203s] [ 32%] [1m[34mGenerating C type support dispatch for ROS interfaces[0m
[7.676s] gmake[3]: Leaving directory '/home/za1van/ros2_ws/build/my_service_interfaces'
[7.679s] gmake[3]: Entering directory '/home/za1van/ros2_ws/build/my_service_interfaces'
[7.689s] [ 35%] [32mBuilding CXX object CMakeFiles/my_service_interfaces__rosidl_typesupport_c.dir/rosidl_typesupport_c/my_service_interfaces/srv/set_velocity__type_support.cpp.o[0m
[7.733s] gmake[3]: Leaving directory '/home/za1van/ros2_ws/build/my_service_interfaces'
[7.736s] gmake[3]: Entering directory '/home/za1van/ros2_ws/build/my_service_interfaces'
[7.742s] [ 38%] [32mBuilding C object CMakeFiles/my_service_interfaces__rosidl_typesupport_introspection_c.dir/rosidl_typesupport_introspection_c/my_service_interfaces/srv/detail/set_velocity__type_support.c.o[0m
[7.797s] [ 41%] [1m[32mLinking CXX shared library libmy_service_interfaces__rosidl_typesupport_c.so[0m
[7.838s] gmake[3]: Leaving directory '/home/za1van/ros2_ws/build/my_service_interfaces'
[7.844s] gmake[3]: Entering directory '/home/za1van/ros2_ws/build/my_service_interfaces'
[7.847s] [ 44%] [32mBuilding CXX object CMakeFiles/my_service_interfaces__rosidl_typesupport_fastrtps_cpp.dir/rosidl_typesupport_fastrtps_cpp/my_service_interfaces/srv/detail/dds_fastrtps/set_velocity__type_support.cpp.o[0m
[7.857s] gmake[3]: Leaving directory '/home/za1van/ros2_ws/build/my_service_interfaces'
[7.858s] [ 47%] [1m[32mLinking C shared library libmy_service_interfaces__rosidl_typesupport_introspection_c.so[0m
[7.866s] [ 47%] Built target my_service_interfaces__rosidl_typesupport_c
[7.869s] gmake[3]: Entering directory '/home/za1van/ros2_ws/build/my_service_interfaces'
[7.878s] [ 50%] [1m[34mGenerating C++ introspection for ROS interfaces[0m
[7.879s] gmake[3]: Leaving directory '/home/za1van/ros2_ws/build/my_service_interfaces'
[7.882s] gmake[3]: Entering directory '/home/za1van/ros2_ws/build/my_service_interfaces'
[7.889s] [ 52%] [32mBuilding CXX object CMakeFiles/my_service_interfaces__rosidl_typesupport_fastrtps_c.dir/rosidl_typesupport_fastrtps_c/my_service_interfaces/srv/detail/set_velocity__type_support_c.cpp.o[0m
[7.897s] gmake[3]: Leaving directory '/home/za1van/ros2_ws/build/my_service_interfaces'
[7.902s] [ 52%] Built target my_service_interfaces__rosidl_typesupport_introspection_c
[7.906s] gmake[3]: Entering directory '/home/za1van/ros2_ws/build/my_service_interfaces'
[7.912s] [ 55%] [1m[34mGenerating C++ type support dispatch for ROS interfaces[0m
[8.435s] gmake[3]: Leaving directory '/home/za1van/ros2_ws/build/my_service_interfaces'
[8.438s] gmake[3]: Entering directory '/home/za1van/ros2_ws/build/my_service_interfaces'
[8.446s] [ 58%] [32mBuilding CXX object CMakeFiles/my_service_interfaces__rosidl_typesupport_introspection_cpp.dir/rosidl_typesupport_introspection_cpp/my_service_interfaces/srv/detail/set_velocity__type_support.cpp.o[0m
[8.542s] gmake[3]: Leaving directory '/home/za1van/ros2_ws/build/my_service_interfaces'
[8.548s] gmake[3]: Entering directory '/home/za1van/ros2_ws/build/my_service_interfaces'
[8.551s] [ 61%] [32mBuilding CXX object CMakeFiles/my_service_interfaces__rosidl_typesupport_cpp.dir/rosidl_typesupport_cpp/my_service_interfaces/srv/set_velocity__type_support.cpp.o[0m
[9.090s] [ 64%] [1m[32mLinking CXX shared library libmy_service_interfaces__rosidl_typesupport_fastrtps_c.so[0m
[9.247s] gmake[3]: Leaving directory '/home/za1van/ros2_ws/build/my_service_interfaces'
[9.258s] [ 64%] Built target my_service_interfaces__rosidl_typesupport_fastrtps_c
[9.326s] [ 67%] [1m[32mLinking CXX shared library libmy_service_interfaces__rosidl_typesupport_introspection_cpp.so[0m
[9.368s] [ 70%] [1m[32mLinking CXX shared library libmy_service_interfaces__rosidl_typesupport_fastrtps_cpp.so[0m
[9.431s] [ 73%] [1m[32mLinking CXX shared library libmy_service_interfaces__rosidl_typesupport_cpp.so[0m
[9.442s] gmake[3]: Leaving directory '/home/za1van/ros2_ws/build/my_service_interfaces'
[9.450s] [ 73%] Built target my_service_interfaces__rosidl_typesupport_introspection_cpp
[9.487s] gmake[3]: Leaving directory '/home/za1van/ros2_ws/build/my_service_interfaces'
[9.492s] [ 73%] Built target my_service_interfaces__rosidl_typesupport_fastrtps_cpp
[9.528s] gmake[3]: Leaving directory '/home/za1van/ros2_ws/build/my_service_interfaces'
[9.532s] [ 73%] Built target my_service_interfaces__rosidl_typesupport_cpp
[9.535s] gmake[3]: Entering directory '/home/za1van/ros2_ws/build/my_service_interfaces'
[9.540s] gmake[3]: Leaving directory '/home/za1van/ros2_ws/build/my_service_interfaces'
[9.546s] [ 73%] Built target my_service_interfaces
[9.548s] gmake[3]: Entering directory '/home/za1van/ros2_ws/build/my_service_interfaces'
[9.554s] gmake[3]: Leaving directory '/home/za1van/ros2_ws/build/my_service_interfaces'
[9.556s] gmake[3]: Entering directory '/home/za1van/ros2_ws/build/my_service_interfaces'
[9.560s] [ 76%] [1m[34mGenerating Python code for ROS interfaces[0m
[10.022s] gmake[3]: Leaving directory '/home/za1van/ros2_ws/build/my_service_interfaces'
[10.026s] [ 76%] Built target my_service_interfaces__py
[10.028s] gmake[3]: Entering directory '/home/za1van/ros2_ws/build/my_service_interfaces'
[10.033s] gmake[3]: Leaving directory '/home/za1van/ros2_ws/build/my_service_interfaces'
[10.035s] gmake[3]: Entering directory '/home/za1van/ros2_ws/build/my_service_interfaces'
[10.039s] [ 79%] [32mBuilding C object CMakeFiles/my_service_interfaces__rosidl_generator_py.dir/rosidl_generator_py/my_service_interfaces/srv/_set_velocity_s.c.o[0m
[10.273s] [ 82%] [1m[32mLinking C shared library libmy_service_interfaces__rosidl_generator_py.so[0m
[10.314s] gmake[3]: Leaving directory '/home/za1van/ros2_ws/build/my_service_interfaces'
[10.318s] [ 82%] Built target my_service_interfaces__rosidl_generator_py
[10.321s] gmake[3]: Entering directory '/home/za1van/ros2_ws/build/my_service_interfaces'
[10.322s] gmake[3]: Entering directory '/home/za1van/ros2_ws/build/my_service_interfaces'
[10.322s] gmake[3]: Entering directory '/home/za1van/ros2_ws/build/my_service_interfaces'
[10.327s] gmake[3]: Leaving directory '/home/za1van/ros2_ws/build/my_service_interfaces'
[10.328s] gmake[3]: Leaving directory '/home/za1van/ros2_ws/build/my_service_interfaces'
[10.328s] gmake[3]: Leaving directory '/home/za1van/ros2_ws/build/my_service_interfaces'
[10.329s] gmake[3]: Entering directory '/home/za1van/ros2_ws/build/my_service_interfaces'
[10.331s] gmake[3]: Entering directory '/home/za1van/ros2_ws/build/my_service_interfaces'
[10.331s] gmake[3]: Entering directory '/home/za1van/ros2_ws/build/my_service_interfaces'
[10.336s] [ 85%] [32mBuilding C object CMakeFiles/my_service_interfaces_s__rosidl_typesupport_c.dir/rosidl_generator_py/my_service_interfaces/_my_service_interfaces_s.ep.rosidl_typesupport_c.c.o[0m
[10.336s] [ 88%] [32mBuilding C object CMakeFiles/my_service_interfaces_s__rosidl_typesupport_fastrtps_c.dir/rosidl_generator_py/my_service_interfaces/_my_service_interfaces_s.ep.rosidl_typesupport_fastrtps_c.c.o[0m
[10.336s] [ 91%] [32mBuilding C object CMakeFiles/my_service_interfaces_s__rosidl_typesupport_introspection_c.dir/rosidl_generator_py/my_service_interfaces/_my_service_interfaces_s.ep.rosidl_typesupport_introspection_c.c.o[0m
[10.483s] [ 94%] [1m[32mLinking C shared module rosidl_generator_py/my_service_interfaces/my_service_interfaces_s__rosidl_typesupport_introspection_c.so[0m
[10.510s] gmake[3]: Leaving directory '/home/za1van/ros2_ws/build/my_service_interfaces'
[10.516s] [ 94%] Built target my_service_interfaces_s__rosidl_typesupport_introspection_c
[10.547s] [ 97%] [1m[32mLinking C shared module rosidl_generator_py/my_service_interfaces/my_service_interfaces_s__rosidl_typesupport_c.so[0m
[10.554s] [100%] [1m[32mLinking C shared module rosidl_generator_py/my_service_interfaces/my_service_interfaces_s__rosidl_typesupport_fastrtps_c.so[0m
[10.570s] gmake[3]: Leaving directory '/home/za1van/ros2_ws/build/my_service_interfaces'
[10.575s] [100%] Built target my_service_interfaces_s__rosidl_typesupport_c
[10.578s] gmake[3]: Leaving directory '/home/za1van/ros2_ws/build/my_service_interfaces'
[10.583s] [100%] Built target my_service_interfaces_s__rosidl_typesupport_fastrtps_c
[10.583s] gmake[2]: Leaving directory '/home/za1van/ros2_ws/build/my_service_interfaces'
[10.588s] gmake[1]: Leaving directory '/home/za1van/ros2_ws/build/my_service_interfaces'
[10.590s] Invoked command in '/home/za1van/ros2_ws/build/my_service_interfaces' returned '0': CMAKE_PREFIX_PATH=${CMAKE_PREFIX_PATH}:/opt/ros/jazzy DEBUGINFOD_URLS=https://debuginfod.ubuntu.com /usr/bin/cmake --build /home/za1van/ros2_ws/build/my_service_interfaces -- -j4 -l4
[10.596s] Invoking command in '/home/za1van/ros2_ws/build/my_service_interfaces': CMAKE_PREFIX_PATH=${CMAKE_PREFIX_PATH}:/opt/ros/jazzy DEBUGINFOD_URLS=https://debuginfod.ubuntu.com /usr/bin/cmake --install /home/za1van/ros2_ws/build/my_service_interfaces
[10.601s] -- Install configuration: ""
[10.602s] -- Installing: /home/za1van/ros2_ws/install/my_service_interfaces/share/ament_index/resource_index/rosidl_interfaces/my_service_interfaces
[10.602s] -- Installing: /home/za1van/ros2_ws/install/my_service_interfaces/share/my_service_interfaces/srv/SetVelocity.json
[10.602s] -- Up-to-date: /home/za1van/ros2_ws/install/my_service_interfaces/include/my_service_interfaces/my_service_interfaces
[10.603s] -- Up-to-date: /home/za1van/ros2_ws/install/my_service_interfaces/include/my_service_interfaces/my_service_interfaces/srv
[10.603s] -- Up-to-date: /home/za1van/ros2_ws/install/my_service_interfaces/include/my_service_interfaces/my_service_interfaces/srv/detail
[10.603s] -- Installing: /home/za1van/ros2_ws/install/my_service_interfaces/include/my_service_interfaces/my_service_interfaces/srv/detail/set_velocity__type_support.c
[10.603s] -- Installing: /home/za1van/ros2_ws/install/my_service_interfaces/include/my_service_interfaces/my_service_interfaces/srv/detail/set_velocity__struct.h
[10.604s] -- Installing: /home/za1van/ros2_ws/install/my_service_interfaces/include/my_service_interfaces/my_service_interfaces/srv/detail/set_velocity__functions.h
[10.604s] -- Installing: /home/za1van/ros2_ws/install/my_service_interfaces/include/my_service_interfaces/my_service_interfaces/srv/detail/set_velocity__type_support.h
[10.604s] -- Installing: /home/za1van/ros2_ws/install/my_service_interfaces/include/my_service_interfaces/my_service_interfaces/srv/detail/set_velocity__functions.c
[10.604s] -- Installing: /home/za1van/ros2_ws/install/my_service_interfaces/include/my_service_interfaces/my_service_interfaces/srv/detail/set_velocity__description.c
[10.605s] -- Installing: /home/za1van/ros2_ws/install/my_service_interfaces/include/my_service_interfaces/my_service_interfaces/srv/set_velocity.h
[10.605s] -- Installing: /home/za1van/ros2_ws/install/my_service_interfaces/include/my_service_interfaces/my_service_interfaces/msg
[10.605s] -- Installing: /home/za1van/ros2_ws/install/my_service_interfaces/include/my_service_interfaces/my_service_interfaces/msg/rosidl_generator_c__visibility_control.h
[10.605s] -- Installing: /home/za1van/ros2_ws/install/my_service_interfaces/share/my_service_interfaces/environment/library_path.sh
[10.606s] -- Installing: /home/za1van/ros2_ws/install/my_service_interfaces/share/my_service_interfaces/environment/library_path.dsv
[10.606s] -- Installing: /home/za1van/ros2_ws/install/my_service_interfaces/lib/libmy_service_interfaces__rosidl_generator_c.so
[10.606s] -- Set non-toolchain portion of runtime path of "/home/za1van/ros2_ws/install/my_service_interfaces/lib/libmy_service_interfaces__rosidl_generator_c.so" to ""
[10.606s] -- Up-to-date: /home/za1van/ros2_ws/install/my_service_interfaces/include/my_service_interfaces/my_service_interfaces
[10.607s] -- Up-to-date: /home/za1van/ros2_ws/install/my_service_interfaces/include/my_service_interfaces/my_service_interfaces/srv
[10.607s] -- Up-to-date: /home/za1van/ros2_ws/install/my_service_interfaces/include/my_service_interfaces/my_service_interfaces/srv/detail
[10.607s] -- Installing: /home/za1van/ros2_ws/install/my_service_interfaces/include/my_service_interfaces/my_service_interfaces/srv/detail/set_velocity__rosidl_typesupport_fastrtps_c.h
[10.607s] -- Up-to-date: /home/za1van/ros2_ws/install/my_service_interfaces/include/my_service_interfaces/my_service_interfaces/msg
[10.608s] -- Installing: /home/za1van/ros2_ws/install/my_service_interfaces/include/my_service_interfaces/my_service_interfaces/msg/rosidl_typesupport_fastrtps_c__visibility_control.h
[10.608s] -- Installing: /home/za1van/ros2_ws/install/my_service_interfaces/lib/libmy_service_interfaces__rosidl_typesupport_fastrtps_c.so
[10.608s] -- Set non-toolchain portion of runtime path of "/home/za1van/ros2_ws/install/my_service_interfaces/lib/libmy_service_interfaces__rosidl_typesupport_fastrtps_c.so" to ""
[10.608s] -- Up-to-date: /home/za1van/ros2_ws/install/my_service_interfaces/include/my_service_interfaces/my_service_interfaces
[10.609s] -- Up-to-date: /home/za1van/ros2_ws/install/my_service_interfaces/include/my_service_interfaces/my_service_interfaces/srv
[10.609s] -- Up-to-date: /home/za1van/ros2_ws/install/my_service_interfaces/include/my_service_interfaces/my_service_interfaces/srv/detail
[10.609s] -- Installing: /home/za1van/ros2_ws/install/my_service_interfaces/include/my_service_interfaces/my_service_interfaces/srv/detail/set_velocity__type_support.c
[10.609s] -- Installing: /home/za1van/ros2_ws/install/my_service_interfaces/include/my_service_interfaces/my_service_interfaces/srv/detail/set_velocity__rosidl_typesupport_introspection_c.h
[10.609s] -- Up-to-date: /home/za1van/ros2_ws/install/my_service_interfaces/include/my_service_interfaces/my_service_interfaces/msg
[10.610s] -- Installing: /home/za1van/ros2_ws/install/my_service_interfaces/include/my_service_interfaces/my_service_interfaces/msg/rosidl_typesupport_introspection_c__visibility_control.h
[10.610s] -- Installing: /home/za1van/ros2_ws/install/my_service_interfaces/lib/libmy_service_interfaces__rosidl_typesupport_introspection_c.so
[10.610s] -- Set non-toolchain portion of runtime path of "/home/za1van/ros2_ws/install/my_service_interfaces/lib/libmy_service_interfaces__rosidl_typesupport_introspection_c.so" to ""
[10.610s] -- Installing: /home/za1van/ros2_ws/install/my_service_interfaces/lib/libmy_service_interfaces__rosidl_typesupport_c.so
[10.611s] -- Set non-toolchain portion of runtime path of "/home/za1van/ros2_ws/install/my_service_interfaces/lib/libmy_service_interfaces__rosidl_typesupport_c.so" to ""
[10.611s] -- Up-to-date: /home/za1van/ros2_ws/install/my_service_interfaces/include/my_service_interfaces/my_service_interfaces
[10.611s] -- Up-to-date: /home/za1van/ros2_ws/install/my_service_interfaces/include/my_service_interfaces/my_service_interfaces/srv
[10.611s] -- Installing: /home/za1van/ros2_ws/install/my_service_interfaces/include/my_service_interfaces/my_service_interfaces/srv/set_velocity.hpp
[10.612s] -- Up-to-date: /home/za1van/ros2_ws/install/my_service_interfaces/include/my_service_interfaces/my_service_interfaces/srv/detail
[10.612s] -- Installing: /home/za1van/ros2_ws/install/my_service_interfaces/include/my_service_interfaces/my_service_interfaces/srv/detail/set_velocity__traits.hpp
[10.612s] -- Installing: /home/za1van/ros2_ws/install/my_service_interfaces/include/my_service_interfaces/my_service_interfaces/srv/detail/set_velocity__builder.hpp
[10.612s] -- Installing: /home/za1van/ros2_ws/install/my_service_interfaces/include/my_service_interfaces/my_service_interfaces/srv/detail/set_velocity__type_support.hpp
[10.613s] -- Installing: /home/za1van/ros2_ws/install/my_service_interfaces/include/my_service_interfaces/my_service_interfaces/srv/detail/set_velocity__struct.hpp
[10.613s] -- Up-to-date: /home/za1van/ros2_ws/install/my_service_interfaces/include/my_service_interfaces/my_service_interfaces/msg
[10.613s] -- Installing: /home/za1van/ros2_ws/install/my_service_interfaces/include/my_service_interfaces/my_service_interfaces/msg/rosidl_generator_cpp__visibility_control.hpp
[10.613s] -- Up-to-date: /home/za1van/ros2_ws/install/my_service_interfaces/include/my_service_interfaces/my_service_interfaces
[10.614s] -- Up-to-date: /home/za1van/ros2_ws/install/my_service_interfaces/include/my_service_interfaces/my_service_interfaces/srv
[10.614s] -- Up-to-date: /home/za1van/ros2_ws/install/my_service_interfaces/include/my_service_interfaces/my_service_interfaces/srv/detail
[10.614s] -- Up-to-date: /home/za1van/ros2_ws/install/my_service_interfaces/include/my_service_interfaces/my_service_interfaces/srv/detail/dds_fastrtps
[10.614s] -- Installing: /home/za1van/ros2_ws/install/my_service_interfaces/include/my_service_interfaces/my_service_interfaces/srv/detail/set_velocity__rosidl_typesupport_fastrtps_cpp.hpp
[10.614s] -- Up-to-date: /home/za1van/ros2_ws/install/my_service_interfaces/include/my_service_interfaces/my_service_interfaces/msg
[10.615s] -- Installing: /home/za1van/ros2_ws/install/my_service_interfaces/include/my_service_interfaces/my_service_interfaces/msg/rosidl_typesupport_fastrtps_cpp__visibility_control.h
[10.615s] -- Installing: /home/za1van/ros2_ws/install/my_service_interfaces/lib/libmy_service_interfaces__rosidl_typesupport_fastrtps_cpp.so
[10.615s] -- Set non-toolchain portion of runtime path of "/home/za1van/ros2_ws/install/my_service_interfaces/lib/libmy_service_interfaces__rosidl_typesupport_fastrtps_cpp.so" to ""
[10.616s] -- Up-to-date: /home/za1van/ros2_ws/install/my_service_interfaces/include/my_service_interfaces/my_service_interfaces
[10.616s] -- Up-to-date: /home/za1van/ros2_ws/install/my_service_interfaces/include/my_service_interfaces/my_service_interfaces/srv
[10.616s] -- Up-to-date: /home/za1van/ros2_ws/install/my_service_interfaces/include/my_service_interfaces/my_service_interfaces/srv/detail
[10.616s] -- Installing: /home/za1van/ros2_ws/install/my_service_interfaces/include/my_service_interfaces/my_service_interfaces/srv/detail/set_velocity__type_support.cpp
[10.617s] -- Installing: /home/za1van/ros2_ws/install/my_service_interfaces/include/my_service_interfaces/my_service_interfaces/srv/detail/set_velocity__rosidl_typesupport_introspection_cpp.hpp
[10.617s] -- Installing: /home/za1van/ros2_ws/install/my_service_interfaces/lib/libmy_service_interfaces__rosidl_typesupport_introspection_cpp.so
[10.617s] -- Set non-toolchain portion of runtime path of "/home/za1van/ros2_ws/install/my_service_interfaces/lib/libmy_service_interfaces__rosidl_typesupport_introspection_cpp.so" to ""
[10.617s] -- Installing: /home/za1van/ros2_ws/install/my_service_interfaces/lib/libmy_service_interfaces__rosidl_typesupport_cpp.so
[10.618s] -- Set non-toolchain portion of runtime path of "/home/za1van/ros2_ws/install/my_service_interfaces/lib/libmy_service_interfaces__rosidl_typesupport_cpp.so" to ""
[10.619s] -- Installing: /home/za1van/ros2_ws/install/my_service_interfaces/share/my_service_interfaces/environment/pythonpath.sh
[10.619s] -- Installing: /home/za1van/ros2_ws/install/my_service_interfaces/share/my_service_interfaces/environment/pythonpath.dsv
[10.619s] -- Installing: /home/za1van/ros2_ws/install/my_service_interfaces/lib/python3.12/site-packages/my_service_interfaces-0.0.0-py3.12.egg-info
[10.619s] -- Installing: /home/za1van/ros2_ws/install/my_service_interfaces/lib/python3.12/site-packages/my_service_interfaces-0.0.0-py3.12.egg-info/dependency_links.txt
[10.620s] -- Installing: /home/za1van/ros2_ws/install/my_service_interfaces/lib/python3.12/site-packages/my_service_interfaces-0.0.0-py3.12.egg-info/PKG-INFO
[10.620s] -- Installing: /home/za1van/ros2_ws/install/my_service_interfaces/lib/python3.12/site-packages/my_service_interfaces-0.0.0-py3.12.egg-info/top_level.txt
[10.620s] -- Installing: /home/za1van/ros2_ws/install/my_service_interfaces/lib/python3.12/site-packages/my_service_interfaces-0.0.0-py3.12.egg-info/SOURCES.txt
[10.620s] -- Installing: /home/za1van/ros2_ws/install/my_service_interfaces/lib/python3.12/site-packages/my_service_interfaces
[10.620s] -- Installing: /home/za1van/ros2_ws/install/my_service_interfaces/lib/python3.12/site-packages/my_service_interfaces/my_service_interfaces_s__rosidl_typesupport_c.so
[10.620s] -- Installing: /home/za1van/ros2_ws/install/my_service_interfaces/lib/python3.12/site-packages/my_service_interfaces/srv
[10.620s] -- Installing: /home/za1van/ros2_ws/install/my_service_interfaces/lib/python3.12/site-packages/my_service_interfaces/srv/_set_velocity_s.c
[10.621s] -- Installing: /home/za1van/ros2_ws/install/my_service_interfaces/lib/python3.12/site-packages/my_service_interfaces/srv/_set_velocity.py
[10.621s] -- Installing: /home/za1van/ros2_ws/install/my_service_interfaces/lib/python3.12/site-packages/my_service_interfaces/srv/__init__.py
[10.621s] -- Installing: /home/za1van/ros2_ws/install/my_service_interfaces/lib/python3.12/site-packages/my_service_interfaces/my_service_interfaces_s__rosidl_typesupport_fastrtps_c.so
[10.621s] -- Installing: /home/za1van/ros2_ws/install/my_service_interfaces/lib/python3.12/site-packages/my_service_interfaces/_my_service_interfaces_s.ep.rosidl_typesupport_introspection_c.c
[10.621s] -- Installing: /home/za1van/ros2_ws/install/my_service_interfaces/lib/python3.12/site-packages/my_service_interfaces/__init__.py
[10.621s] -- Installing: /home/za1van/ros2_ws/install/my_service_interfaces/lib/python3.12/site-packages/my_service_interfaces/my_service_interfaces_s__rosidl_typesupport_introspection_c.so
[10.621s] -- Installing: /home/za1van/ros2_ws/install/my_service_interfaces/lib/python3.12/site-packages/my_service_interfaces/_my_service_interfaces_s.ep.rosidl_typesupport_c.c
[10.622s] -- Installing: /home/za1van/ros2_ws/install/my_service_interfaces/lib/python3.12/site-packages/my_service_interfaces/_my_service_interfaces_s.ep.rosidl_typesupport_fastrtps_c.c
[10.673s] Listing '/home/za1van/ros2_ws/install/my_service_interfaces/lib/python3.12/site-packages/my_service_interfaces'...
[10.673s] Compiling '/home/za1van/ros2_ws/install/my_service_interfaces/lib/python3.12/site-packages/my_service_interfaces/__init__.py'...
[10.673s] Listing '/home/za1van/ros2_ws/install/my_service_interfaces/lib/python3.12/site-packages/my_service_interfaces/srv'...
[10.673s] Compiling '/home/za1van/ros2_ws/install/my_service_interfaces/lib/python3.12/site-packages/my_service_interfaces/srv/__init__.py'...
[10.673s] Compiling '/home/za1van/ros2_ws/install/my_service_interfaces/lib/python3.12/site-packages/my_service_interfaces/srv/_set_velocity.py'...
[10.681s] -- Installing: /home/za1van/ros2_ws/install/my_service_interfaces/lib/python3.12/site-packages/my_service_interfaces/my_service_interfaces_s__rosidl_typesupport_fastrtps_c.so
[10.681s] -- Set non-toolchain portion of runtime path of "/home/za1van/ros2_ws/install/my_service_interfaces/lib/python3.12/site-packages/my_service_interfaces/my_service_interfaces_s__rosidl_typesupport_fastrtps_c.so" to ""
[10.682s] -- Installing: /home/za1van/ros2_ws/install/my_service_interfaces/lib/python3.12/site-packages/my_service_interfaces/my_service_interfaces_s__rosidl_typesupport_introspection_c.so
[10.682s] -- Set non-toolchain portion of runtime path of "/home/za1van/ros2_ws/install/my_service_interfaces/lib/python3.12/site-packages/my_service_interfaces/my_service_interfaces_s__rosidl_typesupport_introspection_c.so" to ""
[10.682s] -- Installing: /home/za1van/ros2_ws/install/my_service_interfaces/lib/python3.12/site-packages/my_service_interfaces/my_service_interfaces_s__rosidl_typesupport_c.so
[10.683s] -- Set non-toolchain portion of runtime path of "/home/za1van/ros2_ws/install/my_service_interfaces/lib/python3.12/site-packages/my_service_interfaces/my_service_interfaces_s__rosidl_typesupport_c.so" to ""
[10.683s] -- Installing: /home/za1van/ros2_ws/install/my_service_interfaces/lib/libmy_service_interfaces__rosidl_generator_py.so
[10.684s] -- Set non-toolchain portion of runtime path of "/home/za1van/ros2_ws/install/my_service_interfaces/lib/libmy_service_interfaces__rosidl_generator_py.so" to ""
[10.684s] -- Installing: /home/za1van/ros2_ws/install/my_service_interfaces/share/my_service_interfaces/srv/SetVelocity.idl
[10.685s] -- Installing: /home/za1van/ros2_ws/install/my_service_interfaces/share/my_service_interfaces/srv/SetVelocity.srv
[10.685s] -- Installing: /home/za1van/ros2_ws/install/my_service_interfaces/share/ament_index/resource_index/package_run_dependencies/my_service_interfaces
[10.685s] -- Installing: /home/za1van/ros2_ws/install/my_service_interfaces/share/ament_index/resource_index/parent_prefix_path/my_service_interfaces
[10.685s] -- Installing: /home/za1van/ros2_ws/install/my_service_interfaces/share/my_service_interfaces/environment/ament_prefix_path.sh
[10.686s] -- Installing: /home/za1van/ros2_ws/install/my_service_interfaces/share/my_service_interfaces/environment/ament_prefix_path.dsv
[10.686s] -- Installing: /home/za1van/ros2_ws/install/my_service_interfaces/share/my_service_interfaces/environment/path.sh
[10.686s] -- Installing: /home/za1van/ros2_ws/install/my_service_interfaces/share/my_service_interfaces/environment/path.dsv
[10.687s] -- Installing: /home/za1van/ros2_ws/install/my_service_interfaces/share/my_service_interfaces/local_setup.bash
[10.687s] -- Installing: /home/za1van/ros2_ws/install/my_service_interfaces/share/my_service_interfaces/local_setup.sh
[10.687s] -- Installing: /home/za1van/ros2_ws/install/my_service_interfaces/share/my_service_interfaces/local_setup.zsh
[10.687s] -- Installing: /home/za1van/ros2_ws/install/my_service_interfaces/share/my_service_interfaces/local_setup.dsv
[10.688s] -- Installing: /home/za1van/ros2_ws/install/my_service_interfaces/share/my_service_interfaces/package.dsv
[10.688s] -- Installing: /home/za1van/ros2_ws/install/my_service_interfaces/share/ament_index/resource_index/packages/my_service_interfaces
[10.688s] -- Installing: /home/za1van/ros2_ws/install/my_service_interfaces/share/my_service_interfaces/cmake/export_my_service_interfaces__rosidl_generator_cExport.cmake
[10.688s] -- Installing: /home/za1van/ros2_ws/install/my_service_interfaces/share/my_service_interfaces/cmake/export_my_service_interfaces__rosidl_generator_cExport-noconfig.cmake
[10.689s] -- Installing: /home/za1van/ros2_ws/install/my_service_interfaces/share/my_service_interfaces/cmake/export_my_service_interfaces__rosidl_typesupport_fastrtps_cExport.cmake
[10.689s] -- Installing: /home/za1van/ros2_ws/install/my_service_interfaces/share/my_service_interfaces/cmake/export_my_service_interfaces__rosidl_typesupport_fastrtps_cExport-noconfig.cmake
[10.689s] -- Installing: /home/za1van/ros2_ws/install/my_service_interfaces/share/my_service_interfaces/cmake/my_service_interfaces__rosidl_typesupport_introspection_cExport.cmake
[10.689s] -- Installing: /home/za1van/ros2_ws/install/my_service_interfaces/share/my_service_interfaces/cmake/my_service_interfaces__rosidl_typesupport_introspection_cExport-noconfig.cmake
[10.690s] -- Installing: /home/za1van/ros2_ws/install/my_service_interfaces/share/my_service_interfaces/cmake/my_service_interfaces__rosidl_typesupport_cExport.cmake
[10.690s] -- Installing: /home/za1van/ros2_ws/install/my_service_interfaces/share/my_service_interfaces/cmake/my_service_interfaces__rosidl_typesupport_cExport-noconfig.cmake
[10.690s] -- Installing: /home/za1van/ros2_ws/install/my_service_interfaces/share/my_service_interfaces/cmake/export_my_service_interfaces__rosidl_generator_cppExport.cmake
[10.690s] -- Installing: /home/za1van/ros2_ws/install/my_service_interfaces/share/my_service_interfaces/cmake/export_my_service_interfaces__rosidl_typesupport_fastrtps_cppExport.cmake
[10.691s] -- Installing: /home/za1van/ros2_ws/install/my_service_interfaces/share/my_service_interfaces/cmake/export_my_service_interfaces__rosidl_typesupport_fastrtps_cppExport-noconfig.cmake
[10.691s] -- Installing: /home/za1van/ros2_ws/install/my_service_interfaces/share/my_service_interfaces/cmake/my_service_interfaces__rosidl_typesupport_introspection_cppExport.cmake
[10.691s] -- Installing: /home/za1van/ros2_ws/install/my_service_interfaces/share/my_service_interfaces/cmake/my_service_interfaces__rosidl_typesupport_introspection_cppExport-noconfig.cmake
[10.691s] -- Installing: /home/za1van/ros2_ws/install/my_service_interfaces/share/my_service_interfaces/cmake/my_service_interfaces__rosidl_typesupport_cppExport.cmake
[10.692s] -- Installing: /home/za1van/ros2_ws/install/my_service_interfaces/share/my_service_interfaces/cmake/my_service_interfaces__rosidl_typesupport_cppExport-noconfig.cmake
[10.692s] -- Installing: /home/za1van/ros2_ws/install/my_service_interfaces/share/my_service_interfaces/cmake/export_my_service_interfaces__rosidl_generator_pyExport.cmake
[10.693s] -- Installing: /home/za1van/ros2_ws/install/my_service_interfaces/share/my_service_interfaces/cmake/export_my_service_interfaces__rosidl_generator_pyExport-noconfig.cmake
[10.693s] -- Installing: /home/za1van/ros2_ws/install/my_service_interfaces/share/my_service_interfaces/cmake/rosidl_cmake-extras.cmake
[10.693s] -- Installing: /home/za1van/ros2_ws/install/my_service_interfaces/share/my_service_interfaces/cmake/ament_cmake_export_dependencies-extras.cmake
[10.693s] -- Installing: /home/za1van/ros2_ws/install/my_service_interfaces/share/my_service_interfaces/cmake/ament_cmake_export_include_directories-extras.cmake
[10.694s] -- Installing: /home/za1van/ros2_ws/install/my_service_interfaces/share/my_service_interfaces/cmake/ament_cmake_export_libraries-extras.cmake
[10.694s] -- Installing: /home/za1van/ros2_ws/install/my_service_interfaces/share/my_service_interfaces/cmake/ament_cmake_export_targets-extras.cmake
[10.694s] -- Installing: /home/za1van/ros2_ws/install/my_service_interfaces/share/my_service_interfaces/cmake/rosidl_cmake_export_typesupport_targets-extras.cmake
[10.694s] -- Installing: /home/za1van/ros2_ws/install/my_service_interfaces/share/my_service_interfaces/cmake/rosidl_cmake_export_typesupport_libraries-extras.cmake
[10.694s] -- Installing: /home/za1van/ros2_ws/install/my_service_interfaces/share/my_service_interfaces/cmake/my_service_interfacesConfig.cmake
[10.694s] -- Installing: /home/za1van/ros2_ws/install/my_service_interfaces/share/my_service_interfaces/cmake/my_service_interfacesConfig-version.cmake
[10.695s] -- Installing: /home/za1van/ros2_ws/install/my_service_interfaces/share/my_service_interfaces/package.xml
[10.696s] Invoked command in '/home/za1van/ros2_ws/build/my_service_interfaces' returned '0': CMAKE_PREFIX_PATH=${CMAKE_PREFIX_PATH}:/opt/ros/jazzy DEBUGINFOD_URLS=https://debuginfod.ubuntu.com /usr/bin/cmake --install /home/za1van/ros2_ws/build/my_service_interfaces
