running egg_info
creating ../build/my_project_start/my_project_start.egg-info
writing ../build/my_project_start/my_project_start.egg-info/PKG-INFO
writing dependency_links to ../build/my_project_start/my_project_start.egg-info/dependency_links.txt
writing requirements to ../build/my_project_start/my_project_start.egg-info/requires.txt
writing top-level names to ../build/my_project_start/my_project_start.egg-info/top_level.txt
writing manifest file '../build/my_project_start/my_project_start.egg-info/SOURCES.txt'
reading manifest file '../build/my_project_start/my_project_start.egg-info/SOURCES.txt'
writing manifest file '../build/my_project_start/my_project_start.egg-info/SOURCES.txt'
running build
running build_py
creating /home/za1van/ros2_ws/src/build/my_project_start/build
creating /home/za1van/ros2_ws/src/build/my_project_start/build/lib
creating /home/za1van/ros2_ws/src/build/my_project_start/build/lib/my_project_start
copying my_project_start/__init__.py -> /home/za1van/ros2_ws/src/build/my_project_start/build/lib/my_project_start
running install
running install_lib
creating /home/za1van/ros2_ws/src/install/my_project_start/lib/python3.12/site-packages/my_project_start
copying /home/za1van/ros2_ws/src/build/my_project_start/build/lib/my_project_start/__init__.py -> /home/za1van/ros2_ws/src/install/my_project_start/lib/python3.12/site-packages/my_project_start
byte-compiling /home/za1van/ros2_ws/src/install/my_project_start/lib/python3.12/site-packages/my_project_start/__init__.py to __init__.cpython-312.pyc
running install_data
creating /home/za1van/ros2_ws/src/install/my_project_start/share/ament_index
creating /home/za1van/ros2_ws/src/install/my_project_start/share/ament_index/resource_index
creating /home/za1van/ros2_ws/src/install/my_project_start/share/ament_index/resource_index/packages
copying resource/my_project_start -> /home/za1van/ros2_ws/src/install/my_project_start/share/ament_index/resource_index/packages
copying package.xml -> /home/za1van/ros2_ws/src/install/my_project_start/share/my_project_start
creating /home/za1van/ros2_ws/src/install/my_project_start/share/my_project_start/launch
copying launch/start.launch.py -> /home/za1van/ros2_ws/src/install/my_project_start/share/my_project_start/launch
running install_egg_info
Copying ../build/my_project_start/my_project_start.egg-info to /home/za1van/ros2_ws/src/install/my_project_start/lib/python3.12/site-packages/my_project_start-0.0.0-py3.12.egg-info
running install_scripts
writing list of installed files to '/home/za1van/ros2_ws/src/build/my_project_start/install.log'
