[3.217s] Invoking command in '/home/za1van/ros2_ws/src/my_project_start': DEBUGINFOD_URLS=https://debuginfod.ubuntu.com PYTHONPATH=/home/za1van/ros2_ws/src/build/my_project_start/prefix_override:/usr/lib/python3/dist-packages/colcon_core/task/python/colcon_distutils_commands:/home/za1van/ros2_ws/src/install/my_project_start/lib/python3.12/site-packages:${PYTHONPATH} /usr/bin/python3 -W ignore:setup.py install is deprecated -W ignore:easy_install command is deprecated setup.py egg_info --egg-base ../build/my_project_start build --build-base /home/za1van/ros2_ws/src/build/my_project_start/build install --record /home/za1van/ros2_ws/src/build/my_project_start/install.log --single-version-externally-managed install_data
[4.140s] running egg_info
[4.143s] creating ../build/my_project_start/my_project_start.egg-info
[4.208s] writing ../build/my_project_start/my_project_start.egg-info/PKG-INFO
[4.208s] writing dependency_links to ../build/my_project_start/my_project_start.egg-info/dependency_links.txt
[4.211s] writing requirements to ../build/my_project_start/my_project_start.egg-info/requires.txt
[4.213s] writing top-level names to ../build/my_project_start/my_project_start.egg-info/top_level.txt
[4.213s] writing manifest file '../build/my_project_start/my_project_start.egg-info/SOURCES.txt'
[4.332s] reading manifest file '../build/my_project_start/my_project_start.egg-info/SOURCES.txt'
[4.334s] writing manifest file '../build/my_project_start/my_project_start.egg-info/SOURCES.txt'
[4.334s] running build
[4.339s] running build_py
[4.339s] creating /home/za1van/ros2_ws/src/build/my_project_start/build
[4.339s] creating /home/za1van/ros2_ws/src/build/my_project_start/build/lib
[4.340s] creating /home/za1van/ros2_ws/src/build/my_project_start/build/lib/my_project_start
[4.340s] copying my_project_start/__init__.py -> /home/za1van/ros2_ws/src/build/my_project_start/build/lib/my_project_start
[4.340s] running install
[4.353s] running install_lib
[4.424s] creating /home/za1van/ros2_ws/src/install/my_project_start/lib/python3.12/site-packages/my_project_start
[4.424s] copying /home/za1van/ros2_ws/src/build/my_project_start/build/lib/my_project_start/__init__.py -> /home/za1van/ros2_ws/src/install/my_project_start/lib/python3.12/site-packages/my_project_start
[4.426s] byte-compiling /home/za1van/ros2_ws/src/install/my_project_start/lib/python3.12/site-packages/my_project_start/__init__.py to __init__.cpython-312.pyc
[4.426s] running install_data
[4.427s] creating /home/za1van/ros2_ws/src/install/my_project_start/share/ament_index
[4.427s] creating /home/za1van/ros2_ws/src/install/my_project_start/share/ament_index/resource_index
[4.428s] creating /home/za1van/ros2_ws/src/install/my_project_start/share/ament_index/resource_index/packages
[4.428s] copying resource/my_project_start -> /home/za1van/ros2_ws/src/install/my_project_start/share/ament_index/resource_index/packages
[4.428s] copying package.xml -> /home/za1van/ros2_ws/src/install/my_project_start/share/my_project_start
[4.428s] creating /home/za1van/ros2_ws/src/install/my_project_start/share/my_project_start/launch
[4.428s] copying launch/start.launch.py -> /home/za1van/ros2_ws/src/install/my_project_start/share/my_project_start/launch
[4.429s] running install_egg_info
[4.512s] Copying ../build/my_project_start/my_project_start.egg-info to /home/za1van/ros2_ws/src/install/my_project_start/lib/python3.12/site-packages/my_project_start-0.0.0-py3.12.egg-info
[4.513s] running install_scripts
[4.929s] writing list of installed files to '/home/za1van/ros2_ws/src/build/my_project_start/install.log'
[4.999s] Invoked command in '/home/za1van/ros2_ws/src/my_project_start' returned '0': DEBUGINFOD_URLS=https://debuginfod.ubuntu.com PYTHONPATH=/home/za1van/ros2_ws/src/build/my_project_start/prefix_override:/usr/lib/python3/dist-packages/colcon_core/task/python/colcon_distutils_commands:/home/za1van/ros2_ws/src/install/my_project_start/lib/python3.12/site-packages:${PYTHONPATH} /usr/bin/python3 -W ignore:setup.py install is deprecated -W ignore:easy_install command is deprecated setup.py egg_info --egg-base ../build/my_project_start build --build-base /home/za1van/ros2_ws/src/build/my_project_start/build install --record /home/za1van/ros2_ws/src/build/my_project_start/install.log --single-version-externally-managed install_data
