[2.629s] Invoking command in '/home/za1van/ros2_ws/src/my_turtle_controller': CMAKE_PREFIX_PATH=/home/za1van/ros2_ws/install/my_action_interface:/home/za1van/ros2_ws/install/turtle_dekart_control_interface:/home/za1van/ros2_ws/install/my_two_wheel_robot:/home/za1van/ros2_ws/install/my_service_interfaces:/home/za1van/ros2_ws/install/my_custom_interface:/opt/ros/jazzy/opt/sdformat_vendor:/opt/ros/jazzy/opt/gz_tools_vendor:/opt/ros/jazzy/opt/gz_math_vendor:/opt/ros/jazzy/opt/gz_utils_vendor:/opt/ros/jazzy/opt/gz_cmake_vendor DEBUGINFOD_URLS=https://debuginfod.ubuntu.com LD_LIBRARY_PATH=/home/za1van/ros2_ws/install/my_action_interface/lib:/home/za1van/ros2_ws/install/turtle_dekart_control_interface/lib:/home/za1van/ros2_ws/install/my_service_interfaces/lib:/home/za1van/ros2_ws/install/my_custom_interface/lib:/opt/ros/jazzy/opt/sdformat_vendor/lib:/opt/ros/jazzy/opt/gz_tools_vendor/lib:/opt/ros/jazzy/opt/rviz_ogre_vendor/lib:/opt/ros/jazzy/lib/x86_64-linux-gnu:/opt/ros/jazzy/opt/gz_math_vendor/lib:/opt/ros/jazzy/opt/gz_utils_vendor/lib:/opt/ros/jazzy/opt/gz_cmake_vendor/lib:/opt/ros/jazzy/lib PYTHONPATH=/home/za1van/ros2_ws/build/my_turtle_controller/prefix_override:/usr/lib/python3/dist-packages/colcon_core/task/python/colcon_distutils_commands:/home/za1van/ros2_ws/install/my_turtle_controller/lib/python3.12/site-packages:/home/za1van/ros2_ws/install/my_action_interface/lib/python3.12/site-packages:/home/za1van/ros2_ws/install/turtle_dekart_control_interface/lib/python3.12/site-packages:/home/za1van/ros2_ws/install/my_turtle_controller/lib/python3.12/site-packages:/home/za1van/ros2_ws/install/my_tf2_demo/lib/python3.12/site-packages:/home/za1van/ros2_ws/install/my_service_server/lib/python3.12/site-packages:/home/za1van/ros2_ws/install/my_service_client/lib/python3.12/site-packages:/home/za1van/ros2_ws/install/my_service_interfaces/lib/python3.12/site-packages:/home/za1van/ros2_ws/install/my_project_start/lib/python3.12/site-packages:/home/za1van/ros2_ws/install/my_custom_interface/lib/python3.12/site-packages:/home/za1van/ros2_ws/install/my_calculate_action/lib/python3.12/site-packages:/home/za1van/ros2_ws/install/3t/lib/python3.12/site-packages:/opt/ros/jazzy/lib/python3.12/site-packages /usr/bin/python3 -W ignore:setup.py install is deprecated -W ignore:easy_install command is deprecated setup.py egg_info --egg-base ../../build/my_turtle_controller build --build-base /home/za1van/ros2_ws/build/my_turtle_controller/build install --record /home/za1van/ros2_ws/build/my_turtle_controller/install.log --single-version-externally-managed install_data
[3.286s] running egg_info
[3.328s] writing ../../build/my_turtle_controller/my_turtle_controller.egg-info/PKG-INFO
[3.329s] writing dependency_links to ../../build/my_turtle_controller/my_turtle_controller.egg-info/dependency_links.txt
[3.330s] writing entry points to ../../build/my_turtle_controller/my_turtle_controller.egg-info/entry_points.txt
[3.330s] writing requirements to ../../build/my_turtle_controller/my_turtle_controller.egg-info/requires.txt
[3.331s] writing top-level names to ../../build/my_turtle_controller/my_turtle_controller.egg-info/top_level.txt
[3.424s] reading manifest file '../../build/my_turtle_controller/my_turtle_controller.egg-info/SOURCES.txt'
[3.427s] writing manifest file '../../build/my_turtle_controller/my_turtle_controller.egg-info/SOURCES.txt'
[3.427s] running build
[3.427s] running build_py
[3.428s] running install
[3.445s] running install_lib
[3.493s] running install_data
[3.493s] running install_egg_info
[3.541s] removing '/home/za1van/ros2_ws/install/my_turtle_controller/lib/python3.12/site-packages/my_turtle_controller-0.0.0-py3.12.egg-info' (and everything under it)
[3.542s] Copying ../../build/my_turtle_controller/my_turtle_controller.egg-info to /home/za1van/ros2_ws/install/my_turtle_controller/lib/python3.12/site-packages/my_turtle_controller-0.0.0-py3.12.egg-info
[3.544s] running install_scripts
[3.808s] Installing turtle_figure8 script to /home/za1van/ros2_ws/install/my_turtle_controller/lib/my_turtle_controller
[3.809s] Installing turtle_follower_spawner script to /home/za1van/ros2_ws/install/my_turtle_controller/lib/my_turtle_controller
[3.810s] Installing turtle_move_action_client script to /home/za1van/ros2_ws/install/my_turtle_controller/lib/my_turtle_controller
[3.810s] Installing turtle_move_action_server script to /home/za1van/ros2_ws/install/my_turtle_controller/lib/my_turtle_controller
[3.810s] Installing turtle_mover script to /home/za1van/ros2_ws/install/my_turtle_controller/lib/my_turtle_controller
[3.810s] Installing turtle_pose_follower script to /home/za1van/ros2_ws/install/my_turtle_controller/lib/my_turtle_controller
[3.810s] writing list of installed files to '/home/za1van/ros2_ws/build/my_turtle_controller/install.log'
[3.864s] Invoked command in '/home/za1van/ros2_ws/src/my_turtle_controller' returned '0': CMAKE_PREFIX_PATH=/home/za1van/ros2_ws/install/my_action_interface:/home/za1van/ros2_ws/install/turtle_dekart_control_interface:/home/za1van/ros2_ws/install/my_two_wheel_robot:/home/za1van/ros2_ws/install/my_service_interfaces:/home/za1van/ros2_ws/install/my_custom_interface:/opt/ros/jazzy/opt/sdformat_vendor:/opt/ros/jazzy/opt/gz_tools_vendor:/opt/ros/jazzy/opt/gz_math_vendor:/opt/ros/jazzy/opt/gz_utils_vendor:/opt/ros/jazzy/opt/gz_cmake_vendor DEBUGINFOD_URLS=https://debuginfod.ubuntu.com LD_LIBRARY_PATH=/home/za1van/ros2_ws/install/my_action_interface/lib:/home/za1van/ros2_ws/install/turtle_dekart_control_interface/lib:/home/za1van/ros2_ws/install/my_service_interfaces/lib:/home/za1van/ros2_ws/install/my_custom_interface/lib:/opt/ros/jazzy/opt/sdformat_vendor/lib:/opt/ros/jazzy/opt/gz_tools_vendor/lib:/opt/ros/jazzy/opt/rviz_ogre_vendor/lib:/opt/ros/jazzy/lib/x86_64-linux-gnu:/opt/ros/jazzy/opt/gz_math_vendor/lib:/opt/ros/jazzy/opt/gz_utils_vendor/lib:/opt/ros/jazzy/opt/gz_cmake_vendor/lib:/opt/ros/jazzy/lib PYTHONPATH=/home/za1van/ros2_ws/build/my_turtle_controller/prefix_override:/usr/lib/python3/dist-packages/colcon_core/task/python/colcon_distutils_commands:/home/za1van/ros2_ws/install/my_turtle_controller/lib/python3.12/site-packages:/home/za1van/ros2_ws/install/my_action_interface/lib/python3.12/site-packages:/home/za1van/ros2_ws/install/turtle_dekart_control_interface/lib/python3.12/site-packages:/home/za1van/ros2_ws/install/my_turtle_controller/lib/python3.12/site-packages:/home/za1van/ros2_ws/install/my_tf2_demo/lib/python3.12/site-packages:/home/za1van/ros2_ws/install/my_service_server/lib/python3.12/site-packages:/home/za1van/ros2_ws/install/my_service_client/lib/python3.12/site-packages:/home/za1van/ros2_ws/install/my_service_interfaces/lib/python3.12/site-packages:/home/za1van/ros2_ws/install/my_project_start/lib/python3.12/site-packages:/home/za1van/ros2_ws/install/my_custom_interface/lib/python3.12/site-packages:/home/za1van/ros2_ws/install/my_calculate_action/lib/python3.12/site-packages:/home/za1van/ros2_ws/install/3t/lib/python3.12/site-packages:/opt/ros/jazzy/lib/python3.12/site-packages /usr/bin/python3 -W ignore:setup.py install is deprecated -W ignore:easy_install command is deprecated setup.py egg_info --egg-base ../../build/my_turtle_controller build --build-base /home/za1van/ros2_ws/build/my_turtle_controller/build install --record /home/za1van/ros2_ws/build/my_turtle_controller/install.log --single-version-externally-managed install_data
