[0.060s] Invoking command in '/home/za1van/ros2_ws/src/build/my_action_interface': CMAKE_PREFIX_PATH=${CMAKE_PREFIX_PATH}:/home/za1van/ros2_ws/src/install/my_turtle_controller:/home/za1van/ros2_ws/src/install/my_service_server:/home/za1van/ros2_ws/src/install/my_service_client:/home/za1van/ros2_ws/src/install/3t:/home/za1van/ros2_ws/install/my_calculate_action:/home/za1van/ros2_ws/install/my_turtle_controller:/home/za1van/ros2_ws/install/my_service_server:/home/za1van/ros2_ws/install/my_service_client:/home/za1van/ros2_ws/install/my_project_start:/home/za1van/ros2_ws/install/3t:/opt/ros/jazzy DEBUGINFOD_URLS=https://debuginfod.ubuntu.com /usr/bin/cmake --build /home/za1van/ros2_ws/src/build/my_action_interface -- -j4 -l4
[0.687s] [  2%] Built target my_action_interface__rosidl_generator_type_description
[0.687s] [  2%] Built target ament_cmake_python_copy_my_action_interface
[0.687s] [  4%] Built target my_action_interface__cpp
[0.687s] [ 22%] Built target my_action_interface__rosidl_generator_c
[0.688s] [ 31%] Built target my_action_interface__rosidl_typesupport_introspection_cpp
[0.688s] [ 40%] Built target my_action_interface__rosidl_typesupport_fastrtps_c
[0.688s] [ 50%] Built target my_action_interface__rosidl_typesupport_cpp
[0.843s] [ 59%] Built target my_action_interface__rosidl_typesupport_introspection_c
[0.866s] [ 68%] Built target my_action_interface__rosidl_typesupport_c
[0.896s] [ 77%] Built target my_action_interface__rosidl_typesupport_fastrtps_cpp
[0.991s] [ 77%] Built target my_action_interface
[1.096s] [ 79%] Built target my_action_interface__py
[1.175s] [ 86%] Built target my_action_interface__rosidl_generator_py
[1.256s] [ 90%] Built target my_action_interface_s__rosidl_typesupport_fastrtps_c
[1.331s] [ 95%] Built target my_action_interface_s__rosidl_typesupport_c
[1.410s] running egg_info
[1.420s] [100%] Built target my_action_interface_s__rosidl_typesupport_introspection_c
[1.473s] writing my_action_interface.egg-info/PKG-INFO
[1.473s] writing dependency_links to my_action_interface.egg-info/dependency_links.txt
[1.474s] writing top-level names to my_action_interface.egg-info/top_level.txt
[1.595s] reading manifest file 'my_action_interface.egg-info/SOURCES.txt'
[1.597s] writing manifest file 'my_action_interface.egg-info/SOURCES.txt'
[1.690s] [100%] Built target ament_cmake_python_build_my_action_interface_egg
[1.715s] Invoked command in '/home/za1van/ros2_ws/src/build/my_action_interface' returned '0': CMAKE_PREFIX_PATH=${CMAKE_PREFIX_PATH}:/home/za1van/ros2_ws/src/install/my_turtle_controller:/home/za1van/ros2_ws/src/install/my_service_server:/home/za1van/ros2_ws/src/install/my_service_client:/home/za1van/ros2_ws/src/install/3t:/home/za1van/ros2_ws/install/my_calculate_action:/home/za1van/ros2_ws/install/my_turtle_controller:/home/za1van/ros2_ws/install/my_service_server:/home/za1van/ros2_ws/install/my_service_client:/home/za1van/ros2_ws/install/my_project_start:/home/za1van/ros2_ws/install/3t:/opt/ros/jazzy DEBUGINFOD_URLS=https://debuginfod.ubuntu.com /usr/bin/cmake --build /home/za1van/ros2_ws/src/build/my_action_interface -- -j4 -l4
[1.719s] Invoking command in '/home/za1van/ros2_ws/src/build/my_action_interface': CMAKE_PREFIX_PATH=${CMAKE_PREFIX_PATH}:/home/za1van/ros2_ws/src/install/my_turtle_controller:/home/za1van/ros2_ws/src/install/my_service_server:/home/za1van/ros2_ws/src/install/my_service_client:/home/za1van/ros2_ws/src/install/3t:/home/za1van/ros2_ws/install/my_calculate_action:/home/za1van/ros2_ws/install/my_turtle_controller:/home/za1van/ros2_ws/install/my_service_server:/home/za1van/ros2_ws/install/my_service_client:/home/za1van/ros2_ws/install/my_project_start:/home/za1van/ros2_ws/install/3t:/opt/ros/jazzy DEBUGINFOD_URLS=https://debuginfod.ubuntu.com /usr/bin/cmake --install /home/za1van/ros2_ws/src/build/my_action_interface
[1.744s] -- Install configuration: ""
[1.744s] -- Up-to-date: /home/za1van/ros2_ws/src/install/my_action_interface/share/ament_index/resource_index/rosidl_interfaces/my_action_interface
[1.744s] -- Up-to-date: /home/za1van/ros2_ws/src/install/my_action_interface/share/my_action_interface/action/SummCalculate.json
[1.744s] -- Up-to-date: /home/za1van/ros2_ws/src/install/my_action_interface/share/my_action_interface/action/MoveTo.json
[1.746s] -- Up-to-date: /home/za1van/ros2_ws/src/install/my_action_interface/include/my_action_interface/my_action_interface
[1.746s] -- Up-to-date: /home/za1van/ros2_ws/src/install/my_action_interface/include/my_action_interface/my_action_interface/action
[1.752s] -- Up-to-date: /home/za1van/ros2_ws/src/install/my_action_interface/include/my_action_interface/my_action_interface/action/move_to.h
[1.752s] -- Up-to-date: /home/za1van/ros2_ws/src/install/my_action_interface/include/my_action_interface/my_action_interface/action/summ_calculate.h
[1.752s] -- Up-to-date: /home/za1van/ros2_ws/src/install/my_action_interface/include/my_action_interface/my_action_interface/action/detail
[1.752s] -- Up-to-date: /home/za1van/ros2_ws/src/install/my_action_interface/include/my_action_interface/my_action_interface/action/detail/move_to__functions.h
[1.753s] -- Up-to-date: /home/za1van/ros2_ws/src/install/my_action_interface/include/my_action_interface/my_action_interface/action/detail/summ_calculate__type_support.h
[1.753s] -- Up-to-date: /home/za1van/ros2_ws/src/install/my_action_interface/include/my_action_interface/my_action_interface/action/detail/summ_calculate__struct.h
[1.753s] -- Installing: /home/za1van/ros2_ws/src/install/my_action_interface/include/my_action_interface/my_action_interface/action/detail/summ_calculate__type_support.c
[1.753s] -- Up-to-date: /home/za1van/ros2_ws/src/install/my_action_interface/include/my_action_interface/my_action_interface/action/detail/move_to__struct.h
[1.753s] -- Up-to-date: /home/za1van/ros2_ws/src/install/my_action_interface/include/my_action_interface/my_action_interface/action/detail/summ_calculate__functions.c
[1.753s] -- Installing: /home/za1van/ros2_ws/src/install/my_action_interface/include/my_action_interface/my_action_interface/action/detail/move_to__type_support.c
[1.754s] -- Up-to-date: /home/za1van/ros2_ws/src/install/my_action_interface/include/my_action_interface/my_action_interface/action/detail/move_to__functions.c
[1.754s] -- Up-to-date: /home/za1van/ros2_ws/src/install/my_action_interface/include/my_action_interface/my_action_interface/action/detail/summ_calculate__functions.h
[1.754s] -- Up-to-date: /home/za1van/ros2_ws/src/install/my_action_interface/include/my_action_interface/my_action_interface/action/detail/summ_calculate__description.c
[1.754s] -- Up-to-date: /home/za1van/ros2_ws/src/install/my_action_interface/include/my_action_interface/my_action_interface/action/detail/move_to__type_support.h
[1.754s] -- Up-to-date: /home/za1van/ros2_ws/src/install/my_action_interface/include/my_action_interface/my_action_interface/action/detail/move_to__description.c
[1.761s] -- Up-to-date: /home/za1van/ros2_ws/src/install/my_action_interface/include/my_action_interface/my_action_interface/msg
[1.761s] -- Up-to-date: /home/za1van/ros2_ws/src/install/my_action_interface/include/my_action_interface/my_action_interface/msg/rosidl_generator_c__visibility_control.h
[1.761s] -- Up-to-date: /home/za1van/ros2_ws/src/install/my_action_interface/share/my_action_interface/environment/library_path.sh
[1.761s] -- Up-to-date: /home/za1van/ros2_ws/src/install/my_action_interface/share/my_action_interface/environment/library_path.dsv
[1.762s] -- Up-to-date: /home/za1van/ros2_ws/src/install/my_action_interface/lib/libmy_action_interface__rosidl_generator_c.so
[1.762s] -- Up-to-date: /home/za1van/ros2_ws/src/install/my_action_interface/include/my_action_interface/my_action_interface
[1.762s] -- Up-to-date: /home/za1van/ros2_ws/src/install/my_action_interface/include/my_action_interface/my_action_interface/action
[1.762s] -- Up-to-date: /home/za1van/ros2_ws/src/install/my_action_interface/include/my_action_interface/my_action_interface/action/detail
[1.763s] -- Up-to-date: /home/za1van/ros2_ws/src/install/my_action_interface/include/my_action_interface/my_action_interface/action/detail/move_to__rosidl_typesupport_fastrtps_c.h
[1.763s] -- Up-to-date: /home/za1van/ros2_ws/src/install/my_action_interface/include/my_action_interface/my_action_interface/action/detail/summ_calculate__rosidl_typesupport_fastrtps_c.h
[1.763s] -- Up-to-date: /home/za1van/ros2_ws/src/install/my_action_interface/include/my_action_interface/my_action_interface/msg
[1.769s] -- Up-to-date: /home/za1van/ros2_ws/src/install/my_action_interface/include/my_action_interface/my_action_interface/msg/rosidl_typesupport_fastrtps_c__visibility_control.h
[1.769s] -- Up-to-date: /home/za1van/ros2_ws/src/install/my_action_interface/lib/libmy_action_interface__rosidl_typesupport_fastrtps_c.so
[1.769s] -- Up-to-date: /home/za1van/ros2_ws/src/install/my_action_interface/include/my_action_interface/my_action_interface
[1.769s] -- Up-to-date: /home/za1van/ros2_ws/src/install/my_action_interface/include/my_action_interface/my_action_interface/action
[1.769s] -- Up-to-date: /home/za1van/ros2_ws/src/install/my_action_interface/include/my_action_interface/my_action_interface/action/detail
[1.769s] -- Up-to-date: /home/za1van/ros2_ws/src/install/my_action_interface/include/my_action_interface/my_action_interface/action/detail/summ_calculate__rosidl_typesupport_introspection_c.h
[1.770s] -- Installing: /home/za1van/ros2_ws/src/install/my_action_interface/include/my_action_interface/my_action_interface/action/detail/summ_calculate__type_support.c
[1.770s] -- Up-to-date: /home/za1van/ros2_ws/src/install/my_action_interface/include/my_action_interface/my_action_interface/action/detail/move_to__rosidl_typesupport_introspection_c.h
[1.770s] -- Installing: /home/za1van/ros2_ws/src/install/my_action_interface/include/my_action_interface/my_action_interface/action/detail/move_to__type_support.c
[1.770s] -- Up-to-date: /home/za1van/ros2_ws/src/install/my_action_interface/include/my_action_interface/my_action_interface/msg
[1.770s] -- Up-to-date: /home/za1van/ros2_ws/src/install/my_action_interface/include/my_action_interface/my_action_interface/msg/rosidl_typesupport_introspection_c__visibility_control.h
[1.776s] -- Up-to-date: /home/za1van/ros2_ws/src/install/my_action_interface/lib/libmy_action_interface__rosidl_typesupport_introspection_c.so
[1.776s] -- Up-to-date: /home/za1van/ros2_ws/src/install/my_action_interface/lib/libmy_action_interface__rosidl_typesupport_c.so
[1.777s] -- Up-to-date: /home/za1van/ros2_ws/src/install/my_action_interface/include/my_action_interface/my_action_interface
[1.777s] -- Up-to-date: /home/za1van/ros2_ws/src/install/my_action_interface/include/my_action_interface/my_action_interface/action
[1.778s] -- Up-to-date: /home/za1van/ros2_ws/src/install/my_action_interface/include/my_action_interface/my_action_interface/action/move_to.hpp
[1.778s] -- Up-to-date: /home/za1van/ros2_ws/src/install/my_action_interface/include/my_action_interface/my_action_interface/action/summ_calculate.hpp
[1.778s] -- Up-to-date: /home/za1van/ros2_ws/src/install/my_action_interface/include/my_action_interface/my_action_interface/action/detail
[1.782s] -- Up-to-date: /home/za1van/ros2_ws/src/install/my_action_interface/include/my_action_interface/my_action_interface/action/detail/move_to__traits.hpp
[1.783s] -- Up-to-date: /home/za1van/ros2_ws/src/install/my_action_interface/include/my_action_interface/my_action_interface/action/detail/summ_calculate__struct.hpp
[1.783s] -- Up-to-date: /home/za1van/ros2_ws/src/install/my_action_interface/include/my_action_interface/my_action_interface/action/detail/summ_calculate__traits.hpp
[1.783s] -- Up-to-date: /home/za1van/ros2_ws/src/install/my_action_interface/include/my_action_interface/my_action_interface/action/detail/summ_calculate__builder.hpp
[1.784s] -- Up-to-date: /home/za1van/ros2_ws/src/install/my_action_interface/include/my_action_interface/my_action_interface/action/detail/summ_calculate__type_support.hpp
[1.784s] -- Up-to-date: /home/za1van/ros2_ws/src/install/my_action_interface/include/my_action_interface/my_action_interface/action/detail/move_to__builder.hpp
[1.784s] -- Up-to-date: /home/za1van/ros2_ws/src/install/my_action_interface/include/my_action_interface/my_action_interface/action/detail/move_to__struct.hpp
[1.784s] -- Up-to-date: /home/za1van/ros2_ws/src/install/my_action_interface/include/my_action_interface/my_action_interface/action/detail/move_to__type_support.hpp
[1.784s] -- Up-to-date: /home/za1van/ros2_ws/src/install/my_action_interface/include/my_action_interface/my_action_interface/msg
[1.784s] -- Up-to-date: /home/za1van/ros2_ws/src/install/my_action_interface/include/my_action_interface/my_action_interface/msg/rosidl_generator_cpp__visibility_control.hpp
[1.785s] -- Up-to-date: /home/za1van/ros2_ws/src/install/my_action_interface/include/my_action_interface/my_action_interface
[1.785s] -- Up-to-date: /home/za1van/ros2_ws/src/install/my_action_interface/include/my_action_interface/my_action_interface/action
[1.785s] -- Up-to-date: /home/za1van/ros2_ws/src/install/my_action_interface/include/my_action_interface/my_action_interface/action/detail
[1.785s] -- Up-to-date: /home/za1van/ros2_ws/src/install/my_action_interface/include/my_action_interface/my_action_interface/action/detail/summ_calculate__rosidl_typesupport_fastrtps_cpp.hpp
[1.785s] -- Up-to-date: /home/za1van/ros2_ws/src/install/my_action_interface/include/my_action_interface/my_action_interface/action/detail/dds_fastrtps
[1.788s] -- Up-to-date: /home/za1van/ros2_ws/src/install/my_action_interface/include/my_action_interface/my_action_interface/action/detail/move_to__rosidl_typesupport_fastrtps_cpp.hpp
[1.790s] -- Up-to-date: /home/za1van/ros2_ws/src/install/my_action_interface/include/my_action_interface/my_action_interface/msg
[1.792s] -- Up-to-date: /home/za1van/ros2_ws/src/install/my_action_interface/include/my_action_interface/my_action_interface/msg/rosidl_typesupport_fastrtps_cpp__visibility_control.h
[1.793s] -- Up-to-date: /home/za1van/ros2_ws/src/install/my_action_interface/lib/libmy_action_interface__rosidl_typesupport_fastrtps_cpp.so
[1.796s] -- Up-to-date: /home/za1van/ros2_ws/src/install/my_action_interface/include/my_action_interface/my_action_interface
[1.796s] -- Up-to-date: /home/za1van/ros2_ws/src/install/my_action_interface/include/my_action_interface/my_action_interface/action
[1.796s] -- Up-to-date: /home/za1van/ros2_ws/src/install/my_action_interface/include/my_action_interface/my_action_interface/action/detail
[1.796s] -- Up-to-date: /home/za1van/ros2_ws/src/install/my_action_interface/include/my_action_interface/my_action_interface/action/detail/move_to__rosidl_typesupport_introspection_cpp.hpp
[1.796s] -- Up-to-date: /home/za1van/ros2_ws/src/install/my_action_interface/include/my_action_interface/my_action_interface/action/detail/move_to__type_support.cpp
[1.797s] -- Up-to-date: /home/za1van/ros2_ws/src/install/my_action_interface/include/my_action_interface/my_action_interface/action/detail/summ_calculate__type_support.cpp
[1.797s] -- Up-to-date: /home/za1van/ros2_ws/src/install/my_action_interface/include/my_action_interface/my_action_interface/action/detail/summ_calculate__rosidl_typesupport_introspection_cpp.hpp
[1.799s] -- Up-to-date: /home/za1van/ros2_ws/src/install/my_action_interface/lib/libmy_action_interface__rosidl_typesupport_introspection_cpp.so
[1.799s] -- Up-to-date: /home/za1van/ros2_ws/src/install/my_action_interface/lib/libmy_action_interface__rosidl_typesupport_cpp.so
[1.800s] -- Up-to-date: /home/za1van/ros2_ws/src/install/my_action_interface/share/my_action_interface/environment/pythonpath.sh
[1.800s] -- Up-to-date: /home/za1van/ros2_ws/src/install/my_action_interface/share/my_action_interface/environment/pythonpath.dsv
[1.800s] -- Up-to-date: /home/za1van/ros2_ws/src/install/my_action_interface/lib/python3.12/site-packages/my_action_interface-0.0.0-py3.12.egg-info
[1.800s] -- Installing: /home/za1van/ros2_ws/src/install/my_action_interface/lib/python3.12/site-packages/my_action_interface-0.0.0-py3.12.egg-info/dependency_links.txt
[1.800s] -- Installing: /home/za1van/ros2_ws/src/install/my_action_interface/lib/python3.12/site-packages/my_action_interface-0.0.0-py3.12.egg-info/PKG-INFO
[1.800s] -- Installing: /home/za1van/ros2_ws/src/install/my_action_interface/lib/python3.12/site-packages/my_action_interface-0.0.0-py3.12.egg-info/top_level.txt
[1.804s] -- Installing: /home/za1van/ros2_ws/src/install/my_action_interface/lib/python3.12/site-packages/my_action_interface-0.0.0-py3.12.egg-info/SOURCES.txt
[1.806s] -- Up-to-date: /home/za1van/ros2_ws/src/install/my_action_interface/lib/python3.12/site-packages/my_action_interface
[1.806s] -- Up-to-date: /home/za1van/ros2_ws/src/install/my_action_interface/lib/python3.12/site-packages/my_action_interface/my_action_interface_s__rosidl_typesupport_c.so
[1.806s] -- Up-to-date: /home/za1van/ros2_ws/src/install/my_action_interface/lib/python3.12/site-packages/my_action_interface/_my_action_interface_s.ep.rosidl_typesupport_c.c
[1.806s] -- Up-to-date: /home/za1van/ros2_ws/src/install/my_action_interface/lib/python3.12/site-packages/my_action_interface/my_action_interface_s__rosidl_typesupport_fastrtps_c.so
[1.806s] -- Up-to-date: /home/za1van/ros2_ws/src/install/my_action_interface/lib/python3.12/site-packages/my_action_interface/_my_action_interface_s.ep.rosidl_typesupport_introspection_c.c
[1.806s] -- Up-to-date: /home/za1van/ros2_ws/src/install/my_action_interface/lib/python3.12/site-packages/my_action_interface/__init__.py
[1.809s] -- Up-to-date: /home/za1van/ros2_ws/src/install/my_action_interface/lib/python3.12/site-packages/my_action_interface/my_action_interface_s__rosidl_typesupport_introspection_c.so
[1.810s] -- Up-to-date: /home/za1van/ros2_ws/src/install/my_action_interface/lib/python3.12/site-packages/my_action_interface/action
[1.810s] -- Up-to-date: /home/za1van/ros2_ws/src/install/my_action_interface/lib/python3.12/site-packages/my_action_interface/action/_move_to.py
[1.810s] -- Up-to-date: /home/za1van/ros2_ws/src/install/my_action_interface/lib/python3.12/site-packages/my_action_interface/action/_summ_calculate.py
[1.810s] -- Up-to-date: /home/za1van/ros2_ws/src/install/my_action_interface/lib/python3.12/site-packages/my_action_interface/action/_summ_calculate_s.c
[1.810s] -- Up-to-date: /home/za1van/ros2_ws/src/install/my_action_interface/lib/python3.12/site-packages/my_action_interface/action/_move_to_s.c
[1.811s] -- Up-to-date: /home/za1van/ros2_ws/src/install/my_action_interface/lib/python3.12/site-packages/my_action_interface/action/__init__.py
[1.811s] -- Up-to-date: /home/za1van/ros2_ws/src/install/my_action_interface/lib/python3.12/site-packages/my_action_interface/_my_action_interface_s.ep.rosidl_typesupport_fastrtps_c.c
[1.983s] Listing '/home/za1van/ros2_ws/src/install/my_action_interface/lib/python3.12/site-packages/my_action_interface'...
[1.983s] Listing '/home/za1van/ros2_ws/src/install/my_action_interface/lib/python3.12/site-packages/my_action_interface/action'...
[1.998s] -- Up-to-date: /home/za1van/ros2_ws/src/install/my_action_interface/lib/python3.12/site-packages/my_action_interface/my_action_interface_s__rosidl_typesupport_fastrtps_c.so
[1.999s] -- Up-to-date: /home/za1van/ros2_ws/src/install/my_action_interface/lib/python3.12/site-packages/my_action_interface/my_action_interface_s__rosidl_typesupport_introspection_c.so
[2.000s] -- Up-to-date: /home/za1van/ros2_ws/src/install/my_action_interface/lib/python3.12/site-packages/my_action_interface/my_action_interface_s__rosidl_typesupport_c.so
[2.001s] -- Up-to-date: /home/za1van/ros2_ws/src/install/my_action_interface/lib/libmy_action_interface__rosidl_generator_py.so
[2.001s] -- Up-to-date: /home/za1van/ros2_ws/src/install/my_action_interface/share/my_action_interface/action/SummCalculate.idl
[2.002s] -- Up-to-date: /home/za1van/ros2_ws/src/install/my_action_interface/share/my_action_interface/action/MoveTo.idl
[2.002s] -- Up-to-date: /home/za1van/ros2_ws/src/install/my_action_interface/share/my_action_interface/action/SummCalculate.action
[2.003s] -- Up-to-date: /home/za1van/ros2_ws/src/install/my_action_interface/share/my_action_interface/action/MoveTo.action
[2.004s] -- Up-to-date: /home/za1van/ros2_ws/src/install/my_action_interface/share/ament_index/resource_index/package_run_dependencies/my_action_interface
[2.004s] -- Up-to-date: /home/za1van/ros2_ws/src/install/my_action_interface/share/ament_index/resource_index/parent_prefix_path/my_action_interface
[2.004s] -- Up-to-date: /home/za1van/ros2_ws/src/install/my_action_interface/share/my_action_interface/environment/ament_prefix_path.sh
[2.004s] -- Up-to-date: /home/za1van/ros2_ws/src/install/my_action_interface/share/my_action_interface/environment/ament_prefix_path.dsv
[2.004s] -- Up-to-date: /home/za1van/ros2_ws/src/install/my_action_interface/share/my_action_interface/environment/path.sh
[2.006s] -- Up-to-date: /home/za1van/ros2_ws/src/install/my_action_interface/share/my_action_interface/environment/path.dsv
[2.006s] -- Up-to-date: /home/za1van/ros2_ws/src/install/my_action_interface/share/my_action_interface/local_setup.bash
[2.006s] -- Up-to-date: /home/za1van/ros2_ws/src/install/my_action_interface/share/my_action_interface/local_setup.sh
[2.006s] -- Up-to-date: /home/za1van/ros2_ws/src/install/my_action_interface/share/my_action_interface/local_setup.zsh
[2.008s] -- Up-to-date: /home/za1van/ros2_ws/src/install/my_action_interface/share/my_action_interface/local_setup.dsv
[2.008s] -- Installing: /home/za1van/ros2_ws/src/install/my_action_interface/share/my_action_interface/package.dsv
[2.008s] -- Up-to-date: /home/za1van/ros2_ws/src/install/my_action_interface/share/ament_index/resource_index/packages/my_action_interface
[2.008s] -- Up-to-date: /home/za1van/ros2_ws/src/install/my_action_interface/share/my_action_interface/cmake/export_my_action_interface__rosidl_generator_cExport.cmake
[2.009s] -- Up-to-date: /home/za1van/ros2_ws/src/install/my_action_interface/share/my_action_interface/cmake/export_my_action_interface__rosidl_generator_cExport-noconfig.cmake
[2.009s] -- Up-to-date: /home/za1van/ros2_ws/src/install/my_action_interface/share/my_action_interface/cmake/export_my_action_interface__rosidl_typesupport_fastrtps_cExport.cmake
[2.009s] -- Up-to-date: /home/za1van/ros2_ws/src/install/my_action_interface/share/my_action_interface/cmake/export_my_action_interface__rosidl_typesupport_fastrtps_cExport-noconfig.cmake
[2.009s] -- Up-to-date: /home/za1van/ros2_ws/src/install/my_action_interface/share/my_action_interface/cmake/my_action_interface__rosidl_typesupport_introspection_cExport.cmake
[2.009s] -- Up-to-date: /home/za1van/ros2_ws/src/install/my_action_interface/share/my_action_interface/cmake/my_action_interface__rosidl_typesupport_introspection_cExport-noconfig.cmake
[2.012s] -- Up-to-date: /home/za1van/ros2_ws/src/install/my_action_interface/share/my_action_interface/cmake/my_action_interface__rosidl_typesupport_cExport.cmake
[2.012s] -- Up-to-date: /home/za1van/ros2_ws/src/install/my_action_interface/share/my_action_interface/cmake/my_action_interface__rosidl_typesupport_cExport-noconfig.cmake
[2.012s] -- Up-to-date: /home/za1van/ros2_ws/src/install/my_action_interface/share/my_action_interface/cmake/export_my_action_interface__rosidl_generator_cppExport.cmake
[2.012s] -- Up-to-date: /home/za1van/ros2_ws/src/install/my_action_interface/share/my_action_interface/cmake/export_my_action_interface__rosidl_typesupport_fastrtps_cppExport.cmake
[2.012s] -- Up-to-date: /home/za1van/ros2_ws/src/install/my_action_interface/share/my_action_interface/cmake/export_my_action_interface__rosidl_typesupport_fastrtps_cppExport-noconfig.cmake
[2.014s] -- Up-to-date: /home/za1van/ros2_ws/src/install/my_action_interface/share/my_action_interface/cmake/my_action_interface__rosidl_typesupport_introspection_cppExport.cmake
[2.014s] -- Up-to-date: /home/za1van/ros2_ws/src/install/my_action_interface/share/my_action_interface/cmake/my_action_interface__rosidl_typesupport_introspection_cppExport-noconfig.cmake
[2.014s] -- Up-to-date: /home/za1van/ros2_ws/src/install/my_action_interface/share/my_action_interface/cmake/my_action_interface__rosidl_typesupport_cppExport.cmake
[2.014s] -- Up-to-date: /home/za1van/ros2_ws/src/install/my_action_interface/share/my_action_interface/cmake/my_action_interface__rosidl_typesupport_cppExport-noconfig.cmake
[2.015s] -- Up-to-date: /home/za1van/ros2_ws/src/install/my_action_interface/share/my_action_interface/cmake/export_my_action_interface__rosidl_generator_pyExport.cmake
[2.015s] -- Up-to-date: /home/za1van/ros2_ws/src/install/my_action_interface/share/my_action_interface/cmake/export_my_action_interface__rosidl_generator_pyExport-noconfig.cmake
[2.016s] -- Up-to-date: /home/za1van/ros2_ws/src/install/my_action_interface/share/my_action_interface/cmake/rosidl_cmake-extras.cmake
[2.016s] -- Up-to-date: /home/za1van/ros2_ws/src/install/my_action_interface/share/my_action_interface/cmake/ament_cmake_export_dependencies-extras.cmake
[2.016s] -- Up-to-date: /home/za1van/ros2_ws/src/install/my_action_interface/share/my_action_interface/cmake/ament_cmake_export_include_directories-extras.cmake
[2.016s] -- Up-to-date: /home/za1van/ros2_ws/src/install/my_action_interface/share/my_action_interface/cmake/ament_cmake_export_libraries-extras.cmake
[2.016s] -- Up-to-date: /home/za1van/ros2_ws/src/install/my_action_interface/share/my_action_interface/cmake/ament_cmake_export_targets-extras.cmake
[2.018s] -- Up-to-date: /home/za1van/ros2_ws/src/install/my_action_interface/share/my_action_interface/cmake/rosidl_cmake_export_typesupport_targets-extras.cmake
[2.020s] -- Up-to-date: /home/za1van/ros2_ws/src/install/my_action_interface/share/my_action_interface/cmake/rosidl_cmake_export_typesupport_libraries-extras.cmake
[2.020s] -- Up-to-date: /home/za1van/ros2_ws/src/install/my_action_interface/share/my_action_interface/cmake/my_action_interfaceConfig.cmake
[2.020s] -- Up-to-date: /home/za1van/ros2_ws/src/install/my_action_interface/share/my_action_interface/cmake/my_action_interfaceConfig-version.cmake
[2.020s] -- Up-to-date: /home/za1van/ros2_ws/src/install/my_action_interface/share/my_action_interface/package.xml
[2.020s] Invoked command in '/home/za1van/ros2_ws/src/build/my_action_interface' returned '0': CMAKE_PREFIX_PATH=${CMAKE_PREFIX_PATH}:/home/za1van/ros2_ws/src/install/my_turtle_controller:/home/za1van/ros2_ws/src/install/my_service_server:/home/za1van/ros2_ws/src/install/my_service_client:/home/za1van/ros2_ws/src/install/3t:/home/za1van/ros2_ws/install/my_calculate_action:/home/za1van/ros2_ws/install/my_turtle_controller:/home/za1van/ros2_ws/install/my_service_server:/home/za1van/ros2_ws/install/my_service_client:/home/za1van/ros2_ws/install/my_project_start:/home/za1van/ros2_ws/install/3t:/opt/ros/jazzy DEBUGINFOD_URLS=https://debuginfod.ubuntu.com /usr/bin/cmake --install /home/za1van/ros2_ws/src/build/my_action_interface
