[2.591s] Invoking command in '/home/za1van/ros2_ws/src/my_turtle_controller': DEBUGINFOD_URLS=https://debuginfod.ubuntu.com PYTHONPATH=/home/za1van/ros2_ws/build/my_turtle_controller/prefix_override:/usr/lib/python3/dist-packages/colcon_core/task/python/colcon_distutils_commands:/home/za1van/ros2_ws/install/my_turtle_controller/lib/python3.12/site-packages:${PYTHONPATH} /usr/bin/python3 -W ignore:setup.py install is deprecated -W ignore:easy_install command is deprecated setup.py egg_info --egg-base ../../build/my_turtle_controller build --build-base /home/za1van/ros2_ws/build/my_turtle_controller/build install --record /home/za1van/ros2_ws/build/my_turtle_controller/install.log --single-version-externally-managed install_data
[3.610s] running egg_info
[3.688s] writing ../../build/my_turtle_controller/my_turtle_controller.egg-info/PKG-INFO
[3.690s] writing dependency_links to ../../build/my_turtle_controller/my_turtle_controller.egg-info/dependency_links.txt
[3.690s] writing entry points to ../../build/my_turtle_controller/my_turtle_controller.egg-info/entry_points.txt
[3.690s] writing requirements to ../../build/my_turtle_controller/my_turtle_controller.egg-info/requires.txt
[3.692s] writing top-level names to ../../build/my_turtle_controller/my_turtle_controller.egg-info/top_level.txt
[3.798s] reading manifest file '../../build/my_turtle_controller/my_turtle_controller.egg-info/SOURCES.txt'
[3.800s] writing manifest file '../../build/my_turtle_controller/my_turtle_controller.egg-info/SOURCES.txt'
[3.800s] running build
[3.802s] running build_py
[3.802s] running install
[3.811s] running install_lib
[3.857s] running install_data
[3.858s] copying launch/follow_with_teleop.launch.py -> /home/za1van/ros2_ws/install/my_turtle_controller/share/my_turtle_controller/launch
[3.858s] running install_egg_info
[3.896s] removing '/home/za1van/ros2_ws/install/my_turtle_controller/lib/python3.12/site-packages/my_turtle_controller-0.0.0-py3.12.egg-info' (and everything under it)
[3.898s] Copying ../../build/my_turtle_controller/my_turtle_controller.egg-info to /home/za1van/ros2_ws/install/my_turtle_controller/lib/python3.12/site-packages/my_turtle_controller-0.0.0-py3.12.egg-info
[3.899s] running install_scripts
[4.231s] Installing turtle_figure8 script to /home/za1van/ros2_ws/install/my_turtle_controller/lib/my_turtle_controller
[4.233s] Installing turtle_follower_spawner script to /home/za1van/ros2_ws/install/my_turtle_controller/lib/my_turtle_controller
[4.233s] Installing turtle_mover script to /home/za1van/ros2_ws/install/my_turtle_controller/lib/my_turtle_controller
[4.234s] Installing turtle_pose_follower script to /home/za1van/ros2_ws/install/my_turtle_controller/lib/my_turtle_controller
[4.234s] writing list of installed files to '/home/za1van/ros2_ws/build/my_turtle_controller/install.log'
[4.291s] Invoked command in '/home/za1van/ros2_ws/src/my_turtle_controller' returned '0': DEBUGINFOD_URLS=https://debuginfod.ubuntu.com PYTHONPATH=/home/za1van/ros2_ws/build/my_turtle_controller/prefix_override:/usr/lib/python3/dist-packages/colcon_core/task/python/colcon_distutils_commands:/home/za1van/ros2_ws/install/my_turtle_controller/lib/python3.12/site-packages:${PYTHONPATH} /usr/bin/python3 -W ignore:setup.py install is deprecated -W ignore:easy_install command is deprecated setup.py egg_info --egg-base ../../build/my_turtle_controller build --build-base /home/za1van/ros2_ws/build/my_turtle_controller/build install --record /home/za1van/ros2_ws/build/my_turtle_controller/install.log --single-version-externally-managed install_data
