[0.205s] DEBUG:colcon:Command line arguments: ['/usr/bin/colcon', 'build', '--packages-select', 'turtle_dekart_control_interface']
[0.205s] DEBUG:colcon:Parsed command line arguments: Namespace(log_base=None, log_level=None, verb_name='build', build_base='build', install_base='install', merge_install=False, symlink_install=False, test_result_base=None, continue_on_error=False, executor='parallel', parallel_workers=4, event_handlers=None, ignore_user_meta=False, metas=['./colcon.meta'], base_paths=['.'], packages_ignore=None, packages_ignore_regex=None, paths=None, packages_up_to=None, packages_up_to_regex=None, packages_above=None, packages_above_and_dependencies=None, packages_above_depth=None, packages_select_by_dep=None, packages_skip_by_dep=None, packages_skip_up_to=None, packages_select_build_failed=False, packages_skip_build_finished=False, packages_select_test_failures=False, packages_skip_test_passed=False, packages_select=['turtle_dekart_control_interface'], packages_skip=None, packages_select_regex=None, packages_skip_regex=None, packages_start=None, packages_end=None, allow_overriding=[], cmake_args=None, cmake_target=None, cmake_target_skip_unavailable=False, cmake_clean_cache=False, cmake_clean_first=False, cmake_force_configure=False, ament_cmake_args=None, catkin_cmake_args=None, catkin_skip_building_tests=False, verb_parser=<colcon_defaults.argument_parser.defaults.DefaultArgumentsDecorator object at 0x75cd08e54260>, verb_extension=<colcon_core.verb.build.BuildVerb object at 0x75cd08e2fda0>, main=<bound method BuildVerb.main of <colcon_core.verb.build.BuildVerb object at 0x75cd08e2fda0>>)
[0.257s] Level 1:colcon.colcon_core.package_discovery:discover_packages(colcon_meta) check parameters
[0.257s] Level 1:colcon.colcon_core.package_discovery:discover_packages(recursive) check parameters
[0.257s] Level 1:colcon.colcon_core.package_discovery:discover_packages(ignore) check parameters
[0.257s] Level 1:colcon.colcon_core.package_discovery:discover_packages(path) check parameters
[0.257s] Level 1:colcon.colcon_core.package_discovery:discover_packages(colcon_meta) discover
[0.257s] Level 1:colcon.colcon_core.package_discovery:discover_packages(recursive) discover
[0.257s] INFO:colcon.colcon_core.package_discovery:Crawling recursively for packages in '/home/za1van/ros2_ws/src'
[0.257s] Level 1:colcon.colcon_core.package_identification:_identify(.) by extensions ['ignore', 'ignore_ament_install']
[0.257s] Level 1:colcon.colcon_core.package_identification:_identify(.) by extension 'ignore'
[0.257s] Level 1:colcon.colcon_core.package_identification:_identify(.) by extension 'ignore_ament_install'
[0.257s] Level 1:colcon.colcon_core.package_identification:_identify(.) by extensions ['colcon_pkg']
[0.257s] Level 1:colcon.colcon_core.package_identification:_identify(.) by extension 'colcon_pkg'
[0.258s] Level 1:colcon.colcon_core.package_identification:_identify(.) by extensions ['colcon_meta']
[0.258s] Level 1:colcon.colcon_core.package_identification:_identify(.) by extension 'colcon_meta'
[0.258s] Level 1:colcon.colcon_core.package_identification:_identify(.) by extensions ['ros']
[0.258s] Level 1:colcon.colcon_core.package_identification:_identify(.) by extension 'ros'
[0.292s] Level 1:colcon.colcon_core.package_identification:_identify(.) by extensions ['cmake', 'python']
[0.292s] Level 1:colcon.colcon_core.package_identification:_identify(.) by extension 'cmake'
[0.292s] Level 1:colcon.colcon_core.package_identification:_identify(.) by extension 'python'
[0.292s] Level 1:colcon.colcon_core.package_identification:_identify(.) by extensions ['python_setup_py']
[0.292s] Level 1:colcon.colcon_core.package_identification:_identify(.) by extension 'python_setup_py'
[0.292s] Level 1:colcon.colcon_core.package_identification:_identify(3t) by extensions ['ignore', 'ignore_ament_install']
[0.292s] Level 1:colcon.colcon_core.package_identification:_identify(3t) by extension 'ignore'
[0.292s] Level 1:colcon.colcon_core.package_identification:_identify(3t) by extension 'ignore_ament_install'
[0.292s] Level 1:colcon.colcon_core.package_identification:_identify(3t) by extensions ['colcon_pkg']
[0.293s] Level 1:colcon.colcon_core.package_identification:_identify(3t) by extension 'colcon_pkg'
[0.293s] Level 1:colcon.colcon_core.package_identification:_identify(3t) by extensions ['colcon_meta']
[0.293s] Level 1:colcon.colcon_core.package_identification:_identify(3t) by extension 'colcon_meta'
[0.293s] Level 1:colcon.colcon_core.package_identification:_identify(3t) by extensions ['ros']
[0.293s] Level 1:colcon.colcon_core.package_identification:_identify(3t) by extension 'ros'
[0.295s] DEBUG:colcon.colcon_core.package_identification:Package '3t' with type 'ros.ament_python' and name '3t'
[0.296s] Level 1:colcon.colcon_core.package_identification:_identify(build) by extensions ['ignore', 'ignore_ament_install']
[0.296s] Level 1:colcon.colcon_core.package_identification:_identify(build) by extension 'ignore'
[0.296s] Level 1:colcon.colcon_core.package_identification:_identify(build) ignored
[0.296s] Level 1:colcon.colcon_core.package_identification:_identify(install) by extensions ['ignore', 'ignore_ament_install']
[0.296s] Level 1:colcon.colcon_core.package_identification:_identify(install) by extension 'ignore'
[0.296s] Level 1:colcon.colcon_core.package_identification:_identify(install) ignored
[0.296s] Level 1:colcon.colcon_core.package_identification:_identify(log) by extensions ['ignore', 'ignore_ament_install']
[0.296s] Level 1:colcon.colcon_core.package_identification:_identify(log) by extension 'ignore'
[0.297s] Level 1:colcon.colcon_core.package_identification:_identify(log) ignored
[0.297s] Level 1:colcon.colcon_core.package_identification:_identify(my_action_interface) by extensions ['ignore', 'ignore_ament_install']
[0.297s] Level 1:colcon.colcon_core.package_identification:_identify(my_action_interface) by extension 'ignore'
[0.297s] Level 1:colcon.colcon_core.package_identification:_identify(my_action_interface) by extension 'ignore_ament_install'
[0.297s] Level 1:colcon.colcon_core.package_identification:_identify(my_action_interface) by extensions ['colcon_pkg']
[0.297s] Level 1:colcon.colcon_core.package_identification:_identify(my_action_interface) by extension 'colcon_pkg'
[0.297s] Level 1:colcon.colcon_core.package_identification:_identify(my_action_interface) by extensions ['colcon_meta']
[0.297s] Level 1:colcon.colcon_core.package_identification:_identify(my_action_interface) by extension 'colcon_meta'
[0.297s] Level 1:colcon.colcon_core.package_identification:_identify(my_action_interface) by extensions ['ros']
[0.297s] Level 1:colcon.colcon_core.package_identification:_identify(my_action_interface) by extension 'ros'
[0.298s] DEBUG:colcon.colcon_core.package_identification:Package 'my_action_interface' with type 'ros.ament_cmake' and name 'my_action_interface'
[0.298s] Level 1:colcon.colcon_core.package_identification:_identify(my_calculate_action) by extensions ['ignore', 'ignore_ament_install']
[0.298s] Level 1:colcon.colcon_core.package_identification:_identify(my_calculate_action) by extension 'ignore'
[0.298s] Level 1:colcon.colcon_core.package_identification:_identify(my_calculate_action) by extension 'ignore_ament_install'
[0.298s] Level 1:colcon.colcon_core.package_identification:_identify(my_calculate_action) by extensions ['colcon_pkg']
[0.298s] Level 1:colcon.colcon_core.package_identification:_identify(my_calculate_action) by extension 'colcon_pkg'
[0.298s] Level 1:colcon.colcon_core.package_identification:_identify(my_calculate_action) by extensions ['colcon_meta']
[0.298s] Level 1:colcon.colcon_core.package_identification:_identify(my_calculate_action) by extension 'colcon_meta'
[0.298s] Level 1:colcon.colcon_core.package_identification:_identify(my_calculate_action) by extensions ['ros']
[0.298s] Level 1:colcon.colcon_core.package_identification:_identify(my_calculate_action) by extension 'ros'
[0.299s] DEBUG:colcon.colcon_core.package_identification:Package 'my_calculate_action' with type 'ros.ament_python' and name 'my_calculate_action'
[0.299s] Level 1:colcon.colcon_core.package_identification:_identify(my_custom_interface) by extensions ['ignore', 'ignore_ament_install']
[0.299s] Level 1:colcon.colcon_core.package_identification:_identify(my_custom_interface) by extension 'ignore'
[0.299s] Level 1:colcon.colcon_core.package_identification:_identify(my_custom_interface) by extension 'ignore_ament_install'
[0.300s] Level 1:colcon.colcon_core.package_identification:_identify(my_custom_interface) by extensions ['colcon_pkg']
[0.300s] Level 1:colcon.colcon_core.package_identification:_identify(my_custom_interface) by extension 'colcon_pkg'
[0.300s] Level 1:colcon.colcon_core.package_identification:_identify(my_custom_interface) by extensions ['colcon_meta']
[0.300s] Level 1:colcon.colcon_core.package_identification:_identify(my_custom_interface) by extension 'colcon_meta'
[0.300s] Level 1:colcon.colcon_core.package_identification:_identify(my_custom_interface) by extensions ['ros']
[0.300s] Level 1:colcon.colcon_core.package_identification:_identify(my_custom_interface) by extension 'ros'
[0.300s] DEBUG:colcon.colcon_core.package_identification:Package 'my_custom_interface' with type 'ros.ament_cmake' and name 'my_custom_interface'
[0.301s] Level 1:colcon.colcon_core.package_identification:_identify(my_project_start) by extensions ['ignore', 'ignore_ament_install']
[0.301s] Level 1:colcon.colcon_core.package_identification:_identify(my_project_start) by extension 'ignore'
[0.301s] Level 1:colcon.colcon_core.package_identification:_identify(my_project_start) by extension 'ignore_ament_install'
[0.301s] Level 1:colcon.colcon_core.package_identification:_identify(my_project_start) by extensions ['colcon_pkg']
[0.301s] Level 1:colcon.colcon_core.package_identification:_identify(my_project_start) by extension 'colcon_pkg'
[0.301s] Level 1:colcon.colcon_core.package_identification:_identify(my_project_start) by extensions ['colcon_meta']
[0.301s] Level 1:colcon.colcon_core.package_identification:_identify(my_project_start) by extension 'colcon_meta'
[0.301s] Level 1:colcon.colcon_core.package_identification:_identify(my_project_start) by extensions ['ros']
[0.301s] Level 1:colcon.colcon_core.package_identification:_identify(my_project_start) by extension 'ros'
[0.302s] DEBUG:colcon.colcon_core.package_identification:Package 'my_project_start' with type 'ros.ament_python' and name 'my_project_start'
[0.303s] Level 1:colcon.colcon_core.package_identification:_identify(my_service_client) by extensions ['ignore', 'ignore_ament_install']
[0.303s] Level 1:colcon.colcon_core.package_identification:_identify(my_service_client) by extension 'ignore'
[0.303s] Level 1:colcon.colcon_core.package_identification:_identify(my_service_client) by extension 'ignore_ament_install'
[0.303s] Level 1:colcon.colcon_core.package_identification:_identify(my_service_client) by extensions ['colcon_pkg']
[0.303s] Level 1:colcon.colcon_core.package_identification:_identify(my_service_client) by extension 'colcon_pkg'
[0.303s] Level 1:colcon.colcon_core.package_identification:_identify(my_service_client) by extensions ['colcon_meta']
[0.303s] Level 1:colcon.colcon_core.package_identification:_identify(my_service_client) by extension 'colcon_meta'
[0.303s] Level 1:colcon.colcon_core.package_identification:_identify(my_service_client) by extensions ['ros']
[0.303s] Level 1:colcon.colcon_core.package_identification:_identify(my_service_client) by extension 'ros'
[0.304s] DEBUG:colcon.colcon_core.package_identification:Package 'my_service_client' with type 'ros.ament_python' and name 'my_service_client'
[0.304s] Level 1:colcon.colcon_core.package_identification:_identify(my_service_interfaces) by extensions ['ignore', 'ignore_ament_install']
[0.304s] Level 1:colcon.colcon_core.package_identification:_identify(my_service_interfaces) by extension 'ignore'
[0.305s] Level 1:colcon.colcon_core.package_identification:_identify(my_service_interfaces) by extension 'ignore_ament_install'
[0.305s] Level 1:colcon.colcon_core.package_identification:_identify(my_service_interfaces) by extensions ['colcon_pkg']
[0.305s] Level 1:colcon.colcon_core.package_identification:_identify(my_service_interfaces) by extension 'colcon_pkg'
[0.305s] Level 1:colcon.colcon_core.package_identification:_identify(my_service_interfaces) by extensions ['colcon_meta']
[0.305s] Level 1:colcon.colcon_core.package_identification:_identify(my_service_interfaces) by extension 'colcon_meta'
[0.305s] Level 1:colcon.colcon_core.package_identification:_identify(my_service_interfaces) by extensions ['ros']
[0.305s] Level 1:colcon.colcon_core.package_identification:_identify(my_service_interfaces) by extension 'ros'
[0.306s] DEBUG:colcon.colcon_core.package_identification:Package 'my_service_interfaces' with type 'ros.ament_cmake' and name 'my_service_interfaces'
[0.306s] Level 1:colcon.colcon_core.package_identification:_identify(my_service_server) by extensions ['ignore', 'ignore_ament_install']
[0.306s] Level 1:colcon.colcon_core.package_identification:_identify(my_service_server) by extension 'ignore'
[0.306s] Level 1:colcon.colcon_core.package_identification:_identify(my_service_server) by extension 'ignore_ament_install'
[0.306s] Level 1:colcon.colcon_core.package_identification:_identify(my_service_server) by extensions ['colcon_pkg']
[0.306s] Level 1:colcon.colcon_core.package_identification:_identify(my_service_server) by extension 'colcon_pkg'
[0.306s] Level 1:colcon.colcon_core.package_identification:_identify(my_service_server) by extensions ['colcon_meta']
[0.306s] Level 1:colcon.colcon_core.package_identification:_identify(my_service_server) by extension 'colcon_meta'
[0.306s] Level 1:colcon.colcon_core.package_identification:_identify(my_service_server) by extensions ['ros']
[0.306s] Level 1:colcon.colcon_core.package_identification:_identify(my_service_server) by extension 'ros'
[0.307s] DEBUG:colcon.colcon_core.package_identification:Package 'my_service_server' with type 'ros.ament_python' and name 'my_service_server'
[0.307s] Level 1:colcon.colcon_core.package_identification:_identify(my_turtle_controller) by extensions ['ignore', 'ignore_ament_install']
[0.308s] Level 1:colcon.colcon_core.package_identification:_identify(my_turtle_controller) by extension 'ignore'
[0.308s] Level 1:colcon.colcon_core.package_identification:_identify(my_turtle_controller) by extension 'ignore_ament_install'
[0.308s] Level 1:colcon.colcon_core.package_identification:_identify(my_turtle_controller) by extensions ['colcon_pkg']
[0.308s] Level 1:colcon.colcon_core.package_identification:_identify(my_turtle_controller) by extension 'colcon_pkg'
[0.308s] Level 1:colcon.colcon_core.package_identification:_identify(my_turtle_controller) by extensions ['colcon_meta']
[0.308s] Level 1:colcon.colcon_core.package_identification:_identify(my_turtle_controller) by extension 'colcon_meta'
[0.308s] Level 1:colcon.colcon_core.package_identification:_identify(my_turtle_controller) by extensions ['ros']
[0.308s] Level 1:colcon.colcon_core.package_identification:_identify(my_turtle_controller) by extension 'ros'
[0.309s] DEBUG:colcon.colcon_core.package_identification:Package 'my_turtle_controller' with type 'ros.ament_python' and name 'my_turtle_controller'
[0.310s] Level 1:colcon.colcon_core.package_identification:_identify(turtle_dekart_control_interface) by extensions ['ignore', 'ignore_ament_install']
[0.310s] Level 1:colcon.colcon_core.package_identification:_identify(turtle_dekart_control_interface) by extension 'ignore'
[0.310s] Level 1:colcon.colcon_core.package_identification:_identify(turtle_dekart_control_interface) by extension 'ignore_ament_install'
[0.310s] Level 1:colcon.colcon_core.package_identification:_identify(turtle_dekart_control_interface) by extensions ['colcon_pkg']
[0.310s] Level 1:colcon.colcon_core.package_identification:_identify(turtle_dekart_control_interface) by extension 'colcon_pkg'
[0.310s] Level 1:colcon.colcon_core.package_identification:_identify(turtle_dekart_control_interface) by extensions ['colcon_meta']
[0.310s] Level 1:colcon.colcon_core.package_identification:_identify(turtle_dekart_control_interface) by extension 'colcon_meta'
[0.311s] Level 1:colcon.colcon_core.package_identification:_identify(turtle_dekart_control_interface) by extensions ['ros']
[0.311s] Level 1:colcon.colcon_core.package_identification:_identify(turtle_dekart_control_interface) by extension 'ros'
[0.312s] DEBUG:colcon.colcon_core.package_identification:Package 'turtle_dekart_control_interface' with type 'ros.ament_cmake' and name 'turtle_dekart_control_interface'
[0.312s] Level 1:colcon.colcon_core.package_discovery:discover_packages(recursive) using defaults
[0.312s] Level 1:colcon.colcon_core.package_discovery:discover_packages(ignore) discover
[0.312s] Level 1:colcon.colcon_core.package_discovery:discover_packages(ignore) using defaults
[0.312s] Level 1:colcon.colcon_core.package_discovery:discover_packages(path) discover
[0.312s] Level 1:colcon.colcon_core.package_discovery:discover_packages(path) using defaults
[0.344s] INFO:colcon.colcon_core.package_selection:Skipping not selected package '3t' in '3t'
[0.344s] INFO:colcon.colcon_core.package_selection:Skipping not selected package 'my_action_interface' in 'my_action_interface'
[0.344s] INFO:colcon.colcon_core.package_selection:Skipping not selected package 'my_calculate_action' in 'my_calculate_action'
[0.344s] INFO:colcon.colcon_core.package_selection:Skipping not selected package 'my_custom_interface' in 'my_custom_interface'
[0.344s] INFO:colcon.colcon_core.package_selection:Skipping not selected package 'my_project_start' in 'my_project_start'
[0.344s] INFO:colcon.colcon_core.package_selection:Skipping not selected package 'my_service_interfaces' in 'my_service_interfaces'
[0.344s] INFO:colcon.colcon_core.package_selection:Skipping not selected package 'my_service_server' in 'my_service_server'
[0.344s] INFO:colcon.colcon_core.package_selection:Skipping not selected package 'my_turtle_controller' in 'my_turtle_controller'
[0.344s] INFO:colcon.colcon_core.package_selection:Skipping not selected package 'my_service_client' in 'my_service_client'
[0.345s] Level 1:colcon.colcon_core.package_discovery:discover_packages(prefix_path) check parameters
[0.345s] Level 1:colcon.colcon_core.package_discovery:discover_packages(prefix_path) discover
[0.348s] DEBUG:colcon.colcon_installed_package_information.package_discovery:Found 9 installed packages in /home/za1van/ros2_ws/install
[0.350s] DEBUG:colcon.colcon_installed_package_information.package_discovery:Found 290 installed packages in /opt/ros/jazzy
[0.352s] Level 1:colcon.colcon_core.package_discovery:discover_packages(prefix_path) using defaults
[0.412s] Level 5:colcon.colcon_core.verb:set package 'turtle_dekart_control_interface' build argument 'cmake_args' from command line to 'None'
[0.412s] Level 5:colcon.colcon_core.verb:set package 'turtle_dekart_control_interface' build argument 'cmake_target' from command line to 'None'
[0.412s] Level 5:colcon.colcon_core.verb:set package 'turtle_dekart_control_interface' build argument 'cmake_target_skip_unavailable' from command line to 'False'
[0.412s] Level 5:colcon.colcon_core.verb:set package 'turtle_dekart_control_interface' build argument 'cmake_clean_cache' from command line to 'False'
[0.412s] Level 5:colcon.colcon_core.verb:set package 'turtle_dekart_control_interface' build argument 'cmake_clean_first' from command line to 'False'
[0.412s] Level 5:colcon.colcon_core.verb:set package 'turtle_dekart_control_interface' build argument 'cmake_force_configure' from command line to 'False'
[0.413s] Level 5:colcon.colcon_core.verb:set package 'turtle_dekart_control_interface' build argument 'ament_cmake_args' from command line to 'None'
[0.413s] Level 5:colcon.colcon_core.verb:set package 'turtle_dekart_control_interface' build argument 'catkin_cmake_args' from command line to 'None'
[0.413s] Level 5:colcon.colcon_core.verb:set package 'turtle_dekart_control_interface' build argument 'catkin_skip_building_tests' from command line to 'False'
[0.413s] DEBUG:colcon.colcon_core.verb:Building package 'turtle_dekart_control_interface' with the following arguments: {'ament_cmake_args': None, 'build_base': '/home/za1van/ros2_ws/src/build/turtle_dekart_control_interface', 'catkin_cmake_args': None, 'catkin_skip_building_tests': False, 'cmake_args': None, 'cmake_clean_cache': False, 'cmake_clean_first': False, 'cmake_force_configure': False, 'cmake_target': None, 'cmake_target_skip_unavailable': False, 'install_base': '/home/za1van/ros2_ws/src/install/turtle_dekart_control_interface', 'merge_install': False, 'path': '/home/za1van/ros2_ws/src/turtle_dekart_control_interface', 'symlink_install': False, 'test_result_base': None}
[0.413s] INFO:colcon.colcon_core.executor:Executing jobs using 'parallel' executor
[0.414s] DEBUG:colcon.colcon_parallel_executor.executor.parallel:run_until_complete
[0.414s] INFO:colcon.colcon_ros.task.ament_cmake.build:Building ROS package in '/home/za1van/ros2_ws/src/turtle_dekart_control_interface' with build type 'ament_cmake'
[0.414s] INFO:colcon.colcon_cmake.task.cmake.build:Building CMake package in '/home/za1van/ros2_ws/src/turtle_dekart_control_interface'
[0.418s] INFO:colcon.colcon_core.plugin_system:Skipping extension 'colcon_core.shell.bat': Not used on non-Windows systems
[0.418s] INFO:colcon.colcon_core.shell:Skip shell extension 'powershell' for command environment: Not usable outside of PowerShell
[0.418s] DEBUG:colcon.colcon_core.shell:Skip shell extension 'dsv' for command environment
[0.433s] DEBUG:colcon.colcon_core.event_handler.log_command:Invoking command in '/home/za1van/ros2_ws/src/build/turtle_dekart_control_interface': CMAKE_PREFIX_PATH=${CMAKE_PREFIX_PATH}:/home/za1van/ros2_ws/install/my_calculate_action:/home/za1van/ros2_ws/install/my_turtle_controller:/home/za1van/ros2_ws/install/my_service_server:/home/za1van/ros2_ws/install/my_service_client:/home/za1van/ros2_ws/install/my_project_start:/home/za1van/ros2_ws/install/3t:/opt/ros/jazzy DEBUGINFOD_URLS=https://debuginfod.ubuntu.com /usr/bin/cmake /home/za1van/ros2_ws/src/turtle_dekart_control_interface -DCMAKE_INSTALL_PREFIX=/home/za1van/ros2_ws/src/install/turtle_dekart_control_interface
[5.806s] DEBUG:colcon.colcon_core.event_handler.log_command:Invoked command in '/home/za1van/ros2_ws/src/build/turtle_dekart_control_interface' returned '0': CMAKE_PREFIX_PATH=${CMAKE_PREFIX_PATH}:/home/za1van/ros2_ws/install/my_calculate_action:/home/za1van/ros2_ws/install/my_turtle_controller:/home/za1van/ros2_ws/install/my_service_server:/home/za1van/ros2_ws/install/my_service_client:/home/za1van/ros2_ws/install/my_project_start:/home/za1van/ros2_ws/install/3t:/opt/ros/jazzy DEBUGINFOD_URLS=https://debuginfod.ubuntu.com /usr/bin/cmake /home/za1van/ros2_ws/src/turtle_dekart_control_interface -DCMAKE_INSTALL_PREFIX=/home/za1van/ros2_ws/src/install/turtle_dekart_control_interface
[5.809s] DEBUG:colcon.colcon_core.event_handler.log_command:Invoking command in '/home/za1van/ros2_ws/src/build/turtle_dekart_control_interface': CMAKE_PREFIX_PATH=${CMAKE_PREFIX_PATH}:/home/za1van/ros2_ws/install/my_calculate_action:/home/za1van/ros2_ws/install/my_turtle_controller:/home/za1van/ros2_ws/install/my_service_server:/home/za1van/ros2_ws/install/my_service_client:/home/za1van/ros2_ws/install/my_project_start:/home/za1van/ros2_ws/install/3t:/opt/ros/jazzy DEBUGINFOD_URLS=https://debuginfod.ubuntu.com /usr/bin/cmake --build /home/za1van/ros2_ws/src/build/turtle_dekart_control_interface -- -j4 -l4
[10.407s] DEBUG:colcon.colcon_core.event_handler.log_command:Invoked command in '/home/za1van/ros2_ws/src/build/turtle_dekart_control_interface' returned '0': CMAKE_PREFIX_PATH=${CMAKE_PREFIX_PATH}:/home/za1van/ros2_ws/install/my_calculate_action:/home/za1van/ros2_ws/install/my_turtle_controller:/home/za1van/ros2_ws/install/my_service_server:/home/za1van/ros2_ws/install/my_service_client:/home/za1van/ros2_ws/install/my_project_start:/home/za1van/ros2_ws/install/3t:/opt/ros/jazzy DEBUGINFOD_URLS=https://debuginfod.ubuntu.com /usr/bin/cmake --build /home/za1van/ros2_ws/src/build/turtle_dekart_control_interface -- -j4 -l4
[10.416s] DEBUG:colcon.colcon_core.event_handler.log_command:Invoking command in '/home/za1van/ros2_ws/src/build/turtle_dekart_control_interface': CMAKE_PREFIX_PATH=${CMAKE_PREFIX_PATH}:/home/za1van/ros2_ws/install/my_calculate_action:/home/za1van/ros2_ws/install/my_turtle_controller:/home/za1van/ros2_ws/install/my_service_server:/home/za1van/ros2_ws/install/my_service_client:/home/za1van/ros2_ws/install/my_project_start:/home/za1van/ros2_ws/install/3t:/opt/ros/jazzy DEBUGINFOD_URLS=https://debuginfod.ubuntu.com /usr/bin/cmake --install /home/za1van/ros2_ws/src/build/turtle_dekart_control_interface
[10.527s] Level 1:colcon.colcon_core.environment:create_environment_scripts_only(turtle_dekart_control_interface)
[10.528s] DEBUG:colcon.colcon_core.event_handler.log_command:Invoked command in '/home/za1van/ros2_ws/src/build/turtle_dekart_control_interface' returned '0': CMAKE_PREFIX_PATH=${CMAKE_PREFIX_PATH}:/home/za1van/ros2_ws/install/my_calculate_action:/home/za1van/ros2_ws/install/my_turtle_controller:/home/za1van/ros2_ws/install/my_service_server:/home/za1van/ros2_ws/install/my_service_client:/home/za1van/ros2_ws/install/my_project_start:/home/za1van/ros2_ws/install/3t:/opt/ros/jazzy DEBUGINFOD_URLS=https://debuginfod.ubuntu.com /usr/bin/cmake --install /home/za1van/ros2_ws/src/build/turtle_dekart_control_interface
[10.531s] Level 1:colcon.colcon_core.environment:checking '/home/za1van/ros2_ws/src/install/turtle_dekart_control_interface' for CMake module files
[10.532s] Level 1:colcon.colcon_core.environment:checking '/home/za1van/ros2_ws/src/install/turtle_dekart_control_interface' for CMake config files
[10.533s] Level 1:colcon.colcon_core.shell:create_environment_hook('turtle_dekart_control_interface', 'cmake_prefix_path')
[10.533s] INFO:colcon.colcon_core.shell:Creating environment hook '/home/za1van/ros2_ws/src/install/turtle_dekart_control_interface/share/turtle_dekart_control_interface/hook/cmake_prefix_path.ps1'
[10.534s] INFO:colcon.colcon_core.shell:Creating environment descriptor '/home/za1van/ros2_ws/src/install/turtle_dekart_control_interface/share/turtle_dekart_control_interface/hook/cmake_prefix_path.dsv'
[10.534s] INFO:colcon.colcon_core.shell:Creating environment hook '/home/za1van/ros2_ws/src/install/turtle_dekart_control_interface/share/turtle_dekart_control_interface/hook/cmake_prefix_path.sh'
[10.535s] Level 1:colcon.colcon_core.environment:checking '/home/za1van/ros2_ws/src/install/turtle_dekart_control_interface/lib'
[10.535s] Level 1:colcon.colcon_core.shell:create_environment_hook('turtle_dekart_control_interface', 'ld_library_path_lib')
[10.535s] INFO:colcon.colcon_core.shell:Creating environment hook '/home/za1van/ros2_ws/src/install/turtle_dekart_control_interface/share/turtle_dekart_control_interface/hook/ld_library_path_lib.ps1'
[10.536s] INFO:colcon.colcon_core.shell:Creating environment descriptor '/home/za1van/ros2_ws/src/install/turtle_dekart_control_interface/share/turtle_dekart_control_interface/hook/ld_library_path_lib.dsv'
[10.536s] INFO:colcon.colcon_core.shell:Creating environment hook '/home/za1van/ros2_ws/src/install/turtle_dekart_control_interface/share/turtle_dekart_control_interface/hook/ld_library_path_lib.sh'
[10.537s] Level 1:colcon.colcon_core.environment:checking '/home/za1van/ros2_ws/src/install/turtle_dekart_control_interface/bin'
[10.537s] Level 1:colcon.colcon_core.environment:checking '/home/za1van/ros2_ws/src/install/turtle_dekart_control_interface/lib/pkgconfig/turtle_dekart_control_interface.pc'
[10.537s] Level 1:colcon.colcon_core.environment:checking '/home/za1van/ros2_ws/src/install/turtle_dekart_control_interface/lib/python3.12/site-packages'
[10.537s] Level 1:colcon.colcon_core.shell:create_environment_hook('turtle_dekart_control_interface', 'pythonpath')
[10.538s] INFO:colcon.colcon_core.shell:Creating environment hook '/home/za1van/ros2_ws/src/install/turtle_dekart_control_interface/share/turtle_dekart_control_interface/hook/pythonpath.ps1'
[10.538s] INFO:colcon.colcon_core.shell:Creating environment descriptor '/home/za1van/ros2_ws/src/install/turtle_dekart_control_interface/share/turtle_dekart_control_interface/hook/pythonpath.dsv'
[10.538s] INFO:colcon.colcon_core.shell:Creating environment hook '/home/za1van/ros2_ws/src/install/turtle_dekart_control_interface/share/turtle_dekart_control_interface/hook/pythonpath.sh'
[10.539s] Level 1:colcon.colcon_core.environment:checking '/home/za1van/ros2_ws/src/install/turtle_dekart_control_interface/bin'
[10.539s] INFO:colcon.colcon_core.shell:Creating package script '/home/za1van/ros2_ws/src/install/turtle_dekart_control_interface/share/turtle_dekart_control_interface/package.ps1'
[10.540s] INFO:colcon.colcon_core.shell:Creating package descriptor '/home/za1van/ros2_ws/src/install/turtle_dekart_control_interface/share/turtle_dekart_control_interface/package.dsv'
[10.541s] INFO:colcon.colcon_core.shell:Creating package script '/home/za1van/ros2_ws/src/install/turtle_dekart_control_interface/share/turtle_dekart_control_interface/package.sh'
[10.542s] INFO:colcon.colcon_core.shell:Creating package script '/home/za1van/ros2_ws/src/install/turtle_dekart_control_interface/share/turtle_dekart_control_interface/package.bash'
[10.542s] INFO:colcon.colcon_core.shell:Creating package script '/home/za1van/ros2_ws/src/install/turtle_dekart_control_interface/share/turtle_dekart_control_interface/package.zsh'
[10.543s] Level 1:colcon.colcon_core.environment:create_file_with_runtime_dependencies(/home/za1van/ros2_ws/src/install/turtle_dekart_control_interface/share/colcon-core/packages/turtle_dekart_control_interface)
[10.544s] Level 1:colcon.colcon_core.environment:create_environment_scripts_only(turtle_dekart_control_interface)
[10.544s] Level 1:colcon.colcon_core.environment:checking '/home/za1van/ros2_ws/src/install/turtle_dekart_control_interface' for CMake module files
[10.545s] Level 1:colcon.colcon_core.environment:checking '/home/za1van/ros2_ws/src/install/turtle_dekart_control_interface' for CMake config files
[10.545s] Level 1:colcon.colcon_core.shell:create_environment_hook('turtle_dekart_control_interface', 'cmake_prefix_path')
[10.545s] INFO:colcon.colcon_core.shell:Creating environment hook '/home/za1van/ros2_ws/src/install/turtle_dekart_control_interface/share/turtle_dekart_control_interface/hook/cmake_prefix_path.ps1'
[10.546s] INFO:colcon.colcon_core.shell:Creating environment descriptor '/home/za1van/ros2_ws/src/install/turtle_dekart_control_interface/share/turtle_dekart_control_interface/hook/cmake_prefix_path.dsv'
[10.546s] INFO:colcon.colcon_core.shell:Creating environment hook '/home/za1van/ros2_ws/src/install/turtle_dekart_control_interface/share/turtle_dekart_control_interface/hook/cmake_prefix_path.sh'
[10.547s] Level 1:colcon.colcon_core.environment:checking '/home/za1van/ros2_ws/src/install/turtle_dekart_control_interface/lib'
[10.547s] Level 1:colcon.colcon_core.shell:create_environment_hook('turtle_dekart_control_interface', 'ld_library_path_lib')
[10.547s] INFO:colcon.colcon_core.shell:Creating environment hook '/home/za1van/ros2_ws/src/install/turtle_dekart_control_interface/share/turtle_dekart_control_interface/hook/ld_library_path_lib.ps1'
[10.548s] INFO:colcon.colcon_core.shell:Creating environment descriptor '/home/za1van/ros2_ws/src/install/turtle_dekart_control_interface/share/turtle_dekart_control_interface/hook/ld_library_path_lib.dsv'
[10.548s] INFO:colcon.colcon_core.shell:Creating environment hook '/home/za1van/ros2_ws/src/install/turtle_dekart_control_interface/share/turtle_dekart_control_interface/hook/ld_library_path_lib.sh'
[10.549s] Level 1:colcon.colcon_core.environment:checking '/home/za1van/ros2_ws/src/install/turtle_dekart_control_interface/bin'
[10.549s] Level 1:colcon.colcon_core.environment:checking '/home/za1van/ros2_ws/src/install/turtle_dekart_control_interface/lib/pkgconfig/turtle_dekart_control_interface.pc'
[10.550s] Level 1:colcon.colcon_core.environment:checking '/home/za1van/ros2_ws/src/install/turtle_dekart_control_interface/lib/python3.12/site-packages'
[10.550s] Level 1:colcon.colcon_core.shell:create_environment_hook('turtle_dekart_control_interface', 'pythonpath')
[10.550s] INFO:colcon.colcon_core.shell:Creating environment hook '/home/za1van/ros2_ws/src/install/turtle_dekart_control_interface/share/turtle_dekart_control_interface/hook/pythonpath.ps1'
[10.551s] INFO:colcon.colcon_core.shell:Creating environment descriptor '/home/za1van/ros2_ws/src/install/turtle_dekart_control_interface/share/turtle_dekart_control_interface/hook/pythonpath.dsv'
[10.552s] INFO:colcon.colcon_core.shell:Creating environment hook '/home/za1van/ros2_ws/src/install/turtle_dekart_control_interface/share/turtle_dekart_control_interface/hook/pythonpath.sh'
[10.553s] Level 1:colcon.colcon_core.environment:checking '/home/za1van/ros2_ws/src/install/turtle_dekart_control_interface/bin'
[10.553s] INFO:colcon.colcon_core.shell:Creating package script '/home/za1van/ros2_ws/src/install/turtle_dekart_control_interface/share/turtle_dekart_control_interface/package.ps1'
[10.555s] INFO:colcon.colcon_core.shell:Creating package descriptor '/home/za1van/ros2_ws/src/install/turtle_dekart_control_interface/share/turtle_dekart_control_interface/package.dsv'
[10.556s] INFO:colcon.colcon_core.shell:Creating package script '/home/za1van/ros2_ws/src/install/turtle_dekart_control_interface/share/turtle_dekart_control_interface/package.sh'
[10.556s] INFO:colcon.colcon_core.shell:Creating package script '/home/za1van/ros2_ws/src/install/turtle_dekart_control_interface/share/turtle_dekart_control_interface/package.bash'
[10.557s] INFO:colcon.colcon_core.shell:Creating package script '/home/za1van/ros2_ws/src/install/turtle_dekart_control_interface/share/turtle_dekart_control_interface/package.zsh'
[10.558s] Level 1:colcon.colcon_core.environment:create_file_with_runtime_dependencies(/home/za1van/ros2_ws/src/install/turtle_dekart_control_interface/share/colcon-core/packages/turtle_dekart_control_interface)
[10.558s] DEBUG:colcon.colcon_parallel_executor.executor.parallel:closing loop
[10.559s] DEBUG:colcon.colcon_parallel_executor.executor.parallel:loop closed
[10.559s] DEBUG:colcon.colcon_parallel_executor.executor.parallel:run_until_complete finished with '0'
[10.559s] DEBUG:colcon.colcon_core.event_reactor:joining thread
[10.574s] INFO:colcon.colcon_core.plugin_system:Skipping extension 'colcon_notification.desktop_notification.terminal_notifier': Not used on non-Darwin systems
[10.574s] INFO:colcon.colcon_core.plugin_system:Skipping extension 'colcon_notification.desktop_notification.win32': Not used on non-Windows systems
[10.574s] INFO:colcon.colcon_notification.desktop_notification:Sending desktop notification using 'notify2'
[10.583s] DEBUG:colcon.colcon_core.event_reactor:joined thread
[10.584s] INFO:colcon.colcon_core.shell:Creating prefix script '/home/za1van/ros2_ws/src/install/local_setup.ps1'
[10.585s] INFO:colcon.colcon_core.shell:Creating prefix util module '/home/za1van/ros2_ws/src/install/_local_setup_util_ps1.py'
[10.588s] INFO:colcon.colcon_core.shell:Creating prefix chain script '/home/za1van/ros2_ws/src/install/setup.ps1'
[10.591s] INFO:colcon.colcon_core.shell:Creating prefix script '/home/za1van/ros2_ws/src/install/local_setup.sh'
[10.592s] INFO:colcon.colcon_core.shell:Creating prefix util module '/home/za1van/ros2_ws/src/install/_local_setup_util_sh.py'
[10.593s] INFO:colcon.colcon_core.shell:Creating prefix chain script '/home/za1van/ros2_ws/src/install/setup.sh'
[10.598s] INFO:colcon.colcon_core.shell:Creating prefix script '/home/za1van/ros2_ws/src/install/local_setup.bash'
[10.599s] INFO:colcon.colcon_core.shell:Creating prefix chain script '/home/za1van/ros2_ws/src/install/setup.bash'
[10.602s] INFO:colcon.colcon_core.shell:Creating prefix script '/home/za1van/ros2_ws/src/install/local_setup.zsh'
[10.603s] INFO:colcon.colcon_core.shell:Creating prefix chain script '/home/za1van/ros2_ws/src/install/setup.zsh'
