[0.066s] Invoking command in '/home/za1van/ros2_ws/src/build/turtle_dekart_control_interface': CMAKE_PREFIX_PATH=${CMAKE_PREFIX_PATH}:/home/za1van/ros2_ws/src/install/my_turtle_controller:/home/za1van/ros2_ws/src/install/my_service_server:/home/za1van/ros2_ws/src/install/my_service_client:/home/za1van/ros2_ws/src/install/3t:/home/za1van/ros2_ws/install/my_calculate_action:/home/za1van/ros2_ws/install/my_turtle_controller:/home/za1van/ros2_ws/install/my_service_server:/home/za1van/ros2_ws/install/my_service_client:/home/za1van/ros2_ws/install/my_project_start:/home/za1van/ros2_ws/install/3t:/opt/ros/jazzy DEBUGINFOD_URLS=https://debuginfod.ubuntu.com /usr/bin/cmake --build /home/za1van/ros2_ws/src/build/turtle_dekart_control_interface -- -j4 -l4
[0.292s] [  2%] Built target turtle_dekart_control_interface__rosidl_generator_type_description
[0.403s] [  2%] Built target ament_cmake_python_copy_turtle_dekart_control_interface
[0.471s] [  5%] Built target turtle_dekart_control_interface__cpp
[1.777s] running egg_info
[1.846s] writing turtle_dekart_control_interface.egg-info/PKG-INFO
[1.846s] writing dependency_links to turtle_dekart_control_interface.egg-info/dependency_links.txt
[1.846s] writing top-level names to turtle_dekart_control_interface.egg-info/top_level.txt
[1.980s] reading manifest file 'turtle_dekart_control_interface.egg-info/SOURCES.txt'
[1.982s] writing manifest file 'turtle_dekart_control_interface.egg-info/SOURCES.txt'
[2.036s] [  5%] Built target ament_cmake_python_build_turtle_dekart_control_interface_egg
[2.077s] [ 20%] Built target turtle_dekart_control_interface__rosidl_generator_c
[2.140s] [ 29%] Built target turtle_dekart_control_interface__rosidl_typesupport_introspection_c
[2.234s] [ 38%] Built target turtle_dekart_control_interface__rosidl_typesupport_introspection_cpp
[2.275s] [ 47%] Built target turtle_dekart_control_interface__rosidl_typesupport_cpp
[2.321s] [ 55%] Built target turtle_dekart_control_interface__rosidl_typesupport_fastrtps_c
[2.368s] [ 64%] Built target turtle_dekart_control_interface__rosidl_typesupport_fastrtps_cpp
[2.411s] [ 73%] Built target turtle_dekart_control_interface__rosidl_typesupport_c
[2.441s] [ 73%] Built target turtle_dekart_control_interface
[2.472s] [ 76%] Built target turtle_dekart_control_interface__py
[2.513s] [ 82%] Built target turtle_dekart_control_interface__rosidl_generator_py
[2.548s] [ 88%] Built target turtle_dekart_control_interface_s__rosidl_typesupport_fastrtps_c
[2.584s] [ 94%] Built target turtle_dekart_control_interface_s__rosidl_typesupport_c
[2.624s] [100%] Built target turtle_dekart_control_interface_s__rosidl_typesupport_introspection_c
[2.847s] Invoked command in '/home/za1van/ros2_ws/src/build/turtle_dekart_control_interface' returned '0': CMAKE_PREFIX_PATH=${CMAKE_PREFIX_PATH}:/home/za1van/ros2_ws/src/install/my_turtle_controller:/home/za1van/ros2_ws/src/install/my_service_server:/home/za1van/ros2_ws/src/install/my_service_client:/home/za1van/ros2_ws/src/install/3t:/home/za1van/ros2_ws/install/my_calculate_action:/home/za1van/ros2_ws/install/my_turtle_controller:/home/za1van/ros2_ws/install/my_service_server:/home/za1van/ros2_ws/install/my_service_client:/home/za1van/ros2_ws/install/my_project_start:/home/za1van/ros2_ws/install/3t:/opt/ros/jazzy DEBUGINFOD_URLS=https://debuginfod.ubuntu.com /usr/bin/cmake --build /home/za1van/ros2_ws/src/build/turtle_dekart_control_interface -- -j4 -l4
[2.849s] Invoking command in '/home/za1van/ros2_ws/src/build/turtle_dekart_control_interface': CMAKE_PREFIX_PATH=${CMAKE_PREFIX_PATH}:/home/za1van/ros2_ws/src/install/my_turtle_controller:/home/za1van/ros2_ws/src/install/my_service_server:/home/za1van/ros2_ws/src/install/my_service_client:/home/za1van/ros2_ws/src/install/3t:/home/za1van/ros2_ws/install/my_calculate_action:/home/za1van/ros2_ws/install/my_turtle_controller:/home/za1van/ros2_ws/install/my_service_server:/home/za1van/ros2_ws/install/my_service_client:/home/za1van/ros2_ws/install/my_project_start:/home/za1van/ros2_ws/install/3t:/opt/ros/jazzy DEBUGINFOD_URLS=https://debuginfod.ubuntu.com /usr/bin/cmake --install /home/za1van/ros2_ws/src/build/turtle_dekart_control_interface
[2.865s] -- Install configuration: ""
[2.865s] -- Up-to-date: /home/za1van/ros2_ws/src/install/turtle_dekart_control_interface/share/ament_index/resource_index/rosidl_interfaces/turtle_dekart_control_interface
[2.866s] -- Up-to-date: /home/za1van/ros2_ws/src/install/turtle_dekart_control_interface/share/turtle_dekart_control_interface/msg/Numbers.json
[2.866s] -- Up-to-date: /home/za1van/ros2_ws/src/install/turtle_dekart_control_interface/include/turtle_dekart_control_interface/turtle_dekart_control_interface
[2.866s] -- Up-to-date: /home/za1van/ros2_ws/src/install/turtle_dekart_control_interface/include/turtle_dekart_control_interface/turtle_dekart_control_interface/msg
[2.866s] -- Up-to-date: /home/za1van/ros2_ws/src/install/turtle_dekart_control_interface/include/turtle_dekart_control_interface/turtle_dekart_control_interface/msg/rosidl_generator_c__visibility_control.h
[2.866s] -- Up-to-date: /home/za1van/ros2_ws/src/install/turtle_dekart_control_interface/include/turtle_dekart_control_interface/turtle_dekart_control_interface/msg/detail
[2.866s] -- Up-to-date: /home/za1van/ros2_ws/src/install/turtle_dekart_control_interface/include/turtle_dekart_control_interface/turtle_dekart_control_interface/msg/detail/numbers__functions.c
[2.866s] -- Up-to-date: /home/za1van/ros2_ws/src/install/turtle_dekart_control_interface/include/turtle_dekart_control_interface/turtle_dekart_control_interface/msg/detail/numbers__struct.h
[2.867s] -- Up-to-date: /home/za1van/ros2_ws/src/install/turtle_dekart_control_interface/include/turtle_dekart_control_interface/turtle_dekart_control_interface/msg/detail/numbers__type_support.c
[2.867s] -- Up-to-date: /home/za1van/ros2_ws/src/install/turtle_dekart_control_interface/include/turtle_dekart_control_interface/turtle_dekart_control_interface/msg/detail/numbers__description.c
[2.867s] -- Up-to-date: /home/za1van/ros2_ws/src/install/turtle_dekart_control_interface/include/turtle_dekart_control_interface/turtle_dekart_control_interface/msg/detail/numbers__type_support.h
[2.867s] -- Up-to-date: /home/za1van/ros2_ws/src/install/turtle_dekart_control_interface/include/turtle_dekart_control_interface/turtle_dekart_control_interface/msg/detail/numbers__functions.h
[2.867s] -- Up-to-date: /home/za1van/ros2_ws/src/install/turtle_dekart_control_interface/include/turtle_dekart_control_interface/turtle_dekart_control_interface/msg/numbers.h
[2.867s] -- Up-to-date: /home/za1van/ros2_ws/src/install/turtle_dekart_control_interface/share/turtle_dekart_control_interface/environment/library_path.sh
[2.876s] -- Up-to-date: /home/za1van/ros2_ws/src/install/turtle_dekart_control_interface/share/turtle_dekart_control_interface/environment/library_path.dsv
[2.876s] -- Up-to-date: /home/za1van/ros2_ws/src/install/turtle_dekart_control_interface/lib/libturtle_dekart_control_interface__rosidl_generator_c.so
[2.876s] -- Up-to-date: /home/za1van/ros2_ws/src/install/turtle_dekart_control_interface/include/turtle_dekart_control_interface/turtle_dekart_control_interface
[2.876s] -- Up-to-date: /home/za1van/ros2_ws/src/install/turtle_dekart_control_interface/include/turtle_dekart_control_interface/turtle_dekart_control_interface/msg
[2.877s] -- Up-to-date: /home/za1van/ros2_ws/src/install/turtle_dekart_control_interface/include/turtle_dekart_control_interface/turtle_dekart_control_interface/msg/rosidl_typesupport_fastrtps_c__visibility_control.h
[2.877s] -- Up-to-date: /home/za1van/ros2_ws/src/install/turtle_dekart_control_interface/include/turtle_dekart_control_interface/turtle_dekart_control_interface/msg/detail
[2.877s] -- Up-to-date: /home/za1van/ros2_ws/src/install/turtle_dekart_control_interface/include/turtle_dekart_control_interface/turtle_dekart_control_interface/msg/detail/numbers__rosidl_typesupport_fastrtps_c.h
[2.877s] -- Up-to-date: /home/za1van/ros2_ws/src/install/turtle_dekart_control_interface/lib/libturtle_dekart_control_interface__rosidl_typesupport_fastrtps_c.so
[2.877s] -- Up-to-date: /home/za1van/ros2_ws/src/install/turtle_dekart_control_interface/include/turtle_dekart_control_interface/turtle_dekart_control_interface
[2.877s] -- Up-to-date: /home/za1van/ros2_ws/src/install/turtle_dekart_control_interface/include/turtle_dekart_control_interface/turtle_dekart_control_interface/msg
[2.877s] -- Up-to-date: /home/za1van/ros2_ws/src/install/turtle_dekart_control_interface/include/turtle_dekart_control_interface/turtle_dekart_control_interface/msg/detail
[2.878s] -- Up-to-date: /home/za1van/ros2_ws/src/install/turtle_dekart_control_interface/include/turtle_dekart_control_interface/turtle_dekart_control_interface/msg/detail/numbers__rosidl_typesupport_introspection_c.h
[2.878s] -- Up-to-date: /home/za1van/ros2_ws/src/install/turtle_dekart_control_interface/include/turtle_dekart_control_interface/turtle_dekart_control_interface/msg/detail/numbers__type_support.c
[2.878s] -- Up-to-date: /home/za1van/ros2_ws/src/install/turtle_dekart_control_interface/include/turtle_dekart_control_interface/turtle_dekart_control_interface/msg/rosidl_typesupport_introspection_c__visibility_control.h
[2.878s] -- Up-to-date: /home/za1van/ros2_ws/src/install/turtle_dekart_control_interface/lib/libturtle_dekart_control_interface__rosidl_typesupport_introspection_c.so
[2.878s] -- Up-to-date: /home/za1van/ros2_ws/src/install/turtle_dekart_control_interface/lib/libturtle_dekart_control_interface__rosidl_typesupport_c.so
[2.878s] -- Up-to-date: /home/za1van/ros2_ws/src/install/turtle_dekart_control_interface/include/turtle_dekart_control_interface/turtle_dekart_control_interface
[2.883s] -- Up-to-date: /home/za1van/ros2_ws/src/install/turtle_dekart_control_interface/include/turtle_dekart_control_interface/turtle_dekart_control_interface/msg
[2.883s] -- Up-to-date: /home/za1van/ros2_ws/src/install/turtle_dekart_control_interface/include/turtle_dekart_control_interface/turtle_dekart_control_interface/msg/rosidl_generator_cpp__visibility_control.hpp
[2.883s] -- Up-to-date: /home/za1van/ros2_ws/src/install/turtle_dekart_control_interface/include/turtle_dekart_control_interface/turtle_dekart_control_interface/msg/numbers.hpp
[2.883s] -- Up-to-date: /home/za1van/ros2_ws/src/install/turtle_dekart_control_interface/include/turtle_dekart_control_interface/turtle_dekart_control_interface/msg/detail
[2.884s] -- Up-to-date: /home/za1van/ros2_ws/src/install/turtle_dekart_control_interface/include/turtle_dekart_control_interface/turtle_dekart_control_interface/msg/detail/numbers__struct.hpp
[2.884s] -- Up-to-date: /home/za1van/ros2_ws/src/install/turtle_dekart_control_interface/include/turtle_dekart_control_interface/turtle_dekart_control_interface/msg/detail/numbers__builder.hpp
[2.884s] -- Up-to-date: /home/za1van/ros2_ws/src/install/turtle_dekart_control_interface/include/turtle_dekart_control_interface/turtle_dekart_control_interface/msg/detail/numbers__type_support.hpp
[2.884s] -- Up-to-date: /home/za1van/ros2_ws/src/install/turtle_dekart_control_interface/include/turtle_dekart_control_interface/turtle_dekart_control_interface/msg/detail/numbers__traits.hpp
[2.884s] -- Up-to-date: /home/za1van/ros2_ws/src/install/turtle_dekart_control_interface/include/turtle_dekart_control_interface/turtle_dekart_control_interface
[2.884s] -- Up-to-date: /home/za1van/ros2_ws/src/install/turtle_dekart_control_interface/include/turtle_dekart_control_interface/turtle_dekart_control_interface/msg
[2.885s] -- Up-to-date: /home/za1van/ros2_ws/src/install/turtle_dekart_control_interface/include/turtle_dekart_control_interface/turtle_dekart_control_interface/msg/rosidl_typesupport_fastrtps_cpp__visibility_control.h
[2.885s] -- Up-to-date: /home/za1van/ros2_ws/src/install/turtle_dekart_control_interface/include/turtle_dekart_control_interface/turtle_dekart_control_interface/msg/detail
[2.885s] -- Up-to-date: /home/za1van/ros2_ws/src/install/turtle_dekart_control_interface/include/turtle_dekart_control_interface/turtle_dekart_control_interface/msg/detail/dds_fastrtps
[2.885s] -- Up-to-date: /home/za1van/ros2_ws/src/install/turtle_dekart_control_interface/include/turtle_dekart_control_interface/turtle_dekart_control_interface/msg/detail/numbers__rosidl_typesupport_fastrtps_cpp.hpp
[2.885s] -- Up-to-date: /home/za1van/ros2_ws/src/install/turtle_dekart_control_interface/lib/libturtle_dekart_control_interface__rosidl_typesupport_fastrtps_cpp.so
[2.885s] -- Up-to-date: /home/za1van/ros2_ws/src/install/turtle_dekart_control_interface/include/turtle_dekart_control_interface/turtle_dekart_control_interface
[2.885s] -- Up-to-date: /home/za1van/ros2_ws/src/install/turtle_dekart_control_interface/include/turtle_dekart_control_interface/turtle_dekart_control_interface/msg
[2.889s] -- Up-to-date: /home/za1van/ros2_ws/src/install/turtle_dekart_control_interface/include/turtle_dekart_control_interface/turtle_dekart_control_interface/msg/detail
[2.890s] -- Up-to-date: /home/za1van/ros2_ws/src/install/turtle_dekart_control_interface/include/turtle_dekart_control_interface/turtle_dekart_control_interface/msg/detail/numbers__rosidl_typesupport_introspection_cpp.hpp
[2.890s] -- Up-to-date: /home/za1van/ros2_ws/src/install/turtle_dekart_control_interface/include/turtle_dekart_control_interface/turtle_dekart_control_interface/msg/detail/numbers__type_support.cpp
[2.890s] -- Up-to-date: /home/za1van/ros2_ws/src/install/turtle_dekart_control_interface/lib/libturtle_dekart_control_interface__rosidl_typesupport_introspection_cpp.so
[2.890s] -- Up-to-date: /home/za1van/ros2_ws/src/install/turtle_dekart_control_interface/lib/libturtle_dekart_control_interface__rosidl_typesupport_cpp.so
[2.890s] -- Up-to-date: /home/za1van/ros2_ws/src/install/turtle_dekart_control_interface/share/turtle_dekart_control_interface/environment/pythonpath.sh
[2.890s] -- Up-to-date: /home/za1van/ros2_ws/src/install/turtle_dekart_control_interface/share/turtle_dekart_control_interface/environment/pythonpath.dsv
[2.891s] -- Up-to-date: /home/za1van/ros2_ws/src/install/turtle_dekart_control_interface/lib/python3.12/site-packages/turtle_dekart_control_interface-0.0.0-py3.12.egg-info
[2.891s] -- Installing: /home/za1van/ros2_ws/src/install/turtle_dekart_control_interface/lib/python3.12/site-packages/turtle_dekart_control_interface-0.0.0-py3.12.egg-info/dependency_links.txt
[2.891s] -- Installing: /home/za1van/ros2_ws/src/install/turtle_dekart_control_interface/lib/python3.12/site-packages/turtle_dekart_control_interface-0.0.0-py3.12.egg-info/PKG-INFO
[2.895s] -- Installing: /home/za1van/ros2_ws/src/install/turtle_dekart_control_interface/lib/python3.12/site-packages/turtle_dekart_control_interface-0.0.0-py3.12.egg-info/top_level.txt
[2.895s] -- Installing: /home/za1van/ros2_ws/src/install/turtle_dekart_control_interface/lib/python3.12/site-packages/turtle_dekart_control_interface-0.0.0-py3.12.egg-info/SOURCES.txt
[2.895s] -- Up-to-date: /home/za1van/ros2_ws/src/install/turtle_dekart_control_interface/lib/python3.12/site-packages/turtle_dekart_control_interface
[2.895s] -- Up-to-date: /home/za1van/ros2_ws/src/install/turtle_dekart_control_interface/lib/python3.12/site-packages/turtle_dekart_control_interface/_turtle_dekart_control_interface_s.ep.rosidl_typesupport_introspection_c.c
[2.895s] -- Up-to-date: /home/za1van/ros2_ws/src/install/turtle_dekart_control_interface/lib/python3.12/site-packages/turtle_dekart_control_interface/turtle_dekart_control_interface_s__rosidl_typesupport_c.so
[2.897s] -- Up-to-date: /home/za1van/ros2_ws/src/install/turtle_dekart_control_interface/lib/python3.12/site-packages/turtle_dekart_control_interface/turtle_dekart_control_interface_s__rosidl_typesupport_introspection_c.so
[2.897s] -- Up-to-date: /home/za1van/ros2_ws/src/install/turtle_dekart_control_interface/lib/python3.12/site-packages/turtle_dekart_control_interface/__init__.py
[2.897s] -- Up-to-date: /home/za1van/ros2_ws/src/install/turtle_dekart_control_interface/lib/python3.12/site-packages/turtle_dekart_control_interface/_turtle_dekart_control_interface_s.ep.rosidl_typesupport_fastrtps_c.c
[2.900s] -- Up-to-date: /home/za1van/ros2_ws/src/install/turtle_dekart_control_interface/lib/python3.12/site-packages/turtle_dekart_control_interface/turtle_dekart_control_interface_s__rosidl_typesupport_fastrtps_c.so
[2.900s] -- Up-to-date: /home/za1van/ros2_ws/src/install/turtle_dekart_control_interface/lib/python3.12/site-packages/turtle_dekart_control_interface/msg
[2.900s] -- Up-to-date: /home/za1van/ros2_ws/src/install/turtle_dekart_control_interface/lib/python3.12/site-packages/turtle_dekart_control_interface/msg/_numbers_s.c
[2.900s] -- Up-to-date: /home/za1van/ros2_ws/src/install/turtle_dekart_control_interface/lib/python3.12/site-packages/turtle_dekart_control_interface/msg/__init__.py
[2.900s] -- Up-to-date: /home/za1van/ros2_ws/src/install/turtle_dekart_control_interface/lib/python3.12/site-packages/turtle_dekart_control_interface/msg/_numbers.py
[2.900s] -- Up-to-date: /home/za1van/ros2_ws/src/install/turtle_dekart_control_interface/lib/python3.12/site-packages/turtle_dekart_control_interface/_turtle_dekart_control_interface_s.ep.rosidl_typesupport_c.c
[3.025s] Listing '/home/za1van/ros2_ws/src/install/turtle_dekart_control_interface/lib/python3.12/site-packages/turtle_dekart_control_interface'...
[3.029s] Listing '/home/za1van/ros2_ws/src/install/turtle_dekart_control_interface/lib/python3.12/site-packages/turtle_dekart_control_interface/msg'...
[3.043s] -- Up-to-date: /home/za1van/ros2_ws/src/install/turtle_dekart_control_interface/lib/python3.12/site-packages/turtle_dekart_control_interface/turtle_dekart_control_interface_s__rosidl_typesupport_fastrtps_c.so
[3.045s] -- Up-to-date: /home/za1van/ros2_ws/src/install/turtle_dekart_control_interface/lib/python3.12/site-packages/turtle_dekart_control_interface/turtle_dekart_control_interface_s__rosidl_typesupport_introspection_c.so
[3.047s] -- Up-to-date: /home/za1van/ros2_ws/src/install/turtle_dekart_control_interface/lib/python3.12/site-packages/turtle_dekart_control_interface/turtle_dekart_control_interface_s__rosidl_typesupport_c.so
[3.049s] -- Up-to-date: /home/za1van/ros2_ws/src/install/turtle_dekart_control_interface/lib/libturtle_dekart_control_interface__rosidl_generator_py.so
[3.049s] -- Up-to-date: /home/za1van/ros2_ws/src/install/turtle_dekart_control_interface/share/turtle_dekart_control_interface/msg/Numbers.idl
[3.052s] -- Up-to-date: /home/za1van/ros2_ws/src/install/turtle_dekart_control_interface/share/turtle_dekart_control_interface/msg/Numbers.msg
[3.052s] -- Up-to-date: /home/za1van/ros2_ws/src/install/turtle_dekart_control_interface/share/ament_index/resource_index/package_run_dependencies/turtle_dekart_control_interface
[3.052s] -- Up-to-date: /home/za1van/ros2_ws/src/install/turtle_dekart_control_interface/share/ament_index/resource_index/parent_prefix_path/turtle_dekart_control_interface
[3.052s] -- Up-to-date: /home/za1van/ros2_ws/src/install/turtle_dekart_control_interface/share/turtle_dekart_control_interface/environment/ament_prefix_path.sh
[3.052s] -- Up-to-date: /home/za1van/ros2_ws/src/install/turtle_dekart_control_interface/share/turtle_dekart_control_interface/environment/ament_prefix_path.dsv
[3.052s] -- Up-to-date: /home/za1van/ros2_ws/src/install/turtle_dekart_control_interface/share/turtle_dekart_control_interface/environment/path.sh
[3.053s] -- Up-to-date: /home/za1van/ros2_ws/src/install/turtle_dekart_control_interface/share/turtle_dekart_control_interface/environment/path.dsv
[3.053s] -- Up-to-date: /home/za1van/ros2_ws/src/install/turtle_dekart_control_interface/share/turtle_dekart_control_interface/local_setup.bash
[3.056s] -- Up-to-date: /home/za1van/ros2_ws/src/install/turtle_dekart_control_interface/share/turtle_dekart_control_interface/local_setup.sh
[3.056s] -- Up-to-date: /home/za1van/ros2_ws/src/install/turtle_dekart_control_interface/share/turtle_dekart_control_interface/local_setup.zsh
[3.057s] -- Up-to-date: /home/za1van/ros2_ws/src/install/turtle_dekart_control_interface/share/turtle_dekart_control_interface/local_setup.dsv
[3.057s] -- Installing: /home/za1van/ros2_ws/src/install/turtle_dekart_control_interface/share/turtle_dekart_control_interface/package.dsv
[3.057s] -- Up-to-date: /home/za1van/ros2_ws/src/install/turtle_dekart_control_interface/share/ament_index/resource_index/packages/turtle_dekart_control_interface
[3.057s] -- Up-to-date: /home/za1van/ros2_ws/src/install/turtle_dekart_control_interface/share/turtle_dekart_control_interface/cmake/export_turtle_dekart_control_interface__rosidl_generator_cExport.cmake
[3.063s] -- Up-to-date: /home/za1van/ros2_ws/src/install/turtle_dekart_control_interface/share/turtle_dekart_control_interface/cmake/export_turtle_dekart_control_interface__rosidl_generator_cExport-noconfig.cmake
[3.063s] -- Up-to-date: /home/za1van/ros2_ws/src/install/turtle_dekart_control_interface/share/turtle_dekart_control_interface/cmake/export_turtle_dekart_control_interface__rosidl_typesupport_fastrtps_cExport.cmake
[3.063s] -- Up-to-date: /home/za1van/ros2_ws/src/install/turtle_dekart_control_interface/share/turtle_dekart_control_interface/cmake/export_turtle_dekart_control_interface__rosidl_typesupport_fastrtps_cExport-noconfig.cmake
[3.063s] -- Up-to-date: /home/za1van/ros2_ws/src/install/turtle_dekart_control_interface/share/turtle_dekart_control_interface/cmake/turtle_dekart_control_interface__rosidl_typesupport_introspection_cExport.cmake
[3.063s] -- Up-to-date: /home/za1van/ros2_ws/src/install/turtle_dekart_control_interface/share/turtle_dekart_control_interface/cmake/turtle_dekart_control_interface__rosidl_typesupport_introspection_cExport-noconfig.cmake
[3.064s] -- Up-to-date: /home/za1van/ros2_ws/src/install/turtle_dekart_control_interface/share/turtle_dekart_control_interface/cmake/turtle_dekart_control_interface__rosidl_typesupport_cExport.cmake
[3.064s] -- Up-to-date: /home/za1van/ros2_ws/src/install/turtle_dekart_control_interface/share/turtle_dekart_control_interface/cmake/turtle_dekart_control_interface__rosidl_typesupport_cExport-noconfig.cmake
[3.064s] -- Up-to-date: /home/za1van/ros2_ws/src/install/turtle_dekart_control_interface/share/turtle_dekart_control_interface/cmake/export_turtle_dekart_control_interface__rosidl_generator_cppExport.cmake
[3.064s] -- Up-to-date: /home/za1van/ros2_ws/src/install/turtle_dekart_control_interface/share/turtle_dekart_control_interface/cmake/export_turtle_dekart_control_interface__rosidl_typesupport_fastrtps_cppExport.cmake
[3.064s] -- Up-to-date: /home/za1van/ros2_ws/src/install/turtle_dekart_control_interface/share/turtle_dekart_control_interface/cmake/export_turtle_dekart_control_interface__rosidl_typesupport_fastrtps_cppExport-noconfig.cmake
[3.064s] -- Up-to-date: /home/za1van/ros2_ws/src/install/turtle_dekart_control_interface/share/turtle_dekart_control_interface/cmake/turtle_dekart_control_interface__rosidl_typesupport_introspection_cppExport.cmake
[3.065s] -- Up-to-date: /home/za1van/ros2_ws/src/install/turtle_dekart_control_interface/share/turtle_dekart_control_interface/cmake/turtle_dekart_control_interface__rosidl_typesupport_introspection_cppExport-noconfig.cmake
[3.065s] -- Up-to-date: /home/za1van/ros2_ws/src/install/turtle_dekart_control_interface/share/turtle_dekart_control_interface/cmake/turtle_dekart_control_interface__rosidl_typesupport_cppExport.cmake
[3.065s] -- Up-to-date: /home/za1van/ros2_ws/src/install/turtle_dekart_control_interface/share/turtle_dekart_control_interface/cmake/turtle_dekart_control_interface__rosidl_typesupport_cppExport-noconfig.cmake
[3.065s] -- Up-to-date: /home/za1van/ros2_ws/src/install/turtle_dekart_control_interface/share/turtle_dekart_control_interface/cmake/export_turtle_dekart_control_interface__rosidl_generator_pyExport.cmake
[3.071s] -- Up-to-date: /home/za1van/ros2_ws/src/install/turtle_dekart_control_interface/share/turtle_dekart_control_interface/cmake/export_turtle_dekart_control_interface__rosidl_generator_pyExport-noconfig.cmake
[3.071s] -- Up-to-date: /home/za1van/ros2_ws/src/install/turtle_dekart_control_interface/share/turtle_dekart_control_interface/cmake/rosidl_cmake-extras.cmake
[3.071s] -- Up-to-date: /home/za1van/ros2_ws/src/install/turtle_dekart_control_interface/share/turtle_dekart_control_interface/cmake/ament_cmake_export_include_directories-extras.cmake
[3.071s] -- Up-to-date: /home/za1van/ros2_ws/src/install/turtle_dekart_control_interface/share/turtle_dekart_control_interface/cmake/ament_cmake_export_libraries-extras.cmake
[3.071s] -- Up-to-date: /home/za1van/ros2_ws/src/install/turtle_dekart_control_interface/share/turtle_dekart_control_interface/cmake/ament_cmake_export_targets-extras.cmake
[3.072s] -- Up-to-date: /home/za1van/ros2_ws/src/install/turtle_dekart_control_interface/share/turtle_dekart_control_interface/cmake/rosidl_cmake_export_typesupport_targets-extras.cmake
[3.072s] -- Up-to-date: /home/za1van/ros2_ws/src/install/turtle_dekart_control_interface/share/turtle_dekart_control_interface/cmake/ament_cmake_export_dependencies-extras.cmake
[3.072s] -- Up-to-date: /home/za1van/ros2_ws/src/install/turtle_dekart_control_interface/share/turtle_dekart_control_interface/cmake/rosidl_cmake_export_typesupport_libraries-extras.cmake
[3.072s] -- Up-to-date: /home/za1van/ros2_ws/src/install/turtle_dekart_control_interface/share/turtle_dekart_control_interface/cmake/turtle_dekart_control_interfaceConfig.cmake
[3.072s] -- Up-to-date: /home/za1van/ros2_ws/src/install/turtle_dekart_control_interface/share/turtle_dekart_control_interface/cmake/turtle_dekart_control_interfaceConfig-version.cmake
[3.072s] -- Up-to-date: /home/za1van/ros2_ws/src/install/turtle_dekart_control_interface/share/turtle_dekart_control_interface/package.xml
[3.085s] Invoked command in '/home/za1van/ros2_ws/src/build/turtle_dekart_control_interface' returned '0': CMAKE_PREFIX_PATH=${CMAKE_PREFIX_PATH}:/home/za1van/ros2_ws/src/install/my_turtle_controller:/home/za1van/ros2_ws/src/install/my_service_server:/home/za1van/ros2_ws/src/install/my_service_client:/home/za1van/ros2_ws/src/install/3t:/home/za1van/ros2_ws/install/my_calculate_action:/home/za1van/ros2_ws/install/my_turtle_controller:/home/za1van/ros2_ws/install/my_service_server:/home/za1van/ros2_ws/install/my_service_client:/home/za1van/ros2_ws/install/my_project_start:/home/za1van/ros2_ws/install/3t:/opt/ros/jazzy DEBUGINFOD_URLS=https://debuginfod.ubuntu.com /usr/bin/cmake --install /home/za1van/ros2_ws/src/build/turtle_dekart_control_interface
