[3.195s] Invoking command in '/home/za1van/ros2_ws/src/my_calculate_action': DEBUGINFOD_URLS=https://debuginfod.ubuntu.com PYTHONPATH=/home/za1van/ros2_ws/build/my_calculate_action/prefix_override:/usr/lib/python3/dist-packages/colcon_core/task/python/colcon_distutils_commands:/home/za1van/ros2_ws/install/my_calculate_action/lib/python3.12/site-packages:${PYTHONPATH} /usr/bin/python3 -W ignore:setup.py install is deprecated -W ignore:easy_install command is deprecated setup.py egg_info --egg-base ../../build/my_calculate_action build --build-base /home/za1van/ros2_ws/build/my_calculate_action/build install --record /home/za1van/ros2_ws/build/my_calculate_action/install.log --single-version-externally-managed install_data
[3.845s] running egg_info
[3.893s] writing ../../build/my_calculate_action/my_calculate_action.egg-info/PKG-INFO
[3.894s] writing dependency_links to ../../build/my_calculate_action/my_calculate_action.egg-info/dependency_links.txt
[3.894s] writing entry points to ../../build/my_calculate_action/my_calculate_action.egg-info/entry_points.txt
[3.894s] writing requirements to ../../build/my_calculate_action/my_calculate_action.egg-info/requires.txt
[3.895s] writing top-level names to ../../build/my_calculate_action/my_calculate_action.egg-info/top_level.txt
[3.995s] reading manifest file '../../build/my_calculate_action/my_calculate_action.egg-info/SOURCES.txt'
[3.996s] writing manifest file '../../build/my_calculate_action/my_calculate_action.egg-info/SOURCES.txt'
[3.996s] running build
[3.996s] running build_py
[3.996s] running install
[4.012s] running install_lib
[4.062s] running install_data
[4.062s] running install_egg_info
[4.113s] removing '/home/za1van/ros2_ws/install/my_calculate_action/lib/python3.12/site-packages/my_calculate_action-0.0.0-py3.12.egg-info' (and everything under it)
[4.114s] Copying ../../build/my_calculate_action/my_calculate_action.egg-info to /home/za1van/ros2_ws/install/my_calculate_action/lib/python3.12/site-packages/my_calculate_action-0.0.0-py3.12.egg-info
[4.115s] running install_scripts
[4.441s] Installing calculate_action_client script to /home/za1van/ros2_ws/install/my_calculate_action/lib/my_calculate_action
[4.444s] Installing calculate_action_server script to /home/za1van/ros2_ws/install/my_calculate_action/lib/my_calculate_action
[4.444s] Installing number_publisher script to /home/za1van/ros2_ws/install/my_calculate_action/lib/my_calculate_action
[4.444s] writing list of installed files to '/home/za1van/ros2_ws/build/my_calculate_action/install.log'
[4.502s] Invoked command in '/home/za1van/ros2_ws/src/my_calculate_action' returned '0': DEBUGINFOD_URLS=https://debuginfod.ubuntu.com PYTHONPATH=/home/za1van/ros2_ws/build/my_calculate_action/prefix_override:/usr/lib/python3/dist-packages/colcon_core/task/python/colcon_distutils_commands:/home/za1van/ros2_ws/install/my_calculate_action/lib/python3.12/site-packages:${PYTHONPATH} /usr/bin/python3 -W ignore:setup.py install is deprecated -W ignore:easy_install command is deprecated setup.py egg_info --egg-base ../../build/my_calculate_action build --build-base /home/za1van/ros2_ws/build/my_calculate_action/build install --record /home/za1van/ros2_ws/build/my_calculate_action/install.log --single-version-externally-managed install_data
